2025-09-11 04:03:10 INFO  (LoggingInitialization) Using log config file: jar:file:/Applications/ghidra_11.0.3_PUBLIC/Ghidra/Framework/Generic/lib/Generic.jar!/generic.log4j.xml  
2025-09-11 04:03:10 INFO  (LoggingInitialization) Using log file: /Users/chenkexin/Desktop/kk/test_taint/logs/age_googlenet_mnn_gcc_O0_headless_analysis.log  
2025-09-11 04:03:10 INFO  (Preferences) Loading user preferences: /Users/chenkexin/.ghidra/.ghidra_11.0.3_PUBLIC/preferences  
2025-09-11 04:03:10 INFO  (Preferences) Loading previous preferences: /Users/chenkexin/.ghidra/.ghidra_10.4_PUBLIC/preferences  
2025-09-11 04:03:10 INFO  (ClassSearcher) Searching for classes...  
2025-09-11 04:03:11 INFO  (ClassSearcher) Class search complete (1630 ms)  
2025-09-11 04:03:11 INFO  (SSLContextInitializer) Initializing SSL Context  
2025-09-11 04:03:11 INFO  (SecureRandomFactory) Initializing Random Number Generator...  
2025-09-11 04:03:11 INFO  (SecureRandomFactory) Random Number Generator initialization complete: NativePRNGNonBlocking  
2025-09-11 04:03:11 INFO  (ApplicationTrustManagerFactory) Trust manager disabled, cacerts have not been set  
2025-09-11 04:03:12 INFO  (HeadlessAnalyzer) HEADLESS Script Paths:
    /Applications/ghidra_11.0.3_PUBLIC/Ghidra/Processors/8051/ghidra_scripts
    /Applications/ghidra_11.0.3_PUBLIC/Ghidra/Features/FileFormats/ghidra_scripts
    /Applications/ghidra_11.0.3_PUBLIC/Ghidra/Features/Base/ghidra_scripts
    /Applications/ghidra_11.0.3_PUBLIC/Ghidra/Features/Python/ghidra_scripts
    /Applications/ghidra_11.0.3_PUBLIC/Ghidra/Features/GnuDemangler/ghidra_scripts
    /Applications/ghidra_11.0.3_PUBLIC/Ghidra/Features/SystemEmulation/ghidra_scripts
    /Applications/ghidra_11.0.3_PUBLIC/Ghidra/Features/MicrosoftCodeAnalyzer/ghidra_scripts
    /Applications/ghidra_11.0.3_PUBLIC/Ghidra/Features/BytePatterns/ghidra_scripts
    /Applications/ghidra_11.0.3_PUBLIC/Ghidra/Features/Decompiler/ghidra_scripts
    /Applications/ghidra_11.0.3_PUBLIC/Ghidra/Processors/Atmel/ghidra_scripts
    /Applications/ghidra_11.0.3_PUBLIC/Ghidra/Debug/Debugger-agent-frida/ghidra_scripts
    /Applications/ghidra_11.0.3_PUBLIC/Ghidra/Features/FunctionID/ghidra_scripts
    /Applications/ghidra_11.0.3_PUBLIC/Ghidra/Processors/JVM/ghidra_scripts
    /Applications/ghidra_11.0.3_PUBLIC/Ghidra/Processors/PIC/ghidra_scripts
    /Applications/ghidra_11.0.3_PUBLIC/Ghidra/Features/BSim/ghidra_scripts
    /Applications/ghidra_11.0.3_PUBLIC/Ghidra/Features/PDB/ghidra_scripts
    /Applications/ghidra_11.0.3_PUBLIC/Ghidra/Processors/DATA/ghidra_scripts
    /Users/chenkexin/ghidra_scripts
    /Users/chenkexin/Desktop/kk/test_taint
    /Applications/ghidra_11.0.3_PUBLIC/Ghidra/Debug/Debugger-agent-dbgmodel-traceloader/ghidra_scripts
    /Applications/ghidra_11.0.3_PUBLIC/Ghidra/Debug/Debugger-rmi-trace/ghidra_scripts
    /Applications/ghidra_11.0.3_PUBLIC/Ghidra/Features/VersionTracking/ghidra_scripts
    /Applications/ghidra_11.0.3_PUBLIC/Ghidra/Debug/Debugger/ghidra_scripts  
2025-09-11 04:03:12 INFO  (HeadlessAnalyzer) HEADLESS: execution starts  
2025-09-11 04:03:12 INFO  (HeadlessAnalyzer) Opening existing project: /Users/chenkexin/Desktop/kk/test_taint/ghidra_projects/all_binaries_analysis  
2025-09-11 04:03:12 INFO  (HeadlessProject) Opening project: /Users/chenkexin/Desktop/kk/test_taint/ghidra_projects/all_binaries_analysis  
2025-09-11 04:03:12 INFO  (HeadlessAnalyzer) REPORT: Processing input files:   
2025-09-11 04:03:12 INFO  (HeadlessAnalyzer)      project: /Users/chenkexin/Desktop/kk/test_taint/ghidra_projects/all_binaries_analysis  
2025-09-11 04:03:12 INFO  (HeadlessAnalyzer) IMPORTING: file:///Users/chenkexin/Desktop/kk/test_taint/assets/merged_bin/age_googlenet_mnn_gcc_O0  
2025-09-11 04:03:15 INFO  (AutoImporter) Using Loader: Executable and Linking Format (ELF)  
2025-09-11 04:03:15 INFO  (AutoImporter) Using Language/Compiler: AARCH64:LE:64:v8A:default  
2025-09-11 04:03:15 DEBUG (ElfHeader) Elf symbol table section .dynsym linked to string table section .dynstr  
2025-09-11 04:03:15 DEBUG (ElfHeader) Elf symbol table section .symtab linked to string table section .strtab  
2025-09-11 04:03:15 DEBUG (ElfHeader) Elf relocation table section .rela.dyn linked to symbol table section .dynsym affecting PT_LOAD  
2025-09-11 04:03:15 DEBUG (ElfHeader) Elf relocation table section .rela.plt linked to symbol table section .dynsym affecting .got  
2025-09-11 04:03:15 DEBUG (ElfProgramBuilder) Discarding 1-byte alignment/filler segment_2.3 at 00100253  
2025-09-11 04:03:15 DEBUG (ElfProgramBuilder) Discarding 4-byte alignment/filler segment_2.7 at 001002d4  
2025-09-11 04:03:15 DEBUG (ElfProgramBuilder) Discarding 1-byte alignment/filler segment_2.10 at 001016b7  
2025-09-11 04:03:15 DEBUG (ElfProgramBuilder) Discarding 6-byte alignment/filler segment_2.12 at 00101752  
2025-09-11 04:03:15 DEBUG (ElfProgramBuilder) Discarding 8-byte alignment/filler segment_2.17 at 00102298  
2025-09-11 04:03:15 DEBUG (ElfProgramBuilder) Discarding 16-byte alignment/filler segment_2.19 at 00102670  
2025-09-11 04:03:15 DEBUG (ElfProgramBuilder) Discarding 4-byte alignment/filler segment_2.22 at 00104f74  
2025-09-11 04:03:15 DEBUG (ElfProgramBuilder) Discarding 1-byte alignment/filler segment_2.24 at 001051c7  
2025-09-11 04:03:15 DEBUG (ElfProgramBuilder) Discarding 4-byte alignment/filler segment_2.26 at 0010565c  
2025-09-11 04:03:16 WARN  (ElfRelocationHandler) EXTERNAL Data Elf Relocation with offset: at 0011fae0 (External Location = _ZTVN10__cxxabiv120__si_class_type_infoE+0x10)  
2025-09-11 04:03:16 WARN  (ElfRelocationHandler) EXTERNAL Data Elf Relocation with offset: at 0011faf8 (External Location = _ZTVN10__cxxabiv120__si_class_type_infoE+0x10)  
2025-09-11 04:03:16 WARN  (ElfRelocationHandler) EXTERNAL Data Elf Relocation with offset: at 0011fb10 (External Location = _ZTVN10__cxxabiv120__si_class_type_infoE+0x10)  
2025-09-11 04:03:16 WARN  (ElfRelocationHandler) EXTERNAL Data Elf Relocation with offset: at 0011fb28 (External Location = _ZTVN10__cxxabiv120__si_class_type_infoE+0x10)  
2025-09-11 04:03:16 WARN  (ElfRelocationHandler) EXTERNAL Data Elf Relocation with offset: at 0011fb40 (External Location = _ZTVN10__cxxabiv117__class_type_infoE+0x10)  
2025-09-11 04:03:17 INFO  (HeadlessAnalyzer) IMPORTING: Loaded 0 additional files  
2025-09-11 04:03:17 INFO  (HeadlessAnalyzer) ANALYZING all memory and code: file:///Users/chenkexin/Desktop/kk/test_taint/assets/merged_bin/age_googlenet_mnn_gcc_O0  
2025-09-11 04:03:17 ERROR (DWARFAnalyzer) Error during DWARFAnalyzer import:  ghidra.app.util.bin.format.dwarf4.DWARFException: Only DWARF version 2, 3, or 4 information is currently supported (detected 5).
	at ghidra.app.util.bin.format.dwarf4.DWARFCompilationUnit.readCompilationUnit(DWARFCompilationUnit.java:155)
	at ghidra.app.util.bin.format.dwarf4.next.DWARFProgram.bootstrapCompilationUnits(DWARFProgram.java:629)
	at ghidra.app.util.bin.format.dwarf4.next.DWARFProgram.<init>(DWARFProgram.java:262)
	at ghidra.app.plugin.core.analysis.DWARFAnalyzer.added(DWARFAnalyzer.java:109)
	at ghidra.app.plugin.core.analysis.AnalysisScheduler.runAnalyzer(AnalysisScheduler.java:186)
	at ghidra.app.plugin.core.analysis.AnalysisTask.applyTo(AnalysisTask.java:39)
	at ghidra.app.plugin.core.analysis.AutoAnalysisManager$AnalysisTaskWrapper.run(AutoAnalysisManager.java:686)
	at ghidra.app.plugin.core.analysis.AutoAnalysisManager.startAnalysis(AutoAnalysisManager.java:786)
	at ghidra.app.plugin.core.analysis.AutoAnalysisManager.startAnalysis(AutoAnalysisManager.java:665)
	at ghidra.app.plugin.core.analysis.AutoAnalysisManager.startAnalysis(AutoAnalysisManager.java:630)
	at ghidra.app.util.headless.HeadlessAnalyzer.analyzeProgram(HeadlessAnalyzer.java:1029)
	at ghidra.app.util.headless.HeadlessAnalyzer.processFileWithImport(HeadlessAnalyzer.java:1552)
	at ghidra.app.util.headless.HeadlessAnalyzer.processWithLoader(HeadlessAnalyzer.java:1734)
	at ghidra.app.util.headless.HeadlessAnalyzer.processWithImport(HeadlessAnalyzer.java:1675)
	at ghidra.app.util.headless.HeadlessAnalyzer.processWithImport(HeadlessAnalyzer.java:1759)
	at ghidra.app.util.headless.HeadlessAnalyzer.processLocal(HeadlessAnalyzer.java:460)
	at ghidra.app.util.headless.AnalyzeHeadless.launch(AnalyzeHeadless.java:127)
	at ghidra.GhidraLauncher.launch(GhidraLauncher.java:78)
	at ghidra.Ghidra.main(Ghidra.java:54)
 
2025-09-11 04:03:20 INFO  (PackedDatabaseCache) Packed database cache: /var/folders/kn/fw_2jn054bq5f73czrm_91nc0000gn/T/chenkexin-Ghidra/packed-db-cache  
2025-09-11 04:03:20 DEBUG (PackedDatabaseCache) Using cached packed database: /Applications/ghidra_11.0.3_PUBLIC/Ghidra/Features/Base/data/typeinfo/generic/generic_clib_64.gdt  
2025-09-11 04:03:21 INFO  (ApplyDataArchiveAnalyzer) Applied data type archive: generic_clib_64  
2025-09-11 04:03:22 WARN  (DemangledAddressTable) Unable to fully apply external demangled Address Table at 00121040: __cxxabiv1::__class_type_info::vtable  
2025-09-11 04:03:22 WARN  (DemangledAddressTable) Unable to fully apply external demangled Address Table at 001211d8: __cxxabiv1::__si_class_type_info::vtable  
2025-09-11 04:03:24 INFO  (AutoAnalysisManager) -----------------------------------------------------
    AARCH64 ELF PLT Thunks                     0.274 secs
    ASCII Strings                              0.286 secs
    Apply Data Archives                        1.315 secs
    Basic Constant Reference Analyzer          0.828 secs
    Call Convention ID                         0.729 secs
    Call-Fixup Installer                       0.019 secs
    Create Address Tables                      0.040 secs
    Create Address Tables - One Time           0.015 secs
    Create Function                            0.000 secs
    DWARF                                      0.059 secs
    Data Reference                             0.037 secs
    Decompiler Switch Analysis                 0.156 secs
    Demangler GNU                              0.716 secs
    Disassemble Entry Points                   0.148 secs
    Embedded Media                             0.017 secs
    External Entry References                  0.001 secs
    Function Start Search                      0.093 secs
    Function Start Search After Code           0.069 secs
    Function Start Search After Data           0.015 secs
    Function Start Search delayed - One Time   0.007 secs
    GCC Exception Handlers                     1.278 secs
    Non-Returning Functions - Discovered       0.021 secs
    Non-Returning Functions - Known            0.028 secs
    Reference                                  0.113 secs
    Shared Return Calls                        0.035 secs
    Stack                                      0.512 secs
    Subroutine References                      0.028 secs
-----------------------------------------------------
     Total Time   6 secs
-----------------------------------------------------
  
2025-09-11 04:03:24 INFO  (HeadlessAnalyzer) REPORT: Analysis succeeded for file: file:///Users/chenkexin/Desktop/kk/test_taint/assets/merged_bin/age_googlenet_mnn_gcc_O0  
2025-09-11 04:03:24 INFO  (HeadlessAnalyzer) SCRIPT: /Users/chenkexin/Desktop/kk/test_taint/mnn_analyzer.py  
2025-09-11 04:03:29 INFO  (GhidraScript) mnn_analyzer.py> INFO: Searching for functions, thunks, and call sites related to keywords: ['getSessionOutput']  
2025-09-11 04:03:29 INFO  (GhidraScript) mnn_analyzer.py> INFO: Found function 'getSessionOutput'. Searching for its thunks.  
2025-09-11 04:03:29 INFO  (GhidraScript) mnn_analyzer.py> INFO: Found thunk 'getSessionOutput' at 00102480 for function.  
2025-09-11 04:03:29 INFO  (GhidraScript) mnn_analyzer.py> INFO: Found thunk 'getSessionOutput' at 00121118 for function.  
2025-09-11 04:03:29 INFO  (GhidraScript) mnn_analyzer.py> INFO: Found 2 unique call sites. Analyzing each...  
2025-09-11 04:03:29 INFO  (GhidraScript) mnn_analyzer.py> 
--- Starting Stage 1 Taint Analysis from '['getSessionOutput']' call sites ---  
2025-09-11 04:03:29 INFO  (GhidraScript) mnn_analyzer.py> 
--- Analyzing Call Site #1057932 at 0010248c ---  
2025-09-11 04:03:29 INFO  (GhidraScript) mnn_analyzer.py> DEBUG: Parent (caller): getSessionOutput at 00102480  
2025-09-11 04:03:29 INFO  (GhidraScript) mnn_analyzer.py> INFO: Call at 0010248c has no output varnode. Nothing to taint. Skipping.  
2025-09-11 04:03:29 INFO  (GhidraScript) mnn_analyzer.py> 
--- Analyzing Call Site #1059772 at 00102bbc ---  
2025-09-11 04:03:29 INFO  (GhidraScript) mnn_analyzer.py> DEBUG: Parent (caller): main at 001027d8  
2025-09-11 04:03:30 INFO  (GhidraScript) mnn_analyzer.py> 
--- Initiating Taint Analysis for: main (call at 00102bbc) ---  
2025-09-11 04:03:30 INFO  (GhidraScript) mnn_analyzer.py> DEBUG: Taint source is the return value of the call: UNNAMED(UniquePcode[0x1000080f])  
2025-09-11 04:03:30 INFO  (GhidraScript) mnn_analyzer.py> \n>>> Analyzing function: main (Depth: 0) at 001027d8 (Originating from: ['getSessionOutput']) with initial taints: UNNAMED(UniquePcode[0x1000080f])  
2025-09-11 04:03:30 INFO  (GhidraScript) mnn_analyzer.py>   - [STACK_SEARCH.0] Analyzing varnode: (unique, 0x1000080f, 8)  
2025-09-11 04:03:30 INFO  (GhidraScript) mnn_analyzer.py>   - [STACK_SEARCH.0] Details: isAddress=0, addr=unique:1000080f, isStackAddress=0  
2025-09-11 04:03:30 INFO  (GhidraScript) mnn_analyzer.py>   - [STACK_SEARCH.0] Def P-Code Op: (unique, 0x1000080f, 8) CALL (ram, 0x102480, 8) , (register, 0x4000, 8) , (stack, 0xfffffffffffffd68, 8)  
2025-09-11 04:03:30 INFO  (GhidraScript) mnn_analyzer.py>   - [STACK_SEARCH.0] Mnemonic 'CALL' is not a handled case. Aborting path.  
2025-09-11 04:03:30 INFO  (GhidraScript) mnn_analyzer.py> \nDEBUG: Reached specified start PcodeOp (unique, 0x1000080f, 8) CALL (ram, 0x102480, 8) , (register, 0x4000, 8) , (stack, 0xfffffffffffffd68, 8) at 00102bbc in main, subsequent ops will be processed.  
2025-09-11 04:03:30 INFO  (GhidraScript) mnn_analyzer.py> DEBUG: [main @ 00102bbc] Taint propagated from UNNAMED(UniquePcode[0x1000080f]) to local_288(StackDirect[Stack[-0x288]]) via CAST.  
2025-09-11 04:03:30 INFO  (GhidraScript) mnn_analyzer.py> INFO: [MNN_RULE] Found call to 'Tensor' with a tainted argument.  
2025-09-11 04:03:30 INFO  (GhidraScript) mnn_analyzer.py> DEBUG: [MNN_RULE] Tracing `this` pointer... At VN: (register, 0x4000, 8), Def_Op: (register, 0x4000, 8) CAST (unique, 0x10000817, 8)  
2025-09-11 04:03:30 INFO  (GhidraScript) mnn_analyzer.py> DEBUG: [MNN_RULE] Tracing `this` pointer... At VN: (unique, 0x10000817, 8), Def_Op: (unique, 0x10000817, 8) CALL (ram, 0x102450, 8) , (const, 0x48, 8)  
2025-09-11 04:03:30 INFO  (GhidraScript) mnn_analyzer.py> WARN: [MNN_RULE] Traceback stopped. Encountered non-traversable op: CALL  
2025-09-11 04:03:30 INFO  (GhidraScript) mnn_analyzer.py> WARN: [MNN_RULE] Could not find PTRADD/INT_ADD origin for `this` pointer within 5 steps.  
2025-09-11 04:03:30 INFO  (GhidraScript) mnn_analyzer.py> \n>>> Analyzing function: Tensor (Depth: 1) at 001023b0 (Originating from: ['getSessionOutput']) with initial taints: param_1(x1)  
2025-09-11 04:03:30 INFO  (GhidraScript) mnn_analyzer.py>   - [STACK_SEARCH.0] Analyzing varnode: (register, 0x4008, 8)  
2025-09-11 04:03:30 INFO  (GhidraScript) mnn_analyzer.py>   - [STACK_SEARCH.0] Details: isAddress=0, addr=register:00004008, isStackAddress=0  
2025-09-11 04:03:30 INFO  (GhidraScript) mnn_analyzer.py>   - [STACK_SEARCH.0] No defining p-code op found. Aborting path.  
2025-09-11 04:03:30 INFO  (GhidraScript) mnn_analyzer.py> DEBUG: Starting taint analysis from the beginning of function Tensor.  
2025-09-11 04:03:30 INFO  (GhidraScript) mnn_analyzer.py> INFO: [MNN_RULE] Found call to 'Tensor' with a tainted argument.  
2025-09-11 04:03:30 INFO  (GhidraScript) mnn_analyzer.py> WARN: [MNN_RULE] Traceback stopped. Varnode has no defining op: (register, 0x4000, 8)  
2025-09-11 04:03:30 INFO  (GhidraScript) mnn_analyzer.py> WARN: [MNN_RULE] Could not find PTRADD/INT_ADD origin for `this` pointer within 5 steps.  
2025-09-11 04:03:30 WARN  (DecompileCallback) Decompiling 00121088, pcode error at 00121088: Unable to disassemble EXTERNAL block location: 00121088  
2025-09-11 04:03:30 INFO  (GhidraScript) mnn_analyzer.py> \n>>> Analyzing function: Tensor (Depth: 2) at 00121088 (Originating from: ['getSessionOutput']) with initial taints: param_1(x1)  
2025-09-11 04:03:30 INFO  (GhidraScript) mnn_analyzer.py>   - [STACK_SEARCH.0] Analyzing varnode: (register, 0x4008, 8)  
2025-09-11 04:03:30 INFO  (GhidraScript) mnn_analyzer.py>   - [STACK_SEARCH.0] Details: isAddress=0, addr=register:00004008, isStackAddress=0  
2025-09-11 04:03:30 INFO  (GhidraScript) mnn_analyzer.py>   - [STACK_SEARCH.0] No defining p-code op found. Aborting path.  
2025-09-11 04:03:30 INFO  (GhidraScript) mnn_analyzer.py> DEBUG: Starting taint analysis from the beginning of function Tensor.  
2025-09-11 04:03:30 INFO  (GhidraScript) mnn_analyzer.py> <<< Finished analyzing function: Tensor.  
2025-09-11 04:03:30 INFO  (GhidraScript) mnn_analyzer.py> <<< Finished analyzing function: Tensor.  
2025-09-11 04:03:30 INFO  (GhidraScript) mnn_analyzer.py> DEBUG: [main @ 00102bfc] Taint propagated from local_288(StackDirect[Stack[-0x288]]) to pTVar9(x0) via COPY.  
2025-09-11 04:03:30 INFO  (GhidraScript) mnn_analyzer.py> INFO: [RULE copyToHostTensor] Detected call to 'copyToHostTensor' with tainted arguments.  
2025-09-11 04:03:30 INFO  (GhidraScript) mnn_analyzer.py> INFO: [RULE copyToHostTensor] Call has no return value to taint.  
2025-09-11 04:03:30 INFO  (GhidraScript) mnn_analyzer.py> DEBUG: [LOAD_HANDLER] Checking LOAD op at 00102c9c. Address varnode: (register, 0x4000, 8)  
2025-09-11 04:03:30 INFO  (GhidraScript) mnn_analyzer.py> DEBUG: [LOAD_HANDLER] POINTER_RULE FAIL: Address varnode local_270(StackDirect[Stack[-0x270]]) is not tainted (recursive check).  
2025-09-11 04:03:30 INFO  (GhidraScript) mnn_analyzer.py> DEBUG: [LOAD_HANDLER] REGION_RULE FAIL: Address pointer local_270(StackDirect[Stack[-0x270]]) is not in the tainted memory regions set.  
2025-09-11 04:03:30 INFO  (GhidraScript) mnn_analyzer.py> DEBUG: [CBRANCH] Found defining op for condition: (register, 0x108, 1) INT_NOTEQUAL (register, 0x4000, 4) , (const, 0x5, 4)  
2025-09-11 04:03:30 INFO  (GhidraScript) mnn_analyzer.py> INFO: [main @ 00102cbc] Taint reached CBRANCH. Operands: ['UNNAMED(w0)', 'UnnamedHighVar(Constant: 0x5)'].   
2025-09-11 04:03:30 INFO  (GhidraScript) mnn_analyzer.py> DEBUG: [CBRANCH] Found defining op for condition: (unique, 0x1400, 1) FLOAT_LESSEQUAL (register, 0x5000, 4) , (const, 0x3f000000, 4)  
2025-09-11 04:03:30 INFO  (GhidraScript) mnn_analyzer.py> INFO: [main @ 00102ccc] Taint reached CBRANCH. Operands: ['UNNAMED(s0)', 'UnnamedHighVar(Constant: 0x3f000000)'].   
2025-09-11 04:03:30 INFO  (GhidraScript) mnn_analyzer.py> DEBUG: [CBRANCH] Found defining op for condition: (register, 0x108, 1) INT_NOTEQUAL (unique, 0x3e480, 8) , (const, 0x0, 8)  
2025-09-11 04:03:30 INFO  (GhidraScript) mnn_analyzer.py> INFO: [main @ 00102d50] Taint reached CBRANCH. Operands: ['UNNAMED(UniquePcode[0x3e480])', 'UnnamedHighVar(Constant: 0x0)'].   
2025-09-11 04:03:30 INFO  (GhidraScript) mnn_analyzer.py> DEBUG: [main @ 00102eb8] Analyzing potential tainted RETURN with value: UNNAMED(x0) (Tainted: 0)  
2025-09-11 04:03:30 INFO  (GhidraScript) mnn_analyzer.py>     [DEBUG] --- Taint Check Details (RETURN FAILED) ---  
2025-09-11 04:03:30 INFO  (GhidraScript) mnn_analyzer.py>     [DEBUG]   > Return Varnode: (register, 0x4000, 8) (Size: 8, Def: (register, 0x4000, 8) COPY (register, 0x4098, 8) at 00102ea4)  
2025-09-11 04:03:30 INFO  (GhidraScript) mnn_analyzer.py>     [DEBUG]   > Currently Tainted HighVariables in this function:  
2025-09-11 04:03:30 INFO  (GhidraScript) mnn_analyzer.py>     [DEBUG]     1. UNNAMED(UniquePcode[0x1000080f])  
2025-09-11 04:03:30 INFO  (GhidraScript) mnn_analyzer.py>     [DEBUG]     2. local_288(StackDirect[Stack[-0x288]])  
2025-09-11 04:03:30 INFO  (GhidraScript) mnn_analyzer.py>     [DEBUG]     3. pTVar9(x0)  
2025-09-11 04:03:30 INFO  (GhidraScript) mnn_analyzer.py>     [DEBUG] ---------------------------------  
2025-09-11 04:03:30 INFO  (GhidraScript) mnn_analyzer.py> <<< Finished analyzing function: main.  
2025-09-11 04:03:30 INFO  (GhidraScript) mnn_analyzer.py> 
--- Stage 1 Complete. Checking for pending multi-stage analysis tasks... ---  
2025-09-11 04:03:30 INFO  (GhidraScript) mnn_analyzer.py> --- No multi-stage analysis tasks were queued. ---  
2025-09-11 04:03:30 INFO  (GhidraScript) mnn_analyzer.py> 
--- Taint Analysis Run Complete ---  
2025-09-11 04:03:30 INFO  (GhidraScript) mnn_analyzer.py> \n--- All Detected Tainted Value Usages (Interprocedural) ---  
2025-09-11 04:03:30 INFO  (GhidraScript) mnn_analyzer.py> Usage #1:  
2025-09-11 04:03:30 INFO  (GhidraScript) mnn_analyzer.py>   Originating Lib Call: ['getSessionOutput']  
2025-09-11 04:03:30 INFO  (GhidraScript) mnn_analyzer.py>   Found In Function:   main at 001027d8  
2025-09-11 04:03:30 INFO  (GhidraScript) mnn_analyzer.py>   Instruction Address: 00102bec  
2025-09-11 04:03:30 INFO  (GhidraScript) mnn_analyzer.py>     PCode Op:             ---  CALL (ram, 0x1023b0, 8) , (register, 0x4000, 8) , (stack, 0xfffffffffffffd78, 8) , (register, 0x4000, 4) , (const, 0x1, 1)  
2025-09-11 04:03:30 INFO  (GhidraScript) mnn_analyzer.py>     Usage Type:          TAINTED_ARG_TO_CALL_RECURSION  
2025-09-11 04:03:30 INFO  (GhidraScript) mnn_analyzer.py>     Details:             Recursive call to Tensor (CALL) with taints: param_1(x1).  
2025-09-11 04:03:30 INFO  (GhidraScript) mnn_analyzer.py> ----------------------------------------  
2025-09-11 04:03:30 INFO  (GhidraScript) mnn_analyzer.py> Usage #2:  
2025-09-11 04:03:30 INFO  (GhidraScript) mnn_analyzer.py>   Originating Lib Call: ['getSessionOutput']  
2025-09-11 04:03:30 INFO  (GhidraScript) mnn_analyzer.py>   Found In Function:   Tensor at 001023b0  
2025-09-11 04:03:30 INFO  (GhidraScript) mnn_analyzer.py>   Instruction Address: 001023bc  
2025-09-11 04:03:30 INFO  (GhidraScript) mnn_analyzer.py>     PCode Op:             ---  CALL (ram, 0x121088, 8) , (register, 0x4000, 8) , (register, 0x4008, 8) , (register, 0x4010, 4) , (register, 0x4018, 1)  
2025-09-11 04:03:30 INFO  (GhidraScript) mnn_analyzer.py>     Usage Type:          TAINTED_ARG_TO_CALL_RECURSION  
2025-09-11 04:03:30 INFO  (GhidraScript) mnn_analyzer.py>     Details:             Recursive call to Tensor (CALL) with taints: param_1(x1).  
2025-09-11 04:03:30 INFO  (GhidraScript) mnn_analyzer.py> ----------------------------------------  
2025-09-11 04:03:30 INFO  (GhidraScript) mnn_analyzer.py> Usage #3:  
2025-09-11 04:03:30 INFO  (GhidraScript) mnn_analyzer.py>   Originating Lib Call: ['getSessionOutput']  
2025-09-11 04:03:30 INFO  (GhidraScript) mnn_analyzer.py>   Found In Function:   main at 001027d8  
2025-09-11 04:03:30 INFO  (GhidraScript) mnn_analyzer.py>   Instruction Address: 00102cbc  
2025-09-11 04:03:30 INFO  (GhidraScript) mnn_analyzer.py>     PCode Op:             ---  CBRANCH (ram, 0x102ce4, 1) , (register, 0x108, 1)  
2025-09-11 04:03:30 INFO  (GhidraScript) mnn_analyzer.py>     Usage Type:          BRANCH_CONDITION_TAINTED  
2025-09-11 04:03:30 INFO  (GhidraScript) mnn_analyzer.py>     Tainted Component:   UNNAMED(tmpZR)  
2025-09-11 04:03:30 INFO  (GhidraScript) mnn_analyzer.py>     Details:             Tainted condition for branch.  
2025-09-11 04:03:30 INFO  (GhidraScript) mnn_analyzer.py> ----------------------------------------  
2025-09-11 04:03:30 INFO  (GhidraScript) mnn_analyzer.py> Usage #4:  
2025-09-11 04:03:30 INFO  (GhidraScript) mnn_analyzer.py>   Originating Lib Call: ['getSessionOutput']  
2025-09-11 04:03:30 INFO  (GhidraScript) mnn_analyzer.py>   Found In Function:   main at 001027d8  
2025-09-11 04:03:30 INFO  (GhidraScript) mnn_analyzer.py>   Instruction Address: 00102ccc  
2025-09-11 04:03:30 INFO  (GhidraScript) mnn_analyzer.py>     PCode Op:             ---  CBRANCH (ram, 0x102cd4, 1) , (unique, 0x1400, 1)  
2025-09-11 04:03:30 INFO  (GhidraScript) mnn_analyzer.py>     Usage Type:          BRANCH_CONDITION_TAINTED  
2025-09-11 04:03:30 INFO  (GhidraScript) mnn_analyzer.py>     Tainted Component:   UNNAMED(UniquePcode[0x1400])  
2025-09-11 04:03:30 INFO  (GhidraScript) mnn_analyzer.py>     Details:             Tainted condition for branch.  
2025-09-11 04:03:30 INFO  (GhidraScript) mnn_analyzer.py> ----------------------------------------  
2025-09-11 04:03:30 INFO  (GhidraScript) mnn_analyzer.py> Usage #5:  
2025-09-11 04:03:30 INFO  (GhidraScript) mnn_analyzer.py>   Originating Lib Call: ['getSessionOutput']  
2025-09-11 04:03:30 INFO  (GhidraScript) mnn_analyzer.py>   Found In Function:   main at 001027d8  
2025-09-11 04:03:30 INFO  (GhidraScript) mnn_analyzer.py>   Instruction Address: 00102d50  
2025-09-11 04:03:30 INFO  (GhidraScript) mnn_analyzer.py>     PCode Op:             ---  CBRANCH (ram, 0x102ea4, 1) , (register, 0x108, 1)  
2025-09-11 04:03:30 INFO  (GhidraScript) mnn_analyzer.py>     Usage Type:          BRANCH_CONDITION_TAINTED  
2025-09-11 04:03:30 INFO  (GhidraScript) mnn_analyzer.py>     Tainted Component:   UNNAMED(tmpZR)  
2025-09-11 04:03:30 INFO  (GhidraScript) mnn_analyzer.py>     Details:             Tainted condition for branch.  
2025-09-11 04:03:30 INFO  (GhidraScript) mnn_analyzer.py> ----------------------------------------  
2025-09-11 04:03:30 INFO  (GhidraScript) mnn_analyzer.py> INFO: TAINT_ANALYSIS_JSON_OUTPUT env var found. Saving results to: /Users/chenkexin/Desktop/kk/test_taint/results/age_googlenet_mnn_gcc_O0_taint_analysis_results.json  
2025-09-11 04:03:30 INFO  (GhidraScript) mnn_analyzer.py> Taint analysis results saved to: /Users/chenkexin/Desktop/kk/test_taint/results/age_googlenet_mnn_gcc_O0_taint_analysis_results.json  
2025-09-11 04:03:30 INFO  (GhidraScript) mnn_analyzer.py> INFO: Found preceding comparison instruction 'cmp w0,#0x5' at 00102cb8 for branch at 00102cbc  
2025-09-11 04:03:30 INFO  (GhidraScript) mnn_analyzer.py> INFO: Found preceding comparison instruction 'fcmpe s1,s0' at 00102cc8 for branch at 00102ccc  
2025-09-11 04:03:30 INFO  (GhidraScript) mnn_analyzer.py> INFO: Found preceding comparison instruction 'subs x3,x3,x2' at 00102d48 for branch at 00102d50  
2025-09-11 04:03:30 INFO  (GhidraScript) mnn_analyzer.py> SUCCESS: Hook configuration saved to: /Users/chenkexin/Desktop/kk/test_taint/results/age_googlenet_mnn_gcc_O0_hook_config.json  
2025-09-11 04:03:30 INFO  (GhidraScript) mnn_analyzer.py> MNN Taint Analyzer finished.  
2025-09-11 04:03:30 INFO  (HeadlessAnalyzer) ANALYZING changes made by post scripts: file:///Users/chenkexin/Desktop/kk/test_taint/assets/merged_bin/age_googlenet_mnn_gcc_O0  
2025-09-11 04:03:30 INFO  (HeadlessAnalyzer) REPORT: Post-analysis succeeded for file: file:///Users/chenkexin/Desktop/kk/test_taint/assets/merged_bin/age_googlenet_mnn_gcc_O0  
2025-09-11 04:03:30 INFO  (GhidraScript) mnn_analyzer.py> DEBUG: Decompiler disposed.  
2025-09-11 04:03:30 INFO  (HeadlessAnalyzer) REPORT: Save succeeded for: /age_googlenet_mnn_gcc_O0 (all_binaries_analysis:/age_googlenet_mnn_gcc_O0)  
2025-09-11 04:03:30 INFO  (HeadlessAnalyzer) REPORT: Import succeeded  
2025-09-11 04:03:31 DEBUG (DefaultProjectData) Closing ProjectData: /Users/chenkexin/Desktop/kk/test_taint/ghidra_projects/all_binaries_analysis.rep  
2025-09-11 04:03:31 DEBUG (DefaultProjectData) Disposing ProjectData: /Users/chenkexin/Desktop/kk/test_taint/ghidra_projects/all_binaries_analysis.rep  
