2025-09-05 16:54:57 INFO  (LoggingInitialization) Using log config file: jar:file:/Applications/ghidra_11.0.3_PUBLIC/Ghidra/Framework/Generic/lib/Generic.jar!/generic.log4j.xml  
2025-09-05 16:54:57 INFO  (LoggingInitialization) Using log file: /Users/chenkexin/Desktop/kk/test_taint/logs/age_googlenet_tflite_headless_analysis.log  
2025-09-05 16:54:57 INFO  (Preferences) Loading user preferences: /Users/chenkexin/.ghidra/.ghidra_11.0.3_PUBLIC/preferences  
2025-09-05 16:54:57 INFO  (Preferences) Loading previous preferences: /Users/chenkexin/.ghidra/.ghidra_10.4_PUBLIC/preferences  
2025-09-05 16:54:57 INFO  (ClassSearcher) Searching for classes...  
2025-09-05 16:54:59 INFO  (ClassSearcher) Class search complete (1446 ms)  
2025-09-05 16:54:59 INFO  (SSLContextInitializer) Initializing SSL Context  
2025-09-05 16:54:59 INFO  (SecureRandomFactory) Initializing Random Number Generator...  
2025-09-05 16:54:59 INFO  (SecureRandomFactory) Random Number Generator initialization complete: NativePRNGNonBlocking  
2025-09-05 16:54:59 INFO  (ApplicationTrustManagerFactory) Trust manager disabled, cacerts have not been set  
2025-09-05 16:54:59 INFO  (HeadlessAnalyzer) HEADLESS Script Paths:
    /Applications/ghidra_11.0.3_PUBLIC/Ghidra/Processors/8051/ghidra_scripts
    /Applications/ghidra_11.0.3_PUBLIC/Ghidra/Features/FileFormats/ghidra_scripts
    /Applications/ghidra_11.0.3_PUBLIC/Ghidra/Features/Base/ghidra_scripts
    /Applications/ghidra_11.0.3_PUBLIC/Ghidra/Features/Python/ghidra_scripts
    /Applications/ghidra_11.0.3_PUBLIC/Ghidra/Features/GnuDemangler/ghidra_scripts
    /Applications/ghidra_11.0.3_PUBLIC/Ghidra/Features/SystemEmulation/ghidra_scripts
    /Applications/ghidra_11.0.3_PUBLIC/Ghidra/Features/MicrosoftCodeAnalyzer/ghidra_scripts
    /Applications/ghidra_11.0.3_PUBLIC/Ghidra/Features/BytePatterns/ghidra_scripts
    /Applications/ghidra_11.0.3_PUBLIC/Ghidra/Features/Decompiler/ghidra_scripts
    /Applications/ghidra_11.0.3_PUBLIC/Ghidra/Processors/Atmel/ghidra_scripts
    /Applications/ghidra_11.0.3_PUBLIC/Ghidra/Debug/Debugger-agent-frida/ghidra_scripts
    /Applications/ghidra_11.0.3_PUBLIC/Ghidra/Features/FunctionID/ghidra_scripts
    /Applications/ghidra_11.0.3_PUBLIC/Ghidra/Processors/JVM/ghidra_scripts
    /Applications/ghidra_11.0.3_PUBLIC/Ghidra/Processors/PIC/ghidra_scripts
    /Applications/ghidra_11.0.3_PUBLIC/Ghidra/Features/BSim/ghidra_scripts
    /Applications/ghidra_11.0.3_PUBLIC/Ghidra/Features/PDB/ghidra_scripts
    /Applications/ghidra_11.0.3_PUBLIC/Ghidra/Processors/DATA/ghidra_scripts
    /Users/chenkexin/ghidra_scripts
    /Users/chenkexin/Desktop/kk/test_taint
    /Applications/ghidra_11.0.3_PUBLIC/Ghidra/Debug/Debugger-agent-dbgmodel-traceloader/ghidra_scripts
    /Applications/ghidra_11.0.3_PUBLIC/Ghidra/Debug/Debugger-rmi-trace/ghidra_scripts
    /Applications/ghidra_11.0.3_PUBLIC/Ghidra/Features/VersionTracking/ghidra_scripts
    /Applications/ghidra_11.0.3_PUBLIC/Ghidra/Debug/Debugger/ghidra_scripts  
2025-09-05 16:54:59 INFO  (HeadlessAnalyzer) HEADLESS: execution starts  
2025-09-05 16:54:59 INFO  (HeadlessAnalyzer) Creating project: /Users/chenkexin/Desktop/kk/test_taint/ghidra_projects/age_googlenet_tflite  
2025-09-05 16:55:00 INFO  (DefaultProject) Creating project: /Users/chenkexin/Desktop/kk/test_taint/ghidra_projects/age_googlenet_tflite  
2025-09-05 16:55:00 INFO  (HeadlessAnalyzer) REPORT: Processing input files:   
2025-09-05 16:55:00 INFO  (HeadlessAnalyzer)      project: /Users/chenkexin/Desktop/kk/test_taint/ghidra_projects/age_googlenet_tflite  
2025-09-05 16:55:00 INFO  (HeadlessAnalyzer) IMPORTING: file:///Users/chenkexin/Desktop/kk/test_taint/assets/clang_bin/age_googlenet_tflite  
2025-09-05 16:55:02 INFO  (AutoImporter) Using Loader: Executable and Linking Format (ELF)  
2025-09-05 16:55:02 INFO  (AutoImporter) Using Language/Compiler: AARCH64:LE:64:v8A:default  
2025-09-05 16:55:02 DEBUG (ElfHeader) Elf symbol table section .dynsym linked to string table section .dynstr  
2025-09-05 16:55:02 DEBUG (ElfHeader) Elf symbol table section .symtab linked to string table section .strtab  
2025-09-05 16:55:02 DEBUG (ElfHeader) Elf relocation table section .rela.dyn linked to symbol table section .dynsym affecting PT_LOAD  
2025-09-05 16:55:02 DEBUG (ElfHeader) Elf relocation table section .rela.plt linked to symbol table section .dynsym affecting .got.plt  
2025-09-05 16:55:02 DEBUG (ElfProgramBuilder) Discarding 1-byte alignment/filler segment_2.3 at 00100253  
2025-09-05 16:55:02 DEBUG (ElfProgramBuilder) Discarding 1-byte alignment/filler segment_2.9 at 00101321  
2025-09-05 16:55:02 DEBUG (ElfProgramBuilder) Discarding 2-byte alignment/filler segment_2.11 at 00101396  
2025-09-05 16:55:02 DEBUG (ElfProgramBuilder) Discarding 16-byte alignment/filler segment_2.17 at 00101c70  
2025-09-05 16:55:02 DEBUG (ElfProgramBuilder) Discarding 4-byte alignment/filler segment_2.22 at 0010506c  
2025-09-05 16:55:03 INFO  (HeadlessAnalyzer) IMPORTING: Loaded 0 additional files  
2025-09-05 16:55:04 INFO  (HeadlessAnalyzer) ANALYZING all memory and code: file:///Users/chenkexin/Desktop/kk/test_taint/assets/clang_bin/age_googlenet_tflite  
2025-09-05 16:55:04 ERROR (DWARFAnalyzer) Error during DWARFAnalyzer import:  ghidra.app.util.bin.format.dwarf4.DWARFException: Only DWARF version 2, 3, or 4 information is currently supported (detected 5).
	at ghidra.app.util.bin.format.dwarf4.DWARFCompilationUnit.readCompilationUnit(DWARFCompilationUnit.java:155)
	at ghidra.app.util.bin.format.dwarf4.next.DWARFProgram.bootstrapCompilationUnits(DWARFProgram.java:629)
	at ghidra.app.util.bin.format.dwarf4.next.DWARFProgram.<init>(DWARFProgram.java:262)
	at ghidra.app.plugin.core.analysis.DWARFAnalyzer.added(DWARFAnalyzer.java:109)
	at ghidra.app.plugin.core.analysis.AnalysisScheduler.runAnalyzer(AnalysisScheduler.java:186)
	at ghidra.app.plugin.core.analysis.AnalysisTask.applyTo(AnalysisTask.java:39)
	at ghidra.app.plugin.core.analysis.AutoAnalysisManager$AnalysisTaskWrapper.run(AutoAnalysisManager.java:686)
	at ghidra.app.plugin.core.analysis.AutoAnalysisManager.startAnalysis(AutoAnalysisManager.java:786)
	at ghidra.app.plugin.core.analysis.AutoAnalysisManager.startAnalysis(AutoAnalysisManager.java:665)
	at ghidra.app.plugin.core.analysis.AutoAnalysisManager.startAnalysis(AutoAnalysisManager.java:630)
	at ghidra.app.util.headless.HeadlessAnalyzer.analyzeProgram(HeadlessAnalyzer.java:1029)
	at ghidra.app.util.headless.HeadlessAnalyzer.processFileWithImport(HeadlessAnalyzer.java:1552)
	at ghidra.app.util.headless.HeadlessAnalyzer.processWithLoader(HeadlessAnalyzer.java:1734)
	at ghidra.app.util.headless.HeadlessAnalyzer.processWithImport(HeadlessAnalyzer.java:1675)
	at ghidra.app.util.headless.HeadlessAnalyzer.processWithImport(HeadlessAnalyzer.java:1759)
	at ghidra.app.util.headless.HeadlessAnalyzer.processLocal(HeadlessAnalyzer.java:460)
	at ghidra.app.util.headless.AnalyzeHeadless.launch(AnalyzeHeadless.java:127)
	at ghidra.GhidraLauncher.launch(GhidraLauncher.java:78)
	at ghidra.Ghidra.main(Ghidra.java:54)
 
2025-09-05 16:55:07 INFO  (PackedDatabaseCache) Packed database cache: /var/folders/kn/fw_2jn054bq5f73czrm_91nc0000gn/T/chenkexin-Ghidra/packed-db-cache  
2025-09-05 16:55:07 DEBUG (PackedDatabaseCache) Using cached packed database: /Applications/ghidra_11.0.3_PUBLIC/Ghidra/Features/Base/data/typeinfo/generic/generic_clib_64.gdt  
2025-09-05 16:55:08 INFO  (ApplyDataArchiveAnalyzer) Applied data type archive: generic_clib_64  
2025-09-05 16:55:08 WARN  (DemangledAddressTable) Unable to fully apply external demangled Address Table at 00121080: tflite::MutableOpResolver::vtable  
2025-09-05 16:55:10 INFO  (AutoAnalysisManager) -----------------------------------------------------
    AARCH64 ELF PLT Thunks                     0.162 secs
    ASCII Strings                              0.260 secs
    Apply Data Archives                        1.092 secs
    Basic Constant Reference Analyzer          0.778 secs
    Call Convention ID                         0.524 secs
    Call-Fixup Installer                       0.036 secs
    Create Address Tables                      0.028 secs
    Create Function                            0.000 secs
    DWARF                                      0.150 secs
    Data Reference                             0.024 secs
    Decompiler Switch Analysis                 0.140 secs
    Demangler GNU                              0.655 secs
    Disassemble Entry Points                   0.156 secs
    Embedded Media                             0.014 secs
    External Entry References                  0.001 secs
    Function Start Search                      0.094 secs
    Function Start Search After Code           0.035 secs
    Function Start Search After Data           0.005 secs
    Function Start Search delayed - One Time   0.004 secs
    GCC Exception Handlers                     1.138 secs
    Non-Returning Functions - Discovered       0.043 secs
    Non-Returning Functions - Known            0.017 secs
    Reference                                  0.094 secs
    Shared Return Calls                        0.041 secs
    Stack                                      0.550 secs
    Subroutine References                      0.030 secs
-----------------------------------------------------
     Total Time   6 secs
-----------------------------------------------------
  
2025-09-05 16:55:10 INFO  (HeadlessAnalyzer) REPORT: Analysis succeeded for file: file:///Users/chenkexin/Desktop/kk/test_taint/assets/clang_bin/age_googlenet_tflite  
2025-09-05 16:55:10 INFO  (HeadlessAnalyzer) SCRIPT: /Users/chenkexin/Desktop/kk/test_taint/tflite_analyzer.py  
2025-09-05 16:55:14 INFO  (GhidraScript) tflite_analyzer.py> INFO: Searching for functions, thunks, and call sites related to keywords: ['operator']  
2025-09-05 16:55:14 INFO  (GhidraScript) tflite_analyzer.py> INFO: Found function 'operator<<'. Searching for its thunks.  
2025-09-05 16:55:14 INFO  (GhidraScript) tflite_analyzer.py> INFO: Found thunk 'operator<<' at 00101b30 for function.  
2025-09-05 16:55:14 INFO  (GhidraScript) tflite_analyzer.py> INFO: Found thunk 'operator<<' at 001210d8 for function.  
2025-09-05 16:55:14 INFO  (GhidraScript) tflite_analyzer.py> INFO: Found function 'operator<<'. Searching for its thunks.  
2025-09-05 16:55:14 INFO  (GhidraScript) tflite_analyzer.py> INFO: Found thunk 'operator<<' at 00101a80 for function.  
2025-09-05 16:55:14 INFO  (GhidraScript) tflite_analyzer.py> INFO: Found thunk 'operator<<' at 00121078 for function.  
2025-09-05 16:55:14 INFO  (GhidraScript) tflite_analyzer.py> INFO: Found function 'operator()'. Searching for its thunks.  
2025-09-05 16:55:14 INFO  (GhidraScript) tflite_analyzer.py> INFO: Found thunk 'operator()' at 00101a90 for function.  
2025-09-05 16:55:14 INFO  (GhidraScript) tflite_analyzer.py> INFO: Found thunk 'operator()' at 00121088 for function.  
2025-09-05 16:55:14 INFO  (GhidraScript) tflite_analyzer.py> INFO: Found function 'operator.delete'. Searching for its thunks.  
2025-09-05 16:55:14 INFO  (GhidraScript) tflite_analyzer.py> INFO: Found thunk 'operator.delete' at 00101a10 for function.  
2025-09-05 16:55:14 INFO  (GhidraScript) tflite_analyzer.py> INFO: Found thunk 'operator.delete' at 00121030 for function.  
2025-09-05 16:55:14 INFO  (GhidraScript) tflite_analyzer.py> INFO: Found function 'operator<<'. Searching for its thunks.  
2025-09-05 16:55:14 INFO  (GhidraScript) tflite_analyzer.py> INFO: Found thunk 'operator<<' at 00101bf0 for function.  
2025-09-05 16:55:14 INFO  (GhidraScript) tflite_analyzer.py> INFO: Found thunk 'operator<<' at 00121150 for function.  
2025-09-05 16:55:14 INFO  (GhidraScript) tflite_analyzer.py> INFO: Found 30 unique call sites. Analyzing each...  
2025-09-05 16:55:14 INFO  (GhidraScript) tflite_analyzer.py> 
--- Starting Stage 1 Taint Analysis from '['operator']' call sites ---  
2025-09-05 16:55:14 INFO  (GhidraScript) tflite_analyzer.py> 
--- Analyzing Call Site #1055260 at 00101a1c ---  
2025-09-05 16:55:14 INFO  (GhidraScript) tflite_analyzer.py> DEBUG: Parent (caller): operator.delete at 00101a10  
2025-09-05 16:55:14 INFO  (GhidraScript) tflite_analyzer.py> INFO: Call at 00101a1c has no output varnode. Nothing to taint. Skipping.  
2025-09-05 16:55:14 INFO  (GhidraScript) tflite_analyzer.py> 
--- Analyzing Call Site #1055372 at 00101a8c ---  
2025-09-05 16:55:14 INFO  (GhidraScript) tflite_analyzer.py> DEBUG: Parent (caller): operator<< at 00101a80  
2025-09-05 16:55:14 INFO  (GhidraScript) tflite_analyzer.py> 
--- Initiating Taint Analysis for: operator<< (call at 00101a8c) ---  
2025-09-05 16:55:14 INFO  (GhidraScript) tflite_analyzer.py> DEBUG: Taint source is the return value of the call: pbVar1(x0)  
2025-09-05 16:55:14 INFO  (GhidraScript) tflite_analyzer.py> \n>>> Analyzing function: operator<< (Depth: 0) at 00101a80 (Originating from: ['operator']) with initial taints: pbVar1(x0)  
2025-09-05 16:55:14 INFO  (GhidraScript) tflite_analyzer.py>   - [STACK_SEARCH.0] Analyzing varnode: (register, 0x4000, 8)  
2025-09-05 16:55:14 INFO  (GhidraScript) tflite_analyzer.py>   - [STACK_SEARCH.0] Details: isAddress=0, addr=register:00004000, isStackAddress=0  
2025-09-05 16:55:14 INFO  (GhidraScript) tflite_analyzer.py>   - [STACK_SEARCH.0] Def P-Code Op: (register, 0x4000, 8) CALL (ram, 0x121078, 8) , (register, 0x4000, 8) , (register, 0x4008, 8)  
2025-09-05 16:55:14 INFO  (GhidraScript) tflite_analyzer.py>   - [STACK_SEARCH.0] Mnemonic 'CALL' is not a handled case. Aborting path.  
2025-09-05 16:55:14 INFO  (GhidraScript) tflite_analyzer.py> \nDEBUG: Reached specified start PcodeOp (register, 0x4000, 8) CALL (ram, 0x121078, 8) , (register, 0x4000, 8) , (register, 0x4008, 8) at 00101a8c in operator<<, subsequent ops will be processed.  
2025-09-05 16:55:14 WARN  (DecompileCallback) Decompiling 00121078, pcode error at 00121078: Unable to disassemble EXTERNAL block location: 00121078  
2025-09-05 16:55:14 INFO  (GhidraScript) tflite_analyzer.py> DEBUG: [operator<< @ 00101a8c] Analyzing potential tainted RETURN with value: pbVar1(x0) (Tainted: 1)  
2025-09-05 16:55:14 INFO  (GhidraScript) tflite_analyzer.py> 
==================== TAINTED RETURN DETECTED ====================  
2025-09-05 16:55:14 INFO  (GhidraScript) tflite_analyzer.py>   - Taint Origin:    ['operator']  
2025-09-05 16:55:14 INFO  (GhidraScript) tflite_analyzer.py>   - Function:        basic_ostream * operator<<(basic_ostream * param_1, basic_string * param_2) (Depth: 0)  
2025-09-05 16:55:14 INFO  (GhidraScript) tflite_analyzer.py>   - Return Address:  00101a8c  
2025-09-05 16:55:14 INFO  (GhidraScript) tflite_analyzer.py>   - Instruction:     br x17  
2025-09-05 16:55:14 INFO  (GhidraScript) tflite_analyzer.py>   - Tainted Value:   pbVar1(x0)  
2025-09-05 16:55:14 INFO  (GhidraScript) tflite_analyzer.py>   - Value defined by:  (register, 0x4000, 8) CALL (ram, 0x121078, 8) , (register, 0x4000, 8) , (register, 0x4008, 8) at 00101a8c  
2025-09-05 16:55:14 INFO  (GhidraScript) tflite_analyzer.py> ================================================================
  
2025-09-05 16:55:14 INFO  (GhidraScript) tflite_analyzer.py> INFO: [MULTI-STAGE] Tainted return from 'operator<<'. Finding call sites to continue analysis.  
2025-09-05 16:55:14 INFO  (GhidraScript) tflite_analyzer.py> INFO: [MULTI-STAGE] Queued new task to analyze caller 'main' starting from tainted return.  
2025-09-05 16:55:15 INFO  (GhidraScript) tflite_analyzer.py> INFO: [MULTI-STAGE] Queued new task to analyze caller 'main' starting from tainted return.  
2025-09-05 16:55:15 INFO  (GhidraScript) tflite_analyzer.py> <<< Finished analyzing function: operator<<.  
2025-09-05 16:55:15 INFO  (GhidraScript) tflite_analyzer.py> 
--- Analyzing Call Site #1055388 at 00101a9c ---  
2025-09-05 16:55:15 INFO  (GhidraScript) tflite_analyzer.py> DEBUG: Parent (caller): operator() at 00101a90  
2025-09-05 16:55:15 INFO  (GhidraScript) tflite_analyzer.py> INFO: Call at 00101a9c has no output varnode. Nothing to taint. Skipping.  
2025-09-05 16:55:15 INFO  (GhidraScript) tflite_analyzer.py> 
--- Analyzing Call Site #1055548 at 00101b3c ---  
2025-09-05 16:55:15 INFO  (GhidraScript) tflite_analyzer.py> DEBUG: Parent (caller): operator<< at 00101b30  
2025-09-05 16:55:15 INFO  (GhidraScript) tflite_analyzer.py> INFO: Call at 00101b3c has no output varnode. Nothing to taint. Skipping.  
2025-09-05 16:55:15 INFO  (GhidraScript) tflite_analyzer.py> 
--- Analyzing Call Site #1055740 at 00101bfc ---  
2025-09-05 16:55:15 INFO  (GhidraScript) tflite_analyzer.py> DEBUG: Parent (caller): operator<< at 00101bf0  
2025-09-05 16:55:15 INFO  (GhidraScript) tflite_analyzer.py> 
--- Initiating Taint Analysis for: operator<< (call at 00101bfc) ---  
2025-09-05 16:55:15 INFO  (GhidraScript) tflite_analyzer.py> DEBUG: Taint source is the return value of the call: pbVar1(x0)  
2025-09-05 16:55:15 INFO  (GhidraScript) tflite_analyzer.py> \n>>> Analyzing function: operator<< (Depth: 0) at 00101bf0 (Originating from: ['operator']) with initial taints: pbVar1(x0)  
2025-09-05 16:55:15 INFO  (GhidraScript) tflite_analyzer.py>   - [STACK_SEARCH.0] Analyzing varnode: (register, 0x4000, 8)  
2025-09-05 16:55:15 INFO  (GhidraScript) tflite_analyzer.py>   - [STACK_SEARCH.0] Details: isAddress=0, addr=register:00004000, isStackAddress=0  
2025-09-05 16:55:15 INFO  (GhidraScript) tflite_analyzer.py>   - [STACK_SEARCH.0] Def P-Code Op: (register, 0x4000, 8) CALL (ram, 0x121150, 8) , (register, 0x4000, 8) , (register, 0x4008, 8)  
2025-09-05 16:55:15 INFO  (GhidraScript) tflite_analyzer.py>   - [STACK_SEARCH.0] Mnemonic 'CALL' is not a handled case. Aborting path.  
2025-09-05 16:55:15 INFO  (GhidraScript) tflite_analyzer.py> \nDEBUG: Reached specified start PcodeOp (register, 0x4000, 8) CALL (ram, 0x121150, 8) , (register, 0x4000, 8) , (register, 0x4008, 8) at 00101bfc in operator<<, subsequent ops will be processed.  
2025-09-05 16:55:15 WARN  (DecompileCallback) Decompiling 00121150, pcode error at 00121150: Unable to disassemble EXTERNAL block location: 00121150  
2025-09-05 16:55:15 INFO  (GhidraScript) tflite_analyzer.py> DEBUG: [operator<< @ 00101bfc] Analyzing potential tainted RETURN with value: pbVar1(x0) (Tainted: 1)  
2025-09-05 16:55:15 INFO  (GhidraScript) tflite_analyzer.py> 
==================== TAINTED RETURN DETECTED ====================  
2025-09-05 16:55:15 INFO  (GhidraScript) tflite_analyzer.py>   - Taint Origin:    ['operator']  
2025-09-05 16:55:15 INFO  (GhidraScript) tflite_analyzer.py>   - Function:        basic_ostream * operator<<(basic_ostream * param_1, char * param_2) (Depth: 0)  
2025-09-05 16:55:15 INFO  (GhidraScript) tflite_analyzer.py>   - Return Address:  00101bfc  
2025-09-05 16:55:15 INFO  (GhidraScript) tflite_analyzer.py>   - Instruction:     br x17  
2025-09-05 16:55:15 INFO  (GhidraScript) tflite_analyzer.py>   - Tainted Value:   pbVar1(x0)  
2025-09-05 16:55:15 INFO  (GhidraScript) tflite_analyzer.py>   - Value defined by:  (register, 0x4000, 8) CALL (ram, 0x121150, 8) , (register, 0x4000, 8) , (register, 0x4008, 8) at 00101bfc  
2025-09-05 16:55:15 INFO  (GhidraScript) tflite_analyzer.py> ================================================================
  
2025-09-05 16:55:15 INFO  (GhidraScript) tflite_analyzer.py> INFO: [MULTI-STAGE] Tainted return from 'operator<<'. Finding call sites to continue analysis.  
2025-09-05 16:55:15 INFO  (GhidraScript) tflite_analyzer.py> INFO: [MULTI-STAGE] Queued new task to analyze caller 'main' starting from tainted return.  
2025-09-05 16:55:15 INFO  (GhidraScript) tflite_analyzer.py> INFO: [MULTI-STAGE] Queued new task to analyze caller 'main' starting from tainted return.  
2025-09-05 16:55:15 INFO  (GhidraScript) tflite_analyzer.py> INFO: [MULTI-STAGE] Queued new task to analyze caller 'main' starting from tainted return.  
2025-09-05 16:55:15 INFO  (GhidraScript) tflite_analyzer.py> INFO: [MULTI-STAGE] Queued new task to analyze caller 'main' starting from tainted return.  
2025-09-05 16:55:15 INFO  (GhidraScript) tflite_analyzer.py> INFO: [MULTI-STAGE] Queued new task to analyze caller 'main' starting from tainted return.  
2025-09-05 16:55:15 INFO  (GhidraScript) tflite_analyzer.py> INFO: [MULTI-STAGE] Queued new task to analyze caller 'main' starting from tainted return.  
2025-09-05 16:55:16 INFO  (GhidraScript) tflite_analyzer.py> INFO: [MULTI-STAGE] Queued new task to analyze caller 'main' starting from tainted return.  
2025-09-05 16:55:16 INFO  (GhidraScript) tflite_analyzer.py> INFO: [MULTI-STAGE] Queued new task to analyze caller 'main' starting from tainted return.  
2025-09-05 16:55:16 INFO  (GhidraScript) tflite_analyzer.py> <<< Finished analyzing function: operator<<.  
2025-09-05 16:55:16 INFO  (GhidraScript) tflite_analyzer.py> 
--- Analyzing Call Site #1056212 at 00101dd4 ---  
2025-09-05 16:55:16 INFO  (GhidraScript) tflite_analyzer.py> DEBUG: Parent (caller): main at 00101d98  
2025-09-05 16:55:16 INFO  (GhidraScript) tflite_analyzer.py> 
--- Initiating Taint Analysis for: main (call at 00101dd4) ---  
2025-09-05 16:55:16 INFO  (GhidraScript) tflite_analyzer.py> DEBUG: Taint source is the return value of the call: pbVar4(x0)  
2025-09-05 16:55:16 INFO  (GhidraScript) tflite_analyzer.py> \n>>> Analyzing function: main (Depth: 0) at 00101d98 (Originating from: ['operator']) with initial taints: pbVar4(x0)  
2025-09-05 16:55:16 INFO  (GhidraScript) tflite_analyzer.py>   - [STACK_SEARCH.0] Analyzing varnode: (register, 0x4000, 8)  
2025-09-05 16:55:16 INFO  (GhidraScript) tflite_analyzer.py>   - [STACK_SEARCH.0] Details: isAddress=0, addr=register:00004000, isStackAddress=0  
2025-09-05 16:55:16 INFO  (GhidraScript) tflite_analyzer.py>   - [STACK_SEARCH.0] Def P-Code Op: (register, 0x4000, 8) CALL (ram, 0x101bf0, 8) , (unique, 0x100009a4, 8) , (unique, 0x10000578, 8)  
2025-09-05 16:55:16 INFO  (GhidraScript) tflite_analyzer.py>   - [STACK_SEARCH.0] Mnemonic 'CALL' is not a handled case. Aborting path.  
2025-09-05 16:55:16 INFO  (GhidraScript) tflite_analyzer.py> \nDEBUG: Reached specified start PcodeOp (register, 0x4000, 8) CALL (ram, 0x101bf0, 8) , (unique, 0x100009a4, 8) , (unique, 0x10000578, 8) at 00101dd4 in main, subsequent ops will be processed.  
2025-09-05 16:55:16 INFO  (GhidraScript) tflite_analyzer.py> DEBUG: [LOAD_HANDLER] Checking LOAD op at 00101ddc. Address varnode: (stack, 0xffffffffffffff58, 8)  
2025-09-05 16:55:16 INFO  (GhidraScript) tflite_analyzer.py> DEBUG: [LOAD_HANDLER] POINTER_RULE FAIL: Address varnode local_a8(StackDirect[Stack[-0xa8]]) is not tainted (recursive check).  
2025-09-05 16:55:16 INFO  (GhidraScript) tflite_analyzer.py> DEBUG: [LOAD_HANDLER] REGION_RULE FAIL: Address pointer local_a8(StackDirect[Stack[-0xa8]]) is not in the tainted memory regions set.  
2025-09-05 16:55:16 INFO  (GhidraScript) tflite_analyzer.py> \n>>> Analyzing function: operator<< (Depth: 1) at 00101bf0 (Originating from: ['operator']) with initial taints: param_1(x0)  
2025-09-05 16:55:16 INFO  (GhidraScript) tflite_analyzer.py>   - [STACK_SEARCH.0] Analyzing varnode: (register, 0x4000, 8)  
2025-09-05 16:55:16 INFO  (GhidraScript) tflite_analyzer.py>   - [STACK_SEARCH.0] Details: isAddress=0, addr=register:00004000, isStackAddress=0  
2025-09-05 16:55:16 INFO  (GhidraScript) tflite_analyzer.py>   - [STACK_SEARCH.0] No defining p-code op found. Aborting path.  
2025-09-05 16:55:16 INFO  (GhidraScript) tflite_analyzer.py> DEBUG: Starting taint analysis from the beginning of function operator<<.  
2025-09-05 16:55:16 WARN  (DecompileCallback) Decompiling 00121150, pcode error at 00121150: Unable to disassemble EXTERNAL block location: 00121150  
2025-09-05 16:55:16 INFO  (GhidraScript) tflite_analyzer.py> \n>>> Analyzing function: operator<< (Depth: 2) at 00121150 (Originating from: ['operator']) with initial taints: param_1(x0)  
2025-09-05 16:55:16 INFO  (GhidraScript) tflite_analyzer.py>   - [STACK_SEARCH.0] Analyzing varnode: (register, 0x4000, 8)  
2025-09-05 16:55:16 INFO  (GhidraScript) tflite_analyzer.py>   - [STACK_SEARCH.0] Details: isAddress=0, addr=register:00004000, isStackAddress=0  
2025-09-05 16:55:16 INFO  (GhidraScript) tflite_analyzer.py>   - [STACK_SEARCH.0] No defining p-code op found. Aborting path.  
2025-09-05 16:55:16 INFO  (GhidraScript) tflite_analyzer.py> DEBUG: Starting taint analysis from the beginning of function operator<<.  
2025-09-05 16:55:16 INFO  (GhidraScript) tflite_analyzer.py> <<< Finished analyzing function: operator<<.  
2025-09-05 16:55:16 INFO  (GhidraScript) tflite_analyzer.py> DEBUG: [operator<< @ 00101bfc] Analyzing potential tainted RETURN with value: pbVar1(x0) (Tainted: 0)  
2025-09-05 16:55:16 INFO  (GhidraScript) tflite_analyzer.py>     [DEBUG] --- Taint Check Details (RETURN FAILED) ---  
2025-09-05 16:55:16 INFO  (GhidraScript) tflite_analyzer.py>     [DEBUG]   > Return Varnode: (register, 0x4000, 8) (Size: 8, Def: (register, 0x4000, 8) CALL (ram, 0x121150, 8) , (register, 0x4000, 8) , (register, 0x4008, 8) at 00101bfc)  
2025-09-05 16:55:16 INFO  (GhidraScript) tflite_analyzer.py>     [DEBUG]   > Currently Tainted HighVariables in this function:  
2025-09-05 16:55:16 INFO  (GhidraScript) tflite_analyzer.py>     [DEBUG]     1. param_1(x0)  
2025-09-05 16:55:16 INFO  (GhidraScript) tflite_analyzer.py>     [DEBUG] ---------------------------------  
2025-09-05 16:55:16 INFO  (GhidraScript) tflite_analyzer.py> <<< Finished analyzing function: operator<<.  
2025-09-05 16:55:16 INFO  (GhidraScript) tflite_analyzer.py> DEBUG: Already analyzed function operator<< with initial taints ('param_1(x0)',) (origin: ['operator']). Skipping.  
2025-09-05 16:55:16 INFO  (GhidraScript) tflite_analyzer.py> DEBUG: [main @ 00101df8] Taint propagated from pbVar4(x0) to UNNAMED(UniquePcode[0x100009ac]) via CAST.  
2025-09-05 16:55:16 INFO  (GhidraScript) tflite_analyzer.py> DEBUG: [LOAD_HANDLER] Checking LOAD op at 00101e0c. Address varnode: (unique, 0x6500, 8)  
2025-09-05 16:55:16 INFO  (GhidraScript) tflite_analyzer.py> DEBUG: [LOAD_HANDLER] POINTER_RULE FAIL: Address varnode UNNAMED(UniquePcode[0x6500]) is not tainted (recursive check).  
2025-09-05 16:55:16 INFO  (GhidraScript) tflite_analyzer.py> DEBUG: [LOAD_HANDLER] REGION_RULE FAIL: Address pointer UNNAMED(UniquePcode[0x6500]) is not in the tainted memory regions set.  
2025-09-05 16:55:16 INFO  (GhidraScript) tflite_analyzer.py> DEBUG: [LOAD_HANDLER] Checking LOAD op at 00101e44. Address varnode: (unique, 0x6500, 8)  
2025-09-05 16:55:16 INFO  (GhidraScript) tflite_analyzer.py> DEBUG: [LOAD_HANDLER] POINTER_RULE FAIL: Address varnode UNNAMED(UniquePcode[0x6500]) is not tainted (recursive check).  
2025-09-05 16:55:16 INFO  (GhidraScript) tflite_analyzer.py> DEBUG: [LOAD_HANDLER] REGION_RULE FAIL: Address pointer UNNAMED(UniquePcode[0x6500]) is not in the tainted memory regions set.  
2025-09-05 16:55:16 INFO  (GhidraScript) tflite_analyzer.py> INFO: [main @ 00101eb8] Taint reached CBRANCH. Operands: [].   
2025-09-05 16:55:16 INFO  (GhidraScript) tflite_analyzer.py> \n>>> Analyzing function: operator<< (Depth: 1) at 00101a80 (Originating from: ['operator']) with initial taints: param_1(x0)  
2025-09-05 16:55:16 INFO  (GhidraScript) tflite_analyzer.py>   - [STACK_SEARCH.0] Analyzing varnode: (register, 0x4000, 8)  
2025-09-05 16:55:16 INFO  (GhidraScript) tflite_analyzer.py>   - [STACK_SEARCH.0] Details: isAddress=0, addr=register:00004000, isStackAddress=0  
2025-09-05 16:55:16 INFO  (GhidraScript) tflite_analyzer.py>   - [STACK_SEARCH.0] No defining p-code op found. Aborting path.  
2025-09-05 16:55:16 INFO  (GhidraScript) tflite_analyzer.py> DEBUG: Starting taint analysis from the beginning of function operator<<.  
2025-09-05 16:55:16 WARN  (DecompileCallback) Decompiling 00121078, pcode error at 00121078: Unable to disassemble EXTERNAL block location: 00121078  
2025-09-05 16:55:16 INFO  (GhidraScript) tflite_analyzer.py> \n>>> Analyzing function: operator<< (Depth: 2) at 00121078 (Originating from: ['operator']) with initial taints: param_1(x0)  
2025-09-05 16:55:16 INFO  (GhidraScript) tflite_analyzer.py>   - [STACK_SEARCH.0] Analyzing varnode: (register, 0x4000, 8)  
2025-09-05 16:55:16 INFO  (GhidraScript) tflite_analyzer.py>   - [STACK_SEARCH.0] Details: isAddress=0, addr=register:00004000, isStackAddress=0  
2025-09-05 16:55:16 INFO  (GhidraScript) tflite_analyzer.py>   - [STACK_SEARCH.0] No defining p-code op found. Aborting path.  
2025-09-05 16:55:16 INFO  (GhidraScript) tflite_analyzer.py> DEBUG: Starting taint analysis from the beginning of function operator<<.  
2025-09-05 16:55:16 INFO  (GhidraScript) tflite_analyzer.py> <<< Finished analyzing function: operator<<.  
2025-09-05 16:55:16 INFO  (GhidraScript) tflite_analyzer.py> DEBUG: [operator<< @ 00101a8c] Analyzing potential tainted RETURN with value: pbVar1(x0) (Tainted: 0)  
2025-09-05 16:55:16 INFO  (GhidraScript) tflite_analyzer.py>     [DEBUG] --- Taint Check Details (RETURN FAILED) ---  
2025-09-05 16:55:16 INFO  (GhidraScript) tflite_analyzer.py>     [DEBUG]   > Return Varnode: (register, 0x4000, 8) (Size: 8, Def: (register, 0x4000, 8) CALL (ram, 0x121078, 8) , (register, 0x4000, 8) , (register, 0x4008, 8) at 00101a8c)  
2025-09-05 16:55:16 INFO  (GhidraScript) tflite_analyzer.py>     [DEBUG]   > Currently Tainted HighVariables in this function:  
2025-09-05 16:55:16 INFO  (GhidraScript) tflite_analyzer.py>     [DEBUG]     1. param_1(x0)  
2025-09-05 16:55:16 INFO  (GhidraScript) tflite_analyzer.py>     [DEBUG] ---------------------------------  
2025-09-05 16:55:16 INFO  (GhidraScript) tflite_analyzer.py> <<< Finished analyzing function: operator<<.  
2025-09-05 16:55:16 INFO  (GhidraScript) tflite_analyzer.py> DEBUG: [main @ 00101efc] Taint propagated from pbVar4(x0) to UNNAMED(UniquePcode[0x10000994]) via CAST.  
2025-09-05 16:55:16 INFO  (GhidraScript) tflite_analyzer.py> INFO: [main @ 00101fcc] Taint reached CBRANCH. Operands: [].   
2025-09-05 16:55:16 INFO  (GhidraScript) tflite_analyzer.py> DEBUG: [main @ 00101ffc] Taint propagated from pbVar4(x0) to UNNAMED(UniquePcode[0x10000974]) via CAST.  
2025-09-05 16:55:16 INFO  (GhidraScript) tflite_analyzer.py> DEBUG: [CBRANCH] Found defining op for condition: (unique, 0x18f00, 1) INT_EQUAL (register, 0x4000, 4) , (const, 0x0, 4)  
2025-09-05 16:55:16 INFO  (GhidraScript) tflite_analyzer.py> INFO: [FILTER] Skipping branch at 0010206c from instruction 'cbz'.  
2025-09-05 16:55:16 INFO  (GhidraScript) tflite_analyzer.py> DEBUG: [main @ 0010209c] Taint propagated from pbVar4(x0) to UNNAMED(UniquePcode[0x10000964]) via CAST.  
2025-09-05 16:55:16 INFO  (GhidraScript) tflite_analyzer.py> DEBUG: [CBRANCH] Found defining op for condition: (unique, 0x18a80, 1) INT_EQUAL (unique, 0x18980, 4) , (const, 0x0, 4)  
2025-09-05 16:55:16 INFO  (GhidraScript) tflite_analyzer.py> INFO: [main @ 001020e0] Taint reached CBRANCH. Operands: ['UNNAMED(UniquePcode[0x18980])', 'UnnamedHighVar(Constant: 0x0)'].   
2025-09-05 16:55:16 INFO  (GhidraScript) tflite_analyzer.py> DEBUG: Already analyzed function operator<< with initial taints ('param_1(x0)',) (origin: ['operator']). Skipping.  
2025-09-05 16:55:16 INFO  (GhidraScript) tflite_analyzer.py> DEBUG: [main @ 00102124] Taint propagated from pbVar4(x0) to UNNAMED(UniquePcode[0x10000954]) via CAST.  
2025-09-05 16:55:16 INFO  (GhidraScript) tflite_analyzer.py> DEBUG: [CBRANCH] Found defining op for condition: (unique, 0x1100, 1) INT_SLESS (stack, 0xfffffffffffffc14, 4) , (const, 0xe0, 4)  
2025-09-05 16:55:16 INFO  (GhidraScript) tflite_analyzer.py> INFO: [main @ 00102234] Taint reached CBRANCH. Operands: ['local_3ec(StackDirect[Stack[-0x3ec]])', 'UnnamedHighVar(Constant: 0xe0)'].   
2025-09-05 16:55:16 INFO  (GhidraScript) tflite_analyzer.py> DEBUG: [CBRANCH] Found defining op for condition: (unique, 0x1100, 1) INT_SLESS (stack, 0xfffffffffffffc10, 4) , (const, 0xe0, 4)  
2025-09-05 16:55:16 INFO  (GhidraScript) tflite_analyzer.py> INFO: [main @ 0010224c] Taint reached CBRANCH. Operands: ['local_3f0(StackDirect[Stack[-0x3f0]])', 'UnnamedHighVar(Constant: 0xe0)'].   
2025-09-05 16:55:16 INFO  (GhidraScript) tflite_analyzer.py> DEBUG: [CBRANCH] Found defining op for condition: (unique, 0x1100, 1) INT_SLESS (stack, 0xfffffffffffffc0c, 4) , (const, 0x3, 4)  
2025-09-05 16:55:16 INFO  (GhidraScript) tflite_analyzer.py> INFO: [main @ 00102264] Taint reached CBRANCH. Operands: ['local_3f4(StackDirect[Stack[-0x3f4]])', 'UnnamedHighVar(Constant: 0x3)'].   
2025-09-05 16:55:16 INFO  (GhidraScript) tflite_analyzer.py> DEBUG: [LOAD_HANDLER] Checking LOAD op at 0010229c. Address varnode: (register, 0x4000, 8)  
2025-09-05 16:55:16 INFO  (GhidraScript) tflite_analyzer.py> DEBUG: [LOAD_HANDLER] POINTER_RULE FAIL: Address varnode pbVar10(x0) is not tainted (recursive check).  
2025-09-05 16:55:16 INFO  (GhidraScript) tflite_analyzer.py> DEBUG: [LOAD_HANDLER] REGION_RULE FAIL: Address pointer pbVar10(x0) is not in the tainted memory regions set.  
2025-09-05 16:55:16 INFO  (GhidraScript) tflite_analyzer.py> DEBUG: [CBRANCH] Found defining op for condition: (unique, 0x18f00, 1) INT_EQUAL (register, 0x4000, 4) , (const, 0x0, 4)  
2025-09-05 16:55:16 INFO  (GhidraScript) tflite_analyzer.py> INFO: [FILTER] Skipping branch at 001023ac from instruction 'cbz'.  
2025-09-05 16:55:16 INFO  (GhidraScript) tflite_analyzer.py> DEBUG: [main @ 001023dc] Taint propagated from pbVar4(x0) to UNNAMED(UniquePcode[0x1000093c]) via CAST.  
2025-09-05 16:55:16 INFO  (GhidraScript) tflite_analyzer.py> DEBUG: [LOAD_HANDLER] Checking LOAD op at 00102434. Address varnode: (unique, 0x6500, 8)  
2025-09-05 16:55:16 INFO  (GhidraScript) tflite_analyzer.py> DEBUG: [LOAD_HANDLER] POINTER_RULE FAIL: Address varnode UNNAMED(UniquePcode[0x6500]) is not tainted (recursive check).  
2025-09-05 16:55:16 INFO  (GhidraScript) tflite_analyzer.py> DEBUG: [LOAD_HANDLER] REGION_RULE FAIL: Address pointer UNNAMED(UniquePcode[0x6500]) is not in the tainted memory regions set.  
2025-09-05 16:55:16 INFO  (GhidraScript) tflite_analyzer.py> DEBUG: [LOAD_HANDLER] Checking LOAD op at 00102448. Address varnode: (register, 0x4040, 8)  
2025-09-05 16:55:16 INFO  (GhidraScript) tflite_analyzer.py> DEBUG: [LOAD_HANDLER] POINTER_RULE FAIL: Address varnode UNNAMED(x8) is not tainted (recursive check).  
2025-09-05 16:55:16 INFO  (GhidraScript) tflite_analyzer.py> DEBUG: [LOAD_HANDLER] REGION_RULE FAIL: Address pointer UNNAMED(x8) is not in the tainted memory regions set.  
2025-09-05 16:55:16 INFO  (GhidraScript) tflite_analyzer.py> DEBUG: [LOAD_HANDLER] Checking LOAD op at 00102450. Address varnode: (unique, 0x7580, 8)  
2025-09-05 16:55:16 INFO  (GhidraScript) tflite_analyzer.py> DEBUG: [LOAD_HANDLER] POINTER_RULE FAIL: Address varnode UNNAMED(UniquePcode[0x7580]) is not tainted (recursive check).  
2025-09-05 16:55:16 INFO  (GhidraScript) tflite_analyzer.py> DEBUG: [LOAD_HANDLER] REGION_RULE FAIL: Address pointer UNNAMED(UniquePcode[0x7580]) is not in the tainted memory regions set.  
2025-09-05 16:55:16 INFO  (GhidraScript) tflite_analyzer.py> DEBUG: [LOAD_HANDLER] Checking LOAD op at 001024d4. Address varnode: (register, 0x4000, 8)  
2025-09-05 16:55:16 INFO  (GhidraScript) tflite_analyzer.py> DEBUG: [LOAD_HANDLER] POINTER_RULE FAIL: Address varnode local_60(StackDirect[Stack[-0x60]]) is not tainted (recursive check).  
2025-09-05 16:55:16 INFO  (GhidraScript) tflite_analyzer.py> DEBUG: [LOAD_HANDLER] REGION_RULE FAIL: Address pointer local_60(StackDirect[Stack[-0x60]]) is not in the tainted memory regions set.  
2025-09-05 16:55:16 INFO  (GhidraScript) tflite_analyzer.py> DEBUG: [CBRANCH] Found defining op for condition: (register, 0x108, 1) INT_NOTEQUAL (unique, 0x3db80, 4) , (const, 0x0, 4)  
2025-09-05 16:55:16 INFO  (GhidraScript) tflite_analyzer.py> INFO: [main @ 001024f4] Taint reached CBRANCH. Operands: ['uVar3(w0)', 'UnnamedHighVar(Constant: 0x0)'].   
2025-09-05 16:55:16 INFO  (GhidraScript) tflite_analyzer.py> DEBUG: [CBRANCH] Found defining op for condition: (unique, 0x1580, 1) FLOAT_LESSEQUAL (register, 0x5000, 4) , (const, 0x3f000000, 4)  
2025-09-05 16:55:16 INFO  (GhidraScript) tflite_analyzer.py> INFO: [main @ 00102508] Taint reached CBRANCH. Operands: ['UNNAMED(s0)', 'UnnamedHighVar(Constant: 0x3f000000)'].   
2025-09-05 16:55:16 INFO  (GhidraScript) tflite_analyzer.py> DEBUG: [main @ 001025f0] Analyzing potential tainted RETURN with value: UNNAMED(w0) (Tainted: 0)  
2025-09-05 16:55:16 INFO  (GhidraScript) tflite_analyzer.py>     [DEBUG] --- Taint Check Details (RETURN FAILED) ---  
2025-09-05 16:55:16 INFO  (GhidraScript) tflite_analyzer.py>     [DEBUG]   > Return Varnode: (register, 0x4000, 4) (Size: 4, Def: (register, 0x4000, 4) COPY (stack, 0xffffffffffffff64, 4) at 001025e0)  
2025-09-05 16:55:16 INFO  (GhidraScript) tflite_analyzer.py>     [DEBUG]   > Currently Tainted HighVariables in this function:  
2025-09-05 16:55:16 INFO  (GhidraScript) tflite_analyzer.py>     [DEBUG]     1. UNNAMED(UniquePcode[0x1000093c])  
2025-09-05 16:55:16 INFO  (GhidraScript) tflite_analyzer.py>     [DEBUG]     2. UNNAMED(UniquePcode[0x10000954])  
2025-09-05 16:55:16 INFO  (GhidraScript) tflite_analyzer.py>     [DEBUG]     3. UNNAMED(UniquePcode[0x10000964])  
2025-09-05 16:55:16 INFO  (GhidraScript) tflite_analyzer.py>     [DEBUG]     4. UNNAMED(UniquePcode[0x10000974])  
2025-09-05 16:55:16 INFO  (GhidraScript) tflite_analyzer.py>     [DEBUG]     5. UNNAMED(UniquePcode[0x10000994])  
2025-09-05 16:55:16 INFO  (GhidraScript) tflite_analyzer.py>     [DEBUG]     6. UNNAMED(UniquePcode[0x100009ac])  
2025-09-05 16:55:16 INFO  (GhidraScript) tflite_analyzer.py>     [DEBUG]     7. pbVar4(x0)  
2025-09-05 16:55:16 INFO  (GhidraScript) tflite_analyzer.py>     [DEBUG] ---------------------------------  
2025-09-05 16:55:16 INFO  (GhidraScript) tflite_analyzer.py> <<< Finished analyzing function: main.  
2025-09-05 16:55:16 INFO  (GhidraScript) tflite_analyzer.py> 
--- Analyzing Call Site #1056224 at 00101de0 ---  
2025-09-05 16:55:16 INFO  (GhidraScript) tflite_analyzer.py> DEBUG: Parent (caller): main at 00101d98  
2025-09-05 16:55:16 INFO  (GhidraScript) tflite_analyzer.py> 
--- Initiating Taint Analysis for: main (call at 00101de0) ---  
2025-09-05 16:55:16 INFO  (GhidraScript) tflite_analyzer.py> DEBUG: Taint source is the return value of the call: pbVar4(x0)  
2025-09-05 16:55:16 INFO  (GhidraScript) tflite_analyzer.py> DEBUG: Already analyzed function main with initial taints ('pbVar4(x0)',) (origin: ['operator']). Skipping.  
2025-09-05 16:55:16 INFO  (GhidraScript) tflite_analyzer.py> 
--- Analyzing Call Site #1056236 at 00101dec ---  
2025-09-05 16:55:16 INFO  (GhidraScript) tflite_analyzer.py> DEBUG: Parent (caller): main at 00101d98  
2025-09-05 16:55:16 INFO  (GhidraScript) tflite_analyzer.py> 
--- Initiating Taint Analysis for: main (call at 00101dec) ---  
2025-09-05 16:55:16 INFO  (GhidraScript) tflite_analyzer.py> DEBUG: Taint source is the return value of the call: pbVar4(x0)  
2025-09-05 16:55:16 INFO  (GhidraScript) tflite_analyzer.py> DEBUG: Already analyzed function main with initial taints ('pbVar4(x0)',) (origin: ['operator']). Skipping.  
2025-09-05 16:55:16 INFO  (GhidraScript) tflite_analyzer.py> 
--- Analyzing Call Site #1056248 at 00101df8 ---  
2025-09-05 16:55:16 INFO  (GhidraScript) tflite_analyzer.py> DEBUG: Parent (caller): main at 00101d98  
2025-09-05 16:55:17 INFO  (GhidraScript) tflite_analyzer.py> INFO: Call at 00101df8 has no output varnode. Nothing to taint. Skipping.  
2025-09-05 16:55:17 INFO  (GhidraScript) tflite_analyzer.py> 
--- Analyzing Call Site #1056464 at 00101ed0 ---  
2025-09-05 16:55:17 INFO  (GhidraScript) tflite_analyzer.py> DEBUG: Parent (caller): main at 00101d98  
2025-09-05 16:55:17 INFO  (GhidraScript) tflite_analyzer.py> 
--- Initiating Taint Analysis for: main (call at 00101ed0) ---  
2025-09-05 16:55:17 INFO  (GhidraScript) tflite_analyzer.py> DEBUG: Taint source is the return value of the call: pbVar4(x0)  
2025-09-05 16:55:17 INFO  (GhidraScript) tflite_analyzer.py> DEBUG: Already analyzed function main with initial taints ('pbVar4(x0)',) (origin: ['operator']). Skipping.  
2025-09-05 16:55:17 INFO  (GhidraScript) tflite_analyzer.py> 
--- Analyzing Call Site #1056484 at 00101ee4 ---  
2025-09-05 16:55:17 INFO  (GhidraScript) tflite_analyzer.py> DEBUG: Parent (caller): main at 00101d98  
2025-09-05 16:55:17 INFO  (GhidraScript) tflite_analyzer.py> 
--- Initiating Taint Analysis for: main (call at 00101ee4) ---  
2025-09-05 16:55:17 INFO  (GhidraScript) tflite_analyzer.py> DEBUG: Taint source is the return value of the call: pbVar4(x0)  
2025-09-05 16:55:17 INFO  (GhidraScript) tflite_analyzer.py> DEBUG: Already analyzed function main with initial taints ('pbVar4(x0)',) (origin: ['operator']). Skipping.  
2025-09-05 16:55:17 INFO  (GhidraScript) tflite_analyzer.py> 
--- Analyzing Call Site #1056508 at 00101efc ---  
2025-09-05 16:55:17 INFO  (GhidraScript) tflite_analyzer.py> DEBUG: Parent (caller): main at 00101d98  
2025-09-05 16:55:17 INFO  (GhidraScript) tflite_analyzer.py> INFO: Call at 00101efc has no output varnode. Nothing to taint. Skipping.  
2025-09-05 16:55:17 INFO  (GhidraScript) tflite_analyzer.py> 
--- Analyzing Call Site #1056692 at 00101fb4 ---  
2025-09-05 16:55:17 INFO  (GhidraScript) tflite_analyzer.py> DEBUG: Parent (caller): main at 00101d98  
2025-09-05 16:55:17 INFO  (GhidraScript) tflite_analyzer.py> INFO: Call at 00101fb4 has no output varnode. Nothing to taint. Skipping.  
2025-09-05 16:55:17 INFO  (GhidraScript) tflite_analyzer.py> 
--- Analyzing Call Site #1056740 at 00101fe4 ---  
2025-09-05 16:55:17 INFO  (GhidraScript) tflite_analyzer.py> DEBUG: Parent (caller): main at 00101d98  
2025-09-05 16:55:17 INFO  (GhidraScript) tflite_analyzer.py> 
--- Initiating Taint Analysis for: main (call at 00101fe4) ---  
2025-09-05 16:55:17 INFO  (GhidraScript) tflite_analyzer.py> DEBUG: Taint source is the return value of the call: pbVar4(x0)  
2025-09-05 16:55:17 INFO  (GhidraScript) tflite_analyzer.py> DEBUG: Already analyzed function main with initial taints ('pbVar4(x0)',) (origin: ['operator']). Skipping.  
2025-09-05 16:55:17 INFO  (GhidraScript) tflite_analyzer.py> 
--- Analyzing Call Site #1056764 at 00101ffc ---  
2025-09-05 16:55:17 INFO  (GhidraScript) tflite_analyzer.py> DEBUG: Parent (caller): main at 00101d98  
2025-09-05 16:55:17 INFO  (GhidraScript) tflite_analyzer.py> INFO: Call at 00101ffc has no output varnode. Nothing to taint. Skipping.  
2025-09-05 16:55:17 INFO  (GhidraScript) tflite_analyzer.py> 
--- Analyzing Call Site #1056900 at 00102084 ---  
2025-09-05 16:55:17 INFO  (GhidraScript) tflite_analyzer.py> DEBUG: Parent (caller): main at 00101d98  
2025-09-05 16:55:17 INFO  (GhidraScript) tflite_analyzer.py> 
--- Initiating Taint Analysis for: main (call at 00102084) ---  
2025-09-05 16:55:17 INFO  (GhidraScript) tflite_analyzer.py> DEBUG: Taint source is the return value of the call: pbVar4(x0)  
2025-09-05 16:55:17 INFO  (GhidraScript) tflite_analyzer.py> DEBUG: Already analyzed function main with initial taints ('pbVar4(x0)',) (origin: ['operator']). Skipping.  
2025-09-05 16:55:17 INFO  (GhidraScript) tflite_analyzer.py> 
--- Analyzing Call Site #1056924 at 0010209c ---  
2025-09-05 16:55:17 INFO  (GhidraScript) tflite_analyzer.py> DEBUG: Parent (caller): main at 00101d98  
2025-09-05 16:55:17 INFO  (GhidraScript) tflite_analyzer.py> INFO: Call at 0010209c has no output varnode. Nothing to taint. Skipping.  
2025-09-05 16:55:17 INFO  (GhidraScript) tflite_analyzer.py> 
--- Analyzing Call Site #1057016 at 001020f8 ---  
2025-09-05 16:55:17 INFO  (GhidraScript) tflite_analyzer.py> DEBUG: Parent (caller): main at 00101d98  
2025-09-05 16:55:17 INFO  (GhidraScript) tflite_analyzer.py> 
--- Initiating Taint Analysis for: main (call at 001020f8) ---  
2025-09-05 16:55:17 INFO  (GhidraScript) tflite_analyzer.py> DEBUG: Taint source is the return value of the call: pbVar4(x0)  
2025-09-05 16:55:17 INFO  (GhidraScript) tflite_analyzer.py> DEBUG: Already analyzed function main with initial taints ('pbVar4(x0)',) (origin: ['operator']). Skipping.  
2025-09-05 16:55:17 INFO  (GhidraScript) tflite_analyzer.py> 
--- Analyzing Call Site #1057036 at 0010210c ---  
2025-09-05 16:55:17 INFO  (GhidraScript) tflite_analyzer.py> DEBUG: Parent (caller): main at 00101d98  
2025-09-05 16:55:17 INFO  (GhidraScript) tflite_analyzer.py> 
--- Initiating Taint Analysis for: main (call at 0010210c) ---  
2025-09-05 16:55:17 INFO  (GhidraScript) tflite_analyzer.py> DEBUG: Taint source is the return value of the call: pbVar4(x0)  
2025-09-05 16:55:17 INFO  (GhidraScript) tflite_analyzer.py> DEBUG: Already analyzed function main with initial taints ('pbVar4(x0)',) (origin: ['operator']). Skipping.  
2025-09-05 16:55:17 INFO  (GhidraScript) tflite_analyzer.py> 
--- Analyzing Call Site #1057060 at 00102124 ---  
2025-09-05 16:55:17 INFO  (GhidraScript) tflite_analyzer.py> DEBUG: Parent (caller): main at 00101d98  
2025-09-05 16:55:18 INFO  (GhidraScript) tflite_analyzer.py> INFO: Call at 00102124 has no output varnode. Nothing to taint. Skipping.  
2025-09-05 16:55:18 INFO  (GhidraScript) tflite_analyzer.py> 
--- Analyzing Call Site #1057732 at 001023c4 ---  
2025-09-05 16:55:18 INFO  (GhidraScript) tflite_analyzer.py> DEBUG: Parent (caller): main at 00101d98  
2025-09-05 16:55:18 INFO  (GhidraScript) tflite_analyzer.py> 
--- Initiating Taint Analysis for: main (call at 001023c4) ---  
2025-09-05 16:55:18 INFO  (GhidraScript) tflite_analyzer.py> DEBUG: Taint source is the return value of the call: pbVar4(x0)  
2025-09-05 16:55:18 INFO  (GhidraScript) tflite_analyzer.py> DEBUG: Already analyzed function main with initial taints ('pbVar4(x0)',) (origin: ['operator']). Skipping.  
2025-09-05 16:55:18 INFO  (GhidraScript) tflite_analyzer.py> 
--- Analyzing Call Site #1057756 at 001023dc ---  
2025-09-05 16:55:18 INFO  (GhidraScript) tflite_analyzer.py> DEBUG: Parent (caller): main at 00101d98  
2025-09-05 16:55:18 INFO  (GhidraScript) tflite_analyzer.py> INFO: Call at 001023dc has no output varnode. Nothing to taint. Skipping.  
2025-09-05 16:55:18 INFO  (GhidraScript) tflite_analyzer.py> 
--- Analyzing Call Site #1061928 at 00103428 ---  
2025-09-05 16:55:18 INFO  (GhidraScript) tflite_analyzer.py> DEBUG: Parent (caller): deallocate at 0010340c  
2025-09-05 16:55:18 INFO  (GhidraScript) tflite_analyzer.py> INFO: Call at 00103428 has no output varnode. Nothing to taint. Skipping.  
2025-09-05 16:55:18 INFO  (GhidraScript) tflite_analyzer.py> 
--- Analyzing Call Site #1062800 at 00103790 ---  
2025-09-05 16:55:18 INFO  (GhidraScript) tflite_analyzer.py> DEBUG: Parent (caller): deallocate at 00103774  
2025-09-05 16:55:18 INFO  (GhidraScript) tflite_analyzer.py> INFO: Call at 00103790 has no output varnode. Nothing to taint. Skipping.  
2025-09-05 16:55:18 INFO  (GhidraScript) tflite_analyzer.py> 
--- Analyzing Call Site #1063136 at 001038e0 ---  
2025-09-05 16:55:18 INFO  (GhidraScript) tflite_analyzer.py> DEBUG: Parent (caller): deallocate at 001038c4  
2025-09-05 16:55:18 INFO  (GhidraScript) tflite_analyzer.py> INFO: Call at 001038e0 has no output varnode. Nothing to taint. Skipping.  
2025-09-05 16:55:18 INFO  (GhidraScript) tflite_analyzer.py> 
--- Analyzing Call Site #1063992 at 00103c38 ---  
2025-09-05 16:55:18 INFO  (GhidraScript) tflite_analyzer.py> DEBUG: Parent (caller): deallocate at 00103c1c  
2025-09-05 16:55:18 INFO  (GhidraScript) tflite_analyzer.py> INFO: Call at 00103c38 has no output varnode. Nothing to taint. Skipping.  
2025-09-05 16:55:18 INFO  (GhidraScript) tflite_analyzer.py> 
--- Analyzing Call Site #1064892 at 00103fbc ---  
2025-09-05 16:55:18 INFO  (GhidraScript) tflite_analyzer.py> DEBUG: Parent (caller): deallocate at 00103fa0  
2025-09-05 16:55:18 INFO  (GhidraScript) tflite_analyzer.py> INFO: Call at 00103fbc has no output varnode. Nothing to taint. Skipping.  
2025-09-05 16:55:18 INFO  (GhidraScript) tflite_analyzer.py> 
--- Analyzing Call Site #1065396 at 001041b4 ---  
2025-09-05 16:55:18 INFO  (GhidraScript) tflite_analyzer.py> DEBUG: Parent (caller): deallocate at 00104198  
2025-09-05 16:55:18 INFO  (GhidraScript) tflite_analyzer.py> INFO: Call at 001041b4 has no output varnode. Nothing to taint. Skipping.  
2025-09-05 16:55:18 INFO  (GhidraScript) tflite_analyzer.py> 
--- Analyzing Call Site #1066036 at 00104434 ---  
2025-09-05 16:55:18 INFO  (GhidraScript) tflite_analyzer.py> DEBUG: Parent (caller): operator() at 00104404  
2025-09-05 16:55:18 INFO  (GhidraScript) tflite_analyzer.py> INFO: Call at 00104434 has no output varnode. Nothing to taint. Skipping.  
2025-09-05 16:55:18 INFO  (GhidraScript) tflite_analyzer.py> 
--- Analyzing Call Site #1066672 at 001046b0 ---  
2025-09-05 16:55:18 INFO  (GhidraScript) tflite_analyzer.py> DEBUG: Parent (caller): operator() at 00104680  
2025-09-05 16:55:18 INFO  (GhidraScript) tflite_analyzer.py> INFO: Call at 001046b0 has no output varnode. Nothing to taint. Skipping.  
2025-09-05 16:55:18 INFO  (GhidraScript) tflite_analyzer.py> 
--- Stage 1 Complete. Checking for pending multi-stage analysis tasks... ---  
2025-09-05 16:55:18 INFO  (GhidraScript) tflite_analyzer.py> 
--- Initiating Stage 2 Analysis Task #1 (from rule: tainted_return_from_operator<<) ---  
2025-09-05 16:55:18 INFO  (GhidraScript) tflite_analyzer.py> \n>>> Analyzing function: main (Depth: 0) at 00101d98 (Originating from: tainted_return_from_operator<<) with initial taints: pbVar4(x0)  
2025-09-05 16:55:18 INFO  (GhidraScript) tflite_analyzer.py>   - [STACK_SEARCH.0] Analyzing varnode: (register, 0x4000, 8)  
2025-09-05 16:55:18 INFO  (GhidraScript) tflite_analyzer.py>   - [STACK_SEARCH.0] Details: isAddress=0, addr=register:00004000, isStackAddress=0  
2025-09-05 16:55:18 INFO  (GhidraScript) tflite_analyzer.py>   - [STACK_SEARCH.0] Def P-Code Op: (register, 0x4000, 8) CALL (ram, 0x101bf0, 8) , (unique, 0x100009a4, 8) , (unique, 0x10000578, 8)  
2025-09-05 16:55:18 INFO  (GhidraScript) tflite_analyzer.py>   - [STACK_SEARCH.0] Mnemonic 'CALL' is not a handled case. Aborting path.  
2025-09-05 16:55:18 INFO  (GhidraScript) tflite_analyzer.py> \nDEBUG: Reached specified start PcodeOp (register, 0x4000, 8) CALL (ram, 0x101a80, 8) , (register, 0x4000, 8) , (register, 0x4008, 8) at 00101ee4 in main, subsequent ops will be processed.  
2025-09-05 16:55:18 INFO  (GhidraScript) tflite_analyzer.py> \n>>> Analyzing function: operator<< (Depth: 1) at 00101a80 (Originating from: tainted_return_from_operator<<) with initial taints: param_1(x0)  
2025-09-05 16:55:18 INFO  (GhidraScript) tflite_analyzer.py>   - [STACK_SEARCH.0] Analyzing varnode: (register, 0x4000, 8)  
2025-09-05 16:55:18 INFO  (GhidraScript) tflite_analyzer.py>   - [STACK_SEARCH.0] Details: isAddress=0, addr=register:00004000, isStackAddress=0  
2025-09-05 16:55:18 INFO  (GhidraScript) tflite_analyzer.py>   - [STACK_SEARCH.0] No defining p-code op found. Aborting path.  
2025-09-05 16:55:18 INFO  (GhidraScript) tflite_analyzer.py> DEBUG: Starting taint analysis from the beginning of function operator<<.  
2025-09-05 16:55:18 WARN  (DecompileCallback) Decompiling 00121078, pcode error at 00121078: Unable to disassemble EXTERNAL block location: 00121078  
2025-09-05 16:55:18 INFO  (GhidraScript) tflite_analyzer.py> \n>>> Analyzing function: operator<< (Depth: 2) at 00121078 (Originating from: tainted_return_from_operator<<) with initial taints: param_1(x0)  
2025-09-05 16:55:18 INFO  (GhidraScript) tflite_analyzer.py>   - [STACK_SEARCH.0] Analyzing varnode: (register, 0x4000, 8)  
2025-09-05 16:55:18 INFO  (GhidraScript) tflite_analyzer.py>   - [STACK_SEARCH.0] Details: isAddress=0, addr=register:00004000, isStackAddress=0  
2025-09-05 16:55:18 INFO  (GhidraScript) tflite_analyzer.py>   - [STACK_SEARCH.0] No defining p-code op found. Aborting path.  
2025-09-05 16:55:18 INFO  (GhidraScript) tflite_analyzer.py> DEBUG: Starting taint analysis from the beginning of function operator<<.  
2025-09-05 16:55:18 INFO  (GhidraScript) tflite_analyzer.py> <<< Finished analyzing function: operator<<.  
2025-09-05 16:55:18 INFO  (GhidraScript) tflite_analyzer.py> DEBUG: [operator<< @ 00101a8c] Analyzing potential tainted RETURN with value: pbVar1(x0) (Tainted: 0)  
2025-09-05 16:55:18 INFO  (GhidraScript) tflite_analyzer.py>     [DEBUG] --- Taint Check Details (RETURN FAILED) ---  
2025-09-05 16:55:18 INFO  (GhidraScript) tflite_analyzer.py>     [DEBUG]   > Return Varnode: (register, 0x4000, 8) (Size: 8, Def: (register, 0x4000, 8) CALL (ram, 0x121078, 8) , (register, 0x4000, 8) , (register, 0x4008, 8) at 00101a8c)  
2025-09-05 16:55:18 INFO  (GhidraScript) tflite_analyzer.py>     [DEBUG]   > Currently Tainted HighVariables in this function:  
2025-09-05 16:55:18 INFO  (GhidraScript) tflite_analyzer.py>     [DEBUG]     1. param_1(x0)  
2025-09-05 16:55:18 INFO  (GhidraScript) tflite_analyzer.py>     [DEBUG] ---------------------------------  
2025-09-05 16:55:18 INFO  (GhidraScript) tflite_analyzer.py> <<< Finished analyzing function: operator<<.  
2025-09-05 16:55:18 INFO  (GhidraScript) tflite_analyzer.py> DEBUG: [main @ 00101efc] Taint propagated from pbVar4(x0) to UNNAMED(UniquePcode[0x10000994]) via CAST.  
2025-09-05 16:55:18 INFO  (GhidraScript) tflite_analyzer.py> INFO: [main @ 00101fcc] Taint reached CBRANCH. Operands: [].   
2025-09-05 16:55:18 INFO  (GhidraScript) tflite_analyzer.py> DEBUG: [main @ 00101ffc] Taint propagated from pbVar4(x0) to UNNAMED(UniquePcode[0x10000974]) via CAST.  
2025-09-05 16:55:18 INFO  (GhidraScript) tflite_analyzer.py> DEBUG: [CBRANCH] Found defining op for condition: (unique, 0x18f00, 1) INT_EQUAL (register, 0x4000, 4) , (const, 0x0, 4)  
2025-09-05 16:55:18 INFO  (GhidraScript) tflite_analyzer.py> INFO: [FILTER] Skipping branch at 0010206c from instruction 'cbz'.  
2025-09-05 16:55:18 INFO  (GhidraScript) tflite_analyzer.py> DEBUG: [main @ 0010209c] Taint propagated from pbVar4(x0) to UNNAMED(UniquePcode[0x10000964]) via CAST.  
2025-09-05 16:55:18 INFO  (GhidraScript) tflite_analyzer.py> DEBUG: [CBRANCH] Found defining op for condition: (unique, 0x18a80, 1) INT_EQUAL (unique, 0x18980, 4) , (const, 0x0, 4)  
2025-09-05 16:55:18 INFO  (GhidraScript) tflite_analyzer.py> INFO: [main @ 001020e0] Taint reached CBRANCH. Operands: ['UNNAMED(UniquePcode[0x18980])', 'UnnamedHighVar(Constant: 0x0)'].   
2025-09-05 16:55:18 INFO  (GhidraScript) tflite_analyzer.py> DEBUG: Already analyzed function operator<< with initial taints ('param_1(x0)',) (origin: tainted_return_from_operator<<). Skipping.  
2025-09-05 16:55:18 INFO  (GhidraScript) tflite_analyzer.py> DEBUG: [main @ 00102124] Taint propagated from pbVar4(x0) to UNNAMED(UniquePcode[0x10000954]) via CAST.  
2025-09-05 16:55:18 INFO  (GhidraScript) tflite_analyzer.py> DEBUG: [CBRANCH] Found defining op for condition: (unique, 0x1100, 1) INT_SLESS (stack, 0xfffffffffffffc14, 4) , (const, 0xe0, 4)  
2025-09-05 16:55:18 INFO  (GhidraScript) tflite_analyzer.py> INFO: [main @ 00102234] Taint reached CBRANCH. Operands: ['local_3ec(StackDirect[Stack[-0x3ec]])', 'UnnamedHighVar(Constant: 0xe0)'].   
2025-09-05 16:55:18 INFO  (GhidraScript) tflite_analyzer.py> DEBUG: [CBRANCH] Found defining op for condition: (unique, 0x1100, 1) INT_SLESS (stack, 0xfffffffffffffc10, 4) , (const, 0xe0, 4)  
2025-09-05 16:55:18 INFO  (GhidraScript) tflite_analyzer.py> INFO: [main @ 0010224c] Taint reached CBRANCH. Operands: ['local_3f0(StackDirect[Stack[-0x3f0]])', 'UnnamedHighVar(Constant: 0xe0)'].   
2025-09-05 16:55:18 INFO  (GhidraScript) tflite_analyzer.py> DEBUG: [CBRANCH] Found defining op for condition: (unique, 0x1100, 1) INT_SLESS (stack, 0xfffffffffffffc0c, 4) , (const, 0x3, 4)  
2025-09-05 16:55:18 INFO  (GhidraScript) tflite_analyzer.py> INFO: [main @ 00102264] Taint reached CBRANCH. Operands: ['local_3f4(StackDirect[Stack[-0x3f4]])', 'UnnamedHighVar(Constant: 0x3)'].   
2025-09-05 16:55:18 INFO  (GhidraScript) tflite_analyzer.py> DEBUG: [LOAD_HANDLER] Checking LOAD op at 0010229c. Address varnode: (register, 0x4000, 8)  
2025-09-05 16:55:18 INFO  (GhidraScript) tflite_analyzer.py> DEBUG: [LOAD_HANDLER] POINTER_RULE FAIL: Address varnode pbVar10(x0) is not tainted (recursive check).  
2025-09-05 16:55:18 INFO  (GhidraScript) tflite_analyzer.py> DEBUG: [LOAD_HANDLER] REGION_RULE FAIL: Address pointer pbVar10(x0) is not in the tainted memory regions set.  
2025-09-05 16:55:18 INFO  (GhidraScript) tflite_analyzer.py> DEBUG: [CBRANCH] Found defining op for condition: (unique, 0x18f00, 1) INT_EQUAL (register, 0x4000, 4) , (const, 0x0, 4)  
2025-09-05 16:55:18 INFO  (GhidraScript) tflite_analyzer.py> INFO: [FILTER] Skipping branch at 001023ac from instruction 'cbz'.  
2025-09-05 16:55:18 INFO  (GhidraScript) tflite_analyzer.py> DEBUG: [main @ 001023dc] Taint propagated from pbVar4(x0) to UNNAMED(UniquePcode[0x1000093c]) via CAST.  
2025-09-05 16:55:18 INFO  (GhidraScript) tflite_analyzer.py> DEBUG: [LOAD_HANDLER] Checking LOAD op at 00102434. Address varnode: (unique, 0x6500, 8)  
2025-09-05 16:55:18 INFO  (GhidraScript) tflite_analyzer.py> DEBUG: [LOAD_HANDLER] POINTER_RULE FAIL: Address varnode UNNAMED(UniquePcode[0x6500]) is not tainted (recursive check).  
2025-09-05 16:55:18 INFO  (GhidraScript) tflite_analyzer.py> DEBUG: [LOAD_HANDLER] REGION_RULE FAIL: Address pointer UNNAMED(UniquePcode[0x6500]) is not in the tainted memory regions set.  
2025-09-05 16:55:18 INFO  (GhidraScript) tflite_analyzer.py> DEBUG: [LOAD_HANDLER] Checking LOAD op at 00102448. Address varnode: (register, 0x4040, 8)  
2025-09-05 16:55:18 INFO  (GhidraScript) tflite_analyzer.py> DEBUG: [LOAD_HANDLER] POINTER_RULE FAIL: Address varnode UNNAMED(x8) is not tainted (recursive check).  
2025-09-05 16:55:18 INFO  (GhidraScript) tflite_analyzer.py> DEBUG: [LOAD_HANDLER] REGION_RULE FAIL: Address pointer UNNAMED(x8) is not in the tainted memory regions set.  
2025-09-05 16:55:18 INFO  (GhidraScript) tflite_analyzer.py> DEBUG: [LOAD_HANDLER] Checking LOAD op at 00102450. Address varnode: (unique, 0x7580, 8)  
2025-09-05 16:55:18 INFO  (GhidraScript) tflite_analyzer.py> DEBUG: [LOAD_HANDLER] POINTER_RULE FAIL: Address varnode UNNAMED(UniquePcode[0x7580]) is not tainted (recursive check).  
2025-09-05 16:55:18 INFO  (GhidraScript) tflite_analyzer.py> DEBUG: [LOAD_HANDLER] REGION_RULE FAIL: Address pointer UNNAMED(UniquePcode[0x7580]) is not in the tainted memory regions set.  
2025-09-05 16:55:18 INFO  (GhidraScript) tflite_analyzer.py> DEBUG: [LOAD_HANDLER] Checking LOAD op at 001024d4. Address varnode: (register, 0x4000, 8)  
2025-09-05 16:55:18 INFO  (GhidraScript) tflite_analyzer.py> DEBUG: [LOAD_HANDLER] POINTER_RULE FAIL: Address varnode local_60(StackDirect[Stack[-0x60]]) is not tainted (recursive check).  
2025-09-05 16:55:18 INFO  (GhidraScript) tflite_analyzer.py> DEBUG: [LOAD_HANDLER] REGION_RULE FAIL: Address pointer local_60(StackDirect[Stack[-0x60]]) is not in the tainted memory regions set.  
2025-09-05 16:55:18 INFO  (GhidraScript) tflite_analyzer.py> DEBUG: [CBRANCH] Found defining op for condition: (register, 0x108, 1) INT_NOTEQUAL (unique, 0x3db80, 4) , (const, 0x0, 4)  
2025-09-05 16:55:18 INFO  (GhidraScript) tflite_analyzer.py> INFO: [main @ 001024f4] Taint reached CBRANCH. Operands: ['uVar3(w0)', 'UnnamedHighVar(Constant: 0x0)'].   
2025-09-05 16:55:18 INFO  (GhidraScript) tflite_analyzer.py> DEBUG: [CBRANCH] Found defining op for condition: (unique, 0x1580, 1) FLOAT_LESSEQUAL (register, 0x5000, 4) , (const, 0x3f000000, 4)  
2025-09-05 16:55:18 INFO  (GhidraScript) tflite_analyzer.py> INFO: [main @ 00102508] Taint reached CBRANCH. Operands: ['UNNAMED(s0)', 'UnnamedHighVar(Constant: 0x3f000000)'].   
2025-09-05 16:55:18 INFO  (GhidraScript) tflite_analyzer.py> DEBUG: [main @ 001025f0] Analyzing potential tainted RETURN with value: UNNAMED(w0) (Tainted: 0)  
2025-09-05 16:55:18 INFO  (GhidraScript) tflite_analyzer.py>     [DEBUG] --- Taint Check Details (RETURN FAILED) ---  
2025-09-05 16:55:18 INFO  (GhidraScript) tflite_analyzer.py>     [DEBUG]   > Return Varnode: (register, 0x4000, 4) (Size: 4, Def: (register, 0x4000, 4) COPY (stack, 0xffffffffffffff64, 4) at 001025e0)  
2025-09-05 16:55:18 INFO  (GhidraScript) tflite_analyzer.py>     [DEBUG]   > Currently Tainted HighVariables in this function:  
2025-09-05 16:55:18 INFO  (GhidraScript) tflite_analyzer.py>     [DEBUG]     1. UNNAMED(UniquePcode[0x1000093c])  
2025-09-05 16:55:18 INFO  (GhidraScript) tflite_analyzer.py>     [DEBUG]     2. UNNAMED(UniquePcode[0x10000954])  
2025-09-05 16:55:18 INFO  (GhidraScript) tflite_analyzer.py>     [DEBUG]     3. UNNAMED(UniquePcode[0x10000964])  
2025-09-05 16:55:18 INFO  (GhidraScript) tflite_analyzer.py>     [DEBUG]     4. UNNAMED(UniquePcode[0x10000974])  
2025-09-05 16:55:18 INFO  (GhidraScript) tflite_analyzer.py>     [DEBUG]     5. UNNAMED(UniquePcode[0x10000994])  
2025-09-05 16:55:18 INFO  (GhidraScript) tflite_analyzer.py>     [DEBUG]     6. pbVar4(x0)  
2025-09-05 16:55:18 INFO  (GhidraScript) tflite_analyzer.py>     [DEBUG] ---------------------------------  
2025-09-05 16:55:18 INFO  (GhidraScript) tflite_analyzer.py> <<< Finished analyzing function: main.  
2025-09-05 16:55:18 INFO  (GhidraScript) tflite_analyzer.py> 
--- Initiating Stage 2 Analysis Task #2 (from rule: tainted_return_from_operator<<) ---  
2025-09-05 16:55:18 INFO  (GhidraScript) tflite_analyzer.py> DEBUG: Already analyzed function main with initial taints ('pbVar4(x0)',) (origin: tainted_return_from_operator<<). Skipping.  
2025-09-05 16:55:18 INFO  (GhidraScript) tflite_analyzer.py> 
--- Initiating Stage 2 Analysis Task #3 (from rule: tainted_return_from_operator<<) ---  
2025-09-05 16:55:18 INFO  (GhidraScript) tflite_analyzer.py> DEBUG: Already analyzed function main with initial taints ('pbVar4(x0)',) (origin: tainted_return_from_operator<<). Skipping.  
2025-09-05 16:55:18 INFO  (GhidraScript) tflite_analyzer.py> 
--- Initiating Stage 2 Analysis Task #4 (from rule: tainted_return_from_operator<<) ---  
2025-09-05 16:55:18 INFO  (GhidraScript) tflite_analyzer.py> DEBUG: Already analyzed function main with initial taints ('pbVar4(x0)',) (origin: tainted_return_from_operator<<). Skipping.  
2025-09-05 16:55:18 INFO  (GhidraScript) tflite_analyzer.py> 
--- Initiating Stage 2 Analysis Task #5 (from rule: tainted_return_from_operator<<) ---  
2025-09-05 16:55:18 INFO  (GhidraScript) tflite_analyzer.py> DEBUG: Already analyzed function main with initial taints ('pbVar4(x0)',) (origin: tainted_return_from_operator<<). Skipping.  
2025-09-05 16:55:18 INFO  (GhidraScript) tflite_analyzer.py> 
--- Initiating Stage 2 Analysis Task #6 (from rule: tainted_return_from_operator<<) ---  
2025-09-05 16:55:18 INFO  (GhidraScript) tflite_analyzer.py> DEBUG: Already analyzed function main with initial taints ('pbVar4(x0)',) (origin: tainted_return_from_operator<<). Skipping.  
2025-09-05 16:55:18 INFO  (GhidraScript) tflite_analyzer.py> 
--- Initiating Stage 2 Analysis Task #7 (from rule: tainted_return_from_operator<<) ---  
2025-09-05 16:55:18 INFO  (GhidraScript) tflite_analyzer.py> DEBUG: Already analyzed function main with initial taints ('pbVar4(x0)',) (origin: tainted_return_from_operator<<). Skipping.  
2025-09-05 16:55:18 INFO  (GhidraScript) tflite_analyzer.py> 
--- Initiating Stage 2 Analysis Task #8 (from rule: tainted_return_from_operator<<) ---  
2025-09-05 16:55:18 INFO  (GhidraScript) tflite_analyzer.py> DEBUG: Already analyzed function main with initial taints ('pbVar4(x0)',) (origin: tainted_return_from_operator<<). Skipping.  
2025-09-05 16:55:18 INFO  (GhidraScript) tflite_analyzer.py> 
--- Initiating Stage 2 Analysis Task #9 (from rule: tainted_return_from_operator<<) ---  
2025-09-05 16:55:18 INFO  (GhidraScript) tflite_analyzer.py> DEBUG: Already analyzed function main with initial taints ('pbVar4(x0)',) (origin: tainted_return_from_operator<<). Skipping.  
2025-09-05 16:55:18 INFO  (GhidraScript) tflite_analyzer.py> 
--- Initiating Stage 2 Analysis Task #10 (from rule: tainted_return_from_operator<<) ---  
2025-09-05 16:55:18 INFO  (GhidraScript) tflite_analyzer.py> DEBUG: Already analyzed function main with initial taints ('pbVar4(x0)',) (origin: tainted_return_from_operator<<). Skipping.  
2025-09-05 16:55:18 INFO  (GhidraScript) tflite_analyzer.py> 
--- All Multi-Stage Analysis Tasks Complete. ---  
2025-09-05 16:55:18 INFO  (GhidraScript) tflite_analyzer.py> 
--- Taint Analysis Run Complete ---  
2025-09-05 16:55:18 INFO  (GhidraScript) tflite_analyzer.py> \n--- All Detected Tainted Value Usages (Interprocedural) ---  
2025-09-05 16:55:18 INFO  (GhidraScript) tflite_analyzer.py> Usage #1:  
2025-09-05 16:55:18 INFO  (GhidraScript) tflite_analyzer.py>   Originating Lib Call: ['operator']  
2025-09-05 16:55:18 INFO  (GhidraScript) tflite_analyzer.py>   Found In Function:   operator<< at 00101a80  
2025-09-05 16:55:18 INFO  (GhidraScript) tflite_analyzer.py>   Instruction Address: 00101a8c  
2025-09-05 16:55:18 INFO  (GhidraScript) tflite_analyzer.py>     PCode Op:             ---  RETURN (const, 0x0, 8) , (register, 0x4000, 8)  
2025-09-05 16:55:18 INFO  (GhidraScript) tflite_analyzer.py>     Usage Type:          RETURN_TAINTED_VALUE  
2025-09-05 16:55:18 INFO  (GhidraScript) tflite_analyzer.py>     Tainted Component:   pbVar1(x0)  
2025-09-05 16:55:18 INFO  (GhidraScript) tflite_analyzer.py> ----------------------------------------  
2025-09-05 16:55:18 INFO  (GhidraScript) tflite_analyzer.py> Usage #2:  
2025-09-05 16:55:18 INFO  (GhidraScript) tflite_analyzer.py>   Originating Lib Call: ['operator']  
2025-09-05 16:55:18 INFO  (GhidraScript) tflite_analyzer.py>   Found In Function:   operator<< at 00101bf0  
2025-09-05 16:55:18 INFO  (GhidraScript) tflite_analyzer.py>   Instruction Address: 00101bfc  
2025-09-05 16:55:18 INFO  (GhidraScript) tflite_analyzer.py>     PCode Op:             ---  RETURN (const, 0x0, 8) , (register, 0x4000, 8)  
2025-09-05 16:55:18 INFO  (GhidraScript) tflite_analyzer.py>     Usage Type:          RETURN_TAINTED_VALUE  
2025-09-05 16:55:18 INFO  (GhidraScript) tflite_analyzer.py>     Tainted Component:   pbVar1(x0)  
2025-09-05 16:55:18 INFO  (GhidraScript) tflite_analyzer.py> ----------------------------------------  
2025-09-05 16:55:18 INFO  (GhidraScript) tflite_analyzer.py> Usage #3:  
2025-09-05 16:55:18 INFO  (GhidraScript) tflite_analyzer.py>   Originating Lib Call: ['operator']  
2025-09-05 16:55:18 INFO  (GhidraScript) tflite_analyzer.py>   Found In Function:   main at 00101d98  
2025-09-05 16:55:18 INFO  (GhidraScript) tflite_analyzer.py>   Instruction Address: 00101de0  
2025-09-05 16:55:18 INFO  (GhidraScript) tflite_analyzer.py>     PCode Op:            (register, 0x4000, 8) CALL (ram, 0x101bf0, 8) , (register, 0x4000, 8) , (register, 0x4008, 8)  
2025-09-05 16:55:18 INFO  (GhidraScript) tflite_analyzer.py>     Usage Type:          TAINTED_ARG_TO_CALL_RECURSION  
2025-09-05 16:55:18 INFO  (GhidraScript) tflite_analyzer.py>     Details:             Recursive call to operator<< (CALL) with taints: param_1(x0).  
2025-09-05 16:55:18 INFO  (GhidraScript) tflite_analyzer.py> ----------------------------------------  
2025-09-05 16:55:18 INFO  (GhidraScript) tflite_analyzer.py> Usage #4:  
2025-09-05 16:55:18 INFO  (GhidraScript) tflite_analyzer.py>   Originating Lib Call: ['operator']  
2025-09-05 16:55:18 INFO  (GhidraScript) tflite_analyzer.py>   Found In Function:   operator<< at 00101bf0  
2025-09-05 16:55:18 INFO  (GhidraScript) tflite_analyzer.py>   Instruction Address: 00101bfc  
2025-09-05 16:55:18 INFO  (GhidraScript) tflite_analyzer.py>     PCode Op:            (register, 0x4000, 8) CALL (ram, 0x121150, 8) , (register, 0x4000, 8) , (register, 0x4008, 8)  
2025-09-05 16:55:18 INFO  (GhidraScript) tflite_analyzer.py>     Usage Type:          TAINTED_ARG_TO_CALL_RECURSION  
2025-09-05 16:55:18 INFO  (GhidraScript) tflite_analyzer.py>     Details:             Recursive call to operator<< (CALL) with taints: param_1(x0).  
2025-09-05 16:55:18 INFO  (GhidraScript) tflite_analyzer.py> ----------------------------------------  
2025-09-05 16:55:18 INFO  (GhidraScript) tflite_analyzer.py> Usage #5:  
2025-09-05 16:55:18 INFO  (GhidraScript) tflite_analyzer.py>   Originating Lib Call: ['operator']  
2025-09-05 16:55:18 INFO  (GhidraScript) tflite_analyzer.py>   Found In Function:   main at 00101d98  
2025-09-05 16:55:18 INFO  (GhidraScript) tflite_analyzer.py>   Instruction Address: 00101dec  
2025-09-05 16:55:18 INFO  (GhidraScript) tflite_analyzer.py>     PCode Op:            (register, 0x4000, 8) CALL (ram, 0x101bf0, 8) , (register, 0x4000, 8) , (unique, 0x10000580, 8)  
2025-09-05 16:55:18 INFO  (GhidraScript) tflite_analyzer.py>     Usage Type:          TAINTED_ARG_TO_CALL_RECURSION  
2025-09-05 16:55:18 INFO  (GhidraScript) tflite_analyzer.py>     Details:             Recursive call to operator<< (CALL) with taints: param_1(x0).  
2025-09-05 16:55:18 INFO  (GhidraScript) tflite_analyzer.py> ----------------------------------------  
2025-09-05 16:55:18 INFO  (GhidraScript) tflite_analyzer.py> Usage #6:  
2025-09-05 16:55:18 INFO  (GhidraScript) tflite_analyzer.py>   Originating Lib Call: ['operator']  
2025-09-05 16:55:18 INFO  (GhidraScript) tflite_analyzer.py>   Found In Function:   main at 00101d98  
2025-09-05 16:55:18 INFO  (GhidraScript) tflite_analyzer.py>   Instruction Address: 00101eb8  
2025-09-05 16:55:18 INFO  (GhidraScript) tflite_analyzer.py>     PCode Op:             ---  CBRANCH (ram, 0x101f78, 1) , (register, 0x4000, 1)  
2025-09-05 16:55:18 INFO  (GhidraScript) tflite_analyzer.py>     Usage Type:          BRANCH_CONDITION_TAINTED  
2025-09-05 16:55:18 INFO  (GhidraScript) tflite_analyzer.py>     Tainted Component:   bVar1(w0)  
2025-09-05 16:55:18 INFO  (GhidraScript) tflite_analyzer.py>     Details:             Tainted condition for branch.  
2025-09-05 16:55:18 INFO  (GhidraScript) tflite_analyzer.py> ----------------------------------------  
2025-09-05 16:55:18 INFO  (GhidraScript) tflite_analyzer.py> Usage #7:  
2025-09-05 16:55:18 INFO  (GhidraScript) tflite_analyzer.py>   Originating Lib Call: ['operator']  
2025-09-05 16:55:18 INFO  (GhidraScript) tflite_analyzer.py>   Found In Function:   main at 00101d98  
2025-09-05 16:55:18 INFO  (GhidraScript) tflite_analyzer.py>   Instruction Address: 00101ee4  
2025-09-05 16:55:18 INFO  (GhidraScript) tflite_analyzer.py>     PCode Op:            (register, 0x4000, 8) CALL (ram, 0x101a80, 8) , (register, 0x4000, 8) , (register, 0x4008, 8)  
2025-09-05 16:55:18 INFO  (GhidraScript) tflite_analyzer.py>     Usage Type:          TAINTED_ARG_TO_CALL_RECURSION  
2025-09-05 16:55:18 INFO  (GhidraScript) tflite_analyzer.py>     Details:             Recursive call to operator<< (CALL) with taints: param_1(x0).  
2025-09-05 16:55:18 INFO  (GhidraScript) tflite_analyzer.py> ----------------------------------------  
2025-09-05 16:55:18 INFO  (GhidraScript) tflite_analyzer.py> Usage #8:  
2025-09-05 16:55:18 INFO  (GhidraScript) tflite_analyzer.py>   Originating Lib Call: ['operator']  
2025-09-05 16:55:18 INFO  (GhidraScript) tflite_analyzer.py>   Found In Function:   operator<< at 00101a80  
2025-09-05 16:55:18 INFO  (GhidraScript) tflite_analyzer.py>   Instruction Address: 00101a8c  
2025-09-05 16:55:18 INFO  (GhidraScript) tflite_analyzer.py>     PCode Op:            (register, 0x4000, 8) CALL (ram, 0x121078, 8) , (register, 0x4000, 8) , (register, 0x4008, 8)  
2025-09-05 16:55:18 INFO  (GhidraScript) tflite_analyzer.py>     Usage Type:          TAINTED_ARG_TO_CALL_RECURSION  
2025-09-05 16:55:18 INFO  (GhidraScript) tflite_analyzer.py>     Details:             Recursive call to operator<< (CALL) with taints: param_1(x0).  
2025-09-05 16:55:18 INFO  (GhidraScript) tflite_analyzer.py> ----------------------------------------  
2025-09-05 16:55:18 INFO  (GhidraScript) tflite_analyzer.py> Usage #9:  
2025-09-05 16:55:18 INFO  (GhidraScript) tflite_analyzer.py>   Originating Lib Call: ['operator']  
2025-09-05 16:55:18 INFO  (GhidraScript) tflite_analyzer.py>   Found In Function:   main at 00101d98  
2025-09-05 16:55:18 INFO  (GhidraScript) tflite_analyzer.py>   Instruction Address: 00101fcc  
2025-09-05 16:55:18 INFO  (GhidraScript) tflite_analyzer.py>     PCode Op:             ---  CBRANCH (ram, 0x102040, 1) , (register, 0x4000, 1)  
2025-09-05 16:55:18 INFO  (GhidraScript) tflite_analyzer.py>     Usage Type:          BRANCH_CONDITION_TAINTED  
2025-09-05 16:55:18 INFO  (GhidraScript) tflite_analyzer.py>     Tainted Component:   bVar1(w0)  
2025-09-05 16:55:18 INFO  (GhidraScript) tflite_analyzer.py>     Details:             Tainted condition for branch.  
2025-09-05 16:55:18 INFO  (GhidraScript) tflite_analyzer.py> ----------------------------------------  
2025-09-05 16:55:18 INFO  (GhidraScript) tflite_analyzer.py> Usage #10:  
2025-09-05 16:55:18 INFO  (GhidraScript) tflite_analyzer.py>   Originating Lib Call: ['operator']  
2025-09-05 16:55:18 INFO  (GhidraScript) tflite_analyzer.py>   Found In Function:   main at 00101d98  
2025-09-05 16:55:18 INFO  (GhidraScript) tflite_analyzer.py>   Instruction Address: 001020e0  
2025-09-05 16:55:18 INFO  (GhidraScript) tflite_analyzer.py>     PCode Op:             ---  CBRANCH (ram, 0x102150, 1) , (unique, 0x18a80, 1)  
2025-09-05 16:55:18 INFO  (GhidraScript) tflite_analyzer.py>     Usage Type:          BRANCH_CONDITION_TAINTED  
2025-09-05 16:55:18 INFO  (GhidraScript) tflite_analyzer.py>     Tainted Component:   UNNAMED(UniquePcode[0x18a80])  
2025-09-05 16:55:18 INFO  (GhidraScript) tflite_analyzer.py>     Details:             Tainted condition for branch.  
2025-09-05 16:55:18 INFO  (GhidraScript) tflite_analyzer.py> ----------------------------------------  
2025-09-05 16:55:18 INFO  (GhidraScript) tflite_analyzer.py> Usage #11:  
2025-09-05 16:55:18 INFO  (GhidraScript) tflite_analyzer.py>   Originating Lib Call: ['operator']  
2025-09-05 16:55:18 INFO  (GhidraScript) tflite_analyzer.py>   Found In Function:   main at 00101d98  
2025-09-05 16:55:18 INFO  (GhidraScript) tflite_analyzer.py>   Instruction Address: 0010210c  
2025-09-05 16:55:18 INFO  (GhidraScript) tflite_analyzer.py>     PCode Op:            (register, 0x4000, 8) CALL (ram, 0x101a80, 8) , (register, 0x4000, 8) , (register, 0x4008, 8)  
2025-09-05 16:55:18 INFO  (GhidraScript) tflite_analyzer.py>     Usage Type:          TAINTED_ARG_TO_CALL_RECURSION  
2025-09-05 16:55:18 INFO  (GhidraScript) tflite_analyzer.py>     Details:             Recursive call to operator<< (CALL) with taints: param_1(x0).  
2025-09-05 16:55:18 INFO  (GhidraScript) tflite_analyzer.py> ----------------------------------------  
2025-09-05 16:55:18 INFO  (GhidraScript) tflite_analyzer.py> Usage #12:  
2025-09-05 16:55:18 INFO  (GhidraScript) tflite_analyzer.py>   Originating Lib Call: ['operator']  
2025-09-05 16:55:18 INFO  (GhidraScript) tflite_analyzer.py>   Found In Function:   main at 00101d98  
2025-09-05 16:55:18 INFO  (GhidraScript) tflite_analyzer.py>   Instruction Address: 00102234  
2025-09-05 16:55:18 INFO  (GhidraScript) tflite_analyzer.py>     PCode Op:             ---  CBRANCH (ram, 0x102394, 1) , (unique, 0x1100, 1)  
2025-09-05 16:55:18 INFO  (GhidraScript) tflite_analyzer.py>     Usage Type:          BRANCH_CONDITION_TAINTED  
2025-09-05 16:55:18 INFO  (GhidraScript) tflite_analyzer.py>     Tainted Component:   UNNAMED(UniquePcode[0x1100])  
2025-09-05 16:55:18 INFO  (GhidraScript) tflite_analyzer.py>     Details:             Tainted condition for branch.  
2025-09-05 16:55:18 INFO  (GhidraScript) tflite_analyzer.py> ----------------------------------------  
2025-09-05 16:55:18 INFO  (GhidraScript) tflite_analyzer.py> Usage #13:  
2025-09-05 16:55:18 INFO  (GhidraScript) tflite_analyzer.py>   Originating Lib Call: ['operator']  
2025-09-05 16:55:18 INFO  (GhidraScript) tflite_analyzer.py>   Found In Function:   main at 00101d98  
2025-09-05 16:55:18 INFO  (GhidraScript) tflite_analyzer.py>   Instruction Address: 0010224c  
2025-09-05 16:55:18 INFO  (GhidraScript) tflite_analyzer.py>     PCode Op:             ---  CBRANCH (ram, 0x102380, 1) , (unique, 0x1100, 1)  
2025-09-05 16:55:18 INFO  (GhidraScript) tflite_analyzer.py>     Usage Type:          BRANCH_CONDITION_TAINTED  
2025-09-05 16:55:18 INFO  (GhidraScript) tflite_analyzer.py>     Tainted Component:   UNNAMED(UniquePcode[0x1100])  
2025-09-05 16:55:18 INFO  (GhidraScript) tflite_analyzer.py>     Details:             Tainted condition for branch.  
2025-09-05 16:55:18 INFO  (GhidraScript) tflite_analyzer.py> ----------------------------------------  
2025-09-05 16:55:18 INFO  (GhidraScript) tflite_analyzer.py> Usage #14:  
2025-09-05 16:55:18 INFO  (GhidraScript) tflite_analyzer.py>   Originating Lib Call: ['operator']  
2025-09-05 16:55:18 INFO  (GhidraScript) tflite_analyzer.py>   Found In Function:   main at 00101d98  
2025-09-05 16:55:18 INFO  (GhidraScript) tflite_analyzer.py>   Instruction Address: 00102264  
2025-09-05 16:55:18 INFO  (GhidraScript) tflite_analyzer.py>     PCode Op:             ---  CBRANCH (ram, 0x10236c, 1) , (unique, 0x1100, 1)  
2025-09-05 16:55:18 INFO  (GhidraScript) tflite_analyzer.py>     Usage Type:          BRANCH_CONDITION_TAINTED  
2025-09-05 16:55:18 INFO  (GhidraScript) tflite_analyzer.py>     Tainted Component:   UNNAMED(UniquePcode[0x1100])  
2025-09-05 16:55:18 INFO  (GhidraScript) tflite_analyzer.py>     Details:             Tainted condition for branch.  
2025-09-05 16:55:18 INFO  (GhidraScript) tflite_analyzer.py> ----------------------------------------  
2025-09-05 16:55:18 INFO  (GhidraScript) tflite_analyzer.py> Usage #15:  
2025-09-05 16:55:18 INFO  (GhidraScript) tflite_analyzer.py>   Originating Lib Call: ['operator']  
2025-09-05 16:55:18 INFO  (GhidraScript) tflite_analyzer.py>   Found In Function:   main at 00101d98  
2025-09-05 16:55:18 INFO  (GhidraScript) tflite_analyzer.py>   Instruction Address: 001024f4  
2025-09-05 16:55:18 INFO  (GhidraScript) tflite_analyzer.py>     PCode Op:             ---  CBRANCH (ram, 0x102524, 1) , (register, 0x108, 1)  
2025-09-05 16:55:18 INFO  (GhidraScript) tflite_analyzer.py>     Usage Type:          BRANCH_CONDITION_TAINTED  
2025-09-05 16:55:18 INFO  (GhidraScript) tflite_analyzer.py>     Tainted Component:   UNNAMED(tmpZR)  
2025-09-05 16:55:18 INFO  (GhidraScript) tflite_analyzer.py>     Details:             Tainted condition for branch.  
2025-09-05 16:55:18 INFO  (GhidraScript) tflite_analyzer.py> ----------------------------------------  
2025-09-05 16:55:18 INFO  (GhidraScript) tflite_analyzer.py> Usage #16:  
2025-09-05 16:55:18 INFO  (GhidraScript) tflite_analyzer.py>   Originating Lib Call: ['operator']  
2025-09-05 16:55:18 INFO  (GhidraScript) tflite_analyzer.py>   Found In Function:   main at 00101d98  
2025-09-05 16:55:18 INFO  (GhidraScript) tflite_analyzer.py>   Instruction Address: 00102508  
2025-09-05 16:55:18 INFO  (GhidraScript) tflite_analyzer.py>     PCode Op:             ---  CBRANCH (ram, 0x102524, 1) , (unique, 0x1580, 1)  
2025-09-05 16:55:18 INFO  (GhidraScript) tflite_analyzer.py>     Usage Type:          BRANCH_CONDITION_TAINTED  
2025-09-05 16:55:18 INFO  (GhidraScript) tflite_analyzer.py>     Tainted Component:   UNNAMED(UniquePcode[0x1580])  
2025-09-05 16:55:18 INFO  (GhidraScript) tflite_analyzer.py>     Details:             Tainted condition for branch.  
2025-09-05 16:55:18 INFO  (GhidraScript) tflite_analyzer.py> ----------------------------------------  
2025-09-05 16:55:18 INFO  (GhidraScript) tflite_analyzer.py> Usage #17:  
2025-09-05 16:55:18 INFO  (GhidraScript) tflite_analyzer.py>   Originating Lib Call: tainted_return_from_operator<<  
2025-09-05 16:55:18 INFO  (GhidraScript) tflite_analyzer.py>   Found In Function:   main at 00101d98  
2025-09-05 16:55:18 INFO  (GhidraScript) tflite_analyzer.py>   Instruction Address: 00101ee4  
2025-09-05 16:55:18 INFO  (GhidraScript) tflite_analyzer.py>     PCode Op:            (register, 0x4000, 8) CALL (ram, 0x101a80, 8) , (register, 0x4000, 8) , (register, 0x4008, 8)  
2025-09-05 16:55:18 INFO  (GhidraScript) tflite_analyzer.py>     Usage Type:          TAINTED_ARG_TO_CALL_RECURSION  
2025-09-05 16:55:18 INFO  (GhidraScript) tflite_analyzer.py>     Details:             Recursive call to operator<< (CALL) with taints: param_1(x0).  
2025-09-05 16:55:18 INFO  (GhidraScript) tflite_analyzer.py> ----------------------------------------  
2025-09-05 16:55:18 INFO  (GhidraScript) tflite_analyzer.py> Usage #18:  
2025-09-05 16:55:18 INFO  (GhidraScript) tflite_analyzer.py>   Originating Lib Call: tainted_return_from_operator<<  
2025-09-05 16:55:18 INFO  (GhidraScript) tflite_analyzer.py>   Found In Function:   operator<< at 00101a80  
2025-09-05 16:55:18 INFO  (GhidraScript) tflite_analyzer.py>   Instruction Address: 00101a8c  
2025-09-05 16:55:18 INFO  (GhidraScript) tflite_analyzer.py>     PCode Op:            (register, 0x4000, 8) CALL (ram, 0x121078, 8) , (register, 0x4000, 8) , (register, 0x4008, 8)  
2025-09-05 16:55:18 INFO  (GhidraScript) tflite_analyzer.py>     Usage Type:          TAINTED_ARG_TO_CALL_RECURSION  
2025-09-05 16:55:18 INFO  (GhidraScript) tflite_analyzer.py>     Details:             Recursive call to operator<< (CALL) with taints: param_1(x0).  
2025-09-05 16:55:18 INFO  (GhidraScript) tflite_analyzer.py> ----------------------------------------  
2025-09-05 16:55:18 INFO  (GhidraScript) tflite_analyzer.py> Usage #19:  
2025-09-05 16:55:18 INFO  (GhidraScript) tflite_analyzer.py>   Originating Lib Call: tainted_return_from_operator<<  
2025-09-05 16:55:18 INFO  (GhidraScript) tflite_analyzer.py>   Found In Function:   main at 00101d98  
2025-09-05 16:55:18 INFO  (GhidraScript) tflite_analyzer.py>   Instruction Address: 00101fcc  
2025-09-05 16:55:18 INFO  (GhidraScript) tflite_analyzer.py>     PCode Op:             ---  CBRANCH (ram, 0x102040, 1) , (register, 0x4000, 1)  
2025-09-05 16:55:18 INFO  (GhidraScript) tflite_analyzer.py>     Usage Type:          BRANCH_CONDITION_TAINTED  
2025-09-05 16:55:18 INFO  (GhidraScript) tflite_analyzer.py>     Tainted Component:   bVar1(w0)  
2025-09-05 16:55:18 INFO  (GhidraScript) tflite_analyzer.py>     Details:             Tainted condition for branch.  
2025-09-05 16:55:18 INFO  (GhidraScript) tflite_analyzer.py> ----------------------------------------  
2025-09-05 16:55:18 INFO  (GhidraScript) tflite_analyzer.py> Usage #20:  
2025-09-05 16:55:18 INFO  (GhidraScript) tflite_analyzer.py>   Originating Lib Call: tainted_return_from_operator<<  
2025-09-05 16:55:18 INFO  (GhidraScript) tflite_analyzer.py>   Found In Function:   main at 00101d98  
2025-09-05 16:55:18 INFO  (GhidraScript) tflite_analyzer.py>   Instruction Address: 001020e0  
2025-09-05 16:55:18 INFO  (GhidraScript) tflite_analyzer.py>     PCode Op:             ---  CBRANCH (ram, 0x102150, 1) , (unique, 0x18a80, 1)  
2025-09-05 16:55:18 INFO  (GhidraScript) tflite_analyzer.py>     Usage Type:          BRANCH_CONDITION_TAINTED  
2025-09-05 16:55:18 INFO  (GhidraScript) tflite_analyzer.py>     Tainted Component:   UNNAMED(UniquePcode[0x18a80])  
2025-09-05 16:55:18 INFO  (GhidraScript) tflite_analyzer.py>     Details:             Tainted condition for branch.  
2025-09-05 16:55:18 INFO  (GhidraScript) tflite_analyzer.py> ----------------------------------------  
2025-09-05 16:55:18 INFO  (GhidraScript) tflite_analyzer.py> Usage #21:  
2025-09-05 16:55:18 INFO  (GhidraScript) tflite_analyzer.py>   Originating Lib Call: tainted_return_from_operator<<  
2025-09-05 16:55:18 INFO  (GhidraScript) tflite_analyzer.py>   Found In Function:   main at 00101d98  
2025-09-05 16:55:18 INFO  (GhidraScript) tflite_analyzer.py>   Instruction Address: 0010210c  
2025-09-05 16:55:18 INFO  (GhidraScript) tflite_analyzer.py>     PCode Op:            (register, 0x4000, 8) CALL (ram, 0x101a80, 8) , (register, 0x4000, 8) , (register, 0x4008, 8)  
2025-09-05 16:55:18 INFO  (GhidraScript) tflite_analyzer.py>     Usage Type:          TAINTED_ARG_TO_CALL_RECURSION  
2025-09-05 16:55:18 INFO  (GhidraScript) tflite_analyzer.py>     Details:             Recursive call to operator<< (CALL) with taints: param_1(x0).  
2025-09-05 16:55:18 INFO  (GhidraScript) tflite_analyzer.py> ----------------------------------------  
2025-09-05 16:55:18 INFO  (GhidraScript) tflite_analyzer.py> Usage #22:  
2025-09-05 16:55:18 INFO  (GhidraScript) tflite_analyzer.py>   Originating Lib Call: tainted_return_from_operator<<  
2025-09-05 16:55:18 INFO  (GhidraScript) tflite_analyzer.py>   Found In Function:   main at 00101d98  
2025-09-05 16:55:18 INFO  (GhidraScript) tflite_analyzer.py>   Instruction Address: 00102234  
2025-09-05 16:55:18 INFO  (GhidraScript) tflite_analyzer.py>     PCode Op:             ---  CBRANCH (ram, 0x102394, 1) , (unique, 0x1100, 1)  
2025-09-05 16:55:18 INFO  (GhidraScript) tflite_analyzer.py>     Usage Type:          BRANCH_CONDITION_TAINTED  
2025-09-05 16:55:18 INFO  (GhidraScript) tflite_analyzer.py>     Tainted Component:   UNNAMED(UniquePcode[0x1100])  
2025-09-05 16:55:18 INFO  (GhidraScript) tflite_analyzer.py>     Details:             Tainted condition for branch.  
2025-09-05 16:55:18 INFO  (GhidraScript) tflite_analyzer.py> ----------------------------------------  
2025-09-05 16:55:18 INFO  (GhidraScript) tflite_analyzer.py> Usage #23:  
2025-09-05 16:55:18 INFO  (GhidraScript) tflite_analyzer.py>   Originating Lib Call: tainted_return_from_operator<<  
2025-09-05 16:55:18 INFO  (GhidraScript) tflite_analyzer.py>   Found In Function:   main at 00101d98  
2025-09-05 16:55:18 INFO  (GhidraScript) tflite_analyzer.py>   Instruction Address: 0010224c  
2025-09-05 16:55:18 INFO  (GhidraScript) tflite_analyzer.py>     PCode Op:             ---  CBRANCH (ram, 0x102380, 1) , (unique, 0x1100, 1)  
2025-09-05 16:55:18 INFO  (GhidraScript) tflite_analyzer.py>     Usage Type:          BRANCH_CONDITION_TAINTED  
2025-09-05 16:55:18 INFO  (GhidraScript) tflite_analyzer.py>     Tainted Component:   UNNAMED(UniquePcode[0x1100])  
2025-09-05 16:55:18 INFO  (GhidraScript) tflite_analyzer.py>     Details:             Tainted condition for branch.  
2025-09-05 16:55:18 INFO  (GhidraScript) tflite_analyzer.py> ----------------------------------------  
2025-09-05 16:55:18 INFO  (GhidraScript) tflite_analyzer.py> Usage #24:  
2025-09-05 16:55:18 INFO  (GhidraScript) tflite_analyzer.py>   Originating Lib Call: tainted_return_from_operator<<  
2025-09-05 16:55:18 INFO  (GhidraScript) tflite_analyzer.py>   Found In Function:   main at 00101d98  
2025-09-05 16:55:18 INFO  (GhidraScript) tflite_analyzer.py>   Instruction Address: 00102264  
2025-09-05 16:55:18 INFO  (GhidraScript) tflite_analyzer.py>     PCode Op:             ---  CBRANCH (ram, 0x10236c, 1) , (unique, 0x1100, 1)  
2025-09-05 16:55:18 INFO  (GhidraScript) tflite_analyzer.py>     Usage Type:          BRANCH_CONDITION_TAINTED  
2025-09-05 16:55:18 INFO  (GhidraScript) tflite_analyzer.py>     Tainted Component:   UNNAMED(UniquePcode[0x1100])  
2025-09-05 16:55:18 INFO  (GhidraScript) tflite_analyzer.py>     Details:             Tainted condition for branch.  
2025-09-05 16:55:18 INFO  (GhidraScript) tflite_analyzer.py> ----------------------------------------  
2025-09-05 16:55:18 INFO  (GhidraScript) tflite_analyzer.py> Usage #25:  
2025-09-05 16:55:18 INFO  (GhidraScript) tflite_analyzer.py>   Originating Lib Call: tainted_return_from_operator<<  
2025-09-05 16:55:18 INFO  (GhidraScript) tflite_analyzer.py>   Found In Function:   main at 00101d98  
2025-09-05 16:55:18 INFO  (GhidraScript) tflite_analyzer.py>   Instruction Address: 001024f4  
2025-09-05 16:55:18 INFO  (GhidraScript) tflite_analyzer.py>     PCode Op:             ---  CBRANCH (ram, 0x102524, 1) , (register, 0x108, 1)  
2025-09-05 16:55:18 INFO  (GhidraScript) tflite_analyzer.py>     Usage Type:          BRANCH_CONDITION_TAINTED  
2025-09-05 16:55:18 INFO  (GhidraScript) tflite_analyzer.py>     Tainted Component:   UNNAMED(tmpZR)  
2025-09-05 16:55:18 INFO  (GhidraScript) tflite_analyzer.py>     Details:             Tainted condition for branch.  
2025-09-05 16:55:18 INFO  (GhidraScript) tflite_analyzer.py> ----------------------------------------  
2025-09-05 16:55:18 INFO  (GhidraScript) tflite_analyzer.py> Usage #26:  
2025-09-05 16:55:18 INFO  (GhidraScript) tflite_analyzer.py>   Originating Lib Call: tainted_return_from_operator<<  
2025-09-05 16:55:18 INFO  (GhidraScript) tflite_analyzer.py>   Found In Function:   main at 00101d98  
2025-09-05 16:55:18 INFO  (GhidraScript) tflite_analyzer.py>   Instruction Address: 00102508  
2025-09-05 16:55:18 INFO  (GhidraScript) tflite_analyzer.py>     PCode Op:             ---  CBRANCH (ram, 0x102524, 1) , (unique, 0x1580, 1)  
2025-09-05 16:55:18 INFO  (GhidraScript) tflite_analyzer.py>     Usage Type:          BRANCH_CONDITION_TAINTED  
2025-09-05 16:55:18 INFO  (GhidraScript) tflite_analyzer.py>     Tainted Component:   UNNAMED(UniquePcode[0x1580])  
2025-09-05 16:55:18 INFO  (GhidraScript) tflite_analyzer.py>     Details:             Tainted condition for branch.  
2025-09-05 16:55:18 INFO  (GhidraScript) tflite_analyzer.py> ----------------------------------------  
2025-09-05 16:55:18 INFO  (GhidraScript) tflite_analyzer.py> INFO: TAINT_ANALYSIS_JSON_OUTPUT env var found. Saving results to: /Users/chenkexin/Desktop/kk/test_taint/results/age_googlenet_tflite_taint_analysis_results.json  
2025-09-05 16:55:18 INFO  (GhidraScript) tflite_analyzer.py> Taint analysis results saved to: /Users/chenkexin/Desktop/kk/test_taint/results/age_googlenet_tflite_taint_analysis_results.json  
2025-09-05 16:55:18 ERROR (GhidraScript) tflite_analyzer.py> WARN: Could not find preceding comparison for branch at 00101eb8.  
2025-09-05 16:55:18 ERROR (GhidraScript) tflite_analyzer.py> WARN: Could not find preceding comparison for branch at 00101fcc.  
2025-09-05 16:55:18 ERROR (GhidraScript) tflite_analyzer.py> WARN: Could not find preceding comparison for branch at 001020e0.  
2025-09-05 16:55:18 ERROR (GhidraScript) tflite_analyzer.py> WARN: Could not find preceding comparison for branch at 00102234.  
2025-09-05 16:55:18 ERROR (GhidraScript) tflite_analyzer.py> WARN: Could not find preceding comparison for branch at 0010224c.  
2025-09-05 16:55:18 ERROR (GhidraScript) tflite_analyzer.py> WARN: Could not find preceding comparison for branch at 00102264.  
2025-09-05 16:55:18 ERROR (GhidraScript) tflite_analyzer.py> WARN: Could not find preceding comparison for branch at 001024f4.  
2025-09-05 16:55:18 INFO  (GhidraScript) tflite_analyzer.py> SUCCESS: Hook configuration saved to: /Users/chenkexin/Desktop/kk/test_taint/results/age_googlenet_tflite_hook_config.json  
2025-09-05 16:55:18 INFO  (GhidraScript) tflite_analyzer.py> TFLite Taint Analyzer finished.  
2025-09-05 16:55:18 INFO  (HeadlessAnalyzer) ANALYZING changes made by post scripts: file:///Users/chenkexin/Desktop/kk/test_taint/assets/clang_bin/age_googlenet_tflite  
2025-09-05 16:55:18 INFO  (HeadlessAnalyzer) REPORT: Post-analysis succeeded for file: file:///Users/chenkexin/Desktop/kk/test_taint/assets/clang_bin/age_googlenet_tflite  
2025-09-05 16:55:18 INFO  (HeadlessAnalyzer) REPORT: Save succeeded for: /age_googlenet_tflite (age_googlenet_tflite:/age_googlenet_tflite)  
2025-09-05 16:55:18 INFO  (HeadlessAnalyzer) REPORT: Import succeeded  
2025-09-05 16:55:18 DEBUG (DefaultProjectData) Closing ProjectData: /Users/chenkexin/Desktop/kk/test_taint/ghidra_projects/age_googlenet_tflite.rep  
2025-09-05 16:55:18 DEBUG (DefaultProjectData) Disposing ProjectData: /Users/chenkexin/Desktop/kk/test_taint/ghidra_projects/age_googlenet_tflite.rep  
