2025-09-08 14:08:07 INFO  (LoggingInitialization) Using log config file: jar:file:/Applications/ghidra_11.0.3_PUBLIC/Ghidra/Framework/Generic/lib/Generic.jar!/generic.log4j.xml  
2025-09-08 14:08:07 INFO  (LoggingInitialization) Using log file: /Users/chenkexin/Desktop/kk/test_taint/logs/emotion_ferplus_ncnn_clang_O0_headless_analysis.log  
2025-09-08 14:08:07 INFO  (Preferences) Loading user preferences: /Users/chenkexin/.ghidra/.ghidra_11.0.3_PUBLIC/preferences  
2025-09-08 14:08:07 INFO  (Preferences) Loading previous preferences: /Users/chenkexin/.ghidra/.ghidra_10.4_PUBLIC/preferences  
2025-09-08 14:08:07 INFO  (ClassSearcher) Searching for classes...  
2025-09-08 14:08:09 INFO  (ClassSearcher) Class search complete (1474 ms)  
2025-09-08 14:08:09 INFO  (SSLContextInitializer) Initializing SSL Context  
2025-09-08 14:08:09 INFO  (SecureRandomFactory) Initializing Random Number Generator...  
2025-09-08 14:08:09 INFO  (SecureRandomFactory) Random Number Generator initialization complete: NativePRNGNonBlocking  
2025-09-08 14:08:09 INFO  (ApplicationTrustManagerFactory) Trust manager disabled, cacerts have not been set  
2025-09-08 14:08:10 INFO  (HeadlessAnalyzer) HEADLESS Script Paths:
    /Applications/ghidra_11.0.3_PUBLIC/Ghidra/Processors/8051/ghidra_scripts
    /Applications/ghidra_11.0.3_PUBLIC/Ghidra/Features/FileFormats/ghidra_scripts
    /Applications/ghidra_11.0.3_PUBLIC/Ghidra/Features/Base/ghidra_scripts
    /Applications/ghidra_11.0.3_PUBLIC/Ghidra/Features/Python/ghidra_scripts
    /Applications/ghidra_11.0.3_PUBLIC/Ghidra/Features/GnuDemangler/ghidra_scripts
    /Applications/ghidra_11.0.3_PUBLIC/Ghidra/Features/SystemEmulation/ghidra_scripts
    /Applications/ghidra_11.0.3_PUBLIC/Ghidra/Features/MicrosoftCodeAnalyzer/ghidra_scripts
    /Applications/ghidra_11.0.3_PUBLIC/Ghidra/Features/BytePatterns/ghidra_scripts
    /Applications/ghidra_11.0.3_PUBLIC/Ghidra/Features/Decompiler/ghidra_scripts
    /Applications/ghidra_11.0.3_PUBLIC/Ghidra/Processors/Atmel/ghidra_scripts
    /Applications/ghidra_11.0.3_PUBLIC/Ghidra/Debug/Debugger-agent-frida/ghidra_scripts
    /Applications/ghidra_11.0.3_PUBLIC/Ghidra/Features/FunctionID/ghidra_scripts
    /Applications/ghidra_11.0.3_PUBLIC/Ghidra/Processors/JVM/ghidra_scripts
    /Applications/ghidra_11.0.3_PUBLIC/Ghidra/Processors/PIC/ghidra_scripts
    /Applications/ghidra_11.0.3_PUBLIC/Ghidra/Features/BSim/ghidra_scripts
    /Applications/ghidra_11.0.3_PUBLIC/Ghidra/Features/PDB/ghidra_scripts
    /Applications/ghidra_11.0.3_PUBLIC/Ghidra/Processors/DATA/ghidra_scripts
    /Users/chenkexin/ghidra_scripts
    /Users/chenkexin/Desktop/kk/test_taint
    /Applications/ghidra_11.0.3_PUBLIC/Ghidra/Debug/Debugger-agent-dbgmodel-traceloader/ghidra_scripts
    /Applications/ghidra_11.0.3_PUBLIC/Ghidra/Debug/Debugger-rmi-trace/ghidra_scripts
    /Applications/ghidra_11.0.3_PUBLIC/Ghidra/Features/VersionTracking/ghidra_scripts
    /Applications/ghidra_11.0.3_PUBLIC/Ghidra/Debug/Debugger/ghidra_scripts  
2025-09-08 14:08:10 INFO  (HeadlessAnalyzer) HEADLESS: execution starts  
2025-09-08 14:08:10 INFO  (HeadlessAnalyzer) Opening existing project: /Users/chenkexin/Desktop/kk/test_taint/ghidra_projects/all_binaries_analysis  
2025-09-08 14:08:10 INFO  (HeadlessProject) Opening project: /Users/chenkexin/Desktop/kk/test_taint/ghidra_projects/all_binaries_analysis  
2025-09-08 14:08:10 INFO  (HeadlessAnalyzer) REPORT: Processing input files:   
2025-09-08 14:08:10 INFO  (HeadlessAnalyzer)      project: /Users/chenkexin/Desktop/kk/test_taint/ghidra_projects/all_binaries_analysis  
2025-09-08 14:08:10 INFO  (HeadlessAnalyzer) IMPORTING: file:///Users/chenkexin/Desktop/kk/test_taint/assets/merged_bin/emotion_ferplus_ncnn_clang_O0  
2025-09-08 14:08:12 INFO  (AutoImporter) Using Loader: Executable and Linking Format (ELF)  
2025-09-08 14:08:12 INFO  (AutoImporter) Using Language/Compiler: AARCH64:LE:64:v8A:default  
2025-09-08 14:08:12 DEBUG (ElfHeader) Elf symbol table section .dynsym linked to string table section .dynstr  
2025-09-08 14:08:12 DEBUG (ElfHeader) Elf symbol table section .symtab linked to string table section .strtab  
2025-09-08 14:08:12 DEBUG (ElfHeader) Elf relocation table section .rela.dyn linked to symbol table section .dynsym affecting PT_LOAD  
2025-09-08 14:08:12 DEBUG (ElfHeader) Elf relocation table section .rela.plt linked to symbol table section .dynsym affecting .got.plt  
2025-09-08 14:08:12 DEBUG (ElfProgramBuilder) Discarding 1-byte alignment/filler segment_2.3 at 00100253  
2025-09-08 14:08:12 DEBUG (ElfProgramBuilder) Discarding 4-byte alignment/filler segment_2.7 at 001002bc  
2025-09-08 14:08:12 DEBUG (ElfProgramBuilder) Discarding 1-byte alignment/filler segment_2.10 at 0010115f  
2025-09-08 14:08:12 DEBUG (ElfProgramBuilder) Discarding 6-byte alignment/filler segment_2.12 at 001011d2  
2025-09-08 14:08:12 DEBUG (ElfProgramBuilder) Discarding 4-byte alignment/filler segment_2.22 at 0010398c  
2025-09-08 14:08:14 INFO  (HeadlessAnalyzer) IMPORTING: Loaded 0 additional files  
2025-09-08 14:08:14 INFO  (HeadlessAnalyzer) ANALYZING all memory and code: file:///Users/chenkexin/Desktop/kk/test_taint/assets/merged_bin/emotion_ferplus_ncnn_clang_O0  
2025-09-08 14:08:14 ERROR (DWARFAnalyzer) Error during DWARFAnalyzer import:  ghidra.app.util.bin.format.dwarf4.DWARFException: Only DWARF version 2, 3, or 4 information is currently supported (detected 5).
	at ghidra.app.util.bin.format.dwarf4.DWARFCompilationUnit.readCompilationUnit(DWARFCompilationUnit.java:155)
	at ghidra.app.util.bin.format.dwarf4.next.DWARFProgram.bootstrapCompilationUnits(DWARFProgram.java:629)
	at ghidra.app.util.bin.format.dwarf4.next.DWARFProgram.<init>(DWARFProgram.java:262)
	at ghidra.app.plugin.core.analysis.DWARFAnalyzer.added(DWARFAnalyzer.java:109)
	at ghidra.app.plugin.core.analysis.AnalysisScheduler.runAnalyzer(AnalysisScheduler.java:186)
	at ghidra.app.plugin.core.analysis.AnalysisTask.applyTo(AnalysisTask.java:39)
	at ghidra.app.plugin.core.analysis.AutoAnalysisManager$AnalysisTaskWrapper.run(AutoAnalysisManager.java:686)
	at ghidra.app.plugin.core.analysis.AutoAnalysisManager.startAnalysis(AutoAnalysisManager.java:786)
	at ghidra.app.plugin.core.analysis.AutoAnalysisManager.startAnalysis(AutoAnalysisManager.java:665)
	at ghidra.app.plugin.core.analysis.AutoAnalysisManager.startAnalysis(AutoAnalysisManager.java:630)
	at ghidra.app.util.headless.HeadlessAnalyzer.analyzeProgram(HeadlessAnalyzer.java:1029)
	at ghidra.app.util.headless.HeadlessAnalyzer.processFileWithImport(HeadlessAnalyzer.java:1552)
	at ghidra.app.util.headless.HeadlessAnalyzer.processWithLoader(HeadlessAnalyzer.java:1734)
	at ghidra.app.util.headless.HeadlessAnalyzer.processWithImport(HeadlessAnalyzer.java:1675)
	at ghidra.app.util.headless.HeadlessAnalyzer.processWithImport(HeadlessAnalyzer.java:1759)
	at ghidra.app.util.headless.HeadlessAnalyzer.processLocal(HeadlessAnalyzer.java:460)
	at ghidra.app.util.headless.AnalyzeHeadless.launch(AnalyzeHeadless.java:127)
	at ghidra.GhidraLauncher.launch(GhidraLauncher.java:78)
	at ghidra.Ghidra.main(Ghidra.java:54)
 
2025-09-08 14:08:16 INFO  (PackedDatabaseCache) Packed database cache: /var/folders/kn/fw_2jn054bq5f73czrm_91nc0000gn/T/chenkexin-Ghidra/packed-db-cache  
2025-09-08 14:08:16 DEBUG (PackedDatabaseCache) Using cached packed database: /Applications/ghidra_11.0.3_PUBLIC/Ghidra/Features/Base/data/typeinfo/generic/generic_clib_64.gdt  
2025-09-08 14:08:17 INFO  (ApplyDataArchiveAnalyzer) Applied data type archive: generic_clib_64  
2025-09-08 14:08:19 INFO  (AutoAnalysisManager) -----------------------------------------------------
    AARCH64 ELF PLT Thunks                     0.162 secs
    ASCII Strings                              0.344 secs
    Apply Data Archives                        1.056 secs
    Basic Constant Reference Analyzer          0.550 secs
    Call Convention ID                         0.546 secs
    Call-Fixup Installer                       0.025 secs
    Create Address Tables                      0.027 secs
    Create Address Tables - One Time           0.008 secs
    Create Function                            0.000 secs
    DWARF                                      0.062 secs
    Data Reference                             0.016 secs
    Decompiler Switch Analysis                 0.132 secs
    Demangler GNU                              0.307 secs
    Disassemble Entry Points                   0.112 secs
    Embedded Media                             0.013 secs
    External Entry References                  0.001 secs
    Function Start Search                      0.072 secs
    Function Start Search After Code           0.040 secs
    Function Start Search After Data           0.008 secs
    Function Start Search delayed - One Time   0.003 secs
    GCC Exception Handlers                     1.000 secs
    Non-Returning Functions - Discovered       0.025 secs
    Non-Returning Functions - Known            0.019 secs
    Reference                                  0.066 secs
    Shared Return Calls                        0.024 secs
    Stack                                      0.551 secs
    Subroutine References                      0.024 secs
-----------------------------------------------------
     Total Time   5 secs
-----------------------------------------------------
  
2025-09-08 14:08:19 INFO  (HeadlessAnalyzer) REPORT: Analysis succeeded for file: file:///Users/chenkexin/Desktop/kk/test_taint/assets/merged_bin/emotion_ferplus_ncnn_clang_O0  
2025-09-08 14:08:19 INFO  (HeadlessAnalyzer) SCRIPT: /Users/chenkexin/Desktop/kk/test_taint/ncnn_analyzer.py  
2025-09-08 14:08:24 INFO  (GhidraScript) ncnn_analyzer.py> INFO: Searching for call sites to functions containing 'extract'  
2025-09-08 14:08:24 INFO  (GhidraScript) ncnn_analyzer.py> INFO: Found target functions: [u'extract', u'create_extractor', u'extract', u'create_extractor', u'create_extractor', u'extract']  
2025-09-08 14:08:24 INFO  (GhidraScript) ncnn_analyzer.py> INFO: Found 3 unique functions containing call sites. Analyzing each...  
2025-09-08 14:08:24 INFO  (GhidraScript) ncnn_analyzer.py> 
--- Analyzing Function 'extract' at 001018f0 containing 1 call site(s) ---  
2025-09-08 14:08:24 INFO  (GhidraScript) ncnn_analyzer.py> 
  -- Analyzing Call Site at 001018fc --  
2025-09-08 14:08:24 INFO  (GhidraScript) ncnn_analyzer.py> INFO: Tainting output parameter from call at 001018fc: param_3(w2)  
2025-09-08 14:08:24 INFO  (GhidraScript) ncnn_analyzer.py> \n>>> Analyzing function: extract (Depth: 0) at 001018f0 (Originating from: extract) with initial taints: param_3(w2)  
2025-09-08 14:08:24 INFO  (GhidraScript) ncnn_analyzer.py>   - [STACK_SEARCH.0] Analyzing varnode: (register, 0x4010, 4)  
2025-09-08 14:08:24 INFO  (GhidraScript) ncnn_analyzer.py>   - [STACK_SEARCH.0] Details: isAddress=0, addr=register:00004010, isStackAddress=0  
2025-09-08 14:08:24 INFO  (GhidraScript) ncnn_analyzer.py>   - [STACK_SEARCH.0] No defining p-code op found. Aborting path.  
2025-09-08 14:08:24 INFO  (GhidraScript) ncnn_analyzer.py> \nDEBUG: Reached specified start PcodeOp  ---  CALL (ram, 0x121048, 8) , (register, 0x4000, 8) , (register, 0x4008, 8) , (register, 0x4010, 4) at 001018fc in extract, subsequent ops will be processed.  
2025-09-08 14:08:24 WARN  (DecompileCallback) Decompiling 00121048, pcode error at 00121048: Unable to disassemble EXTERNAL block location: 00121048  
2025-09-08 14:08:24 INFO  (GhidraScript) ncnn_analyzer.py> \n>>> Analyzing function: extract (Depth: 1) at 00121048 (Originating from: extract) with initial taints: param_3(w2)  
2025-09-08 14:08:24 INFO  (GhidraScript) ncnn_analyzer.py>   - [STACK_SEARCH.0] Analyzing varnode: (register, 0x4010, 4)  
2025-09-08 14:08:24 INFO  (GhidraScript) ncnn_analyzer.py>   - [STACK_SEARCH.0] Details: isAddress=0, addr=register:00004010, isStackAddress=0  
2025-09-08 14:08:24 INFO  (GhidraScript) ncnn_analyzer.py>   - [STACK_SEARCH.0] No defining p-code op found. Aborting path.  
2025-09-08 14:08:24 INFO  (GhidraScript) ncnn_analyzer.py> DEBUG: Starting taint analysis from the beginning of function extract.  
2025-09-08 14:08:24 INFO  (GhidraScript) ncnn_analyzer.py> <<< Finished analyzing function: extract.  
2025-09-08 14:08:24 INFO  (GhidraScript) ncnn_analyzer.py> <<< Finished analyzing function: extract.  
2025-09-08 14:08:24 INFO  (GhidraScript) ncnn_analyzer.py> 
--- Analyzing Function 'main' at 00101cd8 containing 2 call site(s) ---  
2025-09-08 14:08:24 INFO  (GhidraScript) ncnn_analyzer.py> 
  -- Analyzing Call Site at 00102140 --  
2025-09-08 14:08:24 INFO  (GhidraScript) ncnn_analyzer.py> INFO: Tainting output parameter from call at 00102140: UNNAMED(w2)  
2025-09-08 14:08:24 INFO  (GhidraScript) ncnn_analyzer.py> \n>>> Analyzing function: main (Depth: 0) at 00101cd8 (Originating from: extract) with initial taints: UNNAMED(w2)  
2025-09-08 14:08:24 INFO  (GhidraScript) ncnn_analyzer.py>   - [STACK_SEARCH.0] Analyzing varnode: (register, 0x4010, 4)  
2025-09-08 14:08:24 INFO  (GhidraScript) ncnn_analyzer.py>   - [STACK_SEARCH.0] Details: isAddress=0, addr=register:00004010, isStackAddress=0  
2025-09-08 14:08:24 INFO  (GhidraScript) ncnn_analyzer.py>   - [STACK_SEARCH.0] Def P-Code Op: (register, 0x4010, 4) SUBPIECE (unique, 0x11f80, 8) , (const, 0x0, 4)  
2025-09-08 14:08:24 INFO  (GhidraScript) ncnn_analyzer.py>   - [STACK_SEARCH.0] Mnemonic 'SUBPIECE' is not a handled case. Aborting path.  
2025-09-08 14:08:24 INFO  (GhidraScript) ncnn_analyzer.py> \nDEBUG: Reached specified start PcodeOp  ---  CALL (ram, 0x1018f0, 8) , (unique, 0x1000067a, 8) , (unique, 0x10000682, 8) , (register, 0x4010, 4) at 00102140 in main, subsequent ops will be processed.  
2025-09-08 14:08:24 INFO  (GhidraScript) ncnn_analyzer.py> DEBUG: Already analyzed function extract with initial taints ('param_3(w2)',) (origin: extract). Skipping.  
2025-09-08 14:08:24 INFO  (GhidraScript) ncnn_analyzer.py> DEBUG: [LOAD_HANDLER] Checking LOAD op at 00102184. Address varnode: (register, 0x4000, 8)  
2025-09-08 14:08:24 INFO  (GhidraScript) ncnn_analyzer.py> DEBUG: [LOAD_HANDLER] POINTER_RULE FAIL: Address varnode pfVar4(x0) is not tainted (recursive check).  
2025-09-08 14:08:24 INFO  (GhidraScript) ncnn_analyzer.py> DEBUG: [LOAD_HANDLER] REGION_RULE FAIL: Address pointer pfVar4(x0) is not in the tainted memory regions set.  
2025-09-08 14:08:24 INFO  (GhidraScript) ncnn_analyzer.py> DEBUG: [LOAD_HANDLER] Checking LOAD op at 00102194. Address varnode: (register, 0x4000, 8)  
2025-09-08 14:08:24 INFO  (GhidraScript) ncnn_analyzer.py> DEBUG: [LOAD_HANDLER] POINTER_RULE FAIL: Address varnode pfVar4(x0) is not tainted (recursive check).  
2025-09-08 14:08:24 INFO  (GhidraScript) ncnn_analyzer.py> DEBUG: [LOAD_HANDLER] REGION_RULE FAIL: Address pointer pfVar4(x0) is not in the tainted memory regions set.  
2025-09-08 14:08:24 INFO  (GhidraScript) ncnn_analyzer.py> DEBUG: [CBRANCH] Found defining op for condition: (unique, 0x1580, 1) FLOAT_LESSEQUAL (register, 0x5000, 4) , (const, 0x3f19999a, 4)  
2025-09-08 14:08:24 INFO  (GhidraScript) ncnn_analyzer.py> INFO: [main @ 001021b0] Taint reached CBRANCH. Operands: ['fVar5(s0)', 'UnnamedHighVar(Constant: 0x3f19999a)'].   
2025-09-08 14:08:24 INFO  (GhidraScript) ncnn_analyzer.py> DEBUG: [CBRANCH] Found defining op for condition: (register, 0x100, 1) FLOAT_LESSEQUAL (const, 0x3dcccccd, 4) , (register, 0x5000, 4)  
2025-09-08 14:08:24 INFO  (GhidraScript) ncnn_analyzer.py> INFO: [main @ 001021cc] Taint reached CBRANCH. Operands: ['UnnamedHighVar(Constant: 0x3dcccccd)', 'UNNAMED(s0)'].   
2025-09-08 14:08:24 INFO  (GhidraScript) ncnn_analyzer.py> DEBUG: [CBRANCH] Found defining op for condition: (unique, 0x18f80, 1) INT_NOTEQUAL (stack, 0xfffffffffffffc40, 8) , (const, 0x0, 8)  
2025-09-08 14:08:24 INFO  (GhidraScript) ncnn_analyzer.py> INFO: [FILTER] Skipping branch at 001022b8 from instruction 'cbz'.  
2025-09-08 14:08:24 INFO  (GhidraScript) ncnn_analyzer.py> DEBUG: [CBRANCH] Found defining op for condition: (register, 0x108, 1) INT_EQUAL (register, 0x4000, 4) , (const, 0x1, 4)  
2025-09-08 14:08:24 INFO  (GhidraScript) ncnn_analyzer.py> INFO: [main @ 001022e4] Taint reached CBRANCH. Operands: ['local_68(StackDirect[Stack[-0x68]])', 'UnnamedHighVar(Constant: 0x1)'].   
2025-09-08 14:08:24 INFO  (GhidraScript) ncnn_analyzer.py> DEBUG: [CBRANCH] Found defining op for condition: (unique, 0x18f80, 1) INT_EQUAL (stack, 0xfffffffffffffc58, 8) , (const, 0x0, 8)  
2025-09-08 14:08:24 INFO  (GhidraScript) ncnn_analyzer.py> INFO: [FILTER] Skipping branch at 001022f4 from instruction 'cbz'.  
2025-09-08 14:08:24 INFO  (GhidraScript) ncnn_analyzer.py> DEBUG: [LOAD_HANDLER] Checking LOAD op at 00102308. Address varnode: (stack, 0xfffffffffffffc58, 8)  
2025-09-08 14:08:24 INFO  (GhidraScript) ncnn_analyzer.py> DEBUG: [LOAD_HANDLER] POINTER_RULE FAIL: Address varnode local_3a8(StackDirect[Stack[-0x3a8]]) is not tainted (recursive check).  
2025-09-08 14:08:24 INFO  (GhidraScript) ncnn_analyzer.py> DEBUG: [LOAD_HANDLER] REGION_RULE FAIL: Address pointer local_3a8(StackDirect[Stack[-0x3a8]]) is not in the tainted memory regions set.  
2025-09-08 14:08:24 INFO  (GhidraScript) ncnn_analyzer.py> DEBUG: [LOAD_HANDLER] Checking LOAD op at 0010230c. Address varnode: (unique, 0x6500, 8)  
2025-09-08 14:08:24 INFO  (GhidraScript) ncnn_analyzer.py> DEBUG: [LOAD_HANDLER] POINTER_RULE FAIL: Address varnode UNNAMED(UniquePcode[0x6500]) is not tainted (recursive check).  
2025-09-08 14:08:24 INFO  (GhidraScript) ncnn_analyzer.py> DEBUG: [LOAD_HANDLER] REGION_RULE FAIL: Address pointer UNNAMED(UniquePcode[0x6500]) is not in the tainted memory regions set.  
2025-09-08 14:08:24 INFO  (GhidraScript) ncnn_analyzer.py> DEBUG: [CBRANCH] Found defining op for condition: (unique, 0x18f80, 1) INT_NOTEQUAL (stack, 0xfffffffffffffc38, 8) , (const, 0x0, 8)  
2025-09-08 14:08:24 INFO  (GhidraScript) ncnn_analyzer.py> INFO: [FILTER] Skipping branch at 0010232c from instruction 'cbz'.  
2025-09-08 14:08:25 INFO  (GhidraScript) ncnn_analyzer.py> DEBUG: [CBRANCH] Found defining op for condition: (unique, 0x18f80, 1) INT_NOTEQUAL (stack, 0xfffffffffffffc98, 8) , (const, 0x0, 8)  
2025-09-08 14:08:25 INFO  (GhidraScript) ncnn_analyzer.py> INFO: [FILTER] Skipping branch at 001023a0 from instruction 'cbz'.  
2025-09-08 14:08:25 INFO  (GhidraScript) ncnn_analyzer.py> DEBUG: [CBRANCH] Found defining op for condition: (register, 0x108, 1) INT_EQUAL (register, 0x4000, 4) , (const, 0x1, 4)  
2025-09-08 14:08:25 INFO  (GhidraScript) ncnn_analyzer.py> INFO: [main @ 001023cc] Taint reached CBRANCH. Operands: ['local_88(StackDirect[Stack[-0x88]])', 'UnnamedHighVar(Constant: 0x1)'].   
2025-09-08 14:08:25 INFO  (GhidraScript) ncnn_analyzer.py> DEBUG: [CBRANCH] Found defining op for condition: (unique, 0x18f80, 1) INT_EQUAL (stack, 0xfffffffffffffcb0, 8) , (const, 0x0, 8)  
2025-09-08 14:08:25 INFO  (GhidraScript) ncnn_analyzer.py> INFO: [FILTER] Skipping branch at 001023dc from instruction 'cbz'.  
2025-09-08 14:08:25 INFO  (GhidraScript) ncnn_analyzer.py> DEBUG: [LOAD_HANDLER] Checking LOAD op at 001023f0. Address varnode: (stack, 0xfffffffffffffcb0, 8)  
2025-09-08 14:08:25 INFO  (GhidraScript) ncnn_analyzer.py> DEBUG: [LOAD_HANDLER] POINTER_RULE FAIL: Address varnode local_350(StackDirect[Stack[-0x350]]) is not tainted (recursive check).  
2025-09-08 14:08:25 INFO  (GhidraScript) ncnn_analyzer.py> DEBUG: [LOAD_HANDLER] REGION_RULE FAIL: Address pointer local_350(StackDirect[Stack[-0x350]]) is not in the tainted memory regions set.  
2025-09-08 14:08:25 INFO  (GhidraScript) ncnn_analyzer.py> DEBUG: [LOAD_HANDLER] Checking LOAD op at 001023f4. Address varnode: (unique, 0x6500, 8)  
2025-09-08 14:08:25 INFO  (GhidraScript) ncnn_analyzer.py> DEBUG: [LOAD_HANDLER] POINTER_RULE FAIL: Address varnode UNNAMED(UniquePcode[0x6500]) is not tainted (recursive check).  
2025-09-08 14:08:25 INFO  (GhidraScript) ncnn_analyzer.py> DEBUG: [LOAD_HANDLER] REGION_RULE FAIL: Address pointer UNNAMED(UniquePcode[0x6500]) is not in the tainted memory regions set.  
2025-09-08 14:08:25 INFO  (GhidraScript) ncnn_analyzer.py> DEBUG: [CBRANCH] Found defining op for condition: (unique, 0x18f80, 1) INT_NOTEQUAL (stack, 0xfffffffffffffc90, 8) , (const, 0x0, 8)  
2025-09-08 14:08:25 INFO  (GhidraScript) ncnn_analyzer.py> INFO: [FILTER] Skipping branch at 00102414 from instruction 'cbz'.  
2025-09-08 14:08:25 INFO  (GhidraScript) ncnn_analyzer.py> DEBUG: [main @ 001026cc] Analyzing potential tainted RETURN with value: UNNAMED(w0) (Tainted: 0)  
2025-09-08 14:08:25 INFO  (GhidraScript) ncnn_analyzer.py>     [DEBUG] --- Taint Check Details (RETURN FAILED) ---  
2025-09-08 14:08:25 INFO  (GhidraScript) ncnn_analyzer.py>     [DEBUG]   > Return Varnode: (register, 0x4000, 4) (Size: 4, Def: (register, 0x4000, 4) COPY (stack, 0xfffffffffffffef4, 4) at 001026bc)  
2025-09-08 14:08:25 INFO  (GhidraScript) ncnn_analyzer.py>     [DEBUG]   > Currently Tainted HighVariables in this function:  
2025-09-08 14:08:25 INFO  (GhidraScript) ncnn_analyzer.py>     [DEBUG]     1. UNNAMED(w2)  
2025-09-08 14:08:25 INFO  (GhidraScript) ncnn_analyzer.py>     [DEBUG] ---------------------------------  
2025-09-08 14:08:25 INFO  (GhidraScript) ncnn_analyzer.py> DEBUG: [main @ 001026cc] Analyzing potential tainted RETURN with value: UNNAMED(w0) (Tainted: 0)  
2025-09-08 14:08:25 INFO  (GhidraScript) ncnn_analyzer.py>     [DEBUG] --- Taint Check Details (RETURN FAILED) ---  
2025-09-08 14:08:25 INFO  (GhidraScript) ncnn_analyzer.py>     [DEBUG]   > Return Varnode: (register, 0x4000, 4) (Size: 4, Def: (register, 0x4000, 4) COPY (const, 0xffffffff, 4) at 001026bc)  
2025-09-08 14:08:25 INFO  (GhidraScript) ncnn_analyzer.py>     [DEBUG]   > Currently Tainted HighVariables in this function:  
2025-09-08 14:08:25 INFO  (GhidraScript) ncnn_analyzer.py>     [DEBUG]     1. UNNAMED(w2)  
2025-09-08 14:08:25 INFO  (GhidraScript) ncnn_analyzer.py>     [DEBUG] ---------------------------------  
2025-09-08 14:08:25 INFO  (GhidraScript) ncnn_analyzer.py> <<< Finished analyzing function: main.  
2025-09-08 14:08:25 INFO  (GhidraScript) ncnn_analyzer.py> 
  -- Analyzing Call Site at 001020cc --  
2025-09-08 14:08:25 INFO  (GhidraScript) ncnn_analyzer.py> WARN: Call at 001020cc has too few parameters. Skipping taint.  
2025-09-08 14:08:25 INFO  (GhidraScript) ncnn_analyzer.py> 
--- Analyzing Function 'create_extractor' at 00101b40 containing 1 call site(s) ---  
2025-09-08 14:08:25 INFO  (GhidraScript) ncnn_analyzer.py> 
  -- Analyzing Call Site at 00101b4c --  
2025-09-08 14:08:25 INFO  (GhidraScript) ncnn_analyzer.py> WARN: Call at 00101b4c has too few parameters. Skipping taint.  
2025-09-08 14:08:25 INFO  (GhidraScript) ncnn_analyzer.py> 
--- All Functions Analyzed. Finalizing Report. ---  
2025-09-08 14:08:25 INFO  (GhidraScript) ncnn_analyzer.py> \n--- All Detected Tainted Value Usages (Interprocedural) ---  
2025-09-08 14:08:25 INFO  (GhidraScript) ncnn_analyzer.py> Usage #1:  
2025-09-08 14:08:25 INFO  (GhidraScript) ncnn_analyzer.py>   Originating Lib Call: extract  
2025-09-08 14:08:25 INFO  (GhidraScript) ncnn_analyzer.py>   Found In Function:   extract at 001018f0  
2025-09-08 14:08:25 INFO  (GhidraScript) ncnn_analyzer.py>   Instruction Address: 001018fc  
2025-09-08 14:08:25 INFO  (GhidraScript) ncnn_analyzer.py>     PCode Op:             ---  CALL (ram, 0x121048, 8) , (register, 0x4000, 8) , (register, 0x4008, 8) , (register, 0x4010, 4)  
2025-09-08 14:08:25 INFO  (GhidraScript) ncnn_analyzer.py>     Usage Type:          TAINTED_ARG_TO_CALL_RECURSION  
2025-09-08 14:08:25 INFO  (GhidraScript) ncnn_analyzer.py>     Details:             Recursive call to extract (CALL) with taints: param_3(w2).  
2025-09-08 14:08:25 INFO  (GhidraScript) ncnn_analyzer.py> ----------------------------------------  
2025-09-08 14:08:25 INFO  (GhidraScript) ncnn_analyzer.py> Usage #2:  
2025-09-08 14:08:25 INFO  (GhidraScript) ncnn_analyzer.py>   Originating Lib Call: extract  
2025-09-08 14:08:25 INFO  (GhidraScript) ncnn_analyzer.py>   Found In Function:   main at 00101cd8  
2025-09-08 14:08:25 INFO  (GhidraScript) ncnn_analyzer.py>   Instruction Address: 00102140  
2025-09-08 14:08:25 INFO  (GhidraScript) ncnn_analyzer.py>     PCode Op:             ---  CALL (ram, 0x1018f0, 8) , (unique, 0x1000067a, 8) , (unique, 0x10000682, 8) , (register, 0x4010, 4)  
2025-09-08 14:08:25 INFO  (GhidraScript) ncnn_analyzer.py>     Usage Type:          TAINTED_ARG_TO_CALL_RECURSION  
2025-09-08 14:08:25 INFO  (GhidraScript) ncnn_analyzer.py>     Details:             Recursive call to extract (CALL) with taints: param_3(w2).  
2025-09-08 14:08:25 INFO  (GhidraScript) ncnn_analyzer.py> ----------------------------------------  
2025-09-08 14:08:25 INFO  (GhidraScript) ncnn_analyzer.py> Usage #3:  
2025-09-08 14:08:25 INFO  (GhidraScript) ncnn_analyzer.py>   Originating Lib Call: extract  
2025-09-08 14:08:25 INFO  (GhidraScript) ncnn_analyzer.py>   Found In Function:   main at 00101cd8  
2025-09-08 14:08:25 INFO  (GhidraScript) ncnn_analyzer.py>   Instruction Address: 001021b0  
2025-09-08 14:08:25 INFO  (GhidraScript) ncnn_analyzer.py>     PCode Op:             ---  CBRANCH (ram, 0x102274, 1) , (unique, 0x1580, 1)  
2025-09-08 14:08:25 INFO  (GhidraScript) ncnn_analyzer.py>     Usage Type:          BRANCH_CONDITION_TAINTED  
2025-09-08 14:08:25 INFO  (GhidraScript) ncnn_analyzer.py>     Tainted Component:   UNNAMED(UniquePcode[0x1580])  
2025-09-08 14:08:25 INFO  (GhidraScript) ncnn_analyzer.py>     Details:             Tainted condition for branch.  
2025-09-08 14:08:25 INFO  (GhidraScript) ncnn_analyzer.py> ----------------------------------------  
2025-09-08 14:08:25 INFO  (GhidraScript) ncnn_analyzer.py> Usage #4:  
2025-09-08 14:08:25 INFO  (GhidraScript) ncnn_analyzer.py>   Originating Lib Call: extract  
2025-09-08 14:08:25 INFO  (GhidraScript) ncnn_analyzer.py>   Found In Function:   main at 00101cd8  
2025-09-08 14:08:25 INFO  (GhidraScript) ncnn_analyzer.py>   Instruction Address: 001021cc  
2025-09-08 14:08:25 INFO  (GhidraScript) ncnn_analyzer.py>     PCode Op:             ---  CBRANCH (ram, 0x102274, 1) , (register, 0x100, 1)  
2025-09-08 14:08:25 INFO  (GhidraScript) ncnn_analyzer.py>     Usage Type:          BRANCH_CONDITION_TAINTED  
2025-09-08 14:08:25 INFO  (GhidraScript) ncnn_analyzer.py>     Tainted Component:   UNNAMED(NG)  
2025-09-08 14:08:25 INFO  (GhidraScript) ncnn_analyzer.py>     Details:             Tainted condition for branch.  
2025-09-08 14:08:25 INFO  (GhidraScript) ncnn_analyzer.py> ----------------------------------------  
2025-09-08 14:08:25 INFO  (GhidraScript) ncnn_analyzer.py> Usage #5:  
2025-09-08 14:08:25 INFO  (GhidraScript) ncnn_analyzer.py>   Originating Lib Call: extract  
2025-09-08 14:08:25 INFO  (GhidraScript) ncnn_analyzer.py>   Found In Function:   main at 00101cd8  
2025-09-08 14:08:25 INFO  (GhidraScript) ncnn_analyzer.py>   Instruction Address: 001022e4  
2025-09-08 14:08:25 INFO  (GhidraScript) ncnn_analyzer.py>     PCode Op:             ---  CBRANCH (ram, 0x102348, 1) , (register, 0x108, 1)  
2025-09-08 14:08:25 INFO  (GhidraScript) ncnn_analyzer.py>     Usage Type:          BRANCH_CONDITION_TAINTED  
2025-09-08 14:08:25 INFO  (GhidraScript) ncnn_analyzer.py>     Tainted Component:   UNNAMED(tmpZR)  
2025-09-08 14:08:25 INFO  (GhidraScript) ncnn_analyzer.py>     Details:             Tainted condition for branch.  
2025-09-08 14:08:25 INFO  (GhidraScript) ncnn_analyzer.py> ----------------------------------------  
2025-09-08 14:08:25 INFO  (GhidraScript) ncnn_analyzer.py> Usage #6:  
2025-09-08 14:08:25 INFO  (GhidraScript) ncnn_analyzer.py>   Originating Lib Call: extract  
2025-09-08 14:08:25 INFO  (GhidraScript) ncnn_analyzer.py>   Found In Function:   main at 00101cd8  
2025-09-08 14:08:25 INFO  (GhidraScript) ncnn_analyzer.py>   Instruction Address: 001023cc  
2025-09-08 14:08:25 INFO  (GhidraScript) ncnn_analyzer.py>     PCode Op:             ---  CBRANCH (ram, 0x102430, 1) , (register, 0x108, 1)  
2025-09-08 14:08:25 INFO  (GhidraScript) ncnn_analyzer.py>     Usage Type:          BRANCH_CONDITION_TAINTED  
2025-09-08 14:08:25 INFO  (GhidraScript) ncnn_analyzer.py>     Tainted Component:   UNNAMED(tmpZR)  
2025-09-08 14:08:25 INFO  (GhidraScript) ncnn_analyzer.py>     Details:             Tainted condition for branch.  
2025-09-08 14:08:25 INFO  (GhidraScript) ncnn_analyzer.py> ----------------------------------------  
2025-09-08 14:08:25 INFO  (GhidraScript) ncnn_analyzer.py> SUCCESS: Hook configuration saved to: /Users/chenkexin/Desktop/kk/test_taint/results/emotion_ferplus_ncnn_clang_O0_hook_config.json  
2025-09-08 14:08:25 INFO  (GhidraScript) ncnn_analyzer.py> NCNN Taint Analyzer finished.  
2025-09-08 14:08:25 INFO  (HeadlessAnalyzer) ANALYZING changes made by post scripts: file:///Users/chenkexin/Desktop/kk/test_taint/assets/merged_bin/emotion_ferplus_ncnn_clang_O0  
2025-09-08 14:08:25 INFO  (HeadlessAnalyzer) REPORT: Post-analysis succeeded for file: file:///Users/chenkexin/Desktop/kk/test_taint/assets/merged_bin/emotion_ferplus_ncnn_clang_O0  
2025-09-08 14:08:25 INFO  (HeadlessAnalyzer) REPORT: Save succeeded for: /emotion_ferplus_ncnn_clang_O0 (all_binaries_analysis:/emotion_ferplus_ncnn_clang_O0)  
2025-09-08 14:08:25 INFO  (HeadlessAnalyzer) REPORT: Import succeeded  
2025-09-08 14:08:25 DEBUG (DefaultProjectData) Closing ProjectData: /Users/chenkexin/Desktop/kk/test_taint/ghidra_projects/all_binaries_analysis.rep  
2025-09-08 14:08:25 DEBUG (DefaultProjectData) Disposing ProjectData: /Users/chenkexin/Desktop/kk/test_taint/ghidra_projects/all_binaries_analysis.rep  
