2025-09-08 14:09:59 INFO  (LoggingInitialization) Using log config file: jar:file:/Applications/ghidra_11.0.3_PUBLIC/Ghidra/Framework/Generic/lib/Generic.jar!/generic.log4j.xml  
2025-09-08 14:09:59 INFO  (LoggingInitialization) Using log file: /Users/chenkexin/Desktop/kk/test_taint/logs/emotion_ferplus_tflite_gcc_O0_headless_analysis.log  
2025-09-08 14:09:59 INFO  (Preferences) Loading user preferences: /Users/chenkexin/.ghidra/.ghidra_11.0.3_PUBLIC/preferences  
2025-09-08 14:09:59 INFO  (Preferences) Loading previous preferences: /Users/chenkexin/.ghidra/.ghidra_10.4_PUBLIC/preferences  
2025-09-08 14:09:59 INFO  (ClassSearcher) Searching for classes...  
2025-09-08 14:10:00 INFO  (ClassSearcher) Class search complete (1482 ms)  
2025-09-08 14:10:00 INFO  (SSLContextInitializer) Initializing SSL Context  
2025-09-08 14:10:01 INFO  (SecureRandomFactory) Initializing Random Number Generator...  
2025-09-08 14:10:01 INFO  (SecureRandomFactory) Random Number Generator initialization complete: NativePRNGNonBlocking  
2025-09-08 14:10:01 INFO  (ApplicationTrustManagerFactory) Trust manager disabled, cacerts have not been set  
2025-09-08 14:10:01 INFO  (HeadlessAnalyzer) HEADLESS Script Paths:
    /Applications/ghidra_11.0.3_PUBLIC/Ghidra/Processors/8051/ghidra_scripts
    /Applications/ghidra_11.0.3_PUBLIC/Ghidra/Features/FileFormats/ghidra_scripts
    /Applications/ghidra_11.0.3_PUBLIC/Ghidra/Features/Base/ghidra_scripts
    /Applications/ghidra_11.0.3_PUBLIC/Ghidra/Features/Python/ghidra_scripts
    /Applications/ghidra_11.0.3_PUBLIC/Ghidra/Features/GnuDemangler/ghidra_scripts
    /Applications/ghidra_11.0.3_PUBLIC/Ghidra/Features/SystemEmulation/ghidra_scripts
    /Applications/ghidra_11.0.3_PUBLIC/Ghidra/Features/MicrosoftCodeAnalyzer/ghidra_scripts
    /Applications/ghidra_11.0.3_PUBLIC/Ghidra/Features/BytePatterns/ghidra_scripts
    /Applications/ghidra_11.0.3_PUBLIC/Ghidra/Features/Decompiler/ghidra_scripts
    /Applications/ghidra_11.0.3_PUBLIC/Ghidra/Processors/Atmel/ghidra_scripts
    /Applications/ghidra_11.0.3_PUBLIC/Ghidra/Debug/Debugger-agent-frida/ghidra_scripts
    /Applications/ghidra_11.0.3_PUBLIC/Ghidra/Features/FunctionID/ghidra_scripts
    /Applications/ghidra_11.0.3_PUBLIC/Ghidra/Processors/JVM/ghidra_scripts
    /Applications/ghidra_11.0.3_PUBLIC/Ghidra/Processors/PIC/ghidra_scripts
    /Applications/ghidra_11.0.3_PUBLIC/Ghidra/Features/BSim/ghidra_scripts
    /Applications/ghidra_11.0.3_PUBLIC/Ghidra/Features/PDB/ghidra_scripts
    /Applications/ghidra_11.0.3_PUBLIC/Ghidra/Processors/DATA/ghidra_scripts
    /Users/chenkexin/ghidra_scripts
    /Users/chenkexin/Desktop/kk/test_taint
    /Applications/ghidra_11.0.3_PUBLIC/Ghidra/Debug/Debugger-agent-dbgmodel-traceloader/ghidra_scripts
    /Applications/ghidra_11.0.3_PUBLIC/Ghidra/Debug/Debugger-rmi-trace/ghidra_scripts
    /Applications/ghidra_11.0.3_PUBLIC/Ghidra/Features/VersionTracking/ghidra_scripts
    /Applications/ghidra_11.0.3_PUBLIC/Ghidra/Debug/Debugger/ghidra_scripts  
2025-09-08 14:10:01 INFO  (HeadlessAnalyzer) HEADLESS: execution starts  
2025-09-08 14:10:01 INFO  (HeadlessAnalyzer) Opening existing project: /Users/chenkexin/Desktop/kk/test_taint/ghidra_projects/all_binaries_analysis  
2025-09-08 14:10:01 INFO  (HeadlessProject) Opening project: /Users/chenkexin/Desktop/kk/test_taint/ghidra_projects/all_binaries_analysis  
2025-09-08 14:10:01 INFO  (HeadlessAnalyzer) REPORT: Processing input files:   
2025-09-08 14:10:01 INFO  (HeadlessAnalyzer)      project: /Users/chenkexin/Desktop/kk/test_taint/ghidra_projects/all_binaries_analysis  
2025-09-08 14:10:01 INFO  (HeadlessAnalyzer) IMPORTING: file:///Users/chenkexin/Desktop/kk/test_taint/assets/merged_bin/emotion_ferplus_tflite_gcc_O0  
2025-09-08 14:10:04 INFO  (AutoImporter) Using Loader: Executable and Linking Format (ELF)  
2025-09-08 14:10:04 INFO  (AutoImporter) Using Language/Compiler: AARCH64:LE:64:v8A:default  
2025-09-08 14:10:04 DEBUG (ElfHeader) Elf symbol table section .dynsym linked to string table section .dynstr  
2025-09-08 14:10:04 DEBUG (ElfHeader) Elf symbol table section .symtab linked to string table section .strtab  
2025-09-08 14:10:04 DEBUG (ElfHeader) Elf relocation table section .rela.dyn linked to symbol table section .dynsym affecting PT_LOAD  
2025-09-08 14:10:04 DEBUG (ElfHeader) Elf relocation table section .rela.plt linked to symbol table section .dynsym affecting .got  
2025-09-08 14:10:04 DEBUG (ElfProgramBuilder) Discarding 1-byte alignment/filler segment_2.3 at 00100253  
2025-09-08 14:10:04 DEBUG (ElfProgramBuilder) Discarding 4-byte alignment/filler segment_2.7 at 00100354  
2025-09-08 14:10:04 DEBUG (ElfProgramBuilder) Discarding 1-byte alignment/filler segment_2.10 at 00101b4f  
2025-09-08 14:10:04 DEBUG (ElfProgramBuilder) Discarding 4-byte alignment/filler segment_2.12 at 00101c04  
2025-09-08 14:10:04 DEBUG (ElfProgramBuilder) Discarding 8-byte alignment/filler segment_2.17 at 00102578  
2025-09-08 14:10:04 DEBUG (ElfProgramBuilder) Discarding 48-byte alignment/filler segment_2.19 at 00102910  
2025-09-08 14:10:04 DEBUG (ElfProgramBuilder) Discarding 2-byte alignment/filler segment_2.23 at 0010728e  
2025-09-08 14:10:04 DEBUG (ElfProgramBuilder) Discarding 4-byte alignment/filler segment_2.25 at 00107bcc  
2025-09-08 14:10:05 WARN  (ElfRelocationHandler) EXTERNAL Data Elf Relocation with offset: at 0011fb38 (External Location = _ZTVN10__cxxabiv120__si_class_type_infoE+0x10)  
2025-09-08 14:10:05 WARN  (ElfRelocationHandler) EXTERNAL Data Elf Relocation with offset: at 0011fb50 (External Location = _ZTVN10__cxxabiv117__class_type_infoE+0x10)  
2025-09-08 14:10:06 INFO  (HeadlessAnalyzer) IMPORTING: Loaded 0 additional files  
2025-09-08 14:10:06 INFO  (HeadlessAnalyzer) ANALYZING all memory and code: file:///Users/chenkexin/Desktop/kk/test_taint/assets/merged_bin/emotion_ferplus_tflite_gcc_O0  
2025-09-08 14:10:06 ERROR (DWARFAnalyzer) Error during DWARFAnalyzer import:  ghidra.app.util.bin.format.dwarf4.DWARFException: Only DWARF version 2, 3, or 4 information is currently supported (detected 5).
	at ghidra.app.util.bin.format.dwarf4.DWARFCompilationUnit.readCompilationUnit(DWARFCompilationUnit.java:155)
	at ghidra.app.util.bin.format.dwarf4.next.DWARFProgram.bootstrapCompilationUnits(DWARFProgram.java:629)
	at ghidra.app.util.bin.format.dwarf4.next.DWARFProgram.<init>(DWARFProgram.java:262)
	at ghidra.app.plugin.core.analysis.DWARFAnalyzer.added(DWARFAnalyzer.java:109)
	at ghidra.app.plugin.core.analysis.AnalysisScheduler.runAnalyzer(AnalysisScheduler.java:186)
	at ghidra.app.plugin.core.analysis.AnalysisTask.applyTo(AnalysisTask.java:39)
	at ghidra.app.plugin.core.analysis.AutoAnalysisManager$AnalysisTaskWrapper.run(AutoAnalysisManager.java:686)
	at ghidra.app.plugin.core.analysis.AutoAnalysisManager.startAnalysis(AutoAnalysisManager.java:786)
	at ghidra.app.plugin.core.analysis.AutoAnalysisManager.startAnalysis(AutoAnalysisManager.java:665)
	at ghidra.app.plugin.core.analysis.AutoAnalysisManager.startAnalysis(AutoAnalysisManager.java:630)
	at ghidra.app.util.headless.HeadlessAnalyzer.analyzeProgram(HeadlessAnalyzer.java:1029)
	at ghidra.app.util.headless.HeadlessAnalyzer.processFileWithImport(HeadlessAnalyzer.java:1552)
	at ghidra.app.util.headless.HeadlessAnalyzer.processWithLoader(HeadlessAnalyzer.java:1734)
	at ghidra.app.util.headless.HeadlessAnalyzer.processWithImport(HeadlessAnalyzer.java:1675)
	at ghidra.app.util.headless.HeadlessAnalyzer.processWithImport(HeadlessAnalyzer.java:1759)
	at ghidra.app.util.headless.HeadlessAnalyzer.processLocal(HeadlessAnalyzer.java:460)
	at ghidra.app.util.headless.AnalyzeHeadless.launch(AnalyzeHeadless.java:127)
	at ghidra.GhidraLauncher.launch(GhidraLauncher.java:78)
	at ghidra.Ghidra.main(Ghidra.java:54)
 
2025-09-08 14:10:10 INFO  (PackedDatabaseCache) Packed database cache: /var/folders/kn/fw_2jn054bq5f73czrm_91nc0000gn/T/chenkexin-Ghidra/packed-db-cache  
2025-09-08 14:10:10 DEBUG (PackedDatabaseCache) Using cached packed database: /Applications/ghidra_11.0.3_PUBLIC/Ghidra/Features/Base/data/typeinfo/generic/generic_clib_64.gdt  
2025-09-08 14:10:11 INFO  (ApplyDataArchiveAnalyzer) Applied data type archive: generic_clib_64  
2025-09-08 14:10:12 WARN  (DemangledAddressTable) Unable to fully apply external demangled Address Table at 00121048: __cxxabiv1::__class_type_info::vtable  
2025-09-08 14:10:12 WARN  (DemangledAddressTable) Unable to fully apply external demangled Address Table at 00121120: tflite::MutableOpResolver::vtable  
2025-09-08 14:10:12 WARN  (DemangledAddressTable) Unable to fully apply external demangled Address Table at 00121180: tflite::MutableOpResolver::typeinfo  
2025-09-08 14:10:12 WARN  (DemangledAddressTable) Unable to fully apply external demangled Address Table at 001211a8: __cxxabiv1::__si_class_type_info::vtable  
2025-09-08 14:10:14 INFO  (AutoAnalysisManager) -----------------------------------------------------
    AARCH64 ELF PLT Thunks                     0.200 secs
    ASCII Strings                              0.303 secs
    Apply Data Archives                        1.194 secs
    Basic Constant Reference Analyzer          1.076 secs
    Call Convention ID                         0.704 secs
    Call-Fixup Installer                       0.032 secs
    Create Address Tables                      0.039 secs
    Create Address Tables - One Time           0.007 secs
    Create Function                            0.000 secs
    DWARF                                      0.068 secs
    Data Reference                             0.049 secs
    Decompiler Switch Analysis                 0.156 secs
    Demangler GNU                              0.792 secs
    Disassemble Entry Points                   0.281 secs
    Embedded Media                             0.020 secs
    External Entry References                  0.002 secs
    Function Start Search                      0.115 secs
    Function Start Search After Code           0.058 secs
    Function Start Search After Data           0.022 secs
    Function Start Search delayed - One Time   0.015 secs
    GCC Exception Handlers                     1.390 secs
    Non-Returning Functions - Discovered       0.037 secs
    Non-Returning Functions - Known            0.037 secs
    Reference                                  0.182 secs
    Shared Return Calls                        0.063 secs
    Stack                                      0.661 secs
    Subroutine References                      0.039 secs
-----------------------------------------------------
     Total Time   7 secs
-----------------------------------------------------
  
2025-09-08 14:10:14 INFO  (HeadlessAnalyzer) REPORT: Analysis succeeded for file: file:///Users/chenkexin/Desktop/kk/test_taint/assets/merged_bin/emotion_ferplus_tflite_gcc_O0  
2025-09-08 14:10:14 INFO  (HeadlessAnalyzer) SCRIPT: /Users/chenkexin/Desktop/kk/test_taint/tflite_analyzer.py  
2025-09-08 14:10:19 INFO  (GhidraScript) tflite_analyzer.py> INFO: Searching for functions, thunks, and call sites related to keywords: ['operator']  
2025-09-08 14:10:19 INFO  (GhidraScript) tflite_analyzer.py> INFO: Found function 'operator.new'. Searching for its thunks.  
2025-09-08 14:10:19 INFO  (GhidraScript) tflite_analyzer.py> INFO: Found thunk 'operator.new' at 00102720 for function.  
2025-09-08 14:10:19 INFO  (GhidraScript) tflite_analyzer.py> INFO: Found thunk 'operator.new' at 001210e8 for function.  
2025-09-08 14:10:19 INFO  (GhidraScript) tflite_analyzer.py> INFO: Found function 'operator<<'. Searching for its thunks.  
2025-09-08 14:10:19 INFO  (GhidraScript) tflite_analyzer.py> INFO: Found thunk 'operator<<' at 001027b0 for function.  
2025-09-08 14:10:19 INFO  (GhidraScript) tflite_analyzer.py> INFO: Found thunk 'operator<<' at 00121140 for function.  
2025-09-08 14:10:19 INFO  (GhidraScript) tflite_analyzer.py> INFO: Found function 'operator<<'. Searching for its thunks.  
2025-09-08 14:10:19 INFO  (GhidraScript) tflite_analyzer.py> INFO: Found thunk 'operator<<' at 00102880 for function.  
2025-09-08 14:10:19 INFO  (GhidraScript) tflite_analyzer.py> INFO: Found thunk 'operator<<' at 001211b8 for function.  
2025-09-08 14:10:19 INFO  (GhidraScript) tflite_analyzer.py> INFO: Found function 'operator.delete'. Searching for its thunks.  
2025-09-08 14:10:19 INFO  (GhidraScript) tflite_analyzer.py> INFO: Found thunk 'operator.delete' at 001025d0 for function.  
2025-09-08 14:10:19 INFO  (GhidraScript) tflite_analyzer.py> INFO: Found thunk 'operator.delete' at 00121018 for function.  
2025-09-08 14:10:19 INFO  (GhidraScript) tflite_analyzer.py> INFO: Found function 'operator<<'. Searching for its thunks.  
2025-09-08 14:10:19 INFO  (GhidraScript) tflite_analyzer.py> INFO: Found thunk 'operator<<' at 001027c0 for function.  
2025-09-08 14:10:19 INFO  (GhidraScript) tflite_analyzer.py> INFO: Found thunk 'operator<<' at 00121148 for function.  
2025-09-08 14:10:19 INFO  (GhidraScript) tflite_analyzer.py> INFO: Found function 'operator()'. Searching for its thunks.  
2025-09-08 14:10:19 INFO  (GhidraScript) tflite_analyzer.py> INFO: Found thunk 'operator()' at 001027a0 for function.  
2025-09-08 14:10:19 INFO  (GhidraScript) tflite_analyzer.py> INFO: Found thunk 'operator()' at 00121138 for function.  
2025-09-08 14:10:19 INFO  (GhidraScript) tflite_analyzer.py> INFO: Found 32 unique call sites. Analyzing each...  
2025-09-08 14:10:19 INFO  (GhidraScript) tflite_analyzer.py> 
--- Starting Stage 1 Taint Analysis from '['operator']' call sites ---  
2025-09-08 14:10:19 INFO  (GhidraScript) tflite_analyzer.py> 
--- Analyzing Call Site #1058268 at 001025dc ---  
2025-09-08 14:10:19 INFO  (GhidraScript) tflite_analyzer.py> DEBUG: Parent (caller): operator.delete at 001025d0  
2025-09-08 14:10:19 INFO  (GhidraScript) tflite_analyzer.py> INFO: Call at 001025dc has no output varnode. Nothing to taint. Skipping.  
2025-09-08 14:10:19 INFO  (GhidraScript) tflite_analyzer.py> 
--- Analyzing Call Site #1058604 at 0010272c ---  
2025-09-08 14:10:19 INFO  (GhidraScript) tflite_analyzer.py> DEBUG: Parent (caller): operator.new at 00102720  
2025-09-08 14:10:19 INFO  (GhidraScript) tflite_analyzer.py> 
--- Initiating Taint Analysis for: operator.new (call at 0010272c) ---  
2025-09-08 14:10:19 INFO  (GhidraScript) tflite_analyzer.py> DEBUG: Taint source is the return value of the call: pvVar1(x0)  
2025-09-08 14:10:19 INFO  (GhidraScript) tflite_analyzer.py> \n>>> Analyzing function: operator.new (Depth: 0) at 00102720 (Originating from: ['operator']) with initial taints: pvVar1(x0)  
2025-09-08 14:10:19 INFO  (GhidraScript) tflite_analyzer.py>   - [STACK_SEARCH.0] Analyzing varnode: (register, 0x4000, 8)  
2025-09-08 14:10:19 INFO  (GhidraScript) tflite_analyzer.py>   - [STACK_SEARCH.0] Details: isAddress=0, addr=register:00004000, isStackAddress=0  
2025-09-08 14:10:19 INFO  (GhidraScript) tflite_analyzer.py>   - [STACK_SEARCH.0] Def P-Code Op: (register, 0x4000, 8) CALL (ram, 0x1210e8, 8) , (register, 0x4000, 8)  
2025-09-08 14:10:19 INFO  (GhidraScript) tflite_analyzer.py>   - [STACK_SEARCH.0] Mnemonic 'CALL' is not a handled case. Aborting path.  
2025-09-08 14:10:19 INFO  (GhidraScript) tflite_analyzer.py> \nDEBUG: Reached specified start PcodeOp (register, 0x4000, 8) CALL (ram, 0x1210e8, 8) , (register, 0x4000, 8) at 0010272c in operator.new, subsequent ops will be processed.  
2025-09-08 14:10:19 WARN  (DecompileCallback) Decompiling 001210e8, pcode error at 001210e8: Unable to disassemble EXTERNAL block location: 001210e8  
2025-09-08 14:10:19 INFO  (GhidraScript) tflite_analyzer.py> DEBUG: [operator.new @ 0010272c] Analyzing potential tainted RETURN with value: pvVar1(x0) (Tainted: 1)  
2025-09-08 14:10:19 INFO  (GhidraScript) tflite_analyzer.py> 
==================== TAINTED RETURN DETECTED ====================  
2025-09-08 14:10:19 INFO  (GhidraScript) tflite_analyzer.py>   - Taint Origin:    ['operator']  
2025-09-08 14:10:19 INFO  (GhidraScript) tflite_analyzer.py>   - Function:        void * operator.new(ulong param_1) (Depth: 0)  
2025-09-08 14:10:19 INFO  (GhidraScript) tflite_analyzer.py>   - Return Address:  0010272c  
2025-09-08 14:10:19 INFO  (GhidraScript) tflite_analyzer.py>   - Instruction:     br x17  
2025-09-08 14:10:19 INFO  (GhidraScript) tflite_analyzer.py>   - Tainted Value:   pvVar1(x0)  
2025-09-08 14:10:19 INFO  (GhidraScript) tflite_analyzer.py>   - Value defined by:  (register, 0x4000, 8) CALL (ram, 0x1210e8, 8) , (register, 0x4000, 8) at 0010272c  
2025-09-08 14:10:19 INFO  (GhidraScript) tflite_analyzer.py> ================================================================
  
2025-09-08 14:10:19 INFO  (GhidraScript) tflite_analyzer.py> INFO: [MULTI-STAGE] Tainted return from 'operator.new'. Finding call sites to continue analysis.  
2025-09-08 14:10:19 INFO  (GhidraScript) tflite_analyzer.py> <<< Finished analyzing function: operator.new.  
2025-09-08 14:10:19 INFO  (GhidraScript) tflite_analyzer.py> 
--- Analyzing Call Site #1058732 at 001027ac ---  
2025-09-08 14:10:19 INFO  (GhidraScript) tflite_analyzer.py> DEBUG: Parent (caller): operator() at 001027a0  
2025-09-08 14:10:19 INFO  (GhidraScript) tflite_analyzer.py> INFO: Call at 001027ac has no output varnode. Nothing to taint. Skipping.  
2025-09-08 14:10:19 INFO  (GhidraScript) tflite_analyzer.py> 
--- Analyzing Call Site #1058748 at 001027bc ---  
2025-09-08 14:10:19 INFO  (GhidraScript) tflite_analyzer.py> DEBUG: Parent (caller): operator<< at 001027b0  
2025-09-08 14:10:19 INFO  (GhidraScript) tflite_analyzer.py> 
--- Initiating Taint Analysis for: operator<< (call at 001027bc) ---  
2025-09-08 14:10:19 INFO  (GhidraScript) tflite_analyzer.py> DEBUG: Taint source is the return value of the call: pbVar1(x0)  
2025-09-08 14:10:19 INFO  (GhidraScript) tflite_analyzer.py> \n>>> Analyzing function: operator<< (Depth: 0) at 001027b0 (Originating from: ['operator']) with initial taints: pbVar1(x0)  
2025-09-08 14:10:19 INFO  (GhidraScript) tflite_analyzer.py>   - [STACK_SEARCH.0] Analyzing varnode: (register, 0x4000, 8)  
2025-09-08 14:10:19 INFO  (GhidraScript) tflite_analyzer.py>   - [STACK_SEARCH.0] Details: isAddress=0, addr=register:00004000, isStackAddress=0  
2025-09-08 14:10:19 INFO  (GhidraScript) tflite_analyzer.py>   - [STACK_SEARCH.0] Def P-Code Op: (register, 0x4000, 8) CALL (ram, 0x121140, 8) , (register, 0x4000, 8) , (register, 0x4008, 8)  
2025-09-08 14:10:19 INFO  (GhidraScript) tflite_analyzer.py>   - [STACK_SEARCH.0] Mnemonic 'CALL' is not a handled case. Aborting path.  
2025-09-08 14:10:19 INFO  (GhidraScript) tflite_analyzer.py> \nDEBUG: Reached specified start PcodeOp (register, 0x4000, 8) CALL (ram, 0x121140, 8) , (register, 0x4000, 8) , (register, 0x4008, 8) at 001027bc in operator<<, subsequent ops will be processed.  
2025-09-08 14:10:19 WARN  (DecompileCallback) Decompiling 00121140, pcode error at 00121140: Unable to disassemble EXTERNAL block location: 00121140  
2025-09-08 14:10:19 INFO  (GhidraScript) tflite_analyzer.py> DEBUG: [operator<< @ 001027bc] Analyzing potential tainted RETURN with value: pbVar1(x0) (Tainted: 1)  
2025-09-08 14:10:19 INFO  (GhidraScript) tflite_analyzer.py> 
==================== TAINTED RETURN DETECTED ====================  
2025-09-08 14:10:19 INFO  (GhidraScript) tflite_analyzer.py>   - Taint Origin:    ['operator']  
2025-09-08 14:10:19 INFO  (GhidraScript) tflite_analyzer.py>   - Function:        basic_ostream * operator<<(basic_ostream * param_1, basic_string * param_2) (Depth: 0)  
2025-09-08 14:10:19 INFO  (GhidraScript) tflite_analyzer.py>   - Return Address:  001027bc  
2025-09-08 14:10:19 INFO  (GhidraScript) tflite_analyzer.py>   - Instruction:     br x17  
2025-09-08 14:10:19 INFO  (GhidraScript) tflite_analyzer.py>   - Tainted Value:   pbVar1(x0)  
2025-09-08 14:10:19 INFO  (GhidraScript) tflite_analyzer.py>   - Value defined by:  (register, 0x4000, 8) CALL (ram, 0x121140, 8) , (register, 0x4000, 8) , (register, 0x4008, 8) at 001027bc  
2025-09-08 14:10:19 INFO  (GhidraScript) tflite_analyzer.py> ================================================================
  
2025-09-08 14:10:19 INFO  (GhidraScript) tflite_analyzer.py> INFO: [MULTI-STAGE] Tainted return from 'operator<<'. Finding call sites to continue analysis.  
2025-09-08 14:10:19 INFO  (GhidraScript) tflite_analyzer.py> INFO: [MULTI-STAGE] Queued new task to analyze caller 'main' starting from tainted return.  
2025-09-08 14:10:19 INFO  (GhidraScript) tflite_analyzer.py> INFO: [MULTI-STAGE] Queued new task to analyze caller 'main' starting from tainted return.  
2025-09-08 14:10:19 INFO  (GhidraScript) tflite_analyzer.py> <<< Finished analyzing function: operator<<.  
2025-09-08 14:10:19 INFO  (GhidraScript) tflite_analyzer.py> 
--- Analyzing Call Site #1058764 at 001027cc ---  
2025-09-08 14:10:19 INFO  (GhidraScript) tflite_analyzer.py> DEBUG: Parent (caller): operator<< at 001027c0  
2025-09-08 14:10:19 INFO  (GhidraScript) tflite_analyzer.py> 
--- Initiating Taint Analysis for: operator<< (call at 001027cc) ---  
2025-09-08 14:10:19 INFO  (GhidraScript) tflite_analyzer.py> DEBUG: Taint source is the return value of the call: pbVar1(x0)  
2025-09-08 14:10:19 INFO  (GhidraScript) tflite_analyzer.py> \n>>> Analyzing function: operator<< (Depth: 0) at 001027c0 (Originating from: ['operator']) with initial taints: pbVar1(x0)  
2025-09-08 14:10:19 INFO  (GhidraScript) tflite_analyzer.py>   - [STACK_SEARCH.0] Analyzing varnode: (register, 0x4000, 8)  
2025-09-08 14:10:19 INFO  (GhidraScript) tflite_analyzer.py>   - [STACK_SEARCH.0] Details: isAddress=0, addr=register:00004000, isStackAddress=0  
2025-09-08 14:10:19 INFO  (GhidraScript) tflite_analyzer.py>   - [STACK_SEARCH.0] Def P-Code Op: (register, 0x4000, 8) CALL (ram, 0x121148, 8) , (register, 0x4000, 8) , (register, 0x4008, 8)  
2025-09-08 14:10:19 INFO  (GhidraScript) tflite_analyzer.py>   - [STACK_SEARCH.0] Mnemonic 'CALL' is not a handled case. Aborting path.  
2025-09-08 14:10:19 INFO  (GhidraScript) tflite_analyzer.py> \nDEBUG: Reached specified start PcodeOp (register, 0x4000, 8) CALL (ram, 0x121148, 8) , (register, 0x4000, 8) , (register, 0x4008, 8) at 001027cc in operator<<, subsequent ops will be processed.  
2025-09-08 14:10:19 WARN  (DecompileCallback) Decompiling 00121148, pcode error at 00121148: Unable to disassemble EXTERNAL block location: 00121148  
2025-09-08 14:10:19 INFO  (GhidraScript) tflite_analyzer.py> DEBUG: [operator<< @ 001027cc] Analyzing potential tainted RETURN with value: pbVar1(x0) (Tainted: 1)  
2025-09-08 14:10:19 INFO  (GhidraScript) tflite_analyzer.py> 
==================== TAINTED RETURN DETECTED ====================  
2025-09-08 14:10:19 INFO  (GhidraScript) tflite_analyzer.py>   - Taint Origin:    ['operator']  
2025-09-08 14:10:19 INFO  (GhidraScript) tflite_analyzer.py>   - Function:        basic_ostream * operator<<(basic_ostream * param_1, char * param_2) (Depth: 0)  
2025-09-08 14:10:19 INFO  (GhidraScript) tflite_analyzer.py>   - Return Address:  001027cc  
2025-09-08 14:10:19 INFO  (GhidraScript) tflite_analyzer.py>   - Instruction:     br x17  
2025-09-08 14:10:19 INFO  (GhidraScript) tflite_analyzer.py>   - Tainted Value:   pbVar1(x0)  
2025-09-08 14:10:19 INFO  (GhidraScript) tflite_analyzer.py>   - Value defined by:  (register, 0x4000, 8) CALL (ram, 0x121148, 8) , (register, 0x4000, 8) , (register, 0x4008, 8) at 001027cc  
2025-09-08 14:10:19 INFO  (GhidraScript) tflite_analyzer.py> ================================================================
  
2025-09-08 14:10:19 INFO  (GhidraScript) tflite_analyzer.py> INFO: [MULTI-STAGE] Tainted return from 'operator<<'. Finding call sites to continue analysis.  
2025-09-08 14:10:19 INFO  (GhidraScript) tflite_analyzer.py> INFO: [MULTI-STAGE] Queued new task to analyze caller 'main' starting from tainted return.  
2025-09-08 14:10:19 INFO  (GhidraScript) tflite_analyzer.py> INFO: [MULTI-STAGE] Queued new task to analyze caller 'main' starting from tainted return.  
2025-09-08 14:10:20 INFO  (GhidraScript) tflite_analyzer.py> INFO: [MULTI-STAGE] Queued new task to analyze caller 'main' starting from tainted return.  
2025-09-08 14:10:20 INFO  (GhidraScript) tflite_analyzer.py> INFO: [MULTI-STAGE] Queued new task to analyze caller 'main' starting from tainted return.  
2025-09-08 14:10:20 INFO  (GhidraScript) tflite_analyzer.py> INFO: [MULTI-STAGE] Queued new task to analyze caller 'main' starting from tainted return.  
2025-09-08 14:10:20 INFO  (GhidraScript) tflite_analyzer.py> <<< Finished analyzing function: operator<<.  
2025-09-08 14:10:20 INFO  (GhidraScript) tflite_analyzer.py> 
--- Analyzing Call Site #1058956 at 0010288c ---  
2025-09-08 14:10:20 INFO  (GhidraScript) tflite_analyzer.py> DEBUG: Parent (caller): operator<< at 00102880  
2025-09-08 14:10:20 INFO  (GhidraScript) tflite_analyzer.py> INFO: Call at 0010288c has no output varnode. Nothing to taint. Skipping.  
2025-09-08 14:10:20 INFO  (GhidraScript) tflite_analyzer.py> 
--- Analyzing Call Site #1059488 at 00102aa0 ---  
2025-09-08 14:10:20 INFO  (GhidraScript) tflite_analyzer.py> DEBUG: Parent (caller): main at 00102a58  
2025-09-08 14:10:20 INFO  (GhidraScript) tflite_analyzer.py> 
--- Initiating Taint Analysis for: main (call at 00102aa0) ---  
2025-09-08 14:10:20 INFO  (GhidraScript) tflite_analyzer.py> DEBUG: Taint source is the return value of the call: pbVar3(x0)  
2025-09-08 14:10:20 INFO  (GhidraScript) tflite_analyzer.py> \n>>> Analyzing function: main (Depth: 0) at 00102a58 (Originating from: ['operator']) with initial taints: pbVar3(x0)  
2025-09-08 14:10:20 INFO  (GhidraScript) tflite_analyzer.py>   - [STACK_SEARCH.0] Analyzing varnode: (register, 0x4000, 8)  
2025-09-08 14:10:20 INFO  (GhidraScript) tflite_analyzer.py>   - [STACK_SEARCH.0] Details: isAddress=0, addr=register:00004000, isStackAddress=0  
2025-09-08 14:10:20 INFO  (GhidraScript) tflite_analyzer.py>   - [STACK_SEARCH.0] Def P-Code Op: (register, 0x4000, 8) CALL (ram, 0x1027c0, 8) , (unique, 0x1000054f, 8) , (unique, 0x1000032c, 8)  
2025-09-08 14:10:20 INFO  (GhidraScript) tflite_analyzer.py>   - [STACK_SEARCH.0] Mnemonic 'CALL' is not a handled case. Aborting path.  
2025-09-08 14:10:20 INFO  (GhidraScript) tflite_analyzer.py> \nDEBUG: Reached specified start PcodeOp (register, 0x4000, 8) CALL (ram, 0x1027c0, 8) , (unique, 0x1000054f, 8) , (unique, 0x1000032c, 8) at 00102aa0 in main, subsequent ops will be processed.  
2025-09-08 14:10:20 INFO  (GhidraScript) tflite_analyzer.py> DEBUG: [LOAD_HANDLER] Checking LOAD op at 00102aac. Address varnode: (register, 0x4008, 8)  
2025-09-08 14:10:20 INFO  (GhidraScript) tflite_analyzer.py> DEBUG: [LOAD_HANDLER] POINTER_RULE FAIL: Address varnode param_2(x1) is not tainted (recursive check).  
2025-09-08 14:10:20 INFO  (GhidraScript) tflite_analyzer.py> DEBUG: [LOAD_HANDLER] REGION_RULE FAIL: Address pointer param_2(x1) is not in the tainted memory regions set.  
2025-09-08 14:10:20 INFO  (GhidraScript) tflite_analyzer.py> \n>>> Analyzing function: operator<< (Depth: 1) at 001027c0 (Originating from: ['operator']) with initial taints: param_1(x0)  
2025-09-08 14:10:20 INFO  (GhidraScript) tflite_analyzer.py>   - [STACK_SEARCH.0] Analyzing varnode: (register, 0x4000, 8)  
2025-09-08 14:10:20 INFO  (GhidraScript) tflite_analyzer.py>   - [STACK_SEARCH.0] Details: isAddress=0, addr=register:00004000, isStackAddress=0  
2025-09-08 14:10:20 INFO  (GhidraScript) tflite_analyzer.py>   - [STACK_SEARCH.0] No defining p-code op found. Aborting path.  
2025-09-08 14:10:20 INFO  (GhidraScript) tflite_analyzer.py> DEBUG: Starting taint analysis from the beginning of function operator<<.  
2025-09-08 14:10:20 WARN  (DecompileCallback) Decompiling 00121148, pcode error at 00121148: Unable to disassemble EXTERNAL block location: 00121148  
2025-09-08 14:10:20 INFO  (GhidraScript) tflite_analyzer.py> \n>>> Analyzing function: operator<< (Depth: 2) at 00121148 (Originating from: ['operator']) with initial taints: param_1(x0)  
2025-09-08 14:10:20 INFO  (GhidraScript) tflite_analyzer.py>   - [STACK_SEARCH.0] Analyzing varnode: (register, 0x4000, 8)  
2025-09-08 14:10:20 INFO  (GhidraScript) tflite_analyzer.py>   - [STACK_SEARCH.0] Details: isAddress=0, addr=register:00004000, isStackAddress=0  
2025-09-08 14:10:20 INFO  (GhidraScript) tflite_analyzer.py>   - [STACK_SEARCH.0] No defining p-code op found. Aborting path.  
2025-09-08 14:10:20 INFO  (GhidraScript) tflite_analyzer.py> DEBUG: Starting taint analysis from the beginning of function operator<<.  
2025-09-08 14:10:20 INFO  (GhidraScript) tflite_analyzer.py> <<< Finished analyzing function: operator<<.  
2025-09-08 14:10:20 INFO  (GhidraScript) tflite_analyzer.py> DEBUG: [operator<< @ 001027cc] Analyzing potential tainted RETURN with value: pbVar1(x0) (Tainted: 0)  
2025-09-08 14:10:20 INFO  (GhidraScript) tflite_analyzer.py>     [DEBUG] --- Taint Check Details (RETURN FAILED) ---  
2025-09-08 14:10:20 INFO  (GhidraScript) tflite_analyzer.py>     [DEBUG]   > Return Varnode: (register, 0x4000, 8) (Size: 8, Def: (register, 0x4000, 8) CALL (ram, 0x121148, 8) , (register, 0x4000, 8) , (register, 0x4008, 8) at 001027cc)  
2025-09-08 14:10:20 INFO  (GhidraScript) tflite_analyzer.py>     [DEBUG]   > Currently Tainted HighVariables in this function:  
2025-09-08 14:10:20 INFO  (GhidraScript) tflite_analyzer.py>     [DEBUG]     1. param_1(x0)  
2025-09-08 14:10:20 INFO  (GhidraScript) tflite_analyzer.py>     [DEBUG] ---------------------------------  
2025-09-08 14:10:20 INFO  (GhidraScript) tflite_analyzer.py> <<< Finished analyzing function: operator<<.  
2025-09-08 14:10:20 INFO  (GhidraScript) tflite_analyzer.py> DEBUG: Already analyzed function operator<< with initial taints ('param_1(x0)',) (origin: ['operator']). Skipping.  
2025-09-08 14:10:20 INFO  (GhidraScript) tflite_analyzer.py> DEBUG: [main @ 00102ad8] Taint propagated from pbVar3(x0) to UNNAMED(UniquePcode[0x10000557]) via CAST.  
2025-09-08 14:10:20 INFO  (GhidraScript) tflite_analyzer.py> DEBUG: [LOAD_HANDLER] Checking LOAD op at 00102aec. Address varnode: (unique, 0x11f80, 8)  
2025-09-08 14:10:20 INFO  (GhidraScript) tflite_analyzer.py> DEBUG: [LOAD_HANDLER] POINTER_RULE FAIL: Address varnode UNNAMED(UniquePcode[0x11f80]) is not tainted (recursive check).  
2025-09-08 14:10:20 INFO  (GhidraScript) tflite_analyzer.py> DEBUG: [LOAD_HANDLER] REGION_RULE FAIL: Address pointer UNNAMED(UniquePcode[0x11f80]) is not in the tainted memory regions set.  
2025-09-08 14:10:20 INFO  (GhidraScript) tflite_analyzer.py> DEBUG: [LOAD_HANDLER] Checking LOAD op at 00102b20. Address varnode: (unique, 0x11f80, 8)  
2025-09-08 14:10:20 INFO  (GhidraScript) tflite_analyzer.py> DEBUG: [LOAD_HANDLER] POINTER_RULE FAIL: Address varnode UNNAMED(UniquePcode[0x11f80]) is not tainted (recursive check).  
2025-09-08 14:10:20 INFO  (GhidraScript) tflite_analyzer.py> DEBUG: [LOAD_HANDLER] REGION_RULE FAIL: Address pointer UNNAMED(UniquePcode[0x11f80]) is not in the tainted memory regions set.  
2025-09-08 14:10:20 INFO  (GhidraScript) tflite_analyzer.py> INFO: [main @ 00102b94] Taint reached CBRANCH. Operands: [].   
2025-09-08 14:10:20 INFO  (GhidraScript) tflite_analyzer.py> \n>>> Analyzing function: operator<< (Depth: 1) at 001027b0 (Originating from: ['operator']) with initial taints: param_1(x0)  
2025-09-08 14:10:20 INFO  (GhidraScript) tflite_analyzer.py>   - [STACK_SEARCH.0] Analyzing varnode: (register, 0x4000, 8)  
2025-09-08 14:10:20 INFO  (GhidraScript) tflite_analyzer.py>   - [STACK_SEARCH.0] Details: isAddress=0, addr=register:00004000, isStackAddress=0  
2025-09-08 14:10:20 INFO  (GhidraScript) tflite_analyzer.py>   - [STACK_SEARCH.0] No defining p-code op found. Aborting path.  
2025-09-08 14:10:20 INFO  (GhidraScript) tflite_analyzer.py> DEBUG: Starting taint analysis from the beginning of function operator<<.  
2025-09-08 14:10:20 WARN  (DecompileCallback) Decompiling 00121140, pcode error at 00121140: Unable to disassemble EXTERNAL block location: 00121140  
2025-09-08 14:10:20 INFO  (GhidraScript) tflite_analyzer.py> \n>>> Analyzing function: operator<< (Depth: 2) at 00121140 (Originating from: ['operator']) with initial taints: param_1(x0)  
2025-09-08 14:10:20 INFO  (GhidraScript) tflite_analyzer.py>   - [STACK_SEARCH.0] Analyzing varnode: (register, 0x4000, 8)  
2025-09-08 14:10:20 INFO  (GhidraScript) tflite_analyzer.py>   - [STACK_SEARCH.0] Details: isAddress=0, addr=register:00004000, isStackAddress=0  
2025-09-08 14:10:20 INFO  (GhidraScript) tflite_analyzer.py>   - [STACK_SEARCH.0] No defining p-code op found. Aborting path.  
2025-09-08 14:10:20 INFO  (GhidraScript) tflite_analyzer.py> DEBUG: Starting taint analysis from the beginning of function operator<<.  
2025-09-08 14:10:20 INFO  (GhidraScript) tflite_analyzer.py> <<< Finished analyzing function: operator<<.  
2025-09-08 14:10:20 INFO  (GhidraScript) tflite_analyzer.py> DEBUG: [operator<< @ 001027bc] Analyzing potential tainted RETURN with value: pbVar1(x0) (Tainted: 0)  
2025-09-08 14:10:20 INFO  (GhidraScript) tflite_analyzer.py>     [DEBUG] --- Taint Check Details (RETURN FAILED) ---  
2025-09-08 14:10:20 INFO  (GhidraScript) tflite_analyzer.py>     [DEBUG]   > Return Varnode: (register, 0x4000, 8) (Size: 8, Def: (register, 0x4000, 8) CALL (ram, 0x121140, 8) , (register, 0x4000, 8) , (register, 0x4008, 8) at 001027bc)  
2025-09-08 14:10:20 INFO  (GhidraScript) tflite_analyzer.py>     [DEBUG]   > Currently Tainted HighVariables in this function:  
2025-09-08 14:10:20 INFO  (GhidraScript) tflite_analyzer.py>     [DEBUG]     1. param_1(x0)  
2025-09-08 14:10:20 INFO  (GhidraScript) tflite_analyzer.py>     [DEBUG] ---------------------------------  
2025-09-08 14:10:20 INFO  (GhidraScript) tflite_analyzer.py> <<< Finished analyzing function: operator<<.  
2025-09-08 14:10:20 INFO  (GhidraScript) tflite_analyzer.py> DEBUG: [main @ 00102bc8] Taint propagated from pbVar3(x0) to UNNAMED(UniquePcode[0x10000697]) via CAST.  
2025-09-08 14:10:20 INFO  (GhidraScript) tflite_analyzer.py> DEBUG: [CBRANCH] Found defining op for condition: (register, 0x108, 1) INT_EQUAL (unique, 0x12580, 4) , (const, 0x0, 4)  
2025-09-08 14:10:20 INFO  (GhidraScript) tflite_analyzer.py> INFO: [main @ 00102c4c] Taint reached CBRANCH. Operands: ['UNNAMED(UniquePcode[0x12580])', 'UnnamedHighVar(Constant: 0x0)'].   
2025-09-08 14:10:20 INFO  (GhidraScript) tflite_analyzer.py> DEBUG: Already analyzed function operator<< with initial taints ('param_1(x0)',) (origin: ['operator']). Skipping.  
2025-09-08 14:10:20 INFO  (GhidraScript) tflite_analyzer.py> DEBUG: [main @ 00102c80] Taint propagated from pbVar3(x0) to UNNAMED(UniquePcode[0x10000677]) via CAST.  
2025-09-08 14:10:20 INFO  (GhidraScript) tflite_analyzer.py> DEBUG: [LOAD_HANDLER] Checking LOAD op at 00102d6c. Address varnode: (unique, 0x6500, 8)  
2025-09-08 14:10:20 INFO  (GhidraScript) tflite_analyzer.py> DEBUG: [LOAD_HANDLER] POINTER_RULE FAIL: Address varnode UNNAMED(UniquePcode[0x6500]) is not tainted (recursive check).  
2025-09-08 14:10:20 INFO  (GhidraScript) tflite_analyzer.py> DEBUG: [LOAD_HANDLER] REGION_RULE FAIL: Address pointer UNNAMED(UniquePcode[0x6500]) is not in the tainted memory regions set.  
2025-09-08 14:10:20 INFO  (GhidraScript) tflite_analyzer.py> DEBUG: [LOAD_HANDLER] Checking LOAD op at 00102d78. Address varnode: (register, 0x4000, 8)  
2025-09-08 14:10:20 INFO  (GhidraScript) tflite_analyzer.py> DEBUG: [LOAD_HANDLER] POINTER_RULE FAIL: Address varnode local_2f0(StackDirect[Stack[-0x2f0]]) is not tainted (recursive check).  
2025-09-08 14:10:20 INFO  (GhidraScript) tflite_analyzer.py> DEBUG: [LOAD_HANDLER] REGION_RULE FAIL: Address pointer local_2f0(StackDirect[Stack[-0x2f0]]) is not in the tainted memory regions set.  
2025-09-08 14:10:20 INFO  (GhidraScript) tflite_analyzer.py> DEBUG: [LOAD_HANDLER] Checking LOAD op at 00102d90. Address varnode: (unique, 0x6400, 8)  
2025-09-08 14:10:20 INFO  (GhidraScript) tflite_analyzer.py> DEBUG: [LOAD_HANDLER] POINTER_RULE FAIL: Address varnode UNNAMED(UniquePcode[0x6400]) is not tainted (recursive check).  
2025-09-08 14:10:20 INFO  (GhidraScript) tflite_analyzer.py> DEBUG: [LOAD_HANDLER] REGION_RULE FAIL: Address pointer UNNAMED(UniquePcode[0x6400]) is not in the tainted memory regions set.  
2025-09-08 14:10:20 INFO  (GhidraScript) tflite_analyzer.py> DEBUG: [LOAD_HANDLER] Checking LOAD op at 00102dc8. Address varnode: (register, 0x4000, 8)  
2025-09-08 14:10:20 INFO  (GhidraScript) tflite_analyzer.py> DEBUG: [LOAD_HANDLER] POINTER_RULE FAIL: Address varnode pfVar9(x0) is not tainted (recursive check).  
2025-09-08 14:10:20 INFO  (GhidraScript) tflite_analyzer.py> DEBUG: [LOAD_HANDLER] REGION_RULE FAIL: Address pointer pfVar9(x0) is not in the tainted memory regions set.  
2025-09-08 14:10:20 INFO  (GhidraScript) tflite_analyzer.py> DEBUG: [LOAD_HANDLER] Checking LOAD op at 00102ddc. Address varnode: (register, 0x4000, 8)  
2025-09-08 14:10:20 INFO  (GhidraScript) tflite_analyzer.py> DEBUG: [LOAD_HANDLER] POINTER_RULE FAIL: Address varnode pfVar9(x0) is not tainted (recursive check).  
2025-09-08 14:10:20 INFO  (GhidraScript) tflite_analyzer.py> DEBUG: [LOAD_HANDLER] REGION_RULE FAIL: Address pointer pfVar9(x0) is not in the tainted memory regions set.  
2025-09-08 14:10:20 INFO  (GhidraScript) tflite_analyzer.py> DEBUG: [CBRANCH] Found defining op for condition: (unique, 0x1400, 1) FLOAT_LESSEQUAL (register, 0x5000, 4) , (const, 0x3f19999a, 4)  
2025-09-08 14:10:20 INFO  (GhidraScript) tflite_analyzer.py> INFO: [main @ 00102df8] Taint reached CBRANCH. Operands: ['fVar11(s0)', 'UnnamedHighVar(Constant: 0x3f19999a)'].   
2025-09-08 14:10:20 INFO  (GhidraScript) tflite_analyzer.py> DEBUG: [CBRANCH] Found defining op for condition: (unique, 0x1000031c, 1) FLOAT_LESSEQUAL (const, 0x3dcccccd, 4) , (register, 0x5000, 4)  
2025-09-08 14:10:20 INFO  (GhidraScript) tflite_analyzer.py> INFO: [main @ 00102e14] Taint reached CBRANCH. Operands: ['UnnamedHighVar(Constant: 0x3dcccccd)', 'UNNAMED(s0)'].   
2025-09-08 14:10:20 INFO  (GhidraScript) tflite_analyzer.py> DEBUG: [CBRANCH] Found defining op for condition: (register, 0x108, 1) INT_NOTEQUAL (unique, 0x3e480, 8) , (const, 0x0, 8)  
2025-09-08 14:10:20 INFO  (GhidraScript) tflite_analyzer.py> INFO: [main @ 00102e98] Taint reached CBRANCH. Operands: ['UNNAMED(UniquePcode[0x3e480])', 'UnnamedHighVar(Constant: 0x0)'].   
2025-09-08 14:10:20 INFO  (GhidraScript) tflite_analyzer.py> DEBUG: [main @ 00102fd4] Analyzing potential tainted RETURN with value: UNNAMED(x0) (Tainted: 0)  
2025-09-08 14:10:20 INFO  (GhidraScript) tflite_analyzer.py>     [DEBUG] --- Taint Check Details (RETURN FAILED) ---  
2025-09-08 14:10:20 INFO  (GhidraScript) tflite_analyzer.py>     [DEBUG]   > Return Varnode: (register, 0x4000, 8) (Size: 8, Def: (register, 0x4000, 8) COPY (register, 0x4098, 8) at 00102fc4)  
2025-09-08 14:10:20 INFO  (GhidraScript) tflite_analyzer.py>     [DEBUG]   > Currently Tainted HighVariables in this function:  
2025-09-08 14:10:20 INFO  (GhidraScript) tflite_analyzer.py>     [DEBUG]     1. UNNAMED(UniquePcode[0x10000557])  
2025-09-08 14:10:20 INFO  (GhidraScript) tflite_analyzer.py>     [DEBUG]     2. UNNAMED(UniquePcode[0x10000677])  
2025-09-08 14:10:20 INFO  (GhidraScript) tflite_analyzer.py>     [DEBUG]     3. UNNAMED(UniquePcode[0x10000697])  
2025-09-08 14:10:20 INFO  (GhidraScript) tflite_analyzer.py>     [DEBUG]     4. pbVar3(x0)  
2025-09-08 14:10:20 INFO  (GhidraScript) tflite_analyzer.py>     [DEBUG] ---------------------------------  
2025-09-08 14:10:20 INFO  (GhidraScript) tflite_analyzer.py> <<< Finished analyzing function: main.  
2025-09-08 14:10:20 INFO  (GhidraScript) tflite_analyzer.py> 
--- Analyzing Call Site #1059512 at 00102ab8 ---  
2025-09-08 14:10:20 INFO  (GhidraScript) tflite_analyzer.py> DEBUG: Parent (caller): main at 00102a58  
2025-09-08 14:10:20 INFO  (GhidraScript) tflite_analyzer.py> 
--- Initiating Taint Analysis for: main (call at 00102ab8) ---  
2025-09-08 14:10:20 INFO  (GhidraScript) tflite_analyzer.py> DEBUG: Taint source is the return value of the call: pbVar3(x0)  
2025-09-08 14:10:20 INFO  (GhidraScript) tflite_analyzer.py> DEBUG: Already analyzed function main with initial taints ('pbVar3(x0)',) (origin: ['operator']). Skipping.  
2025-09-08 14:10:20 INFO  (GhidraScript) tflite_analyzer.py> 
--- Analyzing Call Site #1059532 at 00102acc ---  
2025-09-08 14:10:20 INFO  (GhidraScript) tflite_analyzer.py> DEBUG: Parent (caller): main at 00102a58  
2025-09-08 14:10:20 INFO  (GhidraScript) tflite_analyzer.py> 
--- Initiating Taint Analysis for: main (call at 00102acc) ---  
2025-09-08 14:10:20 INFO  (GhidraScript) tflite_analyzer.py> DEBUG: Taint source is the return value of the call: pbVar3(x0)  
2025-09-08 14:10:20 INFO  (GhidraScript) tflite_analyzer.py> DEBUG: Already analyzed function main with initial taints ('pbVar3(x0)',) (origin: ['operator']). Skipping.  
2025-09-08 14:10:20 INFO  (GhidraScript) tflite_analyzer.py> 
--- Analyzing Call Site #1059544 at 00102ad8 ---  
2025-09-08 14:10:20 INFO  (GhidraScript) tflite_analyzer.py> DEBUG: Parent (caller): main at 00102a58  
2025-09-08 14:10:21 INFO  (GhidraScript) tflite_analyzer.py> INFO: Call at 00102ad8 has no output varnode. Nothing to taint. Skipping.  
2025-09-08 14:10:21 INFO  (GhidraScript) tflite_analyzer.py> 
--- Analyzing Call Site #1059752 at 00102ba8 ---  
2025-09-08 14:10:21 INFO  (GhidraScript) tflite_analyzer.py> DEBUG: Parent (caller): main at 00102a58  
2025-09-08 14:10:21 INFO  (GhidraScript) tflite_analyzer.py> 
--- Initiating Taint Analysis for: main (call at 00102ba8) ---  
2025-09-08 14:10:21 INFO  (GhidraScript) tflite_analyzer.py> DEBUG: Taint source is the return value of the call: pbVar3(x0)  
2025-09-08 14:10:21 INFO  (GhidraScript) tflite_analyzer.py> DEBUG: Already analyzed function main with initial taints ('pbVar3(x0)',) (origin: ['operator']). Skipping.  
2025-09-08 14:10:21 INFO  (GhidraScript) tflite_analyzer.py> 
--- Analyzing Call Site #1059772 at 00102bbc ---  
2025-09-08 14:10:21 INFO  (GhidraScript) tflite_analyzer.py> DEBUG: Parent (caller): main at 00102a58  
2025-09-08 14:10:21 INFO  (GhidraScript) tflite_analyzer.py> 
--- Initiating Taint Analysis for: main (call at 00102bbc) ---  
2025-09-08 14:10:21 INFO  (GhidraScript) tflite_analyzer.py> DEBUG: Taint source is the return value of the call: pbVar3(x0)  
2025-09-08 14:10:21 INFO  (GhidraScript) tflite_analyzer.py> DEBUG: Already analyzed function main with initial taints ('pbVar3(x0)',) (origin: ['operator']). Skipping.  
2025-09-08 14:10:21 INFO  (GhidraScript) tflite_analyzer.py> 
--- Analyzing Call Site #1059784 at 00102bc8 ---  
2025-09-08 14:10:21 INFO  (GhidraScript) tflite_analyzer.py> DEBUG: Parent (caller): main at 00102a58  
2025-09-08 14:10:21 INFO  (GhidraScript) tflite_analyzer.py> INFO: Call at 00102bc8 has no output varnode. Nothing to taint. Skipping.  
2025-09-08 14:10:21 INFO  (GhidraScript) tflite_analyzer.py> 
--- Analyzing Call Site #1059852 at 00102c0c ---  
2025-09-08 14:10:21 INFO  (GhidraScript) tflite_analyzer.py> DEBUG: Parent (caller): main at 00102a58  
2025-09-08 14:10:21 INFO  (GhidraScript) tflite_analyzer.py> INFO: Call at 00102c0c has no output varnode. Nothing to taint. Skipping.  
2025-09-08 14:10:21 INFO  (GhidraScript) tflite_analyzer.py> 
--- Analyzing Call Site #1059936 at 00102c60 ---  
2025-09-08 14:10:21 INFO  (GhidraScript) tflite_analyzer.py> DEBUG: Parent (caller): main at 00102a58  
2025-09-08 14:10:21 INFO  (GhidraScript) tflite_analyzer.py> 
--- Initiating Taint Analysis for: main (call at 00102c60) ---  
2025-09-08 14:10:21 INFO  (GhidraScript) tflite_analyzer.py> DEBUG: Taint source is the return value of the call: pbVar3(x0)  
2025-09-08 14:10:21 INFO  (GhidraScript) tflite_analyzer.py> DEBUG: Already analyzed function main with initial taints ('pbVar3(x0)',) (origin: ['operator']). Skipping.  
2025-09-08 14:10:21 INFO  (GhidraScript) tflite_analyzer.py> 
--- Analyzing Call Site #1059956 at 00102c74 ---  
2025-09-08 14:10:21 INFO  (GhidraScript) tflite_analyzer.py> DEBUG: Parent (caller): main at 00102a58  
2025-09-08 14:10:21 INFO  (GhidraScript) tflite_analyzer.py> 
--- Initiating Taint Analysis for: main (call at 00102c74) ---  
2025-09-08 14:10:21 INFO  (GhidraScript) tflite_analyzer.py> DEBUG: Taint source is the return value of the call: pbVar3(x0)  
2025-09-08 14:10:21 INFO  (GhidraScript) tflite_analyzer.py> DEBUG: Already analyzed function main with initial taints ('pbVar3(x0)',) (origin: ['operator']). Skipping.  
2025-09-08 14:10:21 INFO  (GhidraScript) tflite_analyzer.py> 
--- Analyzing Call Site #1059968 at 00102c80 ---  
2025-09-08 14:10:21 INFO  (GhidraScript) tflite_analyzer.py> DEBUG: Parent (caller): main at 00102a58  
2025-09-08 14:10:21 INFO  (GhidraScript) tflite_analyzer.py> INFO: Call at 00102c80 has no output varnode. Nothing to taint. Skipping.  
2025-09-08 14:10:21 INFO  (GhidraScript) tflite_analyzer.py> 
--- Analyzing Call Site #1062348 at 001035cc ---  
2025-09-08 14:10:21 INFO  (GhidraScript) tflite_analyzer.py> DEBUG: Parent (caller): ~OpResolver at 001035b0  
2025-09-08 14:10:21 INFO  (GhidraScript) tflite_analyzer.py> INFO: Call at 001035cc has no output varnode. Nothing to taint. Skipping.  
2025-09-08 14:10:21 INFO  (GhidraScript) tflite_analyzer.py> 
--- Analyzing Call Site #1062696 at 00103728 ---  
2025-09-08 14:10:21 INFO  (GhidraScript) tflite_analyzer.py> DEBUG: Parent (caller): ~MutableOpResolver at 0010370c  
2025-09-08 14:10:21 INFO  (GhidraScript) tflite_analyzer.py> INFO: Call at 00103728 has no output varnode. Nothing to taint. Skipping.  
2025-09-08 14:10:21 INFO  (GhidraScript) tflite_analyzer.py> 
--- Analyzing Call Site #1062784 at 00103780 ---  
2025-09-08 14:10:21 INFO  (GhidraScript) tflite_analyzer.py> DEBUG: Parent (caller): ~BuiltinOpResolver at 00103764  
2025-09-08 14:10:21 INFO  (GhidraScript) tflite_analyzer.py> INFO: Call at 00103780 has no output varnode. Nothing to taint. Skipping.  
2025-09-08 14:10:21 INFO  (GhidraScript) tflite_analyzer.py> 
--- Analyzing Call Site #1069280 at 001050e0 ---  
2025-09-08 14:10:21 INFO  (GhidraScript) tflite_analyzer.py> DEBUG: Parent (caller): operator() at 001050b0  
2025-09-08 14:10:21 INFO  (GhidraScript) tflite_analyzer.py> INFO: Call at 001050e0 has no output varnode. Nothing to taint. Skipping.  
2025-09-08 14:10:21 INFO  (GhidraScript) tflite_analyzer.py> 
--- Analyzing Call Site #1069452 at 0010518c ---  
2025-09-08 14:10:21 INFO  (GhidraScript) tflite_analyzer.py> DEBUG: Parent (caller): operator() at 0010515c  
2025-09-08 14:10:21 INFO  (GhidraScript) tflite_analyzer.py> INFO: Call at 0010518c has no output varnode. Nothing to taint. Skipping.  
2025-09-08 14:10:21 INFO  (GhidraScript) tflite_analyzer.py> 
--- Analyzing Call Site #1072032 at 00105ba0 ---  
2025-09-08 14:10:21 INFO  (GhidraScript) tflite_analyzer.py> DEBUG: Parent (caller): deallocate at 00105b7c  
2025-09-08 14:10:21 INFO  (GhidraScript) tflite_analyzer.py> INFO: Call at 00105ba0 has no output varnode. Nothing to taint. Skipping.  
2025-09-08 14:10:21 INFO  (GhidraScript) tflite_analyzer.py> 
--- Analyzing Call Site #1072328 at 00105cc8 ---  
2025-09-08 14:10:21 INFO  (GhidraScript) tflite_analyzer.py> DEBUG: Parent (caller): deallocate at 00105ca4  
2025-09-08 14:10:21 INFO  (GhidraScript) tflite_analyzer.py> INFO: Call at 00105cc8 has no output varnode. Nothing to taint. Skipping.  
2025-09-08 14:10:21 INFO  (GhidraScript) tflite_analyzer.py> 
--- Analyzing Call Site #1072452 at 00105d44 ---  
2025-09-08 14:10:21 INFO  (GhidraScript) tflite_analyzer.py> DEBUG: Parent (caller): deallocate at 00105d20  
2025-09-08 14:10:21 INFO  (GhidraScript) tflite_analyzer.py> INFO: Call at 00105d44 has no output varnode. Nothing to taint. Skipping.  
2025-09-08 14:10:21 INFO  (GhidraScript) tflite_analyzer.py> 
--- Analyzing Call Site #1074084 at 001063a4 ---  
2025-09-08 14:10:21 INFO  (GhidraScript) tflite_analyzer.py> DEBUG: Parent (caller): allocate at 00106338  
2025-09-08 14:10:21 INFO  (GhidraScript) tflite_analyzer.py> INFO: Call at 001063a4 has no output varnode. Nothing to taint. Skipping.  
2025-09-08 14:10:21 INFO  (GhidraScript) tflite_analyzer.py> 
--- Analyzing Call Site #1074880 at 001066c0 ---  
2025-09-08 14:10:21 INFO  (GhidraScript) tflite_analyzer.py> DEBUG: Parent (caller): deallocate at 0010669c  
2025-09-08 14:10:21 INFO  (GhidraScript) tflite_analyzer.py> INFO: Call at 001066c0 has no output varnode. Nothing to taint. Skipping.  
2025-09-08 14:10:21 INFO  (GhidraScript) tflite_analyzer.py> 
--- Analyzing Call Site #1075144 at 001067c8 ---  
2025-09-08 14:10:21 INFO  (GhidraScript) tflite_analyzer.py> DEBUG: Parent (caller): deallocate at 001067a4  
2025-09-08 14:10:21 INFO  (GhidraScript) tflite_analyzer.py> INFO: Call at 001067c8 has no output varnode. Nothing to taint. Skipping.  
2025-09-08 14:10:21 INFO  (GhidraScript) tflite_analyzer.py> 
--- Analyzing Call Site #1075420 at 001068dc ---  
2025-09-08 14:10:21 INFO  (GhidraScript) tflite_analyzer.py> DEBUG: Parent (caller): allocate at 00106870  
2025-09-08 14:10:21 INFO  (GhidraScript) tflite_analyzer.py> INFO: Call at 001068dc has no output varnode. Nothing to taint. Skipping.  
2025-09-08 14:10:21 INFO  (GhidraScript) tflite_analyzer.py> 
--- Analyzing Call Site #1075800 at 00106a58 ---  
2025-09-08 14:10:21 INFO  (GhidraScript) tflite_analyzer.py> DEBUG: Parent (caller): allocate at 001069ec  
2025-09-08 14:10:21 INFO  (GhidraScript) tflite_analyzer.py> INFO: Call at 00106a58 has no output varnode. Nothing to taint. Skipping.  
2025-09-08 14:10:21 INFO  (GhidraScript) tflite_analyzer.py> 
--- Analyzing Call Site #1077072 at 00106f50 ---  
2025-09-08 14:10:21 INFO  (GhidraScript) tflite_analyzer.py> DEBUG: Parent (caller): deallocate at 00106f20  
2025-09-08 14:10:21 INFO  (GhidraScript) tflite_analyzer.py> INFO: Call at 00106f50 has no output varnode. Nothing to taint. Skipping.  
2025-09-08 14:10:21 INFO  (GhidraScript) tflite_analyzer.py> 
--- Analyzing Call Site #1077168 at 00106fb0 ---  
2025-09-08 14:10:21 INFO  (GhidraScript) tflite_analyzer.py> DEBUG: Parent (caller): deallocate at 00106f8c  
2025-09-08 14:10:21 INFO  (GhidraScript) tflite_analyzer.py> INFO: Call at 00106fb0 has no output varnode. Nothing to taint. Skipping.  
2025-09-08 14:10:21 INFO  (GhidraScript) tflite_analyzer.py> 
--- Stage 1 Complete. Checking for pending multi-stage analysis tasks... ---  
2025-09-08 14:10:21 INFO  (GhidraScript) tflite_analyzer.py> 
--- Initiating Stage 2 Analysis Task #1 (from rule: tainted_return_from_operator<<) ---  
2025-09-08 14:10:21 INFO  (GhidraScript) tflite_analyzer.py> \n>>> Analyzing function: main (Depth: 0) at 00102a58 (Originating from: tainted_return_from_operator<<) with initial taints: pbVar3(x0)  
2025-09-08 14:10:21 INFO  (GhidraScript) tflite_analyzer.py>   - [STACK_SEARCH.0] Analyzing varnode: (register, 0x4000, 8)  
2025-09-08 14:10:21 INFO  (GhidraScript) tflite_analyzer.py>   - [STACK_SEARCH.0] Details: isAddress=0, addr=register:00004000, isStackAddress=0  
2025-09-08 14:10:21 INFO  (GhidraScript) tflite_analyzer.py>   - [STACK_SEARCH.0] Def P-Code Op: (register, 0x4000, 8) CALL (ram, 0x1027c0, 8) , (unique, 0x1000054f, 8) , (unique, 0x1000032c, 8)  
2025-09-08 14:10:21 INFO  (GhidraScript) tflite_analyzer.py>   - [STACK_SEARCH.0] Mnemonic 'CALL' is not a handled case. Aborting path.  
2025-09-08 14:10:21 INFO  (GhidraScript) tflite_analyzer.py> \nDEBUG: Reached specified start PcodeOp (register, 0x4000, 8) CALL (ram, 0x1027b0, 8) , (register, 0x4000, 8) , (unique, 0x11f80, 8) at 00102bbc in main, subsequent ops will be processed.  
2025-09-08 14:10:21 INFO  (GhidraScript) tflite_analyzer.py> \n>>> Analyzing function: operator<< (Depth: 1) at 001027b0 (Originating from: tainted_return_from_operator<<) with initial taints: param_1(x0)  
2025-09-08 14:10:21 INFO  (GhidraScript) tflite_analyzer.py>   - [STACK_SEARCH.0] Analyzing varnode: (register, 0x4000, 8)  
2025-09-08 14:10:21 INFO  (GhidraScript) tflite_analyzer.py>   - [STACK_SEARCH.0] Details: isAddress=0, addr=register:00004000, isStackAddress=0  
2025-09-08 14:10:21 INFO  (GhidraScript) tflite_analyzer.py>   - [STACK_SEARCH.0] No defining p-code op found. Aborting path.  
2025-09-08 14:10:21 INFO  (GhidraScript) tflite_analyzer.py> DEBUG: Starting taint analysis from the beginning of function operator<<.  
2025-09-08 14:10:21 WARN  (DecompileCallback) Decompiling 00121140, pcode error at 00121140: Unable to disassemble EXTERNAL block location: 00121140  
2025-09-08 14:10:21 INFO  (GhidraScript) tflite_analyzer.py> \n>>> Analyzing function: operator<< (Depth: 2) at 00121140 (Originating from: tainted_return_from_operator<<) with initial taints: param_1(x0)  
2025-09-08 14:10:21 INFO  (GhidraScript) tflite_analyzer.py>   - [STACK_SEARCH.0] Analyzing varnode: (register, 0x4000, 8)  
2025-09-08 14:10:21 INFO  (GhidraScript) tflite_analyzer.py>   - [STACK_SEARCH.0] Details: isAddress=0, addr=register:00004000, isStackAddress=0  
2025-09-08 14:10:21 INFO  (GhidraScript) tflite_analyzer.py>   - [STACK_SEARCH.0] No defining p-code op found. Aborting path.  
2025-09-08 14:10:21 INFO  (GhidraScript) tflite_analyzer.py> DEBUG: Starting taint analysis from the beginning of function operator<<.  
2025-09-08 14:10:21 INFO  (GhidraScript) tflite_analyzer.py> <<< Finished analyzing function: operator<<.  
2025-09-08 14:10:21 INFO  (GhidraScript) tflite_analyzer.py> DEBUG: [operator<< @ 001027bc] Analyzing potential tainted RETURN with value: pbVar1(x0) (Tainted: 0)  
2025-09-08 14:10:21 INFO  (GhidraScript) tflite_analyzer.py>     [DEBUG] --- Taint Check Details (RETURN FAILED) ---  
2025-09-08 14:10:21 INFO  (GhidraScript) tflite_analyzer.py>     [DEBUG]   > Return Varnode: (register, 0x4000, 8) (Size: 8, Def: (register, 0x4000, 8) CALL (ram, 0x121140, 8) , (register, 0x4000, 8) , (register, 0x4008, 8) at 001027bc)  
2025-09-08 14:10:21 INFO  (GhidraScript) tflite_analyzer.py>     [DEBUG]   > Currently Tainted HighVariables in this function:  
2025-09-08 14:10:21 INFO  (GhidraScript) tflite_analyzer.py>     [DEBUG]     1. param_1(x0)  
2025-09-08 14:10:21 INFO  (GhidraScript) tflite_analyzer.py>     [DEBUG] ---------------------------------  
2025-09-08 14:10:21 INFO  (GhidraScript) tflite_analyzer.py> <<< Finished analyzing function: operator<<.  
2025-09-08 14:10:21 INFO  (GhidraScript) tflite_analyzer.py> DEBUG: [main @ 00102bc8] Taint propagated from pbVar3(x0) to UNNAMED(UniquePcode[0x10000697]) via CAST.  
2025-09-08 14:10:21 INFO  (GhidraScript) tflite_analyzer.py> DEBUG: [CBRANCH] Found defining op for condition: (register, 0x108, 1) INT_EQUAL (unique, 0x12580, 4) , (const, 0x0, 4)  
2025-09-08 14:10:21 INFO  (GhidraScript) tflite_analyzer.py> INFO: [main @ 00102c4c] Taint reached CBRANCH. Operands: ['UNNAMED(UniquePcode[0x12580])', 'UnnamedHighVar(Constant: 0x0)'].   
2025-09-08 14:10:21 INFO  (GhidraScript) tflite_analyzer.py> DEBUG: Already analyzed function operator<< with initial taints ('param_1(x0)',) (origin: tainted_return_from_operator<<). Skipping.  
2025-09-08 14:10:21 INFO  (GhidraScript) tflite_analyzer.py> DEBUG: [main @ 00102c80] Taint propagated from pbVar3(x0) to UNNAMED(UniquePcode[0x10000677]) via CAST.  
2025-09-08 14:10:21 INFO  (GhidraScript) tflite_analyzer.py> DEBUG: [LOAD_HANDLER] Checking LOAD op at 00102d6c. Address varnode: (unique, 0x6500, 8)  
2025-09-08 14:10:21 INFO  (GhidraScript) tflite_analyzer.py> DEBUG: [LOAD_HANDLER] POINTER_RULE FAIL: Address varnode UNNAMED(UniquePcode[0x6500]) is not tainted (recursive check).  
2025-09-08 14:10:21 INFO  (GhidraScript) tflite_analyzer.py> DEBUG: [LOAD_HANDLER] REGION_RULE FAIL: Address pointer UNNAMED(UniquePcode[0x6500]) is not in the tainted memory regions set.  
2025-09-08 14:10:21 INFO  (GhidraScript) tflite_analyzer.py> DEBUG: [LOAD_HANDLER] Checking LOAD op at 00102d78. Address varnode: (register, 0x4000, 8)  
2025-09-08 14:10:21 INFO  (GhidraScript) tflite_analyzer.py> DEBUG: [LOAD_HANDLER] POINTER_RULE FAIL: Address varnode local_2f0(StackDirect[Stack[-0x2f0]]) is not tainted (recursive check).  
2025-09-08 14:10:21 INFO  (GhidraScript) tflite_analyzer.py> DEBUG: [LOAD_HANDLER] REGION_RULE FAIL: Address pointer local_2f0(StackDirect[Stack[-0x2f0]]) is not in the tainted memory regions set.  
2025-09-08 14:10:21 INFO  (GhidraScript) tflite_analyzer.py> DEBUG: [LOAD_HANDLER] Checking LOAD op at 00102d90. Address varnode: (unique, 0x6400, 8)  
2025-09-08 14:10:21 INFO  (GhidraScript) tflite_analyzer.py> DEBUG: [LOAD_HANDLER] POINTER_RULE FAIL: Address varnode UNNAMED(UniquePcode[0x6400]) is not tainted (recursive check).  
2025-09-08 14:10:21 INFO  (GhidraScript) tflite_analyzer.py> DEBUG: [LOAD_HANDLER] REGION_RULE FAIL: Address pointer UNNAMED(UniquePcode[0x6400]) is not in the tainted memory regions set.  
2025-09-08 14:10:21 INFO  (GhidraScript) tflite_analyzer.py> DEBUG: [LOAD_HANDLER] Checking LOAD op at 00102dc8. Address varnode: (register, 0x4000, 8)  
2025-09-08 14:10:21 INFO  (GhidraScript) tflite_analyzer.py> DEBUG: [LOAD_HANDLER] POINTER_RULE FAIL: Address varnode pfVar9(x0) is not tainted (recursive check).  
2025-09-08 14:10:21 INFO  (GhidraScript) tflite_analyzer.py> DEBUG: [LOAD_HANDLER] REGION_RULE FAIL: Address pointer pfVar9(x0) is not in the tainted memory regions set.  
2025-09-08 14:10:21 INFO  (GhidraScript) tflite_analyzer.py> DEBUG: [LOAD_HANDLER] Checking LOAD op at 00102ddc. Address varnode: (register, 0x4000, 8)  
2025-09-08 14:10:21 INFO  (GhidraScript) tflite_analyzer.py> DEBUG: [LOAD_HANDLER] POINTER_RULE FAIL: Address varnode pfVar9(x0) is not tainted (recursive check).  
2025-09-08 14:10:21 INFO  (GhidraScript) tflite_analyzer.py> DEBUG: [LOAD_HANDLER] REGION_RULE FAIL: Address pointer pfVar9(x0) is not in the tainted memory regions set.  
2025-09-08 14:10:21 INFO  (GhidraScript) tflite_analyzer.py> DEBUG: [CBRANCH] Found defining op for condition: (unique, 0x1400, 1) FLOAT_LESSEQUAL (register, 0x5000, 4) , (const, 0x3f19999a, 4)  
2025-09-08 14:10:21 INFO  (GhidraScript) tflite_analyzer.py> INFO: [main @ 00102df8] Taint reached CBRANCH. Operands: ['fVar11(s0)', 'UnnamedHighVar(Constant: 0x3f19999a)'].   
2025-09-08 14:10:21 INFO  (GhidraScript) tflite_analyzer.py> DEBUG: [CBRANCH] Found defining op for condition: (unique, 0x1000031c, 1) FLOAT_LESSEQUAL (const, 0x3dcccccd, 4) , (register, 0x5000, 4)  
2025-09-08 14:10:21 INFO  (GhidraScript) tflite_analyzer.py> INFO: [main @ 00102e14] Taint reached CBRANCH. Operands: ['UnnamedHighVar(Constant: 0x3dcccccd)', 'UNNAMED(s0)'].   
2025-09-08 14:10:21 INFO  (GhidraScript) tflite_analyzer.py> DEBUG: [CBRANCH] Found defining op for condition: (register, 0x108, 1) INT_NOTEQUAL (unique, 0x3e480, 8) , (const, 0x0, 8)  
2025-09-08 14:10:21 INFO  (GhidraScript) tflite_analyzer.py> INFO: [main @ 00102e98] Taint reached CBRANCH. Operands: ['UNNAMED(UniquePcode[0x3e480])', 'UnnamedHighVar(Constant: 0x0)'].   
2025-09-08 14:10:21 INFO  (GhidraScript) tflite_analyzer.py> DEBUG: [main @ 00102fd4] Analyzing potential tainted RETURN with value: UNNAMED(x0) (Tainted: 0)  
2025-09-08 14:10:21 INFO  (GhidraScript) tflite_analyzer.py>     [DEBUG] --- Taint Check Details (RETURN FAILED) ---  
2025-09-08 14:10:21 INFO  (GhidraScript) tflite_analyzer.py>     [DEBUG]   > Return Varnode: (register, 0x4000, 8) (Size: 8, Def: (register, 0x4000, 8) COPY (register, 0x4098, 8) at 00102fc4)  
2025-09-08 14:10:21 INFO  (GhidraScript) tflite_analyzer.py>     [DEBUG]   > Currently Tainted HighVariables in this function:  
2025-09-08 14:10:21 INFO  (GhidraScript) tflite_analyzer.py>     [DEBUG]     1. UNNAMED(UniquePcode[0x10000677])  
2025-09-08 14:10:21 INFO  (GhidraScript) tflite_analyzer.py>     [DEBUG]     2. UNNAMED(UniquePcode[0x10000697])  
2025-09-08 14:10:21 INFO  (GhidraScript) tflite_analyzer.py>     [DEBUG]     3. pbVar3(x0)  
2025-09-08 14:10:21 INFO  (GhidraScript) tflite_analyzer.py>     [DEBUG] ---------------------------------  
2025-09-08 14:10:21 INFO  (GhidraScript) tflite_analyzer.py> <<< Finished analyzing function: main.  
2025-09-08 14:10:21 INFO  (GhidraScript) tflite_analyzer.py> 
--- Initiating Stage 2 Analysis Task #2 (from rule: tainted_return_from_operator<<) ---  
2025-09-08 14:10:21 INFO  (GhidraScript) tflite_analyzer.py> DEBUG: Already analyzed function main with initial taints ('pbVar3(x0)',) (origin: tainted_return_from_operator<<). Skipping.  
2025-09-08 14:10:21 INFO  (GhidraScript) tflite_analyzer.py> 
--- Initiating Stage 2 Analysis Task #3 (from rule: tainted_return_from_operator<<) ---  
2025-09-08 14:10:21 INFO  (GhidraScript) tflite_analyzer.py> DEBUG: Already analyzed function main with initial taints ('pbVar3(x0)',) (origin: tainted_return_from_operator<<). Skipping.  
2025-09-08 14:10:21 INFO  (GhidraScript) tflite_analyzer.py> 
--- Initiating Stage 2 Analysis Task #4 (from rule: tainted_return_from_operator<<) ---  
2025-09-08 14:10:21 INFO  (GhidraScript) tflite_analyzer.py> DEBUG: Already analyzed function main with initial taints ('pbVar3(x0)',) (origin: tainted_return_from_operator<<). Skipping.  
2025-09-08 14:10:21 INFO  (GhidraScript) tflite_analyzer.py> 
--- Initiating Stage 2 Analysis Task #5 (from rule: tainted_return_from_operator<<) ---  
2025-09-08 14:10:21 INFO  (GhidraScript) tflite_analyzer.py> DEBUG: Already analyzed function main with initial taints ('pbVar3(x0)',) (origin: tainted_return_from_operator<<). Skipping.  
2025-09-08 14:10:21 INFO  (GhidraScript) tflite_analyzer.py> 
--- Initiating Stage 2 Analysis Task #6 (from rule: tainted_return_from_operator<<) ---  
2025-09-08 14:10:21 INFO  (GhidraScript) tflite_analyzer.py> DEBUG: Already analyzed function main with initial taints ('pbVar3(x0)',) (origin: tainted_return_from_operator<<). Skipping.  
2025-09-08 14:10:21 INFO  (GhidraScript) tflite_analyzer.py> 
--- Initiating Stage 2 Analysis Task #7 (from rule: tainted_return_from_operator<<) ---  
2025-09-08 14:10:21 INFO  (GhidraScript) tflite_analyzer.py> DEBUG: Already analyzed function main with initial taints ('pbVar3(x0)',) (origin: tainted_return_from_operator<<). Skipping.  
2025-09-08 14:10:21 INFO  (GhidraScript) tflite_analyzer.py> 
--- All Multi-Stage Analysis Tasks Complete. ---  
2025-09-08 14:10:21 INFO  (GhidraScript) tflite_analyzer.py> 
--- Taint Analysis Run Complete ---  
2025-09-08 14:10:21 INFO  (GhidraScript) tflite_analyzer.py> \n--- All Detected Tainted Value Usages (Interprocedural) ---  
2025-09-08 14:10:21 INFO  (GhidraScript) tflite_analyzer.py> Usage #1:  
2025-09-08 14:10:21 INFO  (GhidraScript) tflite_analyzer.py>   Originating Lib Call: ['operator']  
2025-09-08 14:10:21 INFO  (GhidraScript) tflite_analyzer.py>   Found In Function:   operator.new at 00102720  
2025-09-08 14:10:21 INFO  (GhidraScript) tflite_analyzer.py>   Instruction Address: 0010272c  
2025-09-08 14:10:21 INFO  (GhidraScript) tflite_analyzer.py>     PCode Op:             ---  RETURN (const, 0x0, 8) , (register, 0x4000, 8)  
2025-09-08 14:10:21 INFO  (GhidraScript) tflite_analyzer.py>     Usage Type:          RETURN_TAINTED_VALUE  
2025-09-08 14:10:21 INFO  (GhidraScript) tflite_analyzer.py>     Tainted Component:   pvVar1(x0)  
2025-09-08 14:10:21 INFO  (GhidraScript) tflite_analyzer.py> ----------------------------------------  
2025-09-08 14:10:21 INFO  (GhidraScript) tflite_analyzer.py> Usage #2:  
2025-09-08 14:10:21 INFO  (GhidraScript) tflite_analyzer.py>   Originating Lib Call: ['operator']  
2025-09-08 14:10:21 INFO  (GhidraScript) tflite_analyzer.py>   Found In Function:   operator<< at 001027b0  
2025-09-08 14:10:21 INFO  (GhidraScript) tflite_analyzer.py>   Instruction Address: 001027bc  
2025-09-08 14:10:21 INFO  (GhidraScript) tflite_analyzer.py>     PCode Op:             ---  RETURN (const, 0x0, 8) , (register, 0x4000, 8)  
2025-09-08 14:10:21 INFO  (GhidraScript) tflite_analyzer.py>     Usage Type:          RETURN_TAINTED_VALUE  
2025-09-08 14:10:21 INFO  (GhidraScript) tflite_analyzer.py>     Tainted Component:   pbVar1(x0)  
2025-09-08 14:10:21 INFO  (GhidraScript) tflite_analyzer.py> ----------------------------------------  
2025-09-08 14:10:21 INFO  (GhidraScript) tflite_analyzer.py> Usage #3:  
2025-09-08 14:10:21 INFO  (GhidraScript) tflite_analyzer.py>   Originating Lib Call: ['operator']  
2025-09-08 14:10:21 INFO  (GhidraScript) tflite_analyzer.py>   Found In Function:   operator<< at 001027c0  
2025-09-08 14:10:21 INFO  (GhidraScript) tflite_analyzer.py>   Instruction Address: 001027cc  
2025-09-08 14:10:21 INFO  (GhidraScript) tflite_analyzer.py>     PCode Op:             ---  RETURN (const, 0x0, 8) , (register, 0x4000, 8)  
2025-09-08 14:10:21 INFO  (GhidraScript) tflite_analyzer.py>     Usage Type:          RETURN_TAINTED_VALUE  
2025-09-08 14:10:21 INFO  (GhidraScript) tflite_analyzer.py>     Tainted Component:   pbVar1(x0)  
2025-09-08 14:10:21 INFO  (GhidraScript) tflite_analyzer.py> ----------------------------------------  
2025-09-08 14:10:21 INFO  (GhidraScript) tflite_analyzer.py> Usage #4:  
2025-09-08 14:10:21 INFO  (GhidraScript) tflite_analyzer.py>   Originating Lib Call: ['operator']  
2025-09-08 14:10:21 INFO  (GhidraScript) tflite_analyzer.py>   Found In Function:   main at 00102a58  
2025-09-08 14:10:21 INFO  (GhidraScript) tflite_analyzer.py>   Instruction Address: 00102ab8  
2025-09-08 14:10:21 INFO  (GhidraScript) tflite_analyzer.py>     PCode Op:            (register, 0x4000, 8) CALL (ram, 0x1027c0, 8) , (register, 0x4000, 8) , (register, 0x4000, 8)  
2025-09-08 14:10:21 INFO  (GhidraScript) tflite_analyzer.py>     Usage Type:          TAINTED_ARG_TO_CALL_RECURSION  
2025-09-08 14:10:21 INFO  (GhidraScript) tflite_analyzer.py>     Details:             Recursive call to operator<< (CALL) with taints: param_1(x0).  
2025-09-08 14:10:21 INFO  (GhidraScript) tflite_analyzer.py> ----------------------------------------  
2025-09-08 14:10:21 INFO  (GhidraScript) tflite_analyzer.py> Usage #5:  
2025-09-08 14:10:21 INFO  (GhidraScript) tflite_analyzer.py>   Originating Lib Call: ['operator']  
2025-09-08 14:10:21 INFO  (GhidraScript) tflite_analyzer.py>   Found In Function:   operator<< at 001027c0  
2025-09-08 14:10:21 INFO  (GhidraScript) tflite_analyzer.py>   Instruction Address: 001027cc  
2025-09-08 14:10:21 INFO  (GhidraScript) tflite_analyzer.py>     PCode Op:            (register, 0x4000, 8) CALL (ram, 0x121148, 8) , (register, 0x4000, 8) , (register, 0x4008, 8)  
2025-09-08 14:10:21 INFO  (GhidraScript) tflite_analyzer.py>     Usage Type:          TAINTED_ARG_TO_CALL_RECURSION  
2025-09-08 14:10:21 INFO  (GhidraScript) tflite_analyzer.py>     Details:             Recursive call to operator<< (CALL) with taints: param_1(x0).  
2025-09-08 14:10:21 INFO  (GhidraScript) tflite_analyzer.py> ----------------------------------------  
2025-09-08 14:10:21 INFO  (GhidraScript) tflite_analyzer.py> Usage #6:  
2025-09-08 14:10:21 INFO  (GhidraScript) tflite_analyzer.py>   Originating Lib Call: ['operator']  
2025-09-08 14:10:21 INFO  (GhidraScript) tflite_analyzer.py>   Found In Function:   main at 00102a58  
2025-09-08 14:10:21 INFO  (GhidraScript) tflite_analyzer.py>   Instruction Address: 00102acc  
2025-09-08 14:10:21 INFO  (GhidraScript) tflite_analyzer.py>     PCode Op:            (register, 0x4000, 8) CALL (ram, 0x1027c0, 8) , (register, 0x4000, 8) , (unique, 0x10000334, 8)  
2025-09-08 14:10:21 INFO  (GhidraScript) tflite_analyzer.py>     Usage Type:          TAINTED_ARG_TO_CALL_RECURSION  
2025-09-08 14:10:21 INFO  (GhidraScript) tflite_analyzer.py>     Details:             Recursive call to operator<< (CALL) with taints: param_1(x0).  
2025-09-08 14:10:21 INFO  (GhidraScript) tflite_analyzer.py> ----------------------------------------  
2025-09-08 14:10:21 INFO  (GhidraScript) tflite_analyzer.py> Usage #7:  
2025-09-08 14:10:21 INFO  (GhidraScript) tflite_analyzer.py>   Originating Lib Call: ['operator']  
2025-09-08 14:10:21 INFO  (GhidraScript) tflite_analyzer.py>   Found In Function:   main at 00102a58  
2025-09-08 14:10:21 INFO  (GhidraScript) tflite_analyzer.py>   Instruction Address: 00102b94  
2025-09-08 14:10:21 INFO  (GhidraScript) tflite_analyzer.py>     PCode Op:             ---  CBRANCH (ram, 0x102bd4, 1) , (register, 0x4000, 1)  
2025-09-08 14:10:21 INFO  (GhidraScript) tflite_analyzer.py>     Usage Type:          BRANCH_CONDITION_TAINTED  
2025-09-08 14:10:21 INFO  (GhidraScript) tflite_analyzer.py>     Tainted Component:   bVar1(w0)  
2025-09-08 14:10:21 INFO  (GhidraScript) tflite_analyzer.py>     Details:             Tainted condition for branch.  
2025-09-08 14:10:21 INFO  (GhidraScript) tflite_analyzer.py> ----------------------------------------  
2025-09-08 14:10:21 INFO  (GhidraScript) tflite_analyzer.py> Usage #8:  
2025-09-08 14:10:21 INFO  (GhidraScript) tflite_analyzer.py>   Originating Lib Call: ['operator']  
2025-09-08 14:10:21 INFO  (GhidraScript) tflite_analyzer.py>   Found In Function:   main at 00102a58  
2025-09-08 14:10:21 INFO  (GhidraScript) tflite_analyzer.py>   Instruction Address: 00102bbc  
2025-09-08 14:10:21 INFO  (GhidraScript) tflite_analyzer.py>     PCode Op:            (register, 0x4000, 8) CALL (ram, 0x1027b0, 8) , (register, 0x4000, 8) , (unique, 0x11f80, 8)  
2025-09-08 14:10:21 INFO  (GhidraScript) tflite_analyzer.py>     Usage Type:          TAINTED_ARG_TO_CALL_RECURSION  
2025-09-08 14:10:21 INFO  (GhidraScript) tflite_analyzer.py>     Details:             Recursive call to operator<< (CALL) with taints: param_1(x0).  
2025-09-08 14:10:21 INFO  (GhidraScript) tflite_analyzer.py> ----------------------------------------  
2025-09-08 14:10:21 INFO  (GhidraScript) tflite_analyzer.py> Usage #9:  
2025-09-08 14:10:21 INFO  (GhidraScript) tflite_analyzer.py>   Originating Lib Call: ['operator']  
2025-09-08 14:10:21 INFO  (GhidraScript) tflite_analyzer.py>   Found In Function:   operator<< at 001027b0  
2025-09-08 14:10:21 INFO  (GhidraScript) tflite_analyzer.py>   Instruction Address: 001027bc  
2025-09-08 14:10:21 INFO  (GhidraScript) tflite_analyzer.py>     PCode Op:            (register, 0x4000, 8) CALL (ram, 0x121140, 8) , (register, 0x4000, 8) , (register, 0x4008, 8)  
2025-09-08 14:10:21 INFO  (GhidraScript) tflite_analyzer.py>     Usage Type:          TAINTED_ARG_TO_CALL_RECURSION  
2025-09-08 14:10:21 INFO  (GhidraScript) tflite_analyzer.py>     Details:             Recursive call to operator<< (CALL) with taints: param_1(x0).  
2025-09-08 14:10:21 INFO  (GhidraScript) tflite_analyzer.py> ----------------------------------------  
2025-09-08 14:10:21 INFO  (GhidraScript) tflite_analyzer.py> Usage #10:  
2025-09-08 14:10:21 INFO  (GhidraScript) tflite_analyzer.py>   Originating Lib Call: ['operator']  
2025-09-08 14:10:21 INFO  (GhidraScript) tflite_analyzer.py>   Found In Function:   main at 00102a58  
2025-09-08 14:10:21 INFO  (GhidraScript) tflite_analyzer.py>   Instruction Address: 00102c4c  
2025-09-08 14:10:21 INFO  (GhidraScript) tflite_analyzer.py>     PCode Op:             ---  CBRANCH (ram, 0x102c8c, 1) , (register, 0x108, 1)  
2025-09-08 14:10:21 INFO  (GhidraScript) tflite_analyzer.py>     Usage Type:          BRANCH_CONDITION_TAINTED  
2025-09-08 14:10:21 INFO  (GhidraScript) tflite_analyzer.py>     Tainted Component:   UNNAMED(tmpZR)  
2025-09-08 14:10:21 INFO  (GhidraScript) tflite_analyzer.py>     Details:             Tainted condition for branch.  
2025-09-08 14:10:21 INFO  (GhidraScript) tflite_analyzer.py> ----------------------------------------  
2025-09-08 14:10:21 INFO  (GhidraScript) tflite_analyzer.py> Usage #11:  
2025-09-08 14:10:21 INFO  (GhidraScript) tflite_analyzer.py>   Originating Lib Call: ['operator']  
2025-09-08 14:10:21 INFO  (GhidraScript) tflite_analyzer.py>   Found In Function:   main at 00102a58  
2025-09-08 14:10:21 INFO  (GhidraScript) tflite_analyzer.py>   Instruction Address: 00102c74  
2025-09-08 14:10:21 INFO  (GhidraScript) tflite_analyzer.py>     PCode Op:            (register, 0x4000, 8) CALL (ram, 0x1027b0, 8) , (register, 0x4000, 8) , (unique, 0x11f80, 8)  
2025-09-08 14:10:21 INFO  (GhidraScript) tflite_analyzer.py>     Usage Type:          TAINTED_ARG_TO_CALL_RECURSION  
2025-09-08 14:10:21 INFO  (GhidraScript) tflite_analyzer.py>     Details:             Recursive call to operator<< (CALL) with taints: param_1(x0).  
2025-09-08 14:10:21 INFO  (GhidraScript) tflite_analyzer.py> ----------------------------------------  
2025-09-08 14:10:21 INFO  (GhidraScript) tflite_analyzer.py> Usage #12:  
2025-09-08 14:10:21 INFO  (GhidraScript) tflite_analyzer.py>   Originating Lib Call: ['operator']  
2025-09-08 14:10:21 INFO  (GhidraScript) tflite_analyzer.py>   Found In Function:   main at 00102a58  
2025-09-08 14:10:21 INFO  (GhidraScript) tflite_analyzer.py>   Instruction Address: 00102df8  
2025-09-08 14:10:21 INFO  (GhidraScript) tflite_analyzer.py>     PCode Op:             ---  CBRANCH (ram, 0x102e00, 1) , (unique, 0x1400, 1)  
2025-09-08 14:10:21 INFO  (GhidraScript) tflite_analyzer.py>     Usage Type:          BRANCH_CONDITION_TAINTED  
2025-09-08 14:10:21 INFO  (GhidraScript) tflite_analyzer.py>     Tainted Component:   UNNAMED(UniquePcode[0x1400])  
2025-09-08 14:10:21 INFO  (GhidraScript) tflite_analyzer.py>     Details:             Tainted condition for branch.  
2025-09-08 14:10:21 INFO  (GhidraScript) tflite_analyzer.py> ----------------------------------------  
2025-09-08 14:10:21 INFO  (GhidraScript) tflite_analyzer.py> Usage #13:  
2025-09-08 14:10:21 INFO  (GhidraScript) tflite_analyzer.py>   Originating Lib Call: ['operator']  
2025-09-08 14:10:21 INFO  (GhidraScript) tflite_analyzer.py>   Found In Function:   main at 00102a58  
2025-09-08 14:10:21 INFO  (GhidraScript) tflite_analyzer.py>   Instruction Address: 00102e14  
2025-09-08 14:10:21 INFO  (GhidraScript) tflite_analyzer.py>     PCode Op:             ---  CBRANCH (ram, 0x102e1c, 1) , (unique, 0x1000031c, 1)  
2025-09-08 14:10:21 INFO  (GhidraScript) tflite_analyzer.py>     Usage Type:          BRANCH_CONDITION_TAINTED  
2025-09-08 14:10:21 INFO  (GhidraScript) tflite_analyzer.py>     Tainted Component:   UNNAMED(UniquePcode[0x1000031c])  
2025-09-08 14:10:21 INFO  (GhidraScript) tflite_analyzer.py>     Details:             Tainted condition for branch.  
2025-09-08 14:10:21 INFO  (GhidraScript) tflite_analyzer.py> ----------------------------------------  
2025-09-08 14:10:21 INFO  (GhidraScript) tflite_analyzer.py> Usage #14:  
2025-09-08 14:10:21 INFO  (GhidraScript) tflite_analyzer.py>   Originating Lib Call: ['operator']  
2025-09-08 14:10:21 INFO  (GhidraScript) tflite_analyzer.py>   Found In Function:   main at 00102a58  
2025-09-08 14:10:21 INFO  (GhidraScript) tflite_analyzer.py>   Instruction Address: 00102e98  
2025-09-08 14:10:21 INFO  (GhidraScript) tflite_analyzer.py>     PCode Op:             ---  CBRANCH (ram, 0x102fc4, 1) , (register, 0x108, 1)  
2025-09-08 14:10:21 INFO  (GhidraScript) tflite_analyzer.py>     Usage Type:          BRANCH_CONDITION_TAINTED  
2025-09-08 14:10:21 INFO  (GhidraScript) tflite_analyzer.py>     Tainted Component:   UNNAMED(tmpZR)  
2025-09-08 14:10:21 INFO  (GhidraScript) tflite_analyzer.py>     Details:             Tainted condition for branch.  
2025-09-08 14:10:21 INFO  (GhidraScript) tflite_analyzer.py> ----------------------------------------  
2025-09-08 14:10:21 INFO  (GhidraScript) tflite_analyzer.py> Usage #15:  
2025-09-08 14:10:21 INFO  (GhidraScript) tflite_analyzer.py>   Originating Lib Call: tainted_return_from_operator<<  
2025-09-08 14:10:21 INFO  (GhidraScript) tflite_analyzer.py>   Found In Function:   main at 00102a58  
2025-09-08 14:10:21 INFO  (GhidraScript) tflite_analyzer.py>   Instruction Address: 00102bbc  
2025-09-08 14:10:21 INFO  (GhidraScript) tflite_analyzer.py>     PCode Op:            (register, 0x4000, 8) CALL (ram, 0x1027b0, 8) , (register, 0x4000, 8) , (unique, 0x11f80, 8)  
2025-09-08 14:10:21 INFO  (GhidraScript) tflite_analyzer.py>     Usage Type:          TAINTED_ARG_TO_CALL_RECURSION  
2025-09-08 14:10:21 INFO  (GhidraScript) tflite_analyzer.py>     Details:             Recursive call to operator<< (CALL) with taints: param_1(x0).  
2025-09-08 14:10:21 INFO  (GhidraScript) tflite_analyzer.py> ----------------------------------------  
2025-09-08 14:10:21 INFO  (GhidraScript) tflite_analyzer.py> Usage #16:  
2025-09-08 14:10:21 INFO  (GhidraScript) tflite_analyzer.py>   Originating Lib Call: tainted_return_from_operator<<  
2025-09-08 14:10:21 INFO  (GhidraScript) tflite_analyzer.py>   Found In Function:   operator<< at 001027b0  
2025-09-08 14:10:21 INFO  (GhidraScript) tflite_analyzer.py>   Instruction Address: 001027bc  
2025-09-08 14:10:21 INFO  (GhidraScript) tflite_analyzer.py>     PCode Op:            (register, 0x4000, 8) CALL (ram, 0x121140, 8) , (register, 0x4000, 8) , (register, 0x4008, 8)  
2025-09-08 14:10:21 INFO  (GhidraScript) tflite_analyzer.py>     Usage Type:          TAINTED_ARG_TO_CALL_RECURSION  
2025-09-08 14:10:21 INFO  (GhidraScript) tflite_analyzer.py>     Details:             Recursive call to operator<< (CALL) with taints: param_1(x0).  
2025-09-08 14:10:21 INFO  (GhidraScript) tflite_analyzer.py> ----------------------------------------  
2025-09-08 14:10:21 INFO  (GhidraScript) tflite_analyzer.py> Usage #17:  
2025-09-08 14:10:21 INFO  (GhidraScript) tflite_analyzer.py>   Originating Lib Call: tainted_return_from_operator<<  
2025-09-08 14:10:21 INFO  (GhidraScript) tflite_analyzer.py>   Found In Function:   main at 00102a58  
2025-09-08 14:10:21 INFO  (GhidraScript) tflite_analyzer.py>   Instruction Address: 00102c4c  
2025-09-08 14:10:21 INFO  (GhidraScript) tflite_analyzer.py>     PCode Op:             ---  CBRANCH (ram, 0x102c8c, 1) , (register, 0x108, 1)  
2025-09-08 14:10:21 INFO  (GhidraScript) tflite_analyzer.py>     Usage Type:          BRANCH_CONDITION_TAINTED  
2025-09-08 14:10:21 INFO  (GhidraScript) tflite_analyzer.py>     Tainted Component:   UNNAMED(tmpZR)  
2025-09-08 14:10:21 INFO  (GhidraScript) tflite_analyzer.py>     Details:             Tainted condition for branch.  
2025-09-08 14:10:21 INFO  (GhidraScript) tflite_analyzer.py> ----------------------------------------  
2025-09-08 14:10:21 INFO  (GhidraScript) tflite_analyzer.py> Usage #18:  
2025-09-08 14:10:21 INFO  (GhidraScript) tflite_analyzer.py>   Originating Lib Call: tainted_return_from_operator<<  
2025-09-08 14:10:21 INFO  (GhidraScript) tflite_analyzer.py>   Found In Function:   main at 00102a58  
2025-09-08 14:10:21 INFO  (GhidraScript) tflite_analyzer.py>   Instruction Address: 00102c74  
2025-09-08 14:10:21 INFO  (GhidraScript) tflite_analyzer.py>     PCode Op:            (register, 0x4000, 8) CALL (ram, 0x1027b0, 8) , (register, 0x4000, 8) , (unique, 0x11f80, 8)  
2025-09-08 14:10:21 INFO  (GhidraScript) tflite_analyzer.py>     Usage Type:          TAINTED_ARG_TO_CALL_RECURSION  
2025-09-08 14:10:21 INFO  (GhidraScript) tflite_analyzer.py>     Details:             Recursive call to operator<< (CALL) with taints: param_1(x0).  
2025-09-08 14:10:21 INFO  (GhidraScript) tflite_analyzer.py> ----------------------------------------  
2025-09-08 14:10:21 INFO  (GhidraScript) tflite_analyzer.py> Usage #19:  
2025-09-08 14:10:21 INFO  (GhidraScript) tflite_analyzer.py>   Originating Lib Call: tainted_return_from_operator<<  
2025-09-08 14:10:21 INFO  (GhidraScript) tflite_analyzer.py>   Found In Function:   main at 00102a58  
2025-09-08 14:10:21 INFO  (GhidraScript) tflite_analyzer.py>   Instruction Address: 00102df8  
2025-09-08 14:10:21 INFO  (GhidraScript) tflite_analyzer.py>     PCode Op:             ---  CBRANCH (ram, 0x102e00, 1) , (unique, 0x1400, 1)  
2025-09-08 14:10:21 INFO  (GhidraScript) tflite_analyzer.py>     Usage Type:          BRANCH_CONDITION_TAINTED  
2025-09-08 14:10:21 INFO  (GhidraScript) tflite_analyzer.py>     Tainted Component:   UNNAMED(UniquePcode[0x1400])  
2025-09-08 14:10:21 INFO  (GhidraScript) tflite_analyzer.py>     Details:             Tainted condition for branch.  
2025-09-08 14:10:21 INFO  (GhidraScript) tflite_analyzer.py> ----------------------------------------  
2025-09-08 14:10:21 INFO  (GhidraScript) tflite_analyzer.py> Usage #20:  
2025-09-08 14:10:21 INFO  (GhidraScript) tflite_analyzer.py>   Originating Lib Call: tainted_return_from_operator<<  
2025-09-08 14:10:21 INFO  (GhidraScript) tflite_analyzer.py>   Found In Function:   main at 00102a58  
2025-09-08 14:10:21 INFO  (GhidraScript) tflite_analyzer.py>   Instruction Address: 00102e14  
2025-09-08 14:10:21 INFO  (GhidraScript) tflite_analyzer.py>     PCode Op:             ---  CBRANCH (ram, 0x102e1c, 1) , (unique, 0x1000031c, 1)  
2025-09-08 14:10:21 INFO  (GhidraScript) tflite_analyzer.py>     Usage Type:          BRANCH_CONDITION_TAINTED  
2025-09-08 14:10:21 INFO  (GhidraScript) tflite_analyzer.py>     Tainted Component:   UNNAMED(UniquePcode[0x1000031c])  
2025-09-08 14:10:21 INFO  (GhidraScript) tflite_analyzer.py>     Details:             Tainted condition for branch.  
2025-09-08 14:10:21 INFO  (GhidraScript) tflite_analyzer.py> ----------------------------------------  
2025-09-08 14:10:21 INFO  (GhidraScript) tflite_analyzer.py> Usage #21:  
2025-09-08 14:10:21 INFO  (GhidraScript) tflite_analyzer.py>   Originating Lib Call: tainted_return_from_operator<<  
2025-09-08 14:10:21 INFO  (GhidraScript) tflite_analyzer.py>   Found In Function:   main at 00102a58  
2025-09-08 14:10:21 INFO  (GhidraScript) tflite_analyzer.py>   Instruction Address: 00102e98  
2025-09-08 14:10:21 INFO  (GhidraScript) tflite_analyzer.py>     PCode Op:             ---  CBRANCH (ram, 0x102fc4, 1) , (register, 0x108, 1)  
2025-09-08 14:10:21 INFO  (GhidraScript) tflite_analyzer.py>     Usage Type:          BRANCH_CONDITION_TAINTED  
2025-09-08 14:10:21 INFO  (GhidraScript) tflite_analyzer.py>     Tainted Component:   UNNAMED(tmpZR)  
2025-09-08 14:10:21 INFO  (GhidraScript) tflite_analyzer.py>     Details:             Tainted condition for branch.  
2025-09-08 14:10:21 INFO  (GhidraScript) tflite_analyzer.py> ----------------------------------------  
2025-09-08 14:10:21 INFO  (GhidraScript) tflite_analyzer.py> INFO: TAINT_ANALYSIS_JSON_OUTPUT env var found. Saving results to: /Users/chenkexin/Desktop/kk/test_taint/results/emotion_ferplus_tflite_gcc_O0_taint_analysis_results.json  
2025-09-08 14:10:21 INFO  (GhidraScript) tflite_analyzer.py> Taint analysis results saved to: /Users/chenkexin/Desktop/kk/test_taint/results/emotion_ferplus_tflite_gcc_O0_taint_analysis_results.json  
2025-09-08 14:10:21 ERROR (GhidraScript) tflite_analyzer.py> WARN: No high-level operand representations found in usage log for branch at 00102b94. 'registers' field will be empty.  
2025-09-08 14:10:22 INFO  (GhidraScript) tflite_analyzer.py> SUCCESS: Hook configuration saved to: /Users/chenkexin/Desktop/kk/test_taint/results/emotion_ferplus_tflite_gcc_O0_hook_config.json  
2025-09-08 14:10:22 INFO  (GhidraScript) tflite_analyzer.py> TFLite Taint Analyzer finished.  
2025-09-08 14:10:22 INFO  (HeadlessAnalyzer) ANALYZING changes made by post scripts: file:///Users/chenkexin/Desktop/kk/test_taint/assets/merged_bin/emotion_ferplus_tflite_gcc_O0  
2025-09-08 14:10:22 INFO  (HeadlessAnalyzer) REPORT: Post-analysis succeeded for file: file:///Users/chenkexin/Desktop/kk/test_taint/assets/merged_bin/emotion_ferplus_tflite_gcc_O0  
2025-09-08 14:10:22 INFO  (HeadlessAnalyzer) REPORT: Save succeeded for: /emotion_ferplus_tflite_gcc_O0 (all_binaries_analysis:/emotion_ferplus_tflite_gcc_O0)  
2025-09-08 14:10:22 INFO  (HeadlessAnalyzer) REPORT: Import succeeded  
2025-09-08 14:10:22 DEBUG (DefaultProjectData) Closing ProjectData: /Users/chenkexin/Desktop/kk/test_taint/ghidra_projects/all_binaries_analysis.rep  
2025-09-08 14:10:22 DEBUG (DefaultProjectData) Disposing ProjectData: /Users/chenkexin/Desktop/kk/test_taint/ghidra_projects/all_binaries_analysis.rep  
