2025-09-08 14:08:27 INFO  (LoggingInitialization) Using log config file: jar:file:/Applications/ghidra_11.0.3_PUBLIC/Ghidra/Framework/Generic/lib/Generic.jar!/generic.log4j.xml  
2025-09-08 14:08:27 INFO  (LoggingInitialization) Using log file: /Users/chenkexin/Desktop/kk/test_taint/logs/emotion_ferplus_ncnn_gcc_O0_headless_analysis.log  
2025-09-08 14:08:27 INFO  (Preferences) Loading user preferences: /Users/chenkexin/.ghidra/.ghidra_11.0.3_PUBLIC/preferences  
2025-09-08 14:08:27 INFO  (Preferences) Loading previous preferences: /Users/chenkexin/.ghidra/.ghidra_10.4_PUBLIC/preferences  
2025-09-08 14:08:27 INFO  (ClassSearcher) Searching for classes...  
2025-09-08 14:08:29 INFO  (ClassSearcher) Class search complete (1384 ms)  
2025-09-08 14:08:29 INFO  (SSLContextInitializer) Initializing SSL Context  
2025-09-08 14:08:29 INFO  (SecureRandomFactory) Initializing Random Number Generator...  
2025-09-08 14:08:29 INFO  (SecureRandomFactory) Random Number Generator initialization complete: NativePRNGNonBlocking  
2025-09-08 14:08:29 INFO  (ApplicationTrustManagerFactory) Trust manager disabled, cacerts have not been set  
2025-09-08 14:08:29 INFO  (HeadlessAnalyzer) HEADLESS Script Paths:
    /Applications/ghidra_11.0.3_PUBLIC/Ghidra/Processors/8051/ghidra_scripts
    /Applications/ghidra_11.0.3_PUBLIC/Ghidra/Features/FileFormats/ghidra_scripts
    /Applications/ghidra_11.0.3_PUBLIC/Ghidra/Features/Base/ghidra_scripts
    /Applications/ghidra_11.0.3_PUBLIC/Ghidra/Features/Python/ghidra_scripts
    /Applications/ghidra_11.0.3_PUBLIC/Ghidra/Features/GnuDemangler/ghidra_scripts
    /Applications/ghidra_11.0.3_PUBLIC/Ghidra/Features/SystemEmulation/ghidra_scripts
    /Applications/ghidra_11.0.3_PUBLIC/Ghidra/Features/MicrosoftCodeAnalyzer/ghidra_scripts
    /Applications/ghidra_11.0.3_PUBLIC/Ghidra/Features/BytePatterns/ghidra_scripts
    /Applications/ghidra_11.0.3_PUBLIC/Ghidra/Features/Decompiler/ghidra_scripts
    /Applications/ghidra_11.0.3_PUBLIC/Ghidra/Processors/Atmel/ghidra_scripts
    /Applications/ghidra_11.0.3_PUBLIC/Ghidra/Debug/Debugger-agent-frida/ghidra_scripts
    /Applications/ghidra_11.0.3_PUBLIC/Ghidra/Features/FunctionID/ghidra_scripts
    /Applications/ghidra_11.0.3_PUBLIC/Ghidra/Processors/JVM/ghidra_scripts
    /Applications/ghidra_11.0.3_PUBLIC/Ghidra/Processors/PIC/ghidra_scripts
    /Applications/ghidra_11.0.3_PUBLIC/Ghidra/Features/BSim/ghidra_scripts
    /Applications/ghidra_11.0.3_PUBLIC/Ghidra/Features/PDB/ghidra_scripts
    /Applications/ghidra_11.0.3_PUBLIC/Ghidra/Processors/DATA/ghidra_scripts
    /Users/chenkexin/ghidra_scripts
    /Users/chenkexin/Desktop/kk/test_taint
    /Applications/ghidra_11.0.3_PUBLIC/Ghidra/Debug/Debugger-agent-dbgmodel-traceloader/ghidra_scripts
    /Applications/ghidra_11.0.3_PUBLIC/Ghidra/Debug/Debugger-rmi-trace/ghidra_scripts
    /Applications/ghidra_11.0.3_PUBLIC/Ghidra/Features/VersionTracking/ghidra_scripts
    /Applications/ghidra_11.0.3_PUBLIC/Ghidra/Debug/Debugger/ghidra_scripts  
2025-09-08 14:08:29 INFO  (HeadlessAnalyzer) HEADLESS: execution starts  
2025-09-08 14:08:29 INFO  (HeadlessAnalyzer) Opening existing project: /Users/chenkexin/Desktop/kk/test_taint/ghidra_projects/all_binaries_analysis  
2025-09-08 14:08:30 INFO  (HeadlessProject) Opening project: /Users/chenkexin/Desktop/kk/test_taint/ghidra_projects/all_binaries_analysis  
2025-09-08 14:08:30 INFO  (HeadlessAnalyzer) REPORT: Processing input files:   
2025-09-08 14:08:30 INFO  (HeadlessAnalyzer)      project: /Users/chenkexin/Desktop/kk/test_taint/ghidra_projects/all_binaries_analysis  
2025-09-08 14:08:30 INFO  (HeadlessAnalyzer) IMPORTING: file:///Users/chenkexin/Desktop/kk/test_taint/assets/merged_bin/emotion_ferplus_ncnn_gcc_O0  
2025-09-08 14:08:32 INFO  (AutoImporter) Using Loader: Executable and Linking Format (ELF)  
2025-09-08 14:08:32 INFO  (AutoImporter) Using Language/Compiler: AARCH64:LE:64:v8A:default  
2025-09-08 14:08:32 DEBUG (ElfHeader) Elf symbol table section .dynsym linked to string table section .dynstr  
2025-09-08 14:08:32 DEBUG (ElfHeader) Elf symbol table section .symtab linked to string table section .strtab  
2025-09-08 14:08:32 DEBUG (ElfHeader) Elf relocation table section .rela.dyn linked to symbol table section .dynsym affecting PT_LOAD  
2025-09-08 14:08:32 DEBUG (ElfHeader) Elf relocation table section .rela.plt linked to symbol table section .dynsym affecting .got  
2025-09-08 14:08:32 DEBUG (ElfProgramBuilder) Discarding 1-byte alignment/filler segment_2.3 at 00100253  
2025-09-08 14:08:32 DEBUG (ElfProgramBuilder) Discarding 4-byte alignment/filler segment_2.7 at 001002bc  
2025-09-08 14:08:32 DEBUG (ElfProgramBuilder) Discarding 1-byte alignment/filler segment_2.10 at 0010112f  
2025-09-08 14:08:32 DEBUG (ElfProgramBuilder) Discarding 6-byte alignment/filler segment_2.12 at 001011a2  
2025-09-08 14:08:32 DEBUG (ElfProgramBuilder) Discarding 16-byte alignment/filler segment_2.18 at 00101b70  
2025-09-08 14:08:32 DEBUG (ElfProgramBuilder) Discarding 4-byte alignment/filler segment_2.21 at 00103794  
2025-09-08 14:08:32 DEBUG (ElfProgramBuilder) Discarding 1-byte alignment/filler segment_2.23 at 001038b7  
2025-09-08 14:08:32 DEBUG (ElfProgramBuilder) Discarding 4-byte alignment/filler segment_2.25 at 00103ac4  
2025-09-08 14:08:33 INFO  (HeadlessAnalyzer) IMPORTING: Loaded 0 additional files  
2025-09-08 14:08:34 INFO  (HeadlessAnalyzer) ANALYZING all memory and code: file:///Users/chenkexin/Desktop/kk/test_taint/assets/merged_bin/emotion_ferplus_ncnn_gcc_O0  
2025-09-08 14:08:34 ERROR (DWARFAnalyzer) Error during DWARFAnalyzer import:  ghidra.app.util.bin.format.dwarf4.DWARFException: Only DWARF version 2, 3, or 4 information is currently supported (detected 5).
	at ghidra.app.util.bin.format.dwarf4.DWARFCompilationUnit.readCompilationUnit(DWARFCompilationUnit.java:155)
	at ghidra.app.util.bin.format.dwarf4.next.DWARFProgram.bootstrapCompilationUnits(DWARFProgram.java:629)
	at ghidra.app.util.bin.format.dwarf4.next.DWARFProgram.<init>(DWARFProgram.java:262)
	at ghidra.app.plugin.core.analysis.DWARFAnalyzer.added(DWARFAnalyzer.java:109)
	at ghidra.app.plugin.core.analysis.AnalysisScheduler.runAnalyzer(AnalysisScheduler.java:186)
	at ghidra.app.plugin.core.analysis.AnalysisTask.applyTo(AnalysisTask.java:39)
	at ghidra.app.plugin.core.analysis.AutoAnalysisManager$AnalysisTaskWrapper.run(AutoAnalysisManager.java:686)
	at ghidra.app.plugin.core.analysis.AutoAnalysisManager.startAnalysis(AutoAnalysisManager.java:786)
	at ghidra.app.plugin.core.analysis.AutoAnalysisManager.startAnalysis(AutoAnalysisManager.java:665)
	at ghidra.app.plugin.core.analysis.AutoAnalysisManager.startAnalysis(AutoAnalysisManager.java:630)
	at ghidra.app.util.headless.HeadlessAnalyzer.analyzeProgram(HeadlessAnalyzer.java:1029)
	at ghidra.app.util.headless.HeadlessAnalyzer.processFileWithImport(HeadlessAnalyzer.java:1552)
	at ghidra.app.util.headless.HeadlessAnalyzer.processWithLoader(HeadlessAnalyzer.java:1734)
	at ghidra.app.util.headless.HeadlessAnalyzer.processWithImport(HeadlessAnalyzer.java:1675)
	at ghidra.app.util.headless.HeadlessAnalyzer.processWithImport(HeadlessAnalyzer.java:1759)
	at ghidra.app.util.headless.HeadlessAnalyzer.processLocal(HeadlessAnalyzer.java:460)
	at ghidra.app.util.headless.AnalyzeHeadless.launch(AnalyzeHeadless.java:127)
	at ghidra.GhidraLauncher.launch(GhidraLauncher.java:78)
	at ghidra.Ghidra.main(Ghidra.java:54)
 
2025-09-08 14:08:36 INFO  (PackedDatabaseCache) Packed database cache: /var/folders/kn/fw_2jn054bq5f73czrm_91nc0000gn/T/chenkexin-Ghidra/packed-db-cache  
2025-09-08 14:08:36 DEBUG (PackedDatabaseCache) Using cached packed database: /Applications/ghidra_11.0.3_PUBLIC/Ghidra/Features/Base/data/typeinfo/generic/generic_clib_64.gdt  
2025-09-08 14:08:37 INFO  (ApplyDataArchiveAnalyzer) Applied data type archive: generic_clib_64  
2025-09-08 14:08:39 INFO  (AutoAnalysisManager) -----------------------------------------------------
    AARCH64 ELF PLT Thunks                     0.170 secs
    ASCII Strings                              0.265 secs
    Apply Data Archives                        1.127 secs
    Basic Constant Reference Analyzer          0.709 secs
    Call Convention ID                         0.501 secs
    Call-Fixup Installer                       0.017 secs
    Create Address Tables                      0.036 secs
    Create Address Tables - One Time           0.011 secs
    Create Function                            0.000 secs
    DWARF                                      0.162 secs
    Data Reference                             0.017 secs
    Decompiler Switch Analysis                 0.163 secs
    Demangler GNU                              0.385 secs
    Disassemble Entry Points                   0.105 secs
    Embedded Media                             0.011 secs
    External Entry References                  0.001 secs
    Function Start Search                      0.074 secs
    Function Start Search After Code           0.040 secs
    Function Start Search After Data           0.011 secs
    Function Start Search delayed - One Time   0.003 secs
    GCC Exception Handlers                     0.985 secs
    Non-Returning Functions - Discovered       0.016 secs
    Non-Returning Functions - Known            0.019 secs
    Reference                                  0.103 secs
    Shared Return Calls                        0.020 secs
    Stack                                      0.463 secs
    Subroutine References                      0.022 secs
-----------------------------------------------------
     Total Time   5 secs
-----------------------------------------------------
  
2025-09-08 14:08:39 INFO  (HeadlessAnalyzer) REPORT: Analysis succeeded for file: file:///Users/chenkexin/Desktop/kk/test_taint/assets/merged_bin/emotion_ferplus_ncnn_gcc_O0  
2025-09-08 14:08:39 INFO  (HeadlessAnalyzer) SCRIPT: /Users/chenkexin/Desktop/kk/test_taint/ncnn_analyzer.py  
2025-09-08 14:08:43 INFO  (GhidraScript) ncnn_analyzer.py> INFO: Searching for call sites to functions containing 'extract'  
2025-09-08 14:08:43 INFO  (GhidraScript) ncnn_analyzer.py> INFO: Found target functions: [u'create_extractor', u'create_extractor', u'extract', u'extract', u'extract', u'create_extractor']  
2025-09-08 14:08:43 INFO  (GhidraScript) ncnn_analyzer.py> INFO: Found 3 unique functions containing call sites. Analyzing each...  
2025-09-08 14:08:43 INFO  (GhidraScript) ncnn_analyzer.py> 
--- Analyzing Function 'extract' at 00101970 containing 1 call site(s) ---  
2025-09-08 14:08:44 INFO  (GhidraScript) ncnn_analyzer.py> 
  -- Analyzing Call Site at 0010197c --  
2025-09-08 14:08:44 INFO  (GhidraScript) ncnn_analyzer.py> INFO: Tainting output parameter from call at 0010197c: param_3(w2)  
2025-09-08 14:08:44 INFO  (GhidraScript) ncnn_analyzer.py> \n>>> Analyzing function: extract (Depth: 0) at 00101970 (Originating from: extract) with initial taints: param_3(w2)  
2025-09-08 14:08:44 INFO  (GhidraScript) ncnn_analyzer.py>   - [STACK_SEARCH.0] Analyzing varnode: (register, 0x4010, 4)  
2025-09-08 14:08:44 INFO  (GhidraScript) ncnn_analyzer.py>   - [STACK_SEARCH.0] Details: isAddress=0, addr=register:00004010, isStackAddress=0  
2025-09-08 14:08:44 INFO  (GhidraScript) ncnn_analyzer.py>   - [STACK_SEARCH.0] No defining p-code op found. Aborting path.  
2025-09-08 14:08:44 INFO  (GhidraScript) ncnn_analyzer.py> \nDEBUG: Reached specified start PcodeOp  ---  CALL (ram, 0x121090, 8) , (register, 0x4000, 8) , (register, 0x4008, 8) , (register, 0x4010, 4) at 0010197c in extract, subsequent ops will be processed.  
2025-09-08 14:08:44 WARN  (DecompileCallback) Decompiling 00121090, pcode error at 00121090: Unable to disassemble EXTERNAL block location: 00121090  
2025-09-08 14:08:44 INFO  (GhidraScript) ncnn_analyzer.py> \n>>> Analyzing function: extract (Depth: 1) at 00121090 (Originating from: extract) with initial taints: param_3(w2)  
2025-09-08 14:08:44 INFO  (GhidraScript) ncnn_analyzer.py>   - [STACK_SEARCH.0] Analyzing varnode: (register, 0x4010, 4)  
2025-09-08 14:08:44 INFO  (GhidraScript) ncnn_analyzer.py>   - [STACK_SEARCH.0] Details: isAddress=0, addr=register:00004010, isStackAddress=0  
2025-09-08 14:08:44 INFO  (GhidraScript) ncnn_analyzer.py>   - [STACK_SEARCH.0] No defining p-code op found. Aborting path.  
2025-09-08 14:08:44 INFO  (GhidraScript) ncnn_analyzer.py> DEBUG: Starting taint analysis from the beginning of function extract.  
2025-09-08 14:08:44 INFO  (GhidraScript) ncnn_analyzer.py> <<< Finished analyzing function: extract.  
2025-09-08 14:08:44 INFO  (GhidraScript) ncnn_analyzer.py> <<< Finished analyzing function: extract.  
2025-09-08 14:08:44 INFO  (GhidraScript) ncnn_analyzer.py> 
--- Analyzing Function 'create_extractor' at 00101b40 containing 1 call site(s) ---  
2025-09-08 14:08:44 INFO  (GhidraScript) ncnn_analyzer.py> 
  -- Analyzing Call Site at 00101b4c --  
2025-09-08 14:08:44 INFO  (GhidraScript) ncnn_analyzer.py> WARN: Call at 00101b4c has too few parameters. Skipping taint.  
2025-09-08 14:08:44 INFO  (GhidraScript) ncnn_analyzer.py> 
--- Analyzing Function 'main' at 00101cd8 containing 2 call site(s) ---  
2025-09-08 14:08:44 INFO  (GhidraScript) ncnn_analyzer.py> 
  -- Analyzing Call Site at 00101fb8 --  
2025-09-08 14:08:44 INFO  (GhidraScript) ncnn_analyzer.py> WARN: Call at 00101fb8 has too few parameters. Skipping taint.  
2025-09-08 14:08:44 INFO  (GhidraScript) ncnn_analyzer.py> 
  -- Analyzing Call Site at 00102024 --  
2025-09-08 14:08:44 INFO  (GhidraScript) ncnn_analyzer.py> INFO: Tainting output parameter from call at 00102024: UNNAMED(w2)  
2025-09-08 14:08:44 INFO  (GhidraScript) ncnn_analyzer.py> \n>>> Analyzing function: main (Depth: 0) at 00101cd8 (Originating from: extract) with initial taints: UNNAMED(w2)  
2025-09-08 14:08:44 INFO  (GhidraScript) ncnn_analyzer.py>   - [STACK_SEARCH.0] Analyzing varnode: (register, 0x4010, 4)  
2025-09-08 14:08:44 INFO  (GhidraScript) ncnn_analyzer.py>   - [STACK_SEARCH.0] Details: isAddress=0, addr=register:00004010, isStackAddress=0  
2025-09-08 14:08:44 INFO  (GhidraScript) ncnn_analyzer.py>   - [STACK_SEARCH.0] Def P-Code Op: (register, 0x4010, 4) SUBPIECE (unique, 0x11f80, 8) , (const, 0x0, 4)  
2025-09-08 14:08:44 INFO  (GhidraScript) ncnn_analyzer.py>   - [STACK_SEARCH.0] Mnemonic 'SUBPIECE' is not a handled case. Aborting path.  
2025-09-08 14:08:44 INFO  (GhidraScript) ncnn_analyzer.py> \nDEBUG: Reached specified start PcodeOp  ---  CALL (ram, 0x101970, 8) , (unique, 0x100007ba, 8) , (unique, 0x100007c2, 8) , (register, 0x4010, 4) at 00102024 in main, subsequent ops will be processed.  
2025-09-08 14:08:44 INFO  (GhidraScript) ncnn_analyzer.py> DEBUG: Already analyzed function extract with initial taints ('param_3(w2)',) (origin: extract). Skipping.  
2025-09-08 14:08:44 INFO  (GhidraScript) ncnn_analyzer.py> DEBUG: [LOAD_HANDLER] Checking LOAD op at 0010205c. Address varnode: (register, 0x4000, 8)  
2025-09-08 14:08:44 INFO  (GhidraScript) ncnn_analyzer.py> DEBUG: [LOAD_HANDLER] POINTER_RULE FAIL: Address varnode pfVar5(x0) is not tainted (recursive check).  
2025-09-08 14:08:44 INFO  (GhidraScript) ncnn_analyzer.py> DEBUG: [LOAD_HANDLER] REGION_RULE FAIL: Address pointer pfVar5(x0) is not in the tainted memory regions set.  
2025-09-08 14:08:44 INFO  (GhidraScript) ncnn_analyzer.py> DEBUG: [LOAD_HANDLER] Checking LOAD op at 00102070. Address varnode: (register, 0x4000, 8)  
2025-09-08 14:08:44 INFO  (GhidraScript) ncnn_analyzer.py> DEBUG: [LOAD_HANDLER] POINTER_RULE FAIL: Address varnode pfVar5(x0) is not tainted (recursive check).  
2025-09-08 14:08:44 INFO  (GhidraScript) ncnn_analyzer.py> DEBUG: [LOAD_HANDLER] REGION_RULE FAIL: Address pointer pfVar5(x0) is not in the tainted memory regions set.  
2025-09-08 14:08:44 INFO  (GhidraScript) ncnn_analyzer.py> DEBUG: [CBRANCH] Found defining op for condition: (unique, 0x1400, 1) FLOAT_LESSEQUAL (register, 0x5000, 4) , (const, 0x3f19999a, 4)  
2025-09-08 14:08:44 INFO  (GhidraScript) ncnn_analyzer.py> INFO: [main @ 0010208c] Taint reached CBRANCH. Operands: ['fVar7(s0)', 'UnnamedHighVar(Constant: 0x3f19999a)'].   
2025-09-08 14:08:44 INFO  (GhidraScript) ncnn_analyzer.py> DEBUG: [CBRANCH] Found defining op for condition: (unique, 0x100004d6, 1) FLOAT_LESSEQUAL (const, 0x3dcccccd, 4) , (register, 0x5000, 4)  
2025-09-08 14:08:44 INFO  (GhidraScript) ncnn_analyzer.py> INFO: [main @ 001020a8] Taint reached CBRANCH. Operands: ['UnnamedHighVar(Constant: 0x3dcccccd)', 'UNNAMED(s0)'].   
2025-09-08 14:08:44 INFO  (GhidraScript) ncnn_analyzer.py> DEBUG: [CBRANCH] Found defining op for condition: (register, 0x108, 1) INT_EQUAL (stack, 0xfffffffffffffe28, 8) , (const, 0x0, 8)  
2025-09-08 14:08:44 INFO  (GhidraScript) ncnn_analyzer.py> INFO: [main @ 001020ec] Taint reached CBRANCH. Operands: ['local_1d8(StackDirect[Stack[-0x1d8]])', 'UnnamedHighVar(Constant: 0x0)'].   
2025-09-08 14:08:44 INFO  (GhidraScript) ncnn_analyzer.py> DEBUG: [CBRANCH] Found defining op for condition: (register, 0x108, 1) INT_NOTEQUAL (register, 0x4000, 4) , (const, 0x1, 4)  
2025-09-08 14:08:44 INFO  (GhidraScript) ncnn_analyzer.py> INFO: [main @ 00102108] Taint reached CBRANCH. Operands: ['iVar3(w0)', 'UnnamedHighVar(Constant: 0x1)'].   
2025-09-08 14:08:44 INFO  (GhidraScript) ncnn_analyzer.py> INFO: [main @ 00102120] Taint reached CBRANCH. Operands: [].   
2025-09-08 14:08:44 INFO  (GhidraScript) ncnn_analyzer.py> DEBUG: [CBRANCH] Found defining op for condition: (register, 0x108, 1) INT_EQUAL (stack, 0xfffffffffffffe40, 8) , (const, 0x0, 8)  
2025-09-08 14:08:44 INFO  (GhidraScript) ncnn_analyzer.py> INFO: [main @ 00102130] Taint reached CBRANCH. Operands: ['local_1c0(StackDirect[Stack[-0x1c0]])', 'UnnamedHighVar(Constant: 0x0)'].   
2025-09-08 14:08:44 INFO  (GhidraScript) ncnn_analyzer.py> DEBUG: [LOAD_HANDLER] Checking LOAD op at 0010213c. Address varnode: (stack, 0xfffffffffffffe40, 8)  
2025-09-08 14:08:44 INFO  (GhidraScript) ncnn_analyzer.py> DEBUG: [LOAD_HANDLER] POINTER_RULE FAIL: Address varnode local_1c0(StackDirect[Stack[-0x1c0]]) is not tainted (recursive check).  
2025-09-08 14:08:44 INFO  (GhidraScript) ncnn_analyzer.py> DEBUG: [LOAD_HANDLER] REGION_RULE FAIL: Address pointer local_1c0(StackDirect[Stack[-0x1c0]]) is not in the tainted memory regions set.  
2025-09-08 14:08:44 INFO  (GhidraScript) ncnn_analyzer.py> DEBUG: [LOAD_HANDLER] Checking LOAD op at 00102144. Address varnode: (unique, 0x11f80, 8)  
2025-09-08 14:08:44 INFO  (GhidraScript) ncnn_analyzer.py> DEBUG: [LOAD_HANDLER] POINTER_RULE FAIL: Address varnode UNNAMED(UniquePcode[0x11f80]) is not tainted (recursive check).  
2025-09-08 14:08:44 INFO  (GhidraScript) ncnn_analyzer.py> DEBUG: [LOAD_HANDLER] REGION_RULE FAIL: Address pointer UNNAMED(UniquePcode[0x11f80]) is not in the tainted memory regions set.  
2025-09-08 14:08:44 INFO  (GhidraScript) ncnn_analyzer.py> DEBUG: [CBRANCH] Found defining op for condition: (register, 0x108, 1) INT_NOTEQUAL (stack, 0xfffffffffffffe20, 8) , (const, 0x0, 8)  
2025-09-08 14:08:44 INFO  (GhidraScript) ncnn_analyzer.py> INFO: [main @ 0010217c] Taint reached CBRANCH. Operands: ['local_1e0(StackDirect[Stack[-0x1e0]])', 'UnnamedHighVar(Constant: 0x0)'].   
2025-09-08 14:08:44 INFO  (GhidraScript) ncnn_analyzer.py> DEBUG: [CBRANCH] Found defining op for condition: (register, 0x108, 1) INT_EQUAL (stack, 0xfffffffffffffde0, 8) , (const, 0x0, 8)  
2025-09-08 14:08:44 INFO  (GhidraScript) ncnn_analyzer.py> INFO: [main @ 00102200] Taint reached CBRANCH. Operands: ['local_220(StackDirect[Stack[-0x220]])', 'UnnamedHighVar(Constant: 0x0)'].   
2025-09-08 14:08:44 INFO  (GhidraScript) ncnn_analyzer.py> DEBUG: [CBRANCH] Found defining op for condition: (register, 0x108, 1) INT_NOTEQUAL (register, 0x4000, 4) , (const, 0x1, 4)  
2025-09-08 14:08:44 INFO  (GhidraScript) ncnn_analyzer.py> INFO: [main @ 0010221c] Taint reached CBRANCH. Operands: ['iVar3(w0)', 'UnnamedHighVar(Constant: 0x1)'].   
2025-09-08 14:08:44 INFO  (GhidraScript) ncnn_analyzer.py> INFO: [main @ 00102234] Taint reached CBRANCH. Operands: [].   
2025-09-08 14:08:44 INFO  (GhidraScript) ncnn_analyzer.py> DEBUG: [CBRANCH] Found defining op for condition: (register, 0x108, 1) INT_EQUAL (stack, 0xfffffffffffffdf8, 8) , (const, 0x0, 8)  
2025-09-08 14:08:44 INFO  (GhidraScript) ncnn_analyzer.py> INFO: [main @ 00102244] Taint reached CBRANCH. Operands: ['local_208(StackDirect[Stack[-0x208]])', 'UnnamedHighVar(Constant: 0x0)'].   
2025-09-08 14:08:44 INFO  (GhidraScript) ncnn_analyzer.py> DEBUG: [LOAD_HANDLER] Checking LOAD op at 00102250. Address varnode: (stack, 0xfffffffffffffdf8, 8)  
2025-09-08 14:08:44 INFO  (GhidraScript) ncnn_analyzer.py> DEBUG: [LOAD_HANDLER] POINTER_RULE FAIL: Address varnode local_208(StackDirect[Stack[-0x208]]) is not tainted (recursive check).  
2025-09-08 14:08:44 INFO  (GhidraScript) ncnn_analyzer.py> DEBUG: [LOAD_HANDLER] REGION_RULE FAIL: Address pointer local_208(StackDirect[Stack[-0x208]]) is not in the tainted memory regions set.  
2025-09-08 14:08:44 INFO  (GhidraScript) ncnn_analyzer.py> DEBUG: [LOAD_HANDLER] Checking LOAD op at 00102258. Address varnode: (unique, 0x11f80, 8)  
2025-09-08 14:08:44 INFO  (GhidraScript) ncnn_analyzer.py> DEBUG: [LOAD_HANDLER] POINTER_RULE FAIL: Address varnode UNNAMED(UniquePcode[0x11f80]) is not tainted (recursive check).  
2025-09-08 14:08:44 INFO  (GhidraScript) ncnn_analyzer.py> DEBUG: [LOAD_HANDLER] REGION_RULE FAIL: Address pointer UNNAMED(UniquePcode[0x11f80]) is not in the tainted memory regions set.  
2025-09-08 14:08:44 INFO  (GhidraScript) ncnn_analyzer.py> DEBUG: [CBRANCH] Found defining op for condition: (register, 0x108, 1) INT_NOTEQUAL (stack, 0xfffffffffffffdd8, 8) , (const, 0x0, 8)  
2025-09-08 14:08:44 INFO  (GhidraScript) ncnn_analyzer.py> INFO: [main @ 00102290] Taint reached CBRANCH. Operands: ['local_228(StackDirect[Stack[-0x228]])', 'UnnamedHighVar(Constant: 0x0)'].   
2025-09-08 14:08:44 INFO  (GhidraScript) ncnn_analyzer.py> DEBUG: [CBRANCH] Found defining op for condition: (register, 0x108, 1) INT_NOTEQUAL (unique, 0x3e480, 8) , (const, 0x0, 8)  
2025-09-08 14:08:44 INFO  (GhidraScript) ncnn_analyzer.py> INFO: [main @ 00102344] Taint reached CBRANCH. Operands: ['UNNAMED(UniquePcode[0x3e480])', 'UnnamedHighVar(Constant: 0x0)'].   
2025-09-08 14:08:44 INFO  (GhidraScript) ncnn_analyzer.py> DEBUG: [main @ 001026b4] Analyzing potential tainted RETURN with value: UNNAMED(x0) (Tainted: 0)  
2025-09-08 14:08:44 INFO  (GhidraScript) ncnn_analyzer.py>     [DEBUG] --- Taint Check Details (RETURN FAILED) ---  
2025-09-08 14:08:44 INFO  (GhidraScript) ncnn_analyzer.py>     [DEBUG]   > Return Varnode: (register, 0x4000, 8) (Size: 8, Def: (register, 0x4000, 8) COPY (register, 0x4098, 8) at 001026a4)  
2025-09-08 14:08:44 INFO  (GhidraScript) ncnn_analyzer.py>     [DEBUG]   > Currently Tainted HighVariables in this function:  
2025-09-08 14:08:44 INFO  (GhidraScript) ncnn_analyzer.py>     [DEBUG]     1. UNNAMED(w2)  
2025-09-08 14:08:44 INFO  (GhidraScript) ncnn_analyzer.py>     [DEBUG] ---------------------------------  
2025-09-08 14:08:44 INFO  (GhidraScript) ncnn_analyzer.py> <<< Finished analyzing function: main.  
2025-09-08 14:08:44 INFO  (GhidraScript) ncnn_analyzer.py> 
--- All Functions Analyzed. Finalizing Report. ---  
2025-09-08 14:08:44 INFO  (GhidraScript) ncnn_analyzer.py> \n--- All Detected Tainted Value Usages (Interprocedural) ---  
2025-09-08 14:08:44 INFO  (GhidraScript) ncnn_analyzer.py> Usage #1:  
2025-09-08 14:08:44 INFO  (GhidraScript) ncnn_analyzer.py>   Originating Lib Call: extract  
2025-09-08 14:08:44 INFO  (GhidraScript) ncnn_analyzer.py>   Found In Function:   extract at 00101970  
2025-09-08 14:08:44 INFO  (GhidraScript) ncnn_analyzer.py>   Instruction Address: 0010197c  
2025-09-08 14:08:44 INFO  (GhidraScript) ncnn_analyzer.py>     PCode Op:             ---  CALL (ram, 0x121090, 8) , (register, 0x4000, 8) , (register, 0x4008, 8) , (register, 0x4010, 4)  
2025-09-08 14:08:44 INFO  (GhidraScript) ncnn_analyzer.py>     Usage Type:          TAINTED_ARG_TO_CALL_RECURSION  
2025-09-08 14:08:44 INFO  (GhidraScript) ncnn_analyzer.py>     Details:             Recursive call to extract (CALL) with taints: param_3(w2).  
2025-09-08 14:08:44 INFO  (GhidraScript) ncnn_analyzer.py> ----------------------------------------  
2025-09-08 14:08:44 INFO  (GhidraScript) ncnn_analyzer.py> Usage #2:  
2025-09-08 14:08:44 INFO  (GhidraScript) ncnn_analyzer.py>   Originating Lib Call: extract  
2025-09-08 14:08:44 INFO  (GhidraScript) ncnn_analyzer.py>   Found In Function:   main at 00101cd8  
2025-09-08 14:08:44 INFO  (GhidraScript) ncnn_analyzer.py>   Instruction Address: 00102024  
2025-09-08 14:08:44 INFO  (GhidraScript) ncnn_analyzer.py>     PCode Op:             ---  CALL (ram, 0x101970, 8) , (unique, 0x100007ba, 8) , (unique, 0x100007c2, 8) , (register, 0x4010, 4)  
2025-09-08 14:08:44 INFO  (GhidraScript) ncnn_analyzer.py>     Usage Type:          TAINTED_ARG_TO_CALL_RECURSION  
2025-09-08 14:08:44 INFO  (GhidraScript) ncnn_analyzer.py>     Details:             Recursive call to extract (CALL) with taints: param_3(w2).  
2025-09-08 14:08:44 INFO  (GhidraScript) ncnn_analyzer.py> ----------------------------------------  
2025-09-08 14:08:44 INFO  (GhidraScript) ncnn_analyzer.py> Usage #3:  
2025-09-08 14:08:44 INFO  (GhidraScript) ncnn_analyzer.py>   Originating Lib Call: extract  
2025-09-08 14:08:44 INFO  (GhidraScript) ncnn_analyzer.py>   Found In Function:   main at 00101cd8  
2025-09-08 14:08:44 INFO  (GhidraScript) ncnn_analyzer.py>   Instruction Address: 0010208c  
2025-09-08 14:08:44 INFO  (GhidraScript) ncnn_analyzer.py>     PCode Op:             ---  CBRANCH (ram, 0x102094, 1) , (unique, 0x1400, 1)  
2025-09-08 14:08:44 INFO  (GhidraScript) ncnn_analyzer.py>     Usage Type:          BRANCH_CONDITION_TAINTED  
2025-09-08 14:08:44 INFO  (GhidraScript) ncnn_analyzer.py>     Tainted Component:   UNNAMED(UniquePcode[0x1400])  
2025-09-08 14:08:44 INFO  (GhidraScript) ncnn_analyzer.py>     Details:             Tainted condition for branch.  
2025-09-08 14:08:44 INFO  (GhidraScript) ncnn_analyzer.py> ----------------------------------------  
2025-09-08 14:08:44 INFO  (GhidraScript) ncnn_analyzer.py> Usage #4:  
2025-09-08 14:08:44 INFO  (GhidraScript) ncnn_analyzer.py>   Originating Lib Call: extract  
2025-09-08 14:08:44 INFO  (GhidraScript) ncnn_analyzer.py>   Found In Function:   main at 00101cd8  
2025-09-08 14:08:44 INFO  (GhidraScript) ncnn_analyzer.py>   Instruction Address: 001020a8  
2025-09-08 14:08:44 INFO  (GhidraScript) ncnn_analyzer.py>     PCode Op:             ---  CBRANCH (ram, 0x1020b0, 1) , (unique, 0x100004d6, 1)  
2025-09-08 14:08:44 INFO  (GhidraScript) ncnn_analyzer.py>     Usage Type:          BRANCH_CONDITION_TAINTED  
2025-09-08 14:08:44 INFO  (GhidraScript) ncnn_analyzer.py>     Tainted Component:   UNNAMED(UniquePcode[0x100004d6])  
2025-09-08 14:08:44 INFO  (GhidraScript) ncnn_analyzer.py>     Details:             Tainted condition for branch.  
2025-09-08 14:08:44 INFO  (GhidraScript) ncnn_analyzer.py> ----------------------------------------  
2025-09-08 14:08:44 INFO  (GhidraScript) ncnn_analyzer.py> Usage #5:  
2025-09-08 14:08:44 INFO  (GhidraScript) ncnn_analyzer.py>   Originating Lib Call: extract  
2025-09-08 14:08:44 INFO  (GhidraScript) ncnn_analyzer.py>   Found In Function:   main at 00101cd8  
2025-09-08 14:08:44 INFO  (GhidraScript) ncnn_analyzer.py>   Instruction Address: 001020ec  
2025-09-08 14:08:44 INFO  (GhidraScript) ncnn_analyzer.py>     PCode Op:             ---  CBRANCH (ram, 0x102114, 1) , (register, 0x108, 1)  
2025-09-08 14:08:44 INFO  (GhidraScript) ncnn_analyzer.py>     Usage Type:          BRANCH_CONDITION_TAINTED  
2025-09-08 14:08:44 INFO  (GhidraScript) ncnn_analyzer.py>     Tainted Component:   UNNAMED(tmpZR)  
2025-09-08 14:08:44 INFO  (GhidraScript) ncnn_analyzer.py>     Details:             Tainted condition for branch.  
2025-09-08 14:08:44 INFO  (GhidraScript) ncnn_analyzer.py> ----------------------------------------  
2025-09-08 14:08:44 INFO  (GhidraScript) ncnn_analyzer.py> Usage #6:  
2025-09-08 14:08:44 INFO  (GhidraScript) ncnn_analyzer.py>   Originating Lib Call: extract  
2025-09-08 14:08:44 INFO  (GhidraScript) ncnn_analyzer.py>   Found In Function:   main at 00101cd8  
2025-09-08 14:08:44 INFO  (GhidraScript) ncnn_analyzer.py>   Instruction Address: 00102108  
2025-09-08 14:08:44 INFO  (GhidraScript) ncnn_analyzer.py>     PCode Op:             ---  CBRANCH (ram, 0x102114, 1) , (register, 0x108, 1)  
2025-09-08 14:08:44 INFO  (GhidraScript) ncnn_analyzer.py>     Usage Type:          BRANCH_CONDITION_TAINTED  
2025-09-08 14:08:44 INFO  (GhidraScript) ncnn_analyzer.py>     Tainted Component:   UNNAMED(tmpZR)  
2025-09-08 14:08:44 INFO  (GhidraScript) ncnn_analyzer.py>     Details:             Tainted condition for branch.  
2025-09-08 14:08:44 INFO  (GhidraScript) ncnn_analyzer.py> ----------------------------------------  
2025-09-08 14:08:44 INFO  (GhidraScript) ncnn_analyzer.py> Usage #7:  
2025-09-08 14:08:44 INFO  (GhidraScript) ncnn_analyzer.py>   Originating Lib Call: extract  
2025-09-08 14:08:44 INFO  (GhidraScript) ncnn_analyzer.py>   Found In Function:   main at 00101cd8  
2025-09-08 14:08:44 INFO  (GhidraScript) ncnn_analyzer.py>   Instruction Address: 00102120  
2025-09-08 14:08:44 INFO  (GhidraScript) ncnn_analyzer.py>     PCode Op:             ---  CBRANCH (ram, 0x10218c, 1) , (unique, 0x100004ea, 1)  
2025-09-08 14:08:44 INFO  (GhidraScript) ncnn_analyzer.py>     Usage Type:          BRANCH_CONDITION_TAINTED  
2025-09-08 14:08:44 INFO  (GhidraScript) ncnn_analyzer.py>     Tainted Component:   bVar1(UniquePcode[0x100004e3])  
2025-09-08 14:08:44 INFO  (GhidraScript) ncnn_analyzer.py>     Details:             Tainted condition for branch.  
2025-09-08 14:08:44 INFO  (GhidraScript) ncnn_analyzer.py> ----------------------------------------  
2025-09-08 14:08:44 INFO  (GhidraScript) ncnn_analyzer.py> Usage #8:  
2025-09-08 14:08:44 INFO  (GhidraScript) ncnn_analyzer.py>   Originating Lib Call: extract  
2025-09-08 14:08:44 INFO  (GhidraScript) ncnn_analyzer.py>   Found In Function:   main at 00101cd8  
2025-09-08 14:08:44 INFO  (GhidraScript) ncnn_analyzer.py>   Instruction Address: 00102130  
2025-09-08 14:08:44 INFO  (GhidraScript) ncnn_analyzer.py>     PCode Op:             ---  CBRANCH (ram, 0x102168, 1) , (register, 0x108, 1)  
2025-09-08 14:08:44 INFO  (GhidraScript) ncnn_analyzer.py>     Usage Type:          BRANCH_CONDITION_TAINTED  
2025-09-08 14:08:44 INFO  (GhidraScript) ncnn_analyzer.py>     Tainted Component:   UNNAMED(tmpZR)  
2025-09-08 14:08:44 INFO  (GhidraScript) ncnn_analyzer.py>     Details:             Tainted condition for branch.  
2025-09-08 14:08:44 INFO  (GhidraScript) ncnn_analyzer.py> ----------------------------------------  
2025-09-08 14:08:44 INFO  (GhidraScript) ncnn_analyzer.py> Usage #9:  
2025-09-08 14:08:44 INFO  (GhidraScript) ncnn_analyzer.py>   Originating Lib Call: extract  
2025-09-08 14:08:44 INFO  (GhidraScript) ncnn_analyzer.py>   Found In Function:   main at 00101cd8  
2025-09-08 14:08:44 INFO  (GhidraScript) ncnn_analyzer.py>   Instruction Address: 0010217c  
2025-09-08 14:08:44 INFO  (GhidraScript) ncnn_analyzer.py>     PCode Op:             ---  CBRANCH (ram, 0x102188, 1) , (register, 0x108, 1)  
2025-09-08 14:08:44 INFO  (GhidraScript) ncnn_analyzer.py>     Usage Type:          BRANCH_CONDITION_TAINTED  
2025-09-08 14:08:44 INFO  (GhidraScript) ncnn_analyzer.py>     Tainted Component:   UNNAMED(tmpZR)  
2025-09-08 14:08:44 INFO  (GhidraScript) ncnn_analyzer.py>     Details:             Tainted condition for branch.  
2025-09-08 14:08:44 INFO  (GhidraScript) ncnn_analyzer.py> ----------------------------------------  
2025-09-08 14:08:44 INFO  (GhidraScript) ncnn_analyzer.py> Usage #10:  
2025-09-08 14:08:44 INFO  (GhidraScript) ncnn_analyzer.py>   Originating Lib Call: extract  
2025-09-08 14:08:44 INFO  (GhidraScript) ncnn_analyzer.py>   Found In Function:   main at 00101cd8  
2025-09-08 14:08:44 INFO  (GhidraScript) ncnn_analyzer.py>   Instruction Address: 00102200  
2025-09-08 14:08:44 INFO  (GhidraScript) ncnn_analyzer.py>     PCode Op:             ---  CBRANCH (ram, 0x102228, 1) , (register, 0x108, 1)  
2025-09-08 14:08:44 INFO  (GhidraScript) ncnn_analyzer.py>     Usage Type:          BRANCH_CONDITION_TAINTED  
2025-09-08 14:08:44 INFO  (GhidraScript) ncnn_analyzer.py>     Tainted Component:   UNNAMED(tmpZR)  
2025-09-08 14:08:44 INFO  (GhidraScript) ncnn_analyzer.py>     Details:             Tainted condition for branch.  
2025-09-08 14:08:44 INFO  (GhidraScript) ncnn_analyzer.py> ----------------------------------------  
2025-09-08 14:08:44 INFO  (GhidraScript) ncnn_analyzer.py> Usage #11:  
2025-09-08 14:08:44 INFO  (GhidraScript) ncnn_analyzer.py>   Originating Lib Call: extract  
2025-09-08 14:08:44 INFO  (GhidraScript) ncnn_analyzer.py>   Found In Function:   main at 00101cd8  
2025-09-08 14:08:44 INFO  (GhidraScript) ncnn_analyzer.py>   Instruction Address: 0010221c  
2025-09-08 14:08:44 INFO  (GhidraScript) ncnn_analyzer.py>     PCode Op:             ---  CBRANCH (ram, 0x102228, 1) , (register, 0x108, 1)  
2025-09-08 14:08:44 INFO  (GhidraScript) ncnn_analyzer.py>     Usage Type:          BRANCH_CONDITION_TAINTED  
2025-09-08 14:08:44 INFO  (GhidraScript) ncnn_analyzer.py>     Tainted Component:   UNNAMED(tmpZR)  
2025-09-08 14:08:44 INFO  (GhidraScript) ncnn_analyzer.py>     Details:             Tainted condition for branch.  
2025-09-08 14:08:44 INFO  (GhidraScript) ncnn_analyzer.py> ----------------------------------------  
2025-09-08 14:08:44 INFO  (GhidraScript) ncnn_analyzer.py> Usage #12:  
2025-09-08 14:08:44 INFO  (GhidraScript) ncnn_analyzer.py>   Originating Lib Call: extract  
2025-09-08 14:08:44 INFO  (GhidraScript) ncnn_analyzer.py>   Found In Function:   main at 00101cd8  
2025-09-08 14:08:44 INFO  (GhidraScript) ncnn_analyzer.py>   Instruction Address: 00102234  
2025-09-08 14:08:44 INFO  (GhidraScript) ncnn_analyzer.py>     PCode Op:             ---  CBRANCH (ram, 0x1022a0, 1) , (unique, 0x100004f0, 1)  
2025-09-08 14:08:44 INFO  (GhidraScript) ncnn_analyzer.py>     Usage Type:          BRANCH_CONDITION_TAINTED  
2025-09-08 14:08:44 INFO  (GhidraScript) ncnn_analyzer.py>     Tainted Component:   bVar1(UniquePcode[0x100004e3])  
2025-09-08 14:08:44 INFO  (GhidraScript) ncnn_analyzer.py>     Details:             Tainted condition for branch.  
2025-09-08 14:08:44 INFO  (GhidraScript) ncnn_analyzer.py> ----------------------------------------  
2025-09-08 14:08:44 INFO  (GhidraScript) ncnn_analyzer.py> Usage #13:  
2025-09-08 14:08:44 INFO  (GhidraScript) ncnn_analyzer.py>   Originating Lib Call: extract  
2025-09-08 14:08:44 INFO  (GhidraScript) ncnn_analyzer.py>   Found In Function:   main at 00101cd8  
2025-09-08 14:08:44 INFO  (GhidraScript) ncnn_analyzer.py>   Instruction Address: 00102244  
2025-09-08 14:08:44 INFO  (GhidraScript) ncnn_analyzer.py>     PCode Op:             ---  CBRANCH (ram, 0x10227c, 1) , (register, 0x108, 1)  
2025-09-08 14:08:44 INFO  (GhidraScript) ncnn_analyzer.py>     Usage Type:          BRANCH_CONDITION_TAINTED  
2025-09-08 14:08:44 INFO  (GhidraScript) ncnn_analyzer.py>     Tainted Component:   UNNAMED(tmpZR)  
2025-09-08 14:08:44 INFO  (GhidraScript) ncnn_analyzer.py>     Details:             Tainted condition for branch.  
2025-09-08 14:08:44 INFO  (GhidraScript) ncnn_analyzer.py> ----------------------------------------  
2025-09-08 14:08:44 INFO  (GhidraScript) ncnn_analyzer.py> Usage #14:  
2025-09-08 14:08:44 INFO  (GhidraScript) ncnn_analyzer.py>   Originating Lib Call: extract  
2025-09-08 14:08:44 INFO  (GhidraScript) ncnn_analyzer.py>   Found In Function:   main at 00101cd8  
2025-09-08 14:08:44 INFO  (GhidraScript) ncnn_analyzer.py>   Instruction Address: 00102290  
2025-09-08 14:08:44 INFO  (GhidraScript) ncnn_analyzer.py>     PCode Op:             ---  CBRANCH (ram, 0x10229c, 1) , (register, 0x108, 1)  
2025-09-08 14:08:44 INFO  (GhidraScript) ncnn_analyzer.py>     Usage Type:          BRANCH_CONDITION_TAINTED  
2025-09-08 14:08:44 INFO  (GhidraScript) ncnn_analyzer.py>     Tainted Component:   UNNAMED(tmpZR)  
2025-09-08 14:08:44 INFO  (GhidraScript) ncnn_analyzer.py>     Details:             Tainted condition for branch.  
2025-09-08 14:08:44 INFO  (GhidraScript) ncnn_analyzer.py> ----------------------------------------  
2025-09-08 14:08:44 INFO  (GhidraScript) ncnn_analyzer.py> Usage #15:  
2025-09-08 14:08:44 INFO  (GhidraScript) ncnn_analyzer.py>   Originating Lib Call: extract  
2025-09-08 14:08:44 INFO  (GhidraScript) ncnn_analyzer.py>   Found In Function:   main at 00101cd8  
2025-09-08 14:08:44 INFO  (GhidraScript) ncnn_analyzer.py>   Instruction Address: 00102344  
2025-09-08 14:08:44 INFO  (GhidraScript) ncnn_analyzer.py>     PCode Op:             ---  CBRANCH (ram, 0x1026a4, 1) , (register, 0x108, 1)  
2025-09-08 14:08:44 INFO  (GhidraScript) ncnn_analyzer.py>     Usage Type:          BRANCH_CONDITION_TAINTED  
2025-09-08 14:08:44 INFO  (GhidraScript) ncnn_analyzer.py>     Tainted Component:   UNNAMED(tmpZR)  
2025-09-08 14:08:44 INFO  (GhidraScript) ncnn_analyzer.py>     Details:             Tainted condition for branch.  
2025-09-08 14:08:44 INFO  (GhidraScript) ncnn_analyzer.py> ----------------------------------------  
2025-09-08 14:08:45 ERROR (GhidraScript) ncnn_analyzer.py> WARN: No high-level operand representations found in usage log for branch at 00102120. 'registers' field will be empty.  
2025-09-08 14:08:45 ERROR (GhidraScript) ncnn_analyzer.py> WARN: No high-level operand representations found in usage log for branch at 00102234. 'registers' field will be empty.  
2025-09-08 14:08:45 INFO  (GhidraScript) ncnn_analyzer.py> SUCCESS: Hook configuration saved to: /Users/chenkexin/Desktop/kk/test_taint/results/emotion_ferplus_ncnn_gcc_O0_hook_config.json  
2025-09-08 14:08:45 INFO  (GhidraScript) ncnn_analyzer.py> NCNN Taint Analyzer finished.  
2025-09-08 14:08:45 INFO  (HeadlessAnalyzer) ANALYZING changes made by post scripts: file:///Users/chenkexin/Desktop/kk/test_taint/assets/merged_bin/emotion_ferplus_ncnn_gcc_O0  
2025-09-08 14:08:45 INFO  (HeadlessAnalyzer) REPORT: Post-analysis succeeded for file: file:///Users/chenkexin/Desktop/kk/test_taint/assets/merged_bin/emotion_ferplus_ncnn_gcc_O0  
2025-09-08 14:08:45 INFO  (HeadlessAnalyzer) REPORT: Save succeeded for: /emotion_ferplus_ncnn_gcc_O0 (all_binaries_analysis:/emotion_ferplus_ncnn_gcc_O0)  
2025-09-08 14:08:45 INFO  (HeadlessAnalyzer) REPORT: Import succeeded  
2025-09-08 14:08:45 DEBUG (DefaultProjectData) Closing ProjectData: /Users/chenkexin/Desktop/kk/test_taint/ghidra_projects/all_binaries_analysis.rep  
2025-09-08 14:08:45 DEBUG (DefaultProjectData) Disposing ProjectData: /Users/chenkexin/Desktop/kk/test_taint/ghidra_projects/all_binaries_analysis.rep  
