2025-09-08 14:11:35 INFO  (LoggingInitialization) Using log config file: jar:file:/Applications/ghidra_11.0.3_PUBLIC/Ghidra/Framework/Generic/lib/Generic.jar!/generic.log4j.xml  
2025-09-08 14:11:35 INFO  (LoggingInitialization) Using log file: /Users/chenkexin/Desktop/kk/test_taint/logs/fsanet_headpose_ncnn_gcc_O0_headless_analysis.log  
2025-09-08 14:11:35 INFO  (Preferences) Loading user preferences: /Users/chenkexin/.ghidra/.ghidra_11.0.3_PUBLIC/preferences  
2025-09-08 14:11:35 INFO  (Preferences) Loading previous preferences: /Users/chenkexin/.ghidra/.ghidra_10.4_PUBLIC/preferences  
2025-09-08 14:11:35 INFO  (ClassSearcher) Searching for classes...  
2025-09-08 14:11:37 INFO  (ClassSearcher) Class search complete (1598 ms)  
2025-09-08 14:11:37 INFO  (SSLContextInitializer) Initializing SSL Context  
2025-09-08 14:11:37 INFO  (SecureRandomFactory) Initializing Random Number Generator...  
2025-09-08 14:11:37 INFO  (SecureRandomFactory) Random Number Generator initialization complete: NativePRNGNonBlocking  
2025-09-08 14:11:37 INFO  (ApplicationTrustManagerFactory) Trust manager disabled, cacerts have not been set  
2025-09-08 14:11:38 INFO  (HeadlessAnalyzer) HEADLESS Script Paths:
    /Applications/ghidra_11.0.3_PUBLIC/Ghidra/Processors/8051/ghidra_scripts
    /Applications/ghidra_11.0.3_PUBLIC/Ghidra/Features/FileFormats/ghidra_scripts
    /Applications/ghidra_11.0.3_PUBLIC/Ghidra/Features/Base/ghidra_scripts
    /Applications/ghidra_11.0.3_PUBLIC/Ghidra/Features/Python/ghidra_scripts
    /Applications/ghidra_11.0.3_PUBLIC/Ghidra/Features/GnuDemangler/ghidra_scripts
    /Applications/ghidra_11.0.3_PUBLIC/Ghidra/Features/SystemEmulation/ghidra_scripts
    /Applications/ghidra_11.0.3_PUBLIC/Ghidra/Features/MicrosoftCodeAnalyzer/ghidra_scripts
    /Applications/ghidra_11.0.3_PUBLIC/Ghidra/Features/BytePatterns/ghidra_scripts
    /Applications/ghidra_11.0.3_PUBLIC/Ghidra/Features/Decompiler/ghidra_scripts
    /Applications/ghidra_11.0.3_PUBLIC/Ghidra/Processors/Atmel/ghidra_scripts
    /Applications/ghidra_11.0.3_PUBLIC/Ghidra/Debug/Debugger-agent-frida/ghidra_scripts
    /Applications/ghidra_11.0.3_PUBLIC/Ghidra/Features/FunctionID/ghidra_scripts
    /Applications/ghidra_11.0.3_PUBLIC/Ghidra/Processors/JVM/ghidra_scripts
    /Applications/ghidra_11.0.3_PUBLIC/Ghidra/Processors/PIC/ghidra_scripts
    /Applications/ghidra_11.0.3_PUBLIC/Ghidra/Features/BSim/ghidra_scripts
    /Applications/ghidra_11.0.3_PUBLIC/Ghidra/Features/PDB/ghidra_scripts
    /Applications/ghidra_11.0.3_PUBLIC/Ghidra/Processors/DATA/ghidra_scripts
    /Users/chenkexin/ghidra_scripts
    /Users/chenkexin/Desktop/kk/test_taint
    /Applications/ghidra_11.0.3_PUBLIC/Ghidra/Debug/Debugger-agent-dbgmodel-traceloader/ghidra_scripts
    /Applications/ghidra_11.0.3_PUBLIC/Ghidra/Debug/Debugger-rmi-trace/ghidra_scripts
    /Applications/ghidra_11.0.3_PUBLIC/Ghidra/Features/VersionTracking/ghidra_scripts
    /Applications/ghidra_11.0.3_PUBLIC/Ghidra/Debug/Debugger/ghidra_scripts  
2025-09-08 14:11:38 INFO  (HeadlessAnalyzer) HEADLESS: execution starts  
2025-09-08 14:11:38 INFO  (HeadlessAnalyzer) Opening existing project: /Users/chenkexin/Desktop/kk/test_taint/ghidra_projects/all_binaries_analysis  
2025-09-08 14:11:38 INFO  (HeadlessProject) Opening project: /Users/chenkexin/Desktop/kk/test_taint/ghidra_projects/all_binaries_analysis  
2025-09-08 14:11:38 INFO  (HeadlessAnalyzer) REPORT: Processing input files:   
2025-09-08 14:11:38 INFO  (HeadlessAnalyzer)      project: /Users/chenkexin/Desktop/kk/test_taint/ghidra_projects/all_binaries_analysis  
2025-09-08 14:11:38 INFO  (HeadlessAnalyzer) IMPORTING: file:///Users/chenkexin/Desktop/kk/test_taint/assets/merged_bin/fsanet_headpose_ncnn_gcc_O0  
2025-09-08 14:11:40 INFO  (AutoImporter) Using Loader: Executable and Linking Format (ELF)  
2025-09-08 14:11:40 INFO  (AutoImporter) Using Language/Compiler: AARCH64:LE:64:v8A:default  
2025-09-08 14:11:41 DEBUG (ElfHeader) Elf symbol table section .dynsym linked to string table section .dynstr  
2025-09-08 14:11:41 DEBUG (ElfHeader) Elf symbol table section .symtab linked to string table section .strtab  
2025-09-08 14:11:41 DEBUG (ElfHeader) Elf relocation table section .rela.dyn linked to symbol table section .dynsym affecting PT_LOAD  
2025-09-08 14:11:41 DEBUG (ElfHeader) Elf relocation table section .rela.plt linked to symbol table section .dynsym affecting .got  
2025-09-08 14:11:41 DEBUG (ElfProgramBuilder) Discarding 1-byte alignment/filler segment_2.3 at 00100253  
2025-09-08 14:11:41 DEBUG (ElfProgramBuilder) Discarding 4-byte alignment/filler segment_2.7 at 001002bc  
2025-09-08 14:11:41 DEBUG (ElfProgramBuilder) Discarding 4-byte alignment/filler segment_2.11 at 00101114  
2025-09-08 14:11:41 DEBUG (ElfProgramBuilder) Discarding 8-byte alignment/filler segment_2.16 at 00101748  
2025-09-08 14:11:41 DEBUG (ElfProgramBuilder) Discarding 16-byte alignment/filler segment_2.18 at 00101a30  
2025-09-08 14:11:41 DEBUG (ElfProgramBuilder) Discarding 4-byte alignment/filler segment_2.21 at 001032c4  
2025-09-08 14:11:41 DEBUG (ElfProgramBuilder) Discarding 4-byte alignment/filler segment_2.24 at 00103524  
2025-09-08 14:11:42 INFO  (HeadlessAnalyzer) IMPORTING: Loaded 0 additional files  
2025-09-08 14:11:42 INFO  (HeadlessAnalyzer) ANALYZING all memory and code: file:///Users/chenkexin/Desktop/kk/test_taint/assets/merged_bin/fsanet_headpose_ncnn_gcc_O0  
2025-09-08 14:11:43 ERROR (DWARFAnalyzer) Error during DWARFAnalyzer import:  ghidra.app.util.bin.format.dwarf4.DWARFException: Only DWARF version 2, 3, or 4 information is currently supported (detected 5).
	at ghidra.app.util.bin.format.dwarf4.DWARFCompilationUnit.readCompilationUnit(DWARFCompilationUnit.java:155)
	at ghidra.app.util.bin.format.dwarf4.next.DWARFProgram.bootstrapCompilationUnits(DWARFProgram.java:629)
	at ghidra.app.util.bin.format.dwarf4.next.DWARFProgram.<init>(DWARFProgram.java:262)
	at ghidra.app.plugin.core.analysis.DWARFAnalyzer.added(DWARFAnalyzer.java:109)
	at ghidra.app.plugin.core.analysis.AnalysisScheduler.runAnalyzer(AnalysisScheduler.java:186)
	at ghidra.app.plugin.core.analysis.AnalysisTask.applyTo(AnalysisTask.java:39)
	at ghidra.app.plugin.core.analysis.AutoAnalysisManager$AnalysisTaskWrapper.run(AutoAnalysisManager.java:686)
	at ghidra.app.plugin.core.analysis.AutoAnalysisManager.startAnalysis(AutoAnalysisManager.java:786)
	at ghidra.app.plugin.core.analysis.AutoAnalysisManager.startAnalysis(AutoAnalysisManager.java:665)
	at ghidra.app.plugin.core.analysis.AutoAnalysisManager.startAnalysis(AutoAnalysisManager.java:630)
	at ghidra.app.util.headless.HeadlessAnalyzer.analyzeProgram(HeadlessAnalyzer.java:1029)
	at ghidra.app.util.headless.HeadlessAnalyzer.processFileWithImport(HeadlessAnalyzer.java:1552)
	at ghidra.app.util.headless.HeadlessAnalyzer.processWithLoader(HeadlessAnalyzer.java:1734)
	at ghidra.app.util.headless.HeadlessAnalyzer.processWithImport(HeadlessAnalyzer.java:1675)
	at ghidra.app.util.headless.HeadlessAnalyzer.processWithImport(HeadlessAnalyzer.java:1759)
	at ghidra.app.util.headless.HeadlessAnalyzer.processLocal(HeadlessAnalyzer.java:460)
	at ghidra.app.util.headless.AnalyzeHeadless.launch(AnalyzeHeadless.java:127)
	at ghidra.GhidraLauncher.launch(GhidraLauncher.java:78)
	at ghidra.Ghidra.main(Ghidra.java:54)
 
2025-09-08 14:11:45 INFO  (PackedDatabaseCache) Packed database cache: /var/folders/kn/fw_2jn054bq5f73czrm_91nc0000gn/T/chenkexin-Ghidra/packed-db-cache  
2025-09-08 14:11:45 DEBUG (PackedDatabaseCache) Using cached packed database: /Applications/ghidra_11.0.3_PUBLIC/Ghidra/Features/Base/data/typeinfo/generic/generic_clib_64.gdt  
2025-09-08 14:11:46 INFO  (ApplyDataArchiveAnalyzer) Applied data type archive: generic_clib_64  
2025-09-08 14:11:48 INFO  (AutoAnalysisManager) -----------------------------------------------------
    AARCH64 ELF PLT Thunks                     0.231 secs
    ASCII Strings                              0.256 secs
    Apply Data Archives                        1.138 secs
    Basic Constant Reference Analyzer          0.723 secs
    Call Convention ID                         0.352 secs
    Call-Fixup Installer                       0.018 secs
    Create Address Tables                      0.053 secs
    Create Address Tables - One Time           0.007 secs
    Create Function                            0.000 secs
    DWARF                                      0.172 secs
    Data Reference                             0.027 secs
    Decompiler Switch Analysis                 0.164 secs
    Demangler GNU                              0.300 secs
    Disassemble Entry Points                   0.096 secs
    Embedded Media                             0.013 secs
    External Entry References                  0.001 secs
    Function Start Search                      0.063 secs
    Function Start Search After Code           0.044 secs
    Function Start Search After Data           0.032 secs
    Function Start Search delayed - One Time   0.010 secs
    GCC Exception Handlers                     0.808 secs
    Non-Returning Functions - Discovered       0.022 secs
    Non-Returning Functions - Known            0.016 secs
    Reference                                  0.150 secs
    Shared Return Calls                        0.025 secs
    Stack                                      0.525 secs
    Subroutine References                      0.026 secs
-----------------------------------------------------
     Total Time   5 secs
-----------------------------------------------------
  
2025-09-08 14:11:48 INFO  (HeadlessAnalyzer) REPORT: Analysis succeeded for file: file:///Users/chenkexin/Desktop/kk/test_taint/assets/merged_bin/fsanet_headpose_ncnn_gcc_O0  
2025-09-08 14:11:48 INFO  (HeadlessAnalyzer) SCRIPT: /Users/chenkexin/Desktop/kk/test_taint/ncnn_analyzer.py  
2025-09-08 14:11:52 INFO  (GhidraScript) ncnn_analyzer.py> INFO: Searching for call sites to functions containing 'extract'  
2025-09-08 14:11:52 INFO  (GhidraScript) ncnn_analyzer.py> INFO: Found target functions: [u'create_extractor', u'extract', u'extract', u'extract', u'create_extractor', u'create_extractor']  
2025-09-08 14:11:52 INFO  (GhidraScript) ncnn_analyzer.py> INFO: Found 3 unique functions containing call sites. Analyzing each...  
2025-09-08 14:11:52 INFO  (GhidraScript) ncnn_analyzer.py> 
--- Analyzing Function 'create_extractor' at 001019f0 containing 1 call site(s) ---  
2025-09-08 14:11:52 INFO  (GhidraScript) ncnn_analyzer.py> 
  -- Analyzing Call Site at 001019fc --  
2025-09-08 14:11:52 INFO  (GhidraScript) ncnn_analyzer.py> WARN: Call at 001019fc has too few parameters. Skipping taint.  
2025-09-08 14:11:52 INFO  (GhidraScript) ncnn_analyzer.py> 
--- Analyzing Function 'extract' at 00101850 containing 1 call site(s) ---  
2025-09-08 14:11:53 INFO  (GhidraScript) ncnn_analyzer.py> 
  -- Analyzing Call Site at 0010185c --  
2025-09-08 14:11:53 INFO  (GhidraScript) ncnn_analyzer.py> INFO: Tainting output parameter from call at 0010185c: param_3(w2)  
2025-09-08 14:11:53 INFO  (GhidraScript) ncnn_analyzer.py> \n>>> Analyzing function: extract (Depth: 0) at 00101850 (Originating from: extract) with initial taints: param_3(w2)  
2025-09-08 14:11:53 INFO  (GhidraScript) ncnn_analyzer.py>   - [STACK_SEARCH.0] Analyzing varnode: (register, 0x4010, 4)  
2025-09-08 14:11:53 INFO  (GhidraScript) ncnn_analyzer.py>   - [STACK_SEARCH.0] Details: isAddress=0, addr=register:00004010, isStackAddress=0  
2025-09-08 14:11:53 INFO  (GhidraScript) ncnn_analyzer.py>   - [STACK_SEARCH.0] No defining p-code op found. Aborting path.  
2025-09-08 14:11:53 INFO  (GhidraScript) ncnn_analyzer.py> \nDEBUG: Reached specified start PcodeOp  ---  CALL (ram, 0x121088, 8) , (register, 0x4000, 8) , (register, 0x4008, 8) , (register, 0x4010, 4) at 0010185c in extract, subsequent ops will be processed.  
2025-09-08 14:11:53 WARN  (DecompileCallback) Decompiling 00121088, pcode error at 00121088: Unable to disassemble EXTERNAL block location: 00121088  
2025-09-08 14:11:53 INFO  (GhidraScript) ncnn_analyzer.py> \n>>> Analyzing function: extract (Depth: 1) at 00121088 (Originating from: extract) with initial taints: param_3(w2)  
2025-09-08 14:11:53 INFO  (GhidraScript) ncnn_analyzer.py>   - [STACK_SEARCH.0] Analyzing varnode: (register, 0x4010, 4)  
2025-09-08 14:11:53 INFO  (GhidraScript) ncnn_analyzer.py>   - [STACK_SEARCH.0] Details: isAddress=0, addr=register:00004010, isStackAddress=0  
2025-09-08 14:11:53 INFO  (GhidraScript) ncnn_analyzer.py>   - [STACK_SEARCH.0] No defining p-code op found. Aborting path.  
2025-09-08 14:11:53 INFO  (GhidraScript) ncnn_analyzer.py> DEBUG: Starting taint analysis from the beginning of function extract.  
2025-09-08 14:11:53 INFO  (GhidraScript) ncnn_analyzer.py> <<< Finished analyzing function: extract.  
2025-09-08 14:11:53 INFO  (GhidraScript) ncnn_analyzer.py> <<< Finished analyzing function: extract.  
2025-09-08 14:11:53 INFO  (GhidraScript) ncnn_analyzer.py> 
--- Analyzing Function 'main' at 00101b98 containing 4 call site(s) ---  
2025-09-08 14:11:53 INFO  (GhidraScript) ncnn_analyzer.py> 
  -- Analyzing Call Site at 00102088 --  
2025-09-08 14:11:53 INFO  (GhidraScript) ncnn_analyzer.py> WARN: Call at 00102088 has too few parameters. Skipping taint.  
2025-09-08 14:11:53 INFO  (GhidraScript) ncnn_analyzer.py> 
  -- Analyzing Call Site at 001021ec --  
2025-09-08 14:11:53 INFO  (GhidraScript) ncnn_analyzer.py> WARN: Call at 001021ec has too few parameters. Skipping taint.  
2025-09-08 14:11:53 INFO  (GhidraScript) ncnn_analyzer.py> 
  -- Analyzing Call Site at 001020c4 --  
2025-09-08 14:11:53 INFO  (GhidraScript) ncnn_analyzer.py> INFO: Tainting output parameter from call at 001020c4: UNNAMED(w2)  
2025-09-08 14:11:53 INFO  (GhidraScript) ncnn_analyzer.py> \n>>> Analyzing function: main (Depth: 0) at 00101b98 (Originating from: extract) with initial taints: UNNAMED(w2)  
2025-09-08 14:11:53 INFO  (GhidraScript) ncnn_analyzer.py>   - [STACK_SEARCH.0] Analyzing varnode: (register, 0x4010, 4)  
2025-09-08 14:11:53 INFO  (GhidraScript) ncnn_analyzer.py>   - [STACK_SEARCH.0] Details: isAddress=0, addr=register:00004010, isStackAddress=0  
2025-09-08 14:11:53 INFO  (GhidraScript) ncnn_analyzer.py>   - [STACK_SEARCH.0] Def P-Code Op: (register, 0x4010, 4) SUBPIECE (unique, 0x11f80, 8) , (const, 0x0, 4)  
2025-09-08 14:11:53 INFO  (GhidraScript) ncnn_analyzer.py>   - [STACK_SEARCH.0] Mnemonic 'SUBPIECE' is not a handled case. Aborting path.  
2025-09-08 14:11:53 INFO  (GhidraScript) ncnn_analyzer.py> \nDEBUG: Reached specified start PcodeOp  ---  CALL (ram, 0x101850, 8) , (unique, 0x10000d27, 8) , (unique, 0x10000d2f, 8) , (register, 0x4010, 4) at 001020c4 in main, subsequent ops will be processed.  
2025-09-08 14:11:53 INFO  (GhidraScript) ncnn_analyzer.py> DEBUG: Already analyzed function extract with initial taints ('param_3(w2)',) (origin: extract). Skipping.  
2025-09-08 14:11:53 INFO  (GhidraScript) ncnn_analyzer.py> DEBUG: [LOAD_HANDLER] Checking LOAD op at 001020e4. Address varnode: (stack, 0xfffffffffffffcc8, 8)  
2025-09-08 14:11:53 INFO  (GhidraScript) ncnn_analyzer.py> DEBUG: [LOAD_HANDLER] POINTER_RULE FAIL: Address varnode local_338(StackDirect[Stack[-0x338]]) is not tainted (recursive check).  
2025-09-08 14:11:53 INFO  (GhidraScript) ncnn_analyzer.py> DEBUG: [LOAD_HANDLER] REGION_RULE FAIL: Address pointer local_338(StackDirect[Stack[-0x338]]) is not in the tainted memory regions set.  
2025-09-08 14:11:53 INFO  (GhidraScript) ncnn_analyzer.py> DEBUG: [LOAD_HANDLER] Checking LOAD op at 00102104. Address varnode: (unique, 0x12480, 8)  
2025-09-08 14:11:53 INFO  (GhidraScript) ncnn_analyzer.py> DEBUG: [LOAD_HANDLER] POINTER_RULE FAIL: Address varnode UNNAMED(UniquePcode[0x12480]) is not tainted (recursive check).  
2025-09-08 14:11:53 INFO  (GhidraScript) ncnn_analyzer.py> DEBUG: [LOAD_HANDLER] REGION_RULE FAIL: Address pointer UNNAMED(UniquePcode[0x12480]) is not in the tainted memory regions set.  
2025-09-08 14:11:53 INFO  (GhidraScript) ncnn_analyzer.py> DEBUG: [LOAD_HANDLER] Checking LOAD op at 00102124. Address varnode: (unique, 0x12480, 8)  
2025-09-08 14:11:53 INFO  (GhidraScript) ncnn_analyzer.py> DEBUG: [LOAD_HANDLER] POINTER_RULE FAIL: Address varnode UNNAMED(UniquePcode[0x12480]) is not tainted (recursive check).  
2025-09-08 14:11:53 INFO  (GhidraScript) ncnn_analyzer.py> DEBUG: [LOAD_HANDLER] REGION_RULE FAIL: Address pointer UNNAMED(UniquePcode[0x12480]) is not in the tainted memory regions set.  
2025-09-08 14:11:53 INFO  (GhidraScript) ncnn_analyzer.py> DEBUG: [CBRANCH] Found defining op for condition: (register, 0x108, 1) INT_EQUAL (register, 0x4000, 4) , (const, 0x0, 4)  
2025-09-08 14:11:53 INFO  (GhidraScript) ncnn_analyzer.py> INFO: [main @ 00102150] Taint reached CBRANCH. Operands: ['iVar4(w0)', 'UnnamedHighVar(Constant: 0x0)'].   
2025-09-08 14:11:53 INFO  (GhidraScript) ncnn_analyzer.py> DEBUG: [CBRANCH] Found defining op for condition: (register, 0x108, 1) INT_NOTEQUAL (register, 0x4000, 4) , (const, 0x0, 4)  
2025-09-08 14:11:53 INFO  (GhidraScript) ncnn_analyzer.py> INFO: [main @ 0010216c] Taint reached CBRANCH. Operands: ['iVar4(w0)', 'UnnamedHighVar(Constant: 0x0)'].   
2025-09-08 14:11:53 INFO  (GhidraScript) ncnn_analyzer.py> INFO: [main @ 00102184] Taint reached CBRANCH. Operands: [].   
2025-09-08 14:11:53 INFO  (GhidraScript) ncnn_analyzer.py> DEBUG: [LOAD_HANDLER] Checking LOAD op at 00102248. Address varnode: (stack, 0xfffffffffffffd10, 8)  
2025-09-08 14:11:53 INFO  (GhidraScript) ncnn_analyzer.py> DEBUG: [LOAD_HANDLER] POINTER_RULE FAIL: Address varnode local_2f0(StackDirect[Stack[-0x2f0]]) is not tainted (recursive check).  
2025-09-08 14:11:53 INFO  (GhidraScript) ncnn_analyzer.py> DEBUG: [LOAD_HANDLER] REGION_RULE FAIL: Address pointer local_2f0(StackDirect[Stack[-0x2f0]]) is not in the tainted memory regions set.  
2025-09-08 14:11:53 INFO  (GhidraScript) ncnn_analyzer.py> DEBUG: [LOAD_HANDLER] Checking LOAD op at 00102268. Address varnode: (unique, 0x12480, 8)  
2025-09-08 14:11:53 INFO  (GhidraScript) ncnn_analyzer.py> DEBUG: [LOAD_HANDLER] POINTER_RULE FAIL: Address varnode UNNAMED(UniquePcode[0x12480]) is not tainted (recursive check).  
2025-09-08 14:11:53 INFO  (GhidraScript) ncnn_analyzer.py> DEBUG: [LOAD_HANDLER] REGION_RULE FAIL: Address pointer UNNAMED(UniquePcode[0x12480]) is not in the tainted memory regions set.  
2025-09-08 14:11:53 INFO  (GhidraScript) ncnn_analyzer.py> DEBUG: [LOAD_HANDLER] Checking LOAD op at 00102288. Address varnode: (unique, 0x12480, 8)  
2025-09-08 14:11:53 INFO  (GhidraScript) ncnn_analyzer.py> DEBUG: [LOAD_HANDLER] POINTER_RULE FAIL: Address varnode UNNAMED(UniquePcode[0x12480]) is not tainted (recursive check).  
2025-09-08 14:11:53 INFO  (GhidraScript) ncnn_analyzer.py> DEBUG: [LOAD_HANDLER] REGION_RULE FAIL: Address pointer UNNAMED(UniquePcode[0x12480]) is not in the tainted memory regions set.  
2025-09-08 14:11:53 INFO  (GhidraScript) ncnn_analyzer.py> DEBUG: [CBRANCH] Found defining op for condition: (unique, 0x10000646, 1) FLOAT_LESSEQUAL (const, 0x40a00000, 4) , (register, 0x5000, 4)  
2025-09-08 14:11:53 INFO  (GhidraScript) ncnn_analyzer.py> INFO: [main @ 001022f4] Taint reached CBRANCH. Operands: ['UnnamedHighVar(Constant: 0x40a00000)', 'fVar10(s0)'].   
2025-09-08 14:11:53 INFO  (GhidraScript) ncnn_analyzer.py> DEBUG: [CBRANCH] Found defining op for condition: (unique, 0x10000652, 1) FLOAT_LESSEQUAL (const, 0x40a00000, 4) , (register, 0x5000, 4)  
2025-09-08 14:11:53 INFO  (GhidraScript) ncnn_analyzer.py> INFO: [main @ 00102310] Taint reached CBRANCH. Operands: ['UnnamedHighVar(Constant: 0x40a00000)', 'fVar10(s0)'].   
2025-09-08 14:11:53 INFO  (GhidraScript) ncnn_analyzer.py> DEBUG: [CBRANCH] Found defining op for condition: (unique, 0x1000065e, 1) FLOAT_LESSEQUAL (const, 0x40a00000, 4) , (register, 0x5000, 4)  
2025-09-08 14:11:53 INFO  (GhidraScript) ncnn_analyzer.py> INFO: [main @ 0010232c] Taint reached CBRANCH. Operands: ['UnnamedHighVar(Constant: 0x40a00000)', 'fVar10(s0)'].   
2025-09-08 14:11:53 INFO  (GhidraScript) ncnn_analyzer.py> INFO: [main @ 00102348] Taint reached CBRANCH. Operands: [].   
2025-09-08 14:11:53 INFO  (GhidraScript) ncnn_analyzer.py> DEBUG: [CBRANCH] Found defining op for condition: (register, 0x108, 1) INT_EQUAL (stack, 0xfffffffffffffd18, 8) , (const, 0x0, 8)  
2025-09-08 14:11:53 INFO  (GhidraScript) ncnn_analyzer.py> INFO: [main @ 00102380] Taint reached CBRANCH. Operands: ['local_2e8(StackDirect[Stack[-0x2e8]])', 'UnnamedHighVar(Constant: 0x0)'].   
2025-09-08 14:11:53 INFO  (GhidraScript) ncnn_analyzer.py> DEBUG: [CBRANCH] Found defining op for condition: (register, 0x108, 1) INT_NOTEQUAL (register, 0x4000, 4) , (const, 0x1, 4)  
2025-09-08 14:11:53 INFO  (GhidraScript) ncnn_analyzer.py> INFO: [main @ 0010239c] Taint reached CBRANCH. Operands: ['iVar4(w0)', 'UnnamedHighVar(Constant: 0x1)'].   
2025-09-08 14:11:53 INFO  (GhidraScript) ncnn_analyzer.py> INFO: [main @ 001023b4] Taint reached CBRANCH. Operands: [].   
2025-09-08 14:11:53 INFO  (GhidraScript) ncnn_analyzer.py> DEBUG: [CBRANCH] Found defining op for condition: (register, 0x108, 1) INT_EQUAL (stack, 0xfffffffffffffd30, 8) , (const, 0x0, 8)  
2025-09-08 14:11:53 INFO  (GhidraScript) ncnn_analyzer.py> INFO: [main @ 001023c4] Taint reached CBRANCH. Operands: ['local_2d0(StackDirect[Stack[-0x2d0]])', 'UnnamedHighVar(Constant: 0x0)'].   
2025-09-08 14:11:53 INFO  (GhidraScript) ncnn_analyzer.py> DEBUG: [LOAD_HANDLER] Checking LOAD op at 001023d0. Address varnode: (stack, 0xfffffffffffffd30, 8)  
2025-09-08 14:11:53 INFO  (GhidraScript) ncnn_analyzer.py> DEBUG: [LOAD_HANDLER] POINTER_RULE FAIL: Address varnode local_2d0(StackDirect[Stack[-0x2d0]]) is not tainted (recursive check).  
2025-09-08 14:11:53 INFO  (GhidraScript) ncnn_analyzer.py> DEBUG: [LOAD_HANDLER] REGION_RULE FAIL: Address pointer local_2d0(StackDirect[Stack[-0x2d0]]) is not in the tainted memory regions set.  
2025-09-08 14:11:53 INFO  (GhidraScript) ncnn_analyzer.py> DEBUG: [LOAD_HANDLER] Checking LOAD op at 001023d8. Address varnode: (unique, 0x11f80, 8)  
2025-09-08 14:11:53 INFO  (GhidraScript) ncnn_analyzer.py> DEBUG: [LOAD_HANDLER] POINTER_RULE FAIL: Address varnode UNNAMED(UniquePcode[0x11f80]) is not tainted (recursive check).  
2025-09-08 14:11:53 INFO  (GhidraScript) ncnn_analyzer.py> DEBUG: [LOAD_HANDLER] REGION_RULE FAIL: Address pointer UNNAMED(UniquePcode[0x11f80]) is not in the tainted memory regions set.  
2025-09-08 14:11:53 INFO  (GhidraScript) ncnn_analyzer.py> DEBUG: [CBRANCH] Found defining op for condition: (register, 0x108, 1) INT_NOTEQUAL (stack, 0xfffffffffffffd10, 8) , (const, 0x0, 8)  
2025-09-08 14:11:53 INFO  (GhidraScript) ncnn_analyzer.py> INFO: [main @ 00102410] Taint reached CBRANCH. Operands: ['local_2f0(StackDirect[Stack[-0x2f0]])', 'UnnamedHighVar(Constant: 0x0)'].   
2025-09-08 14:11:53 INFO  (GhidraScript) ncnn_analyzer.py> DEBUG: [CBRANCH] Found defining op for condition: (register, 0x108, 1) INT_EQUAL (stack, 0xfffffffffffffcd0, 8) , (const, 0x0, 8)  
2025-09-08 14:11:53 INFO  (GhidraScript) ncnn_analyzer.py> INFO: [main @ 00102494] Taint reached CBRANCH. Operands: ['local_330(StackDirect[Stack[-0x330]])', 'UnnamedHighVar(Constant: 0x0)'].   
2025-09-08 14:11:53 INFO  (GhidraScript) ncnn_analyzer.py> DEBUG: [CBRANCH] Found defining op for condition: (register, 0x108, 1) INT_NOTEQUAL (register, 0x4000, 4) , (const, 0x1, 4)  
2025-09-08 14:11:53 INFO  (GhidraScript) ncnn_analyzer.py> INFO: [main @ 001024b0] Taint reached CBRANCH. Operands: ['iVar4(w0)', 'UnnamedHighVar(Constant: 0x1)'].   
2025-09-08 14:11:53 INFO  (GhidraScript) ncnn_analyzer.py> INFO: [main @ 001024c8] Taint reached CBRANCH. Operands: [].   
2025-09-08 14:11:53 INFO  (GhidraScript) ncnn_analyzer.py> DEBUG: [CBRANCH] Found defining op for condition: (register, 0x108, 1) INT_EQUAL (stack, 0xfffffffffffffce8, 8) , (const, 0x0, 8)  
2025-09-08 14:11:53 INFO  (GhidraScript) ncnn_analyzer.py> INFO: [main @ 001024d8] Taint reached CBRANCH. Operands: ['local_318(StackDirect[Stack[-0x318]])', 'UnnamedHighVar(Constant: 0x0)'].   
2025-09-08 14:11:53 INFO  (GhidraScript) ncnn_analyzer.py> DEBUG: [LOAD_HANDLER] Checking LOAD op at 001024e4. Address varnode: (stack, 0xfffffffffffffce8, 8)  
2025-09-08 14:11:53 INFO  (GhidraScript) ncnn_analyzer.py> DEBUG: [LOAD_HANDLER] POINTER_RULE FAIL: Address varnode local_318(StackDirect[Stack[-0x318]]) is not tainted (recursive check).  
2025-09-08 14:11:53 INFO  (GhidraScript) ncnn_analyzer.py> DEBUG: [LOAD_HANDLER] REGION_RULE FAIL: Address pointer local_318(StackDirect[Stack[-0x318]]) is not in the tainted memory regions set.  
2025-09-08 14:11:53 INFO  (GhidraScript) ncnn_analyzer.py> DEBUG: [LOAD_HANDLER] Checking LOAD op at 001024ec. Address varnode: (unique, 0x11f80, 8)  
2025-09-08 14:11:53 INFO  (GhidraScript) ncnn_analyzer.py> DEBUG: [LOAD_HANDLER] POINTER_RULE FAIL: Address varnode UNNAMED(UniquePcode[0x11f80]) is not tainted (recursive check).  
2025-09-08 14:11:53 INFO  (GhidraScript) ncnn_analyzer.py> DEBUG: [LOAD_HANDLER] REGION_RULE FAIL: Address pointer UNNAMED(UniquePcode[0x11f80]) is not in the tainted memory regions set.  
2025-09-08 14:11:53 INFO  (GhidraScript) ncnn_analyzer.py> DEBUG: [CBRANCH] Found defining op for condition: (register, 0x108, 1) INT_NOTEQUAL (stack, 0xfffffffffffffcc8, 8) , (const, 0x0, 8)  
2025-09-08 14:11:53 INFO  (GhidraScript) ncnn_analyzer.py> INFO: [main @ 00102524] Taint reached CBRANCH. Operands: ['local_338(StackDirect[Stack[-0x338]])', 'UnnamedHighVar(Constant: 0x0)'].   
2025-09-08 14:11:53 INFO  (GhidraScript) ncnn_analyzer.py> DEBUG: [CBRANCH] Found defining op for condition: (register, 0x108, 1) INT_EQUAL (stack, 0xfffffffffffffc88, 8) , (const, 0x0, 8)  
2025-09-08 14:11:53 INFO  (GhidraScript) ncnn_analyzer.py> INFO: [main @ 001025a8] Taint reached CBRANCH. Operands: ['local_378(StackDirect[Stack[-0x378]])', 'UnnamedHighVar(Constant: 0x0)'].   
2025-09-08 14:11:53 INFO  (GhidraScript) ncnn_analyzer.py> DEBUG: [CBRANCH] Found defining op for condition: (register, 0x108, 1) INT_NOTEQUAL (register, 0x4000, 4) , (const, 0x1, 4)  
2025-09-08 14:11:53 INFO  (GhidraScript) ncnn_analyzer.py> INFO: [main @ 001025c4] Taint reached CBRANCH. Operands: ['iVar4(w0)', 'UnnamedHighVar(Constant: 0x1)'].   
2025-09-08 14:11:53 INFO  (GhidraScript) ncnn_analyzer.py> INFO: [main @ 001025dc] Taint reached CBRANCH. Operands: [].   
2025-09-08 14:11:53 INFO  (GhidraScript) ncnn_analyzer.py> DEBUG: [CBRANCH] Found defining op for condition: (register, 0x108, 1) INT_EQUAL (stack, 0xfffffffffffffca0, 8) , (const, 0x0, 8)  
2025-09-08 14:11:53 INFO  (GhidraScript) ncnn_analyzer.py> INFO: [main @ 001025ec] Taint reached CBRANCH. Operands: ['local_360(StackDirect[Stack[-0x360]])', 'UnnamedHighVar(Constant: 0x0)'].   
2025-09-08 14:11:53 INFO  (GhidraScript) ncnn_analyzer.py> DEBUG: [LOAD_HANDLER] Checking LOAD op at 001025f8. Address varnode: (stack, 0xfffffffffffffca0, 8)  
2025-09-08 14:11:53 INFO  (GhidraScript) ncnn_analyzer.py> DEBUG: [LOAD_HANDLER] POINTER_RULE FAIL: Address varnode local_360(StackDirect[Stack[-0x360]]) is not tainted (recursive check).  
2025-09-08 14:11:53 INFO  (GhidraScript) ncnn_analyzer.py> DEBUG: [LOAD_HANDLER] REGION_RULE FAIL: Address pointer local_360(StackDirect[Stack[-0x360]]) is not in the tainted memory regions set.  
2025-09-08 14:11:53 INFO  (GhidraScript) ncnn_analyzer.py> DEBUG: [LOAD_HANDLER] Checking LOAD op at 00102600. Address varnode: (unique, 0x11f80, 8)  
2025-09-08 14:11:53 INFO  (GhidraScript) ncnn_analyzer.py> DEBUG: [LOAD_HANDLER] POINTER_RULE FAIL: Address varnode UNNAMED(UniquePcode[0x11f80]) is not tainted (recursive check).  
2025-09-08 14:11:53 INFO  (GhidraScript) ncnn_analyzer.py> DEBUG: [LOAD_HANDLER] REGION_RULE FAIL: Address pointer UNNAMED(UniquePcode[0x11f80]) is not in the tainted memory regions set.  
2025-09-08 14:11:53 INFO  (GhidraScript) ncnn_analyzer.py> DEBUG: [CBRANCH] Found defining op for condition: (register, 0x108, 1) INT_NOTEQUAL (stack, 0xfffffffffffffc80, 8) , (const, 0x0, 8)  
2025-09-08 14:11:53 INFO  (GhidraScript) ncnn_analyzer.py> INFO: [main @ 00102638] Taint reached CBRANCH. Operands: ['local_380(StackDirect[Stack[-0x380]])', 'UnnamedHighVar(Constant: 0x0)'].   
2025-09-08 14:11:54 INFO  (GhidraScript) ncnn_analyzer.py> DEBUG: [CBRANCH] Found defining op for condition: (register, 0x108, 1) INT_NOTEQUAL (unique, 0x3e480, 8) , (const, 0x0, 8)  
2025-09-08 14:11:54 INFO  (GhidraScript) ncnn_analyzer.py> INFO: [main @ 001026fc] Taint reached CBRANCH. Operands: ['UNNAMED(UniquePcode[0x3e480])', 'UnnamedHighVar(Constant: 0x0)'].   
2025-09-08 14:11:54 INFO  (GhidraScript) ncnn_analyzer.py> DEBUG: [main @ 00102bd8] Analyzing potential tainted RETURN with value: UNNAMED(x0) (Tainted: 0)  
2025-09-08 14:11:54 INFO  (GhidraScript) ncnn_analyzer.py>     [DEBUG] --- Taint Check Details (RETURN FAILED) ---  
2025-09-08 14:11:54 INFO  (GhidraScript) ncnn_analyzer.py>     [DEBUG]   > Return Varnode: (register, 0x4000, 8) (Size: 8, Def: (register, 0x4000, 8) COPY (register, 0x4098, 8) at 00102bc8)  
2025-09-08 14:11:54 INFO  (GhidraScript) ncnn_analyzer.py>     [DEBUG]   > Currently Tainted HighVariables in this function:  
2025-09-08 14:11:54 INFO  (GhidraScript) ncnn_analyzer.py>     [DEBUG]     1. UNNAMED(w2)  
2025-09-08 14:11:54 INFO  (GhidraScript) ncnn_analyzer.py>     [DEBUG] ---------------------------------  
2025-09-08 14:11:54 INFO  (GhidraScript) ncnn_analyzer.py> <<< Finished analyzing function: main.  
2025-09-08 14:11:54 INFO  (GhidraScript) ncnn_analyzer.py> 
  -- Analyzing Call Site at 00102228 --  
2025-09-08 14:11:54 INFO  (GhidraScript) ncnn_analyzer.py> INFO: Tainting output parameter from call at 00102228: UNNAMED(w2)  
2025-09-08 14:11:54 INFO  (GhidraScript) ncnn_analyzer.py> DEBUG: Already analyzed function main with initial taints ('UNNAMED(w2)',) (origin: extract). Skipping.  
2025-09-08 14:11:54 INFO  (GhidraScript) ncnn_analyzer.py> 
--- All Functions Analyzed. Finalizing Report. ---  
2025-09-08 14:11:54 INFO  (GhidraScript) ncnn_analyzer.py> \n--- All Detected Tainted Value Usages (Interprocedural) ---  
2025-09-08 14:11:54 INFO  (GhidraScript) ncnn_analyzer.py> Usage #1:  
2025-09-08 14:11:54 INFO  (GhidraScript) ncnn_analyzer.py>   Originating Lib Call: extract  
2025-09-08 14:11:54 INFO  (GhidraScript) ncnn_analyzer.py>   Found In Function:   extract at 00101850  
2025-09-08 14:11:54 INFO  (GhidraScript) ncnn_analyzer.py>   Instruction Address: 0010185c  
2025-09-08 14:11:54 INFO  (GhidraScript) ncnn_analyzer.py>     PCode Op:             ---  CALL (ram, 0x121088, 8) , (register, 0x4000, 8) , (register, 0x4008, 8) , (register, 0x4010, 4)  
2025-09-08 14:11:54 INFO  (GhidraScript) ncnn_analyzer.py>     Usage Type:          TAINTED_ARG_TO_CALL_RECURSION  
2025-09-08 14:11:54 INFO  (GhidraScript) ncnn_analyzer.py>     Details:             Recursive call to extract (CALL) with taints: param_3(w2).  
2025-09-08 14:11:54 INFO  (GhidraScript) ncnn_analyzer.py> ----------------------------------------  
2025-09-08 14:11:54 INFO  (GhidraScript) ncnn_analyzer.py> Usage #2:  
2025-09-08 14:11:54 INFO  (GhidraScript) ncnn_analyzer.py>   Originating Lib Call: extract  
2025-09-08 14:11:54 INFO  (GhidraScript) ncnn_analyzer.py>   Found In Function:   main at 00101b98  
2025-09-08 14:11:54 INFO  (GhidraScript) ncnn_analyzer.py>   Instruction Address: 001020c4  
2025-09-08 14:11:54 INFO  (GhidraScript) ncnn_analyzer.py>     PCode Op:             ---  CALL (ram, 0x101850, 8) , (unique, 0x10000d27, 8) , (unique, 0x10000d2f, 8) , (register, 0x4010, 4)  
2025-09-08 14:11:54 INFO  (GhidraScript) ncnn_analyzer.py>     Usage Type:          TAINTED_ARG_TO_CALL_RECURSION  
2025-09-08 14:11:54 INFO  (GhidraScript) ncnn_analyzer.py>     Details:             Recursive call to extract (CALL) with taints: param_3(w2).  
2025-09-08 14:11:54 INFO  (GhidraScript) ncnn_analyzer.py> ----------------------------------------  
2025-09-08 14:11:54 INFO  (GhidraScript) ncnn_analyzer.py> Usage #3:  
2025-09-08 14:11:54 INFO  (GhidraScript) ncnn_analyzer.py>   Originating Lib Call: extract  
2025-09-08 14:11:54 INFO  (GhidraScript) ncnn_analyzer.py>   Found In Function:   main at 00101b98  
2025-09-08 14:11:54 INFO  (GhidraScript) ncnn_analyzer.py>   Instruction Address: 00102150  
2025-09-08 14:11:54 INFO  (GhidraScript) ncnn_analyzer.py>     PCode Op:             ---  CBRANCH (ram, 0x102170, 1) , (register, 0x108, 1)  
2025-09-08 14:11:54 INFO  (GhidraScript) ncnn_analyzer.py>     Usage Type:          BRANCH_CONDITION_TAINTED  
2025-09-08 14:11:54 INFO  (GhidraScript) ncnn_analyzer.py>     Tainted Component:   UNNAMED(tmpZR)  
2025-09-08 14:11:54 INFO  (GhidraScript) ncnn_analyzer.py>     Details:             Tainted condition for branch.  
2025-09-08 14:11:54 INFO  (GhidraScript) ncnn_analyzer.py> ----------------------------------------  
2025-09-08 14:11:54 INFO  (GhidraScript) ncnn_analyzer.py> Usage #4:  
2025-09-08 14:11:54 INFO  (GhidraScript) ncnn_analyzer.py>   Originating Lib Call: extract  
2025-09-08 14:11:54 INFO  (GhidraScript) ncnn_analyzer.py>   Found In Function:   main at 00101b98  
2025-09-08 14:11:54 INFO  (GhidraScript) ncnn_analyzer.py>   Instruction Address: 0010216c  
2025-09-08 14:11:54 INFO  (GhidraScript) ncnn_analyzer.py>     PCode Op:             ---  CBRANCH (ram, 0x102178, 1) , (register, 0x108, 1)  
2025-09-08 14:11:54 INFO  (GhidraScript) ncnn_analyzer.py>     Usage Type:          BRANCH_CONDITION_TAINTED  
2025-09-08 14:11:54 INFO  (GhidraScript) ncnn_analyzer.py>     Tainted Component:   UNNAMED(tmpZR)  
2025-09-08 14:11:54 INFO  (GhidraScript) ncnn_analyzer.py>     Details:             Tainted condition for branch.  
2025-09-08 14:11:54 INFO  (GhidraScript) ncnn_analyzer.py> ----------------------------------------  
2025-09-08 14:11:54 INFO  (GhidraScript) ncnn_analyzer.py> Usage #5:  
2025-09-08 14:11:54 INFO  (GhidraScript) ncnn_analyzer.py>   Originating Lib Call: extract  
2025-09-08 14:11:54 INFO  (GhidraScript) ncnn_analyzer.py>   Found In Function:   main at 00101b98  
2025-09-08 14:11:54 INFO  (GhidraScript) ncnn_analyzer.py>   Instruction Address: 00102184  
2025-09-08 14:11:54 INFO  (GhidraScript) ncnn_analyzer.py>     PCode Op:             ---  CBRANCH (ram, 0x1021b0, 1) , (unique, 0x100008dc, 1)  
2025-09-08 14:11:54 INFO  (GhidraScript) ncnn_analyzer.py>     Usage Type:          BRANCH_CONDITION_TAINTED  
2025-09-08 14:11:54 INFO  (GhidraScript) ncnn_analyzer.py>     Tainted Component:   bVar2(UniquePcode[0x100008d7])  
2025-09-08 14:11:54 INFO  (GhidraScript) ncnn_analyzer.py>     Details:             Tainted condition for branch.  
2025-09-08 14:11:54 INFO  (GhidraScript) ncnn_analyzer.py> ----------------------------------------  
2025-09-08 14:11:54 INFO  (GhidraScript) ncnn_analyzer.py> Usage #6:  
2025-09-08 14:11:54 INFO  (GhidraScript) ncnn_analyzer.py>   Originating Lib Call: extract  
2025-09-08 14:11:54 INFO  (GhidraScript) ncnn_analyzer.py>   Found In Function:   main at 00101b98  
2025-09-08 14:11:54 INFO  (GhidraScript) ncnn_analyzer.py>   Instruction Address: 001022f4  
2025-09-08 14:11:54 INFO  (GhidraScript) ncnn_analyzer.py>     PCode Op:             ---  CBRANCH (ram, 0x1022fc, 1) , (unique, 0x10000646, 1)  
2025-09-08 14:11:54 INFO  (GhidraScript) ncnn_analyzer.py>     Usage Type:          BRANCH_CONDITION_TAINTED  
2025-09-08 14:11:54 INFO  (GhidraScript) ncnn_analyzer.py>     Tainted Component:   UNNAMED(UniquePcode[0x10000646])  
2025-09-08 14:11:54 INFO  (GhidraScript) ncnn_analyzer.py>     Details:             Tainted condition for branch.  
2025-09-08 14:11:54 INFO  (GhidraScript) ncnn_analyzer.py> ----------------------------------------  
2025-09-08 14:11:54 INFO  (GhidraScript) ncnn_analyzer.py> Usage #7:  
2025-09-08 14:11:54 INFO  (GhidraScript) ncnn_analyzer.py>   Originating Lib Call: extract  
2025-09-08 14:11:54 INFO  (GhidraScript) ncnn_analyzer.py>   Found In Function:   main at 00101b98  
2025-09-08 14:11:54 INFO  (GhidraScript) ncnn_analyzer.py>   Instruction Address: 00102310  
2025-09-08 14:11:54 INFO  (GhidraScript) ncnn_analyzer.py>     PCode Op:             ---  CBRANCH (ram, 0x102318, 1) , (unique, 0x10000652, 1)  
2025-09-08 14:11:54 INFO  (GhidraScript) ncnn_analyzer.py>     Usage Type:          BRANCH_CONDITION_TAINTED  
2025-09-08 14:11:54 INFO  (GhidraScript) ncnn_analyzer.py>     Tainted Component:   UNNAMED(UniquePcode[0x10000652])  
2025-09-08 14:11:54 INFO  (GhidraScript) ncnn_analyzer.py>     Details:             Tainted condition for branch.  
2025-09-08 14:11:54 INFO  (GhidraScript) ncnn_analyzer.py> ----------------------------------------  
2025-09-08 14:11:54 INFO  (GhidraScript) ncnn_analyzer.py> Usage #8:  
2025-09-08 14:11:54 INFO  (GhidraScript) ncnn_analyzer.py>   Originating Lib Call: extract  
2025-09-08 14:11:54 INFO  (GhidraScript) ncnn_analyzer.py>   Found In Function:   main at 00101b98  
2025-09-08 14:11:54 INFO  (GhidraScript) ncnn_analyzer.py>   Instruction Address: 0010232c  
2025-09-08 14:11:54 INFO  (GhidraScript) ncnn_analyzer.py>     PCode Op:             ---  CBRANCH (ram, 0x102334, 1) , (unique, 0x1000065e, 1)  
2025-09-08 14:11:54 INFO  (GhidraScript) ncnn_analyzer.py>     Usage Type:          BRANCH_CONDITION_TAINTED  
2025-09-08 14:11:54 INFO  (GhidraScript) ncnn_analyzer.py>     Tainted Component:   UNNAMED(UniquePcode[0x1000065e])  
2025-09-08 14:11:54 INFO  (GhidraScript) ncnn_analyzer.py>     Details:             Tainted condition for branch.  
2025-09-08 14:11:54 INFO  (GhidraScript) ncnn_analyzer.py> ----------------------------------------  
2025-09-08 14:11:54 INFO  (GhidraScript) ncnn_analyzer.py> Usage #9:  
2025-09-08 14:11:54 INFO  (GhidraScript) ncnn_analyzer.py>   Originating Lib Call: extract  
2025-09-08 14:11:54 INFO  (GhidraScript) ncnn_analyzer.py>   Found In Function:   main at 00101b98  
2025-09-08 14:11:54 INFO  (GhidraScript) ncnn_analyzer.py>   Instruction Address: 00102348  
2025-09-08 14:11:54 INFO  (GhidraScript) ncnn_analyzer.py>     PCode Op:             ---  CBRANCH (ram, 0x10235c, 1) , (unique, 0x100008e5, 1)  
2025-09-08 14:11:54 INFO  (GhidraScript) ncnn_analyzer.py>     Usage Type:          BRANCH_CONDITION_TAINTED  
2025-09-08 14:11:54 INFO  (GhidraScript) ncnn_analyzer.py>     Tainted Component:   bVar2(UniquePcode[0x100008d7])  
2025-09-08 14:11:54 INFO  (GhidraScript) ncnn_analyzer.py>     Details:             Tainted condition for branch.  
2025-09-08 14:11:54 INFO  (GhidraScript) ncnn_analyzer.py> ----------------------------------------  
2025-09-08 14:11:54 INFO  (GhidraScript) ncnn_analyzer.py> Usage #10:  
2025-09-08 14:11:54 INFO  (GhidraScript) ncnn_analyzer.py>   Originating Lib Call: extract  
2025-09-08 14:11:54 INFO  (GhidraScript) ncnn_analyzer.py>   Found In Function:   main at 00101b98  
2025-09-08 14:11:54 INFO  (GhidraScript) ncnn_analyzer.py>   Instruction Address: 00102380  
2025-09-08 14:11:54 INFO  (GhidraScript) ncnn_analyzer.py>     PCode Op:             ---  CBRANCH (ram, 0x1023a8, 1) , (register, 0x108, 1)  
2025-09-08 14:11:54 INFO  (GhidraScript) ncnn_analyzer.py>     Usage Type:          BRANCH_CONDITION_TAINTED  
2025-09-08 14:11:54 INFO  (GhidraScript) ncnn_analyzer.py>     Tainted Component:   UNNAMED(tmpZR)  
2025-09-08 14:11:54 INFO  (GhidraScript) ncnn_analyzer.py>     Details:             Tainted condition for branch.  
2025-09-08 14:11:54 INFO  (GhidraScript) ncnn_analyzer.py> ----------------------------------------  
2025-09-08 14:11:54 INFO  (GhidraScript) ncnn_analyzer.py> Usage #11:  
2025-09-08 14:11:54 INFO  (GhidraScript) ncnn_analyzer.py>   Originating Lib Call: extract  
2025-09-08 14:11:54 INFO  (GhidraScript) ncnn_analyzer.py>   Found In Function:   main at 00101b98  
2025-09-08 14:11:54 INFO  (GhidraScript) ncnn_analyzer.py>   Instruction Address: 0010239c  
2025-09-08 14:11:54 INFO  (GhidraScript) ncnn_analyzer.py>     PCode Op:             ---  CBRANCH (ram, 0x1023a8, 1) , (register, 0x108, 1)  
2025-09-08 14:11:54 INFO  (GhidraScript) ncnn_analyzer.py>     Usage Type:          BRANCH_CONDITION_TAINTED  
2025-09-08 14:11:54 INFO  (GhidraScript) ncnn_analyzer.py>     Tainted Component:   UNNAMED(tmpZR)  
2025-09-08 14:11:54 INFO  (GhidraScript) ncnn_analyzer.py>     Details:             Tainted condition for branch.  
2025-09-08 14:11:54 INFO  (GhidraScript) ncnn_analyzer.py> ----------------------------------------  
2025-09-08 14:11:54 INFO  (GhidraScript) ncnn_analyzer.py> Usage #12:  
2025-09-08 14:11:54 INFO  (GhidraScript) ncnn_analyzer.py>   Originating Lib Call: extract  
2025-09-08 14:11:54 INFO  (GhidraScript) ncnn_analyzer.py>   Found In Function:   main at 00101b98  
2025-09-08 14:11:54 INFO  (GhidraScript) ncnn_analyzer.py>   Instruction Address: 001023b4  
2025-09-08 14:11:54 INFO  (GhidraScript) ncnn_analyzer.py>     PCode Op:             ---  CBRANCH (ram, 0x102420, 1) , (unique, 0x100008e9, 1)  
2025-09-08 14:11:54 INFO  (GhidraScript) ncnn_analyzer.py>     Usage Type:          BRANCH_CONDITION_TAINTED  
2025-09-08 14:11:54 INFO  (GhidraScript) ncnn_analyzer.py>     Tainted Component:   bVar2(UniquePcode[0x100008d7])  
2025-09-08 14:11:54 INFO  (GhidraScript) ncnn_analyzer.py>     Details:             Tainted condition for branch.  
2025-09-08 14:11:54 INFO  (GhidraScript) ncnn_analyzer.py> ----------------------------------------  
2025-09-08 14:11:54 INFO  (GhidraScript) ncnn_analyzer.py> Usage #13:  
2025-09-08 14:11:54 INFO  (GhidraScript) ncnn_analyzer.py>   Originating Lib Call: extract  
2025-09-08 14:11:54 INFO  (GhidraScript) ncnn_analyzer.py>   Found In Function:   main at 00101b98  
2025-09-08 14:11:54 INFO  (GhidraScript) ncnn_analyzer.py>   Instruction Address: 001023c4  
2025-09-08 14:11:54 INFO  (GhidraScript) ncnn_analyzer.py>     PCode Op:             ---  CBRANCH (ram, 0x1023fc, 1) , (register, 0x108, 1)  
2025-09-08 14:11:54 INFO  (GhidraScript) ncnn_analyzer.py>     Usage Type:          BRANCH_CONDITION_TAINTED  
2025-09-08 14:11:54 INFO  (GhidraScript) ncnn_analyzer.py>     Tainted Component:   UNNAMED(tmpZR)  
2025-09-08 14:11:54 INFO  (GhidraScript) ncnn_analyzer.py>     Details:             Tainted condition for branch.  
2025-09-08 14:11:54 INFO  (GhidraScript) ncnn_analyzer.py> ----------------------------------------  
2025-09-08 14:11:54 INFO  (GhidraScript) ncnn_analyzer.py> Usage #14:  
2025-09-08 14:11:54 INFO  (GhidraScript) ncnn_analyzer.py>   Originating Lib Call: extract  
2025-09-08 14:11:54 INFO  (GhidraScript) ncnn_analyzer.py>   Found In Function:   main at 00101b98  
2025-09-08 14:11:54 INFO  (GhidraScript) ncnn_analyzer.py>   Instruction Address: 00102410  
2025-09-08 14:11:54 INFO  (GhidraScript) ncnn_analyzer.py>     PCode Op:             ---  CBRANCH (ram, 0x10241c, 1) , (register, 0x108, 1)  
2025-09-08 14:11:54 INFO  (GhidraScript) ncnn_analyzer.py>     Usage Type:          BRANCH_CONDITION_TAINTED  
2025-09-08 14:11:54 INFO  (GhidraScript) ncnn_analyzer.py>     Tainted Component:   UNNAMED(tmpZR)  
2025-09-08 14:11:54 INFO  (GhidraScript) ncnn_analyzer.py>     Details:             Tainted condition for branch.  
2025-09-08 14:11:54 INFO  (GhidraScript) ncnn_analyzer.py> ----------------------------------------  
2025-09-08 14:11:54 INFO  (GhidraScript) ncnn_analyzer.py> Usage #15:  
2025-09-08 14:11:54 INFO  (GhidraScript) ncnn_analyzer.py>   Originating Lib Call: extract  
2025-09-08 14:11:54 INFO  (GhidraScript) ncnn_analyzer.py>   Found In Function:   main at 00101b98  
2025-09-08 14:11:54 INFO  (GhidraScript) ncnn_analyzer.py>   Instruction Address: 00102494  
2025-09-08 14:11:54 INFO  (GhidraScript) ncnn_analyzer.py>     PCode Op:             ---  CBRANCH (ram, 0x1024bc, 1) , (register, 0x108, 1)  
2025-09-08 14:11:54 INFO  (GhidraScript) ncnn_analyzer.py>     Usage Type:          BRANCH_CONDITION_TAINTED  
2025-09-08 14:11:54 INFO  (GhidraScript) ncnn_analyzer.py>     Tainted Component:   UNNAMED(tmpZR)  
2025-09-08 14:11:54 INFO  (GhidraScript) ncnn_analyzer.py>     Details:             Tainted condition for branch.  
2025-09-08 14:11:54 INFO  (GhidraScript) ncnn_analyzer.py> ----------------------------------------  
2025-09-08 14:11:54 INFO  (GhidraScript) ncnn_analyzer.py> Usage #16:  
2025-09-08 14:11:54 INFO  (GhidraScript) ncnn_analyzer.py>   Originating Lib Call: extract  
2025-09-08 14:11:54 INFO  (GhidraScript) ncnn_analyzer.py>   Found In Function:   main at 00101b98  
2025-09-08 14:11:54 INFO  (GhidraScript) ncnn_analyzer.py>   Instruction Address: 001024b0  
2025-09-08 14:11:54 INFO  (GhidraScript) ncnn_analyzer.py>     PCode Op:             ---  CBRANCH (ram, 0x1024bc, 1) , (register, 0x108, 1)  
2025-09-08 14:11:54 INFO  (GhidraScript) ncnn_analyzer.py>     Usage Type:          BRANCH_CONDITION_TAINTED  
2025-09-08 14:11:54 INFO  (GhidraScript) ncnn_analyzer.py>     Tainted Component:   UNNAMED(tmpZR)  
2025-09-08 14:11:54 INFO  (GhidraScript) ncnn_analyzer.py>     Details:             Tainted condition for branch.  
2025-09-08 14:11:54 INFO  (GhidraScript) ncnn_analyzer.py> ----------------------------------------  
2025-09-08 14:11:54 INFO  (GhidraScript) ncnn_analyzer.py> Usage #17:  
2025-09-08 14:11:54 INFO  (GhidraScript) ncnn_analyzer.py>   Originating Lib Call: extract  
2025-09-08 14:11:54 INFO  (GhidraScript) ncnn_analyzer.py>   Found In Function:   main at 00101b98  
2025-09-08 14:11:54 INFO  (GhidraScript) ncnn_analyzer.py>   Instruction Address: 001024c8  
2025-09-08 14:11:54 INFO  (GhidraScript) ncnn_analyzer.py>     PCode Op:             ---  CBRANCH (ram, 0x102534, 1) , (unique, 0x100008ef, 1)  
2025-09-08 14:11:54 INFO  (GhidraScript) ncnn_analyzer.py>     Usage Type:          BRANCH_CONDITION_TAINTED  
2025-09-08 14:11:54 INFO  (GhidraScript) ncnn_analyzer.py>     Tainted Component:   bVar2(UniquePcode[0x100008d7])  
2025-09-08 14:11:54 INFO  (GhidraScript) ncnn_analyzer.py>     Details:             Tainted condition for branch.  
2025-09-08 14:11:54 INFO  (GhidraScript) ncnn_analyzer.py> ----------------------------------------  
2025-09-08 14:11:54 INFO  (GhidraScript) ncnn_analyzer.py> Usage #18:  
2025-09-08 14:11:54 INFO  (GhidraScript) ncnn_analyzer.py>   Originating Lib Call: extract  
2025-09-08 14:11:54 INFO  (GhidraScript) ncnn_analyzer.py>   Found In Function:   main at 00101b98  
2025-09-08 14:11:54 INFO  (GhidraScript) ncnn_analyzer.py>   Instruction Address: 001024d8  
2025-09-08 14:11:54 INFO  (GhidraScript) ncnn_analyzer.py>     PCode Op:             ---  CBRANCH (ram, 0x102510, 1) , (register, 0x108, 1)  
2025-09-08 14:11:54 INFO  (GhidraScript) ncnn_analyzer.py>     Usage Type:          BRANCH_CONDITION_TAINTED  
2025-09-08 14:11:54 INFO  (GhidraScript) ncnn_analyzer.py>     Tainted Component:   UNNAMED(tmpZR)  
2025-09-08 14:11:54 INFO  (GhidraScript) ncnn_analyzer.py>     Details:             Tainted condition for branch.  
2025-09-08 14:11:54 INFO  (GhidraScript) ncnn_analyzer.py> ----------------------------------------  
2025-09-08 14:11:54 INFO  (GhidraScript) ncnn_analyzer.py> Usage #19:  
2025-09-08 14:11:54 INFO  (GhidraScript) ncnn_analyzer.py>   Originating Lib Call: extract  
2025-09-08 14:11:54 INFO  (GhidraScript) ncnn_analyzer.py>   Found In Function:   main at 00101b98  
2025-09-08 14:11:54 INFO  (GhidraScript) ncnn_analyzer.py>   Instruction Address: 00102524  
2025-09-08 14:11:54 INFO  (GhidraScript) ncnn_analyzer.py>     PCode Op:             ---  CBRANCH (ram, 0x102530, 1) , (register, 0x108, 1)  
2025-09-08 14:11:54 INFO  (GhidraScript) ncnn_analyzer.py>     Usage Type:          BRANCH_CONDITION_TAINTED  
2025-09-08 14:11:54 INFO  (GhidraScript) ncnn_analyzer.py>     Tainted Component:   UNNAMED(tmpZR)  
2025-09-08 14:11:54 INFO  (GhidraScript) ncnn_analyzer.py>     Details:             Tainted condition for branch.  
2025-09-08 14:11:54 INFO  (GhidraScript) ncnn_analyzer.py> ----------------------------------------  
2025-09-08 14:11:54 INFO  (GhidraScript) ncnn_analyzer.py> Usage #20:  
2025-09-08 14:11:54 INFO  (GhidraScript) ncnn_analyzer.py>   Originating Lib Call: extract  
2025-09-08 14:11:54 INFO  (GhidraScript) ncnn_analyzer.py>   Found In Function:   main at 00101b98  
2025-09-08 14:11:54 INFO  (GhidraScript) ncnn_analyzer.py>   Instruction Address: 001025a8  
2025-09-08 14:11:54 INFO  (GhidraScript) ncnn_analyzer.py>     PCode Op:             ---  CBRANCH (ram, 0x1025d0, 1) , (register, 0x108, 1)  
2025-09-08 14:11:54 INFO  (GhidraScript) ncnn_analyzer.py>     Usage Type:          BRANCH_CONDITION_TAINTED  
2025-09-08 14:11:54 INFO  (GhidraScript) ncnn_analyzer.py>     Tainted Component:   UNNAMED(tmpZR)  
2025-09-08 14:11:54 INFO  (GhidraScript) ncnn_analyzer.py>     Details:             Tainted condition for branch.  
2025-09-08 14:11:54 INFO  (GhidraScript) ncnn_analyzer.py> ----------------------------------------  
2025-09-08 14:11:54 INFO  (GhidraScript) ncnn_analyzer.py> Usage #21:  
2025-09-08 14:11:54 INFO  (GhidraScript) ncnn_analyzer.py>   Originating Lib Call: extract  
2025-09-08 14:11:54 INFO  (GhidraScript) ncnn_analyzer.py>   Found In Function:   main at 00101b98  
2025-09-08 14:11:54 INFO  (GhidraScript) ncnn_analyzer.py>   Instruction Address: 001025c4  
2025-09-08 14:11:54 INFO  (GhidraScript) ncnn_analyzer.py>     PCode Op:             ---  CBRANCH (ram, 0x1025d0, 1) , (register, 0x108, 1)  
2025-09-08 14:11:54 INFO  (GhidraScript) ncnn_analyzer.py>     Usage Type:          BRANCH_CONDITION_TAINTED  
2025-09-08 14:11:54 INFO  (GhidraScript) ncnn_analyzer.py>     Tainted Component:   UNNAMED(tmpZR)  
2025-09-08 14:11:54 INFO  (GhidraScript) ncnn_analyzer.py>     Details:             Tainted condition for branch.  
2025-09-08 14:11:54 INFO  (GhidraScript) ncnn_analyzer.py> ----------------------------------------  
2025-09-08 14:11:54 INFO  (GhidraScript) ncnn_analyzer.py> Usage #22:  
2025-09-08 14:11:54 INFO  (GhidraScript) ncnn_analyzer.py>   Originating Lib Call: extract  
2025-09-08 14:11:54 INFO  (GhidraScript) ncnn_analyzer.py>   Found In Function:   main at 00101b98  
2025-09-08 14:11:54 INFO  (GhidraScript) ncnn_analyzer.py>   Instruction Address: 001025dc  
2025-09-08 14:11:54 INFO  (GhidraScript) ncnn_analyzer.py>     PCode Op:             ---  CBRANCH (ram, 0x102648, 1) , (unique, 0x100008f5, 1)  
2025-09-08 14:11:54 INFO  (GhidraScript) ncnn_analyzer.py>     Usage Type:          BRANCH_CONDITION_TAINTED  
2025-09-08 14:11:54 INFO  (GhidraScript) ncnn_analyzer.py>     Tainted Component:   bVar2(UniquePcode[0x100008d7])  
2025-09-08 14:11:54 INFO  (GhidraScript) ncnn_analyzer.py>     Details:             Tainted condition for branch.  
2025-09-08 14:11:54 INFO  (GhidraScript) ncnn_analyzer.py> ----------------------------------------  
2025-09-08 14:11:54 INFO  (GhidraScript) ncnn_analyzer.py> Usage #23:  
2025-09-08 14:11:54 INFO  (GhidraScript) ncnn_analyzer.py>   Originating Lib Call: extract  
2025-09-08 14:11:54 INFO  (GhidraScript) ncnn_analyzer.py>   Found In Function:   main at 00101b98  
2025-09-08 14:11:54 INFO  (GhidraScript) ncnn_analyzer.py>   Instruction Address: 001025ec  
2025-09-08 14:11:54 INFO  (GhidraScript) ncnn_analyzer.py>     PCode Op:             ---  CBRANCH (ram, 0x102624, 1) , (register, 0x108, 1)  
2025-09-08 14:11:54 INFO  (GhidraScript) ncnn_analyzer.py>     Usage Type:          BRANCH_CONDITION_TAINTED  
2025-09-08 14:11:54 INFO  (GhidraScript) ncnn_analyzer.py>     Tainted Component:   UNNAMED(tmpZR)  
2025-09-08 14:11:54 INFO  (GhidraScript) ncnn_analyzer.py>     Details:             Tainted condition for branch.  
2025-09-08 14:11:54 INFO  (GhidraScript) ncnn_analyzer.py> ----------------------------------------  
2025-09-08 14:11:54 INFO  (GhidraScript) ncnn_analyzer.py> Usage #24:  
2025-09-08 14:11:54 INFO  (GhidraScript) ncnn_analyzer.py>   Originating Lib Call: extract  
2025-09-08 14:11:54 INFO  (GhidraScript) ncnn_analyzer.py>   Found In Function:   main at 00101b98  
2025-09-08 14:11:54 INFO  (GhidraScript) ncnn_analyzer.py>   Instruction Address: 00102638  
2025-09-08 14:11:54 INFO  (GhidraScript) ncnn_analyzer.py>     PCode Op:             ---  CBRANCH (ram, 0x102644, 1) , (register, 0x108, 1)  
2025-09-08 14:11:54 INFO  (GhidraScript) ncnn_analyzer.py>     Usage Type:          BRANCH_CONDITION_TAINTED  
2025-09-08 14:11:54 INFO  (GhidraScript) ncnn_analyzer.py>     Tainted Component:   UNNAMED(tmpZR)  
2025-09-08 14:11:54 INFO  (GhidraScript) ncnn_analyzer.py>     Details:             Tainted condition for branch.  
2025-09-08 14:11:54 INFO  (GhidraScript) ncnn_analyzer.py> ----------------------------------------  
2025-09-08 14:11:54 INFO  (GhidraScript) ncnn_analyzer.py> Usage #25:  
2025-09-08 14:11:54 INFO  (GhidraScript) ncnn_analyzer.py>   Originating Lib Call: extract  
2025-09-08 14:11:54 INFO  (GhidraScript) ncnn_analyzer.py>   Found In Function:   main at 00101b98  
2025-09-08 14:11:54 INFO  (GhidraScript) ncnn_analyzer.py>   Instruction Address: 001026fc  
2025-09-08 14:11:54 INFO  (GhidraScript) ncnn_analyzer.py>     PCode Op:             ---  CBRANCH (ram, 0x102bc8, 1) , (register, 0x108, 1)  
2025-09-08 14:11:54 INFO  (GhidraScript) ncnn_analyzer.py>     Usage Type:          BRANCH_CONDITION_TAINTED  
2025-09-08 14:11:54 INFO  (GhidraScript) ncnn_analyzer.py>     Tainted Component:   UNNAMED(tmpZR)  
2025-09-08 14:11:54 INFO  (GhidraScript) ncnn_analyzer.py>     Details:             Tainted condition for branch.  
2025-09-08 14:11:54 INFO  (GhidraScript) ncnn_analyzer.py> ----------------------------------------  
2025-09-08 14:11:54 ERROR (GhidraScript) ncnn_analyzer.py> WARN: No high-level operand representations found in usage log for branch at 00102184. 'registers' field will be empty.  
2025-09-08 14:11:54 ERROR (GhidraScript) ncnn_analyzer.py> WARN: No high-level operand representations found in usage log for branch at 00102348. 'registers' field will be empty.  
2025-09-08 14:11:54 ERROR (GhidraScript) ncnn_analyzer.py> WARN: No high-level operand representations found in usage log for branch at 001023b4. 'registers' field will be empty.  
2025-09-08 14:11:54 ERROR (GhidraScript) ncnn_analyzer.py> WARN: No high-level operand representations found in usage log for branch at 001024c8. 'registers' field will be empty.  
2025-09-08 14:11:54 ERROR (GhidraScript) ncnn_analyzer.py> WARN: No high-level operand representations found in usage log for branch at 001025dc. 'registers' field will be empty.  
2025-09-08 14:11:54 INFO  (GhidraScript) ncnn_analyzer.py> SUCCESS: Hook configuration saved to: /Users/chenkexin/Desktop/kk/test_taint/results/fsanet_headpose_ncnn_gcc_O0_hook_config.json  
2025-09-08 14:11:54 INFO  (GhidraScript) ncnn_analyzer.py> NCNN Taint Analyzer finished.  
2025-09-08 14:11:54 INFO  (HeadlessAnalyzer) ANALYZING changes made by post scripts: file:///Users/chenkexin/Desktop/kk/test_taint/assets/merged_bin/fsanet_headpose_ncnn_gcc_O0  
2025-09-08 14:11:54 INFO  (HeadlessAnalyzer) REPORT: Post-analysis succeeded for file: file:///Users/chenkexin/Desktop/kk/test_taint/assets/merged_bin/fsanet_headpose_ncnn_gcc_O0  
2025-09-08 14:11:54 INFO  (HeadlessAnalyzer) REPORT: Save succeeded for: /fsanet_headpose_ncnn_gcc_O0 (all_binaries_analysis:/fsanet_headpose_ncnn_gcc_O0)  
2025-09-08 14:11:54 INFO  (HeadlessAnalyzer) REPORT: Import succeeded  
2025-09-08 14:11:54 DEBUG (DefaultProjectData) Closing ProjectData: /Users/chenkexin/Desktop/kk/test_taint/ghidra_projects/all_binaries_analysis.rep  
2025-09-08 14:11:54 DEBUG (DefaultProjectData) Disposing ProjectData: /Users/chenkexin/Desktop/kk/test_taint/ghidra_projects/all_binaries_analysis.rep  
