2025-09-08 14:12:50 INFO  (LoggingInitialization) Using log config file: jar:file:/Applications/ghidra_11.0.3_PUBLIC/Ghidra/Framework/Generic/lib/Generic.jar!/generic.log4j.xml  
2025-09-08 14:12:50 INFO  (LoggingInitialization) Using log file: /Users/chenkexin/Desktop/kk/test_taint/logs/fsanet_headpose_tflite_clang_O0_headless_analysis.log  
2025-09-08 14:12:50 INFO  (Preferences) Loading user preferences: /Users/chenkexin/.ghidra/.ghidra_11.0.3_PUBLIC/preferences  
2025-09-08 14:12:50 INFO  (Preferences) Loading previous preferences: /Users/chenkexin/.ghidra/.ghidra_10.4_PUBLIC/preferences  
2025-09-08 14:12:50 INFO  (ClassSearcher) Searching for classes...  
2025-09-08 14:12:51 INFO  (ClassSearcher) Class search complete (1611 ms)  
2025-09-08 14:12:51 INFO  (SSLContextInitializer) Initializing SSL Context  
2025-09-08 14:12:52 INFO  (SecureRandomFactory) Initializing Random Number Generator...  
2025-09-08 14:12:52 INFO  (SecureRandomFactory) Random Number Generator initialization complete: NativePRNGNonBlocking  
2025-09-08 14:12:52 INFO  (ApplicationTrustManagerFactory) Trust manager disabled, cacerts have not been set  
2025-09-08 14:12:52 INFO  (HeadlessAnalyzer) HEADLESS Script Paths:
    /Applications/ghidra_11.0.3_PUBLIC/Ghidra/Processors/8051/ghidra_scripts
    /Applications/ghidra_11.0.3_PUBLIC/Ghidra/Features/FileFormats/ghidra_scripts
    /Applications/ghidra_11.0.3_PUBLIC/Ghidra/Features/Base/ghidra_scripts
    /Applications/ghidra_11.0.3_PUBLIC/Ghidra/Features/Python/ghidra_scripts
    /Applications/ghidra_11.0.3_PUBLIC/Ghidra/Features/GnuDemangler/ghidra_scripts
    /Applications/ghidra_11.0.3_PUBLIC/Ghidra/Features/SystemEmulation/ghidra_scripts
    /Applications/ghidra_11.0.3_PUBLIC/Ghidra/Features/MicrosoftCodeAnalyzer/ghidra_scripts
    /Applications/ghidra_11.0.3_PUBLIC/Ghidra/Features/BytePatterns/ghidra_scripts
    /Applications/ghidra_11.0.3_PUBLIC/Ghidra/Features/Decompiler/ghidra_scripts
    /Applications/ghidra_11.0.3_PUBLIC/Ghidra/Processors/Atmel/ghidra_scripts
    /Applications/ghidra_11.0.3_PUBLIC/Ghidra/Debug/Debugger-agent-frida/ghidra_scripts
    /Applications/ghidra_11.0.3_PUBLIC/Ghidra/Features/FunctionID/ghidra_scripts
    /Applications/ghidra_11.0.3_PUBLIC/Ghidra/Processors/JVM/ghidra_scripts
    /Applications/ghidra_11.0.3_PUBLIC/Ghidra/Processors/PIC/ghidra_scripts
    /Applications/ghidra_11.0.3_PUBLIC/Ghidra/Features/BSim/ghidra_scripts
    /Applications/ghidra_11.0.3_PUBLIC/Ghidra/Features/PDB/ghidra_scripts
    /Applications/ghidra_11.0.3_PUBLIC/Ghidra/Processors/DATA/ghidra_scripts
    /Users/chenkexin/ghidra_scripts
    /Users/chenkexin/Desktop/kk/test_taint
    /Applications/ghidra_11.0.3_PUBLIC/Ghidra/Debug/Debugger-agent-dbgmodel-traceloader/ghidra_scripts
    /Applications/ghidra_11.0.3_PUBLIC/Ghidra/Debug/Debugger-rmi-trace/ghidra_scripts
    /Applications/ghidra_11.0.3_PUBLIC/Ghidra/Features/VersionTracking/ghidra_scripts
    /Applications/ghidra_11.0.3_PUBLIC/Ghidra/Debug/Debugger/ghidra_scripts  
2025-09-08 14:12:52 INFO  (HeadlessAnalyzer) HEADLESS: execution starts  
2025-09-08 14:12:52 INFO  (HeadlessAnalyzer) Opening existing project: /Users/chenkexin/Desktop/kk/test_taint/ghidra_projects/all_binaries_analysis  
2025-09-08 14:12:53 INFO  (HeadlessProject) Opening project: /Users/chenkexin/Desktop/kk/test_taint/ghidra_projects/all_binaries_analysis  
2025-09-08 14:12:53 INFO  (HeadlessAnalyzer) REPORT: Processing input files:   
2025-09-08 14:12:53 INFO  (HeadlessAnalyzer)      project: /Users/chenkexin/Desktop/kk/test_taint/ghidra_projects/all_binaries_analysis  
2025-09-08 14:12:53 INFO  (HeadlessAnalyzer) IMPORTING: file:///Users/chenkexin/Desktop/kk/test_taint/assets/merged_bin/fsanet_headpose_tflite_clang_O0  
2025-09-08 14:12:55 INFO  (AutoImporter) Using Loader: Executable and Linking Format (ELF)  
2025-09-08 14:12:55 INFO  (AutoImporter) Using Language/Compiler: AARCH64:LE:64:v8A:default  
2025-09-08 14:12:55 DEBUG (ElfHeader) Elf symbol table section .dynsym linked to string table section .dynstr  
2025-09-08 14:12:55 DEBUG (ElfHeader) Elf symbol table section .symtab linked to string table section .strtab  
2025-09-08 14:12:55 DEBUG (ElfHeader) Elf relocation table section .rela.dyn linked to symbol table section .dynsym affecting PT_LOAD  
2025-09-08 14:12:55 DEBUG (ElfHeader) Elf relocation table section .rela.plt linked to symbol table section .dynsym affecting .got.plt  
2025-09-08 14:12:56 DEBUG (ElfProgramBuilder) Discarding 1-byte alignment/filler segment_2.3 at 00100253  
2025-09-08 14:12:56 DEBUG (ElfProgramBuilder) Discarding 2-byte alignment/filler segment_2.10 at 001013be  
2025-09-08 14:12:56 DEBUG (ElfProgramBuilder) Discarding 1-byte alignment/filler segment_2.19 at 00104daf  
2025-09-08 14:12:56 DEBUG (ElfProgramBuilder) Discarding 4-byte alignment/filler segment_2.21 at 001053b4  
2025-09-08 14:12:57 INFO  (HeadlessAnalyzer) IMPORTING: Loaded 0 additional files  
2025-09-08 14:12:57 INFO  (HeadlessAnalyzer) ANALYZING all memory and code: file:///Users/chenkexin/Desktop/kk/test_taint/assets/merged_bin/fsanet_headpose_tflite_clang_O0  
2025-09-08 14:12:58 ERROR (DWARFAnalyzer) Error during DWARFAnalyzer import:  ghidra.app.util.bin.format.dwarf4.DWARFException: Only DWARF version 2, 3, or 4 information is currently supported (detected 5).
	at ghidra.app.util.bin.format.dwarf4.DWARFCompilationUnit.readCompilationUnit(DWARFCompilationUnit.java:155)
	at ghidra.app.util.bin.format.dwarf4.next.DWARFProgram.bootstrapCompilationUnits(DWARFProgram.java:629)
	at ghidra.app.util.bin.format.dwarf4.next.DWARFProgram.<init>(DWARFProgram.java:262)
	at ghidra.app.plugin.core.analysis.DWARFAnalyzer.added(DWARFAnalyzer.java:109)
	at ghidra.app.plugin.core.analysis.AnalysisScheduler.runAnalyzer(AnalysisScheduler.java:186)
	at ghidra.app.plugin.core.analysis.AnalysisTask.applyTo(AnalysisTask.java:39)
	at ghidra.app.plugin.core.analysis.AutoAnalysisManager$AnalysisTaskWrapper.run(AutoAnalysisManager.java:686)
	at ghidra.app.plugin.core.analysis.AutoAnalysisManager.startAnalysis(AutoAnalysisManager.java:786)
	at ghidra.app.plugin.core.analysis.AutoAnalysisManager.startAnalysis(AutoAnalysisManager.java:665)
	at ghidra.app.plugin.core.analysis.AutoAnalysisManager.startAnalysis(AutoAnalysisManager.java:630)
	at ghidra.app.util.headless.HeadlessAnalyzer.analyzeProgram(HeadlessAnalyzer.java:1029)
	at ghidra.app.util.headless.HeadlessAnalyzer.processFileWithImport(HeadlessAnalyzer.java:1552)
	at ghidra.app.util.headless.HeadlessAnalyzer.processWithLoader(HeadlessAnalyzer.java:1734)
	at ghidra.app.util.headless.HeadlessAnalyzer.processWithImport(HeadlessAnalyzer.java:1675)
	at ghidra.app.util.headless.HeadlessAnalyzer.processWithImport(HeadlessAnalyzer.java:1759)
	at ghidra.app.util.headless.HeadlessAnalyzer.processLocal(HeadlessAnalyzer.java:460)
	at ghidra.app.util.headless.AnalyzeHeadless.launch(AnalyzeHeadless.java:127)
	at ghidra.GhidraLauncher.launch(GhidraLauncher.java:78)
	at ghidra.Ghidra.main(Ghidra.java:54)
 
2025-09-08 14:13:01 INFO  (PackedDatabaseCache) Packed database cache: /var/folders/kn/fw_2jn054bq5f73czrm_91nc0000gn/T/chenkexin-Ghidra/packed-db-cache  
2025-09-08 14:13:01 DEBUG (PackedDatabaseCache) Using cached packed database: /Applications/ghidra_11.0.3_PUBLIC/Ghidra/Features/Base/data/typeinfo/generic/generic_clib_64.gdt  
2025-09-08 14:13:02 INFO  (ApplyDataArchiveAnalyzer) Applied data type archive: generic_clib_64  
2025-09-08 14:13:02 WARN  (DemangledAddressTable) Unable to fully apply external demangled Address Table at 00121080: tflite::MutableOpResolver::vtable  
2025-09-08 14:13:04 INFO  (AutoAnalysisManager) -----------------------------------------------------
    AARCH64 ELF PLT Thunks                     0.253 secs
    ASCII Strings                              0.264 secs
    Apply Data Archives                        1.279 secs
    Basic Constant Reference Analyzer          0.830 secs
    Call Convention ID                         0.610 secs
    Call-Fixup Installer                       0.025 secs
    Create Address Tables                      0.036 secs
    Create Function                            0.000 secs
    DWARF                                      0.063 secs
    Data Reference                             0.022 secs
    Decompiler Switch Analysis                 0.235 secs
    Demangler GNU                              0.520 secs
    Disassemble Entry Points                   0.181 secs
    Embedded Media                             0.013 secs
    External Entry References                  0.002 secs
    Function Start Search                      0.088 secs
    Function Start Search After Code           0.032 secs
    Function Start Search After Data           0.006 secs
    Function Start Search delayed - One Time   0.005 secs
    GCC Exception Handlers                     1.419 secs
    Non-Returning Functions - Discovered       0.036 secs
    Non-Returning Functions - Known            0.020 secs
    Reference                                  0.097 secs
    Shared Return Calls                        0.037 secs
    Stack                                      0.684 secs
    Subroutine References                      0.034 secs
-----------------------------------------------------
     Total Time   6 secs
-----------------------------------------------------
  
2025-09-08 14:13:04 INFO  (HeadlessAnalyzer) REPORT: Analysis succeeded for file: file:///Users/chenkexin/Desktop/kk/test_taint/assets/merged_bin/fsanet_headpose_tflite_clang_O0  
2025-09-08 14:13:04 INFO  (HeadlessAnalyzer) SCRIPT: /Users/chenkexin/Desktop/kk/test_taint/tflite_analyzer.py  
2025-09-08 14:13:09 INFO  (GhidraScript) tflite_analyzer.py> INFO: Searching for functions, thunks, and call sites related to keywords: ['operator']  
2025-09-08 14:13:09 INFO  (GhidraScript) tflite_analyzer.py> INFO: Found function 'operator<<'. Searching for its thunks.  
2025-09-08 14:13:09 INFO  (GhidraScript) tflite_analyzer.py> INFO: Found thunk 'operator<<' at 00101c40 for function.  
2025-09-08 14:13:09 INFO  (GhidraScript) tflite_analyzer.py> INFO: Found thunk 'operator<<' at 00121158 for function.  
2025-09-08 14:13:09 INFO  (GhidraScript) tflite_analyzer.py> INFO: Found function 'operator.delete'. Searching for its thunks.  
2025-09-08 14:13:09 INFO  (GhidraScript) tflite_analyzer.py> INFO: Found thunk 'operator.delete' at 00101a60 for function.  
2025-09-08 14:13:09 INFO  (GhidraScript) tflite_analyzer.py> INFO: Found thunk 'operator.delete' at 00121038 for function.  
2025-09-08 14:13:09 INFO  (GhidraScript) tflite_analyzer.py> INFO: Found function 'operator<<'. Searching for its thunks.  
2025-09-08 14:13:09 INFO  (GhidraScript) tflite_analyzer.py> INFO: Found thunk 'operator<<' at 00101ac0 for function.  
2025-09-08 14:13:09 INFO  (GhidraScript) tflite_analyzer.py> INFO: Found thunk 'operator<<' at 00121078 for function.  
2025-09-08 14:13:09 INFO  (GhidraScript) tflite_analyzer.py> INFO: Found function 'operator<<'. Searching for its thunks.  
2025-09-08 14:13:09 INFO  (GhidraScript) tflite_analyzer.py> INFO: Found thunk 'operator<<' at 00101b70 for function.  
2025-09-08 14:13:09 INFO  (GhidraScript) tflite_analyzer.py> INFO: Found thunk 'operator<<' at 001210d8 for function.  
2025-09-08 14:13:09 INFO  (GhidraScript) tflite_analyzer.py> INFO: Found function 'operator()'. Searching for its thunks.  
2025-09-08 14:13:09 INFO  (GhidraScript) tflite_analyzer.py> INFO: Found thunk 'operator()' at 00101ad0 for function.  
2025-09-08 14:13:09 INFO  (GhidraScript) tflite_analyzer.py> INFO: Found thunk 'operator()' at 00121088 for function.  
2025-09-08 14:13:09 INFO  (GhidraScript) tflite_analyzer.py> INFO: Found 24 unique call sites. Analyzing each...  
2025-09-08 14:13:09 INFO  (GhidraScript) tflite_analyzer.py> 
--- Starting Stage 1 Taint Analysis from '['operator']' call sites ---  
2025-09-08 14:13:09 INFO  (GhidraScript) tflite_analyzer.py> 
--- Analyzing Call Site #1055340 at 00101a6c ---  
2025-09-08 14:13:09 INFO  (GhidraScript) tflite_analyzer.py> DEBUG: Parent (caller): operator.delete at 00101a60  
2025-09-08 14:13:09 INFO  (GhidraScript) tflite_analyzer.py> INFO: Call at 00101a6c has no output varnode. Nothing to taint. Skipping.  
2025-09-08 14:13:09 INFO  (GhidraScript) tflite_analyzer.py> 
--- Analyzing Call Site #1055436 at 00101acc ---  
2025-09-08 14:13:09 INFO  (GhidraScript) tflite_analyzer.py> DEBUG: Parent (caller): operator<< at 00101ac0  
2025-09-08 14:13:09 INFO  (GhidraScript) tflite_analyzer.py> 
--- Initiating Taint Analysis for: operator<< (call at 00101acc) ---  
2025-09-08 14:13:09 INFO  (GhidraScript) tflite_analyzer.py> DEBUG: Taint source is the return value of the call: pbVar1(x0)  
2025-09-08 14:13:09 INFO  (GhidraScript) tflite_analyzer.py> \n>>> Analyzing function: operator<< (Depth: 0) at 00101ac0 (Originating from: ['operator']) with initial taints: pbVar1(x0)  
2025-09-08 14:13:09 INFO  (GhidraScript) tflite_analyzer.py>   - [STACK_SEARCH.0] Analyzing varnode: (register, 0x4000, 8)  
2025-09-08 14:13:09 INFO  (GhidraScript) tflite_analyzer.py>   - [STACK_SEARCH.0] Details: isAddress=0, addr=register:00004000, isStackAddress=0  
2025-09-08 14:13:09 INFO  (GhidraScript) tflite_analyzer.py>   - [STACK_SEARCH.0] Def P-Code Op: (register, 0x4000, 8) CALL (ram, 0x121078, 8) , (register, 0x4000, 8) , (register, 0x4008, 8)  
2025-09-08 14:13:09 INFO  (GhidraScript) tflite_analyzer.py>   - [STACK_SEARCH.0] Mnemonic 'CALL' is not a handled case. Aborting path.  
2025-09-08 14:13:09 INFO  (GhidraScript) tflite_analyzer.py> \nDEBUG: Reached specified start PcodeOp (register, 0x4000, 8) CALL (ram, 0x121078, 8) , (register, 0x4000, 8) , (register, 0x4008, 8) at 00101acc in operator<<, subsequent ops will be processed.  
2025-09-08 14:13:09 WARN  (DecompileCallback) Decompiling 00121078, pcode error at 00121078: Unable to disassemble EXTERNAL block location: 00121078  
2025-09-08 14:13:09 INFO  (GhidraScript) tflite_analyzer.py> DEBUG: [operator<< @ 00101acc] Analyzing potential tainted RETURN with value: pbVar1(x0) (Tainted: 1)  
2025-09-08 14:13:09 INFO  (GhidraScript) tflite_analyzer.py> 
==================== TAINTED RETURN DETECTED ====================  
2025-09-08 14:13:09 INFO  (GhidraScript) tflite_analyzer.py>   - Taint Origin:    ['operator']  
2025-09-08 14:13:09 INFO  (GhidraScript) tflite_analyzer.py>   - Function:        basic_ostream * operator<<(basic_ostream * param_1, basic_string * param_2) (Depth: 0)  
2025-09-08 14:13:09 INFO  (GhidraScript) tflite_analyzer.py>   - Return Address:  00101acc  
2025-09-08 14:13:09 INFO  (GhidraScript) tflite_analyzer.py>   - Instruction:     br x17  
2025-09-08 14:13:09 INFO  (GhidraScript) tflite_analyzer.py>   - Tainted Value:   pbVar1(x0)  
2025-09-08 14:13:09 INFO  (GhidraScript) tflite_analyzer.py>   - Value defined by:  (register, 0x4000, 8) CALL (ram, 0x121078, 8) , (register, 0x4000, 8) , (register, 0x4008, 8) at 00101acc  
2025-09-08 14:13:09 INFO  (GhidraScript) tflite_analyzer.py> ================================================================
  
2025-09-08 14:13:09 INFO  (GhidraScript) tflite_analyzer.py> INFO: [MULTI-STAGE] Tainted return from 'operator<<'. Finding call sites to continue analysis.  
2025-09-08 14:13:09 INFO  (GhidraScript) tflite_analyzer.py> INFO: [MULTI-STAGE] Queued new task to analyze caller 'main' starting from tainted return.  
2025-09-08 14:13:09 INFO  (GhidraScript) tflite_analyzer.py> <<< Finished analyzing function: operator<<.  
2025-09-08 14:13:09 INFO  (GhidraScript) tflite_analyzer.py> 
--- Analyzing Call Site #1055452 at 00101adc ---  
2025-09-08 14:13:09 INFO  (GhidraScript) tflite_analyzer.py> DEBUG: Parent (caller): operator() at 00101ad0  
2025-09-08 14:13:09 INFO  (GhidraScript) tflite_analyzer.py> INFO: Call at 00101adc has no output varnode. Nothing to taint. Skipping.  
2025-09-08 14:13:09 INFO  (GhidraScript) tflite_analyzer.py> 
--- Analyzing Call Site #1055612 at 00101b7c ---  
2025-09-08 14:13:09 INFO  (GhidraScript) tflite_analyzer.py> DEBUG: Parent (caller): operator<< at 00101b70  
2025-09-08 14:13:09 INFO  (GhidraScript) tflite_analyzer.py> INFO: Call at 00101b7c has no output varnode. Nothing to taint. Skipping.  
2025-09-08 14:13:09 INFO  (GhidraScript) tflite_analyzer.py> 
--- Analyzing Call Site #1055820 at 00101c4c ---  
2025-09-08 14:13:09 INFO  (GhidraScript) tflite_analyzer.py> DEBUG: Parent (caller): operator<< at 00101c40  
2025-09-08 14:13:09 INFO  (GhidraScript) tflite_analyzer.py> 
--- Initiating Taint Analysis for: operator<< (call at 00101c4c) ---  
2025-09-08 14:13:09 INFO  (GhidraScript) tflite_analyzer.py> DEBUG: Taint source is the return value of the call: pbVar1(x0)  
2025-09-08 14:13:09 INFO  (GhidraScript) tflite_analyzer.py> \n>>> Analyzing function: operator<< (Depth: 0) at 00101c40 (Originating from: ['operator']) with initial taints: pbVar1(x0)  
2025-09-08 14:13:09 INFO  (GhidraScript) tflite_analyzer.py>   - [STACK_SEARCH.0] Analyzing varnode: (register, 0x4000, 8)  
2025-09-08 14:13:09 INFO  (GhidraScript) tflite_analyzer.py>   - [STACK_SEARCH.0] Details: isAddress=0, addr=register:00004000, isStackAddress=0  
2025-09-08 14:13:09 INFO  (GhidraScript) tflite_analyzer.py>   - [STACK_SEARCH.0] Def P-Code Op: (register, 0x4000, 8) CALL (ram, 0x121158, 8) , (register, 0x4000, 8) , (register, 0x4008, 8)  
2025-09-08 14:13:09 INFO  (GhidraScript) tflite_analyzer.py>   - [STACK_SEARCH.0] Mnemonic 'CALL' is not a handled case. Aborting path.  
2025-09-08 14:13:09 INFO  (GhidraScript) tflite_analyzer.py> \nDEBUG: Reached specified start PcodeOp (register, 0x4000, 8) CALL (ram, 0x121158, 8) , (register, 0x4000, 8) , (register, 0x4008, 8) at 00101c4c in operator<<, subsequent ops will be processed.  
2025-09-08 14:13:09 WARN  (DecompileCallback) Decompiling 00121158, pcode error at 00121158: Unable to disassemble EXTERNAL block location: 00121158  
2025-09-08 14:13:09 INFO  (GhidraScript) tflite_analyzer.py> DEBUG: [operator<< @ 00101c4c] Analyzing potential tainted RETURN with value: pbVar1(x0) (Tainted: 1)  
2025-09-08 14:13:09 INFO  (GhidraScript) tflite_analyzer.py> 
==================== TAINTED RETURN DETECTED ====================  
2025-09-08 14:13:09 INFO  (GhidraScript) tflite_analyzer.py>   - Taint Origin:    ['operator']  
2025-09-08 14:13:09 INFO  (GhidraScript) tflite_analyzer.py>   - Function:        basic_ostream * operator<<(basic_ostream * param_1, char * param_2) (Depth: 0)  
2025-09-08 14:13:09 INFO  (GhidraScript) tflite_analyzer.py>   - Return Address:  00101c4c  
2025-09-08 14:13:09 INFO  (GhidraScript) tflite_analyzer.py>   - Instruction:     br x17  
2025-09-08 14:13:09 INFO  (GhidraScript) tflite_analyzer.py>   - Tainted Value:   pbVar1(x0)  
2025-09-08 14:13:09 INFO  (GhidraScript) tflite_analyzer.py>   - Value defined by:  (register, 0x4000, 8) CALL (ram, 0x121158, 8) , (register, 0x4000, 8) , (register, 0x4008, 8) at 00101c4c  
2025-09-08 14:13:09 INFO  (GhidraScript) tflite_analyzer.py> ================================================================
  
2025-09-08 14:13:09 INFO  (GhidraScript) tflite_analyzer.py> INFO: [MULTI-STAGE] Tainted return from 'operator<<'. Finding call sites to continue analysis.  
2025-09-08 14:13:10 INFO  (GhidraScript) tflite_analyzer.py> INFO: [MULTI-STAGE] Queued new task to analyze caller 'main' starting from tainted return.  
2025-09-08 14:13:10 INFO  (GhidraScript) tflite_analyzer.py> INFO: [MULTI-STAGE] Queued new task to analyze caller 'main' starting from tainted return.  
2025-09-08 14:13:10 INFO  (GhidraScript) tflite_analyzer.py> INFO: [MULTI-STAGE] Queued new task to analyze caller 'main' starting from tainted return.  
2025-09-08 14:13:10 INFO  (GhidraScript) tflite_analyzer.py> INFO: [MULTI-STAGE] Queued new task to analyze caller 'main' starting from tainted return.  
2025-09-08 14:13:10 INFO  (GhidraScript) tflite_analyzer.py> INFO: [MULTI-STAGE] Queued new task to analyze caller 'main' starting from tainted return.  
2025-09-08 14:13:10 INFO  (GhidraScript) tflite_analyzer.py> <<< Finished analyzing function: operator<<.  
2025-09-08 14:13:10 INFO  (GhidraScript) tflite_analyzer.py> 
--- Analyzing Call Site #1056276 at 00101e14 ---  
2025-09-08 14:13:10 INFO  (GhidraScript) tflite_analyzer.py> DEBUG: Parent (caller): main at 00101dd8  
2025-09-08 14:13:11 INFO  (GhidraScript) tflite_analyzer.py> 
--- Initiating Taint Analysis for: main (call at 00101e14) ---  
2025-09-08 14:13:11 INFO  (GhidraScript) tflite_analyzer.py> DEBUG: Taint source is the return value of the call: pbVar5(x0)  
2025-09-08 14:13:11 INFO  (GhidraScript) tflite_analyzer.py> \n>>> Analyzing function: main (Depth: 0) at 00101dd8 (Originating from: ['operator']) with initial taints: pbVar5(x0)  
2025-09-08 14:13:11 INFO  (GhidraScript) tflite_analyzer.py>   - [STACK_SEARCH.0] Analyzing varnode: (register, 0x4000, 8)  
2025-09-08 14:13:11 INFO  (GhidraScript) tflite_analyzer.py>   - [STACK_SEARCH.0] Details: isAddress=0, addr=register:00004000, isStackAddress=0  
2025-09-08 14:13:11 INFO  (GhidraScript) tflite_analyzer.py>   - [STACK_SEARCH.0] Def P-Code Op: (register, 0x4000, 8) CALL (ram, 0x101c40, 8) , (unique, 0x10000ba1, 8) , (unique, 0x10000875, 8)  
2025-09-08 14:13:11 INFO  (GhidraScript) tflite_analyzer.py>   - [STACK_SEARCH.0] Mnemonic 'CALL' is not a handled case. Aborting path.  
2025-09-08 14:13:11 INFO  (GhidraScript) tflite_analyzer.py> \nDEBUG: Reached specified start PcodeOp (register, 0x4000, 8) CALL (ram, 0x101c40, 8) , (unique, 0x10000ba1, 8) , (unique, 0x10000875, 8) at 00101e14 in main, subsequent ops will be processed.  
2025-09-08 14:13:11 INFO  (GhidraScript) tflite_analyzer.py> DEBUG: [LOAD_HANDLER] Checking LOAD op at 00101e1c. Address varnode: (stack, 0xffffffffffffff70, 8)  
2025-09-08 14:13:11 INFO  (GhidraScript) tflite_analyzer.py> DEBUG: [LOAD_HANDLER] POINTER_RULE FAIL: Address varnode local_90(StackDirect[Stack[-0x90]]) is not tainted (recursive check).  
2025-09-08 14:13:11 INFO  (GhidraScript) tflite_analyzer.py> DEBUG: [LOAD_HANDLER] REGION_RULE FAIL: Address pointer local_90(StackDirect[Stack[-0x90]]) is not in the tainted memory regions set.  
2025-09-08 14:13:11 INFO  (GhidraScript) tflite_analyzer.py> \n>>> Analyzing function: operator<< (Depth: 1) at 00101c40 (Originating from: ['operator']) with initial taints: param_1(x0)  
2025-09-08 14:13:11 INFO  (GhidraScript) tflite_analyzer.py>   - [STACK_SEARCH.0] Analyzing varnode: (register, 0x4000, 8)  
2025-09-08 14:13:11 INFO  (GhidraScript) tflite_analyzer.py>   - [STACK_SEARCH.0] Details: isAddress=0, addr=register:00004000, isStackAddress=0  
2025-09-08 14:13:11 INFO  (GhidraScript) tflite_analyzer.py>   - [STACK_SEARCH.0] No defining p-code op found. Aborting path.  
2025-09-08 14:13:11 INFO  (GhidraScript) tflite_analyzer.py> DEBUG: Starting taint analysis from the beginning of function operator<<.  
2025-09-08 14:13:11 WARN  (DecompileCallback) Decompiling 00121158, pcode error at 00121158: Unable to disassemble EXTERNAL block location: 00121158  
2025-09-08 14:13:11 INFO  (GhidraScript) tflite_analyzer.py> \n>>> Analyzing function: operator<< (Depth: 2) at 00121158 (Originating from: ['operator']) with initial taints: param_1(x0)  
2025-09-08 14:13:11 INFO  (GhidraScript) tflite_analyzer.py>   - [STACK_SEARCH.0] Analyzing varnode: (register, 0x4000, 8)  
2025-09-08 14:13:11 INFO  (GhidraScript) tflite_analyzer.py>   - [STACK_SEARCH.0] Details: isAddress=0, addr=register:00004000, isStackAddress=0  
2025-09-08 14:13:11 INFO  (GhidraScript) tflite_analyzer.py>   - [STACK_SEARCH.0] No defining p-code op found. Aborting path.  
2025-09-08 14:13:11 INFO  (GhidraScript) tflite_analyzer.py> DEBUG: Starting taint analysis from the beginning of function operator<<.  
2025-09-08 14:13:11 INFO  (GhidraScript) tflite_analyzer.py> <<< Finished analyzing function: operator<<.  
2025-09-08 14:13:11 INFO  (GhidraScript) tflite_analyzer.py> DEBUG: [operator<< @ 00101c4c] Analyzing potential tainted RETURN with value: pbVar1(x0) (Tainted: 0)  
2025-09-08 14:13:11 INFO  (GhidraScript) tflite_analyzer.py>     [DEBUG] --- Taint Check Details (RETURN FAILED) ---  
2025-09-08 14:13:11 INFO  (GhidraScript) tflite_analyzer.py>     [DEBUG]   > Return Varnode: (register, 0x4000, 8) (Size: 8, Def: (register, 0x4000, 8) CALL (ram, 0x121158, 8) , (register, 0x4000, 8) , (register, 0x4008, 8) at 00101c4c)  
2025-09-08 14:13:11 INFO  (GhidraScript) tflite_analyzer.py>     [DEBUG]   > Currently Tainted HighVariables in this function:  
2025-09-08 14:13:11 INFO  (GhidraScript) tflite_analyzer.py>     [DEBUG]     1. param_1(x0)  
2025-09-08 14:13:11 INFO  (GhidraScript) tflite_analyzer.py>     [DEBUG] ---------------------------------  
2025-09-08 14:13:11 INFO  (GhidraScript) tflite_analyzer.py> <<< Finished analyzing function: operator<<.  
2025-09-08 14:13:11 INFO  (GhidraScript) tflite_analyzer.py> DEBUG: Already analyzed function operator<< with initial taints ('param_1(x0)',) (origin: ['operator']). Skipping.  
2025-09-08 14:13:11 INFO  (GhidraScript) tflite_analyzer.py> DEBUG: [main @ 00101e38] Taint propagated from pbVar5(x0) to UNNAMED(UniquePcode[0x10000ba9]) via CAST.  
2025-09-08 14:13:11 INFO  (GhidraScript) tflite_analyzer.py> DEBUG: [LOAD_HANDLER] Checking LOAD op at 00101e4c. Address varnode: (unique, 0x6500, 8)  
2025-09-08 14:13:11 INFO  (GhidraScript) tflite_analyzer.py> DEBUG: [LOAD_HANDLER] POINTER_RULE FAIL: Address varnode UNNAMED(UniquePcode[0x6500]) is not tainted (recursive check).  
2025-09-08 14:13:11 INFO  (GhidraScript) tflite_analyzer.py> DEBUG: [LOAD_HANDLER] REGION_RULE FAIL: Address pointer UNNAMED(UniquePcode[0x6500]) is not in the tainted memory regions set.  
2025-09-08 14:13:11 INFO  (GhidraScript) tflite_analyzer.py> DEBUG: [LOAD_HANDLER] Checking LOAD op at 00101e84. Address varnode: (unique, 0x6500, 8)  
2025-09-08 14:13:11 INFO  (GhidraScript) tflite_analyzer.py> DEBUG: [LOAD_HANDLER] POINTER_RULE FAIL: Address varnode UNNAMED(UniquePcode[0x6500]) is not tainted (recursive check).  
2025-09-08 14:13:11 INFO  (GhidraScript) tflite_analyzer.py> DEBUG: [LOAD_HANDLER] REGION_RULE FAIL: Address pointer UNNAMED(UniquePcode[0x6500]) is not in the tainted memory regions set.  
2025-09-08 14:13:11 INFO  (GhidraScript) tflite_analyzer.py> DEBUG: [LOAD_HANDLER] Checking LOAD op at 00101ebc. Address varnode: (unique, 0x6500, 8)  
2025-09-08 14:13:11 INFO  (GhidraScript) tflite_analyzer.py> DEBUG: [LOAD_HANDLER] POINTER_RULE FAIL: Address varnode UNNAMED(UniquePcode[0x6500]) is not tainted (recursive check).  
2025-09-08 14:13:11 INFO  (GhidraScript) tflite_analyzer.py> DEBUG: [LOAD_HANDLER] REGION_RULE FAIL: Address pointer UNNAMED(UniquePcode[0x6500]) is not in the tainted memory regions set.  
2025-09-08 14:13:11 INFO  (GhidraScript) tflite_analyzer.py> INFO: [main @ 00101f50] Taint reached CBRANCH. Operands: [].   
2025-09-08 14:13:11 INFO  (GhidraScript) tflite_analyzer.py> INFO: [main @ 00101f60] Taint reached CBRANCH. Operands: [].   
2025-09-08 14:13:11 INFO  (GhidraScript) tflite_analyzer.py> DEBUG: [main @ 00101f90] Taint propagated from pbVar5(x0) to UNNAMED(UniquePcode[0x10000bf1]) via CAST.  
2025-09-08 14:13:11 INFO  (GhidraScript) tflite_analyzer.py> DEBUG: [CBRANCH] Found defining op for condition: (unique, 0x18a80, 1) INT_EQUAL (unique, 0x18980, 4) , (const, 0x0, 4)  
2025-09-08 14:13:11 INFO  (GhidraScript) tflite_analyzer.py> INFO: [main @ 00102110] Taint reached CBRANCH. Operands: ['UNNAMED(UniquePcode[0x18980])', 'UnnamedHighVar(Constant: 0x0)'].   
2025-09-08 14:13:11 INFO  (GhidraScript) tflite_analyzer.py> \n>>> Analyzing function: operator<< (Depth: 1) at 00101ac0 (Originating from: ['operator']) with initial taints: param_1(x0)  
2025-09-08 14:13:11 INFO  (GhidraScript) tflite_analyzer.py>   - [STACK_SEARCH.0] Analyzing varnode: (register, 0x4000, 8)  
2025-09-08 14:13:11 INFO  (GhidraScript) tflite_analyzer.py>   - [STACK_SEARCH.0] Details: isAddress=0, addr=register:00004000, isStackAddress=0  
2025-09-08 14:13:11 INFO  (GhidraScript) tflite_analyzer.py>   - [STACK_SEARCH.0] No defining p-code op found. Aborting path.  
2025-09-08 14:13:11 INFO  (GhidraScript) tflite_analyzer.py> DEBUG: Starting taint analysis from the beginning of function operator<<.  
2025-09-08 14:13:11 WARN  (DecompileCallback) Decompiling 00121078, pcode error at 00121078: Unable to disassemble EXTERNAL block location: 00121078  
2025-09-08 14:13:11 INFO  (GhidraScript) tflite_analyzer.py> \n>>> Analyzing function: operator<< (Depth: 2) at 00121078 (Originating from: ['operator']) with initial taints: param_1(x0)  
2025-09-08 14:13:11 INFO  (GhidraScript) tflite_analyzer.py>   - [STACK_SEARCH.0] Analyzing varnode: (register, 0x4000, 8)  
2025-09-08 14:13:11 INFO  (GhidraScript) tflite_analyzer.py>   - [STACK_SEARCH.0] Details: isAddress=0, addr=register:00004000, isStackAddress=0  
2025-09-08 14:13:11 INFO  (GhidraScript) tflite_analyzer.py>   - [STACK_SEARCH.0] No defining p-code op found. Aborting path.  
2025-09-08 14:13:11 INFO  (GhidraScript) tflite_analyzer.py> DEBUG: Starting taint analysis from the beginning of function operator<<.  
2025-09-08 14:13:11 INFO  (GhidraScript) tflite_analyzer.py> <<< Finished analyzing function: operator<<.  
2025-09-08 14:13:11 INFO  (GhidraScript) tflite_analyzer.py> DEBUG: [operator<< @ 00101acc] Analyzing potential tainted RETURN with value: pbVar1(x0) (Tainted: 0)  
2025-09-08 14:13:11 INFO  (GhidraScript) tflite_analyzer.py>     [DEBUG] --- Taint Check Details (RETURN FAILED) ---  
2025-09-08 14:13:11 INFO  (GhidraScript) tflite_analyzer.py>     [DEBUG]   > Return Varnode: (register, 0x4000, 8) (Size: 8, Def: (register, 0x4000, 8) CALL (ram, 0x121078, 8) , (register, 0x4000, 8) , (register, 0x4008, 8) at 00101acc)  
2025-09-08 14:13:11 INFO  (GhidraScript) tflite_analyzer.py>     [DEBUG]   > Currently Tainted HighVariables in this function:  
2025-09-08 14:13:11 INFO  (GhidraScript) tflite_analyzer.py>     [DEBUG]     1. param_1(x0)  
2025-09-08 14:13:11 INFO  (GhidraScript) tflite_analyzer.py>     [DEBUG] ---------------------------------  
2025-09-08 14:13:11 INFO  (GhidraScript) tflite_analyzer.py> <<< Finished analyzing function: operator<<.  
2025-09-08 14:13:11 INFO  (GhidraScript) tflite_analyzer.py> DEBUG: [main @ 00102154] Taint propagated from pbVar5(x0) to UNNAMED(UniquePcode[0x10000ced]) via CAST.  
2025-09-08 14:13:11 INFO  (GhidraScript) tflite_analyzer.py> DEBUG: [LOAD_HANDLER] Checking LOAD op at 00102254. Address varnode: (register, 0x4000, 8)  
2025-09-08 14:13:11 INFO  (GhidraScript) tflite_analyzer.py> DEBUG: [LOAD_HANDLER] POINTER_RULE FAIL: Address varnode piVar9(x0) is not tainted (recursive check).  
2025-09-08 14:13:11 INFO  (GhidraScript) tflite_analyzer.py> DEBUG: [LOAD_HANDLER] REGION_RULE FAIL: Address pointer piVar9(x0) is not in the tainted memory regions set.  
2025-09-08 14:13:11 INFO  (GhidraScript) tflite_analyzer.py> DEBUG: [LOAD_HANDLER] Checking LOAD op at 00102290. Address varnode: (register, 0x4000, 8)  
2025-09-08 14:13:11 INFO  (GhidraScript) tflite_analyzer.py> DEBUG: [LOAD_HANDLER] POINTER_RULE FAIL: Address varnode piVar9(x0) is not tainted (recursive check).  
2025-09-08 14:13:11 INFO  (GhidraScript) tflite_analyzer.py> DEBUG: [LOAD_HANDLER] REGION_RULE FAIL: Address pointer piVar9(x0) is not in the tainted memory regions set.  
2025-09-08 14:13:11 INFO  (GhidraScript) tflite_analyzer.py> DEBUG: [CBRANCH] Found defining op for condition: (unique, 0x1100, 1) INT_SLESS (stack, 0xfffffffffffffa14, 4) , (const, 0x40, 4)  
2025-09-08 14:13:11 INFO  (GhidraScript) tflite_analyzer.py> INFO: [main @ 001023dc] Taint reached CBRANCH. Operands: ['local_5ec(StackDirect[Stack[-0x5ec]])', 'UnnamedHighVar(Constant: 0x40)'].   
2025-09-08 14:13:11 INFO  (GhidraScript) tflite_analyzer.py> DEBUG: [CBRANCH] Found defining op for condition: (unique, 0x1100, 1) INT_SLESS (stack, 0xfffffffffffffa10, 4) , (const, 0x40, 4)  
2025-09-08 14:13:11 INFO  (GhidraScript) tflite_analyzer.py> INFO: [main @ 001023f4] Taint reached CBRANCH. Operands: ['local_5f0(StackDirect[Stack[-0x5f0]])', 'UnnamedHighVar(Constant: 0x40)'].   
2025-09-08 14:13:11 INFO  (GhidraScript) tflite_analyzer.py> DEBUG: [CBRANCH] Found defining op for condition: (unique, 0x1100, 1) INT_SLESS (stack, 0xfffffffffffffa0c, 4) , (const, 0x3, 4)  
2025-09-08 14:13:11 INFO  (GhidraScript) tflite_analyzer.py> INFO: [main @ 0010240c] Taint reached CBRANCH. Operands: ['local_5f4(StackDirect[Stack[-0x5f4]])', 'UnnamedHighVar(Constant: 0x3)'].   
2025-09-08 14:13:11 INFO  (GhidraScript) tflite_analyzer.py> DEBUG: [LOAD_HANDLER] Checking LOAD op at 00102444. Address varnode: (register, 0x4000, 8)  
2025-09-08 14:13:11 INFO  (GhidraScript) tflite_analyzer.py> DEBUG: [LOAD_HANDLER] POINTER_RULE FAIL: Address varnode pbVar13(x0) is not tainted (recursive check).  
2025-09-08 14:13:11 INFO  (GhidraScript) tflite_analyzer.py> DEBUG: [LOAD_HANDLER] REGION_RULE FAIL: Address pointer pbVar13(x0) is not in the tainted memory regions set.  
2025-09-08 14:13:11 INFO  (GhidraScript) tflite_analyzer.py> DEBUG: [LOAD_HANDLER] Checking LOAD op at 00102578. Address varnode: (register, 0x4000, 8)  
2025-09-08 14:13:11 INFO  (GhidraScript) tflite_analyzer.py> DEBUG: [LOAD_HANDLER] POINTER_RULE FAIL: Address varnode pfVar11(x0) is not tainted (recursive check).  
2025-09-08 14:13:11 INFO  (GhidraScript) tflite_analyzer.py> DEBUG: [LOAD_HANDLER] REGION_RULE FAIL: Address pointer pfVar11(x0) is not in the tainted memory regions set.  
2025-09-08 14:13:11 INFO  (GhidraScript) tflite_analyzer.py> DEBUG: [LOAD_HANDLER] Checking LOAD op at 00102584. Address varnode: (unique, 0x6400, 8)  
2025-09-08 14:13:11 INFO  (GhidraScript) tflite_analyzer.py> DEBUG: [LOAD_HANDLER] POINTER_RULE FAIL: Address varnode UNNAMED(UniquePcode[0x6400]) is not tainted (recursive check).  
2025-09-08 14:13:11 INFO  (GhidraScript) tflite_analyzer.py> DEBUG: [LOAD_HANDLER] REGION_RULE FAIL: Address pointer UNNAMED(UniquePcode[0x6400]) is not in the tainted memory regions set.  
2025-09-08 14:13:11 INFO  (GhidraScript) tflite_analyzer.py> DEBUG: [LOAD_HANDLER] Checking LOAD op at 00102590. Address varnode: (unique, 0x6400, 8)  
2025-09-08 14:13:11 INFO  (GhidraScript) tflite_analyzer.py> DEBUG: [LOAD_HANDLER] POINTER_RULE FAIL: Address varnode UNNAMED(UniquePcode[0x6400]) is not tainted (recursive check).  
2025-09-08 14:13:11 INFO  (GhidraScript) tflite_analyzer.py> DEBUG: [LOAD_HANDLER] REGION_RULE FAIL: Address pointer UNNAMED(UniquePcode[0x6400]) is not in the tainted memory regions set.  
2025-09-08 14:13:11 INFO  (GhidraScript) tflite_analyzer.py> DEBUG: [CBRANCH] Found defining op for condition: (unique, 0x1100, 1) INT_SLESS (stack, 0xfffffffffffff9f4, 4) , (const, 0x40, 4)  
2025-09-08 14:13:11 INFO  (GhidraScript) tflite_analyzer.py> INFO: [main @ 001025c8] Taint reached CBRANCH. Operands: ['local_60c(StackDirect[Stack[-0x60c]])', 'UnnamedHighVar(Constant: 0x40)'].   
2025-09-08 14:13:11 INFO  (GhidraScript) tflite_analyzer.py> DEBUG: [CBRANCH] Found defining op for condition: (unique, 0x1100, 1) INT_SLESS (stack, 0xfffffffffffff9f0, 4) , (const, 0x40, 4)  
2025-09-08 14:13:11 INFO  (GhidraScript) tflite_analyzer.py> INFO: [main @ 001025e0] Taint reached CBRANCH. Operands: ['local_610(StackDirect[Stack[-0x610]])', 'UnnamedHighVar(Constant: 0x40)'].   
2025-09-08 14:13:11 INFO  (GhidraScript) tflite_analyzer.py> DEBUG: [CBRANCH] Found defining op for condition: (unique, 0x1100, 1) INT_SLESS (stack, 0xfffffffffffff9ec, 4) , (const, 0x3, 4)  
2025-09-08 14:13:11 INFO  (GhidraScript) tflite_analyzer.py> INFO: [main @ 001025f8] Taint reached CBRANCH. Operands: ['local_614(StackDirect[Stack[-0x614]])', 'UnnamedHighVar(Constant: 0x3)'].   
2025-09-08 14:13:11 INFO  (GhidraScript) tflite_analyzer.py> DEBUG: [LOAD_HANDLER] Checking LOAD op at 00102630. Address varnode: (register, 0x4000, 8)  
2025-09-08 14:13:11 INFO  (GhidraScript) tflite_analyzer.py> DEBUG: [LOAD_HANDLER] POINTER_RULE FAIL: Address varnode pbVar13(x0) is not tainted (recursive check).  
2025-09-08 14:13:11 INFO  (GhidraScript) tflite_analyzer.py> DEBUG: [LOAD_HANDLER] REGION_RULE FAIL: Address pointer pbVar13(x0) is not in the tainted memory regions set.  
2025-09-08 14:13:11 INFO  (GhidraScript) tflite_analyzer.py> DEBUG: [LOAD_HANDLER] Checking LOAD op at 001026dc. Address varnode: (register, 0x4000, 8)  
2025-09-08 14:13:11 INFO  (GhidraScript) tflite_analyzer.py> DEBUG: [LOAD_HANDLER] POINTER_RULE FAIL: Address varnode pfVar11(x0) is not tainted (recursive check).  
2025-09-08 14:13:11 INFO  (GhidraScript) tflite_analyzer.py> DEBUG: [LOAD_HANDLER] REGION_RULE FAIL: Address pointer pfVar11(x0) is not in the tainted memory regions set.  
2025-09-08 14:13:11 INFO  (GhidraScript) tflite_analyzer.py> DEBUG: [LOAD_HANDLER] Checking LOAD op at 001026e8. Address varnode: (unique, 0x6400, 8)  
2025-09-08 14:13:11 INFO  (GhidraScript) tflite_analyzer.py> DEBUG: [LOAD_HANDLER] POINTER_RULE FAIL: Address varnode UNNAMED(UniquePcode[0x6400]) is not tainted (recursive check).  
2025-09-08 14:13:11 INFO  (GhidraScript) tflite_analyzer.py> DEBUG: [LOAD_HANDLER] REGION_RULE FAIL: Address pointer UNNAMED(UniquePcode[0x6400]) is not in the tainted memory regions set.  
2025-09-08 14:13:11 INFO  (GhidraScript) tflite_analyzer.py> DEBUG: [LOAD_HANDLER] Checking LOAD op at 001026f4. Address varnode: (unique, 0x6400, 8)  
2025-09-08 14:13:11 INFO  (GhidraScript) tflite_analyzer.py> DEBUG: [LOAD_HANDLER] POINTER_RULE FAIL: Address varnode UNNAMED(UniquePcode[0x6400]) is not tainted (recursive check).  
2025-09-08 14:13:11 INFO  (GhidraScript) tflite_analyzer.py> DEBUG: [LOAD_HANDLER] REGION_RULE FAIL: Address pointer UNNAMED(UniquePcode[0x6400]) is not in the tainted memory regions set.  
2025-09-08 14:13:11 INFO  (GhidraScript) tflite_analyzer.py> DEBUG: [CBRANCH] Found defining op for condition: (register, 0x100, 1) FLOAT_LESSEQUAL (const, 0x40a00000, 4) , (register, 0x5000, 4)  
2025-09-08 14:13:11 INFO  (GhidraScript) tflite_analyzer.py> INFO: [main @ 00102760] Taint reached CBRANCH. Operands: ['UnnamedHighVar(Constant: 0x40a00000)', 'fVar18(s0)'].   
2025-09-08 14:13:11 INFO  (GhidraScript) tflite_analyzer.py> DEBUG: [CBRANCH] Found defining op for condition: (register, 0x100, 1) FLOAT_LESSEQUAL (const, 0x40a00000, 4) , (register, 0x5000, 4)  
2025-09-08 14:13:11 INFO  (GhidraScript) tflite_analyzer.py> INFO: [main @ 00102784] Taint reached CBRANCH. Operands: ['UnnamedHighVar(Constant: 0x40a00000)', 'fVar18(s0)'].   
2025-09-08 14:13:11 INFO  (GhidraScript) tflite_analyzer.py> DEBUG: [CBRANCH] Found defining op for condition: (register, 0x100, 1) FLOAT_LESSEQUAL (const, 0x40a00000, 4) , (register, 0x5000, 4)  
2025-09-08 14:13:11 INFO  (GhidraScript) tflite_analyzer.py> INFO: [main @ 001027a8] Taint reached CBRANCH. Operands: ['UnnamedHighVar(Constant: 0x40a00000)', 'fVar18(s0)'].   
2025-09-08 14:13:11 INFO  (GhidraScript) tflite_analyzer.py> DEBUG: [main @ 001028d4] Analyzing potential tainted RETURN with value: UNNAMED(w0) (Tainted: 0)  
2025-09-08 14:13:11 INFO  (GhidraScript) tflite_analyzer.py>     [DEBUG] --- Taint Check Details (RETURN FAILED) ---  
2025-09-08 14:13:11 INFO  (GhidraScript) tflite_analyzer.py>     [DEBUG]   > Return Varnode: (register, 0x4000, 4) (Size: 4, Def: (register, 0x4000, 4) COPY (stack, 0xffffffffffffff7c, 4) at 001028c4)  
2025-09-08 14:13:11 INFO  (GhidraScript) tflite_analyzer.py>     [DEBUG]   > Currently Tainted HighVariables in this function:  
2025-09-08 14:13:11 INFO  (GhidraScript) tflite_analyzer.py>     [DEBUG]     1. UNNAMED(UniquePcode[0x10000ba9])  
2025-09-08 14:13:11 INFO  (GhidraScript) tflite_analyzer.py>     [DEBUG]     2. UNNAMED(UniquePcode[0x10000bf1])  
2025-09-08 14:13:11 INFO  (GhidraScript) tflite_analyzer.py>     [DEBUG]     3. UNNAMED(UniquePcode[0x10000ced])  
2025-09-08 14:13:11 INFO  (GhidraScript) tflite_analyzer.py>     [DEBUG]     4. pbVar5(x0)  
2025-09-08 14:13:11 INFO  (GhidraScript) tflite_analyzer.py>     [DEBUG] ---------------------------------  
2025-09-08 14:13:11 INFO  (GhidraScript) tflite_analyzer.py> <<< Finished analyzing function: main.  
2025-09-08 14:13:11 INFO  (GhidraScript) tflite_analyzer.py> 
--- Analyzing Call Site #1056288 at 00101e20 ---  
2025-09-08 14:13:11 INFO  (GhidraScript) tflite_analyzer.py> DEBUG: Parent (caller): main at 00101dd8  
2025-09-08 14:13:11 INFO  (GhidraScript) tflite_analyzer.py> 
--- Initiating Taint Analysis for: main (call at 00101e20) ---  
2025-09-08 14:13:11 INFO  (GhidraScript) tflite_analyzer.py> DEBUG: Taint source is the return value of the call: pbVar5(x0)  
2025-09-08 14:13:11 INFO  (GhidraScript) tflite_analyzer.py> DEBUG: Already analyzed function main with initial taints ('pbVar5(x0)',) (origin: ['operator']). Skipping.  
2025-09-08 14:13:11 INFO  (GhidraScript) tflite_analyzer.py> 
--- Analyzing Call Site #1056300 at 00101e2c ---  
2025-09-08 14:13:11 INFO  (GhidraScript) tflite_analyzer.py> DEBUG: Parent (caller): main at 00101dd8  
2025-09-08 14:13:12 INFO  (GhidraScript) tflite_analyzer.py> 
--- Initiating Taint Analysis for: main (call at 00101e2c) ---  
2025-09-08 14:13:12 INFO  (GhidraScript) tflite_analyzer.py> DEBUG: Taint source is the return value of the call: pbVar5(x0)  
2025-09-08 14:13:12 INFO  (GhidraScript) tflite_analyzer.py> DEBUG: Already analyzed function main with initial taints ('pbVar5(x0)',) (origin: ['operator']). Skipping.  
2025-09-08 14:13:12 INFO  (GhidraScript) tflite_analyzer.py> 
--- Analyzing Call Site #1056312 at 00101e38 ---  
2025-09-08 14:13:12 INFO  (GhidraScript) tflite_analyzer.py> DEBUG: Parent (caller): main at 00101dd8  
2025-09-08 14:13:12 INFO  (GhidraScript) tflite_analyzer.py> INFO: Call at 00101e38 has no output varnode. Nothing to taint. Skipping.  
2025-09-08 14:13:12 INFO  (GhidraScript) tflite_analyzer.py> 
--- Analyzing Call Site #1056632 at 00101f78 ---  
2025-09-08 14:13:12 INFO  (GhidraScript) tflite_analyzer.py> DEBUG: Parent (caller): main at 00101dd8  
2025-09-08 14:13:12 INFO  (GhidraScript) tflite_analyzer.py> 
--- Initiating Taint Analysis for: main (call at 00101f78) ---  
2025-09-08 14:13:12 INFO  (GhidraScript) tflite_analyzer.py> DEBUG: Taint source is the return value of the call: pbVar5(x0)  
2025-09-08 14:13:12 INFO  (GhidraScript) tflite_analyzer.py> DEBUG: Already analyzed function main with initial taints ('pbVar5(x0)',) (origin: ['operator']). Skipping.  
2025-09-08 14:13:12 INFO  (GhidraScript) tflite_analyzer.py> 
--- Analyzing Call Site #1056656 at 00101f90 ---  
2025-09-08 14:13:12 INFO  (GhidraScript) tflite_analyzer.py> DEBUG: Parent (caller): main at 00101dd8  
2025-09-08 14:13:12 INFO  (GhidraScript) tflite_analyzer.py> INFO: Call at 00101f90 has no output varnode. Nothing to taint. Skipping.  
2025-09-08 14:13:12 INFO  (GhidraScript) tflite_analyzer.py> 
--- Analyzing Call Site #1056896 at 00102080 ---  
2025-09-08 14:13:12 INFO  (GhidraScript) tflite_analyzer.py> DEBUG: Parent (caller): main at 00101dd8  
2025-09-08 14:13:12 INFO  (GhidraScript) tflite_analyzer.py> INFO: Call at 00102080 has no output varnode. Nothing to taint. Skipping.  
2025-09-08 14:13:12 INFO  (GhidraScript) tflite_analyzer.py> 
--- Analyzing Call Site #1056952 at 001020b8 ---  
2025-09-08 14:13:12 INFO  (GhidraScript) tflite_analyzer.py> DEBUG: Parent (caller): main at 00101dd8  
2025-09-08 14:13:12 INFO  (GhidraScript) tflite_analyzer.py> INFO: Call at 001020b8 has no output varnode. Nothing to taint. Skipping.  
2025-09-08 14:13:12 INFO  (GhidraScript) tflite_analyzer.py> 
--- Analyzing Call Site #1057064 at 00102128 ---  
2025-09-08 14:13:12 INFO  (GhidraScript) tflite_analyzer.py> DEBUG: Parent (caller): main at 00101dd8  
2025-09-08 14:13:13 INFO  (GhidraScript) tflite_analyzer.py> 
--- Initiating Taint Analysis for: main (call at 00102128) ---  
2025-09-08 14:13:13 INFO  (GhidraScript) tflite_analyzer.py> DEBUG: Taint source is the return value of the call: pbVar5(x0)  
2025-09-08 14:13:13 INFO  (GhidraScript) tflite_analyzer.py> DEBUG: Already analyzed function main with initial taints ('pbVar5(x0)',) (origin: ['operator']). Skipping.  
2025-09-08 14:13:13 INFO  (GhidraScript) tflite_analyzer.py> 
--- Analyzing Call Site #1057084 at 0010213c ---  
2025-09-08 14:13:13 INFO  (GhidraScript) tflite_analyzer.py> DEBUG: Parent (caller): main at 00101dd8  
2025-09-08 14:13:13 INFO  (GhidraScript) tflite_analyzer.py> 
--- Initiating Taint Analysis for: main (call at 0010213c) ---  
2025-09-08 14:13:13 INFO  (GhidraScript) tflite_analyzer.py> DEBUG: Taint source is the return value of the call: pbVar5(x0)  
2025-09-08 14:13:13 INFO  (GhidraScript) tflite_analyzer.py> DEBUG: Already analyzed function main with initial taints ('pbVar5(x0)',) (origin: ['operator']). Skipping.  
2025-09-08 14:13:13 INFO  (GhidraScript) tflite_analyzer.py> 
--- Analyzing Call Site #1057108 at 00102154 ---  
2025-09-08 14:13:13 INFO  (GhidraScript) tflite_analyzer.py> DEBUG: Parent (caller): main at 00101dd8  
2025-09-08 14:13:13 INFO  (GhidraScript) tflite_analyzer.py> INFO: Call at 00102154 has no output varnode. Nothing to taint. Skipping.  
2025-09-08 14:13:13 INFO  (GhidraScript) tflite_analyzer.py> 
--- Analyzing Call Site #1061776 at 00103390 ---  
2025-09-08 14:13:13 INFO  (GhidraScript) tflite_analyzer.py> DEBUG: Parent (caller): deallocate at 00103374  
2025-09-08 14:13:13 INFO  (GhidraScript) tflite_analyzer.py> INFO: Call at 00103390 has no output varnode. Nothing to taint. Skipping.  
2025-09-08 14:13:13 INFO  (GhidraScript) tflite_analyzer.py> 
--- Analyzing Call Site #1062648 at 001036f8 ---  
2025-09-08 14:13:13 INFO  (GhidraScript) tflite_analyzer.py> DEBUG: Parent (caller): deallocate at 001036dc  
2025-09-08 14:13:13 INFO  (GhidraScript) tflite_analyzer.py> INFO: Call at 001036f8 has no output varnode. Nothing to taint. Skipping.  
2025-09-08 14:13:13 INFO  (GhidraScript) tflite_analyzer.py> 
--- Analyzing Call Site #1062984 at 00103848 ---  
2025-09-08 14:13:13 INFO  (GhidraScript) tflite_analyzer.py> DEBUG: Parent (caller): deallocate at 0010382c  
2025-09-08 14:13:13 INFO  (GhidraScript) tflite_analyzer.py> INFO: Call at 00103848 has no output varnode. Nothing to taint. Skipping.  
2025-09-08 14:13:13 INFO  (GhidraScript) tflite_analyzer.py> 
--- Analyzing Call Site #1063840 at 00103ba0 ---  
2025-09-08 14:13:13 INFO  (GhidraScript) tflite_analyzer.py> DEBUG: Parent (caller): deallocate at 00103b84  
2025-09-08 14:13:13 INFO  (GhidraScript) tflite_analyzer.py> INFO: Call at 00103ba0 has no output varnode. Nothing to taint. Skipping.  
2025-09-08 14:13:13 INFO  (GhidraScript) tflite_analyzer.py> 
--- Analyzing Call Site #1064740 at 00103f24 ---  
2025-09-08 14:13:13 INFO  (GhidraScript) tflite_analyzer.py> DEBUG: Parent (caller): deallocate at 00103f08  
2025-09-08 14:13:13 INFO  (GhidraScript) tflite_analyzer.py> INFO: Call at 00103f24 has no output varnode. Nothing to taint. Skipping.  
2025-09-08 14:13:13 INFO  (GhidraScript) tflite_analyzer.py> 
--- Analyzing Call Site #1065244 at 0010411c ---  
2025-09-08 14:13:13 INFO  (GhidraScript) tflite_analyzer.py> DEBUG: Parent (caller): deallocate at 00104100  
2025-09-08 14:13:13 INFO  (GhidraScript) tflite_analyzer.py> INFO: Call at 0010411c has no output varnode. Nothing to taint. Skipping.  
2025-09-08 14:13:13 INFO  (GhidraScript) tflite_analyzer.py> 
--- Analyzing Call Site #1065884 at 0010439c ---  
2025-09-08 14:13:13 INFO  (GhidraScript) tflite_analyzer.py> DEBUG: Parent (caller): operator() at 0010436c  
2025-09-08 14:13:13 INFO  (GhidraScript) tflite_analyzer.py> INFO: Call at 0010439c has no output varnode. Nothing to taint. Skipping.  
2025-09-08 14:13:13 INFO  (GhidraScript) tflite_analyzer.py> 
--- Analyzing Call Site #1066520 at 00104618 ---  
2025-09-08 14:13:13 INFO  (GhidraScript) tflite_analyzer.py> DEBUG: Parent (caller): operator() at 001045e8  
2025-09-08 14:13:13 INFO  (GhidraScript) tflite_analyzer.py> INFO: Call at 00104618 has no output varnode. Nothing to taint. Skipping.  
2025-09-08 14:13:13 INFO  (GhidraScript) tflite_analyzer.py> 
--- Stage 1 Complete. Checking for pending multi-stage analysis tasks... ---  
2025-09-08 14:13:13 INFO  (GhidraScript) tflite_analyzer.py> 
--- Initiating Stage 2 Analysis Task #1 (from rule: tainted_return_from_operator<<) ---  
2025-09-08 14:13:13 INFO  (GhidraScript) tflite_analyzer.py> \n>>> Analyzing function: main (Depth: 0) at 00101dd8 (Originating from: tainted_return_from_operator<<) with initial taints: pbVar5(x0)  
2025-09-08 14:13:13 INFO  (GhidraScript) tflite_analyzer.py>   - [STACK_SEARCH.0] Analyzing varnode: (register, 0x4000, 8)  
2025-09-08 14:13:13 INFO  (GhidraScript) tflite_analyzer.py>   - [STACK_SEARCH.0] Details: isAddress=0, addr=register:00004000, isStackAddress=0  
2025-09-08 14:13:13 INFO  (GhidraScript) tflite_analyzer.py>   - [STACK_SEARCH.0] Def P-Code Op: (register, 0x4000, 8) CALL (ram, 0x101c40, 8) , (unique, 0x10000ba1, 8) , (unique, 0x10000875, 8)  
2025-09-08 14:13:13 INFO  (GhidraScript) tflite_analyzer.py>   - [STACK_SEARCH.0] Mnemonic 'CALL' is not a handled case. Aborting path.  
2025-09-08 14:13:13 INFO  (GhidraScript) tflite_analyzer.py> \nDEBUG: Reached specified start PcodeOp (register, 0x4000, 8) CALL (ram, 0x101ac0, 8) , (register, 0x4000, 8) , (register, 0x4008, 8) at 0010213c in main, subsequent ops will be processed.  
2025-09-08 14:13:13 INFO  (GhidraScript) tflite_analyzer.py> \n>>> Analyzing function: operator<< (Depth: 1) at 00101ac0 (Originating from: tainted_return_from_operator<<) with initial taints: param_1(x0)  
2025-09-08 14:13:13 INFO  (GhidraScript) tflite_analyzer.py>   - [STACK_SEARCH.0] Analyzing varnode: (register, 0x4000, 8)  
2025-09-08 14:13:13 INFO  (GhidraScript) tflite_analyzer.py>   - [STACK_SEARCH.0] Details: isAddress=0, addr=register:00004000, isStackAddress=0  
2025-09-08 14:13:13 INFO  (GhidraScript) tflite_analyzer.py>   - [STACK_SEARCH.0] No defining p-code op found. Aborting path.  
2025-09-08 14:13:13 INFO  (GhidraScript) tflite_analyzer.py> DEBUG: Starting taint analysis from the beginning of function operator<<.  
2025-09-08 14:13:13 WARN  (DecompileCallback) Decompiling 00121078, pcode error at 00121078: Unable to disassemble EXTERNAL block location: 00121078  
2025-09-08 14:13:13 INFO  (GhidraScript) tflite_analyzer.py> \n>>> Analyzing function: operator<< (Depth: 2) at 00121078 (Originating from: tainted_return_from_operator<<) with initial taints: param_1(x0)  
2025-09-08 14:13:13 INFO  (GhidraScript) tflite_analyzer.py>   - [STACK_SEARCH.0] Analyzing varnode: (register, 0x4000, 8)  
2025-09-08 14:13:13 INFO  (GhidraScript) tflite_analyzer.py>   - [STACK_SEARCH.0] Details: isAddress=0, addr=register:00004000, isStackAddress=0  
2025-09-08 14:13:13 INFO  (GhidraScript) tflite_analyzer.py>   - [STACK_SEARCH.0] No defining p-code op found. Aborting path.  
2025-09-08 14:13:13 INFO  (GhidraScript) tflite_analyzer.py> DEBUG: Starting taint analysis from the beginning of function operator<<.  
2025-09-08 14:13:13 INFO  (GhidraScript) tflite_analyzer.py> <<< Finished analyzing function: operator<<.  
2025-09-08 14:13:13 INFO  (GhidraScript) tflite_analyzer.py> DEBUG: [operator<< @ 00101acc] Analyzing potential tainted RETURN with value: pbVar1(x0) (Tainted: 0)  
2025-09-08 14:13:13 INFO  (GhidraScript) tflite_analyzer.py>     [DEBUG] --- Taint Check Details (RETURN FAILED) ---  
2025-09-08 14:13:13 INFO  (GhidraScript) tflite_analyzer.py>     [DEBUG]   > Return Varnode: (register, 0x4000, 8) (Size: 8, Def: (register, 0x4000, 8) CALL (ram, 0x121078, 8) , (register, 0x4000, 8) , (register, 0x4008, 8) at 00101acc)  
2025-09-08 14:13:13 INFO  (GhidraScript) tflite_analyzer.py>     [DEBUG]   > Currently Tainted HighVariables in this function:  
2025-09-08 14:13:13 INFO  (GhidraScript) tflite_analyzer.py>     [DEBUG]     1. param_1(x0)  
2025-09-08 14:13:13 INFO  (GhidraScript) tflite_analyzer.py>     [DEBUG] ---------------------------------  
2025-09-08 14:13:13 INFO  (GhidraScript) tflite_analyzer.py> <<< Finished analyzing function: operator<<.  
2025-09-08 14:13:13 INFO  (GhidraScript) tflite_analyzer.py> DEBUG: [main @ 00102154] Taint propagated from pbVar5(x0) to UNNAMED(UniquePcode[0x10000ced]) via CAST.  
2025-09-08 14:13:13 INFO  (GhidraScript) tflite_analyzer.py> DEBUG: [LOAD_HANDLER] Checking LOAD op at 00102254. Address varnode: (register, 0x4000, 8)  
2025-09-08 14:13:13 INFO  (GhidraScript) tflite_analyzer.py> DEBUG: [LOAD_HANDLER] POINTER_RULE FAIL: Address varnode piVar9(x0) is not tainted (recursive check).  
2025-09-08 14:13:13 INFO  (GhidraScript) tflite_analyzer.py> DEBUG: [LOAD_HANDLER] REGION_RULE FAIL: Address pointer piVar9(x0) is not in the tainted memory regions set.  
2025-09-08 14:13:13 INFO  (GhidraScript) tflite_analyzer.py> DEBUG: [LOAD_HANDLER] Checking LOAD op at 00102290. Address varnode: (register, 0x4000, 8)  
2025-09-08 14:13:13 INFO  (GhidraScript) tflite_analyzer.py> DEBUG: [LOAD_HANDLER] POINTER_RULE FAIL: Address varnode piVar9(x0) is not tainted (recursive check).  
2025-09-08 14:13:13 INFO  (GhidraScript) tflite_analyzer.py> DEBUG: [LOAD_HANDLER] REGION_RULE FAIL: Address pointer piVar9(x0) is not in the tainted memory regions set.  
2025-09-08 14:13:13 INFO  (GhidraScript) tflite_analyzer.py> DEBUG: [CBRANCH] Found defining op for condition: (unique, 0x1100, 1) INT_SLESS (stack, 0xfffffffffffffa14, 4) , (const, 0x40, 4)  
2025-09-08 14:13:13 INFO  (GhidraScript) tflite_analyzer.py> INFO: [main @ 001023dc] Taint reached CBRANCH. Operands: ['local_5ec(StackDirect[Stack[-0x5ec]])', 'UnnamedHighVar(Constant: 0x40)'].   
2025-09-08 14:13:13 INFO  (GhidraScript) tflite_analyzer.py> DEBUG: [CBRANCH] Found defining op for condition: (unique, 0x1100, 1) INT_SLESS (stack, 0xfffffffffffffa10, 4) , (const, 0x40, 4)  
2025-09-08 14:13:13 INFO  (GhidraScript) tflite_analyzer.py> INFO: [main @ 001023f4] Taint reached CBRANCH. Operands: ['local_5f0(StackDirect[Stack[-0x5f0]])', 'UnnamedHighVar(Constant: 0x40)'].   
2025-09-08 14:13:13 INFO  (GhidraScript) tflite_analyzer.py> DEBUG: [CBRANCH] Found defining op for condition: (unique, 0x1100, 1) INT_SLESS (stack, 0xfffffffffffffa0c, 4) , (const, 0x3, 4)  
2025-09-08 14:13:13 INFO  (GhidraScript) tflite_analyzer.py> INFO: [main @ 0010240c] Taint reached CBRANCH. Operands: ['local_5f4(StackDirect[Stack[-0x5f4]])', 'UnnamedHighVar(Constant: 0x3)'].   
2025-09-08 14:13:13 INFO  (GhidraScript) tflite_analyzer.py> DEBUG: [LOAD_HANDLER] Checking LOAD op at 00102444. Address varnode: (register, 0x4000, 8)  
2025-09-08 14:13:13 INFO  (GhidraScript) tflite_analyzer.py> DEBUG: [LOAD_HANDLER] POINTER_RULE FAIL: Address varnode pbVar13(x0) is not tainted (recursive check).  
2025-09-08 14:13:13 INFO  (GhidraScript) tflite_analyzer.py> DEBUG: [LOAD_HANDLER] REGION_RULE FAIL: Address pointer pbVar13(x0) is not in the tainted memory regions set.  
2025-09-08 14:13:13 INFO  (GhidraScript) tflite_analyzer.py> DEBUG: [LOAD_HANDLER] Checking LOAD op at 00102578. Address varnode: (register, 0x4000, 8)  
2025-09-08 14:13:13 INFO  (GhidraScript) tflite_analyzer.py> DEBUG: [LOAD_HANDLER] POINTER_RULE FAIL: Address varnode pfVar11(x0) is not tainted (recursive check).  
2025-09-08 14:13:13 INFO  (GhidraScript) tflite_analyzer.py> DEBUG: [LOAD_HANDLER] REGION_RULE FAIL: Address pointer pfVar11(x0) is not in the tainted memory regions set.  
2025-09-08 14:13:13 INFO  (GhidraScript) tflite_analyzer.py> DEBUG: [LOAD_HANDLER] Checking LOAD op at 00102584. Address varnode: (unique, 0x6400, 8)  
2025-09-08 14:13:13 INFO  (GhidraScript) tflite_analyzer.py> DEBUG: [LOAD_HANDLER] POINTER_RULE FAIL: Address varnode UNNAMED(UniquePcode[0x6400]) is not tainted (recursive check).  
2025-09-08 14:13:13 INFO  (GhidraScript) tflite_analyzer.py> DEBUG: [LOAD_HANDLER] REGION_RULE FAIL: Address pointer UNNAMED(UniquePcode[0x6400]) is not in the tainted memory regions set.  
2025-09-08 14:13:13 INFO  (GhidraScript) tflite_analyzer.py> DEBUG: [LOAD_HANDLER] Checking LOAD op at 00102590. Address varnode: (unique, 0x6400, 8)  
2025-09-08 14:13:13 INFO  (GhidraScript) tflite_analyzer.py> DEBUG: [LOAD_HANDLER] POINTER_RULE FAIL: Address varnode UNNAMED(UniquePcode[0x6400]) is not tainted (recursive check).  
2025-09-08 14:13:13 INFO  (GhidraScript) tflite_analyzer.py> DEBUG: [LOAD_HANDLER] REGION_RULE FAIL: Address pointer UNNAMED(UniquePcode[0x6400]) is not in the tainted memory regions set.  
2025-09-08 14:13:13 INFO  (GhidraScript) tflite_analyzer.py> DEBUG: [CBRANCH] Found defining op for condition: (unique, 0x1100, 1) INT_SLESS (stack, 0xfffffffffffff9f4, 4) , (const, 0x40, 4)  
2025-09-08 14:13:13 INFO  (GhidraScript) tflite_analyzer.py> INFO: [main @ 001025c8] Taint reached CBRANCH. Operands: ['local_60c(StackDirect[Stack[-0x60c]])', 'UnnamedHighVar(Constant: 0x40)'].   
2025-09-08 14:13:13 INFO  (GhidraScript) tflite_analyzer.py> DEBUG: [CBRANCH] Found defining op for condition: (unique, 0x1100, 1) INT_SLESS (stack, 0xfffffffffffff9f0, 4) , (const, 0x40, 4)  
2025-09-08 14:13:13 INFO  (GhidraScript) tflite_analyzer.py> INFO: [main @ 001025e0] Taint reached CBRANCH. Operands: ['local_610(StackDirect[Stack[-0x610]])', 'UnnamedHighVar(Constant: 0x40)'].   
2025-09-08 14:13:13 INFO  (GhidraScript) tflite_analyzer.py> DEBUG: [CBRANCH] Found defining op for condition: (unique, 0x1100, 1) INT_SLESS (stack, 0xfffffffffffff9ec, 4) , (const, 0x3, 4)  
2025-09-08 14:13:13 INFO  (GhidraScript) tflite_analyzer.py> INFO: [main @ 001025f8] Taint reached CBRANCH. Operands: ['local_614(StackDirect[Stack[-0x614]])', 'UnnamedHighVar(Constant: 0x3)'].   
2025-09-08 14:13:13 INFO  (GhidraScript) tflite_analyzer.py> DEBUG: [LOAD_HANDLER] Checking LOAD op at 00102630. Address varnode: (register, 0x4000, 8)  
2025-09-08 14:13:13 INFO  (GhidraScript) tflite_analyzer.py> DEBUG: [LOAD_HANDLER] POINTER_RULE FAIL: Address varnode pbVar13(x0) is not tainted (recursive check).  
2025-09-08 14:13:13 INFO  (GhidraScript) tflite_analyzer.py> DEBUG: [LOAD_HANDLER] REGION_RULE FAIL: Address pointer pbVar13(x0) is not in the tainted memory regions set.  
2025-09-08 14:13:13 INFO  (GhidraScript) tflite_analyzer.py> DEBUG: [LOAD_HANDLER] Checking LOAD op at 001026dc. Address varnode: (register, 0x4000, 8)  
2025-09-08 14:13:13 INFO  (GhidraScript) tflite_analyzer.py> DEBUG: [LOAD_HANDLER] POINTER_RULE FAIL: Address varnode pfVar11(x0) is not tainted (recursive check).  
2025-09-08 14:13:13 INFO  (GhidraScript) tflite_analyzer.py> DEBUG: [LOAD_HANDLER] REGION_RULE FAIL: Address pointer pfVar11(x0) is not in the tainted memory regions set.  
2025-09-08 14:13:13 INFO  (GhidraScript) tflite_analyzer.py> DEBUG: [LOAD_HANDLER] Checking LOAD op at 001026e8. Address varnode: (unique, 0x6400, 8)  
2025-09-08 14:13:13 INFO  (GhidraScript) tflite_analyzer.py> DEBUG: [LOAD_HANDLER] POINTER_RULE FAIL: Address varnode UNNAMED(UniquePcode[0x6400]) is not tainted (recursive check).  
2025-09-08 14:13:13 INFO  (GhidraScript) tflite_analyzer.py> DEBUG: [LOAD_HANDLER] REGION_RULE FAIL: Address pointer UNNAMED(UniquePcode[0x6400]) is not in the tainted memory regions set.  
2025-09-08 14:13:13 INFO  (GhidraScript) tflite_analyzer.py> DEBUG: [LOAD_HANDLER] Checking LOAD op at 001026f4. Address varnode: (unique, 0x6400, 8)  
2025-09-08 14:13:13 INFO  (GhidraScript) tflite_analyzer.py> DEBUG: [LOAD_HANDLER] POINTER_RULE FAIL: Address varnode UNNAMED(UniquePcode[0x6400]) is not tainted (recursive check).  
2025-09-08 14:13:13 INFO  (GhidraScript) tflite_analyzer.py> DEBUG: [LOAD_HANDLER] REGION_RULE FAIL: Address pointer UNNAMED(UniquePcode[0x6400]) is not in the tainted memory regions set.  
2025-09-08 14:13:13 INFO  (GhidraScript) tflite_analyzer.py> DEBUG: [CBRANCH] Found defining op for condition: (register, 0x100, 1) FLOAT_LESSEQUAL (const, 0x40a00000, 4) , (register, 0x5000, 4)  
2025-09-08 14:13:13 INFO  (GhidraScript) tflite_analyzer.py> INFO: [main @ 00102760] Taint reached CBRANCH. Operands: ['UnnamedHighVar(Constant: 0x40a00000)', 'fVar18(s0)'].   
2025-09-08 14:13:13 INFO  (GhidraScript) tflite_analyzer.py> DEBUG: [CBRANCH] Found defining op for condition: (register, 0x100, 1) FLOAT_LESSEQUAL (const, 0x40a00000, 4) , (register, 0x5000, 4)  
2025-09-08 14:13:13 INFO  (GhidraScript) tflite_analyzer.py> INFO: [main @ 00102784] Taint reached CBRANCH. Operands: ['UnnamedHighVar(Constant: 0x40a00000)', 'fVar18(s0)'].   
2025-09-08 14:13:13 INFO  (GhidraScript) tflite_analyzer.py> DEBUG: [CBRANCH] Found defining op for condition: (register, 0x100, 1) FLOAT_LESSEQUAL (const, 0x40a00000, 4) , (register, 0x5000, 4)  
2025-09-08 14:13:13 INFO  (GhidraScript) tflite_analyzer.py> INFO: [main @ 001027a8] Taint reached CBRANCH. Operands: ['UnnamedHighVar(Constant: 0x40a00000)', 'fVar18(s0)'].   
2025-09-08 14:13:13 INFO  (GhidraScript) tflite_analyzer.py> DEBUG: [main @ 001028d4] Analyzing potential tainted RETURN with value: UNNAMED(w0) (Tainted: 0)  
2025-09-08 14:13:13 INFO  (GhidraScript) tflite_analyzer.py>     [DEBUG] --- Taint Check Details (RETURN FAILED) ---  
2025-09-08 14:13:13 INFO  (GhidraScript) tflite_analyzer.py>     [DEBUG]   > Return Varnode: (register, 0x4000, 4) (Size: 4, Def: (register, 0x4000, 4) COPY (stack, 0xffffffffffffff7c, 4) at 001028c4)  
2025-09-08 14:13:13 INFO  (GhidraScript) tflite_analyzer.py>     [DEBUG]   > Currently Tainted HighVariables in this function:  
2025-09-08 14:13:13 INFO  (GhidraScript) tflite_analyzer.py>     [DEBUG]     1. UNNAMED(UniquePcode[0x10000ced])  
2025-09-08 14:13:13 INFO  (GhidraScript) tflite_analyzer.py>     [DEBUG]     2. pbVar5(x0)  
2025-09-08 14:13:13 INFO  (GhidraScript) tflite_analyzer.py>     [DEBUG] ---------------------------------  
2025-09-08 14:13:13 INFO  (GhidraScript) tflite_analyzer.py> <<< Finished analyzing function: main.  
2025-09-08 14:13:13 INFO  (GhidraScript) tflite_analyzer.py> 
--- Initiating Stage 2 Analysis Task #2 (from rule: tainted_return_from_operator<<) ---  
2025-09-08 14:13:13 INFO  (GhidraScript) tflite_analyzer.py> DEBUG: Already analyzed function main with initial taints ('pbVar5(x0)',) (origin: tainted_return_from_operator<<). Skipping.  
2025-09-08 14:13:13 INFO  (GhidraScript) tflite_analyzer.py> 
--- Initiating Stage 2 Analysis Task #3 (from rule: tainted_return_from_operator<<) ---  
2025-09-08 14:13:13 INFO  (GhidraScript) tflite_analyzer.py> DEBUG: Already analyzed function main with initial taints ('pbVar5(x0)',) (origin: tainted_return_from_operator<<). Skipping.  
2025-09-08 14:13:13 INFO  (GhidraScript) tflite_analyzer.py> 
--- Initiating Stage 2 Analysis Task #4 (from rule: tainted_return_from_operator<<) ---  
2025-09-08 14:13:13 INFO  (GhidraScript) tflite_analyzer.py> DEBUG: Already analyzed function main with initial taints ('pbVar5(x0)',) (origin: tainted_return_from_operator<<). Skipping.  
2025-09-08 14:13:13 INFO  (GhidraScript) tflite_analyzer.py> 
--- Initiating Stage 2 Analysis Task #5 (from rule: tainted_return_from_operator<<) ---  
2025-09-08 14:13:13 INFO  (GhidraScript) tflite_analyzer.py> DEBUG: Already analyzed function main with initial taints ('pbVar5(x0)',) (origin: tainted_return_from_operator<<). Skipping.  
2025-09-08 14:13:13 INFO  (GhidraScript) tflite_analyzer.py> 
--- Initiating Stage 2 Analysis Task #6 (from rule: tainted_return_from_operator<<) ---  
2025-09-08 14:13:13 INFO  (GhidraScript) tflite_analyzer.py> DEBUG: Already analyzed function main with initial taints ('pbVar5(x0)',) (origin: tainted_return_from_operator<<). Skipping.  
2025-09-08 14:13:13 INFO  (GhidraScript) tflite_analyzer.py> 
--- All Multi-Stage Analysis Tasks Complete. ---  
2025-09-08 14:13:13 INFO  (GhidraScript) tflite_analyzer.py> 
--- Taint Analysis Run Complete ---  
2025-09-08 14:13:13 INFO  (GhidraScript) tflite_analyzer.py> \n--- All Detected Tainted Value Usages (Interprocedural) ---  
2025-09-08 14:13:13 INFO  (GhidraScript) tflite_analyzer.py> Usage #1:  
2025-09-08 14:13:13 INFO  (GhidraScript) tflite_analyzer.py>   Originating Lib Call: ['operator']  
2025-09-08 14:13:13 INFO  (GhidraScript) tflite_analyzer.py>   Found In Function:   operator<< at 00101ac0  
2025-09-08 14:13:13 INFO  (GhidraScript) tflite_analyzer.py>   Instruction Address: 00101acc  
2025-09-08 14:13:13 INFO  (GhidraScript) tflite_analyzer.py>     PCode Op:             ---  RETURN (const, 0x0, 8) , (register, 0x4000, 8)  
2025-09-08 14:13:13 INFO  (GhidraScript) tflite_analyzer.py>     Usage Type:          RETURN_TAINTED_VALUE  
2025-09-08 14:13:13 INFO  (GhidraScript) tflite_analyzer.py>     Tainted Component:   pbVar1(x0)  
2025-09-08 14:13:13 INFO  (GhidraScript) tflite_analyzer.py> ----------------------------------------  
2025-09-08 14:13:13 INFO  (GhidraScript) tflite_analyzer.py> Usage #2:  
2025-09-08 14:13:13 INFO  (GhidraScript) tflite_analyzer.py>   Originating Lib Call: ['operator']  
2025-09-08 14:13:13 INFO  (GhidraScript) tflite_analyzer.py>   Found In Function:   operator<< at 00101c40  
2025-09-08 14:13:13 INFO  (GhidraScript) tflite_analyzer.py>   Instruction Address: 00101c4c  
2025-09-08 14:13:13 INFO  (GhidraScript) tflite_analyzer.py>     PCode Op:             ---  RETURN (const, 0x0, 8) , (register, 0x4000, 8)  
2025-09-08 14:13:13 INFO  (GhidraScript) tflite_analyzer.py>     Usage Type:          RETURN_TAINTED_VALUE  
2025-09-08 14:13:13 INFO  (GhidraScript) tflite_analyzer.py>     Tainted Component:   pbVar1(x0)  
2025-09-08 14:13:13 INFO  (GhidraScript) tflite_analyzer.py> ----------------------------------------  
2025-09-08 14:13:13 INFO  (GhidraScript) tflite_analyzer.py> Usage #3:  
2025-09-08 14:13:13 INFO  (GhidraScript) tflite_analyzer.py>   Originating Lib Call: ['operator']  
2025-09-08 14:13:13 INFO  (GhidraScript) tflite_analyzer.py>   Found In Function:   main at 00101dd8  
2025-09-08 14:13:13 INFO  (GhidraScript) tflite_analyzer.py>   Instruction Address: 00101e20  
2025-09-08 14:13:13 INFO  (GhidraScript) tflite_analyzer.py>     PCode Op:            (register, 0x4000, 8) CALL (ram, 0x101c40, 8) , (register, 0x4000, 8) , (register, 0x4008, 8)  
2025-09-08 14:13:13 INFO  (GhidraScript) tflite_analyzer.py>     Usage Type:          TAINTED_ARG_TO_CALL_RECURSION  
2025-09-08 14:13:13 INFO  (GhidraScript) tflite_analyzer.py>     Details:             Recursive call to operator<< (CALL) with taints: param_1(x0).  
2025-09-08 14:13:13 INFO  (GhidraScript) tflite_analyzer.py> ----------------------------------------  
2025-09-08 14:13:13 INFO  (GhidraScript) tflite_analyzer.py> Usage #4:  
2025-09-08 14:13:13 INFO  (GhidraScript) tflite_analyzer.py>   Originating Lib Call: ['operator']  
2025-09-08 14:13:13 INFO  (GhidraScript) tflite_analyzer.py>   Found In Function:   operator<< at 00101c40  
2025-09-08 14:13:13 INFO  (GhidraScript) tflite_analyzer.py>   Instruction Address: 00101c4c  
2025-09-08 14:13:13 INFO  (GhidraScript) tflite_analyzer.py>     PCode Op:            (register, 0x4000, 8) CALL (ram, 0x121158, 8) , (register, 0x4000, 8) , (register, 0x4008, 8)  
2025-09-08 14:13:13 INFO  (GhidraScript) tflite_analyzer.py>     Usage Type:          TAINTED_ARG_TO_CALL_RECURSION  
2025-09-08 14:13:13 INFO  (GhidraScript) tflite_analyzer.py>     Details:             Recursive call to operator<< (CALL) with taints: param_1(x0).  
2025-09-08 14:13:13 INFO  (GhidraScript) tflite_analyzer.py> ----------------------------------------  
2025-09-08 14:13:13 INFO  (GhidraScript) tflite_analyzer.py> Usage #5:  
2025-09-08 14:13:13 INFO  (GhidraScript) tflite_analyzer.py>   Originating Lib Call: ['operator']  
2025-09-08 14:13:13 INFO  (GhidraScript) tflite_analyzer.py>   Found In Function:   main at 00101dd8  
2025-09-08 14:13:13 INFO  (GhidraScript) tflite_analyzer.py>   Instruction Address: 00101e2c  
2025-09-08 14:13:13 INFO  (GhidraScript) tflite_analyzer.py>     PCode Op:            (register, 0x4000, 8) CALL (ram, 0x101c40, 8) , (register, 0x4000, 8) , (unique, 0x1000087d, 8)  
2025-09-08 14:13:13 INFO  (GhidraScript) tflite_analyzer.py>     Usage Type:          TAINTED_ARG_TO_CALL_RECURSION  
2025-09-08 14:13:13 INFO  (GhidraScript) tflite_analyzer.py>     Details:             Recursive call to operator<< (CALL) with taints: param_1(x0).  
2025-09-08 14:13:13 INFO  (GhidraScript) tflite_analyzer.py> ----------------------------------------  
2025-09-08 14:13:13 INFO  (GhidraScript) tflite_analyzer.py> Usage #6:  
2025-09-08 14:13:13 INFO  (GhidraScript) tflite_analyzer.py>   Originating Lib Call: ['operator']  
2025-09-08 14:13:13 INFO  (GhidraScript) tflite_analyzer.py>   Found In Function:   main at 00101dd8  
2025-09-08 14:13:13 INFO  (GhidraScript) tflite_analyzer.py>   Instruction Address: 00101f50  
2025-09-08 14:13:13 INFO  (GhidraScript) tflite_analyzer.py>     PCode Op:             ---  CBRANCH (ram, 0x101f68, 1) , (register, 0x4000, 1)  
2025-09-08 14:13:13 INFO  (GhidraScript) tflite_analyzer.py>     Usage Type:          BRANCH_CONDITION_TAINTED  
2025-09-08 14:13:13 INFO  (GhidraScript) tflite_analyzer.py>     Tainted Component:   bVar3(w0)  
2025-09-08 14:13:13 INFO  (GhidraScript) tflite_analyzer.py>     Details:             Tainted condition for branch.  
2025-09-08 14:13:13 INFO  (GhidraScript) tflite_analyzer.py> ----------------------------------------  
2025-09-08 14:13:13 INFO  (GhidraScript) tflite_analyzer.py> Usage #7:  
2025-09-08 14:13:13 INFO  (GhidraScript) tflite_analyzer.py>   Originating Lib Call: ['operator']  
2025-09-08 14:13:13 INFO  (GhidraScript) tflite_analyzer.py>   Found In Function:   main at 00101dd8  
2025-09-08 14:13:13 INFO  (GhidraScript) tflite_analyzer.py>   Instruction Address: 00101f60  
2025-09-08 14:13:13 INFO  (GhidraScript) tflite_analyzer.py>     PCode Op:             ---  CBRANCH (ram, 0x10203c, 1) , (register, 0x4000, 1)  
2025-09-08 14:13:13 INFO  (GhidraScript) tflite_analyzer.py>     Usage Type:          BRANCH_CONDITION_TAINTED  
2025-09-08 14:13:13 INFO  (GhidraScript) tflite_analyzer.py>     Tainted Component:   bVar3(w0)  
2025-09-08 14:13:13 INFO  (GhidraScript) tflite_analyzer.py>     Details:             Tainted condition for branch.  
2025-09-08 14:13:13 INFO  (GhidraScript) tflite_analyzer.py> ----------------------------------------  
2025-09-08 14:13:13 INFO  (GhidraScript) tflite_analyzer.py> Usage #8:  
2025-09-08 14:13:13 INFO  (GhidraScript) tflite_analyzer.py>   Originating Lib Call: ['operator']  
2025-09-08 14:13:13 INFO  (GhidraScript) tflite_analyzer.py>   Found In Function:   main at 00101dd8  
2025-09-08 14:13:13 INFO  (GhidraScript) tflite_analyzer.py>   Instruction Address: 00102110  
2025-09-08 14:13:13 INFO  (GhidraScript) tflite_analyzer.py>     PCode Op:             ---  CBRANCH (ram, 0x1021c0, 1) , (unique, 0x18a80, 1)  
2025-09-08 14:13:13 INFO  (GhidraScript) tflite_analyzer.py>     Usage Type:          BRANCH_CONDITION_TAINTED  
2025-09-08 14:13:13 INFO  (GhidraScript) tflite_analyzer.py>     Tainted Component:   UNNAMED(UniquePcode[0x18a80])  
2025-09-08 14:13:13 INFO  (GhidraScript) tflite_analyzer.py>     Details:             Tainted condition for branch.  
2025-09-08 14:13:13 INFO  (GhidraScript) tflite_analyzer.py> ----------------------------------------  
2025-09-08 14:13:13 INFO  (GhidraScript) tflite_analyzer.py> Usage #9:  
2025-09-08 14:13:13 INFO  (GhidraScript) tflite_analyzer.py>   Originating Lib Call: ['operator']  
2025-09-08 14:13:13 INFO  (GhidraScript) tflite_analyzer.py>   Found In Function:   main at 00101dd8  
2025-09-08 14:13:13 INFO  (GhidraScript) tflite_analyzer.py>   Instruction Address: 0010213c  
2025-09-08 14:13:13 INFO  (GhidraScript) tflite_analyzer.py>     PCode Op:            (register, 0x4000, 8) CALL (ram, 0x101ac0, 8) , (register, 0x4000, 8) , (register, 0x4008, 8)  
2025-09-08 14:13:13 INFO  (GhidraScript) tflite_analyzer.py>     Usage Type:          TAINTED_ARG_TO_CALL_RECURSION  
2025-09-08 14:13:13 INFO  (GhidraScript) tflite_analyzer.py>     Details:             Recursive call to operator<< (CALL) with taints: param_1(x0).  
2025-09-08 14:13:13 INFO  (GhidraScript) tflite_analyzer.py> ----------------------------------------  
2025-09-08 14:13:13 INFO  (GhidraScript) tflite_analyzer.py> Usage #10:  
2025-09-08 14:13:13 INFO  (GhidraScript) tflite_analyzer.py>   Originating Lib Call: ['operator']  
2025-09-08 14:13:13 INFO  (GhidraScript) tflite_analyzer.py>   Found In Function:   operator<< at 00101ac0  
2025-09-08 14:13:13 INFO  (GhidraScript) tflite_analyzer.py>   Instruction Address: 00101acc  
2025-09-08 14:13:13 INFO  (GhidraScript) tflite_analyzer.py>     PCode Op:            (register, 0x4000, 8) CALL (ram, 0x121078, 8) , (register, 0x4000, 8) , (register, 0x4008, 8)  
2025-09-08 14:13:13 INFO  (GhidraScript) tflite_analyzer.py>     Usage Type:          TAINTED_ARG_TO_CALL_RECURSION  
2025-09-08 14:13:13 INFO  (GhidraScript) tflite_analyzer.py>     Details:             Recursive call to operator<< (CALL) with taints: param_1(x0).  
2025-09-08 14:13:13 INFO  (GhidraScript) tflite_analyzer.py> ----------------------------------------  
2025-09-08 14:13:13 INFO  (GhidraScript) tflite_analyzer.py> Usage #11:  
2025-09-08 14:13:13 INFO  (GhidraScript) tflite_analyzer.py>   Originating Lib Call: ['operator']  
2025-09-08 14:13:13 INFO  (GhidraScript) tflite_analyzer.py>   Found In Function:   main at 00101dd8  
2025-09-08 14:13:13 INFO  (GhidraScript) tflite_analyzer.py>   Instruction Address: 001023dc  
2025-09-08 14:13:13 INFO  (GhidraScript) tflite_analyzer.py>     PCode Op:             ---  CBRANCH (ram, 0x102544, 1) , (unique, 0x1100, 1)  
2025-09-08 14:13:13 INFO  (GhidraScript) tflite_analyzer.py>     Usage Type:          BRANCH_CONDITION_TAINTED  
2025-09-08 14:13:13 INFO  (GhidraScript) tflite_analyzer.py>     Tainted Component:   UNNAMED(UniquePcode[0x1100])  
2025-09-08 14:13:13 INFO  (GhidraScript) tflite_analyzer.py>     Details:             Tainted condition for branch.  
2025-09-08 14:13:13 INFO  (GhidraScript) tflite_analyzer.py> ----------------------------------------  
2025-09-08 14:13:13 INFO  (GhidraScript) tflite_analyzer.py> Usage #12:  
2025-09-08 14:13:13 INFO  (GhidraScript) tflite_analyzer.py>   Originating Lib Call: ['operator']  
2025-09-08 14:13:13 INFO  (GhidraScript) tflite_analyzer.py>   Found In Function:   main at 00101dd8  
2025-09-08 14:13:13 INFO  (GhidraScript) tflite_analyzer.py>   Instruction Address: 001023f4  
2025-09-08 14:13:13 INFO  (GhidraScript) tflite_analyzer.py>     PCode Op:             ---  CBRANCH (ram, 0x102530, 1) , (unique, 0x1100, 1)  
2025-09-08 14:13:13 INFO  (GhidraScript) tflite_analyzer.py>     Usage Type:          BRANCH_CONDITION_TAINTED  
2025-09-08 14:13:13 INFO  (GhidraScript) tflite_analyzer.py>     Tainted Component:   UNNAMED(UniquePcode[0x1100])  
2025-09-08 14:13:13 INFO  (GhidraScript) tflite_analyzer.py>     Details:             Tainted condition for branch.  
2025-09-08 14:13:13 INFO  (GhidraScript) tflite_analyzer.py> ----------------------------------------  
2025-09-08 14:13:13 INFO  (GhidraScript) tflite_analyzer.py> Usage #13:  
2025-09-08 14:13:13 INFO  (GhidraScript) tflite_analyzer.py>   Originating Lib Call: ['operator']  
2025-09-08 14:13:13 INFO  (GhidraScript) tflite_analyzer.py>   Found In Function:   main at 00101dd8  
2025-09-08 14:13:13 INFO  (GhidraScript) tflite_analyzer.py>   Instruction Address: 0010240c  
2025-09-08 14:13:13 INFO  (GhidraScript) tflite_analyzer.py>     PCode Op:             ---  CBRANCH (ram, 0x10251c, 1) , (unique, 0x1100, 1)  
2025-09-08 14:13:13 INFO  (GhidraScript) tflite_analyzer.py>     Usage Type:          BRANCH_CONDITION_TAINTED  
2025-09-08 14:13:13 INFO  (GhidraScript) tflite_analyzer.py>     Tainted Component:   UNNAMED(UniquePcode[0x1100])  
2025-09-08 14:13:13 INFO  (GhidraScript) tflite_analyzer.py>     Details:             Tainted condition for branch.  
2025-09-08 14:13:13 INFO  (GhidraScript) tflite_analyzer.py> ----------------------------------------  
2025-09-08 14:13:13 INFO  (GhidraScript) tflite_analyzer.py> Usage #14:  
2025-09-08 14:13:13 INFO  (GhidraScript) tflite_analyzer.py>   Originating Lib Call: ['operator']  
2025-09-08 14:13:13 INFO  (GhidraScript) tflite_analyzer.py>   Found In Function:   main at 00101dd8  
2025-09-08 14:13:13 INFO  (GhidraScript) tflite_analyzer.py>   Instruction Address: 001025c8  
2025-09-08 14:13:13 INFO  (GhidraScript) tflite_analyzer.py>     PCode Op:             ---  CBRANCH (ram, 0x1026a8, 1) , (unique, 0x1100, 1)  
2025-09-08 14:13:13 INFO  (GhidraScript) tflite_analyzer.py>     Usage Type:          BRANCH_CONDITION_TAINTED  
2025-09-08 14:13:13 INFO  (GhidraScript) tflite_analyzer.py>     Tainted Component:   UNNAMED(UniquePcode[0x1100])  
2025-09-08 14:13:13 INFO  (GhidraScript) tflite_analyzer.py>     Details:             Tainted condition for branch.  
2025-09-08 14:13:13 INFO  (GhidraScript) tflite_analyzer.py> ----------------------------------------  
2025-09-08 14:13:13 INFO  (GhidraScript) tflite_analyzer.py> Usage #15:  
2025-09-08 14:13:13 INFO  (GhidraScript) tflite_analyzer.py>   Originating Lib Call: ['operator']  
2025-09-08 14:13:13 INFO  (GhidraScript) tflite_analyzer.py>   Found In Function:   main at 00101dd8  
2025-09-08 14:13:13 INFO  (GhidraScript) tflite_analyzer.py>   Instruction Address: 001025e0  
2025-09-08 14:13:13 INFO  (GhidraScript) tflite_analyzer.py>     PCode Op:             ---  CBRANCH (ram, 0x102694, 1) , (unique, 0x1100, 1)  
2025-09-08 14:13:13 INFO  (GhidraScript) tflite_analyzer.py>     Usage Type:          BRANCH_CONDITION_TAINTED  
2025-09-08 14:13:13 INFO  (GhidraScript) tflite_analyzer.py>     Tainted Component:   UNNAMED(UniquePcode[0x1100])  
2025-09-08 14:13:13 INFO  (GhidraScript) tflite_analyzer.py>     Details:             Tainted condition for branch.  
2025-09-08 14:13:13 INFO  (GhidraScript) tflite_analyzer.py> ----------------------------------------  
2025-09-08 14:13:13 INFO  (GhidraScript) tflite_analyzer.py> Usage #16:  
2025-09-08 14:13:13 INFO  (GhidraScript) tflite_analyzer.py>   Originating Lib Call: ['operator']  
2025-09-08 14:13:13 INFO  (GhidraScript) tflite_analyzer.py>   Found In Function:   main at 00101dd8  
2025-09-08 14:13:13 INFO  (GhidraScript) tflite_analyzer.py>   Instruction Address: 001025f8  
2025-09-08 14:13:13 INFO  (GhidraScript) tflite_analyzer.py>     PCode Op:             ---  CBRANCH (ram, 0x102680, 1) , (unique, 0x1100, 1)  
2025-09-08 14:13:13 INFO  (GhidraScript) tflite_analyzer.py>     Usage Type:          BRANCH_CONDITION_TAINTED  
2025-09-08 14:13:13 INFO  (GhidraScript) tflite_analyzer.py>     Tainted Component:   UNNAMED(UniquePcode[0x1100])  
2025-09-08 14:13:13 INFO  (GhidraScript) tflite_analyzer.py>     Details:             Tainted condition for branch.  
2025-09-08 14:13:13 INFO  (GhidraScript) tflite_analyzer.py> ----------------------------------------  
2025-09-08 14:13:13 INFO  (GhidraScript) tflite_analyzer.py> Usage #17:  
2025-09-08 14:13:13 INFO  (GhidraScript) tflite_analyzer.py>   Originating Lib Call: ['operator']  
2025-09-08 14:13:13 INFO  (GhidraScript) tflite_analyzer.py>   Found In Function:   main at 00101dd8  
2025-09-08 14:13:13 INFO  (GhidraScript) tflite_analyzer.py>   Instruction Address: 00102760  
2025-09-08 14:13:13 INFO  (GhidraScript) tflite_analyzer.py>     PCode Op:             ---  CBRANCH (ram, 0x1027c4, 1) , (register, 0x100, 1)  
2025-09-08 14:13:13 INFO  (GhidraScript) tflite_analyzer.py>     Usage Type:          BRANCH_CONDITION_TAINTED  
2025-09-08 14:13:13 INFO  (GhidraScript) tflite_analyzer.py>     Tainted Component:   UNNAMED(NG)  
2025-09-08 14:13:13 INFO  (GhidraScript) tflite_analyzer.py>     Details:             Tainted condition for branch.  
2025-09-08 14:13:13 INFO  (GhidraScript) tflite_analyzer.py> ----------------------------------------  
2025-09-08 14:13:13 INFO  (GhidraScript) tflite_analyzer.py> Usage #18:  
2025-09-08 14:13:13 INFO  (GhidraScript) tflite_analyzer.py>   Originating Lib Call: ['operator']  
2025-09-08 14:13:13 INFO  (GhidraScript) tflite_analyzer.py>   Found In Function:   main at 00101dd8  
2025-09-08 14:13:13 INFO  (GhidraScript) tflite_analyzer.py>   Instruction Address: 00102784  
2025-09-08 14:13:13 INFO  (GhidraScript) tflite_analyzer.py>     PCode Op:             ---  CBRANCH (ram, 0x1027c4, 1) , (register, 0x100, 1)  
2025-09-08 14:13:13 INFO  (GhidraScript) tflite_analyzer.py>     Usage Type:          BRANCH_CONDITION_TAINTED  
2025-09-08 14:13:13 INFO  (GhidraScript) tflite_analyzer.py>     Tainted Component:   UNNAMED(NG)  
2025-09-08 14:13:13 INFO  (GhidraScript) tflite_analyzer.py>     Details:             Tainted condition for branch.  
2025-09-08 14:13:13 INFO  (GhidraScript) tflite_analyzer.py> ----------------------------------------  
2025-09-08 14:13:13 INFO  (GhidraScript) tflite_analyzer.py> Usage #19:  
2025-09-08 14:13:13 INFO  (GhidraScript) tflite_analyzer.py>   Originating Lib Call: ['operator']  
2025-09-08 14:13:13 INFO  (GhidraScript) tflite_analyzer.py>   Found In Function:   main at 00101dd8  
2025-09-08 14:13:13 INFO  (GhidraScript) tflite_analyzer.py>   Instruction Address: 001027a8  
2025-09-08 14:13:13 INFO  (GhidraScript) tflite_analyzer.py>     PCode Op:             ---  CBRANCH (ram, 0x1027c4, 1) , (register, 0x100, 1)  
2025-09-08 14:13:13 INFO  (GhidraScript) tflite_analyzer.py>     Usage Type:          BRANCH_CONDITION_TAINTED  
2025-09-08 14:13:13 INFO  (GhidraScript) tflite_analyzer.py>     Tainted Component:   UNNAMED(NG)  
2025-09-08 14:13:13 INFO  (GhidraScript) tflite_analyzer.py>     Details:             Tainted condition for branch.  
2025-09-08 14:13:13 INFO  (GhidraScript) tflite_analyzer.py> ----------------------------------------  
2025-09-08 14:13:13 INFO  (GhidraScript) tflite_analyzer.py> Usage #20:  
2025-09-08 14:13:13 INFO  (GhidraScript) tflite_analyzer.py>   Originating Lib Call: tainted_return_from_operator<<  
2025-09-08 14:13:13 INFO  (GhidraScript) tflite_analyzer.py>   Found In Function:   main at 00101dd8  
2025-09-08 14:13:13 INFO  (GhidraScript) tflite_analyzer.py>   Instruction Address: 0010213c  
2025-09-08 14:13:13 INFO  (GhidraScript) tflite_analyzer.py>     PCode Op:            (register, 0x4000, 8) CALL (ram, 0x101ac0, 8) , (register, 0x4000, 8) , (register, 0x4008, 8)  
2025-09-08 14:13:13 INFO  (GhidraScript) tflite_analyzer.py>     Usage Type:          TAINTED_ARG_TO_CALL_RECURSION  
2025-09-08 14:13:13 INFO  (GhidraScript) tflite_analyzer.py>     Details:             Recursive call to operator<< (CALL) with taints: param_1(x0).  
2025-09-08 14:13:13 INFO  (GhidraScript) tflite_analyzer.py> ----------------------------------------  
2025-09-08 14:13:13 INFO  (GhidraScript) tflite_analyzer.py> Usage #21:  
2025-09-08 14:13:13 INFO  (GhidraScript) tflite_analyzer.py>   Originating Lib Call: tainted_return_from_operator<<  
2025-09-08 14:13:13 INFO  (GhidraScript) tflite_analyzer.py>   Found In Function:   operator<< at 00101ac0  
2025-09-08 14:13:13 INFO  (GhidraScript) tflite_analyzer.py>   Instruction Address: 00101acc  
2025-09-08 14:13:13 INFO  (GhidraScript) tflite_analyzer.py>     PCode Op:            (register, 0x4000, 8) CALL (ram, 0x121078, 8) , (register, 0x4000, 8) , (register, 0x4008, 8)  
2025-09-08 14:13:13 INFO  (GhidraScript) tflite_analyzer.py>     Usage Type:          TAINTED_ARG_TO_CALL_RECURSION  
2025-09-08 14:13:13 INFO  (GhidraScript) tflite_analyzer.py>     Details:             Recursive call to operator<< (CALL) with taints: param_1(x0).  
2025-09-08 14:13:13 INFO  (GhidraScript) tflite_analyzer.py> ----------------------------------------  
2025-09-08 14:13:13 INFO  (GhidraScript) tflite_analyzer.py> Usage #22:  
2025-09-08 14:13:13 INFO  (GhidraScript) tflite_analyzer.py>   Originating Lib Call: tainted_return_from_operator<<  
2025-09-08 14:13:13 INFO  (GhidraScript) tflite_analyzer.py>   Found In Function:   main at 00101dd8  
2025-09-08 14:13:13 INFO  (GhidraScript) tflite_analyzer.py>   Instruction Address: 001023dc  
2025-09-08 14:13:13 INFO  (GhidraScript) tflite_analyzer.py>     PCode Op:             ---  CBRANCH (ram, 0x102544, 1) , (unique, 0x1100, 1)  
2025-09-08 14:13:13 INFO  (GhidraScript) tflite_analyzer.py>     Usage Type:          BRANCH_CONDITION_TAINTED  
2025-09-08 14:13:13 INFO  (GhidraScript) tflite_analyzer.py>     Tainted Component:   UNNAMED(UniquePcode[0x1100])  
2025-09-08 14:13:13 INFO  (GhidraScript) tflite_analyzer.py>     Details:             Tainted condition for branch.  
2025-09-08 14:13:13 INFO  (GhidraScript) tflite_analyzer.py> ----------------------------------------  
2025-09-08 14:13:13 INFO  (GhidraScript) tflite_analyzer.py> Usage #23:  
2025-09-08 14:13:13 INFO  (GhidraScript) tflite_analyzer.py>   Originating Lib Call: tainted_return_from_operator<<  
2025-09-08 14:13:13 INFO  (GhidraScript) tflite_analyzer.py>   Found In Function:   main at 00101dd8  
2025-09-08 14:13:13 INFO  (GhidraScript) tflite_analyzer.py>   Instruction Address: 001023f4  
2025-09-08 14:13:13 INFO  (GhidraScript) tflite_analyzer.py>     PCode Op:             ---  CBRANCH (ram, 0x102530, 1) , (unique, 0x1100, 1)  
2025-09-08 14:13:13 INFO  (GhidraScript) tflite_analyzer.py>     Usage Type:          BRANCH_CONDITION_TAINTED  
2025-09-08 14:13:13 INFO  (GhidraScript) tflite_analyzer.py>     Tainted Component:   UNNAMED(UniquePcode[0x1100])  
2025-09-08 14:13:13 INFO  (GhidraScript) tflite_analyzer.py>     Details:             Tainted condition for branch.  
2025-09-08 14:13:13 INFO  (GhidraScript) tflite_analyzer.py> ----------------------------------------  
2025-09-08 14:13:13 INFO  (GhidraScript) tflite_analyzer.py> Usage #24:  
2025-09-08 14:13:13 INFO  (GhidraScript) tflite_analyzer.py>   Originating Lib Call: tainted_return_from_operator<<  
2025-09-08 14:13:13 INFO  (GhidraScript) tflite_analyzer.py>   Found In Function:   main at 00101dd8  
2025-09-08 14:13:13 INFO  (GhidraScript) tflite_analyzer.py>   Instruction Address: 0010240c  
2025-09-08 14:13:13 INFO  (GhidraScript) tflite_analyzer.py>     PCode Op:             ---  CBRANCH (ram, 0x10251c, 1) , (unique, 0x1100, 1)  
2025-09-08 14:13:13 INFO  (GhidraScript) tflite_analyzer.py>     Usage Type:          BRANCH_CONDITION_TAINTED  
2025-09-08 14:13:13 INFO  (GhidraScript) tflite_analyzer.py>     Tainted Component:   UNNAMED(UniquePcode[0x1100])  
2025-09-08 14:13:13 INFO  (GhidraScript) tflite_analyzer.py>     Details:             Tainted condition for branch.  
2025-09-08 14:13:13 INFO  (GhidraScript) tflite_analyzer.py> ----------------------------------------  
2025-09-08 14:13:13 INFO  (GhidraScript) tflite_analyzer.py> Usage #25:  
2025-09-08 14:13:13 INFO  (GhidraScript) tflite_analyzer.py>   Originating Lib Call: tainted_return_from_operator<<  
2025-09-08 14:13:13 INFO  (GhidraScript) tflite_analyzer.py>   Found In Function:   main at 00101dd8  
2025-09-08 14:13:13 INFO  (GhidraScript) tflite_analyzer.py>   Instruction Address: 001025c8  
2025-09-08 14:13:13 INFO  (GhidraScript) tflite_analyzer.py>     PCode Op:             ---  CBRANCH (ram, 0x1026a8, 1) , (unique, 0x1100, 1)  
2025-09-08 14:13:13 INFO  (GhidraScript) tflite_analyzer.py>     Usage Type:          BRANCH_CONDITION_TAINTED  
2025-09-08 14:13:13 INFO  (GhidraScript) tflite_analyzer.py>     Tainted Component:   UNNAMED(UniquePcode[0x1100])  
2025-09-08 14:13:13 INFO  (GhidraScript) tflite_analyzer.py>     Details:             Tainted condition for branch.  
2025-09-08 14:13:13 INFO  (GhidraScript) tflite_analyzer.py> ----------------------------------------  
2025-09-08 14:13:13 INFO  (GhidraScript) tflite_analyzer.py> Usage #26:  
2025-09-08 14:13:13 INFO  (GhidraScript) tflite_analyzer.py>   Originating Lib Call: tainted_return_from_operator<<  
2025-09-08 14:13:13 INFO  (GhidraScript) tflite_analyzer.py>   Found In Function:   main at 00101dd8  
2025-09-08 14:13:13 INFO  (GhidraScript) tflite_analyzer.py>   Instruction Address: 001025e0  
2025-09-08 14:13:13 INFO  (GhidraScript) tflite_analyzer.py>     PCode Op:             ---  CBRANCH (ram, 0x102694, 1) , (unique, 0x1100, 1)  
2025-09-08 14:13:13 INFO  (GhidraScript) tflite_analyzer.py>     Usage Type:          BRANCH_CONDITION_TAINTED  
2025-09-08 14:13:13 INFO  (GhidraScript) tflite_analyzer.py>     Tainted Component:   UNNAMED(UniquePcode[0x1100])  
2025-09-08 14:13:13 INFO  (GhidraScript) tflite_analyzer.py>     Details:             Tainted condition for branch.  
2025-09-08 14:13:13 INFO  (GhidraScript) tflite_analyzer.py> ----------------------------------------  
2025-09-08 14:13:13 INFO  (GhidraScript) tflite_analyzer.py> Usage #27:  
2025-09-08 14:13:13 INFO  (GhidraScript) tflite_analyzer.py>   Originating Lib Call: tainted_return_from_operator<<  
2025-09-08 14:13:13 INFO  (GhidraScript) tflite_analyzer.py>   Found In Function:   main at 00101dd8  
2025-09-08 14:13:13 INFO  (GhidraScript) tflite_analyzer.py>   Instruction Address: 001025f8  
2025-09-08 14:13:13 INFO  (GhidraScript) tflite_analyzer.py>     PCode Op:             ---  CBRANCH (ram, 0x102680, 1) , (unique, 0x1100, 1)  
2025-09-08 14:13:13 INFO  (GhidraScript) tflite_analyzer.py>     Usage Type:          BRANCH_CONDITION_TAINTED  
2025-09-08 14:13:13 INFO  (GhidraScript) tflite_analyzer.py>     Tainted Component:   UNNAMED(UniquePcode[0x1100])  
2025-09-08 14:13:13 INFO  (GhidraScript) tflite_analyzer.py>     Details:             Tainted condition for branch.  
2025-09-08 14:13:13 INFO  (GhidraScript) tflite_analyzer.py> ----------------------------------------  
2025-09-08 14:13:13 INFO  (GhidraScript) tflite_analyzer.py> Usage #28:  
2025-09-08 14:13:13 INFO  (GhidraScript) tflite_analyzer.py>   Originating Lib Call: tainted_return_from_operator<<  
2025-09-08 14:13:13 INFO  (GhidraScript) tflite_analyzer.py>   Found In Function:   main at 00101dd8  
2025-09-08 14:13:13 INFO  (GhidraScript) tflite_analyzer.py>   Instruction Address: 00102760  
2025-09-08 14:13:13 INFO  (GhidraScript) tflite_analyzer.py>     PCode Op:             ---  CBRANCH (ram, 0x1027c4, 1) , (register, 0x100, 1)  
2025-09-08 14:13:13 INFO  (GhidraScript) tflite_analyzer.py>     Usage Type:          BRANCH_CONDITION_TAINTED  
2025-09-08 14:13:13 INFO  (GhidraScript) tflite_analyzer.py>     Tainted Component:   UNNAMED(NG)  
2025-09-08 14:13:13 INFO  (GhidraScript) tflite_analyzer.py>     Details:             Tainted condition for branch.  
2025-09-08 14:13:13 INFO  (GhidraScript) tflite_analyzer.py> ----------------------------------------  
2025-09-08 14:13:13 INFO  (GhidraScript) tflite_analyzer.py> Usage #29:  
2025-09-08 14:13:13 INFO  (GhidraScript) tflite_analyzer.py>   Originating Lib Call: tainted_return_from_operator<<  
2025-09-08 14:13:13 INFO  (GhidraScript) tflite_analyzer.py>   Found In Function:   main at 00101dd8  
2025-09-08 14:13:13 INFO  (GhidraScript) tflite_analyzer.py>   Instruction Address: 00102784  
2025-09-08 14:13:13 INFO  (GhidraScript) tflite_analyzer.py>     PCode Op:             ---  CBRANCH (ram, 0x1027c4, 1) , (register, 0x100, 1)  
2025-09-08 14:13:13 INFO  (GhidraScript) tflite_analyzer.py>     Usage Type:          BRANCH_CONDITION_TAINTED  
2025-09-08 14:13:13 INFO  (GhidraScript) tflite_analyzer.py>     Tainted Component:   UNNAMED(NG)  
2025-09-08 14:13:13 INFO  (GhidraScript) tflite_analyzer.py>     Details:             Tainted condition for branch.  
2025-09-08 14:13:13 INFO  (GhidraScript) tflite_analyzer.py> ----------------------------------------  
2025-09-08 14:13:13 INFO  (GhidraScript) tflite_analyzer.py> Usage #30:  
2025-09-08 14:13:13 INFO  (GhidraScript) tflite_analyzer.py>   Originating Lib Call: tainted_return_from_operator<<  
2025-09-08 14:13:13 INFO  (GhidraScript) tflite_analyzer.py>   Found In Function:   main at 00101dd8  
2025-09-08 14:13:13 INFO  (GhidraScript) tflite_analyzer.py>   Instruction Address: 001027a8  
2025-09-08 14:13:13 INFO  (GhidraScript) tflite_analyzer.py>     PCode Op:             ---  CBRANCH (ram, 0x1027c4, 1) , (register, 0x100, 1)  
2025-09-08 14:13:13 INFO  (GhidraScript) tflite_analyzer.py>     Usage Type:          BRANCH_CONDITION_TAINTED  
2025-09-08 14:13:13 INFO  (GhidraScript) tflite_analyzer.py>     Tainted Component:   UNNAMED(NG)  
2025-09-08 14:13:13 INFO  (GhidraScript) tflite_analyzer.py>     Details:             Tainted condition for branch.  
2025-09-08 14:13:13 INFO  (GhidraScript) tflite_analyzer.py> ----------------------------------------  
2025-09-08 14:13:13 INFO  (GhidraScript) tflite_analyzer.py> INFO: TAINT_ANALYSIS_JSON_OUTPUT env var found. Saving results to: /Users/chenkexin/Desktop/kk/test_taint/results/fsanet_headpose_tflite_clang_O0_taint_analysis_results.json  
2025-09-08 14:13:13 INFO  (GhidraScript) tflite_analyzer.py> Taint analysis results saved to: /Users/chenkexin/Desktop/kk/test_taint/results/fsanet_headpose_tflite_clang_O0_taint_analysis_results.json  
2025-09-08 14:13:13 ERROR (GhidraScript) tflite_analyzer.py> WARN: Could not find preceding comparison for branch at 00101f50.  
2025-09-08 14:13:13 ERROR (GhidraScript) tflite_analyzer.py> WARN: Could not find preceding comparison for branch at 00101f60.  
2025-09-08 14:13:13 ERROR (GhidraScript) tflite_analyzer.py> WARN: Could not find preceding comparison for branch at 00102110.  
2025-09-08 14:13:14 INFO  (GhidraScript) tflite_analyzer.py> SUCCESS: Hook configuration saved to: /Users/chenkexin/Desktop/kk/test_taint/results/fsanet_headpose_tflite_clang_O0_hook_config.json  
2025-09-08 14:13:14 INFO  (GhidraScript) tflite_analyzer.py> TFLite Taint Analyzer finished.  
2025-09-08 14:13:14 INFO  (HeadlessAnalyzer) ANALYZING changes made by post scripts: file:///Users/chenkexin/Desktop/kk/test_taint/assets/merged_bin/fsanet_headpose_tflite_clang_O0  
2025-09-08 14:13:14 INFO  (HeadlessAnalyzer) REPORT: Post-analysis succeeded for file: file:///Users/chenkexin/Desktop/kk/test_taint/assets/merged_bin/fsanet_headpose_tflite_clang_O0  
2025-09-08 14:13:14 INFO  (HeadlessAnalyzer) REPORT: Save succeeded for: /fsanet_headpose_tflite_clang_O0 (all_binaries_analysis:/fsanet_headpose_tflite_clang_O0)  
2025-09-08 14:13:14 INFO  (HeadlessAnalyzer) REPORT: Import succeeded  
2025-09-08 14:13:14 DEBUG (DefaultProjectData) Closing ProjectData: /Users/chenkexin/Desktop/kk/test_taint/ghidra_projects/all_binaries_analysis.rep  
2025-09-08 14:13:14 DEBUG (DefaultProjectData) Disposing ProjectData: /Users/chenkexin/Desktop/kk/test_taint/ghidra_projects/all_binaries_analysis.rep  
