2025-09-08 14:10:49 INFO  (LoggingInitialization) Using log config file: jar:file:/Applications/ghidra_11.0.3_PUBLIC/Ghidra/Framework/Generic/lib/Generic.jar!/generic.log4j.xml  
2025-09-08 14:10:49 INFO  (LoggingInitialization) Using log file: /Users/chenkexin/Desktop/kk/test_taint/logs/fsanet_headpose_mnn_gcc_O0_headless_analysis.log  
2025-09-08 14:10:49 INFO  (Preferences) Loading user preferences: /Users/chenkexin/.ghidra/.ghidra_11.0.3_PUBLIC/preferences  
2025-09-08 14:10:49 INFO  (Preferences) Loading previous preferences: /Users/chenkexin/.ghidra/.ghidra_10.4_PUBLIC/preferences  
2025-09-08 14:10:49 INFO  (ClassSearcher) Searching for classes...  
2025-09-08 14:10:51 INFO  (ClassSearcher) Class search complete (1568 ms)  
2025-09-08 14:10:51 INFO  (SSLContextInitializer) Initializing SSL Context  
2025-09-08 14:10:51 INFO  (SecureRandomFactory) Initializing Random Number Generator...  
2025-09-08 14:10:51 INFO  (SecureRandomFactory) Random Number Generator initialization complete: NativePRNGNonBlocking  
2025-09-08 14:10:51 INFO  (ApplicationTrustManagerFactory) Trust manager disabled, cacerts have not been set  
2025-09-08 14:10:52 INFO  (HeadlessAnalyzer) HEADLESS Script Paths:
    /Applications/ghidra_11.0.3_PUBLIC/Ghidra/Processors/8051/ghidra_scripts
    /Applications/ghidra_11.0.3_PUBLIC/Ghidra/Features/FileFormats/ghidra_scripts
    /Applications/ghidra_11.0.3_PUBLIC/Ghidra/Features/Base/ghidra_scripts
    /Applications/ghidra_11.0.3_PUBLIC/Ghidra/Features/Python/ghidra_scripts
    /Applications/ghidra_11.0.3_PUBLIC/Ghidra/Features/GnuDemangler/ghidra_scripts
    /Applications/ghidra_11.0.3_PUBLIC/Ghidra/Features/SystemEmulation/ghidra_scripts
    /Applications/ghidra_11.0.3_PUBLIC/Ghidra/Features/MicrosoftCodeAnalyzer/ghidra_scripts
    /Applications/ghidra_11.0.3_PUBLIC/Ghidra/Features/BytePatterns/ghidra_scripts
    /Applications/ghidra_11.0.3_PUBLIC/Ghidra/Features/Decompiler/ghidra_scripts
    /Applications/ghidra_11.0.3_PUBLIC/Ghidra/Processors/Atmel/ghidra_scripts
    /Applications/ghidra_11.0.3_PUBLIC/Ghidra/Debug/Debugger-agent-frida/ghidra_scripts
    /Applications/ghidra_11.0.3_PUBLIC/Ghidra/Features/FunctionID/ghidra_scripts
    /Applications/ghidra_11.0.3_PUBLIC/Ghidra/Processors/JVM/ghidra_scripts
    /Applications/ghidra_11.0.3_PUBLIC/Ghidra/Processors/PIC/ghidra_scripts
    /Applications/ghidra_11.0.3_PUBLIC/Ghidra/Features/BSim/ghidra_scripts
    /Applications/ghidra_11.0.3_PUBLIC/Ghidra/Features/PDB/ghidra_scripts
    /Applications/ghidra_11.0.3_PUBLIC/Ghidra/Processors/DATA/ghidra_scripts
    /Users/chenkexin/ghidra_scripts
    /Users/chenkexin/Desktop/kk/test_taint
    /Applications/ghidra_11.0.3_PUBLIC/Ghidra/Debug/Debugger-agent-dbgmodel-traceloader/ghidra_scripts
    /Applications/ghidra_11.0.3_PUBLIC/Ghidra/Debug/Debugger-rmi-trace/ghidra_scripts
    /Applications/ghidra_11.0.3_PUBLIC/Ghidra/Features/VersionTracking/ghidra_scripts
    /Applications/ghidra_11.0.3_PUBLIC/Ghidra/Debug/Debugger/ghidra_scripts  
2025-09-08 14:10:52 INFO  (HeadlessAnalyzer) HEADLESS: execution starts  
2025-09-08 14:10:52 INFO  (HeadlessAnalyzer) Opening existing project: /Users/chenkexin/Desktop/kk/test_taint/ghidra_projects/all_binaries_analysis  
2025-09-08 14:10:52 INFO  (HeadlessProject) Opening project: /Users/chenkexin/Desktop/kk/test_taint/ghidra_projects/all_binaries_analysis  
2025-09-08 14:10:52 INFO  (HeadlessAnalyzer) REPORT: Processing input files:   
2025-09-08 14:10:52 INFO  (HeadlessAnalyzer)      project: /Users/chenkexin/Desktop/kk/test_taint/ghidra_projects/all_binaries_analysis  
2025-09-08 14:10:52 INFO  (HeadlessAnalyzer) IMPORTING: file:///Users/chenkexin/Desktop/kk/test_taint/assets/merged_bin/fsanet_headpose_mnn_gcc_O0  
2025-09-08 14:10:54 INFO  (AutoImporter) Using Loader: Executable and Linking Format (ELF)  
2025-09-08 14:10:54 INFO  (AutoImporter) Using Language/Compiler: AARCH64:LE:64:v8A:default  
2025-09-08 14:10:54 DEBUG (ElfHeader) Elf symbol table section .dynsym linked to string table section .dynstr  
2025-09-08 14:10:54 DEBUG (ElfHeader) Elf symbol table section .symtab linked to string table section .strtab  
2025-09-08 14:10:54 DEBUG (ElfHeader) Elf relocation table section .rela.dyn linked to symbol table section .dynsym affecting PT_LOAD  
2025-09-08 14:10:54 DEBUG (ElfHeader) Elf relocation table section .rela.plt linked to symbol table section .dynsym affecting .got  
2025-09-08 14:10:55 DEBUG (ElfProgramBuilder) Discarding 1-byte alignment/filler segment_2.3 at 00100253  
2025-09-08 14:10:55 DEBUG (ElfProgramBuilder) Discarding 1-byte alignment/filler segment_2.9 at 00101625  
2025-09-08 14:10:55 DEBUG (ElfProgramBuilder) Discarding 4-byte alignment/filler segment_2.11 at 001016bc  
2025-09-08 14:10:55 DEBUG (ElfProgramBuilder) Discarding 48-byte alignment/filler segment_2.17 at 001024d0  
2025-09-08 14:10:55 DEBUG (ElfProgramBuilder) Discarding 4-byte alignment/filler segment_2.20 at 00104f34  
2025-09-08 14:10:55 DEBUG (ElfProgramBuilder) Discarding 1-byte alignment/filler segment_2.22 at 0010514f  
2025-09-08 14:10:55 DEBUG (ElfProgramBuilder) Discarding 4-byte alignment/filler segment_2.24 at 0010556c  
2025-09-08 14:10:55 WARN  (ElfRelocationHandler) EXTERNAL Data Elf Relocation with offset: at 0011fb00 (External Location = _ZTVN10__cxxabiv120__si_class_type_infoE+0x10)  
2025-09-08 14:10:55 WARN  (ElfRelocationHandler) EXTERNAL Data Elf Relocation with offset: at 0011fb18 (External Location = _ZTVN10__cxxabiv120__si_class_type_infoE+0x10)  
2025-09-08 14:10:55 WARN  (ElfRelocationHandler) EXTERNAL Data Elf Relocation with offset: at 0011fb30 (External Location = _ZTVN10__cxxabiv120__si_class_type_infoE+0x10)  
2025-09-08 14:10:55 WARN  (ElfRelocationHandler) EXTERNAL Data Elf Relocation with offset: at 0011fb48 (External Location = _ZTVN10__cxxabiv117__class_type_infoE+0x10)  
2025-09-08 14:10:56 INFO  (HeadlessAnalyzer) IMPORTING: Loaded 0 additional files  
2025-09-08 14:10:56 INFO  (HeadlessAnalyzer) ANALYZING all memory and code: file:///Users/chenkexin/Desktop/kk/test_taint/assets/merged_bin/fsanet_headpose_mnn_gcc_O0  
2025-09-08 14:10:56 ERROR (DWARFAnalyzer) Error during DWARFAnalyzer import:  ghidra.app.util.bin.format.dwarf4.DWARFException: Only DWARF version 2, 3, or 4 information is currently supported (detected 5).
	at ghidra.app.util.bin.format.dwarf4.DWARFCompilationUnit.readCompilationUnit(DWARFCompilationUnit.java:155)
	at ghidra.app.util.bin.format.dwarf4.next.DWARFProgram.bootstrapCompilationUnits(DWARFProgram.java:629)
	at ghidra.app.util.bin.format.dwarf4.next.DWARFProgram.<init>(DWARFProgram.java:262)
	at ghidra.app.plugin.core.analysis.DWARFAnalyzer.added(DWARFAnalyzer.java:109)
	at ghidra.app.plugin.core.analysis.AnalysisScheduler.runAnalyzer(AnalysisScheduler.java:186)
	at ghidra.app.plugin.core.analysis.AnalysisTask.applyTo(AnalysisTask.java:39)
	at ghidra.app.plugin.core.analysis.AutoAnalysisManager$AnalysisTaskWrapper.run(AutoAnalysisManager.java:686)
	at ghidra.app.plugin.core.analysis.AutoAnalysisManager.startAnalysis(AutoAnalysisManager.java:786)
	at ghidra.app.plugin.core.analysis.AutoAnalysisManager.startAnalysis(AutoAnalysisManager.java:665)
	at ghidra.app.plugin.core.analysis.AutoAnalysisManager.startAnalysis(AutoAnalysisManager.java:630)
	at ghidra.app.util.headless.HeadlessAnalyzer.analyzeProgram(HeadlessAnalyzer.java:1029)
	at ghidra.app.util.headless.HeadlessAnalyzer.processFileWithImport(HeadlessAnalyzer.java:1552)
	at ghidra.app.util.headless.HeadlessAnalyzer.processWithLoader(HeadlessAnalyzer.java:1734)
	at ghidra.app.util.headless.HeadlessAnalyzer.processWithImport(HeadlessAnalyzer.java:1675)
	at ghidra.app.util.headless.HeadlessAnalyzer.processWithImport(HeadlessAnalyzer.java:1759)
	at ghidra.app.util.headless.HeadlessAnalyzer.processLocal(HeadlessAnalyzer.java:460)
	at ghidra.app.util.headless.AnalyzeHeadless.launch(AnalyzeHeadless.java:127)
	at ghidra.GhidraLauncher.launch(GhidraLauncher.java:78)
	at ghidra.Ghidra.main(Ghidra.java:54)
 
2025-09-08 14:10:59 INFO  (PackedDatabaseCache) Packed database cache: /var/folders/kn/fw_2jn054bq5f73czrm_91nc0000gn/T/chenkexin-Ghidra/packed-db-cache  
2025-09-08 14:10:59 DEBUG (PackedDatabaseCache) Using cached packed database: /Applications/ghidra_11.0.3_PUBLIC/Ghidra/Features/Base/data/typeinfo/generic/generic_clib_64.gdt  
2025-09-08 14:11:00 INFO  (ApplyDataArchiveAnalyzer) Applied data type archive: generic_clib_64  
2025-09-08 14:11:01 WARN  (DemangledAddressTable) Unable to fully apply external demangled Address Table at 00121048: __cxxabiv1::__class_type_info::vtable  
2025-09-08 14:11:01 WARN  (DemangledAddressTable) Unable to fully apply external demangled Address Table at 001211d0: __cxxabiv1::__si_class_type_info::vtable  
2025-09-08 14:11:03 INFO  (AutoAnalysisManager) -----------------------------------------------------
    AARCH64 ELF PLT Thunks                     0.231 secs
    ASCII Strings                              0.260 secs
    Apply Data Archives                        1.247 secs
    Basic Constant Reference Analyzer          0.761 secs
    Call Convention ID                         0.684 secs
    Call-Fixup Installer                       0.034 secs
    Create Address Tables                      0.041 secs
    Create Address Tables - One Time           0.019 secs
    Create Function                            0.000 secs
    DWARF                                      0.065 secs
    Data Reference                             0.035 secs
    Decompiler Switch Analysis                 0.141 secs
    Demangler GNU                              0.758 secs
    Disassemble Entry Points                   0.147 secs
    Embedded Media                             0.015 secs
    External Entry References                  0.002 secs
    Function Start Search                      0.076 secs
    Function Start Search After Code           0.083 secs
    Function Start Search After Data           0.029 secs
    Function Start Search delayed - One Time   0.003 secs
    GCC Exception Handlers                     1.327 secs
    Non-Returning Functions - Discovered       0.029 secs
    Non-Returning Functions - Known            0.019 secs
    Reference                                  0.103 secs
    Shared Return Calls                        0.028 secs
    Stack                                      0.591 secs
    Subroutine References                      0.024 secs
-----------------------------------------------------
     Total Time   6 secs
-----------------------------------------------------
  
2025-09-08 14:11:03 INFO  (HeadlessAnalyzer) REPORT: Analysis succeeded for file: file:///Users/chenkexin/Desktop/kk/test_taint/assets/merged_bin/fsanet_headpose_mnn_gcc_O0  
2025-09-08 14:11:03 INFO  (HeadlessAnalyzer) SCRIPT: /Users/chenkexin/Desktop/kk/test_taint/mnn_analyzer.py  
2025-09-08 14:11:08 INFO  (GhidraScript) mnn_analyzer.py> INFO: Searching for functions, thunks, and call sites related to keywords: ['getSessionOutput']  
2025-09-08 14:11:08 INFO  (GhidraScript) mnn_analyzer.py> INFO: Found function 'getSessionOutput'. Searching for its thunks.  
2025-09-08 14:11:08 INFO  (GhidraScript) mnn_analyzer.py> INFO: Found thunk 'getSessionOutput' at 001022e0 for function.  
2025-09-08 14:11:08 INFO  (GhidraScript) mnn_analyzer.py> INFO: Found thunk 'getSessionOutput' at 00121110 for function.  
2025-09-08 14:11:08 INFO  (GhidraScript) mnn_analyzer.py> INFO: Found 3 unique call sites. Analyzing each...  
2025-09-08 14:11:08 INFO  (GhidraScript) mnn_analyzer.py> 
--- Starting Stage 1 Taint Analysis from '['getSessionOutput']' call sites ---  
2025-09-08 14:11:08 INFO  (GhidraScript) mnn_analyzer.py> 
--- Analyzing Call Site #1057516 at 001022ec ---  
2025-09-08 14:11:08 INFO  (GhidraScript) mnn_analyzer.py> DEBUG: Parent (caller): getSessionOutput at 001022e0  
2025-09-08 14:11:08 INFO  (GhidraScript) mnn_analyzer.py> INFO: Call at 001022ec has no output varnode. Nothing to taint. Skipping.  
2025-09-08 14:11:08 INFO  (GhidraScript) mnn_analyzer.py> 
--- Analyzing Call Site #1059776 at 00102bc0 ---  
2025-09-08 14:11:08 INFO  (GhidraScript) mnn_analyzer.py> DEBUG: Parent (caller): main at 00102658  
2025-09-08 14:11:09 INFO  (GhidraScript) mnn_analyzer.py> 
--- Initiating Taint Analysis for: main (call at 00102bc0) ---  
2025-09-08 14:11:09 INFO  (GhidraScript) mnn_analyzer.py> DEBUG: Taint source is the return value of the call: UNNAMED(UniquePcode[0x10000c5b])  
2025-09-08 14:11:09 INFO  (GhidraScript) mnn_analyzer.py> \n>>> Analyzing function: main (Depth: 0) at 00102658 (Originating from: ['getSessionOutput']) with initial taints: UNNAMED(UniquePcode[0x10000c5b])  
2025-09-08 14:11:09 INFO  (GhidraScript) mnn_analyzer.py>   - [STACK_SEARCH.0] Analyzing varnode: (unique, 0x10000c5b, 8)  
2025-09-08 14:11:09 INFO  (GhidraScript) mnn_analyzer.py>   - [STACK_SEARCH.0] Details: isAddress=0, addr=unique:10000c5b, isStackAddress=0  
2025-09-08 14:11:09 INFO  (GhidraScript) mnn_analyzer.py>   - [STACK_SEARCH.0] Def P-Code Op: (unique, 0x10000c5b, 8) CALL (ram, 0x1022e0, 8) , (register, 0x4000, 8) , (stack, 0xfffffffffffffcb0, 8)  
2025-09-08 14:11:09 INFO  (GhidraScript) mnn_analyzer.py>   - [STACK_SEARCH.0] Mnemonic 'CALL' is not a handled case. Aborting path.  
2025-09-08 14:11:09 INFO  (GhidraScript) mnn_analyzer.py> \nDEBUG: Reached specified start PcodeOp (unique, 0x10000c5b, 8) CALL (ram, 0x1022e0, 8) , (register, 0x4000, 8) , (stack, 0xfffffffffffffcb0, 8) at 00102bc0 in main, subsequent ops will be processed.  
2025-09-08 14:11:09 INFO  (GhidraScript) mnn_analyzer.py> DEBUG: [main @ 00102bc0] Taint propagated from UNNAMED(UniquePcode[0x10000c5b]) to local_340(StackDirect[Stack[-0x340]]) via CAST.  
2025-09-08 14:11:09 INFO  (GhidraScript) mnn_analyzer.py> INFO: [MNN_RULE] Found call to 'Tensor' with a tainted argument.  
2025-09-08 14:11:09 INFO  (GhidraScript) mnn_analyzer.py> DEBUG: [MNN_RULE] Tracing `this` pointer... At VN: (unique, 0x10000c63, 8), Def_Op: (unique, 0x10000c63, 8) CAST (unique, 0x11f80, 8)  
2025-09-08 14:11:09 INFO  (GhidraScript) mnn_analyzer.py> DEBUG: [MNN_RULE] Tracing `this` pointer... At VN: (unique, 0x11f80, 8), Def_Op: (unique, 0x11f80, 8) PTRSUB (register, 0x8, 8) , (const, 0xfffffffffffffd48, 8)  
2025-09-08 14:11:09 INFO  (GhidraScript) mnn_analyzer.py> DEBUG: [MNN_RULE] Identified base register as (register, 0x8, 8) and offset as -0x2b8  
2025-09-08 14:11:09 INFO  (GhidraScript) mnn_analyzer.py> DEBUG: [MNN_RULE] Found base-relative origin. `this` offset is -0x2b8. Calculated sink offset: -0x2a8  
2025-09-08 14:11:09 ERROR (GhidraScript) mnn_analyzer.py> ERROR: [MNN_RULE] Calculated sink offset -0x2a8, but could not find a corresponding local stack variable.  
2025-09-08 14:11:09 INFO  (GhidraScript) mnn_analyzer.py> INFO: [RULE copyToHostTensor] Detected call to 'copyToHostTensor' with tainted arguments.  
2025-09-08 14:11:09 INFO  (GhidraScript) mnn_analyzer.py> INFO: [RULE copyToHostTensor] Call has no return value to taint.  
2025-09-08 14:11:09 INFO  (GhidraScript) mnn_analyzer.py> DEBUG: [LOAD_HANDLER] Checking LOAD op at 00102c08. Address varnode: (register, 0x4000, 8)  
2025-09-08 14:11:09 INFO  (GhidraScript) mnn_analyzer.py> DEBUG: [LOAD_HANDLER] POINTER_RULE FAIL: Address varnode local_338(StackDirect[Stack[-0x338]]) is not tainted (recursive check).  
2025-09-08 14:11:09 INFO  (GhidraScript) mnn_analyzer.py> DEBUG: [LOAD_HANDLER] REGION_RULE FAIL: Address pointer local_338(StackDirect[Stack[-0x338]]) is not in the tainted memory regions set.  
2025-09-08 14:11:09 INFO  (GhidraScript) mnn_analyzer.py> DEBUG: [LOAD_HANDLER] Checking LOAD op at 00102c18. Address varnode: (unique, 0x11f80, 8)  
2025-09-08 14:11:09 INFO  (GhidraScript) mnn_analyzer.py> DEBUG: [LOAD_HANDLER] POINTER_RULE FAIL: Address varnode UNNAMED(UniquePcode[0x11f80]) is not tainted (recursive check).  
2025-09-08 14:11:09 INFO  (GhidraScript) mnn_analyzer.py> DEBUG: [LOAD_HANDLER] REGION_RULE FAIL: Address pointer UNNAMED(UniquePcode[0x11f80]) is not in the tainted memory regions set.  
2025-09-08 14:11:09 INFO  (GhidraScript) mnn_analyzer.py> DEBUG: [LOAD_HANDLER] Checking LOAD op at 00102c28. Address varnode: (unique, 0x11f80, 8)  
2025-09-08 14:11:09 INFO  (GhidraScript) mnn_analyzer.py> DEBUG: [LOAD_HANDLER] POINTER_RULE FAIL: Address varnode UNNAMED(UniquePcode[0x11f80]) is not tainted (recursive check).  
2025-09-08 14:11:09 INFO  (GhidraScript) mnn_analyzer.py> DEBUG: [LOAD_HANDLER] REGION_RULE FAIL: Address pointer UNNAMED(UniquePcode[0x11f80]) is not in the tainted memory regions set.  
2025-09-08 14:11:09 INFO  (GhidraScript) mnn_analyzer.py> DEBUG: [LOAD_HANDLER] Checking LOAD op at 00102d3c. Address varnode: (register, 0x4000, 8)  
2025-09-08 14:11:09 INFO  (GhidraScript) mnn_analyzer.py> DEBUG: [LOAD_HANDLER] POINTER_RULE FAIL: Address varnode puVar14(x0) is not tainted (recursive check).  
2025-09-08 14:11:09 INFO  (GhidraScript) mnn_analyzer.py> DEBUG: [LOAD_HANDLER] REGION_RULE FAIL: Address pointer puVar14(x0) is not in the tainted memory regions set.  
2025-09-08 14:11:09 INFO  (GhidraScript) mnn_analyzer.py> DEBUG: [LOAD_HANDLER] Checking LOAD op at 00102dc4. Address varnode: (register, 0x4000, 8)  
2025-09-08 14:11:09 INFO  (GhidraScript) mnn_analyzer.py> DEBUG: [LOAD_HANDLER] POINTER_RULE FAIL: Address varnode local_318(StackDirect[Stack[-0x318]]) is not tainted (recursive check).  
2025-09-08 14:11:09 INFO  (GhidraScript) mnn_analyzer.py> DEBUG: [LOAD_HANDLER] REGION_RULE FAIL: Address pointer local_318(StackDirect[Stack[-0x318]]) is not in the tainted memory regions set.  
2025-09-08 14:11:09 INFO  (GhidraScript) mnn_analyzer.py> DEBUG: [LOAD_HANDLER] Checking LOAD op at 00102dd4. Address varnode: (unique, 0x11f80, 8)  
2025-09-08 14:11:09 INFO  (GhidraScript) mnn_analyzer.py> DEBUG: [LOAD_HANDLER] POINTER_RULE FAIL: Address varnode UNNAMED(UniquePcode[0x11f80]) is not tainted (recursive check).  
2025-09-08 14:11:09 INFO  (GhidraScript) mnn_analyzer.py> DEBUG: [LOAD_HANDLER] REGION_RULE FAIL: Address pointer UNNAMED(UniquePcode[0x11f80]) is not in the tainted memory regions set.  
2025-09-08 14:11:09 INFO  (GhidraScript) mnn_analyzer.py> DEBUG: [LOAD_HANDLER] Checking LOAD op at 00102de4. Address varnode: (unique, 0x11f80, 8)  
2025-09-08 14:11:09 INFO  (GhidraScript) mnn_analyzer.py> DEBUG: [LOAD_HANDLER] POINTER_RULE FAIL: Address varnode UNNAMED(UniquePcode[0x11f80]) is not tainted (recursive check).  
2025-09-08 14:11:09 INFO  (GhidraScript) mnn_analyzer.py> DEBUG: [LOAD_HANDLER] REGION_RULE FAIL: Address pointer UNNAMED(UniquePcode[0x11f80]) is not in the tainted memory regions set.  
2025-09-08 14:11:09 INFO  (GhidraScript) mnn_analyzer.py> DEBUG: [CBRANCH] Found defining op for condition: (unique, 0x10000712, 1) FLOAT_LESSEQUAL (const, 0x40a00000, 4) , (register, 0x5000, 4)  
2025-09-08 14:11:09 INFO  (GhidraScript) mnn_analyzer.py> INFO: [main @ 00102e60] Taint reached CBRANCH. Operands: ['UnnamedHighVar(Constant: 0x40a00000)', 'fVar16(s0)'].   
2025-09-08 14:11:09 INFO  (GhidraScript) mnn_analyzer.py> DEBUG: [CBRANCH] Found defining op for condition: (unique, 0x1000071e, 1) FLOAT_LESSEQUAL (const, 0x40a00000, 4) , (register, 0x5000, 4)  
2025-09-08 14:11:09 INFO  (GhidraScript) mnn_analyzer.py> INFO: [main @ 00102e7c] Taint reached CBRANCH. Operands: ['UnnamedHighVar(Constant: 0x40a00000)', 'fVar16(s0)'].   
2025-09-08 14:11:09 INFO  (GhidraScript) mnn_analyzer.py> DEBUG: [CBRANCH] Found defining op for condition: (unique, 0x1000072a, 1) FLOAT_LESSEQUAL (const, 0x40a00000, 4) , (register, 0x5000, 4)  
2025-09-08 14:11:09 INFO  (GhidraScript) mnn_analyzer.py> INFO: [main @ 00102e98] Taint reached CBRANCH. Operands: ['UnnamedHighVar(Constant: 0x40a00000)', 'fVar16(s0)'].   
2025-09-08 14:11:09 INFO  (GhidraScript) mnn_analyzer.py> INFO: [main @ 00102eb4] Taint reached CBRANCH. Operands: [].   
2025-09-08 14:11:09 INFO  (GhidraScript) mnn_analyzer.py> DEBUG: [CBRANCH] Found defining op for condition: (register, 0x108, 1) INT_NOTEQUAL (unique, 0x3e480, 8) , (const, 0x0, 8)  
2025-09-08 14:11:09 INFO  (GhidraScript) mnn_analyzer.py> INFO: [main @ 00102f3c] Taint reached CBRANCH. Operands: ['UNNAMED(UniquePcode[0x3e480])', 'UnnamedHighVar(Constant: 0x0)'].   
2025-09-08 14:11:09 INFO  (GhidraScript) mnn_analyzer.py> DEBUG: [main @ 00103124] Analyzing potential tainted RETURN with value: UNNAMED(x0) (Tainted: 0)  
2025-09-08 14:11:09 INFO  (GhidraScript) mnn_analyzer.py>     [DEBUG] --- Taint Check Details (RETURN FAILED) ---  
2025-09-08 14:11:09 INFO  (GhidraScript) mnn_analyzer.py>     [DEBUG]   > Return Varnode: (register, 0x4000, 8) (Size: 8, Def: (register, 0x4000, 8) COPY (register, 0x4098, 8) at 0010310c)  
2025-09-08 14:11:09 INFO  (GhidraScript) mnn_analyzer.py>     [DEBUG]   > Currently Tainted HighVariables in this function:  
2025-09-08 14:11:09 INFO  (GhidraScript) mnn_analyzer.py>     [DEBUG]     1. UNNAMED(UniquePcode[0x10000c5b])  
2025-09-08 14:11:09 INFO  (GhidraScript) mnn_analyzer.py>     [DEBUG]     2. local_340(StackDirect[Stack[-0x340]])  
2025-09-08 14:11:09 INFO  (GhidraScript) mnn_analyzer.py>     [DEBUG] ---------------------------------  
2025-09-08 14:11:09 INFO  (GhidraScript) mnn_analyzer.py> <<< Finished analyzing function: main.  
2025-09-08 14:11:09 INFO  (GhidraScript) mnn_analyzer.py> 
--- Analyzing Call Site #1060220 at 00102d7c ---  
2025-09-08 14:11:09 INFO  (GhidraScript) mnn_analyzer.py> DEBUG: Parent (caller): main at 00102658  
2025-09-08 14:11:10 INFO  (GhidraScript) mnn_analyzer.py> 
--- Initiating Taint Analysis for: main (call at 00102d7c) ---  
2025-09-08 14:11:10 INFO  (GhidraScript) mnn_analyzer.py> DEBUG: Taint source is the return value of the call: UNNAMED(UniquePcode[0x10000d23])  
2025-09-08 14:11:10 INFO  (GhidraScript) mnn_analyzer.py> \n>>> Analyzing function: main (Depth: 0) at 00102658 (Originating from: ['getSessionOutput']) with initial taints: UNNAMED(UniquePcode[0x10000d23])  
2025-09-08 14:11:10 INFO  (GhidraScript) mnn_analyzer.py>   - [STACK_SEARCH.0] Analyzing varnode: (unique, 0x10000d23, 8)  
2025-09-08 14:11:10 INFO  (GhidraScript) mnn_analyzer.py>   - [STACK_SEARCH.0] Details: isAddress=0, addr=unique:10000d23, isStackAddress=0  
2025-09-08 14:11:10 INFO  (GhidraScript) mnn_analyzer.py>   - [STACK_SEARCH.0] Def P-Code Op: (unique, 0x10000d23, 8) CALL (ram, 0x1022e0, 8) , (register, 0x4000, 8) , (stack, 0xfffffffffffffcd0, 8)  
2025-09-08 14:11:10 INFO  (GhidraScript) mnn_analyzer.py>   - [STACK_SEARCH.0] Mnemonic 'CALL' is not a handled case. Aborting path.  
2025-09-08 14:11:10 INFO  (GhidraScript) mnn_analyzer.py> \nDEBUG: Reached specified start PcodeOp (unique, 0x10000d23, 8) CALL (ram, 0x1022e0, 8) , (register, 0x4000, 8) , (stack, 0xfffffffffffffcd0, 8) at 00102d7c in main, subsequent ops will be processed.  
2025-09-08 14:11:10 INFO  (GhidraScript) mnn_analyzer.py> DEBUG: [main @ 00102d7c] Taint propagated from UNNAMED(UniquePcode[0x10000d23]) to local_320(StackDirect[Stack[-0x320]]) via CAST.  
2025-09-08 14:11:10 INFO  (GhidraScript) mnn_analyzer.py> INFO: [MNN_RULE] Found call to 'Tensor' with a tainted argument.  
2025-09-08 14:11:10 INFO  (GhidraScript) mnn_analyzer.py> DEBUG: [MNN_RULE] Tracing `this` pointer... At VN: (unique, 0x10000d2b, 8), Def_Op: (unique, 0x10000d2b, 8) CAST (unique, 0x11f80, 8)  
2025-09-08 14:11:10 INFO  (GhidraScript) mnn_analyzer.py> DEBUG: [MNN_RULE] Tracing `this` pointer... At VN: (unique, 0x11f80, 8), Def_Op: (unique, 0x11f80, 8) PTRSUB (register, 0x8, 8) , (const, 0xfffffffffffffd48, 8)  
2025-09-08 14:11:10 INFO  (GhidraScript) mnn_analyzer.py> DEBUG: [MNN_RULE] Identified base register as (register, 0x8, 8) and offset as -0x2b8  
2025-09-08 14:11:10 INFO  (GhidraScript) mnn_analyzer.py> DEBUG: [MNN_RULE] Found base-relative origin. `this` offset is -0x2b8. Calculated sink offset: -0x2a8  
2025-09-08 14:11:10 ERROR (GhidraScript) mnn_analyzer.py> ERROR: [MNN_RULE] Calculated sink offset -0x2a8, but could not find a corresponding local stack variable.  
2025-09-08 14:11:10 INFO  (GhidraScript) mnn_analyzer.py> INFO: [RULE copyToHostTensor] Detected call to 'copyToHostTensor' with tainted arguments.  
2025-09-08 14:11:10 INFO  (GhidraScript) mnn_analyzer.py> INFO: [RULE copyToHostTensor] Call has no return value to taint.  
2025-09-08 14:11:10 INFO  (GhidraScript) mnn_analyzer.py> DEBUG: [LOAD_HANDLER] Checking LOAD op at 00102dc4. Address varnode: (register, 0x4000, 8)  
2025-09-08 14:11:10 INFO  (GhidraScript) mnn_analyzer.py> DEBUG: [LOAD_HANDLER] POINTER_RULE FAIL: Address varnode local_318(StackDirect[Stack[-0x318]]) is not tainted (recursive check).  
2025-09-08 14:11:10 INFO  (GhidraScript) mnn_analyzer.py> DEBUG: [LOAD_HANDLER] REGION_RULE FAIL: Address pointer local_318(StackDirect[Stack[-0x318]]) is not in the tainted memory regions set.  
2025-09-08 14:11:10 INFO  (GhidraScript) mnn_analyzer.py> DEBUG: [LOAD_HANDLER] Checking LOAD op at 00102dd4. Address varnode: (unique, 0x11f80, 8)  
2025-09-08 14:11:10 INFO  (GhidraScript) mnn_analyzer.py> DEBUG: [LOAD_HANDLER] POINTER_RULE FAIL: Address varnode UNNAMED(UniquePcode[0x11f80]) is not tainted (recursive check).  
2025-09-08 14:11:10 INFO  (GhidraScript) mnn_analyzer.py> DEBUG: [LOAD_HANDLER] REGION_RULE FAIL: Address pointer UNNAMED(UniquePcode[0x11f80]) is not in the tainted memory regions set.  
2025-09-08 14:11:10 INFO  (GhidraScript) mnn_analyzer.py> DEBUG: [LOAD_HANDLER] Checking LOAD op at 00102de4. Address varnode: (unique, 0x11f80, 8)  
2025-09-08 14:11:10 INFO  (GhidraScript) mnn_analyzer.py> DEBUG: [LOAD_HANDLER] POINTER_RULE FAIL: Address varnode UNNAMED(UniquePcode[0x11f80]) is not tainted (recursive check).  
2025-09-08 14:11:10 INFO  (GhidraScript) mnn_analyzer.py> DEBUG: [LOAD_HANDLER] REGION_RULE FAIL: Address pointer UNNAMED(UniquePcode[0x11f80]) is not in the tainted memory regions set.  
2025-09-08 14:11:10 INFO  (GhidraScript) mnn_analyzer.py> DEBUG: [CBRANCH] Found defining op for condition: (unique, 0x10000712, 1) FLOAT_LESSEQUAL (const, 0x40a00000, 4) , (register, 0x5000, 4)  
2025-09-08 14:11:10 INFO  (GhidraScript) mnn_analyzer.py> INFO: [main @ 00102e60] Taint reached CBRANCH. Operands: ['UnnamedHighVar(Constant: 0x40a00000)', 'fVar16(s0)'].   
2025-09-08 14:11:10 INFO  (GhidraScript) mnn_analyzer.py> DEBUG: [CBRANCH] Found defining op for condition: (unique, 0x1000071e, 1) FLOAT_LESSEQUAL (const, 0x40a00000, 4) , (register, 0x5000, 4)  
2025-09-08 14:11:10 INFO  (GhidraScript) mnn_analyzer.py> INFO: [main @ 00102e7c] Taint reached CBRANCH. Operands: ['UnnamedHighVar(Constant: 0x40a00000)', 'fVar16(s0)'].   
2025-09-08 14:11:10 INFO  (GhidraScript) mnn_analyzer.py> DEBUG: [CBRANCH] Found defining op for condition: (unique, 0x1000072a, 1) FLOAT_LESSEQUAL (const, 0x40a00000, 4) , (register, 0x5000, 4)  
2025-09-08 14:11:10 INFO  (GhidraScript) mnn_analyzer.py> INFO: [main @ 00102e98] Taint reached CBRANCH. Operands: ['UnnamedHighVar(Constant: 0x40a00000)', 'fVar16(s0)'].   
2025-09-08 14:11:10 INFO  (GhidraScript) mnn_analyzer.py> INFO: [main @ 00102eb4] Taint reached CBRANCH. Operands: [].   
2025-09-08 14:11:10 INFO  (GhidraScript) mnn_analyzer.py> DEBUG: [CBRANCH] Found defining op for condition: (register, 0x108, 1) INT_NOTEQUAL (unique, 0x3e480, 8) , (const, 0x0, 8)  
2025-09-08 14:11:10 INFO  (GhidraScript) mnn_analyzer.py> INFO: [main @ 00102f3c] Taint reached CBRANCH. Operands: ['UNNAMED(UniquePcode[0x3e480])', 'UnnamedHighVar(Constant: 0x0)'].   
2025-09-08 14:11:10 INFO  (GhidraScript) mnn_analyzer.py> DEBUG: [main @ 00103124] Analyzing potential tainted RETURN with value: UNNAMED(x0) (Tainted: 0)  
2025-09-08 14:11:10 INFO  (GhidraScript) mnn_analyzer.py>     [DEBUG] --- Taint Check Details (RETURN FAILED) ---  
2025-09-08 14:11:10 INFO  (GhidraScript) mnn_analyzer.py>     [DEBUG]   > Return Varnode: (register, 0x4000, 8) (Size: 8, Def: (register, 0x4000, 8) COPY (register, 0x4098, 8) at 0010310c)  
2025-09-08 14:11:10 INFO  (GhidraScript) mnn_analyzer.py>     [DEBUG]   > Currently Tainted HighVariables in this function:  
2025-09-08 14:11:10 INFO  (GhidraScript) mnn_analyzer.py>     [DEBUG]     1. UNNAMED(UniquePcode[0x10000d23])  
2025-09-08 14:11:10 INFO  (GhidraScript) mnn_analyzer.py>     [DEBUG]     2. local_320(StackDirect[Stack[-0x320]])  
2025-09-08 14:11:10 INFO  (GhidraScript) mnn_analyzer.py>     [DEBUG] ---------------------------------  
2025-09-08 14:11:10 INFO  (GhidraScript) mnn_analyzer.py> <<< Finished analyzing function: main.  
2025-09-08 14:11:10 INFO  (GhidraScript) mnn_analyzer.py> 
--- Stage 1 Complete. Checking for pending multi-stage analysis tasks... ---  
2025-09-08 14:11:10 INFO  (GhidraScript) mnn_analyzer.py> --- No multi-stage analysis tasks were queued. ---  
2025-09-08 14:11:10 INFO  (GhidraScript) mnn_analyzer.py> 
--- Taint Analysis Run Complete ---  
2025-09-08 14:11:10 INFO  (GhidraScript) mnn_analyzer.py> \n--- All Detected Tainted Value Usages (Interprocedural) ---  
2025-09-08 14:11:10 INFO  (GhidraScript) mnn_analyzer.py> Usage #1:  
2025-09-08 14:11:10 INFO  (GhidraScript) mnn_analyzer.py>   Originating Lib Call: ['getSessionOutput']  
2025-09-08 14:11:10 INFO  (GhidraScript) mnn_analyzer.py>   Found In Function:   main at 00102658  
2025-09-08 14:11:10 INFO  (GhidraScript) mnn_analyzer.py>   Instruction Address: 00102e60  
2025-09-08 14:11:10 INFO  (GhidraScript) mnn_analyzer.py>     PCode Op:             ---  CBRANCH (ram, 0x102e68, 1) , (unique, 0x10000712, 1)  
2025-09-08 14:11:10 INFO  (GhidraScript) mnn_analyzer.py>     Usage Type:          BRANCH_CONDITION_TAINTED  
2025-09-08 14:11:10 INFO  (GhidraScript) mnn_analyzer.py>     Tainted Component:   UNNAMED(UniquePcode[0x10000712])  
2025-09-08 14:11:10 INFO  (GhidraScript) mnn_analyzer.py>     Details:             Tainted condition for branch.  
2025-09-08 14:11:10 INFO  (GhidraScript) mnn_analyzer.py> ----------------------------------------  
2025-09-08 14:11:10 INFO  (GhidraScript) mnn_analyzer.py> Usage #2:  
2025-09-08 14:11:10 INFO  (GhidraScript) mnn_analyzer.py>   Originating Lib Call: ['getSessionOutput']  
2025-09-08 14:11:10 INFO  (GhidraScript) mnn_analyzer.py>   Found In Function:   main at 00102658  
2025-09-08 14:11:10 INFO  (GhidraScript) mnn_analyzer.py>   Instruction Address: 00102e7c  
2025-09-08 14:11:10 INFO  (GhidraScript) mnn_analyzer.py>     PCode Op:             ---  CBRANCH (ram, 0x102e84, 1) , (unique, 0x1000071e, 1)  
2025-09-08 14:11:10 INFO  (GhidraScript) mnn_analyzer.py>     Usage Type:          BRANCH_CONDITION_TAINTED  
2025-09-08 14:11:10 INFO  (GhidraScript) mnn_analyzer.py>     Tainted Component:   UNNAMED(UniquePcode[0x1000071e])  
2025-09-08 14:11:10 INFO  (GhidraScript) mnn_analyzer.py>     Details:             Tainted condition for branch.  
2025-09-08 14:11:10 INFO  (GhidraScript) mnn_analyzer.py> ----------------------------------------  
2025-09-08 14:11:10 INFO  (GhidraScript) mnn_analyzer.py> Usage #3:  
2025-09-08 14:11:10 INFO  (GhidraScript) mnn_analyzer.py>   Originating Lib Call: ['getSessionOutput']  
2025-09-08 14:11:10 INFO  (GhidraScript) mnn_analyzer.py>   Found In Function:   main at 00102658  
2025-09-08 14:11:10 INFO  (GhidraScript) mnn_analyzer.py>   Instruction Address: 00102e98  
2025-09-08 14:11:10 INFO  (GhidraScript) mnn_analyzer.py>     PCode Op:             ---  CBRANCH (ram, 0x102ea0, 1) , (unique, 0x1000072a, 1)  
2025-09-08 14:11:10 INFO  (GhidraScript) mnn_analyzer.py>     Usage Type:          BRANCH_CONDITION_TAINTED  
2025-09-08 14:11:10 INFO  (GhidraScript) mnn_analyzer.py>     Tainted Component:   UNNAMED(UniquePcode[0x1000072a])  
2025-09-08 14:11:10 INFO  (GhidraScript) mnn_analyzer.py>     Details:             Tainted condition for branch.  
2025-09-08 14:11:10 INFO  (GhidraScript) mnn_analyzer.py> ----------------------------------------  
2025-09-08 14:11:10 INFO  (GhidraScript) mnn_analyzer.py> Usage #4:  
2025-09-08 14:11:10 INFO  (GhidraScript) mnn_analyzer.py>   Originating Lib Call: ['getSessionOutput']  
2025-09-08 14:11:10 INFO  (GhidraScript) mnn_analyzer.py>   Found In Function:   main at 00102658  
2025-09-08 14:11:10 INFO  (GhidraScript) mnn_analyzer.py>   Instruction Address: 00102eb4  
2025-09-08 14:11:10 INFO  (GhidraScript) mnn_analyzer.py>     PCode Op:             ---  CBRANCH (ram, 0x102ec8, 1) , (unique, 0x1000074f, 1)  
2025-09-08 14:11:10 INFO  (GhidraScript) mnn_analyzer.py>     Usage Type:          BRANCH_CONDITION_TAINTED  
2025-09-08 14:11:10 INFO  (GhidraScript) mnn_analyzer.py>     Tainted Component:   bVar1(UniquePcode[0x1000074f])  
2025-09-08 14:11:10 INFO  (GhidraScript) mnn_analyzer.py>     Details:             Tainted condition for branch.  
2025-09-08 14:11:10 INFO  (GhidraScript) mnn_analyzer.py> ----------------------------------------  
2025-09-08 14:11:10 INFO  (GhidraScript) mnn_analyzer.py> Usage #5:  
2025-09-08 14:11:10 INFO  (GhidraScript) mnn_analyzer.py>   Originating Lib Call: ['getSessionOutput']  
2025-09-08 14:11:10 INFO  (GhidraScript) mnn_analyzer.py>   Found In Function:   main at 00102658  
2025-09-08 14:11:10 INFO  (GhidraScript) mnn_analyzer.py>   Instruction Address: 00102f3c  
2025-09-08 14:11:10 INFO  (GhidraScript) mnn_analyzer.py>     PCode Op:             ---  CBRANCH (ram, 0x10310c, 1) , (register, 0x108, 1)  
2025-09-08 14:11:10 INFO  (GhidraScript) mnn_analyzer.py>     Usage Type:          BRANCH_CONDITION_TAINTED  
2025-09-08 14:11:10 INFO  (GhidraScript) mnn_analyzer.py>     Tainted Component:   UNNAMED(tmpZR)  
2025-09-08 14:11:10 INFO  (GhidraScript) mnn_analyzer.py>     Details:             Tainted condition for branch.  
2025-09-08 14:11:10 INFO  (GhidraScript) mnn_analyzer.py> ----------------------------------------  
2025-09-08 14:11:10 INFO  (GhidraScript) mnn_analyzer.py> Usage #6:  
2025-09-08 14:11:10 INFO  (GhidraScript) mnn_analyzer.py>   Originating Lib Call: ['getSessionOutput']  
2025-09-08 14:11:10 INFO  (GhidraScript) mnn_analyzer.py>   Found In Function:   main at 00102658  
2025-09-08 14:11:10 INFO  (GhidraScript) mnn_analyzer.py>   Instruction Address: 00102e60  
2025-09-08 14:11:10 INFO  (GhidraScript) mnn_analyzer.py>     PCode Op:             ---  CBRANCH (ram, 0x102e68, 1) , (unique, 0x10000712, 1)  
2025-09-08 14:11:10 INFO  (GhidraScript) mnn_analyzer.py>     Usage Type:          BRANCH_CONDITION_TAINTED  
2025-09-08 14:11:10 INFO  (GhidraScript) mnn_analyzer.py>     Tainted Component:   UNNAMED(UniquePcode[0x10000712])  
2025-09-08 14:11:10 INFO  (GhidraScript) mnn_analyzer.py>     Details:             Tainted condition for branch.  
2025-09-08 14:11:10 INFO  (GhidraScript) mnn_analyzer.py> ----------------------------------------  
2025-09-08 14:11:10 INFO  (GhidraScript) mnn_analyzer.py> Usage #7:  
2025-09-08 14:11:10 INFO  (GhidraScript) mnn_analyzer.py>   Originating Lib Call: ['getSessionOutput']  
2025-09-08 14:11:10 INFO  (GhidraScript) mnn_analyzer.py>   Found In Function:   main at 00102658  
2025-09-08 14:11:10 INFO  (GhidraScript) mnn_analyzer.py>   Instruction Address: 00102e7c  
2025-09-08 14:11:10 INFO  (GhidraScript) mnn_analyzer.py>     PCode Op:             ---  CBRANCH (ram, 0x102e84, 1) , (unique, 0x1000071e, 1)  
2025-09-08 14:11:10 INFO  (GhidraScript) mnn_analyzer.py>     Usage Type:          BRANCH_CONDITION_TAINTED  
2025-09-08 14:11:10 INFO  (GhidraScript) mnn_analyzer.py>     Tainted Component:   UNNAMED(UniquePcode[0x1000071e])  
2025-09-08 14:11:10 INFO  (GhidraScript) mnn_analyzer.py>     Details:             Tainted condition for branch.  
2025-09-08 14:11:10 INFO  (GhidraScript) mnn_analyzer.py> ----------------------------------------  
2025-09-08 14:11:10 INFO  (GhidraScript) mnn_analyzer.py> Usage #8:  
2025-09-08 14:11:10 INFO  (GhidraScript) mnn_analyzer.py>   Originating Lib Call: ['getSessionOutput']  
2025-09-08 14:11:10 INFO  (GhidraScript) mnn_analyzer.py>   Found In Function:   main at 00102658  
2025-09-08 14:11:10 INFO  (GhidraScript) mnn_analyzer.py>   Instruction Address: 00102e98  
2025-09-08 14:11:10 INFO  (GhidraScript) mnn_analyzer.py>     PCode Op:             ---  CBRANCH (ram, 0x102ea0, 1) , (unique, 0x1000072a, 1)  
2025-09-08 14:11:10 INFO  (GhidraScript) mnn_analyzer.py>     Usage Type:          BRANCH_CONDITION_TAINTED  
2025-09-08 14:11:10 INFO  (GhidraScript) mnn_analyzer.py>     Tainted Component:   UNNAMED(UniquePcode[0x1000072a])  
2025-09-08 14:11:10 INFO  (GhidraScript) mnn_analyzer.py>     Details:             Tainted condition for branch.  
2025-09-08 14:11:10 INFO  (GhidraScript) mnn_analyzer.py> ----------------------------------------  
2025-09-08 14:11:10 INFO  (GhidraScript) mnn_analyzer.py> Usage #9:  
2025-09-08 14:11:10 INFO  (GhidraScript) mnn_analyzer.py>   Originating Lib Call: ['getSessionOutput']  
2025-09-08 14:11:10 INFO  (GhidraScript) mnn_analyzer.py>   Found In Function:   main at 00102658  
2025-09-08 14:11:10 INFO  (GhidraScript) mnn_analyzer.py>   Instruction Address: 00102eb4  
2025-09-08 14:11:10 INFO  (GhidraScript) mnn_analyzer.py>     PCode Op:             ---  CBRANCH (ram, 0x102ec8, 1) , (unique, 0x1000074f, 1)  
2025-09-08 14:11:10 INFO  (GhidraScript) mnn_analyzer.py>     Usage Type:          BRANCH_CONDITION_TAINTED  
2025-09-08 14:11:10 INFO  (GhidraScript) mnn_analyzer.py>     Tainted Component:   bVar1(UniquePcode[0x1000074f])  
2025-09-08 14:11:10 INFO  (GhidraScript) mnn_analyzer.py>     Details:             Tainted condition for branch.  
2025-09-08 14:11:10 INFO  (GhidraScript) mnn_analyzer.py> ----------------------------------------  
2025-09-08 14:11:10 INFO  (GhidraScript) mnn_analyzer.py> Usage #10:  
2025-09-08 14:11:10 INFO  (GhidraScript) mnn_analyzer.py>   Originating Lib Call: ['getSessionOutput']  
2025-09-08 14:11:10 INFO  (GhidraScript) mnn_analyzer.py>   Found In Function:   main at 00102658  
2025-09-08 14:11:10 INFO  (GhidraScript) mnn_analyzer.py>   Instruction Address: 00102f3c  
2025-09-08 14:11:10 INFO  (GhidraScript) mnn_analyzer.py>     PCode Op:             ---  CBRANCH (ram, 0x10310c, 1) , (register, 0x108, 1)  
2025-09-08 14:11:10 INFO  (GhidraScript) mnn_analyzer.py>     Usage Type:          BRANCH_CONDITION_TAINTED  
2025-09-08 14:11:10 INFO  (GhidraScript) mnn_analyzer.py>     Tainted Component:   UNNAMED(tmpZR)  
2025-09-08 14:11:10 INFO  (GhidraScript) mnn_analyzer.py>     Details:             Tainted condition for branch.  
2025-09-08 14:11:10 INFO  (GhidraScript) mnn_analyzer.py> ----------------------------------------  
2025-09-08 14:11:10 INFO  (GhidraScript) mnn_analyzer.py> INFO: TAINT_ANALYSIS_JSON_OUTPUT env var found. Saving results to: /Users/chenkexin/Desktop/kk/test_taint/results/fsanet_headpose_mnn_gcc_O0_taint_analysis_results.json  
2025-09-08 14:11:10 INFO  (GhidraScript) mnn_analyzer.py> Taint analysis results saved to: /Users/chenkexin/Desktop/kk/test_taint/results/fsanet_headpose_mnn_gcc_O0_taint_analysis_results.json  
2025-09-08 14:11:10 INFO  (GhidraScript) mnn_analyzer.py> INFO: Found preceding comparison instruction 'fcmpe s1,s0' at 00102e5c for branch at 00102e60  
2025-09-08 14:11:10 INFO  (GhidraScript) mnn_analyzer.py> INFO: Found preceding comparison instruction 'fcmpe s1,s0' at 00102e78 for branch at 00102e7c  
2025-09-08 14:11:10 INFO  (GhidraScript) mnn_analyzer.py> INFO: Found preceding comparison instruction 'fcmpe s1,s0' at 00102e94 for branch at 00102e98  
2025-09-08 14:11:10 INFO  (GhidraScript) mnn_analyzer.py> INFO: Found preceding comparison instruction 'cmp w0,#0x0' at 00102eb0 for branch at 00102eb4  
2025-09-08 14:11:10 ERROR (GhidraScript) mnn_analyzer.py> WARN: No high-level operand representations found in usage log for branch at 00102eb4. 'registers' field will be empty.  
2025-09-08 14:11:10 INFO  (GhidraScript) mnn_analyzer.py> INFO: Found preceding comparison instruction 'subs x3,x3,x2' at 00102f34 for branch at 00102f3c  
2025-09-08 14:11:10 INFO  (GhidraScript) mnn_analyzer.py> SUCCESS: Hook configuration saved to: /Users/chenkexin/Desktop/kk/test_taint/results/fsanet_headpose_mnn_gcc_O0_hook_config.json  
2025-09-08 14:11:10 INFO  (GhidraScript) mnn_analyzer.py> MNN Taint Analyzer finished.  
2025-09-08 14:11:10 INFO  (HeadlessAnalyzer) ANALYZING changes made by post scripts: file:///Users/chenkexin/Desktop/kk/test_taint/assets/merged_bin/fsanet_headpose_mnn_gcc_O0  
2025-09-08 14:11:10 INFO  (HeadlessAnalyzer) REPORT: Post-analysis succeeded for file: file:///Users/chenkexin/Desktop/kk/test_taint/assets/merged_bin/fsanet_headpose_mnn_gcc_O0  
2025-09-08 14:11:10 INFO  (HeadlessAnalyzer) REPORT: Save succeeded for: /fsanet_headpose_mnn_gcc_O0 (all_binaries_analysis:/fsanet_headpose_mnn_gcc_O0)  
2025-09-08 14:11:10 INFO  (HeadlessAnalyzer) REPORT: Import succeeded  
2025-09-08 14:11:10 DEBUG (DefaultProjectData) Closing ProjectData: /Users/chenkexin/Desktop/kk/test_taint/ghidra_projects/all_binaries_analysis.rep  
2025-09-08 14:11:10 DEBUG (DefaultProjectData) Disposing ProjectData: /Users/chenkexin/Desktop/kk/test_taint/ghidra_projects/all_binaries_analysis.rep  
