2025-09-06 00:00:27 INFO  (LoggingInitialization) Using log config file: jar:file:/Applications/ghidra_11.0.3_PUBLIC/Ghidra/Framework/Generic/lib/Generic.jar!/generic.log4j.xml  
2025-09-06 00:00:27 INFO  (LoggingInitialization) Using log file: /Users/chenkexin/Desktop/kk/test_taint/logs/fsanet_headpose_ncnn_headless_analysis.log  
2025-09-06 00:00:27 INFO  (Preferences) Loading user preferences: /Users/chenkexin/.ghidra/.ghidra_11.0.3_PUBLIC/preferences  
2025-09-06 00:00:27 INFO  (Preferences) Loading previous preferences: /Users/chenkexin/.ghidra/.ghidra_10.4_PUBLIC/preferences  
2025-09-06 00:00:27 INFO  (ClassSearcher) Searching for classes...  
2025-09-06 00:00:28 INFO  (ClassSearcher) Class search complete (1440 ms)  
2025-09-06 00:00:28 INFO  (SSLContextInitializer) Initializing SSL Context  
2025-09-06 00:00:28 INFO  (SecureRandomFactory) Initializing Random Number Generator...  
2025-09-06 00:00:28 INFO  (SecureRandomFactory) Random Number Generator initialization complete: NativePRNGNonBlocking  
2025-09-06 00:00:28 INFO  (ApplicationTrustManagerFactory) Trust manager disabled, cacerts have not been set  
2025-09-06 00:00:29 INFO  (HeadlessAnalyzer) HEADLESS Script Paths:
    /Applications/ghidra_11.0.3_PUBLIC/Ghidra/Processors/8051/ghidra_scripts
    /Applications/ghidra_11.0.3_PUBLIC/Ghidra/Features/FileFormats/ghidra_scripts
    /Applications/ghidra_11.0.3_PUBLIC/Ghidra/Features/Base/ghidra_scripts
    /Applications/ghidra_11.0.3_PUBLIC/Ghidra/Features/Python/ghidra_scripts
    /Applications/ghidra_11.0.3_PUBLIC/Ghidra/Features/GnuDemangler/ghidra_scripts
    /Applications/ghidra_11.0.3_PUBLIC/Ghidra/Features/SystemEmulation/ghidra_scripts
    /Applications/ghidra_11.0.3_PUBLIC/Ghidra/Features/MicrosoftCodeAnalyzer/ghidra_scripts
    /Applications/ghidra_11.0.3_PUBLIC/Ghidra/Features/BytePatterns/ghidra_scripts
    /Applications/ghidra_11.0.3_PUBLIC/Ghidra/Features/Decompiler/ghidra_scripts
    /Applications/ghidra_11.0.3_PUBLIC/Ghidra/Processors/Atmel/ghidra_scripts
    /Applications/ghidra_11.0.3_PUBLIC/Ghidra/Debug/Debugger-agent-frida/ghidra_scripts
    /Applications/ghidra_11.0.3_PUBLIC/Ghidra/Features/FunctionID/ghidra_scripts
    /Applications/ghidra_11.0.3_PUBLIC/Ghidra/Processors/JVM/ghidra_scripts
    /Applications/ghidra_11.0.3_PUBLIC/Ghidra/Processors/PIC/ghidra_scripts
    /Applications/ghidra_11.0.3_PUBLIC/Ghidra/Features/BSim/ghidra_scripts
    /Applications/ghidra_11.0.3_PUBLIC/Ghidra/Features/PDB/ghidra_scripts
    /Applications/ghidra_11.0.3_PUBLIC/Ghidra/Processors/DATA/ghidra_scripts
    /Users/chenkexin/ghidra_scripts
    /Users/chenkexin/Desktop/kk/test_taint
    /Applications/ghidra_11.0.3_PUBLIC/Ghidra/Debug/Debugger-agent-dbgmodel-traceloader/ghidra_scripts
    /Applications/ghidra_11.0.3_PUBLIC/Ghidra/Debug/Debugger-rmi-trace/ghidra_scripts
    /Applications/ghidra_11.0.3_PUBLIC/Ghidra/Features/VersionTracking/ghidra_scripts
    /Applications/ghidra_11.0.3_PUBLIC/Ghidra/Debug/Debugger/ghidra_scripts  
2025-09-06 00:00:29 INFO  (HeadlessAnalyzer) HEADLESS: execution starts  
2025-09-06 00:00:29 INFO  (HeadlessAnalyzer) Creating project: /Users/chenkexin/Desktop/kk/test_taint/ghidra_projects/fsanet_headpose_ncnn  
2025-09-06 00:00:29 INFO  (DefaultProject) Creating project: /Users/chenkexin/Desktop/kk/test_taint/ghidra_projects/fsanet_headpose_ncnn  
2025-09-06 00:00:29 INFO  (HeadlessAnalyzer) REPORT: Processing input files:   
2025-09-06 00:00:29 INFO  (HeadlessAnalyzer)      project: /Users/chenkexin/Desktop/kk/test_taint/ghidra_projects/fsanet_headpose_ncnn  
2025-09-06 00:00:29 INFO  (HeadlessAnalyzer) IMPORTING: file:///Users/chenkexin/Desktop/kk/test_taint/assets/clang_bin/fsanet_headpose_ncnn  
2025-09-06 00:00:31 INFO  (AutoImporter) Using Loader: Executable and Linking Format (ELF)  
2025-09-06 00:00:31 INFO  (AutoImporter) Using Language/Compiler: AARCH64:LE:64:v8A:default  
2025-09-06 00:00:31 DEBUG (ElfHeader) Elf symbol table section .dynsym linked to string table section .dynstr  
2025-09-06 00:00:31 DEBUG (ElfHeader) Elf symbol table section .symtab linked to string table section .strtab  
2025-09-06 00:00:32 DEBUG (ElfHeader) Elf relocation table section .rela.dyn linked to symbol table section .dynsym affecting PT_LOAD  
2025-09-06 00:00:32 DEBUG (ElfHeader) Elf relocation table section .rela.plt linked to symbol table section .dynsym affecting .got.plt  
2025-09-06 00:00:32 DEBUG (ElfProgramBuilder) Discarding 1-byte alignment/filler segment_2.3 at 00100253  
2025-09-06 00:00:32 DEBUG (ElfProgramBuilder) Discarding 4-byte alignment/filler segment_2.7 at 001002bc  
2025-09-06 00:00:32 DEBUG (ElfProgramBuilder) Discarding 2-byte alignment/filler segment_2.11 at 00101156  
2025-09-06 00:00:32 DEBUG (ElfProgramBuilder) Discarding 8-byte alignment/filler segment_2.16 at 00101768  
2025-09-06 00:00:32 DEBUG (ElfProgramBuilder) Discarding 32-byte alignment/filler segment_2.18 at 00101a60  
2025-09-06 00:00:32 INFO  (HeadlessAnalyzer) IMPORTING: Loaded 0 additional files  
2025-09-06 00:00:33 INFO  (HeadlessAnalyzer) ANALYZING all memory and code: file:///Users/chenkexin/Desktop/kk/test_taint/assets/clang_bin/fsanet_headpose_ncnn  
2025-09-06 00:00:33 ERROR (DWARFAnalyzer) Error during DWARFAnalyzer import:  ghidra.app.util.bin.format.dwarf4.DWARFException: Only DWARF version 2, 3, or 4 information is currently supported (detected 5).
	at ghidra.app.util.bin.format.dwarf4.DWARFCompilationUnit.readCompilationUnit(DWARFCompilationUnit.java:155)
	at ghidra.app.util.bin.format.dwarf4.next.DWARFProgram.bootstrapCompilationUnits(DWARFProgram.java:629)
	at ghidra.app.util.bin.format.dwarf4.next.DWARFProgram.<init>(DWARFProgram.java:262)
	at ghidra.app.plugin.core.analysis.DWARFAnalyzer.added(DWARFAnalyzer.java:109)
	at ghidra.app.plugin.core.analysis.AnalysisScheduler.runAnalyzer(AnalysisScheduler.java:186)
	at ghidra.app.plugin.core.analysis.AnalysisTask.applyTo(AnalysisTask.java:39)
	at ghidra.app.plugin.core.analysis.AutoAnalysisManager$AnalysisTaskWrapper.run(AutoAnalysisManager.java:686)
	at ghidra.app.plugin.core.analysis.AutoAnalysisManager.startAnalysis(AutoAnalysisManager.java:786)
	at ghidra.app.plugin.core.analysis.AutoAnalysisManager.startAnalysis(AutoAnalysisManager.java:665)
	at ghidra.app.plugin.core.analysis.AutoAnalysisManager.startAnalysis(AutoAnalysisManager.java:630)
	at ghidra.app.util.headless.HeadlessAnalyzer.analyzeProgram(HeadlessAnalyzer.java:1029)
	at ghidra.app.util.headless.HeadlessAnalyzer.processFileWithImport(HeadlessAnalyzer.java:1552)
	at ghidra.app.util.headless.HeadlessAnalyzer.processWithLoader(HeadlessAnalyzer.java:1734)
	at ghidra.app.util.headless.HeadlessAnalyzer.processWithImport(HeadlessAnalyzer.java:1675)
	at ghidra.app.util.headless.HeadlessAnalyzer.processWithImport(HeadlessAnalyzer.java:1759)
	at ghidra.app.util.headless.HeadlessAnalyzer.processLocal(HeadlessAnalyzer.java:460)
	at ghidra.app.util.headless.AnalyzeHeadless.launch(AnalyzeHeadless.java:127)
	at ghidra.GhidraLauncher.launch(GhidraLauncher.java:78)
	at ghidra.Ghidra.main(Ghidra.java:54)
 
2025-09-06 00:00:35 INFO  (PackedDatabaseCache) Packed database cache: /var/folders/kn/fw_2jn054bq5f73czrm_91nc0000gn/T/chenkexin-Ghidra/packed-db-cache  
2025-09-06 00:00:35 DEBUG (PackedDatabaseCache) Using cached packed database: /Applications/ghidra_11.0.3_PUBLIC/Ghidra/Features/Base/data/typeinfo/generic/generic_clib_64.gdt  
2025-09-06 00:00:36 INFO  (ApplyDataArchiveAnalyzer) Applied data type archive: generic_clib_64  
2025-09-06 00:00:37 INFO  (AutoAnalysisManager) -----------------------------------------------------
    AARCH64 ELF PLT Thunks                     0.180 secs
    ASCII Strings                              0.264 secs
    Apply Data Archives                        1.033 secs
    Basic Constant Reference Analyzer          0.560 secs
    Call Convention ID                         0.306 secs
    Call-Fixup Installer                       0.018 secs
    Create Address Tables                      0.026 secs
    Create Address Tables - One Time           0.008 secs
    Create Function                            0.000 secs
    DWARF                                      0.052 secs
    Data Reference                             0.015 secs
    Decompiler Switch Analysis                 0.131 secs
    Demangler GNU                              0.186 secs
    Disassemble Entry Points                   0.070 secs
    Embedded Media                             0.013 secs
    External Entry References                  0.001 secs
    Function Start Search                      0.059 secs
    Function Start Search After Code           0.025 secs
    Function Start Search After Data           0.004 secs
    Function Start Search delayed - One Time   0.002 secs
    GCC Exception Handlers                     1.040 secs
    Non-Returning Functions - Discovered       0.024 secs
    Non-Returning Functions - Known            0.016 secs
    Reference                                  0.058 secs
    Shared Return Calls                        0.018 secs
    Stack                                      0.427 secs
    Subroutine References                      0.015 secs
-----------------------------------------------------
     Total Time   4 secs
-----------------------------------------------------
  
2025-09-06 00:00:37 INFO  (HeadlessAnalyzer) REPORT: Analysis succeeded for file: file:///Users/chenkexin/Desktop/kk/test_taint/assets/clang_bin/fsanet_headpose_ncnn  
2025-09-06 00:00:37 INFO  (HeadlessAnalyzer) SCRIPT: /Users/chenkexin/Desktop/kk/test_taint/ncnn_analyzer.py  
2025-09-06 00:00:41 INFO  (GhidraScript) ncnn_analyzer.py> INFO: Searching for functions, thunks, and call sites related to keywords: ['extract']  
2025-09-06 00:00:41 INFO  (GhidraScript) ncnn_analyzer.py> INFO: Found function 'extract'. Searching for its thunks.  
2025-09-06 00:00:41 INFO  (GhidraScript) ncnn_analyzer.py> INFO: Found thunk 'extract' at 001017f0 for function.  
2025-09-06 00:00:41 INFO  (GhidraScript) ncnn_analyzer.py> INFO: Found thunk 'extract' at 00121040 for function.  
2025-09-06 00:00:41 INFO  (GhidraScript) ncnn_analyzer.py> INFO: Found function 'create_extractor'. Searching for its thunks.  
2025-09-06 00:00:41 INFO  (GhidraScript) ncnn_analyzer.py> INFO: Found thunk 'create_extractor' at 00101a20 for function.  
2025-09-06 00:00:41 INFO  (GhidraScript) ncnn_analyzer.py> INFO: Found thunk 'create_extractor' at 00121170 for function.  
2025-09-06 00:00:41 INFO  (GhidraScript) ncnn_analyzer.py> INFO: Found 6 unique call sites. Analyzing each...  
2025-09-06 00:00:41 INFO  (GhidraScript) ncnn_analyzer.py> 
--- Starting Stage 1 Taint Analysis from '['extract']' call sites ---  
2025-09-06 00:00:41 INFO  (GhidraScript) ncnn_analyzer.py> 
--- Analyzing Call Site #1054716 at 001017fc ---  
2025-09-06 00:00:41 INFO  (GhidraScript) ncnn_analyzer.py> DEBUG: Parent (caller): extract at 001017f0  
2025-09-06 00:00:41 INFO  (GhidraScript) ncnn_analyzer.py> INFO: Call at 001017fc has no output varnode. Nothing to taint. Skipping.  
2025-09-06 00:00:41 INFO  (GhidraScript) ncnn_analyzer.py> 
--- Analyzing Call Site #1055276 at 00101a2c ---  
2025-09-06 00:00:41 INFO  (GhidraScript) ncnn_analyzer.py> DEBUG: Parent (caller): create_extractor at 00101a20  
2025-09-06 00:00:41 INFO  (GhidraScript) ncnn_analyzer.py> INFO: Call at 00101a2c has no output varnode. Nothing to taint. Skipping.  
2025-09-06 00:00:41 INFO  (GhidraScript) ncnn_analyzer.py> 
--- Analyzing Call Site #1057556 at 00102314 ---  
2025-09-06 00:00:41 INFO  (GhidraScript) ncnn_analyzer.py> DEBUG: Parent (caller): main at 00101bd8  
2025-09-06 00:00:42 INFO  (GhidraScript) ncnn_analyzer.py> INFO: Call at 00102314 has no output varnode. Nothing to taint. Skipping.  
2025-09-06 00:00:42 INFO  (GhidraScript) ncnn_analyzer.py> 
--- Analyzing Call Site #1057608 at 00102348 ---  
2025-09-06 00:00:42 INFO  (GhidraScript) ncnn_analyzer.py> DEBUG: Parent (caller): main at 00101bd8  
2025-09-06 00:00:43 INFO  (GhidraScript) ncnn_analyzer.py> INFO: Call at 00102348 has no output varnode. Nothing to taint. Skipping.  
2025-09-06 00:00:43 INFO  (GhidraScript) ncnn_analyzer.py> 
--- Analyzing Call Site #1058116 at 00102544 ---  
2025-09-06 00:00:43 INFO  (GhidraScript) ncnn_analyzer.py> DEBUG: Parent (caller): main at 00101bd8  
2025-09-06 00:00:44 INFO  (GhidraScript) ncnn_analyzer.py> INFO: Call at 00102544 has no output varnode. Nothing to taint. Skipping.  
2025-09-06 00:00:44 INFO  (GhidraScript) ncnn_analyzer.py> 
--- Analyzing Call Site #1058168 at 00102578 ---  
2025-09-06 00:00:44 INFO  (GhidraScript) ncnn_analyzer.py> DEBUG: Parent (caller): main at 00101bd8  
2025-09-06 00:00:45 INFO  (GhidraScript) ncnn_analyzer.py> INFO: Call at 00102578 has no output varnode. Nothing to taint. Skipping.  
2025-09-06 00:00:45 INFO  (GhidraScript) ncnn_analyzer.py> 
--- Stage 1 Complete. Checking for pending multi-stage analysis tasks... ---  
2025-09-06 00:00:45 INFO  (GhidraScript) ncnn_analyzer.py> --- No multi-stage analysis tasks were queued. ---  
2025-09-06 00:00:45 INFO  (GhidraScript) ncnn_analyzer.py> 
--- Taint Analysis Run Complete ---  
2025-09-06 00:00:45 INFO  (GhidraScript) ncnn_analyzer.py> No tainted value usages detected for keywords '['extract']'.  
2025-09-06 00:00:45 INFO  (GhidraScript) ncnn_analyzer.py> No tainted usages found, skipping hook config generation.  
2025-09-06 00:00:45 INFO  (GhidraScript) ncnn_analyzer.py> NCNN Taint Analyzer finished.  
2025-09-06 00:00:45 INFO  (HeadlessAnalyzer) ANALYZING changes made by post scripts: file:///Users/chenkexin/Desktop/kk/test_taint/assets/clang_bin/fsanet_headpose_ncnn  
2025-09-06 00:00:45 INFO  (HeadlessAnalyzer) REPORT: Post-analysis succeeded for file: file:///Users/chenkexin/Desktop/kk/test_taint/assets/clang_bin/fsanet_headpose_ncnn  
2025-09-06 00:00:45 INFO  (HeadlessAnalyzer) REPORT: Save succeeded for: /fsanet_headpose_ncnn (fsanet_headpose_ncnn:/fsanet_headpose_ncnn)  
2025-09-06 00:00:45 INFO  (HeadlessAnalyzer) REPORT: Import succeeded  
2025-09-06 00:00:45 DEBUG (DefaultProjectData) Closing ProjectData: /Users/chenkexin/Desktop/kk/test_taint/ghidra_projects/fsanet_headpose_ncnn.rep  
2025-09-06 00:00:45 DEBUG (DefaultProjectData) Disposing ProjectData: /Users/chenkexin/Desktop/kk/test_taint/ghidra_projects/fsanet_headpose_ncnn.rep  
