2025-09-08 14:11:56 INFO  (LoggingInitialization) Using log config file: jar:file:/Applications/ghidra_11.0.3_PUBLIC/Ghidra/Framework/Generic/lib/Generic.jar!/generic.log4j.xml  
2025-09-08 14:11:56 INFO  (LoggingInitialization) Using log file: /Users/chenkexin/Desktop/kk/test_taint/logs/fsanet_headpose_onnxruntime_clang_O0_headless_analysis.log  
2025-09-08 14:11:56 INFO  (Preferences) Loading user preferences: /Users/chenkexin/.ghidra/.ghidra_11.0.3_PUBLIC/preferences  
2025-09-08 14:11:56 INFO  (Preferences) Loading previous preferences: /Users/chenkexin/.ghidra/.ghidra_10.4_PUBLIC/preferences  
2025-09-08 14:11:56 INFO  (ClassSearcher) Searching for classes...  
2025-09-08 14:11:58 INFO  (ClassSearcher) Class search complete (1719 ms)  
2025-09-08 14:11:58 INFO  (SSLContextInitializer) Initializing SSL Context  
2025-09-08 14:11:58 INFO  (SecureRandomFactory) Initializing Random Number Generator...  
2025-09-08 14:11:58 INFO  (SecureRandomFactory) Random Number Generator initialization complete: NativePRNGNonBlocking  
2025-09-08 14:11:58 INFO  (ApplicationTrustManagerFactory) Trust manager disabled, cacerts have not been set  
2025-09-08 14:11:59 INFO  (HeadlessAnalyzer) HEADLESS Script Paths:
    /Applications/ghidra_11.0.3_PUBLIC/Ghidra/Processors/8051/ghidra_scripts
    /Applications/ghidra_11.0.3_PUBLIC/Ghidra/Features/FileFormats/ghidra_scripts
    /Applications/ghidra_11.0.3_PUBLIC/Ghidra/Features/Base/ghidra_scripts
    /Applications/ghidra_11.0.3_PUBLIC/Ghidra/Features/Python/ghidra_scripts
    /Applications/ghidra_11.0.3_PUBLIC/Ghidra/Features/GnuDemangler/ghidra_scripts
    /Applications/ghidra_11.0.3_PUBLIC/Ghidra/Features/SystemEmulation/ghidra_scripts
    /Applications/ghidra_11.0.3_PUBLIC/Ghidra/Features/MicrosoftCodeAnalyzer/ghidra_scripts
    /Applications/ghidra_11.0.3_PUBLIC/Ghidra/Features/BytePatterns/ghidra_scripts
    /Applications/ghidra_11.0.3_PUBLIC/Ghidra/Features/Decompiler/ghidra_scripts
    /Applications/ghidra_11.0.3_PUBLIC/Ghidra/Processors/Atmel/ghidra_scripts
    /Applications/ghidra_11.0.3_PUBLIC/Ghidra/Debug/Debugger-agent-frida/ghidra_scripts
    /Applications/ghidra_11.0.3_PUBLIC/Ghidra/Features/FunctionID/ghidra_scripts
    /Applications/ghidra_11.0.3_PUBLIC/Ghidra/Processors/JVM/ghidra_scripts
    /Applications/ghidra_11.0.3_PUBLIC/Ghidra/Processors/PIC/ghidra_scripts
    /Applications/ghidra_11.0.3_PUBLIC/Ghidra/Features/BSim/ghidra_scripts
    /Applications/ghidra_11.0.3_PUBLIC/Ghidra/Features/PDB/ghidra_scripts
    /Applications/ghidra_11.0.3_PUBLIC/Ghidra/Processors/DATA/ghidra_scripts
    /Users/chenkexin/ghidra_scripts
    /Users/chenkexin/Desktop/kk/test_taint
    /Applications/ghidra_11.0.3_PUBLIC/Ghidra/Debug/Debugger-agent-dbgmodel-traceloader/ghidra_scripts
    /Applications/ghidra_11.0.3_PUBLIC/Ghidra/Debug/Debugger-rmi-trace/ghidra_scripts
    /Applications/ghidra_11.0.3_PUBLIC/Ghidra/Features/VersionTracking/ghidra_scripts
    /Applications/ghidra_11.0.3_PUBLIC/Ghidra/Debug/Debugger/ghidra_scripts  
2025-09-08 14:11:59 INFO  (HeadlessAnalyzer) HEADLESS: execution starts  
2025-09-08 14:11:59 INFO  (HeadlessAnalyzer) Opening existing project: /Users/chenkexin/Desktop/kk/test_taint/ghidra_projects/all_binaries_analysis  
2025-09-08 14:11:59 INFO  (HeadlessProject) Opening project: /Users/chenkexin/Desktop/kk/test_taint/ghidra_projects/all_binaries_analysis  
2025-09-08 14:11:59 INFO  (HeadlessAnalyzer) REPORT: Processing input files:   
2025-09-08 14:11:59 INFO  (HeadlessAnalyzer)      project: /Users/chenkexin/Desktop/kk/test_taint/ghidra_projects/all_binaries_analysis  
2025-09-08 14:11:59 INFO  (HeadlessAnalyzer) IMPORTING: file:///Users/chenkexin/Desktop/kk/test_taint/assets/merged_bin/fsanet_headpose_onnxruntime_clang_O0  
2025-09-08 14:12:02 INFO  (AutoImporter) Using Loader: Executable and Linking Format (ELF)  
2025-09-08 14:12:02 INFO  (AutoImporter) Using Language/Compiler: AARCH64:LE:64:v8A:default  
2025-09-08 14:12:02 DEBUG (ElfHeader) Elf symbol table section .dynsym linked to string table section .dynstr  
2025-09-08 14:12:02 DEBUG (ElfHeader) Elf symbol table section .symtab linked to string table section .strtab  
2025-09-08 14:12:02 DEBUG (ElfHeader) Elf relocation table section .rela.dyn linked to symbol table section .dynsym affecting PT_LOAD  
2025-09-08 14:12:02 DEBUG (ElfHeader) Elf relocation table section .rela.plt linked to symbol table section .dynsym affecting .got.plt  
2025-09-08 14:12:02 DEBUG (ElfProgramBuilder) Discarding 1-byte alignment/filler segment_2.3 at 00100253  
2025-09-08 14:12:02 DEBUG (ElfProgramBuilder) Discarding 4-byte alignment/filler segment_2.7 at 001002bc  
2025-09-08 14:12:02 DEBUG (ElfProgramBuilder) Discarding 4-byte alignment/filler segment_2.11 at 0010123c  
2025-09-08 14:12:02 DEBUG (ElfProgramBuilder) Discarding 4-byte alignment/filler segment_2.19 at 00106ca4  
2025-09-08 14:12:02 DEBUG (ElfProgramBuilder) Discarding 3-byte alignment/filler segment_2.21 at 00106df9  
2025-09-08 14:12:03 WARN  (ElfRelocationHandler) EXTERNAL Data Elf Relocation with offset: at 0011fcd0 (External Location = _ZTVN10__cxxabiv120__si_class_type_infoE+0x10)  
2025-09-08 14:12:04 INFO  (HeadlessAnalyzer) IMPORTING: Loaded 0 additional files  
2025-09-08 14:12:04 INFO  (HeadlessAnalyzer) ANALYZING all memory and code: file:///Users/chenkexin/Desktop/kk/test_taint/assets/merged_bin/fsanet_headpose_onnxruntime_clang_O0  
2025-09-08 14:12:05 ERROR (DWARFAnalyzer) Error during DWARFAnalyzer import:  ghidra.app.util.bin.format.dwarf4.DWARFException: Only DWARF version 2, 3, or 4 information is currently supported (detected 5).
	at ghidra.app.util.bin.format.dwarf4.DWARFCompilationUnit.readCompilationUnit(DWARFCompilationUnit.java:155)
	at ghidra.app.util.bin.format.dwarf4.next.DWARFProgram.bootstrapCompilationUnits(DWARFProgram.java:629)
	at ghidra.app.util.bin.format.dwarf4.next.DWARFProgram.<init>(DWARFProgram.java:262)
	at ghidra.app.plugin.core.analysis.DWARFAnalyzer.added(DWARFAnalyzer.java:109)
	at ghidra.app.plugin.core.analysis.AnalysisScheduler.runAnalyzer(AnalysisScheduler.java:186)
	at ghidra.app.plugin.core.analysis.AnalysisTask.applyTo(AnalysisTask.java:39)
	at ghidra.app.plugin.core.analysis.AutoAnalysisManager$AnalysisTaskWrapper.run(AutoAnalysisManager.java:686)
	at ghidra.app.plugin.core.analysis.AutoAnalysisManager.startAnalysis(AutoAnalysisManager.java:786)
	at ghidra.app.plugin.core.analysis.AutoAnalysisManager.startAnalysis(AutoAnalysisManager.java:665)
	at ghidra.app.plugin.core.analysis.AutoAnalysisManager.startAnalysis(AutoAnalysisManager.java:630)
	at ghidra.app.util.headless.HeadlessAnalyzer.analyzeProgram(HeadlessAnalyzer.java:1029)
	at ghidra.app.util.headless.HeadlessAnalyzer.processFileWithImport(HeadlessAnalyzer.java:1552)
	at ghidra.app.util.headless.HeadlessAnalyzer.processWithLoader(HeadlessAnalyzer.java:1734)
	at ghidra.app.util.headless.HeadlessAnalyzer.processWithImport(HeadlessAnalyzer.java:1675)
	at ghidra.app.util.headless.HeadlessAnalyzer.processWithImport(HeadlessAnalyzer.java:1759)
	at ghidra.app.util.headless.HeadlessAnalyzer.processLocal(HeadlessAnalyzer.java:460)
	at ghidra.app.util.headless.AnalyzeHeadless.launch(AnalyzeHeadless.java:127)
	at ghidra.GhidraLauncher.launch(GhidraLauncher.java:78)
	at ghidra.Ghidra.main(Ghidra.java:54)
 
2025-09-08 14:12:08 INFO  (PackedDatabaseCache) Packed database cache: /var/folders/kn/fw_2jn054bq5f73czrm_91nc0000gn/T/chenkexin-Ghidra/packed-db-cache  
2025-09-08 14:12:09 DEBUG (PackedDatabaseCache) Using cached packed database: /Applications/ghidra_11.0.3_PUBLIC/Ghidra/Features/Base/data/typeinfo/generic/generic_clib_64.gdt  
2025-09-08 14:12:10 INFO  (ApplyDataArchiveAnalyzer) Applied data type archive: generic_clib_64  
2025-09-08 14:12:10 WARN  (DemangledAddressTable) Unable to fully apply external demangled Address Table at 001210f0: std::exception::typeinfo  
2025-09-08 14:12:10 WARN  (DemangledAddressTable) Unable to fully apply external demangled Address Table at 00121168: std::exception::vtable  
2025-09-08 14:12:10 WARN  (DemangledAddressTable) Unable to fully apply external demangled Address Table at 00121188: __cxxabiv1::__si_class_type_info::vtable  
2025-09-08 14:12:13 INFO  (AutoAnalysisManager) -----------------------------------------------------
    AARCH64 ELF PLT Thunks                     0.259 secs
    ASCII Strings                              0.295 secs
    Apply Data Archives                        1.117 secs
    Basic Constant Reference Analyzer          1.308 secs
    Call Convention ID                         0.792 secs
    Call-Fixup Installer                       0.036 secs
    Create Address Tables                      0.034 secs
    Create Address Tables - One Time           0.009 secs
    Create Function                            0.000 secs
    DWARF                                      0.063 secs
    Data Reference                             0.049 secs
    Decompiler Switch Analysis                 0.145 secs
    Demangler GNU                              0.874 secs
    Disassemble Entry Points                   0.172 secs
    Embedded Media                             0.019 secs
    External Entry References                  0.004 secs
    Function Start Search                      0.079 secs
    Function Start Search After Code           0.047 secs
    Function Start Search After Data           0.008 secs
    Function Start Search delayed - One Time   0.006 secs
    GCC Exception Handlers                     1.785 secs
    Non-Returning Functions - Discovered       0.044 secs
    Non-Returning Functions - Known            0.028 secs
    Reference                                  0.155 secs
    Shared Return Calls                        0.052 secs
    Stack                                      0.788 secs
    Subroutine References                      0.059 secs
-----------------------------------------------------
     Total Time   8 secs
-----------------------------------------------------
  
2025-09-08 14:12:13 INFO  (HeadlessAnalyzer) REPORT: Analysis succeeded for file: file:///Users/chenkexin/Desktop/kk/test_taint/assets/merged_bin/fsanet_headpose_onnxruntime_clang_O0  
2025-09-08 14:12:13 INFO  (HeadlessAnalyzer) SCRIPT: /Users/chenkexin/Desktop/kk/test_taint/onnxruntime_analyzer.py  
2025-09-08 14:12:18 INFO  (GhidraScript) onnxruntime_analyzer.py> INFO: Searching for functions, thunks, and call sites related to keywords: ['GetTensorData']  
2025-09-08 14:12:18 INFO  (GhidraScript) onnxruntime_analyzer.py> WARN: No external function found with keywords '['GetTensorData']'. Trying all functions...  
2025-09-08 14:12:18 INFO  (GhidraScript) onnxruntime_analyzer.py> INFO: Found function 'GetTensorData<float>'. Searching for its thunks.  
2025-09-08 14:12:18 INFO  (GhidraScript) onnxruntime_analyzer.py> INFO: Found 2 unique call sites. Analyzing each...  
2025-09-08 14:12:18 INFO  (GhidraScript) onnxruntime_analyzer.py> 
--- Starting Stage 1 Taint Analysis from '['GetTensorData']' call sites ---  
2025-09-08 14:12:18 INFO  (GhidraScript) onnxruntime_analyzer.py> 
--- Analyzing Call Site #1058576 at 00102710 ---  
2025-09-08 14:12:18 INFO  (GhidraScript) onnxruntime_analyzer.py> DEBUG: Parent (caller): main at 00101e18  
2025-09-08 14:12:18 INFO  (GhidraScript) onnxruntime_analyzer.py> 
--- Initiating Taint Analysis for: main (call at 00102710) ---  
2025-09-08 14:12:18 INFO  (GhidraScript) onnxruntime_analyzer.py> DEBUG: Taint source is the return value of the call: local_560(StackDirect[Stack[-0x560]])  
2025-09-08 14:12:18 INFO  (GhidraScript) onnxruntime_analyzer.py> \n>>> Analyzing function: main (Depth: 0) at 00101e18 (Originating from: ['GetTensorData']) with initial taints: local_560(StackDirect[Stack[-0x560]])  
2025-09-08 14:12:18 INFO  (GhidraScript) onnxruntime_analyzer.py>   - [STACK_SEARCH.0] Analyzing varnode: (stack, 0xfffffffffffffaa0, 8)  
2025-09-08 14:12:18 INFO  (GhidraScript) onnxruntime_analyzer.py>   - [STACK_SEARCH.0] Details: isAddress=0, addr=Stack[-0x560], isStackAddress=1  
2025-09-08 14:12:18 INFO  (GhidraScript) onnxruntime_analyzer.py>   - [STACK_SEARCH.0] SUCCESS (Direct): Varnode is a direct stack address with offset -0x560.  
2025-09-08 14:12:18 INFO  (GhidraScript) onnxruntime_analyzer.py> DEBUG: [STACK_RULE] Proactively tainted stack offset -0x560 from initial HighVar: local_560(StackDirect[Stack[-0x560]])  
2025-09-08 14:12:18 INFO  (GhidraScript) onnxruntime_analyzer.py> DEBUG: [STACK_TAINTS] Initial tainted stack offsets for this function: ['-0x560L']  
2025-09-08 14:12:18 INFO  (GhidraScript) onnxruntime_analyzer.py> \nDEBUG: Reached specified start PcodeOp (register, 0x4000, 8) CALL (ram, 0x1036d8, 8) at 00102710 in main, subsequent ops will be processed.  
2025-09-08 14:12:18 INFO  (GhidraScript) onnxruntime_analyzer.py> DEBUG: [LOAD_HANDLER] Checking LOAD op at 00102728. Address varnode: (register, 0x4000, 8)  
2025-09-08 14:12:18 INFO  (GhidraScript) onnxruntime_analyzer.py>   - [STACK_SEARCH.0] Analyzing varnode: (register, 0x4000, 8)  
2025-09-08 14:12:18 INFO  (GhidraScript) onnxruntime_analyzer.py>   - [STACK_SEARCH.0] Details: isAddress=0, addr=register:00004000, isStackAddress=0  
2025-09-08 14:12:18 INFO  (GhidraScript) onnxruntime_analyzer.py>   - [STACK_SEARCH.0] Def P-Code Op: (register, 0x4000, 8) CALL (ram, 0x1036d8, 8)  
2025-09-08 14:12:18 INFO  (GhidraScript) onnxruntime_analyzer.py>   - [STACK_SEARCH.0] Mnemonic 'CALL' is not a handled case. Aborting path.  
2025-09-08 14:12:18 INFO  (GhidraScript) onnxruntime_analyzer.py> DEBUG: [LOAD_HANDLER] POINTER_RULE SUCCESS: Tainting output due to load from tainted address pointer (recursive check).  
2025-09-08 14:12:18 INFO  (GhidraScript) onnxruntime_analyzer.py> DEBUG: [main @ 00102728] Taint propagated from Tainted Address Pointer (local_560(StackDirect[Stack[-0x560]])) to local_51c(StackDirect[Stack[-0x51c]]) via LOAD.  
2025-09-08 14:12:18 INFO  (GhidraScript) onnxruntime_analyzer.py> DEBUG: [LOAD_HANDLER] Checking LOAD op at 00102734. Address varnode: (unique, 0x6400, 8)  
2025-09-08 14:12:18 INFO  (GhidraScript) onnxruntime_analyzer.py>   - [STACK_SEARCH.0] Analyzing varnode: (unique, 0x6400, 8)  
2025-09-08 14:12:18 INFO  (GhidraScript) onnxruntime_analyzer.py>   - [STACK_SEARCH.0] Details: isAddress=0, addr=unique:00006400, isStackAddress=0  
2025-09-08 14:12:18 INFO  (GhidraScript) onnxruntime_analyzer.py>   - [STACK_SEARCH.0] Def P-Code Op: (unique, 0x6400, 8) PTRADD (register, 0x4000, 8) , (const, 0x1, 8) , (const, 0x4, 8)  
2025-09-08 14:12:18 INFO  (GhidraScript) onnxruntime_analyzer.py>   - [STACK_SEARCH.1] Analyzing varnode: (register, 0x4000, 8)  
2025-09-08 14:12:18 INFO  (GhidraScript) onnxruntime_analyzer.py>   - [STACK_SEARCH.1] Details: isAddress=0, addr=register:00004000, isStackAddress=0  
2025-09-08 14:12:18 INFO  (GhidraScript) onnxruntime_analyzer.py>   - [STACK_SEARCH.1] Def P-Code Op: (register, 0x4000, 8) CALL (ram, 0x1036d8, 8)  
2025-09-08 14:12:18 INFO  (GhidraScript) onnxruntime_analyzer.py>   - [STACK_SEARCH.1] Mnemonic 'CALL' is not a handled case. Aborting path.  
2025-09-08 14:12:18 INFO  (GhidraScript) onnxruntime_analyzer.py>   - [STACK_SEARCH.1] Analyzing varnode: (register, 0x4000, 8)  
2025-09-08 14:12:18 INFO  (GhidraScript) onnxruntime_analyzer.py>   - [STACK_SEARCH.1] Details: isAddress=0, addr=register:00004000, isStackAddress=0  
2025-09-08 14:12:18 INFO  (GhidraScript) onnxruntime_analyzer.py>   - [STACK_SEARCH.1] Def P-Code Op: (register, 0x4000, 8) CALL (ram, 0x1036d8, 8)  
2025-09-08 14:12:18 INFO  (GhidraScript) onnxruntime_analyzer.py>   - [STACK_SEARCH.1] Mnemonic 'CALL' is not a handled case. Aborting path.  
2025-09-08 14:12:18 INFO  (GhidraScript) onnxruntime_analyzer.py>   - [STACK_SEARCH.0] Mnemonic 'PTRADD' is not a handled case. Aborting path.  
2025-09-08 14:12:18 INFO  (GhidraScript) onnxruntime_analyzer.py>   - [STACK_SEARCH.0] Analyzing varnode: (register, 0x4000, 8)  
2025-09-08 14:12:18 INFO  (GhidraScript) onnxruntime_analyzer.py>   - [STACK_SEARCH.0] Details: isAddress=0, addr=register:00004000, isStackAddress=0  
2025-09-08 14:12:18 INFO  (GhidraScript) onnxruntime_analyzer.py>   - [STACK_SEARCH.0] Def P-Code Op: (register, 0x4000, 8) CALL (ram, 0x1036d8, 8)  
2025-09-08 14:12:18 INFO  (GhidraScript) onnxruntime_analyzer.py>   - [STACK_SEARCH.0] Mnemonic 'CALL' is not a handled case. Aborting path.  
2025-09-08 14:12:18 INFO  (GhidraScript) onnxruntime_analyzer.py> DEBUG: [LOAD_HANDLER] POINTER_RULE FAIL: Address varnode UNNAMED(UniquePcode[0x6400]) is not tainted (recursive check).  
2025-09-08 14:12:18 INFO  (GhidraScript) onnxruntime_analyzer.py> DEBUG: [LOAD_HANDLER] REGION_RULE FAIL: Address pointer UNNAMED(UniquePcode[0x6400]) is not in the tainted memory regions set.  
2025-09-08 14:12:18 INFO  (GhidraScript) onnxruntime_analyzer.py> DEBUG: [main @ 00102734] Taint propagated from local_560(StackDirect[Stack[-0x560]]) to UNNAMED(UniquePcode[0x6400]) via PTRADD.  
2025-09-08 14:12:18 INFO  (GhidraScript) onnxruntime_analyzer.py> DEBUG: [LOAD_HANDLER] Checking LOAD op at 00102740. Address varnode: (unique, 0x6400, 8)  
2025-09-08 14:12:18 INFO  (GhidraScript) onnxruntime_analyzer.py>   - [STACK_SEARCH.0] Analyzing varnode: (unique, 0x6400, 8)  
2025-09-08 14:12:18 INFO  (GhidraScript) onnxruntime_analyzer.py>   - [STACK_SEARCH.0] Details: isAddress=0, addr=unique:00006400, isStackAddress=0  
2025-09-08 14:12:18 INFO  (GhidraScript) onnxruntime_analyzer.py>   - [STACK_SEARCH.0] Def P-Code Op: (unique, 0x6400, 8) PTRADD (register, 0x4000, 8) , (const, 0x2, 8) , (const, 0x4, 8)  
2025-09-08 14:12:18 INFO  (GhidraScript) onnxruntime_analyzer.py>   - [STACK_SEARCH.1] Analyzing varnode: (register, 0x4000, 8)  
2025-09-08 14:12:18 INFO  (GhidraScript) onnxruntime_analyzer.py>   - [STACK_SEARCH.1] Details: isAddress=0, addr=register:00004000, isStackAddress=0  
2025-09-08 14:12:18 INFO  (GhidraScript) onnxruntime_analyzer.py>   - [STACK_SEARCH.1] Def P-Code Op: (register, 0x4000, 8) CALL (ram, 0x1036d8, 8)  
2025-09-08 14:12:18 INFO  (GhidraScript) onnxruntime_analyzer.py>   - [STACK_SEARCH.1] Mnemonic 'CALL' is not a handled case. Aborting path.  
2025-09-08 14:12:18 INFO  (GhidraScript) onnxruntime_analyzer.py>   - [STACK_SEARCH.1] Analyzing varnode: (register, 0x4000, 8)  
2025-09-08 14:12:18 INFO  (GhidraScript) onnxruntime_analyzer.py>   - [STACK_SEARCH.1] Details: isAddress=0, addr=register:00004000, isStackAddress=0  
2025-09-08 14:12:18 INFO  (GhidraScript) onnxruntime_analyzer.py>   - [STACK_SEARCH.1] Def P-Code Op: (register, 0x4000, 8) CALL (ram, 0x1036d8, 8)  
2025-09-08 14:12:18 INFO  (GhidraScript) onnxruntime_analyzer.py>   - [STACK_SEARCH.1] Mnemonic 'CALL' is not a handled case. Aborting path.  
2025-09-08 14:12:18 INFO  (GhidraScript) onnxruntime_analyzer.py>   - [STACK_SEARCH.0] Mnemonic 'PTRADD' is not a handled case. Aborting path.  
2025-09-08 14:12:18 INFO  (GhidraScript) onnxruntime_analyzer.py>   - [STACK_SEARCH.0] Analyzing varnode: (register, 0x4000, 8)  
2025-09-08 14:12:18 INFO  (GhidraScript) onnxruntime_analyzer.py>   - [STACK_SEARCH.0] Details: isAddress=0, addr=register:00004000, isStackAddress=0  
2025-09-08 14:12:18 INFO  (GhidraScript) onnxruntime_analyzer.py>   - [STACK_SEARCH.0] Def P-Code Op: (register, 0x4000, 8) CALL (ram, 0x1036d8, 8)  
2025-09-08 14:12:18 INFO  (GhidraScript) onnxruntime_analyzer.py>   - [STACK_SEARCH.0] Mnemonic 'CALL' is not a handled case. Aborting path.  
2025-09-08 14:12:18 INFO  (GhidraScript) onnxruntime_analyzer.py> DEBUG: [LOAD_HANDLER] POINTER_RULE FAIL: Address varnode UNNAMED(UniquePcode[0x6400]) is not tainted (recursive check).  
2025-09-08 14:12:18 INFO  (GhidraScript) onnxruntime_analyzer.py> DEBUG: [LOAD_HANDLER] REGION_RULE FAIL: Address pointer UNNAMED(UniquePcode[0x6400]) is not in the tainted memory regions set.  
2025-09-08 14:12:18 INFO  (GhidraScript) onnxruntime_analyzer.py> DEBUG: [main @ 00102740] Taint propagated from local_560(StackDirect[Stack[-0x560]]) to UNNAMED(UniquePcode[0x6400]) via PTRADD.  
2025-09-08 14:12:19 INFO  (GhidraScript) onnxruntime_analyzer.py> DEBUG: [LOAD_HANDLER] Checking LOAD op at 0010282c. Address varnode: (register, 0x4000, 8)  
2025-09-08 14:12:19 INFO  (GhidraScript) onnxruntime_analyzer.py>   - [STACK_SEARCH.0] Analyzing varnode: (register, 0x4000, 8)  
2025-09-08 14:12:19 INFO  (GhidraScript) onnxruntime_analyzer.py>   - [STACK_SEARCH.0] Details: isAddress=0, addr=register:00004000, isStackAddress=0  
2025-09-08 14:12:19 INFO  (GhidraScript) onnxruntime_analyzer.py>   - [STACK_SEARCH.0] Def P-Code Op: (register, 0x4000, 8) CALL (ram, 0x1036d8, 8)  
2025-09-08 14:12:19 INFO  (GhidraScript) onnxruntime_analyzer.py>   - [STACK_SEARCH.0] Mnemonic 'CALL' is not a handled case. Aborting path.  
2025-09-08 14:12:19 INFO  (GhidraScript) onnxruntime_analyzer.py> DEBUG: [LOAD_HANDLER] POINTER_RULE FAIL: Address varnode pfVar7(x0) is not tainted (recursive check).  
2025-09-08 14:12:19 INFO  (GhidraScript) onnxruntime_analyzer.py> DEBUG: [LOAD_HANDLER] REGION_RULE FAIL: Address pointer pfVar7(x0) is not in the tainted memory regions set.  
2025-09-08 14:12:19 INFO  (GhidraScript) onnxruntime_analyzer.py> DEBUG: [LOAD_HANDLER] Checking LOAD op at 00102838. Address varnode: (unique, 0x6400, 8)  
2025-09-08 14:12:19 INFO  (GhidraScript) onnxruntime_analyzer.py>   - [STACK_SEARCH.0] Analyzing varnode: (unique, 0x6400, 8)  
2025-09-08 14:12:19 INFO  (GhidraScript) onnxruntime_analyzer.py>   - [STACK_SEARCH.0] Details: isAddress=0, addr=unique:00006400, isStackAddress=0  
2025-09-08 14:12:19 INFO  (GhidraScript) onnxruntime_analyzer.py>   - [STACK_SEARCH.0] Def P-Code Op: (unique, 0x6400, 8) PTRADD (register, 0x4000, 8) , (const, 0x1, 8) , (const, 0x4, 8)  
2025-09-08 14:12:19 INFO  (GhidraScript) onnxruntime_analyzer.py>   - [STACK_SEARCH.1] Analyzing varnode: (register, 0x4000, 8)  
2025-09-08 14:12:19 INFO  (GhidraScript) onnxruntime_analyzer.py>   - [STACK_SEARCH.1] Details: isAddress=0, addr=register:00004000, isStackAddress=0  
2025-09-08 14:12:19 INFO  (GhidraScript) onnxruntime_analyzer.py>   - [STACK_SEARCH.1] Def P-Code Op: (register, 0x4000, 8) CALL (ram, 0x1036d8, 8)  
2025-09-08 14:12:19 INFO  (GhidraScript) onnxruntime_analyzer.py>   - [STACK_SEARCH.1] Mnemonic 'CALL' is not a handled case. Aborting path.  
2025-09-08 14:12:19 INFO  (GhidraScript) onnxruntime_analyzer.py>   - [STACK_SEARCH.1] Analyzing varnode: (register, 0x4000, 8)  
2025-09-08 14:12:19 INFO  (GhidraScript) onnxruntime_analyzer.py>   - [STACK_SEARCH.1] Details: isAddress=0, addr=register:00004000, isStackAddress=0  
2025-09-08 14:12:19 INFO  (GhidraScript) onnxruntime_analyzer.py>   - [STACK_SEARCH.1] Def P-Code Op: (register, 0x4000, 8) CALL (ram, 0x1036d8, 8)  
2025-09-08 14:12:19 INFO  (GhidraScript) onnxruntime_analyzer.py>   - [STACK_SEARCH.1] Mnemonic 'CALL' is not a handled case. Aborting path.  
2025-09-08 14:12:19 INFO  (GhidraScript) onnxruntime_analyzer.py>   - [STACK_SEARCH.0] Mnemonic 'PTRADD' is not a handled case. Aborting path.  
2025-09-08 14:12:19 INFO  (GhidraScript) onnxruntime_analyzer.py>   - [STACK_SEARCH.0] Analyzing varnode: (register, 0x4000, 8)  
2025-09-08 14:12:19 INFO  (GhidraScript) onnxruntime_analyzer.py>   - [STACK_SEARCH.0] Details: isAddress=0, addr=register:00004000, isStackAddress=0  
2025-09-08 14:12:19 INFO  (GhidraScript) onnxruntime_analyzer.py>   - [STACK_SEARCH.0] Def P-Code Op: (register, 0x4000, 8) CALL (ram, 0x1036d8, 8)  
2025-09-08 14:12:19 INFO  (GhidraScript) onnxruntime_analyzer.py>   - [STACK_SEARCH.0] Mnemonic 'CALL' is not a handled case. Aborting path.  
2025-09-08 14:12:19 INFO  (GhidraScript) onnxruntime_analyzer.py> DEBUG: [LOAD_HANDLER] POINTER_RULE FAIL: Address varnode UNNAMED(UniquePcode[0x6400]) is not tainted (recursive check).  
2025-09-08 14:12:19 INFO  (GhidraScript) onnxruntime_analyzer.py> DEBUG: [LOAD_HANDLER] REGION_RULE FAIL: Address pointer UNNAMED(UniquePcode[0x6400]) is not in the tainted memory regions set.  
2025-09-08 14:12:19 INFO  (GhidraScript) onnxruntime_analyzer.py> DEBUG: [LOAD_HANDLER] Checking LOAD op at 00102844. Address varnode: (unique, 0x6400, 8)  
2025-09-08 14:12:19 INFO  (GhidraScript) onnxruntime_analyzer.py>   - [STACK_SEARCH.0] Analyzing varnode: (unique, 0x6400, 8)  
2025-09-08 14:12:19 INFO  (GhidraScript) onnxruntime_analyzer.py>   - [STACK_SEARCH.0] Details: isAddress=0, addr=unique:00006400, isStackAddress=0  
2025-09-08 14:12:19 INFO  (GhidraScript) onnxruntime_analyzer.py>   - [STACK_SEARCH.0] Def P-Code Op: (unique, 0x6400, 8) PTRADD (register, 0x4000, 8) , (const, 0x2, 8) , (const, 0x4, 8)  
2025-09-08 14:12:19 INFO  (GhidraScript) onnxruntime_analyzer.py>   - [STACK_SEARCH.1] Analyzing varnode: (register, 0x4000, 8)  
2025-09-08 14:12:19 INFO  (GhidraScript) onnxruntime_analyzer.py>   - [STACK_SEARCH.1] Details: isAddress=0, addr=register:00004000, isStackAddress=0  
2025-09-08 14:12:19 INFO  (GhidraScript) onnxruntime_analyzer.py>   - [STACK_SEARCH.1] Def P-Code Op: (register, 0x4000, 8) CALL (ram, 0x1036d8, 8)  
2025-09-08 14:12:19 INFO  (GhidraScript) onnxruntime_analyzer.py>   - [STACK_SEARCH.1] Mnemonic 'CALL' is not a handled case. Aborting path.  
2025-09-08 14:12:19 INFO  (GhidraScript) onnxruntime_analyzer.py>   - [STACK_SEARCH.1] Analyzing varnode: (register, 0x4000, 8)  
2025-09-08 14:12:19 INFO  (GhidraScript) onnxruntime_analyzer.py>   - [STACK_SEARCH.1] Details: isAddress=0, addr=register:00004000, isStackAddress=0  
2025-09-08 14:12:19 INFO  (GhidraScript) onnxruntime_analyzer.py>   - [STACK_SEARCH.1] Def P-Code Op: (register, 0x4000, 8) CALL (ram, 0x1036d8, 8)  
2025-09-08 14:12:19 INFO  (GhidraScript) onnxruntime_analyzer.py>   - [STACK_SEARCH.1] Mnemonic 'CALL' is not a handled case. Aborting path.  
2025-09-08 14:12:19 INFO  (GhidraScript) onnxruntime_analyzer.py>   - [STACK_SEARCH.0] Mnemonic 'PTRADD' is not a handled case. Aborting path.  
2025-09-08 14:12:19 INFO  (GhidraScript) onnxruntime_analyzer.py>   - [STACK_SEARCH.0] Analyzing varnode: (register, 0x4000, 8)  
2025-09-08 14:12:19 INFO  (GhidraScript) onnxruntime_analyzer.py>   - [STACK_SEARCH.0] Details: isAddress=0, addr=register:00004000, isStackAddress=0  
2025-09-08 14:12:19 INFO  (GhidraScript) onnxruntime_analyzer.py>   - [STACK_SEARCH.0] Def P-Code Op: (register, 0x4000, 8) CALL (ram, 0x1036d8, 8)  
2025-09-08 14:12:19 INFO  (GhidraScript) onnxruntime_analyzer.py>   - [STACK_SEARCH.0] Mnemonic 'CALL' is not a handled case. Aborting path.  
2025-09-08 14:12:19 INFO  (GhidraScript) onnxruntime_analyzer.py> DEBUG: [LOAD_HANDLER] POINTER_RULE FAIL: Address varnode UNNAMED(UniquePcode[0x6400]) is not tainted (recursive check).  
2025-09-08 14:12:19 INFO  (GhidraScript) onnxruntime_analyzer.py> DEBUG: [LOAD_HANDLER] REGION_RULE FAIL: Address pointer UNNAMED(UniquePcode[0x6400]) is not in the tainted memory regions set.  
2025-09-08 14:12:19 INFO  (GhidraScript) onnxruntime_analyzer.py> DEBUG: [main @ 00102864] Taint propagated from local_51c(StackDirect[Stack[-0x51c]]) to UNNAMED(s0) via FLOAT_ADD.  
2025-09-08 14:12:19 INFO  (GhidraScript) onnxruntime_analyzer.py> DEBUG: [main @ 0010286c] Taint propagated from UNNAMED(s0) to UNNAMED(s0) via FLOAT_DIV.  
2025-09-08 14:12:19 INFO  (GhidraScript) onnxruntime_analyzer.py> \n>>> Analyzing function: abs (Depth: 1) at 001037ac (Originating from: ['GetTensorData']) with initial taints: param_1(s0)  
2025-09-08 14:12:19 INFO  (GhidraScript) onnxruntime_analyzer.py>   - [STACK_SEARCH.0] Analyzing varnode: (register, 0x5000, 4)  
2025-09-08 14:12:19 INFO  (GhidraScript) onnxruntime_analyzer.py>   - [STACK_SEARCH.0] Details: isAddress=0, addr=register:00005000, isStackAddress=0  
2025-09-08 14:12:19 INFO  (GhidraScript) onnxruntime_analyzer.py>   - [STACK_SEARCH.0] No defining p-code op found. Aborting path.  
2025-09-08 14:12:19 INFO  (GhidraScript) onnxruntime_analyzer.py> DEBUG: Starting taint analysis from the beginning of function abs.  
2025-09-08 14:12:19 INFO  (GhidraScript) onnxruntime_analyzer.py> DEBUG: [abs @ 001037b8] Taint propagated from param_1(s0) to UNNAMED(s0) via FLOAT_ABS.  
2025-09-08 14:12:19 INFO  (GhidraScript) onnxruntime_analyzer.py> DEBUG: [abs @ 001037c0] Analyzing potential tainted RETURN with value: UNNAMED(s0) (Tainted: 1)  
2025-09-08 14:12:19 INFO  (GhidraScript) onnxruntime_analyzer.py> 
==================== TAINTED RETURN DETECTED ====================  
2025-09-08 14:12:19 INFO  (GhidraScript) onnxruntime_analyzer.py>   - Taint Origin:    ['GetTensorData']  
2025-09-08 14:12:19 INFO  (GhidraScript) onnxruntime_analyzer.py>   - Function:        undefined abs(float param_1) (Depth: 1)  
2025-09-08 14:12:19 INFO  (GhidraScript) onnxruntime_analyzer.py>   - Return Address:  001037c0  
2025-09-08 14:12:19 INFO  (GhidraScript) onnxruntime_analyzer.py>   - Instruction:     ret  
2025-09-08 14:12:19 INFO  (GhidraScript) onnxruntime_analyzer.py>   - Tainted Value:   UNNAMED(s0)  
2025-09-08 14:12:19 INFO  (GhidraScript) onnxruntime_analyzer.py>   - Value defined by:  (register, 0x5000, 4) COPY (register, 0x5000, 4) at 001037c0  
2025-09-08 14:12:19 INFO  (GhidraScript) onnxruntime_analyzer.py> ================================================================
  
2025-09-08 14:12:19 INFO  (GhidraScript) onnxruntime_analyzer.py> INFO: [MULTI-STAGE] Tainted return from 'abs'. Finding call sites to continue analysis.  
2025-09-08 14:12:19 INFO  (GhidraScript) onnxruntime_analyzer.py> INFO: [MULTI-STAGE] Queued new task to analyze caller 'main' starting from tainted return.  
2025-09-08 14:12:19 INFO  (GhidraScript) onnxruntime_analyzer.py> INFO: [MULTI-STAGE] Queued new task to analyze caller 'main' starting from tainted return.  
2025-09-08 14:12:20 INFO  (GhidraScript) onnxruntime_analyzer.py> INFO: [MULTI-STAGE] Queued new task to analyze caller 'main' starting from tainted return.  
2025-09-08 14:12:20 INFO  (GhidraScript) onnxruntime_analyzer.py> DEBUG: [abs @ 001037c0] Taint propagated from UNNAMED(s0) to UNNAMED(s0) via COPY.  
2025-09-08 14:12:20 INFO  (GhidraScript) onnxruntime_analyzer.py> <<< Finished analyzing function: abs.  
2025-09-08 14:12:20 INFO  (GhidraScript) onnxruntime_analyzer.py> DEBUG: [CBRANCH] Found defining op for condition: (register, 0x100, 1) FLOAT_LESSEQUAL (const, 0x40a00000, 4) , (register, 0x5000, 4)  
2025-09-08 14:12:20 INFO  (GhidraScript) onnxruntime_analyzer.py> INFO: [main @ 001028c0] Taint reached CBRANCH. Operands: ['UnnamedHighVar(Constant: 0x40a00000)', 'fVar15(s0)'].   
2025-09-08 14:12:20 INFO  (GhidraScript) onnxruntime_analyzer.py> DEBUG: [CBRANCH] Found defining op for condition: (register, 0x100, 1) FLOAT_LESSEQUAL (const, 0x40a00000, 4) , (register, 0x5000, 4)  
2025-09-08 14:12:20 INFO  (GhidraScript) onnxruntime_analyzer.py> INFO: [main @ 001028e4] Taint reached CBRANCH. Operands: ['UnnamedHighVar(Constant: 0x40a00000)', 'fVar16(s0)'].   
2025-09-08 14:12:20 INFO  (GhidraScript) onnxruntime_analyzer.py> DEBUG: [CBRANCH] Found defining op for condition: (register, 0x100, 1) FLOAT_LESSEQUAL (const, 0x40a00000, 4) , (register, 0x5000, 4)  
2025-09-08 14:12:20 INFO  (GhidraScript) onnxruntime_analyzer.py> INFO: [main @ 00102908] Taint reached CBRANCH. Operands: ['UnnamedHighVar(Constant: 0x40a00000)', 'fVar16(s0)'].   
2025-09-08 14:12:20 INFO  (GhidraScript) onnxruntime_analyzer.py> DEBUG: [main @ 00102ba0] Analyzing potential tainted RETURN with value: UNNAMED(w0) (Tainted: 0)  
2025-09-08 14:12:20 INFO  (GhidraScript) onnxruntime_analyzer.py>     [DEBUG] --- Taint Check Details (RETURN FAILED) ---  
2025-09-08 14:12:20 INFO  (GhidraScript) onnxruntime_analyzer.py>     [DEBUG]   > Return Varnode: (register, 0x4000, 4) (Size: 4, Def: (register, 0x4000, 4) COPY (stack, 0xfffffffffffffefc, 4) at 00102b90)  
2025-09-08 14:12:20 INFO  (GhidraScript) onnxruntime_analyzer.py>     [DEBUG]   > Currently Tainted HighVariables in this function:  
2025-09-08 14:12:20 INFO  (GhidraScript) onnxruntime_analyzer.py>     [DEBUG]     1. UNNAMED(UniquePcode[0x6400])  
2025-09-08 14:12:20 INFO  (GhidraScript) onnxruntime_analyzer.py>     [DEBUG]     2. UNNAMED(UniquePcode[0x6400])  
2025-09-08 14:12:20 INFO  (GhidraScript) onnxruntime_analyzer.py>     [DEBUG]     3. UNNAMED(s0)  
2025-09-08 14:12:20 INFO  (GhidraScript) onnxruntime_analyzer.py>     [DEBUG]     4. UNNAMED(s0)  
2025-09-08 14:12:20 INFO  (GhidraScript) onnxruntime_analyzer.py>     [DEBUG]     5. local_51c(StackDirect[Stack[-0x51c]])  
2025-09-08 14:12:20 INFO  (GhidraScript) onnxruntime_analyzer.py>     [DEBUG]     6. local_560(StackDirect[Stack[-0x560]])  
2025-09-08 14:12:20 INFO  (GhidraScript) onnxruntime_analyzer.py>     [DEBUG] ---------------------------------  
2025-09-08 14:12:20 INFO  (GhidraScript) onnxruntime_analyzer.py> <<< Finished analyzing function: main.  
2025-09-08 14:12:20 INFO  (GhidraScript) onnxruntime_analyzer.py> 
--- Analyzing Call Site #1058836 at 00102814 ---  
2025-09-08 14:12:20 INFO  (GhidraScript) onnxruntime_analyzer.py> DEBUG: Parent (caller): main at 00101e18  
2025-09-08 14:12:20 INFO  (GhidraScript) onnxruntime_analyzer.py> 
--- Initiating Taint Analysis for: main (call at 00102814) ---  
2025-09-08 14:12:20 INFO  (GhidraScript) onnxruntime_analyzer.py> DEBUG: Taint source is the return value of the call: pfVar7(x0)  
2025-09-08 14:12:20 INFO  (GhidraScript) onnxruntime_analyzer.py> \n>>> Analyzing function: main (Depth: 0) at 00101e18 (Originating from: ['GetTensorData']) with initial taints: pfVar7(x0)  
2025-09-08 14:12:20 INFO  (GhidraScript) onnxruntime_analyzer.py>   - [STACK_SEARCH.0] Analyzing varnode: (register, 0x4000, 8)  
2025-09-08 14:12:20 INFO  (GhidraScript) onnxruntime_analyzer.py>   - [STACK_SEARCH.0] Details: isAddress=0, addr=register:00004000, isStackAddress=0  
2025-09-08 14:12:20 INFO  (GhidraScript) onnxruntime_analyzer.py>   - [STACK_SEARCH.0] Def P-Code Op: (register, 0x4000, 8) CALL (ram, 0x1036d8, 8)  
2025-09-08 14:12:20 INFO  (GhidraScript) onnxruntime_analyzer.py>   - [STACK_SEARCH.0] Mnemonic 'CALL' is not a handled case. Aborting path.  
2025-09-08 14:12:20 INFO  (GhidraScript) onnxruntime_analyzer.py> \nDEBUG: Reached specified start PcodeOp (register, 0x4000, 8) CALL (ram, 0x1036d8, 8) at 00102814 in main, subsequent ops will be processed.  
2025-09-08 14:12:20 INFO  (GhidraScript) onnxruntime_analyzer.py> DEBUG: [LOAD_HANDLER] Checking LOAD op at 0010282c. Address varnode: (register, 0x4000, 8)  
2025-09-08 14:12:20 INFO  (GhidraScript) onnxruntime_analyzer.py> DEBUG: [LOAD_HANDLER] POINTER_RULE SUCCESS: Tainting output due to load from tainted address pointer (recursive check).  
2025-09-08 14:12:20 INFO  (GhidraScript) onnxruntime_analyzer.py> DEBUG: [main @ 0010282c] Taint propagated from Tainted Address Pointer (pfVar7(x0)) to local_528(StackDirect[Stack[-0x528]]) via LOAD.  
2025-09-08 14:12:20 INFO  (GhidraScript) onnxruntime_analyzer.py> DEBUG: [LOAD_HANDLER] Checking LOAD op at 00102838. Address varnode: (unique, 0x6400, 8)  
2025-09-08 14:12:20 INFO  (GhidraScript) onnxruntime_analyzer.py> DEBUG: [LOAD_HANDLER] POINTER_RULE FAIL: Address varnode UNNAMED(UniquePcode[0x6400]) is not tainted (recursive check).  
2025-09-08 14:12:20 INFO  (GhidraScript) onnxruntime_analyzer.py> DEBUG: [LOAD_HANDLER] REGION_RULE FAIL: Address pointer UNNAMED(UniquePcode[0x6400]) is not in the tainted memory regions set.  
2025-09-08 14:12:20 INFO  (GhidraScript) onnxruntime_analyzer.py> DEBUG: [main @ 00102838] Taint propagated from pfVar7(x0) to UNNAMED(UniquePcode[0x6400]) via PTRADD.  
2025-09-08 14:12:20 INFO  (GhidraScript) onnxruntime_analyzer.py> DEBUG: [LOAD_HANDLER] Checking LOAD op at 00102844. Address varnode: (unique, 0x6400, 8)  
2025-09-08 14:12:20 INFO  (GhidraScript) onnxruntime_analyzer.py> DEBUG: [LOAD_HANDLER] POINTER_RULE FAIL: Address varnode UNNAMED(UniquePcode[0x6400]) is not tainted (recursive check).  
2025-09-08 14:12:20 INFO  (GhidraScript) onnxruntime_analyzer.py> DEBUG: [LOAD_HANDLER] REGION_RULE FAIL: Address pointer UNNAMED(UniquePcode[0x6400]) is not in the tainted memory regions set.  
2025-09-08 14:12:20 INFO  (GhidraScript) onnxruntime_analyzer.py> DEBUG: [main @ 00102844] Taint propagated from pfVar7(x0) to UNNAMED(UniquePcode[0x6400]) via PTRADD.  
2025-09-08 14:12:20 INFO  (GhidraScript) onnxruntime_analyzer.py> DEBUG: [main @ 00102864] Taint propagated from local_528(StackDirect[Stack[-0x528]]) to UNNAMED(s0) via FLOAT_ADD.  
2025-09-08 14:12:20 INFO  (GhidraScript) onnxruntime_analyzer.py> DEBUG: [main @ 0010286c] Taint propagated from UNNAMED(s0) to UNNAMED(s0) via FLOAT_DIV.  
2025-09-08 14:12:20 INFO  (GhidraScript) onnxruntime_analyzer.py> DEBUG: Already analyzed function abs with initial taints ('param_1(s0)',) (origin: ['GetTensorData']). Skipping.  
2025-09-08 14:12:20 INFO  (GhidraScript) onnxruntime_analyzer.py> DEBUG: [CBRANCH] Found defining op for condition: (register, 0x100, 1) FLOAT_LESSEQUAL (const, 0x40a00000, 4) , (register, 0x5000, 4)  
2025-09-08 14:12:20 INFO  (GhidraScript) onnxruntime_analyzer.py> INFO: [main @ 001028c0] Taint reached CBRANCH. Operands: ['UnnamedHighVar(Constant: 0x40a00000)', 'fVar15(s0)'].   
2025-09-08 14:12:20 INFO  (GhidraScript) onnxruntime_analyzer.py> DEBUG: [CBRANCH] Found defining op for condition: (register, 0x100, 1) FLOAT_LESSEQUAL (const, 0x40a00000, 4) , (register, 0x5000, 4)  
2025-09-08 14:12:20 INFO  (GhidraScript) onnxruntime_analyzer.py> INFO: [main @ 001028e4] Taint reached CBRANCH. Operands: ['UnnamedHighVar(Constant: 0x40a00000)', 'fVar16(s0)'].   
2025-09-08 14:12:20 INFO  (GhidraScript) onnxruntime_analyzer.py> DEBUG: [CBRANCH] Found defining op for condition: (register, 0x100, 1) FLOAT_LESSEQUAL (const, 0x40a00000, 4) , (register, 0x5000, 4)  
2025-09-08 14:12:20 INFO  (GhidraScript) onnxruntime_analyzer.py> INFO: [main @ 00102908] Taint reached CBRANCH. Operands: ['UnnamedHighVar(Constant: 0x40a00000)', 'fVar16(s0)'].   
2025-09-08 14:12:20 INFO  (GhidraScript) onnxruntime_analyzer.py> DEBUG: [main @ 00102ba0] Analyzing potential tainted RETURN with value: UNNAMED(w0) (Tainted: 0)  
2025-09-08 14:12:20 INFO  (GhidraScript) onnxruntime_analyzer.py>     [DEBUG] --- Taint Check Details (RETURN FAILED) ---  
2025-09-08 14:12:20 INFO  (GhidraScript) onnxruntime_analyzer.py>     [DEBUG]   > Return Varnode: (register, 0x4000, 4) (Size: 4, Def: (register, 0x4000, 4) COPY (stack, 0xfffffffffffffefc, 4) at 00102b90)  
2025-09-08 14:12:20 INFO  (GhidraScript) onnxruntime_analyzer.py>     [DEBUG]   > Currently Tainted HighVariables in this function:  
2025-09-08 14:12:20 INFO  (GhidraScript) onnxruntime_analyzer.py>     [DEBUG]     1. UNNAMED(UniquePcode[0x6400])  
2025-09-08 14:12:20 INFO  (GhidraScript) onnxruntime_analyzer.py>     [DEBUG]     2. UNNAMED(UniquePcode[0x6400])  
2025-09-08 14:12:20 INFO  (GhidraScript) onnxruntime_analyzer.py>     [DEBUG]     3. UNNAMED(s0)  
2025-09-08 14:12:20 INFO  (GhidraScript) onnxruntime_analyzer.py>     [DEBUG]     4. UNNAMED(s0)  
2025-09-08 14:12:20 INFO  (GhidraScript) onnxruntime_analyzer.py>     [DEBUG]     5. local_528(StackDirect[Stack[-0x528]])  
2025-09-08 14:12:20 INFO  (GhidraScript) onnxruntime_analyzer.py>     [DEBUG]     6. pfVar7(x0)  
2025-09-08 14:12:20 INFO  (GhidraScript) onnxruntime_analyzer.py>     [DEBUG] ---------------------------------  
2025-09-08 14:12:20 INFO  (GhidraScript) onnxruntime_analyzer.py> <<< Finished analyzing function: main.  
2025-09-08 14:12:20 INFO  (GhidraScript) onnxruntime_analyzer.py> 
--- Stage 1 Complete. Checking for pending multi-stage analysis tasks... ---  
2025-09-08 14:12:20 INFO  (GhidraScript) onnxruntime_analyzer.py> 
--- Initiating Stage 2 Analysis Task #1 (from rule: tainted_return_from_abs) ---  
2025-09-08 14:12:20 INFO  (GhidraScript) onnxruntime_analyzer.py> \n>>> Analyzing function: main (Depth: 0) at 00101e18 (Originating from: tainted_return_from_abs) with initial taints: UNNAMED(UniquePcode[0x10000dd8])  
2025-09-08 14:12:20 INFO  (GhidraScript) onnxruntime_analyzer.py>   - [STACK_SEARCH.0] Analyzing varnode: (unique, 0x10000dd8, 4)  
2025-09-08 14:12:20 INFO  (GhidraScript) onnxruntime_analyzer.py>   - [STACK_SEARCH.0] Details: isAddress=0, addr=unique:10000dd8, isStackAddress=0  
2025-09-08 14:12:20 INFO  (GhidraScript) onnxruntime_analyzer.py>   - [STACK_SEARCH.0] Def P-Code Op: (unique, 0x10000dd8, 4) CALL (ram, 0x1037ac, 8) , (register, 0x5000, 4)  
2025-09-08 14:12:20 INFO  (GhidraScript) onnxruntime_analyzer.py>   - [STACK_SEARCH.0] Mnemonic 'CALL' is not a handled case. Aborting path.  
2025-09-08 14:12:20 INFO  (GhidraScript) onnxruntime_analyzer.py> \nDEBUG: Reached specified start PcodeOp (unique, 0x10000dd8, 4) CALL (ram, 0x1037ac, 8) , (register, 0x5000, 4) at 001028a8 in main, subsequent ops will be processed.  
2025-09-08 14:12:20 INFO  (GhidraScript) onnxruntime_analyzer.py> DEBUG: [main @ 001028a8] Taint propagated from UNNAMED(UniquePcode[0x10000dd8]) to fVar15(s0) via CAST.  
2025-09-08 14:12:20 INFO  (GhidraScript) onnxruntime_analyzer.py> DEBUG: [main @ 001028bc] Taint propagated from fVar15(s0) to UNNAMED(NG) via FLOAT_LESSEQUAL.  
2025-09-08 14:12:20 INFO  (GhidraScript) onnxruntime_analyzer.py> INFO: [main @ 001028bc] Taint reached COMPARISON op (FLOAT_LESSEQUAL). Operands: ['UnnamedHighVar(Constant: 0x40a00000)', 'fVar15(s0)'].  
2025-09-08 14:12:20 INFO  (GhidraScript) onnxruntime_analyzer.py> DEBUG: [CBRANCH] Found defining op for condition: (register, 0x100, 1) FLOAT_LESSEQUAL (const, 0x40a00000, 4) , (register, 0x5000, 4)  
2025-09-08 14:12:20 INFO  (GhidraScript) onnxruntime_analyzer.py> INFO: [main @ 001028c0] Taint reached CBRANCH. Operands: ['UnnamedHighVar(Constant: 0x40a00000)', 'fVar15(s0)'].   
2025-09-08 14:12:20 INFO  (GhidraScript) onnxruntime_analyzer.py> DEBUG: [CBRANCH] Found defining op for condition: (register, 0x100, 1) FLOAT_LESSEQUAL (const, 0x40a00000, 4) , (register, 0x5000, 4)  
2025-09-08 14:12:20 INFO  (GhidraScript) onnxruntime_analyzer.py> INFO: [main @ 001028e4] Taint reached CBRANCH. Operands: ['UnnamedHighVar(Constant: 0x40a00000)', 'fVar16(s0)'].   
2025-09-08 14:12:20 INFO  (GhidraScript) onnxruntime_analyzer.py> DEBUG: [CBRANCH] Found defining op for condition: (register, 0x100, 1) FLOAT_LESSEQUAL (const, 0x40a00000, 4) , (register, 0x5000, 4)  
2025-09-08 14:12:20 INFO  (GhidraScript) onnxruntime_analyzer.py> INFO: [main @ 00102908] Taint reached CBRANCH. Operands: ['UnnamedHighVar(Constant: 0x40a00000)', 'fVar16(s0)'].   
2025-09-08 14:12:20 INFO  (GhidraScript) onnxruntime_analyzer.py> DEBUG: [main @ 00102ba0] Analyzing potential tainted RETURN with value: UNNAMED(w0) (Tainted: 0)  
2025-09-08 14:12:20 INFO  (GhidraScript) onnxruntime_analyzer.py>     [DEBUG] --- Taint Check Details (RETURN FAILED) ---  
2025-09-08 14:12:20 INFO  (GhidraScript) onnxruntime_analyzer.py>     [DEBUG]   > Return Varnode: (register, 0x4000, 4) (Size: 4, Def: (register, 0x4000, 4) COPY (stack, 0xfffffffffffffefc, 4) at 00102b90)  
2025-09-08 14:12:20 INFO  (GhidraScript) onnxruntime_analyzer.py>     [DEBUG]   > Currently Tainted HighVariables in this function:  
2025-09-08 14:12:20 INFO  (GhidraScript) onnxruntime_analyzer.py>     [DEBUG]     1. UNNAMED(NG)  
2025-09-08 14:12:20 INFO  (GhidraScript) onnxruntime_analyzer.py>     [DEBUG]     2. UNNAMED(UniquePcode[0x10000dd8])  
2025-09-08 14:12:20 INFO  (GhidraScript) onnxruntime_analyzer.py>     [DEBUG]     3. fVar15(s0)  
2025-09-08 14:12:20 INFO  (GhidraScript) onnxruntime_analyzer.py>     [DEBUG] ---------------------------------  
2025-09-08 14:12:20 INFO  (GhidraScript) onnxruntime_analyzer.py> <<< Finished analyzing function: main.  
2025-09-08 14:12:20 INFO  (GhidraScript) onnxruntime_analyzer.py> 
--- Initiating Stage 2 Analysis Task #2 (from rule: tainted_return_from_abs) ---  
2025-09-08 14:12:20 INFO  (GhidraScript) onnxruntime_analyzer.py> \n>>> Analyzing function: main (Depth: 0) at 00101e18 (Originating from: tainted_return_from_abs) with initial taints: UNNAMED(UniquePcode[0x10000ddc])  
2025-09-08 14:12:20 INFO  (GhidraScript) onnxruntime_analyzer.py>   - [STACK_SEARCH.0] Analyzing varnode: (unique, 0x10000ddc, 4)  
2025-09-08 14:12:20 INFO  (GhidraScript) onnxruntime_analyzer.py>   - [STACK_SEARCH.0] Details: isAddress=0, addr=unique:10000ddc, isStackAddress=0  
2025-09-08 14:12:20 INFO  (GhidraScript) onnxruntime_analyzer.py>   - [STACK_SEARCH.0] Def P-Code Op: (unique, 0x10000ddc, 4) CALL (ram, 0x1037ac, 8) , (register, 0x5000, 4)  
2025-09-08 14:12:20 INFO  (GhidraScript) onnxruntime_analyzer.py>   - [STACK_SEARCH.0] Mnemonic 'CALL' is not a handled case. Aborting path.  
2025-09-08 14:12:20 INFO  (GhidraScript) onnxruntime_analyzer.py> \nDEBUG: Reached specified start PcodeOp (unique, 0x10000ddc, 4) CALL (ram, 0x1037ac, 8) , (register, 0x5000, 4) at 001028cc in main, subsequent ops will be processed.  
2025-09-08 14:12:20 INFO  (GhidraScript) onnxruntime_analyzer.py> DEBUG: [main @ 001028cc] Taint propagated from UNNAMED(UniquePcode[0x10000ddc]) to fVar16(s0) via CAST.  
2025-09-08 14:12:20 INFO  (GhidraScript) onnxruntime_analyzer.py> DEBUG: [main @ 001028e0] Taint propagated from fVar16(s0) to UNNAMED(NG) via FLOAT_LESSEQUAL.  
2025-09-08 14:12:20 INFO  (GhidraScript) onnxruntime_analyzer.py> INFO: [main @ 001028e0] Taint reached COMPARISON op (FLOAT_LESSEQUAL). Operands: ['UnnamedHighVar(Constant: 0x40a00000)', 'fVar16(s0)'].  
2025-09-08 14:12:20 INFO  (GhidraScript) onnxruntime_analyzer.py> DEBUG: [CBRANCH] Found defining op for condition: (register, 0x100, 1) FLOAT_LESSEQUAL (const, 0x40a00000, 4) , (register, 0x5000, 4)  
2025-09-08 14:12:20 INFO  (GhidraScript) onnxruntime_analyzer.py> INFO: [main @ 001028e4] Taint reached CBRANCH. Operands: ['UnnamedHighVar(Constant: 0x40a00000)', 'fVar16(s0)'].   
2025-09-08 14:12:20 INFO  (GhidraScript) onnxruntime_analyzer.py> DEBUG: [main @ 00102904] Taint propagated from fVar16(s0) to UNNAMED(NG) via FLOAT_LESSEQUAL.  
2025-09-08 14:12:20 INFO  (GhidraScript) onnxruntime_analyzer.py> INFO: [main @ 00102904] Taint reached COMPARISON op (FLOAT_LESSEQUAL). Operands: ['UnnamedHighVar(Constant: 0x40a00000)', 'fVar16(s0)'].  
2025-09-08 14:12:20 INFO  (GhidraScript) onnxruntime_analyzer.py> DEBUG: [CBRANCH] Found defining op for condition: (register, 0x100, 1) FLOAT_LESSEQUAL (const, 0x40a00000, 4) , (register, 0x5000, 4)  
2025-09-08 14:12:20 INFO  (GhidraScript) onnxruntime_analyzer.py> INFO: [main @ 00102908] Taint reached CBRANCH. Operands: ['UnnamedHighVar(Constant: 0x40a00000)', 'fVar16(s0)'].   
2025-09-08 14:12:20 INFO  (GhidraScript) onnxruntime_analyzer.py> DEBUG: [main @ 00102ba0] Analyzing potential tainted RETURN with value: UNNAMED(w0) (Tainted: 0)  
2025-09-08 14:12:20 INFO  (GhidraScript) onnxruntime_analyzer.py>     [DEBUG] --- Taint Check Details (RETURN FAILED) ---  
2025-09-08 14:12:20 INFO  (GhidraScript) onnxruntime_analyzer.py>     [DEBUG]   > Return Varnode: (register, 0x4000, 4) (Size: 4, Def: (register, 0x4000, 4) COPY (stack, 0xfffffffffffffefc, 4) at 00102b90)  
2025-09-08 14:12:20 INFO  (GhidraScript) onnxruntime_analyzer.py>     [DEBUG]   > Currently Tainted HighVariables in this function:  
2025-09-08 14:12:20 INFO  (GhidraScript) onnxruntime_analyzer.py>     [DEBUG]     1. UNNAMED(NG)  
2025-09-08 14:12:20 INFO  (GhidraScript) onnxruntime_analyzer.py>     [DEBUG]     2. UNNAMED(NG)  
2025-09-08 14:12:20 INFO  (GhidraScript) onnxruntime_analyzer.py>     [DEBUG]     3. UNNAMED(UniquePcode[0x10000ddc])  
2025-09-08 14:12:20 INFO  (GhidraScript) onnxruntime_analyzer.py>     [DEBUG]     4. fVar16(s0)  
2025-09-08 14:12:20 INFO  (GhidraScript) onnxruntime_analyzer.py>     [DEBUG] ---------------------------------  
2025-09-08 14:12:20 INFO  (GhidraScript) onnxruntime_analyzer.py> <<< Finished analyzing function: main.  
2025-09-08 14:12:20 INFO  (GhidraScript) onnxruntime_analyzer.py> 
--- Initiating Stage 2 Analysis Task #3 (from rule: tainted_return_from_abs) ---  
2025-09-08 14:12:20 INFO  (GhidraScript) onnxruntime_analyzer.py> \n>>> Analyzing function: main (Depth: 0) at 00101e18 (Originating from: tainted_return_from_abs) with initial taints: UNNAMED(UniquePcode[0x10000de0])  
2025-09-08 14:12:20 INFO  (GhidraScript) onnxruntime_analyzer.py>   - [STACK_SEARCH.0] Analyzing varnode: (unique, 0x10000de0, 4)  
2025-09-08 14:12:20 INFO  (GhidraScript) onnxruntime_analyzer.py>   - [STACK_SEARCH.0] Details: isAddress=0, addr=unique:10000de0, isStackAddress=0  
2025-09-08 14:12:20 INFO  (GhidraScript) onnxruntime_analyzer.py>   - [STACK_SEARCH.0] Def P-Code Op: (unique, 0x10000de0, 4) CALL (ram, 0x1037ac, 8) , (register, 0x5000, 4)  
2025-09-08 14:12:20 INFO  (GhidraScript) onnxruntime_analyzer.py>   - [STACK_SEARCH.0] Mnemonic 'CALL' is not a handled case. Aborting path.  
2025-09-08 14:12:20 INFO  (GhidraScript) onnxruntime_analyzer.py> \nDEBUG: Reached specified start PcodeOp (unique, 0x10000de0, 4) CALL (ram, 0x1037ac, 8) , (register, 0x5000, 4) at 001028f0 in main, subsequent ops will be processed.  
2025-09-08 14:12:20 INFO  (GhidraScript) onnxruntime_analyzer.py> DEBUG: [main @ 001028f0] Taint propagated from UNNAMED(UniquePcode[0x10000de0]) to fVar16(s0) via CAST.  
2025-09-08 14:12:20 INFO  (GhidraScript) onnxruntime_analyzer.py> DEBUG: [main @ 00102904] Taint propagated from fVar16(s0) to UNNAMED(NG) via FLOAT_LESSEQUAL.  
2025-09-08 14:12:20 INFO  (GhidraScript) onnxruntime_analyzer.py> INFO: [main @ 00102904] Taint reached COMPARISON op (FLOAT_LESSEQUAL). Operands: ['UnnamedHighVar(Constant: 0x40a00000)', 'fVar16(s0)'].  
2025-09-08 14:12:20 INFO  (GhidraScript) onnxruntime_analyzer.py> DEBUG: [CBRANCH] Found defining op for condition: (register, 0x100, 1) FLOAT_LESSEQUAL (const, 0x40a00000, 4) , (register, 0x5000, 4)  
2025-09-08 14:12:20 INFO  (GhidraScript) onnxruntime_analyzer.py> INFO: [main @ 00102908] Taint reached CBRANCH. Operands: ['UnnamedHighVar(Constant: 0x40a00000)', 'fVar16(s0)'].   
2025-09-08 14:12:20 INFO  (GhidraScript) onnxruntime_analyzer.py> DEBUG: [main @ 00102ba0] Analyzing potential tainted RETURN with value: UNNAMED(w0) (Tainted: 0)  
2025-09-08 14:12:20 INFO  (GhidraScript) onnxruntime_analyzer.py>     [DEBUG] --- Taint Check Details (RETURN FAILED) ---  
2025-09-08 14:12:20 INFO  (GhidraScript) onnxruntime_analyzer.py>     [DEBUG]   > Return Varnode: (register, 0x4000, 4) (Size: 4, Def: (register, 0x4000, 4) COPY (stack, 0xfffffffffffffefc, 4) at 00102b90)  
2025-09-08 14:12:20 INFO  (GhidraScript) onnxruntime_analyzer.py>     [DEBUG]   > Currently Tainted HighVariables in this function:  
2025-09-08 14:12:20 INFO  (GhidraScript) onnxruntime_analyzer.py>     [DEBUG]     1. UNNAMED(NG)  
2025-09-08 14:12:20 INFO  (GhidraScript) onnxruntime_analyzer.py>     [DEBUG]     2. UNNAMED(UniquePcode[0x10000de0])  
2025-09-08 14:12:20 INFO  (GhidraScript) onnxruntime_analyzer.py>     [DEBUG]     3. fVar16(s0)  
2025-09-08 14:12:20 INFO  (GhidraScript) onnxruntime_analyzer.py>     [DEBUG] ---------------------------------  
2025-09-08 14:12:20 INFO  (GhidraScript) onnxruntime_analyzer.py> <<< Finished analyzing function: main.  
2025-09-08 14:12:20 INFO  (GhidraScript) onnxruntime_analyzer.py> 
--- All Multi-Stage Analysis Tasks Complete. ---  
2025-09-08 14:12:20 INFO  (GhidraScript) onnxruntime_analyzer.py> 
--- Taint Analysis Run Complete ---  
2025-09-08 14:12:20 INFO  (GhidraScript) onnxruntime_analyzer.py> \n--- All Detected Tainted Value Usages (Interprocedural) ---  
2025-09-08 14:12:20 INFO  (GhidraScript) onnxruntime_analyzer.py> Usage #1:  
2025-09-08 14:12:20 INFO  (GhidraScript) onnxruntime_analyzer.py>   Originating Lib Call: ['GetTensorData']  
2025-09-08 14:12:20 INFO  (GhidraScript) onnxruntime_analyzer.py>   Found In Function:   main at 00101e18  
2025-09-08 14:12:20 INFO  (GhidraScript) onnxruntime_analyzer.py>   Instruction Address: 001028a8  
2025-09-08 14:12:20 INFO  (GhidraScript) onnxruntime_analyzer.py>     PCode Op:            (unique, 0x10000dd8, 4) CALL (ram, 0x1037ac, 8) , (register, 0x5000, 4)  
2025-09-08 14:12:20 INFO  (GhidraScript) onnxruntime_analyzer.py>     Usage Type:          TAINTED_ARG_TO_CALL_RECURSION  
2025-09-08 14:12:20 INFO  (GhidraScript) onnxruntime_analyzer.py>     Details:             Recursive call to abs (CALL) with taints: param_1(s0).  
2025-09-08 14:12:20 INFO  (GhidraScript) onnxruntime_analyzer.py> ----------------------------------------  
2025-09-08 14:12:20 INFO  (GhidraScript) onnxruntime_analyzer.py> Usage #2:  
2025-09-08 14:12:20 INFO  (GhidraScript) onnxruntime_analyzer.py>   Originating Lib Call: ['GetTensorData']  
2025-09-08 14:12:20 INFO  (GhidraScript) onnxruntime_analyzer.py>   Found In Function:   abs at 001037ac  
2025-09-08 14:12:20 INFO  (GhidraScript) onnxruntime_analyzer.py>   Instruction Address: 001037c0  
2025-09-08 14:12:20 INFO  (GhidraScript) onnxruntime_analyzer.py>     PCode Op:             ---  RETURN (const, 0x0, 8) , (register, 0x5000, 4)  
2025-09-08 14:12:20 INFO  (GhidraScript) onnxruntime_analyzer.py>     Usage Type:          RETURN_TAINTED_VALUE  
2025-09-08 14:12:20 INFO  (GhidraScript) onnxruntime_analyzer.py>     Tainted Component:   UNNAMED(s0)  
2025-09-08 14:12:20 INFO  (GhidraScript) onnxruntime_analyzer.py> ----------------------------------------  
2025-09-08 14:12:20 INFO  (GhidraScript) onnxruntime_analyzer.py> Usage #3:  
2025-09-08 14:12:20 INFO  (GhidraScript) onnxruntime_analyzer.py>   Originating Lib Call: ['GetTensorData']  
2025-09-08 14:12:20 INFO  (GhidraScript) onnxruntime_analyzer.py>   Found In Function:   main at 00101e18  
2025-09-08 14:12:20 INFO  (GhidraScript) onnxruntime_analyzer.py>   Instruction Address: 001028c0  
2025-09-08 14:12:20 INFO  (GhidraScript) onnxruntime_analyzer.py>     PCode Op:             ---  CBRANCH (ram, 0x102a3c, 1) , (register, 0x100, 1)  
2025-09-08 14:12:20 INFO  (GhidraScript) onnxruntime_analyzer.py>     Usage Type:          BRANCH_CONDITION_TAINTED  
2025-09-08 14:12:20 INFO  (GhidraScript) onnxruntime_analyzer.py>     Tainted Component:   UNNAMED(NG)  
2025-09-08 14:12:20 INFO  (GhidraScript) onnxruntime_analyzer.py>     Details:             Tainted condition for branch.  
2025-09-08 14:12:20 INFO  (GhidraScript) onnxruntime_analyzer.py> ----------------------------------------  
2025-09-08 14:12:20 INFO  (GhidraScript) onnxruntime_analyzer.py> Usage #4:  
2025-09-08 14:12:20 INFO  (GhidraScript) onnxruntime_analyzer.py>   Originating Lib Call: ['GetTensorData']  
2025-09-08 14:12:20 INFO  (GhidraScript) onnxruntime_analyzer.py>   Found In Function:   main at 00101e18  
2025-09-08 14:12:20 INFO  (GhidraScript) onnxruntime_analyzer.py>   Instruction Address: 001028e4  
2025-09-08 14:12:20 INFO  (GhidraScript) onnxruntime_analyzer.py>     PCode Op:             ---  CBRANCH (ram, 0x102a3c, 1) , (register, 0x100, 1)  
2025-09-08 14:12:20 INFO  (GhidraScript) onnxruntime_analyzer.py>     Usage Type:          BRANCH_CONDITION_TAINTED  
2025-09-08 14:12:20 INFO  (GhidraScript) onnxruntime_analyzer.py>     Tainted Component:   UNNAMED(NG)  
2025-09-08 14:12:20 INFO  (GhidraScript) onnxruntime_analyzer.py>     Details:             Tainted condition for branch.  
2025-09-08 14:12:20 INFO  (GhidraScript) onnxruntime_analyzer.py> ----------------------------------------  
2025-09-08 14:12:20 INFO  (GhidraScript) onnxruntime_analyzer.py> Usage #5:  
2025-09-08 14:12:20 INFO  (GhidraScript) onnxruntime_analyzer.py>   Originating Lib Call: ['GetTensorData']  
2025-09-08 14:12:20 INFO  (GhidraScript) onnxruntime_analyzer.py>   Found In Function:   main at 00101e18  
2025-09-08 14:12:20 INFO  (GhidraScript) onnxruntime_analyzer.py>   Instruction Address: 00102908  
2025-09-08 14:12:20 INFO  (GhidraScript) onnxruntime_analyzer.py>     PCode Op:             ---  CBRANCH (ram, 0x102a3c, 1) , (register, 0x100, 1)  
2025-09-08 14:12:20 INFO  (GhidraScript) onnxruntime_analyzer.py>     Usage Type:          BRANCH_CONDITION_TAINTED  
2025-09-08 14:12:20 INFO  (GhidraScript) onnxruntime_analyzer.py>     Tainted Component:   UNNAMED(NG)  
2025-09-08 14:12:20 INFO  (GhidraScript) onnxruntime_analyzer.py>     Details:             Tainted condition for branch.  
2025-09-08 14:12:20 INFO  (GhidraScript) onnxruntime_analyzer.py> ----------------------------------------  
2025-09-08 14:12:20 INFO  (GhidraScript) onnxruntime_analyzer.py> Usage #6:  
2025-09-08 14:12:20 INFO  (GhidraScript) onnxruntime_analyzer.py>   Originating Lib Call: ['GetTensorData']  
2025-09-08 14:12:20 INFO  (GhidraScript) onnxruntime_analyzer.py>   Found In Function:   main at 00101e18  
2025-09-08 14:12:20 INFO  (GhidraScript) onnxruntime_analyzer.py>   Instruction Address: 001028a8  
2025-09-08 14:12:20 INFO  (GhidraScript) onnxruntime_analyzer.py>     PCode Op:            (unique, 0x10000dd8, 4) CALL (ram, 0x1037ac, 8) , (register, 0x5000, 4)  
2025-09-08 14:12:20 INFO  (GhidraScript) onnxruntime_analyzer.py>     Usage Type:          TAINTED_ARG_TO_CALL_RECURSION  
2025-09-08 14:12:20 INFO  (GhidraScript) onnxruntime_analyzer.py>     Details:             Recursive call to abs (CALL) with taints: param_1(s0).  
2025-09-08 14:12:20 INFO  (GhidraScript) onnxruntime_analyzer.py> ----------------------------------------  
2025-09-08 14:12:20 INFO  (GhidraScript) onnxruntime_analyzer.py> Usage #7:  
2025-09-08 14:12:20 INFO  (GhidraScript) onnxruntime_analyzer.py>   Originating Lib Call: ['GetTensorData']  
2025-09-08 14:12:20 INFO  (GhidraScript) onnxruntime_analyzer.py>   Found In Function:   main at 00101e18  
2025-09-08 14:12:20 INFO  (GhidraScript) onnxruntime_analyzer.py>   Instruction Address: 001028c0  
2025-09-08 14:12:20 INFO  (GhidraScript) onnxruntime_analyzer.py>     PCode Op:             ---  CBRANCH (ram, 0x102a3c, 1) , (register, 0x100, 1)  
2025-09-08 14:12:20 INFO  (GhidraScript) onnxruntime_analyzer.py>     Usage Type:          BRANCH_CONDITION_TAINTED  
2025-09-08 14:12:20 INFO  (GhidraScript) onnxruntime_analyzer.py>     Tainted Component:   UNNAMED(NG)  
2025-09-08 14:12:20 INFO  (GhidraScript) onnxruntime_analyzer.py>     Details:             Tainted condition for branch.  
2025-09-08 14:12:20 INFO  (GhidraScript) onnxruntime_analyzer.py> ----------------------------------------  
2025-09-08 14:12:20 INFO  (GhidraScript) onnxruntime_analyzer.py> Usage #8:  
2025-09-08 14:12:20 INFO  (GhidraScript) onnxruntime_analyzer.py>   Originating Lib Call: ['GetTensorData']  
2025-09-08 14:12:20 INFO  (GhidraScript) onnxruntime_analyzer.py>   Found In Function:   main at 00101e18  
2025-09-08 14:12:20 INFO  (GhidraScript) onnxruntime_analyzer.py>   Instruction Address: 001028e4  
2025-09-08 14:12:20 INFO  (GhidraScript) onnxruntime_analyzer.py>     PCode Op:             ---  CBRANCH (ram, 0x102a3c, 1) , (register, 0x100, 1)  
2025-09-08 14:12:20 INFO  (GhidraScript) onnxruntime_analyzer.py>     Usage Type:          BRANCH_CONDITION_TAINTED  
2025-09-08 14:12:20 INFO  (GhidraScript) onnxruntime_analyzer.py>     Tainted Component:   UNNAMED(NG)  
2025-09-08 14:12:20 INFO  (GhidraScript) onnxruntime_analyzer.py>     Details:             Tainted condition for branch.  
2025-09-08 14:12:20 INFO  (GhidraScript) onnxruntime_analyzer.py> ----------------------------------------  
2025-09-08 14:12:20 INFO  (GhidraScript) onnxruntime_analyzer.py> Usage #9:  
2025-09-08 14:12:20 INFO  (GhidraScript) onnxruntime_analyzer.py>   Originating Lib Call: ['GetTensorData']  
2025-09-08 14:12:20 INFO  (GhidraScript) onnxruntime_analyzer.py>   Found In Function:   main at 00101e18  
2025-09-08 14:12:20 INFO  (GhidraScript) onnxruntime_analyzer.py>   Instruction Address: 00102908  
2025-09-08 14:12:20 INFO  (GhidraScript) onnxruntime_analyzer.py>     PCode Op:             ---  CBRANCH (ram, 0x102a3c, 1) , (register, 0x100, 1)  
2025-09-08 14:12:20 INFO  (GhidraScript) onnxruntime_analyzer.py>     Usage Type:          BRANCH_CONDITION_TAINTED  
2025-09-08 14:12:20 INFO  (GhidraScript) onnxruntime_analyzer.py>     Tainted Component:   UNNAMED(NG)  
2025-09-08 14:12:20 INFO  (GhidraScript) onnxruntime_analyzer.py>     Details:             Tainted condition for branch.  
2025-09-08 14:12:20 INFO  (GhidraScript) onnxruntime_analyzer.py> ----------------------------------------  
2025-09-08 14:12:20 INFO  (GhidraScript) onnxruntime_analyzer.py> Usage #10:  
2025-09-08 14:12:20 INFO  (GhidraScript) onnxruntime_analyzer.py>   Originating Lib Call: tainted_return_from_abs  
2025-09-08 14:12:20 INFO  (GhidraScript) onnxruntime_analyzer.py>   Found In Function:   main at 00101e18  
2025-09-08 14:12:20 INFO  (GhidraScript) onnxruntime_analyzer.py>   Instruction Address: 001028bc  
2025-09-08 14:12:20 INFO  (GhidraScript) onnxruntime_analyzer.py>     PCode Op:            (register, 0x100, 1) FLOAT_LESSEQUAL (const, 0x40a00000, 4) , (register, 0x5000, 4)  
2025-09-08 14:12:20 INFO  (GhidraScript) onnxruntime_analyzer.py>     Usage Type:          TAINTED_COMPARISON  
2025-09-08 14:12:20 INFO  (GhidraScript) onnxruntime_analyzer.py>     Tainted Component:   fVar15(s0)  
2025-09-08 14:12:20 INFO  (GhidraScript) onnxruntime_analyzer.py>     Details:             Tainted value used in a comparison operation (FLOAT_LESSEQUAL).  
2025-09-08 14:12:20 INFO  (GhidraScript) onnxruntime_analyzer.py> ----------------------------------------  
2025-09-08 14:12:20 INFO  (GhidraScript) onnxruntime_analyzer.py> Usage #11:  
2025-09-08 14:12:20 INFO  (GhidraScript) onnxruntime_analyzer.py>   Originating Lib Call: tainted_return_from_abs  
2025-09-08 14:12:20 INFO  (GhidraScript) onnxruntime_analyzer.py>   Found In Function:   main at 00101e18  
2025-09-08 14:12:20 INFO  (GhidraScript) onnxruntime_analyzer.py>   Instruction Address: 001028c0  
2025-09-08 14:12:20 INFO  (GhidraScript) onnxruntime_analyzer.py>     PCode Op:             ---  CBRANCH (ram, 0x102a3c, 1) , (register, 0x100, 1)  
2025-09-08 14:12:20 INFO  (GhidraScript) onnxruntime_analyzer.py>     Usage Type:          BRANCH_CONDITION_TAINTED  
2025-09-08 14:12:20 INFO  (GhidraScript) onnxruntime_analyzer.py>     Tainted Component:   UNNAMED(NG)  
2025-09-08 14:12:20 INFO  (GhidraScript) onnxruntime_analyzer.py>     Details:             Tainted condition for branch.  
2025-09-08 14:12:20 INFO  (GhidraScript) onnxruntime_analyzer.py> ----------------------------------------  
2025-09-08 14:12:20 INFO  (GhidraScript) onnxruntime_analyzer.py> Usage #12:  
2025-09-08 14:12:20 INFO  (GhidraScript) onnxruntime_analyzer.py>   Originating Lib Call: tainted_return_from_abs  
2025-09-08 14:12:20 INFO  (GhidraScript) onnxruntime_analyzer.py>   Found In Function:   main at 00101e18  
2025-09-08 14:12:20 INFO  (GhidraScript) onnxruntime_analyzer.py>   Instruction Address: 001028e4  
2025-09-08 14:12:20 INFO  (GhidraScript) onnxruntime_analyzer.py>     PCode Op:             ---  CBRANCH (ram, 0x102a3c, 1) , (register, 0x100, 1)  
2025-09-08 14:12:20 INFO  (GhidraScript) onnxruntime_analyzer.py>     Usage Type:          BRANCH_CONDITION_TAINTED  
2025-09-08 14:12:20 INFO  (GhidraScript) onnxruntime_analyzer.py>     Tainted Component:   UNNAMED(NG)  
2025-09-08 14:12:20 INFO  (GhidraScript) onnxruntime_analyzer.py>     Details:             Tainted condition for branch.  
2025-09-08 14:12:20 INFO  (GhidraScript) onnxruntime_analyzer.py> ----------------------------------------  
2025-09-08 14:12:20 INFO  (GhidraScript) onnxruntime_analyzer.py> Usage #13:  
2025-09-08 14:12:20 INFO  (GhidraScript) onnxruntime_analyzer.py>   Originating Lib Call: tainted_return_from_abs  
2025-09-08 14:12:20 INFO  (GhidraScript) onnxruntime_analyzer.py>   Found In Function:   main at 00101e18  
2025-09-08 14:12:20 INFO  (GhidraScript) onnxruntime_analyzer.py>   Instruction Address: 00102908  
2025-09-08 14:12:20 INFO  (GhidraScript) onnxruntime_analyzer.py>     PCode Op:             ---  CBRANCH (ram, 0x102a3c, 1) , (register, 0x100, 1)  
2025-09-08 14:12:20 INFO  (GhidraScript) onnxruntime_analyzer.py>     Usage Type:          BRANCH_CONDITION_TAINTED  
2025-09-08 14:12:20 INFO  (GhidraScript) onnxruntime_analyzer.py>     Tainted Component:   UNNAMED(NG)  
2025-09-08 14:12:20 INFO  (GhidraScript) onnxruntime_analyzer.py>     Details:             Tainted condition for branch.  
2025-09-08 14:12:20 INFO  (GhidraScript) onnxruntime_analyzer.py> ----------------------------------------  
2025-09-08 14:12:20 INFO  (GhidraScript) onnxruntime_analyzer.py> Usage #14:  
2025-09-08 14:12:20 INFO  (GhidraScript) onnxruntime_analyzer.py>   Originating Lib Call: tainted_return_from_abs  
2025-09-08 14:12:20 INFO  (GhidraScript) onnxruntime_analyzer.py>   Found In Function:   main at 00101e18  
2025-09-08 14:12:20 INFO  (GhidraScript) onnxruntime_analyzer.py>   Instruction Address: 001028e0  
2025-09-08 14:12:20 INFO  (GhidraScript) onnxruntime_analyzer.py>     PCode Op:            (register, 0x100, 1) FLOAT_LESSEQUAL (const, 0x40a00000, 4) , (register, 0x5000, 4)  
2025-09-08 14:12:20 INFO  (GhidraScript) onnxruntime_analyzer.py>     Usage Type:          TAINTED_COMPARISON  
2025-09-08 14:12:20 INFO  (GhidraScript) onnxruntime_analyzer.py>     Tainted Component:   fVar16(s0)  
2025-09-08 14:12:20 INFO  (GhidraScript) onnxruntime_analyzer.py>     Details:             Tainted value used in a comparison operation (FLOAT_LESSEQUAL).  
2025-09-08 14:12:20 INFO  (GhidraScript) onnxruntime_analyzer.py> ----------------------------------------  
2025-09-08 14:12:20 INFO  (GhidraScript) onnxruntime_analyzer.py> Usage #15:  
2025-09-08 14:12:20 INFO  (GhidraScript) onnxruntime_analyzer.py>   Originating Lib Call: tainted_return_from_abs  
2025-09-08 14:12:20 INFO  (GhidraScript) onnxruntime_analyzer.py>   Found In Function:   main at 00101e18  
2025-09-08 14:12:20 INFO  (GhidraScript) onnxruntime_analyzer.py>   Instruction Address: 001028e4  
2025-09-08 14:12:20 INFO  (GhidraScript) onnxruntime_analyzer.py>     PCode Op:             ---  CBRANCH (ram, 0x102a3c, 1) , (register, 0x100, 1)  
2025-09-08 14:12:20 INFO  (GhidraScript) onnxruntime_analyzer.py>     Usage Type:          BRANCH_CONDITION_TAINTED  
2025-09-08 14:12:20 INFO  (GhidraScript) onnxruntime_analyzer.py>     Tainted Component:   UNNAMED(NG)  
2025-09-08 14:12:20 INFO  (GhidraScript) onnxruntime_analyzer.py>     Details:             Tainted condition for branch.  
2025-09-08 14:12:20 INFO  (GhidraScript) onnxruntime_analyzer.py> ----------------------------------------  
2025-09-08 14:12:20 INFO  (GhidraScript) onnxruntime_analyzer.py> Usage #16:  
2025-09-08 14:12:20 INFO  (GhidraScript) onnxruntime_analyzer.py>   Originating Lib Call: tainted_return_from_abs  
2025-09-08 14:12:20 INFO  (GhidraScript) onnxruntime_analyzer.py>   Found In Function:   main at 00101e18  
2025-09-08 14:12:20 INFO  (GhidraScript) onnxruntime_analyzer.py>   Instruction Address: 00102904  
2025-09-08 14:12:20 INFO  (GhidraScript) onnxruntime_analyzer.py>     PCode Op:            (register, 0x100, 1) FLOAT_LESSEQUAL (const, 0x40a00000, 4) , (register, 0x5000, 4)  
2025-09-08 14:12:20 INFO  (GhidraScript) onnxruntime_analyzer.py>     Usage Type:          TAINTED_COMPARISON  
2025-09-08 14:12:20 INFO  (GhidraScript) onnxruntime_analyzer.py>     Tainted Component:   fVar16(s0)  
2025-09-08 14:12:20 INFO  (GhidraScript) onnxruntime_analyzer.py>     Details:             Tainted value used in a comparison operation (FLOAT_LESSEQUAL).  
2025-09-08 14:12:20 INFO  (GhidraScript) onnxruntime_analyzer.py> ----------------------------------------  
2025-09-08 14:12:20 INFO  (GhidraScript) onnxruntime_analyzer.py> Usage #17:  
2025-09-08 14:12:20 INFO  (GhidraScript) onnxruntime_analyzer.py>   Originating Lib Call: tainted_return_from_abs  
2025-09-08 14:12:20 INFO  (GhidraScript) onnxruntime_analyzer.py>   Found In Function:   main at 00101e18  
2025-09-08 14:12:20 INFO  (GhidraScript) onnxruntime_analyzer.py>   Instruction Address: 00102908  
2025-09-08 14:12:20 INFO  (GhidraScript) onnxruntime_analyzer.py>     PCode Op:             ---  CBRANCH (ram, 0x102a3c, 1) , (register, 0x100, 1)  
2025-09-08 14:12:20 INFO  (GhidraScript) onnxruntime_analyzer.py>     Usage Type:          BRANCH_CONDITION_TAINTED  
2025-09-08 14:12:20 INFO  (GhidraScript) onnxruntime_analyzer.py>     Tainted Component:   UNNAMED(NG)  
2025-09-08 14:12:20 INFO  (GhidraScript) onnxruntime_analyzer.py>     Details:             Tainted condition for branch.  
2025-09-08 14:12:20 INFO  (GhidraScript) onnxruntime_analyzer.py> ----------------------------------------  
2025-09-08 14:12:20 INFO  (GhidraScript) onnxruntime_analyzer.py> Usage #18:  
2025-09-08 14:12:20 INFO  (GhidraScript) onnxruntime_analyzer.py>   Originating Lib Call: tainted_return_from_abs  
2025-09-08 14:12:20 INFO  (GhidraScript) onnxruntime_analyzer.py>   Found In Function:   main at 00101e18  
2025-09-08 14:12:20 INFO  (GhidraScript) onnxruntime_analyzer.py>   Instruction Address: 00102904  
2025-09-08 14:12:20 INFO  (GhidraScript) onnxruntime_analyzer.py>     PCode Op:            (register, 0x100, 1) FLOAT_LESSEQUAL (const, 0x40a00000, 4) , (register, 0x5000, 4)  
2025-09-08 14:12:20 INFO  (GhidraScript) onnxruntime_analyzer.py>     Usage Type:          TAINTED_COMPARISON  
2025-09-08 14:12:20 INFO  (GhidraScript) onnxruntime_analyzer.py>     Tainted Component:   fVar16(s0)  
2025-09-08 14:12:20 INFO  (GhidraScript) onnxruntime_analyzer.py>     Details:             Tainted value used in a comparison operation (FLOAT_LESSEQUAL).  
2025-09-08 14:12:20 INFO  (GhidraScript) onnxruntime_analyzer.py> ----------------------------------------  
2025-09-08 14:12:20 INFO  (GhidraScript) onnxruntime_analyzer.py> Usage #19:  
2025-09-08 14:12:20 INFO  (GhidraScript) onnxruntime_analyzer.py>   Originating Lib Call: tainted_return_from_abs  
2025-09-08 14:12:20 INFO  (GhidraScript) onnxruntime_analyzer.py>   Found In Function:   main at 00101e18  
2025-09-08 14:12:20 INFO  (GhidraScript) onnxruntime_analyzer.py>   Instruction Address: 00102908  
2025-09-08 14:12:20 INFO  (GhidraScript) onnxruntime_analyzer.py>     PCode Op:             ---  CBRANCH (ram, 0x102a3c, 1) , (register, 0x100, 1)  
2025-09-08 14:12:20 INFO  (GhidraScript) onnxruntime_analyzer.py>     Usage Type:          BRANCH_CONDITION_TAINTED  
2025-09-08 14:12:20 INFO  (GhidraScript) onnxruntime_analyzer.py>     Tainted Component:   UNNAMED(NG)  
2025-09-08 14:12:20 INFO  (GhidraScript) onnxruntime_analyzer.py>     Details:             Tainted condition for branch.  
2025-09-08 14:12:20 INFO  (GhidraScript) onnxruntime_analyzer.py> ----------------------------------------  
2025-09-08 14:12:20 INFO  (GhidraScript) onnxruntime_analyzer.py> INFO: TAINT_ANALYSIS_JSON_OUTPUT env var found. Saving results to: /Users/chenkexin/Desktop/kk/test_taint/results/fsanet_headpose_onnxruntime_clang_O0_taint_analysis_results.json  
2025-09-08 14:12:20 INFO  (GhidraScript) onnxruntime_analyzer.py> Taint analysis results saved to: /Users/chenkexin/Desktop/kk/test_taint/results/fsanet_headpose_onnxruntime_clang_O0_taint_analysis_results.json  
2025-09-08 14:12:21 INFO  (GhidraScript) onnxruntime_analyzer.py> SUCCESS: Hook configuration saved to: /Users/chenkexin/Desktop/kk/test_taint/results/fsanet_headpose_onnxruntime_clang_O0_hook_config.json  
2025-09-08 14:12:21 INFO  (GhidraScript) onnxruntime_analyzer.py> ONNXRuntime Taint Analyzer finished.  
2025-09-08 14:12:21 INFO  (HeadlessAnalyzer) ANALYZING changes made by post scripts: file:///Users/chenkexin/Desktop/kk/test_taint/assets/merged_bin/fsanet_headpose_onnxruntime_clang_O0  
2025-09-08 14:12:21 INFO  (HeadlessAnalyzer) REPORT: Post-analysis succeeded for file: file:///Users/chenkexin/Desktop/kk/test_taint/assets/merged_bin/fsanet_headpose_onnxruntime_clang_O0  
2025-09-08 14:12:21 INFO  (HeadlessAnalyzer) REPORT: Save succeeded for: /fsanet_headpose_onnxruntime_clang_O0 (all_binaries_analysis:/fsanet_headpose_onnxruntime_clang_O0)  
2025-09-08 14:12:21 INFO  (HeadlessAnalyzer) REPORT: Import succeeded  
2025-09-08 14:12:21 DEBUG (DefaultProjectData) Closing ProjectData: /Users/chenkexin/Desktop/kk/test_taint/ghidra_projects/all_binaries_analysis.rep  
2025-09-08 14:12:21 DEBUG (DefaultProjectData) Disposing ProjectData: /Users/chenkexin/Desktop/kk/test_taint/ghidra_projects/all_binaries_analysis.rep  
