2025-09-08 14:11:13 INFO  (LoggingInitialization) Using log config file: jar:file:/Applications/ghidra_11.0.3_PUBLIC/Ghidra/Framework/Generic/lib/Generic.jar!/generic.log4j.xml  
2025-09-08 14:11:13 INFO  (LoggingInitialization) Using log file: /Users/chenkexin/Desktop/kk/test_taint/logs/fsanet_headpose_ncnn_clang_O0_headless_analysis.log  
2025-09-08 14:11:13 INFO  (Preferences) Loading user preferences: /Users/chenkexin/.ghidra/.ghidra_11.0.3_PUBLIC/preferences  
2025-09-08 14:11:13 INFO  (Preferences) Loading previous preferences: /Users/chenkexin/.ghidra/.ghidra_10.4_PUBLIC/preferences  
2025-09-08 14:11:13 INFO  (ClassSearcher) Searching for classes...  
2025-09-08 14:11:15 INFO  (ClassSearcher) Class search complete (1697 ms)  
2025-09-08 14:11:15 INFO  (SSLContextInitializer) Initializing SSL Context  
2025-09-08 14:11:15 INFO  (SecureRandomFactory) Initializing Random Number Generator...  
2025-09-08 14:11:15 INFO  (SecureRandomFactory) Random Number Generator initialization complete: NativePRNGNonBlocking  
2025-09-08 14:11:15 INFO  (ApplicationTrustManagerFactory) Trust manager disabled, cacerts have not been set  
2025-09-08 14:11:15 INFO  (HeadlessAnalyzer) HEADLESS Script Paths:
    /Applications/ghidra_11.0.3_PUBLIC/Ghidra/Processors/8051/ghidra_scripts
    /Applications/ghidra_11.0.3_PUBLIC/Ghidra/Features/FileFormats/ghidra_scripts
    /Applications/ghidra_11.0.3_PUBLIC/Ghidra/Features/Base/ghidra_scripts
    /Applications/ghidra_11.0.3_PUBLIC/Ghidra/Features/Python/ghidra_scripts
    /Applications/ghidra_11.0.3_PUBLIC/Ghidra/Features/GnuDemangler/ghidra_scripts
    /Applications/ghidra_11.0.3_PUBLIC/Ghidra/Features/SystemEmulation/ghidra_scripts
    /Applications/ghidra_11.0.3_PUBLIC/Ghidra/Features/MicrosoftCodeAnalyzer/ghidra_scripts
    /Applications/ghidra_11.0.3_PUBLIC/Ghidra/Features/BytePatterns/ghidra_scripts
    /Applications/ghidra_11.0.3_PUBLIC/Ghidra/Features/Decompiler/ghidra_scripts
    /Applications/ghidra_11.0.3_PUBLIC/Ghidra/Processors/Atmel/ghidra_scripts
    /Applications/ghidra_11.0.3_PUBLIC/Ghidra/Debug/Debugger-agent-frida/ghidra_scripts
    /Applications/ghidra_11.0.3_PUBLIC/Ghidra/Features/FunctionID/ghidra_scripts
    /Applications/ghidra_11.0.3_PUBLIC/Ghidra/Processors/JVM/ghidra_scripts
    /Applications/ghidra_11.0.3_PUBLIC/Ghidra/Processors/PIC/ghidra_scripts
    /Applications/ghidra_11.0.3_PUBLIC/Ghidra/Features/BSim/ghidra_scripts
    /Applications/ghidra_11.0.3_PUBLIC/Ghidra/Features/PDB/ghidra_scripts
    /Applications/ghidra_11.0.3_PUBLIC/Ghidra/Processors/DATA/ghidra_scripts
    /Users/chenkexin/ghidra_scripts
    /Users/chenkexin/Desktop/kk/test_taint
    /Applications/ghidra_11.0.3_PUBLIC/Ghidra/Debug/Debugger-agent-dbgmodel-traceloader/ghidra_scripts
    /Applications/ghidra_11.0.3_PUBLIC/Ghidra/Debug/Debugger-rmi-trace/ghidra_scripts
    /Applications/ghidra_11.0.3_PUBLIC/Ghidra/Features/VersionTracking/ghidra_scripts
    /Applications/ghidra_11.0.3_PUBLIC/Ghidra/Debug/Debugger/ghidra_scripts  
2025-09-08 14:11:15 INFO  (HeadlessAnalyzer) HEADLESS: execution starts  
2025-09-08 14:11:15 INFO  (HeadlessAnalyzer) Opening existing project: /Users/chenkexin/Desktop/kk/test_taint/ghidra_projects/all_binaries_analysis  
2025-09-08 14:11:16 INFO  (HeadlessProject) Opening project: /Users/chenkexin/Desktop/kk/test_taint/ghidra_projects/all_binaries_analysis  
2025-09-08 14:11:16 INFO  (HeadlessAnalyzer) REPORT: Processing input files:   
2025-09-08 14:11:16 INFO  (HeadlessAnalyzer)      project: /Users/chenkexin/Desktop/kk/test_taint/ghidra_projects/all_binaries_analysis  
2025-09-08 14:11:16 INFO  (HeadlessAnalyzer) IMPORTING: file:///Users/chenkexin/Desktop/kk/test_taint/assets/merged_bin/fsanet_headpose_ncnn_clang_O0  
2025-09-08 14:11:18 INFO  (AutoImporter) Using Loader: Executable and Linking Format (ELF)  
2025-09-08 14:11:18 INFO  (AutoImporter) Using Language/Compiler: AARCH64:LE:64:v8A:default  
2025-09-08 14:11:19 DEBUG (ElfHeader) Elf symbol table section .dynsym linked to string table section .dynstr  
2025-09-08 14:11:19 DEBUG (ElfHeader) Elf symbol table section .symtab linked to string table section .strtab  
2025-09-08 14:11:19 DEBUG (ElfHeader) Elf relocation table section .rela.dyn linked to symbol table section .dynsym affecting PT_LOAD  
2025-09-08 14:11:19 DEBUG (ElfHeader) Elf relocation table section .rela.plt linked to symbol table section .dynsym affecting .got.plt  
2025-09-08 14:11:19 DEBUG (ElfProgramBuilder) Discarding 1-byte alignment/filler segment_2.3 at 00100253  
2025-09-08 14:11:19 DEBUG (ElfProgramBuilder) Discarding 4-byte alignment/filler segment_2.7 at 001002bc  
2025-09-08 14:11:19 DEBUG (ElfProgramBuilder) Discarding 4-byte alignment/filler segment_2.11 at 0010115c  
2025-09-08 14:11:19 DEBUG (ElfProgramBuilder) Discarding 32-byte alignment/filler segment_2.17 at 00101a60  
2025-09-08 14:11:20 INFO  (HeadlessAnalyzer) IMPORTING: Loaded 0 additional files  
2025-09-08 14:11:20 INFO  (HeadlessAnalyzer) ANALYZING all memory and code: file:///Users/chenkexin/Desktop/kk/test_taint/assets/merged_bin/fsanet_headpose_ncnn_clang_O0  
2025-09-08 14:11:20 ERROR (DWARFAnalyzer) Error during DWARFAnalyzer import:  ghidra.app.util.bin.format.dwarf4.DWARFException: Only DWARF version 2, 3, or 4 information is currently supported (detected 5).
	at ghidra.app.util.bin.format.dwarf4.DWARFCompilationUnit.readCompilationUnit(DWARFCompilationUnit.java:155)
	at ghidra.app.util.bin.format.dwarf4.next.DWARFProgram.bootstrapCompilationUnits(DWARFProgram.java:629)
	at ghidra.app.util.bin.format.dwarf4.next.DWARFProgram.<init>(DWARFProgram.java:262)
	at ghidra.app.plugin.core.analysis.DWARFAnalyzer.added(DWARFAnalyzer.java:109)
	at ghidra.app.plugin.core.analysis.AnalysisScheduler.runAnalyzer(AnalysisScheduler.java:186)
	at ghidra.app.plugin.core.analysis.AnalysisTask.applyTo(AnalysisTask.java:39)
	at ghidra.app.plugin.core.analysis.AutoAnalysisManager$AnalysisTaskWrapper.run(AutoAnalysisManager.java:686)
	at ghidra.app.plugin.core.analysis.AutoAnalysisManager.startAnalysis(AutoAnalysisManager.java:786)
	at ghidra.app.plugin.core.analysis.AutoAnalysisManager.startAnalysis(AutoAnalysisManager.java:665)
	at ghidra.app.plugin.core.analysis.AutoAnalysisManager.startAnalysis(AutoAnalysisManager.java:630)
	at ghidra.app.util.headless.HeadlessAnalyzer.analyzeProgram(HeadlessAnalyzer.java:1029)
	at ghidra.app.util.headless.HeadlessAnalyzer.processFileWithImport(HeadlessAnalyzer.java:1552)
	at ghidra.app.util.headless.HeadlessAnalyzer.processWithLoader(HeadlessAnalyzer.java:1734)
	at ghidra.app.util.headless.HeadlessAnalyzer.processWithImport(HeadlessAnalyzer.java:1675)
	at ghidra.app.util.headless.HeadlessAnalyzer.processWithImport(HeadlessAnalyzer.java:1759)
	at ghidra.app.util.headless.HeadlessAnalyzer.processLocal(HeadlessAnalyzer.java:460)
	at ghidra.app.util.headless.AnalyzeHeadless.launch(AnalyzeHeadless.java:127)
	at ghidra.GhidraLauncher.launch(GhidraLauncher.java:78)
	at ghidra.Ghidra.main(Ghidra.java:54)
 
2025-09-08 14:11:23 INFO  (PackedDatabaseCache) Packed database cache: /var/folders/kn/fw_2jn054bq5f73czrm_91nc0000gn/T/chenkexin-Ghidra/packed-db-cache  
2025-09-08 14:11:23 DEBUG (PackedDatabaseCache) Using cached packed database: /Applications/ghidra_11.0.3_PUBLIC/Ghidra/Features/Base/data/typeinfo/generic/generic_clib_64.gdt  
2025-09-08 14:11:24 INFO  (ApplyDataArchiveAnalyzer) Applied data type archive: generic_clib_64  
2025-09-08 14:11:25 INFO  (AutoAnalysisManager) -----------------------------------------------------
    AARCH64 ELF PLT Thunks                     0.296 secs
    ASCII Strings                              0.294 secs
    Apply Data Archives                        1.158 secs
    Basic Constant Reference Analyzer          0.725 secs
    Call Convention ID                         0.401 secs
    Call-Fixup Installer                       0.012 secs
    Create Address Tables                      0.048 secs
    Create Address Tables - One Time           0.013 secs
    Create Function                            0.000 secs
    DWARF                                      0.099 secs
    Data Reference                             0.019 secs
    Decompiler Switch Analysis                 0.131 secs
    Demangler GNU                              0.251 secs
    Disassemble Entry Points                   0.069 secs
    Embedded Media                             0.014 secs
    External Entry References                  0.001 secs
    Function Start Search                      0.057 secs
    Function Start Search After Code           0.052 secs
    Function Start Search After Data           0.012 secs
    Function Start Search delayed - One Time   0.005 secs
    GCC Exception Handlers                     0.977 secs
    Non-Returning Functions - Discovered       0.021 secs
    Non-Returning Functions - Known            0.030 secs
    Reference                                  0.091 secs
    Shared Return Calls                        0.021 secs
    Stack                                      0.532 secs
    Subroutine References                      0.016 secs
-----------------------------------------------------
     Total Time   5 secs
-----------------------------------------------------
  
2025-09-08 14:11:25 INFO  (HeadlessAnalyzer) REPORT: Analysis succeeded for file: file:///Users/chenkexin/Desktop/kk/test_taint/assets/merged_bin/fsanet_headpose_ncnn_clang_O0  
2025-09-08 14:11:25 INFO  (HeadlessAnalyzer) SCRIPT: /Users/chenkexin/Desktop/kk/test_taint/ncnn_analyzer.py  
2025-09-08 14:11:30 INFO  (GhidraScript) ncnn_analyzer.py> INFO: Searching for call sites to functions containing 'extract'  
2025-09-08 14:11:30 INFO  (GhidraScript) ncnn_analyzer.py> INFO: Found target functions: [u'extract', u'create_extractor', u'create_extractor', u'extract', u'create_extractor', u'extract']  
2025-09-08 14:11:30 INFO  (GhidraScript) ncnn_analyzer.py> INFO: Found 3 unique functions containing call sites. Analyzing each...  
2025-09-08 14:11:30 INFO  (GhidraScript) ncnn_analyzer.py> 
--- Analyzing Function 'create_extractor' at 00101a20 containing 1 call site(s) ---  
2025-09-08 14:11:30 INFO  (GhidraScript) ncnn_analyzer.py> 
  -- Analyzing Call Site at 00101a2c --  
2025-09-08 14:11:30 INFO  (GhidraScript) ncnn_analyzer.py> WARN: Call at 00101a2c has too few parameters. Skipping taint.  
2025-09-08 14:11:30 INFO  (GhidraScript) ncnn_analyzer.py> 
--- Analyzing Function 'main' at 00101bd8 containing 4 call site(s) ---  
2025-09-08 14:11:31 INFO  (GhidraScript) ncnn_analyzer.py> 
  -- Analyzing Call Site at 00102348 --  
2025-09-08 14:11:31 INFO  (GhidraScript) ncnn_analyzer.py> INFO: Tainting output parameter from call at 00102348: UNNAMED(w2)  
2025-09-08 14:11:31 INFO  (GhidraScript) ncnn_analyzer.py> \n>>> Analyzing function: main (Depth: 0) at 00101bd8 (Originating from: extract) with initial taints: UNNAMED(w2)  
2025-09-08 14:11:31 INFO  (GhidraScript) ncnn_analyzer.py>   - [STACK_SEARCH.0] Analyzing varnode: (register, 0x4010, 4)  
2025-09-08 14:11:31 INFO  (GhidraScript) ncnn_analyzer.py>   - [STACK_SEARCH.0] Details: isAddress=0, addr=register:00004010, isStackAddress=0  
2025-09-08 14:11:31 INFO  (GhidraScript) ncnn_analyzer.py>   - [STACK_SEARCH.0] Def P-Code Op: (register, 0x4010, 4) SUBPIECE (unique, 0x11f80, 8) , (const, 0x0, 4)  
2025-09-08 14:11:32 INFO  (GhidraScript) ncnn_analyzer.py>   - [STACK_SEARCH.0] Mnemonic 'SUBPIECE' is not a handled case. Aborting path.  
2025-09-08 14:11:32 INFO  (GhidraScript) ncnn_analyzer.py> \nDEBUG: Reached specified start PcodeOp  ---  CALL (ram, 0x1017f0, 8) , (unique, 0x10000d2d, 8) , (unique, 0x10000d35, 8) , (register, 0x4010, 4) at 00102348 in main, subsequent ops will be processed.  
2025-09-08 14:11:32 INFO  (GhidraScript) ncnn_analyzer.py> \n>>> Analyzing function: extract (Depth: 1) at 001017f0 (Originating from: extract) with initial taints: param_3(w2)  
2025-09-08 14:11:32 INFO  (GhidraScript) ncnn_analyzer.py>   - [STACK_SEARCH.0] Analyzing varnode: (register, 0x4010, 4)  
2025-09-08 14:11:32 INFO  (GhidraScript) ncnn_analyzer.py>   - [STACK_SEARCH.0] Details: isAddress=0, addr=register:00004010, isStackAddress=0  
2025-09-08 14:11:32 INFO  (GhidraScript) ncnn_analyzer.py>   - [STACK_SEARCH.0] No defining p-code op found. Aborting path.  
2025-09-08 14:11:32 INFO  (GhidraScript) ncnn_analyzer.py> DEBUG: Starting taint analysis from the beginning of function extract.  
2025-09-08 14:11:32 WARN  (DecompileCallback) Decompiling 00121040, pcode error at 00121040: Unable to disassemble EXTERNAL block location: 00121040  
2025-09-08 14:11:32 INFO  (GhidraScript) ncnn_analyzer.py> \n>>> Analyzing function: extract (Depth: 2) at 00121040 (Originating from: extract) with initial taints: param_3(w2)  
2025-09-08 14:11:32 INFO  (GhidraScript) ncnn_analyzer.py>   - [STACK_SEARCH.0] Analyzing varnode: (register, 0x4010, 4)  
2025-09-08 14:11:32 INFO  (GhidraScript) ncnn_analyzer.py>   - [STACK_SEARCH.0] Details: isAddress=0, addr=register:00004010, isStackAddress=0  
2025-09-08 14:11:32 INFO  (GhidraScript) ncnn_analyzer.py>   - [STACK_SEARCH.0] No defining p-code op found. Aborting path.  
2025-09-08 14:11:32 INFO  (GhidraScript) ncnn_analyzer.py> DEBUG: Starting taint analysis from the beginning of function extract.  
2025-09-08 14:11:32 INFO  (GhidraScript) ncnn_analyzer.py> <<< Finished analyzing function: extract.  
2025-09-08 14:11:32 INFO  (GhidraScript) ncnn_analyzer.py> <<< Finished analyzing function: extract.  
2025-09-08 14:11:32 INFO  (GhidraScript) ncnn_analyzer.py> DEBUG: [LOAD_HANDLER] Checking LOAD op at 0010238c. Address varnode: (stack, 0xfffffffffffff9f0, 8)  
2025-09-08 14:11:32 INFO  (GhidraScript) ncnn_analyzer.py> DEBUG: [LOAD_HANDLER] POINTER_RULE FAIL: Address varnode local_610(StackDirect[Stack[-0x610]]) is not tainted (recursive check).  
2025-09-08 14:11:32 INFO  (GhidraScript) ncnn_analyzer.py> DEBUG: [LOAD_HANDLER] REGION_RULE FAIL: Address pointer local_610(StackDirect[Stack[-0x610]]) is not in the tainted memory regions set.  
2025-09-08 14:11:32 INFO  (GhidraScript) ncnn_analyzer.py> DEBUG: [LOAD_HANDLER] Checking LOAD op at 001023c8. Address varnode: (unique, 0x7e400, 8)  
2025-09-08 14:11:32 INFO  (GhidraScript) ncnn_analyzer.py> DEBUG: [LOAD_HANDLER] POINTER_RULE FAIL: Address varnode UNNAMED(UniquePcode[0x7e400]) is not tainted (recursive check).  
2025-09-08 14:11:32 INFO  (GhidraScript) ncnn_analyzer.py> DEBUG: [LOAD_HANDLER] REGION_RULE FAIL: Address pointer UNNAMED(UniquePcode[0x7e400]) is not in the tainted memory regions set.  
2025-09-08 14:11:32 INFO  (GhidraScript) ncnn_analyzer.py> DEBUG: [LOAD_HANDLER] Checking LOAD op at 00102400. Address varnode: (unique, 0x7e400, 8)  
2025-09-08 14:11:32 INFO  (GhidraScript) ncnn_analyzer.py> DEBUG: [LOAD_HANDLER] POINTER_RULE FAIL: Address varnode UNNAMED(UniquePcode[0x7e400]) is not tainted (recursive check).  
2025-09-08 14:11:32 INFO  (GhidraScript) ncnn_analyzer.py> DEBUG: [LOAD_HANDLER] REGION_RULE FAIL: Address pointer UNNAMED(UniquePcode[0x7e400]) is not in the tainted memory regions set.  
2025-09-08 14:11:32 INFO  (GhidraScript) ncnn_analyzer.py> DEBUG: [CBRANCH] Found defining op for condition: (unique, 0x18e00, 1) INT_EQUAL (register, 0x4000, 4) , (const, 0x0, 4)  
2025-09-08 14:11:32 INFO  (GhidraScript) ncnn_analyzer.py> INFO: [FILTER] Skipping branch at 00102440 from instruction 'cbnz'.  
2025-09-08 14:11:32 INFO  (GhidraScript) ncnn_analyzer.py> DEBUG: [CBRANCH] Found defining op for condition: (unique, 0x18f00, 1) INT_NOTEQUAL (register, 0x4000, 4) , (const, 0x0, 4)  
2025-09-08 14:11:32 INFO  (GhidraScript) ncnn_analyzer.py> INFO: [FILTER] Skipping branch at 00102468 from instruction 'cbz'.  
2025-09-08 14:11:32 INFO  (GhidraScript) ncnn_analyzer.py> DEBUG: [LOAD_HANDLER] Checking LOAD op at 001025bc. Address varnode: (stack, 0xfffffffffffff938, 8)  
2025-09-08 14:11:32 INFO  (GhidraScript) ncnn_analyzer.py> DEBUG: [LOAD_HANDLER] POINTER_RULE FAIL: Address varnode local_6c8(StackDirect[Stack[-0x6c8]]) is not tainted (recursive check).  
2025-09-08 14:11:32 INFO  (GhidraScript) ncnn_analyzer.py> DEBUG: [LOAD_HANDLER] REGION_RULE FAIL: Address pointer local_6c8(StackDirect[Stack[-0x6c8]]) is not in the tainted memory regions set.  
2025-09-08 14:11:32 INFO  (GhidraScript) ncnn_analyzer.py> DEBUG: [LOAD_HANDLER] Checking LOAD op at 001025f8. Address varnode: (unique, 0x7e400, 8)  
2025-09-08 14:11:32 INFO  (GhidraScript) ncnn_analyzer.py> DEBUG: [LOAD_HANDLER] POINTER_RULE FAIL: Address varnode UNNAMED(UniquePcode[0x7e400]) is not tainted (recursive check).  
2025-09-08 14:11:32 INFO  (GhidraScript) ncnn_analyzer.py> DEBUG: [LOAD_HANDLER] REGION_RULE FAIL: Address pointer UNNAMED(UniquePcode[0x7e400]) is not in the tainted memory regions set.  
2025-09-08 14:11:32 INFO  (GhidraScript) ncnn_analyzer.py> DEBUG: [LOAD_HANDLER] Checking LOAD op at 00102630. Address varnode: (unique, 0x7e400, 8)  
2025-09-08 14:11:32 INFO  (GhidraScript) ncnn_analyzer.py> DEBUG: [LOAD_HANDLER] POINTER_RULE FAIL: Address varnode UNNAMED(UniquePcode[0x7e400]) is not tainted (recursive check).  
2025-09-08 14:11:32 INFO  (GhidraScript) ncnn_analyzer.py> DEBUG: [LOAD_HANDLER] REGION_RULE FAIL: Address pointer UNNAMED(UniquePcode[0x7e400]) is not in the tainted memory regions set.  
2025-09-08 14:11:32 INFO  (GhidraScript) ncnn_analyzer.py> DEBUG: [CBRANCH] Found defining op for condition: (register, 0x100, 1) FLOAT_LESSEQUAL (const, 0x40a00000, 4) , (register, 0x5000, 4)  
2025-09-08 14:11:32 INFO  (GhidraScript) ncnn_analyzer.py> INFO: [main @ 0010269c] Taint reached CBRANCH. Operands: ['UnnamedHighVar(Constant: 0x40a00000)', 'fVar7(s0)'].   
2025-09-08 14:11:32 INFO  (GhidraScript) ncnn_analyzer.py> DEBUG: [CBRANCH] Found defining op for condition: (register, 0x100, 1) FLOAT_LESSEQUAL (const, 0x40a00000, 4) , (register, 0x5000, 4)  
2025-09-08 14:11:32 INFO  (GhidraScript) ncnn_analyzer.py> INFO: [main @ 001026c0] Taint reached CBRANCH. Operands: ['UnnamedHighVar(Constant: 0x40a00000)', 'fVar8(s0)'].   
2025-09-08 14:11:32 INFO  (GhidraScript) ncnn_analyzer.py> DEBUG: [CBRANCH] Found defining op for condition: (register, 0x100, 1) FLOAT_LESSEQUAL (const, 0x40a00000, 4) , (register, 0x5000, 4)  
2025-09-08 14:11:32 INFO  (GhidraScript) ncnn_analyzer.py> INFO: [main @ 001026e4] Taint reached CBRANCH. Operands: ['UnnamedHighVar(Constant: 0x40a00000)', 'fVar8(s0)'].   
2025-09-08 14:11:32 INFO  (GhidraScript) ncnn_analyzer.py> DEBUG: [CBRANCH] Found defining op for condition: (unique, 0x18f80, 1) INT_NOTEQUAL (stack, 0xfffffffffffff940, 8) , (const, 0x0, 8)  
2025-09-08 14:11:32 INFO  (GhidraScript) ncnn_analyzer.py> INFO: [FILTER] Skipping branch at 00102770 from instruction 'cbz'.  
2025-09-08 14:11:32 INFO  (GhidraScript) ncnn_analyzer.py> DEBUG: [CBRANCH] Found defining op for condition: (register, 0x108, 1) INT_EQUAL (register, 0x4000, 4) , (const, 0x1, 4)  
2025-09-08 14:11:32 INFO  (GhidraScript) ncnn_analyzer.py> INFO: [main @ 0010279c] Taint reached CBRANCH. Operands: ['local_88(StackDirect[Stack[-0x88]])', 'UnnamedHighVar(Constant: 0x1)'].   
2025-09-08 14:11:32 INFO  (GhidraScript) ncnn_analyzer.py> DEBUG: [CBRANCH] Found defining op for condition: (unique, 0x18f80, 1) INT_EQUAL (stack, 0xfffffffffffff958, 8) , (const, 0x0, 8)  
2025-09-08 14:11:32 INFO  (GhidraScript) ncnn_analyzer.py> INFO: [FILTER] Skipping branch at 001027ac from instruction 'cbz'.  
2025-09-08 14:11:32 INFO  (GhidraScript) ncnn_analyzer.py> DEBUG: [LOAD_HANDLER] Checking LOAD op at 001027c0. Address varnode: (stack, 0xfffffffffffff958, 8)  
2025-09-08 14:11:32 INFO  (GhidraScript) ncnn_analyzer.py> DEBUG: [LOAD_HANDLER] POINTER_RULE FAIL: Address varnode local_6a8(StackDirect[Stack[-0x6a8]]) is not tainted (recursive check).  
2025-09-08 14:11:32 INFO  (GhidraScript) ncnn_analyzer.py> DEBUG: [LOAD_HANDLER] REGION_RULE FAIL: Address pointer local_6a8(StackDirect[Stack[-0x6a8]]) is not in the tainted memory regions set.  
2025-09-08 14:11:32 INFO  (GhidraScript) ncnn_analyzer.py> DEBUG: [LOAD_HANDLER] Checking LOAD op at 001027c4. Address varnode: (unique, 0x6500, 8)  
2025-09-08 14:11:32 INFO  (GhidraScript) ncnn_analyzer.py> DEBUG: [LOAD_HANDLER] POINTER_RULE FAIL: Address varnode UNNAMED(UniquePcode[0x6500]) is not tainted (recursive check).  
2025-09-08 14:11:32 INFO  (GhidraScript) ncnn_analyzer.py> DEBUG: [LOAD_HANDLER] REGION_RULE FAIL: Address pointer UNNAMED(UniquePcode[0x6500]) is not in the tainted memory regions set.  
2025-09-08 14:11:32 INFO  (GhidraScript) ncnn_analyzer.py> DEBUG: [CBRANCH] Found defining op for condition: (unique, 0x18f80, 1) INT_NOTEQUAL (stack, 0xfffffffffffff938, 8) , (const, 0x0, 8)  
2025-09-08 14:11:32 INFO  (GhidraScript) ncnn_analyzer.py> INFO: [FILTER] Skipping branch at 001027e8 from instruction 'cbz'.  
2025-09-08 14:11:32 INFO  (GhidraScript) ncnn_analyzer.py> DEBUG: [CBRANCH] Found defining op for condition: (unique, 0x18f80, 1) INT_NOTEQUAL (stack, 0xfffffffffffff9f8, 8) , (const, 0x0, 8)  
2025-09-08 14:11:32 INFO  (GhidraScript) ncnn_analyzer.py> INFO: [FILTER] Skipping branch at 00102958 from instruction 'cbz'.  
2025-09-08 14:11:32 INFO  (GhidraScript) ncnn_analyzer.py> DEBUG: [CBRANCH] Found defining op for condition: (register, 0x108, 1) INT_EQUAL (register, 0x4000, 4) , (const, 0x1, 4)  
2025-09-08 14:11:32 INFO  (GhidraScript) ncnn_analyzer.py> INFO: [main @ 00102984] Taint reached CBRANCH. Operands: ['local_a8(StackDirect[Stack[-0xa8]])', 'UnnamedHighVar(Constant: 0x1)'].   
2025-09-08 14:11:32 INFO  (GhidraScript) ncnn_analyzer.py> DEBUG: [CBRANCH] Found defining op for condition: (unique, 0x18f80, 1) INT_EQUAL (stack, 0xfffffffffffffa10, 8) , (const, 0x0, 8)  
2025-09-08 14:11:32 INFO  (GhidraScript) ncnn_analyzer.py> INFO: [FILTER] Skipping branch at 00102994 from instruction 'cbz'.  
2025-09-08 14:11:32 INFO  (GhidraScript) ncnn_analyzer.py> DEBUG: [LOAD_HANDLER] Checking LOAD op at 001029a8. Address varnode: (stack, 0xfffffffffffffa10, 8)  
2025-09-08 14:11:32 INFO  (GhidraScript) ncnn_analyzer.py> DEBUG: [LOAD_HANDLER] POINTER_RULE FAIL: Address varnode local_5f0(StackDirect[Stack[-0x5f0]]) is not tainted (recursive check).  
2025-09-08 14:11:32 INFO  (GhidraScript) ncnn_analyzer.py> DEBUG: [LOAD_HANDLER] REGION_RULE FAIL: Address pointer local_5f0(StackDirect[Stack[-0x5f0]]) is not in the tainted memory regions set.  
2025-09-08 14:11:32 INFO  (GhidraScript) ncnn_analyzer.py> DEBUG: [LOAD_HANDLER] Checking LOAD op at 001029ac. Address varnode: (unique, 0x6500, 8)  
2025-09-08 14:11:32 INFO  (GhidraScript) ncnn_analyzer.py> DEBUG: [LOAD_HANDLER] POINTER_RULE FAIL: Address varnode UNNAMED(UniquePcode[0x6500]) is not tainted (recursive check).  
2025-09-08 14:11:32 INFO  (GhidraScript) ncnn_analyzer.py> DEBUG: [LOAD_HANDLER] REGION_RULE FAIL: Address pointer UNNAMED(UniquePcode[0x6500]) is not in the tainted memory regions set.  
2025-09-08 14:11:32 INFO  (GhidraScript) ncnn_analyzer.py> DEBUG: [CBRANCH] Found defining op for condition: (unique, 0x18f80, 1) INT_NOTEQUAL (stack, 0xfffffffffffff9f0, 8) , (const, 0x0, 8)  
2025-09-08 14:11:32 INFO  (GhidraScript) ncnn_analyzer.py> INFO: [FILTER] Skipping branch at 001029d0 from instruction 'cbz'.  
2025-09-08 14:11:32 INFO  (GhidraScript) ncnn_analyzer.py> DEBUG: [CBRANCH] Found defining op for condition: (unique, 0x18f80, 1) INT_NOTEQUAL (stack, 0xfffffffffffffab0, 8) , (const, 0x0, 8)  
2025-09-08 14:11:32 INFO  (GhidraScript) ncnn_analyzer.py> INFO: [FILTER] Skipping branch at 00102b4c from instruction 'cbz'.  
2025-09-08 14:11:32 INFO  (GhidraScript) ncnn_analyzer.py> DEBUG: [CBRANCH] Found defining op for condition: (register, 0x108, 1) INT_EQUAL (register, 0x4000, 4) , (const, 0x1, 4)  
2025-09-08 14:11:32 INFO  (GhidraScript) ncnn_analyzer.py> INFO: [main @ 00102b78] Taint reached CBRANCH. Operands: ['local_c8(StackDirect[Stack[-0xc8]])', 'UnnamedHighVar(Constant: 0x1)'].   
2025-09-08 14:11:32 INFO  (GhidraScript) ncnn_analyzer.py> DEBUG: [CBRANCH] Found defining op for condition: (unique, 0x18f80, 1) INT_EQUAL (stack, 0xfffffffffffffac8, 8) , (const, 0x0, 8)  
2025-09-08 14:11:32 INFO  (GhidraScript) ncnn_analyzer.py> INFO: [FILTER] Skipping branch at 00102b88 from instruction 'cbz'.  
2025-09-08 14:11:32 INFO  (GhidraScript) ncnn_analyzer.py> DEBUG: [LOAD_HANDLER] Checking LOAD op at 00102b9c. Address varnode: (stack, 0xfffffffffffffac8, 8)  
2025-09-08 14:11:32 INFO  (GhidraScript) ncnn_analyzer.py> DEBUG: [LOAD_HANDLER] POINTER_RULE FAIL: Address varnode local_538(StackDirect[Stack[-0x538]]) is not tainted (recursive check).  
2025-09-08 14:11:32 INFO  (GhidraScript) ncnn_analyzer.py> DEBUG: [LOAD_HANDLER] REGION_RULE FAIL: Address pointer local_538(StackDirect[Stack[-0x538]]) is not in the tainted memory regions set.  
2025-09-08 14:11:32 INFO  (GhidraScript) ncnn_analyzer.py> DEBUG: [LOAD_HANDLER] Checking LOAD op at 00102ba0. Address varnode: (unique, 0x6500, 8)  
2025-09-08 14:11:32 INFO  (GhidraScript) ncnn_analyzer.py> DEBUG: [LOAD_HANDLER] POINTER_RULE FAIL: Address varnode UNNAMED(UniquePcode[0x6500]) is not tainted (recursive check).  
2025-09-08 14:11:32 INFO  (GhidraScript) ncnn_analyzer.py> DEBUG: [LOAD_HANDLER] REGION_RULE FAIL: Address pointer UNNAMED(UniquePcode[0x6500]) is not in the tainted memory regions set.  
2025-09-08 14:11:32 INFO  (GhidraScript) ncnn_analyzer.py> DEBUG: [CBRANCH] Found defining op for condition: (unique, 0x18f80, 1) INT_NOTEQUAL (stack, 0xfffffffffffffaa8, 8) , (const, 0x0, 8)  
2025-09-08 14:11:32 INFO  (GhidraScript) ncnn_analyzer.py> INFO: [FILTER] Skipping branch at 00102bc4 from instruction 'cbz'.  
2025-09-08 14:11:32 INFO  (GhidraScript) ncnn_analyzer.py> DEBUG: [main @ 00102dcc] Analyzing potential tainted RETURN with value: UNNAMED(w0) (Tainted: 0)  
2025-09-08 14:11:32 INFO  (GhidraScript) ncnn_analyzer.py>     [DEBUG] --- Taint Check Details (RETURN FAILED) ---  
2025-09-08 14:11:32 INFO  (GhidraScript) ncnn_analyzer.py>     [DEBUG]   > Return Varnode: (register, 0x4000, 4) (Size: 4, Def: (register, 0x4000, 4) COPY (stack, 0xfffffffffffffe0c, 4) at 00102dbc)  
2025-09-08 14:11:32 INFO  (GhidraScript) ncnn_analyzer.py>     [DEBUG]   > Currently Tainted HighVariables in this function:  
2025-09-08 14:11:32 INFO  (GhidraScript) ncnn_analyzer.py>     [DEBUG]     1. UNNAMED(w2)  
2025-09-08 14:11:32 INFO  (GhidraScript) ncnn_analyzer.py>     [DEBUG] ---------------------------------  
2025-09-08 14:11:32 INFO  (GhidraScript) ncnn_analyzer.py> DEBUG: [main @ 00102dcc] Analyzing potential tainted RETURN with value: UNNAMED(w0) (Tainted: 0)  
2025-09-08 14:11:32 INFO  (GhidraScript) ncnn_analyzer.py>     [DEBUG] --- Taint Check Details (RETURN FAILED) ---  
2025-09-08 14:11:32 INFO  (GhidraScript) ncnn_analyzer.py>     [DEBUG]   > Return Varnode: (register, 0x4000, 4) (Size: 4, Def: (register, 0x4000, 4) COPY (const, 0xffffffff, 4) at 00102dbc)  
2025-09-08 14:11:32 INFO  (GhidraScript) ncnn_analyzer.py>     [DEBUG]   > Currently Tainted HighVariables in this function:  
2025-09-08 14:11:32 INFO  (GhidraScript) ncnn_analyzer.py>     [DEBUG]     1. UNNAMED(w2)  
2025-09-08 14:11:32 INFO  (GhidraScript) ncnn_analyzer.py>     [DEBUG] ---------------------------------  
2025-09-08 14:11:32 INFO  (GhidraScript) ncnn_analyzer.py> <<< Finished analyzing function: main.  
2025-09-08 14:11:32 INFO  (GhidraScript) ncnn_analyzer.py> 
  -- Analyzing Call Site at 00102578 --  
2025-09-08 14:11:32 INFO  (GhidraScript) ncnn_analyzer.py> INFO: Tainting output parameter from call at 00102578: UNNAMED(w2)  
2025-09-08 14:11:32 INFO  (GhidraScript) ncnn_analyzer.py> DEBUG: Already analyzed function main with initial taints ('UNNAMED(w2)',) (origin: extract). Skipping.  
2025-09-08 14:11:32 INFO  (GhidraScript) ncnn_analyzer.py> 
  -- Analyzing Call Site at 00102314 --  
2025-09-08 14:11:32 INFO  (GhidraScript) ncnn_analyzer.py> WARN: Call at 00102314 has too few parameters. Skipping taint.  
2025-09-08 14:11:32 INFO  (GhidraScript) ncnn_analyzer.py> 
  -- Analyzing Call Site at 00102544 --  
2025-09-08 14:11:32 INFO  (GhidraScript) ncnn_analyzer.py> WARN: Call at 00102544 has too few parameters. Skipping taint.  
2025-09-08 14:11:32 INFO  (GhidraScript) ncnn_analyzer.py> 
--- Analyzing Function 'extract' at 001017f0 containing 1 call site(s) ---  
2025-09-08 14:11:32 INFO  (GhidraScript) ncnn_analyzer.py> 
  -- Analyzing Call Site at 001017fc --  
2025-09-08 14:11:32 INFO  (GhidraScript) ncnn_analyzer.py> INFO: Tainting output parameter from call at 001017fc: param_3(w2)  
2025-09-08 14:11:32 INFO  (GhidraScript) ncnn_analyzer.py> DEBUG: Already analyzed function extract with initial taints ('param_3(w2)',) (origin: extract). Skipping.  
2025-09-08 14:11:32 INFO  (GhidraScript) ncnn_analyzer.py> 
--- All Functions Analyzed. Finalizing Report. ---  
2025-09-08 14:11:32 INFO  (GhidraScript) ncnn_analyzer.py> \n--- All Detected Tainted Value Usages (Interprocedural) ---  
2025-09-08 14:11:32 INFO  (GhidraScript) ncnn_analyzer.py> Usage #1:  
2025-09-08 14:11:32 INFO  (GhidraScript) ncnn_analyzer.py>   Originating Lib Call: extract  
2025-09-08 14:11:32 INFO  (GhidraScript) ncnn_analyzer.py>   Found In Function:   main at 00101bd8  
2025-09-08 14:11:32 INFO  (GhidraScript) ncnn_analyzer.py>   Instruction Address: 00102348  
2025-09-08 14:11:32 INFO  (GhidraScript) ncnn_analyzer.py>     PCode Op:             ---  CALL (ram, 0x1017f0, 8) , (unique, 0x10000d2d, 8) , (unique, 0x10000d35, 8) , (register, 0x4010, 4)  
2025-09-08 14:11:32 INFO  (GhidraScript) ncnn_analyzer.py>     Usage Type:          TAINTED_ARG_TO_CALL_RECURSION  
2025-09-08 14:11:32 INFO  (GhidraScript) ncnn_analyzer.py>     Details:             Recursive call to extract (CALL) with taints: param_3(w2).  
2025-09-08 14:11:32 INFO  (GhidraScript) ncnn_analyzer.py> ----------------------------------------  
2025-09-08 14:11:32 INFO  (GhidraScript) ncnn_analyzer.py> Usage #2:  
2025-09-08 14:11:32 INFO  (GhidraScript) ncnn_analyzer.py>   Originating Lib Call: extract  
2025-09-08 14:11:32 INFO  (GhidraScript) ncnn_analyzer.py>   Found In Function:   extract at 001017f0  
2025-09-08 14:11:32 INFO  (GhidraScript) ncnn_analyzer.py>   Instruction Address: 001017fc  
2025-09-08 14:11:32 INFO  (GhidraScript) ncnn_analyzer.py>     PCode Op:             ---  CALL (ram, 0x121040, 8) , (register, 0x4000, 8) , (register, 0x4008, 8) , (register, 0x4010, 4)  
2025-09-08 14:11:32 INFO  (GhidraScript) ncnn_analyzer.py>     Usage Type:          TAINTED_ARG_TO_CALL_RECURSION  
2025-09-08 14:11:32 INFO  (GhidraScript) ncnn_analyzer.py>     Details:             Recursive call to extract (CALL) with taints: param_3(w2).  
2025-09-08 14:11:32 INFO  (GhidraScript) ncnn_analyzer.py> ----------------------------------------  
2025-09-08 14:11:32 INFO  (GhidraScript) ncnn_analyzer.py> Usage #3:  
2025-09-08 14:11:32 INFO  (GhidraScript) ncnn_analyzer.py>   Originating Lib Call: extract  
2025-09-08 14:11:32 INFO  (GhidraScript) ncnn_analyzer.py>   Found In Function:   main at 00101bd8  
2025-09-08 14:11:32 INFO  (GhidraScript) ncnn_analyzer.py>   Instruction Address: 0010269c  
2025-09-08 14:11:32 INFO  (GhidraScript) ncnn_analyzer.py>     PCode Op:             ---  CBRANCH (ram, 0x102730, 1) , (register, 0x100, 1)  
2025-09-08 14:11:32 INFO  (GhidraScript) ncnn_analyzer.py>     Usage Type:          BRANCH_CONDITION_TAINTED  
2025-09-08 14:11:32 INFO  (GhidraScript) ncnn_analyzer.py>     Tainted Component:   UNNAMED(NG)  
2025-09-08 14:11:32 INFO  (GhidraScript) ncnn_analyzer.py>     Details:             Tainted condition for branch.  
2025-09-08 14:11:32 INFO  (GhidraScript) ncnn_analyzer.py> ----------------------------------------  
2025-09-08 14:11:32 INFO  (GhidraScript) ncnn_analyzer.py> Usage #4:  
2025-09-08 14:11:32 INFO  (GhidraScript) ncnn_analyzer.py>   Originating Lib Call: extract  
2025-09-08 14:11:32 INFO  (GhidraScript) ncnn_analyzer.py>   Found In Function:   main at 00101bd8  
2025-09-08 14:11:32 INFO  (GhidraScript) ncnn_analyzer.py>   Instruction Address: 001026c0  
2025-09-08 14:11:32 INFO  (GhidraScript) ncnn_analyzer.py>     PCode Op:             ---  CBRANCH (ram, 0x102730, 1) , (register, 0x100, 1)  
2025-09-08 14:11:32 INFO  (GhidraScript) ncnn_analyzer.py>     Usage Type:          BRANCH_CONDITION_TAINTED  
2025-09-08 14:11:32 INFO  (GhidraScript) ncnn_analyzer.py>     Tainted Component:   UNNAMED(NG)  
2025-09-08 14:11:32 INFO  (GhidraScript) ncnn_analyzer.py>     Details:             Tainted condition for branch.  
2025-09-08 14:11:32 INFO  (GhidraScript) ncnn_analyzer.py> ----------------------------------------  
2025-09-08 14:11:32 INFO  (GhidraScript) ncnn_analyzer.py> Usage #5:  
2025-09-08 14:11:32 INFO  (GhidraScript) ncnn_analyzer.py>   Originating Lib Call: extract  
2025-09-08 14:11:32 INFO  (GhidraScript) ncnn_analyzer.py>   Found In Function:   main at 00101bd8  
2025-09-08 14:11:32 INFO  (GhidraScript) ncnn_analyzer.py>   Instruction Address: 001026e4  
2025-09-08 14:11:32 INFO  (GhidraScript) ncnn_analyzer.py>     PCode Op:             ---  CBRANCH (ram, 0x102730, 1) , (register, 0x100, 1)  
2025-09-08 14:11:32 INFO  (GhidraScript) ncnn_analyzer.py>     Usage Type:          BRANCH_CONDITION_TAINTED  
2025-09-08 14:11:32 INFO  (GhidraScript) ncnn_analyzer.py>     Tainted Component:   UNNAMED(NG)  
2025-09-08 14:11:32 INFO  (GhidraScript) ncnn_analyzer.py>     Details:             Tainted condition for branch.  
2025-09-08 14:11:32 INFO  (GhidraScript) ncnn_analyzer.py> ----------------------------------------  
2025-09-08 14:11:32 INFO  (GhidraScript) ncnn_analyzer.py> Usage #6:  
2025-09-08 14:11:32 INFO  (GhidraScript) ncnn_analyzer.py>   Originating Lib Call: extract  
2025-09-08 14:11:32 INFO  (GhidraScript) ncnn_analyzer.py>   Found In Function:   main at 00101bd8  
2025-09-08 14:11:32 INFO  (GhidraScript) ncnn_analyzer.py>   Instruction Address: 0010279c  
2025-09-08 14:11:32 INFO  (GhidraScript) ncnn_analyzer.py>     PCode Op:             ---  CBRANCH (ram, 0x102808, 1) , (register, 0x108, 1)  
2025-09-08 14:11:32 INFO  (GhidraScript) ncnn_analyzer.py>     Usage Type:          BRANCH_CONDITION_TAINTED  
2025-09-08 14:11:32 INFO  (GhidraScript) ncnn_analyzer.py>     Tainted Component:   UNNAMED(tmpZR)  
2025-09-08 14:11:32 INFO  (GhidraScript) ncnn_analyzer.py>     Details:             Tainted condition for branch.  
2025-09-08 14:11:32 INFO  (GhidraScript) ncnn_analyzer.py> ----------------------------------------  
2025-09-08 14:11:32 INFO  (GhidraScript) ncnn_analyzer.py> Usage #7:  
2025-09-08 14:11:32 INFO  (GhidraScript) ncnn_analyzer.py>   Originating Lib Call: extract  
2025-09-08 14:11:32 INFO  (GhidraScript) ncnn_analyzer.py>   Found In Function:   main at 00101bd8  
2025-09-08 14:11:32 INFO  (GhidraScript) ncnn_analyzer.py>   Instruction Address: 00102984  
2025-09-08 14:11:32 INFO  (GhidraScript) ncnn_analyzer.py>     PCode Op:             ---  CBRANCH (ram, 0x1029f0, 1) , (register, 0x108, 1)  
2025-09-08 14:11:32 INFO  (GhidraScript) ncnn_analyzer.py>     Usage Type:          BRANCH_CONDITION_TAINTED  
2025-09-08 14:11:32 INFO  (GhidraScript) ncnn_analyzer.py>     Tainted Component:   UNNAMED(tmpZR)  
2025-09-08 14:11:32 INFO  (GhidraScript) ncnn_analyzer.py>     Details:             Tainted condition for branch.  
2025-09-08 14:11:32 INFO  (GhidraScript) ncnn_analyzer.py> ----------------------------------------  
2025-09-08 14:11:32 INFO  (GhidraScript) ncnn_analyzer.py> Usage #8:  
2025-09-08 14:11:32 INFO  (GhidraScript) ncnn_analyzer.py>   Originating Lib Call: extract  
2025-09-08 14:11:32 INFO  (GhidraScript) ncnn_analyzer.py>   Found In Function:   main at 00101bd8  
2025-09-08 14:11:32 INFO  (GhidraScript) ncnn_analyzer.py>   Instruction Address: 00102b78  
2025-09-08 14:11:32 INFO  (GhidraScript) ncnn_analyzer.py>     PCode Op:             ---  CBRANCH (ram, 0x102be4, 1) , (register, 0x108, 1)  
2025-09-08 14:11:32 INFO  (GhidraScript) ncnn_analyzer.py>     Usage Type:          BRANCH_CONDITION_TAINTED  
2025-09-08 14:11:32 INFO  (GhidraScript) ncnn_analyzer.py>     Tainted Component:   UNNAMED(tmpZR)  
2025-09-08 14:11:32 INFO  (GhidraScript) ncnn_analyzer.py>     Details:             Tainted condition for branch.  
2025-09-08 14:11:32 INFO  (GhidraScript) ncnn_analyzer.py> ----------------------------------------  
2025-09-08 14:11:32 INFO  (GhidraScript) ncnn_analyzer.py> SUCCESS: Hook configuration saved to: /Users/chenkexin/Desktop/kk/test_taint/results/fsanet_headpose_ncnn_clang_O0_hook_config.json  
2025-09-08 14:11:32 INFO  (GhidraScript) ncnn_analyzer.py> NCNN Taint Analyzer finished.  
2025-09-08 14:11:32 INFO  (HeadlessAnalyzer) ANALYZING changes made by post scripts: file:///Users/chenkexin/Desktop/kk/test_taint/assets/merged_bin/fsanet_headpose_ncnn_clang_O0  
2025-09-08 14:11:32 INFO  (HeadlessAnalyzer) REPORT: Post-analysis succeeded for file: file:///Users/chenkexin/Desktop/kk/test_taint/assets/merged_bin/fsanet_headpose_ncnn_clang_O0  
2025-09-08 14:11:32 INFO  (HeadlessAnalyzer) REPORT: Save succeeded for: /fsanet_headpose_ncnn_clang_O0 (all_binaries_analysis:/fsanet_headpose_ncnn_clang_O0)  
2025-09-08 14:11:32 INFO  (HeadlessAnalyzer) REPORT: Import succeeded  
2025-09-08 14:11:32 DEBUG (DefaultProjectData) Closing ProjectData: /Users/chenkexin/Desktop/kk/test_taint/ghidra_projects/all_binaries_analysis.rep  
2025-09-08 14:11:32 DEBUG (DefaultProjectData) Disposing ProjectData: /Users/chenkexin/Desktop/kk/test_taint/ghidra_projects/all_binaries_analysis.rep  
