2025-09-08 14:14:46 INFO  (LoggingInitialization) Using log config file: jar:file:/Applications/ghidra_11.0.3_PUBLIC/Ghidra/Framework/Generic/lib/Generic.jar!/generic.log4j.xml  
2025-09-08 14:14:46 INFO  (LoggingInitialization) Using log file: /Users/chenkexin/Desktop/kk/test_taint/logs/gender_googlenet_ncnn_gcc_O0_headless_analysis.log  
2025-09-08 14:14:46 INFO  (Preferences) Loading user preferences: /Users/chenkexin/.ghidra/.ghidra_11.0.3_PUBLIC/preferences  
2025-09-08 14:14:46 INFO  (Preferences) Loading previous preferences: /Users/chenkexin/.ghidra/.ghidra_10.4_PUBLIC/preferences  
2025-09-08 14:14:46 INFO  (ClassSearcher) Searching for classes...  
2025-09-08 14:14:48 INFO  (ClassSearcher) Class search complete (1445 ms)  
2025-09-08 14:14:48 INFO  (SSLContextInitializer) Initializing SSL Context  
2025-09-08 14:14:48 INFO  (SecureRandomFactory) Initializing Random Number Generator...  
2025-09-08 14:14:48 INFO  (SecureRandomFactory) Random Number Generator initialization complete: NativePRNGNonBlocking  
2025-09-08 14:14:48 INFO  (ApplicationTrustManagerFactory) Trust manager disabled, cacerts have not been set  
2025-09-08 14:14:49 INFO  (HeadlessAnalyzer) HEADLESS Script Paths:
    /Applications/ghidra_11.0.3_PUBLIC/Ghidra/Processors/8051/ghidra_scripts
    /Applications/ghidra_11.0.3_PUBLIC/Ghidra/Features/FileFormats/ghidra_scripts
    /Applications/ghidra_11.0.3_PUBLIC/Ghidra/Features/Base/ghidra_scripts
    /Applications/ghidra_11.0.3_PUBLIC/Ghidra/Features/Python/ghidra_scripts
    /Applications/ghidra_11.0.3_PUBLIC/Ghidra/Features/GnuDemangler/ghidra_scripts
    /Applications/ghidra_11.0.3_PUBLIC/Ghidra/Features/SystemEmulation/ghidra_scripts
    /Applications/ghidra_11.0.3_PUBLIC/Ghidra/Features/MicrosoftCodeAnalyzer/ghidra_scripts
    /Applications/ghidra_11.0.3_PUBLIC/Ghidra/Features/BytePatterns/ghidra_scripts
    /Applications/ghidra_11.0.3_PUBLIC/Ghidra/Features/Decompiler/ghidra_scripts
    /Applications/ghidra_11.0.3_PUBLIC/Ghidra/Processors/Atmel/ghidra_scripts
    /Applications/ghidra_11.0.3_PUBLIC/Ghidra/Debug/Debugger-agent-frida/ghidra_scripts
    /Applications/ghidra_11.0.3_PUBLIC/Ghidra/Features/FunctionID/ghidra_scripts
    /Applications/ghidra_11.0.3_PUBLIC/Ghidra/Processors/JVM/ghidra_scripts
    /Applications/ghidra_11.0.3_PUBLIC/Ghidra/Processors/PIC/ghidra_scripts
    /Applications/ghidra_11.0.3_PUBLIC/Ghidra/Features/BSim/ghidra_scripts
    /Applications/ghidra_11.0.3_PUBLIC/Ghidra/Features/PDB/ghidra_scripts
    /Applications/ghidra_11.0.3_PUBLIC/Ghidra/Processors/DATA/ghidra_scripts
    /Users/chenkexin/ghidra_scripts
    /Users/chenkexin/Desktop/kk/test_taint
    /Applications/ghidra_11.0.3_PUBLIC/Ghidra/Debug/Debugger-agent-dbgmodel-traceloader/ghidra_scripts
    /Applications/ghidra_11.0.3_PUBLIC/Ghidra/Debug/Debugger-rmi-trace/ghidra_scripts
    /Applications/ghidra_11.0.3_PUBLIC/Ghidra/Features/VersionTracking/ghidra_scripts
    /Applications/ghidra_11.0.3_PUBLIC/Ghidra/Debug/Debugger/ghidra_scripts  
2025-09-08 14:14:49 INFO  (HeadlessAnalyzer) HEADLESS: execution starts  
2025-09-08 14:14:49 INFO  (HeadlessAnalyzer) Opening existing project: /Users/chenkexin/Desktop/kk/test_taint/ghidra_projects/all_binaries_analysis  
2025-09-08 14:14:49 INFO  (HeadlessProject) Opening project: /Users/chenkexin/Desktop/kk/test_taint/ghidra_projects/all_binaries_analysis  
2025-09-08 14:14:49 INFO  (HeadlessAnalyzer) REPORT: Processing input files:   
2025-09-08 14:14:49 INFO  (HeadlessAnalyzer)      project: /Users/chenkexin/Desktop/kk/test_taint/ghidra_projects/all_binaries_analysis  
2025-09-08 14:14:49 INFO  (HeadlessAnalyzer) IMPORTING: file:///Users/chenkexin/Desktop/kk/test_taint/assets/merged_bin/gender_googlenet_ncnn_gcc_O0  
2025-09-08 14:14:51 INFO  (AutoImporter) Using Loader: Executable and Linking Format (ELF)  
2025-09-08 14:14:51 INFO  (AutoImporter) Using Language/Compiler: AARCH64:LE:64:v8A:default  
2025-09-08 14:14:52 DEBUG (ElfHeader) Elf symbol table section .dynsym linked to string table section .dynstr  
2025-09-08 14:14:52 DEBUG (ElfHeader) Elf symbol table section .symtab linked to string table section .strtab  
2025-09-08 14:14:52 DEBUG (ElfHeader) Elf relocation table section .rela.dyn linked to symbol table section .dynsym affecting PT_LOAD  
2025-09-08 14:14:52 DEBUG (ElfHeader) Elf relocation table section .rela.plt linked to symbol table section .dynsym affecting .got  
2025-09-08 14:14:52 DEBUG (ElfProgramBuilder) Discarding 1-byte alignment/filler segment_2.3 at 00100253  
2025-09-08 14:14:52 DEBUG (ElfProgramBuilder) Discarding 4-byte alignment/filler segment_2.7 at 001002bc  
2025-09-08 14:14:52 DEBUG (ElfProgramBuilder) Discarding 6-byte alignment/filler segment_2.11 at 0010105a  
2025-09-08 14:14:52 DEBUG (ElfProgramBuilder) Discarding 8-byte alignment/filler segment_2.16 at 00101648  
2025-09-08 14:14:52 DEBUG (ElfProgramBuilder) Discarding 4-byte alignment/filler segment_2.20 at 00102a54  
2025-09-08 14:14:52 DEBUG (ElfProgramBuilder) Discarding 4-byte alignment/filler segment_2.23 at 00102c54  
2025-09-08 14:14:53 INFO  (HeadlessAnalyzer) IMPORTING: Loaded 0 additional files  
2025-09-08 14:14:53 INFO  (HeadlessAnalyzer) ANALYZING all memory and code: file:///Users/chenkexin/Desktop/kk/test_taint/assets/merged_bin/gender_googlenet_ncnn_gcc_O0  
2025-09-08 14:14:54 ERROR (DWARFAnalyzer) Error during DWARFAnalyzer import:  ghidra.app.util.bin.format.dwarf4.DWARFException: Only DWARF version 2, 3, or 4 information is currently supported (detected 5).
	at ghidra.app.util.bin.format.dwarf4.DWARFCompilationUnit.readCompilationUnit(DWARFCompilationUnit.java:155)
	at ghidra.app.util.bin.format.dwarf4.next.DWARFProgram.bootstrapCompilationUnits(DWARFProgram.java:629)
	at ghidra.app.util.bin.format.dwarf4.next.DWARFProgram.<init>(DWARFProgram.java:262)
	at ghidra.app.plugin.core.analysis.DWARFAnalyzer.added(DWARFAnalyzer.java:109)
	at ghidra.app.plugin.core.analysis.AnalysisScheduler.runAnalyzer(AnalysisScheduler.java:186)
	at ghidra.app.plugin.core.analysis.AnalysisTask.applyTo(AnalysisTask.java:39)
	at ghidra.app.plugin.core.analysis.AutoAnalysisManager$AnalysisTaskWrapper.run(AutoAnalysisManager.java:686)
	at ghidra.app.plugin.core.analysis.AutoAnalysisManager.startAnalysis(AutoAnalysisManager.java:786)
	at ghidra.app.plugin.core.analysis.AutoAnalysisManager.startAnalysis(AutoAnalysisManager.java:665)
	at ghidra.app.plugin.core.analysis.AutoAnalysisManager.startAnalysis(AutoAnalysisManager.java:630)
	at ghidra.app.util.headless.HeadlessAnalyzer.analyzeProgram(HeadlessAnalyzer.java:1029)
	at ghidra.app.util.headless.HeadlessAnalyzer.processFileWithImport(HeadlessAnalyzer.java:1552)
	at ghidra.app.util.headless.HeadlessAnalyzer.processWithLoader(HeadlessAnalyzer.java:1734)
	at ghidra.app.util.headless.HeadlessAnalyzer.processWithImport(HeadlessAnalyzer.java:1675)
	at ghidra.app.util.headless.HeadlessAnalyzer.processWithImport(HeadlessAnalyzer.java:1759)
	at ghidra.app.util.headless.HeadlessAnalyzer.processLocal(HeadlessAnalyzer.java:460)
	at ghidra.app.util.headless.AnalyzeHeadless.launch(AnalyzeHeadless.java:127)
	at ghidra.GhidraLauncher.launch(GhidraLauncher.java:78)
	at ghidra.Ghidra.main(Ghidra.java:54)
 
2025-09-08 14:14:55 INFO  (PackedDatabaseCache) Packed database cache: /var/folders/kn/fw_2jn054bq5f73czrm_91nc0000gn/T/chenkexin-Ghidra/packed-db-cache  
2025-09-08 14:14:55 DEBUG (PackedDatabaseCache) Using cached packed database: /Applications/ghidra_11.0.3_PUBLIC/Ghidra/Features/Base/data/typeinfo/generic/generic_clib_64.gdt  
2025-09-08 14:14:56 INFO  (ApplyDataArchiveAnalyzer) Applied data type archive: generic_clib_64  
2025-09-08 14:14:58 INFO  (AutoAnalysisManager) -----------------------------------------------------
    AARCH64 ELF PLT Thunks                     0.313 secs
    ASCII Strings                              0.397 secs
    Apply Data Archives                        1.165 secs
    Basic Constant Reference Analyzer          0.447 secs
    Call Convention ID                         0.265 secs
    Call-Fixup Installer                       0.016 secs
    Create Address Tables                      0.025 secs
    Create Address Tables - One Time           0.008 secs
    Create Function                            0.000 secs
    DWARF                                      0.114 secs
    Data Reference                             0.021 secs
    Decompiler Switch Analysis                 0.144 secs
    Demangler GNU                              0.192 secs
    Disassemble Entry Points                   0.070 secs
    Embedded Media                             0.011 secs
    External Entry References                  0.002 secs
    Function Start Search                      0.059 secs
    Function Start Search After Code           0.026 secs
    Function Start Search After Data           0.009 secs
    Function Start Search delayed - One Time   0.003 secs
    GCC Exception Handlers                     0.766 secs
    Non-Returning Functions - Discovered       0.008 secs
    Non-Returning Functions - Known            0.018 secs
    Reference                                  0.061 secs
    Shared Return Calls                        0.024 secs
    Stack                                      0.560 secs
    Subroutine References                      0.017 secs
-----------------------------------------------------
     Total Time   4 secs
-----------------------------------------------------
  
2025-09-08 14:14:58 INFO  (HeadlessAnalyzer) REPORT: Analysis succeeded for file: file:///Users/chenkexin/Desktop/kk/test_taint/assets/merged_bin/gender_googlenet_ncnn_gcc_O0  
2025-09-08 14:14:58 INFO  (HeadlessAnalyzer) SCRIPT: /Users/chenkexin/Desktop/kk/test_taint/ncnn_analyzer.py  
2025-09-08 14:15:03 INFO  (GhidraScript) ncnn_analyzer.py> INFO: Searching for call sites to functions containing 'extract'  
2025-09-08 14:15:03 INFO  (GhidraScript) ncnn_analyzer.py> INFO: Found target functions: [u'extract', u'extract', u'extract', u'create_extractor', u'create_extractor', u'create_extractor']  
2025-09-08 14:15:03 INFO  (GhidraScript) ncnn_analyzer.py> INFO: Found 3 unique functions containing call sites. Analyzing each...  
2025-09-08 14:15:03 INFO  (GhidraScript) ncnn_analyzer.py> 
--- Analyzing Function 'extract' at 00101740 containing 1 call site(s) ---  
2025-09-08 14:15:03 INFO  (GhidraScript) ncnn_analyzer.py> 
  -- Analyzing Call Site at 0010174c --  
2025-09-08 14:15:03 INFO  (GhidraScript) ncnn_analyzer.py> INFO: Tainting output parameter from call at 0010174c: param_3(w2)  
2025-09-08 14:15:03 INFO  (GhidraScript) ncnn_analyzer.py> \n>>> Analyzing function: extract (Depth: 0) at 00101740 (Originating from: extract) with initial taints: param_3(w2)  
2025-09-08 14:15:03 INFO  (GhidraScript) ncnn_analyzer.py>   - [STACK_SEARCH.0] Analyzing varnode: (register, 0x4010, 4)  
2025-09-08 14:15:03 INFO  (GhidraScript) ncnn_analyzer.py>   - [STACK_SEARCH.0] Details: isAddress=0, addr=register:00004010, isStackAddress=0  
2025-09-08 14:15:03 INFO  (GhidraScript) ncnn_analyzer.py>   - [STACK_SEARCH.0] No defining p-code op found. Aborting path.  
2025-09-08 14:15:03 INFO  (GhidraScript) ncnn_analyzer.py> \nDEBUG: Reached specified start PcodeOp  ---  CALL (ram, 0x121080, 8) , (register, 0x4000, 8) , (register, 0x4008, 8) , (register, 0x4010, 4) at 0010174c in extract, subsequent ops will be processed.  
2025-09-08 14:15:03 WARN  (DecompileCallback) Decompiling 00121080, pcode error at 00121080: Unable to disassemble EXTERNAL block location: 00121080  
2025-09-08 14:15:03 INFO  (GhidraScript) ncnn_analyzer.py> \n>>> Analyzing function: extract (Depth: 1) at 00121080 (Originating from: extract) with initial taints: param_3(w2)  
2025-09-08 14:15:03 INFO  (GhidraScript) ncnn_analyzer.py>   - [STACK_SEARCH.0] Analyzing varnode: (register, 0x4010, 4)  
2025-09-08 14:15:03 INFO  (GhidraScript) ncnn_analyzer.py>   - [STACK_SEARCH.0] Details: isAddress=0, addr=register:00004010, isStackAddress=0  
2025-09-08 14:15:03 INFO  (GhidraScript) ncnn_analyzer.py>   - [STACK_SEARCH.0] No defining p-code op found. Aborting path.  
2025-09-08 14:15:03 INFO  (GhidraScript) ncnn_analyzer.py> DEBUG: Starting taint analysis from the beginning of function extract.  
2025-09-08 14:15:03 INFO  (GhidraScript) ncnn_analyzer.py> <<< Finished analyzing function: extract.  
2025-09-08 14:15:03 INFO  (GhidraScript) ncnn_analyzer.py> <<< Finished analyzing function: extract.  
2025-09-08 14:15:03 INFO  (GhidraScript) ncnn_analyzer.py> 
--- Analyzing Function 'create_extractor' at 001018d0 containing 1 call site(s) ---  
2025-09-08 14:15:03 INFO  (GhidraScript) ncnn_analyzer.py> 
  -- Analyzing Call Site at 001018dc --  
2025-09-08 14:15:03 INFO  (GhidraScript) ncnn_analyzer.py> WARN: Call at 001018dc has too few parameters. Skipping taint.  
2025-09-08 14:15:03 INFO  (GhidraScript) ncnn_analyzer.py> 
--- Analyzing Function 'main' at 00101a58 containing 2 call site(s) ---  
2025-09-08 14:15:03 INFO  (GhidraScript) ncnn_analyzer.py> 
  -- Analyzing Call Site at 00101db4 --  
2025-09-08 14:15:03 INFO  (GhidraScript) ncnn_analyzer.py> INFO: Tainting output parameter from call at 00101db4: UNNAMED(w2)  
2025-09-08 14:15:03 INFO  (GhidraScript) ncnn_analyzer.py> \n>>> Analyzing function: main (Depth: 0) at 00101a58 (Originating from: extract) with initial taints: UNNAMED(w2)  
2025-09-08 14:15:03 INFO  (GhidraScript) ncnn_analyzer.py>   - [STACK_SEARCH.0] Analyzing varnode: (register, 0x4010, 4)  
2025-09-08 14:15:03 INFO  (GhidraScript) ncnn_analyzer.py>   - [STACK_SEARCH.0] Details: isAddress=0, addr=register:00004010, isStackAddress=0  
2025-09-08 14:15:03 INFO  (GhidraScript) ncnn_analyzer.py>   - [STACK_SEARCH.0] Def P-Code Op: (register, 0x4010, 4) SUBPIECE (unique, 0x11f80, 8) , (const, 0x0, 4)  
2025-09-08 14:15:03 INFO  (GhidraScript) ncnn_analyzer.py>   - [STACK_SEARCH.0] Mnemonic 'SUBPIECE' is not a handled case. Aborting path.  
2025-09-08 14:15:03 INFO  (GhidraScript) ncnn_analyzer.py> \nDEBUG: Reached specified start PcodeOp  ---  CALL (ram, 0x101740, 8) , (unique, 0x10000791, 8) , (unique, 0x10000799, 8) , (register, 0x4010, 4) at 00101db4 in main, subsequent ops will be processed.  
2025-09-08 14:15:03 INFO  (GhidraScript) ncnn_analyzer.py> DEBUG: Already analyzed function extract with initial taints ('param_3(w2)',) (origin: extract). Skipping.  
2025-09-08 14:15:03 INFO  (GhidraScript) ncnn_analyzer.py> DEBUG: [LOAD_HANDLER] Checking LOAD op at 00101e34. Address varnode: (register, 0x4000, 8)  
2025-09-08 14:15:03 INFO  (GhidraScript) ncnn_analyzer.py> DEBUG: [LOAD_HANDLER] POINTER_RULE FAIL: Address varnode pfVar6(x0) is not tainted (recursive check).  
2025-09-08 14:15:03 INFO  (GhidraScript) ncnn_analyzer.py> DEBUG: [LOAD_HANDLER] REGION_RULE FAIL: Address pointer pfVar6(x0) is not in the tainted memory regions set.  
2025-09-08 14:15:03 INFO  (GhidraScript) ncnn_analyzer.py> DEBUG: [CBRANCH] Found defining op for condition: (register, 0x108, 1) INT_NOTEQUAL (register, 0x4000, 4) , (const, 0x1, 4)  
2025-09-08 14:15:03 INFO  (GhidraScript) ncnn_analyzer.py> INFO: [main @ 00101e44] Taint reached CBRANCH. Operands: ['UNNAMED(w0)', 'UnnamedHighVar(Constant: 0x1)'].   
2025-09-08 14:15:03 INFO  (GhidraScript) ncnn_analyzer.py> DEBUG: [CBRANCH] Found defining op for condition: (unique, 0x1400, 1) FLOAT_LESSEQUAL (register, 0x5000, 4) , (const, 0x3f333333, 4)  
2025-09-08 14:15:03 INFO  (GhidraScript) ncnn_analyzer.py> INFO: [main @ 00101e5c] Taint reached CBRANCH. Operands: ['UNNAMED(s0)', 'UnnamedHighVar(Constant: 0x3f333333)'].   
2025-09-08 14:15:03 INFO  (GhidraScript) ncnn_analyzer.py> DEBUG: [CBRANCH] Found defining op for condition: (register, 0x108, 1) INT_EQUAL (stack, 0xfffffffffffffe08, 8) , (const, 0x0, 8)  
2025-09-08 14:15:03 INFO  (GhidraScript) ncnn_analyzer.py> INFO: [main @ 00101e98] Taint reached CBRANCH. Operands: ['local_1f8(StackDirect[Stack[-0x1f8]])', 'UnnamedHighVar(Constant: 0x0)'].   
2025-09-08 14:15:03 INFO  (GhidraScript) ncnn_analyzer.py> DEBUG: [CBRANCH] Found defining op for condition: (register, 0x108, 1) INT_NOTEQUAL (register, 0x4000, 4) , (const, 0x1, 4)  
2025-09-08 14:15:03 INFO  (GhidraScript) ncnn_analyzer.py> INFO: [main @ 00101eb4] Taint reached CBRANCH. Operands: ['iVar4(w0)', 'UnnamedHighVar(Constant: 0x1)'].   
2025-09-08 14:15:03 INFO  (GhidraScript) ncnn_analyzer.py> INFO: [main @ 00101ecc] Taint reached CBRANCH. Operands: [].   
2025-09-08 14:15:03 INFO  (GhidraScript) ncnn_analyzer.py> DEBUG: [CBRANCH] Found defining op for condition: (register, 0x108, 1) INT_EQUAL (stack, 0xfffffffffffffe20, 8) , (const, 0x0, 8)  
2025-09-08 14:15:03 INFO  (GhidraScript) ncnn_analyzer.py> INFO: [main @ 00101edc] Taint reached CBRANCH. Operands: ['local_1e0(StackDirect[Stack[-0x1e0]])', 'UnnamedHighVar(Constant: 0x0)'].   
2025-09-08 14:15:03 INFO  (GhidraScript) ncnn_analyzer.py> DEBUG: [LOAD_HANDLER] Checking LOAD op at 00101ee8. Address varnode: (stack, 0xfffffffffffffe20, 8)  
2025-09-08 14:15:03 INFO  (GhidraScript) ncnn_analyzer.py> DEBUG: [LOAD_HANDLER] POINTER_RULE FAIL: Address varnode local_1e0(StackDirect[Stack[-0x1e0]]) is not tainted (recursive check).  
2025-09-08 14:15:03 INFO  (GhidraScript) ncnn_analyzer.py> DEBUG: [LOAD_HANDLER] REGION_RULE FAIL: Address pointer local_1e0(StackDirect[Stack[-0x1e0]]) is not in the tainted memory regions set.  
2025-09-08 14:15:03 INFO  (GhidraScript) ncnn_analyzer.py> DEBUG: [LOAD_HANDLER] Checking LOAD op at 00101ef0. Address varnode: (unique, 0x11f80, 8)  
2025-09-08 14:15:03 INFO  (GhidraScript) ncnn_analyzer.py> DEBUG: [LOAD_HANDLER] POINTER_RULE FAIL: Address varnode UNNAMED(UniquePcode[0x11f80]) is not tainted (recursive check).  
2025-09-08 14:15:03 INFO  (GhidraScript) ncnn_analyzer.py> DEBUG: [LOAD_HANDLER] REGION_RULE FAIL: Address pointer UNNAMED(UniquePcode[0x11f80]) is not in the tainted memory regions set.  
2025-09-08 14:15:03 INFO  (GhidraScript) ncnn_analyzer.py> DEBUG: [CBRANCH] Found defining op for condition: (register, 0x108, 1) INT_NOTEQUAL (stack, 0xfffffffffffffe00, 8) , (const, 0x0, 8)  
2025-09-08 14:15:03 INFO  (GhidraScript) ncnn_analyzer.py> INFO: [main @ 00101f28] Taint reached CBRANCH. Operands: ['local_200(StackDirect[Stack[-0x200]])', 'UnnamedHighVar(Constant: 0x0)'].   
2025-09-08 14:15:03 INFO  (GhidraScript) ncnn_analyzer.py> DEBUG: [CBRANCH] Found defining op for condition: (register, 0x108, 1) INT_EQUAL (stack, 0xfffffffffffffdc0, 8) , (const, 0x0, 8)  
2025-09-08 14:15:03 INFO  (GhidraScript) ncnn_analyzer.py> INFO: [main @ 00101fac] Taint reached CBRANCH. Operands: ['local_240(StackDirect[Stack[-0x240]])', 'UnnamedHighVar(Constant: 0x0)'].   
2025-09-08 14:15:03 INFO  (GhidraScript) ncnn_analyzer.py> DEBUG: [CBRANCH] Found defining op for condition: (register, 0x108, 1) INT_NOTEQUAL (register, 0x4000, 4) , (const, 0x1, 4)  
2025-09-08 14:15:03 INFO  (GhidraScript) ncnn_analyzer.py> INFO: [main @ 00101fc8] Taint reached CBRANCH. Operands: ['iVar4(w0)', 'UnnamedHighVar(Constant: 0x1)'].   
2025-09-08 14:15:03 INFO  (GhidraScript) ncnn_analyzer.py> INFO: [main @ 00101fe0] Taint reached CBRANCH. Operands: [].   
2025-09-08 14:15:03 INFO  (GhidraScript) ncnn_analyzer.py> DEBUG: [CBRANCH] Found defining op for condition: (register, 0x108, 1) INT_EQUAL (stack, 0xfffffffffffffdd8, 8) , (const, 0x0, 8)  
2025-09-08 14:15:03 INFO  (GhidraScript) ncnn_analyzer.py> INFO: [main @ 00101ff0] Taint reached CBRANCH. Operands: ['local_228(StackDirect[Stack[-0x228]])', 'UnnamedHighVar(Constant: 0x0)'].   
2025-09-08 14:15:03 INFO  (GhidraScript) ncnn_analyzer.py> DEBUG: [LOAD_HANDLER] Checking LOAD op at 00101ffc. Address varnode: (stack, 0xfffffffffffffdd8, 8)  
2025-09-08 14:15:04 INFO  (GhidraScript) ncnn_analyzer.py> DEBUG: [LOAD_HANDLER] POINTER_RULE FAIL: Address varnode local_228(StackDirect[Stack[-0x228]]) is not tainted (recursive check).  
2025-09-08 14:15:04 INFO  (GhidraScript) ncnn_analyzer.py> DEBUG: [LOAD_HANDLER] REGION_RULE FAIL: Address pointer local_228(StackDirect[Stack[-0x228]]) is not in the tainted memory regions set.  
2025-09-08 14:15:04 INFO  (GhidraScript) ncnn_analyzer.py> DEBUG: [LOAD_HANDLER] Checking LOAD op at 00102004. Address varnode: (unique, 0x11f80, 8)  
2025-09-08 14:15:04 INFO  (GhidraScript) ncnn_analyzer.py> DEBUG: [LOAD_HANDLER] POINTER_RULE FAIL: Address varnode UNNAMED(UniquePcode[0x11f80]) is not tainted (recursive check).  
2025-09-08 14:15:04 INFO  (GhidraScript) ncnn_analyzer.py> DEBUG: [LOAD_HANDLER] REGION_RULE FAIL: Address pointer UNNAMED(UniquePcode[0x11f80]) is not in the tainted memory regions set.  
2025-09-08 14:15:04 INFO  (GhidraScript) ncnn_analyzer.py> DEBUG: [CBRANCH] Found defining op for condition: (register, 0x108, 1) INT_NOTEQUAL (stack, 0xfffffffffffffdb8, 8) , (const, 0x0, 8)  
2025-09-08 14:15:04 INFO  (GhidraScript) ncnn_analyzer.py> INFO: [main @ 0010203c] Taint reached CBRANCH. Operands: ['local_248(StackDirect[Stack[-0x248]])', 'UnnamedHighVar(Constant: 0x0)'].   
2025-09-08 14:15:04 INFO  (GhidraScript) ncnn_analyzer.py> DEBUG: [CBRANCH] Found defining op for condition: (register, 0x108, 1) INT_NOTEQUAL (unique, 0x3e480, 8) , (const, 0x0, 8)  
2025-09-08 14:15:04 INFO  (GhidraScript) ncnn_analyzer.py> INFO: [main @ 001020f0] Taint reached CBRANCH. Operands: ['UNNAMED(UniquePcode[0x3e480])', 'UnnamedHighVar(Constant: 0x0)'].   
2025-09-08 14:15:04 INFO  (GhidraScript) ncnn_analyzer.py> DEBUG: [main @ 00102438] Analyzing potential tainted RETURN with value: UNNAMED(x0) (Tainted: 0)  
2025-09-08 14:15:04 INFO  (GhidraScript) ncnn_analyzer.py>     [DEBUG] --- Taint Check Details (RETURN FAILED) ---  
2025-09-08 14:15:04 INFO  (GhidraScript) ncnn_analyzer.py>     [DEBUG]   > Return Varnode: (register, 0x4000, 8) (Size: 8, Def: (register, 0x4000, 8) COPY (register, 0x4098, 8) at 00102428)  
2025-09-08 14:15:04 INFO  (GhidraScript) ncnn_analyzer.py>     [DEBUG]   > Currently Tainted HighVariables in this function:  
2025-09-08 14:15:04 INFO  (GhidraScript) ncnn_analyzer.py>     [DEBUG]     1. UNNAMED(w2)  
2025-09-08 14:15:04 INFO  (GhidraScript) ncnn_analyzer.py>     [DEBUG] ---------------------------------  
2025-09-08 14:15:04 INFO  (GhidraScript) ncnn_analyzer.py> <<< Finished analyzing function: main.  
2025-09-08 14:15:04 INFO  (GhidraScript) ncnn_analyzer.py> 
  -- Analyzing Call Site at 00101d48 --  
2025-09-08 14:15:04 INFO  (GhidraScript) ncnn_analyzer.py> WARN: Call at 00101d48 has too few parameters. Skipping taint.  
2025-09-08 14:15:04 INFO  (GhidraScript) ncnn_analyzer.py> 
--- All Functions Analyzed. Finalizing Report. ---  
2025-09-08 14:15:04 INFO  (GhidraScript) ncnn_analyzer.py> \n--- All Detected Tainted Value Usages (Interprocedural) ---  
2025-09-08 14:15:04 INFO  (GhidraScript) ncnn_analyzer.py> Usage #1:  
2025-09-08 14:15:04 INFO  (GhidraScript) ncnn_analyzer.py>   Originating Lib Call: extract  
2025-09-08 14:15:04 INFO  (GhidraScript) ncnn_analyzer.py>   Found In Function:   extract at 00101740  
2025-09-08 14:15:04 INFO  (GhidraScript) ncnn_analyzer.py>   Instruction Address: 0010174c  
2025-09-08 14:15:04 INFO  (GhidraScript) ncnn_analyzer.py>     PCode Op:             ---  CALL (ram, 0x121080, 8) , (register, 0x4000, 8) , (register, 0x4008, 8) , (register, 0x4010, 4)  
2025-09-08 14:15:04 INFO  (GhidraScript) ncnn_analyzer.py>     Usage Type:          TAINTED_ARG_TO_CALL_RECURSION  
2025-09-08 14:15:04 INFO  (GhidraScript) ncnn_analyzer.py>     Details:             Recursive call to extract (CALL) with taints: param_3(w2).  
2025-09-08 14:15:04 INFO  (GhidraScript) ncnn_analyzer.py> ----------------------------------------  
2025-09-08 14:15:04 INFO  (GhidraScript) ncnn_analyzer.py> Usage #2:  
2025-09-08 14:15:04 INFO  (GhidraScript) ncnn_analyzer.py>   Originating Lib Call: extract  
2025-09-08 14:15:04 INFO  (GhidraScript) ncnn_analyzer.py>   Found In Function:   main at 00101a58  
2025-09-08 14:15:04 INFO  (GhidraScript) ncnn_analyzer.py>   Instruction Address: 00101db4  
2025-09-08 14:15:04 INFO  (GhidraScript) ncnn_analyzer.py>     PCode Op:             ---  CALL (ram, 0x101740, 8) , (unique, 0x10000791, 8) , (unique, 0x10000799, 8) , (register, 0x4010, 4)  
2025-09-08 14:15:04 INFO  (GhidraScript) ncnn_analyzer.py>     Usage Type:          TAINTED_ARG_TO_CALL_RECURSION  
2025-09-08 14:15:04 INFO  (GhidraScript) ncnn_analyzer.py>     Details:             Recursive call to extract (CALL) with taints: param_3(w2).  
2025-09-08 14:15:04 INFO  (GhidraScript) ncnn_analyzer.py> ----------------------------------------  
2025-09-08 14:15:04 INFO  (GhidraScript) ncnn_analyzer.py> Usage #3:  
2025-09-08 14:15:04 INFO  (GhidraScript) ncnn_analyzer.py>   Originating Lib Call: extract  
2025-09-08 14:15:04 INFO  (GhidraScript) ncnn_analyzer.py>   Found In Function:   main at 00101a58  
2025-09-08 14:15:04 INFO  (GhidraScript) ncnn_analyzer.py>   Instruction Address: 00101e44  
2025-09-08 14:15:04 INFO  (GhidraScript) ncnn_analyzer.py>     PCode Op:             ---  CBRANCH (ram, 0x101e74, 1) , (register, 0x108, 1)  
2025-09-08 14:15:04 INFO  (GhidraScript) ncnn_analyzer.py>     Usage Type:          BRANCH_CONDITION_TAINTED  
2025-09-08 14:15:04 INFO  (GhidraScript) ncnn_analyzer.py>     Tainted Component:   UNNAMED(tmpZR)  
2025-09-08 14:15:04 INFO  (GhidraScript) ncnn_analyzer.py>     Details:             Tainted condition for branch.  
2025-09-08 14:15:04 INFO  (GhidraScript) ncnn_analyzer.py> ----------------------------------------  
2025-09-08 14:15:04 INFO  (GhidraScript) ncnn_analyzer.py> Usage #4:  
2025-09-08 14:15:04 INFO  (GhidraScript) ncnn_analyzer.py>   Originating Lib Call: extract  
2025-09-08 14:15:04 INFO  (GhidraScript) ncnn_analyzer.py>   Found In Function:   main at 00101a58  
2025-09-08 14:15:04 INFO  (GhidraScript) ncnn_analyzer.py>   Instruction Address: 00101e5c  
2025-09-08 14:15:04 INFO  (GhidraScript) ncnn_analyzer.py>     PCode Op:             ---  CBRANCH (ram, 0x101e64, 1) , (unique, 0x1400, 1)  
2025-09-08 14:15:04 INFO  (GhidraScript) ncnn_analyzer.py>     Usage Type:          BRANCH_CONDITION_TAINTED  
2025-09-08 14:15:04 INFO  (GhidraScript) ncnn_analyzer.py>     Tainted Component:   UNNAMED(UniquePcode[0x1400])  
2025-09-08 14:15:04 INFO  (GhidraScript) ncnn_analyzer.py>     Details:             Tainted condition for branch.  
2025-09-08 14:15:04 INFO  (GhidraScript) ncnn_analyzer.py> ----------------------------------------  
2025-09-08 14:15:04 INFO  (GhidraScript) ncnn_analyzer.py> Usage #5:  
2025-09-08 14:15:04 INFO  (GhidraScript) ncnn_analyzer.py>   Originating Lib Call: extract  
2025-09-08 14:15:04 INFO  (GhidraScript) ncnn_analyzer.py>   Found In Function:   main at 00101a58  
2025-09-08 14:15:04 INFO  (GhidraScript) ncnn_analyzer.py>   Instruction Address: 00101e98  
2025-09-08 14:15:04 INFO  (GhidraScript) ncnn_analyzer.py>     PCode Op:             ---  CBRANCH (ram, 0x101ec0, 1) , (register, 0x108, 1)  
2025-09-08 14:15:04 INFO  (GhidraScript) ncnn_analyzer.py>     Usage Type:          BRANCH_CONDITION_TAINTED  
2025-09-08 14:15:04 INFO  (GhidraScript) ncnn_analyzer.py>     Tainted Component:   UNNAMED(tmpZR)  
2025-09-08 14:15:04 INFO  (GhidraScript) ncnn_analyzer.py>     Details:             Tainted condition for branch.  
2025-09-08 14:15:04 INFO  (GhidraScript) ncnn_analyzer.py> ----------------------------------------  
2025-09-08 14:15:04 INFO  (GhidraScript) ncnn_analyzer.py> Usage #6:  
2025-09-08 14:15:04 INFO  (GhidraScript) ncnn_analyzer.py>   Originating Lib Call: extract  
2025-09-08 14:15:04 INFO  (GhidraScript) ncnn_analyzer.py>   Found In Function:   main at 00101a58  
2025-09-08 14:15:04 INFO  (GhidraScript) ncnn_analyzer.py>   Instruction Address: 00101eb4  
2025-09-08 14:15:04 INFO  (GhidraScript) ncnn_analyzer.py>     PCode Op:             ---  CBRANCH (ram, 0x101ec0, 1) , (register, 0x108, 1)  
2025-09-08 14:15:04 INFO  (GhidraScript) ncnn_analyzer.py>     Usage Type:          BRANCH_CONDITION_TAINTED  
2025-09-08 14:15:04 INFO  (GhidraScript) ncnn_analyzer.py>     Tainted Component:   UNNAMED(tmpZR)  
2025-09-08 14:15:04 INFO  (GhidraScript) ncnn_analyzer.py>     Details:             Tainted condition for branch.  
2025-09-08 14:15:04 INFO  (GhidraScript) ncnn_analyzer.py> ----------------------------------------  
2025-09-08 14:15:04 INFO  (GhidraScript) ncnn_analyzer.py> Usage #7:  
2025-09-08 14:15:04 INFO  (GhidraScript) ncnn_analyzer.py>   Originating Lib Call: extract  
2025-09-08 14:15:04 INFO  (GhidraScript) ncnn_analyzer.py>   Found In Function:   main at 00101a58  
2025-09-08 14:15:04 INFO  (GhidraScript) ncnn_analyzer.py>   Instruction Address: 00101ecc  
2025-09-08 14:15:04 INFO  (GhidraScript) ncnn_analyzer.py>     PCode Op:             ---  CBRANCH (ram, 0x101f38, 1) , (unique, 0x1000051a, 1)  
2025-09-08 14:15:04 INFO  (GhidraScript) ncnn_analyzer.py>     Usage Type:          BRANCH_CONDITION_TAINTED  
2025-09-08 14:15:04 INFO  (GhidraScript) ncnn_analyzer.py>     Tainted Component:   bVar1(UniquePcode[0x10000514])  
2025-09-08 14:15:04 INFO  (GhidraScript) ncnn_analyzer.py>     Details:             Tainted condition for branch.  
2025-09-08 14:15:04 INFO  (GhidraScript) ncnn_analyzer.py> ----------------------------------------  
2025-09-08 14:15:04 INFO  (GhidraScript) ncnn_analyzer.py> Usage #8:  
2025-09-08 14:15:04 INFO  (GhidraScript) ncnn_analyzer.py>   Originating Lib Call: extract  
2025-09-08 14:15:04 INFO  (GhidraScript) ncnn_analyzer.py>   Found In Function:   main at 00101a58  
2025-09-08 14:15:04 INFO  (GhidraScript) ncnn_analyzer.py>   Instruction Address: 00101edc  
2025-09-08 14:15:04 INFO  (GhidraScript) ncnn_analyzer.py>     PCode Op:             ---  CBRANCH (ram, 0x101f14, 1) , (register, 0x108, 1)  
2025-09-08 14:15:04 INFO  (GhidraScript) ncnn_analyzer.py>     Usage Type:          BRANCH_CONDITION_TAINTED  
2025-09-08 14:15:04 INFO  (GhidraScript) ncnn_analyzer.py>     Tainted Component:   UNNAMED(tmpZR)  
2025-09-08 14:15:04 INFO  (GhidraScript) ncnn_analyzer.py>     Details:             Tainted condition for branch.  
2025-09-08 14:15:04 INFO  (GhidraScript) ncnn_analyzer.py> ----------------------------------------  
2025-09-08 14:15:04 INFO  (GhidraScript) ncnn_analyzer.py> Usage #9:  
2025-09-08 14:15:04 INFO  (GhidraScript) ncnn_analyzer.py>   Originating Lib Call: extract  
2025-09-08 14:15:04 INFO  (GhidraScript) ncnn_analyzer.py>   Found In Function:   main at 00101a58  
2025-09-08 14:15:04 INFO  (GhidraScript) ncnn_analyzer.py>   Instruction Address: 00101f28  
2025-09-08 14:15:04 INFO  (GhidraScript) ncnn_analyzer.py>     PCode Op:             ---  CBRANCH (ram, 0x101f34, 1) , (register, 0x108, 1)  
2025-09-08 14:15:04 INFO  (GhidraScript) ncnn_analyzer.py>     Usage Type:          BRANCH_CONDITION_TAINTED  
2025-09-08 14:15:04 INFO  (GhidraScript) ncnn_analyzer.py>     Tainted Component:   UNNAMED(tmpZR)  
2025-09-08 14:15:04 INFO  (GhidraScript) ncnn_analyzer.py>     Details:             Tainted condition for branch.  
2025-09-08 14:15:04 INFO  (GhidraScript) ncnn_analyzer.py> ----------------------------------------  
2025-09-08 14:15:04 INFO  (GhidraScript) ncnn_analyzer.py> Usage #10:  
2025-09-08 14:15:04 INFO  (GhidraScript) ncnn_analyzer.py>   Originating Lib Call: extract  
2025-09-08 14:15:04 INFO  (GhidraScript) ncnn_analyzer.py>   Found In Function:   main at 00101a58  
2025-09-08 14:15:04 INFO  (GhidraScript) ncnn_analyzer.py>   Instruction Address: 00101fac  
2025-09-08 14:15:04 INFO  (GhidraScript) ncnn_analyzer.py>     PCode Op:             ---  CBRANCH (ram, 0x101fd4, 1) , (register, 0x108, 1)  
2025-09-08 14:15:04 INFO  (GhidraScript) ncnn_analyzer.py>     Usage Type:          BRANCH_CONDITION_TAINTED  
2025-09-08 14:15:04 INFO  (GhidraScript) ncnn_analyzer.py>     Tainted Component:   UNNAMED(tmpZR)  
2025-09-08 14:15:04 INFO  (GhidraScript) ncnn_analyzer.py>     Details:             Tainted condition for branch.  
2025-09-08 14:15:04 INFO  (GhidraScript) ncnn_analyzer.py> ----------------------------------------  
2025-09-08 14:15:04 INFO  (GhidraScript) ncnn_analyzer.py> Usage #11:  
2025-09-08 14:15:04 INFO  (GhidraScript) ncnn_analyzer.py>   Originating Lib Call: extract  
2025-09-08 14:15:04 INFO  (GhidraScript) ncnn_analyzer.py>   Found In Function:   main at 00101a58  
2025-09-08 14:15:04 INFO  (GhidraScript) ncnn_analyzer.py>   Instruction Address: 00101fc8  
2025-09-08 14:15:04 INFO  (GhidraScript) ncnn_analyzer.py>     PCode Op:             ---  CBRANCH (ram, 0x101fd4, 1) , (register, 0x108, 1)  
2025-09-08 14:15:04 INFO  (GhidraScript) ncnn_analyzer.py>     Usage Type:          BRANCH_CONDITION_TAINTED  
2025-09-08 14:15:04 INFO  (GhidraScript) ncnn_analyzer.py>     Tainted Component:   UNNAMED(tmpZR)  
2025-09-08 14:15:04 INFO  (GhidraScript) ncnn_analyzer.py>     Details:             Tainted condition for branch.  
2025-09-08 14:15:04 INFO  (GhidraScript) ncnn_analyzer.py> ----------------------------------------  
2025-09-08 14:15:04 INFO  (GhidraScript) ncnn_analyzer.py> Usage #12:  
2025-09-08 14:15:04 INFO  (GhidraScript) ncnn_analyzer.py>   Originating Lib Call: extract  
2025-09-08 14:15:04 INFO  (GhidraScript) ncnn_analyzer.py>   Found In Function:   main at 00101a58  
2025-09-08 14:15:04 INFO  (GhidraScript) ncnn_analyzer.py>   Instruction Address: 00101fe0  
2025-09-08 14:15:04 INFO  (GhidraScript) ncnn_analyzer.py>     PCode Op:             ---  CBRANCH (ram, 0x10204c, 1) , (unique, 0x10000520, 1)  
2025-09-08 14:15:04 INFO  (GhidraScript) ncnn_analyzer.py>     Usage Type:          BRANCH_CONDITION_TAINTED  
2025-09-08 14:15:04 INFO  (GhidraScript) ncnn_analyzer.py>     Tainted Component:   bVar1(UniquePcode[0x10000514])  
2025-09-08 14:15:04 INFO  (GhidraScript) ncnn_analyzer.py>     Details:             Tainted condition for branch.  
2025-09-08 14:15:04 INFO  (GhidraScript) ncnn_analyzer.py> ----------------------------------------  
2025-09-08 14:15:04 INFO  (GhidraScript) ncnn_analyzer.py> Usage #13:  
2025-09-08 14:15:04 INFO  (GhidraScript) ncnn_analyzer.py>   Originating Lib Call: extract  
2025-09-08 14:15:04 INFO  (GhidraScript) ncnn_analyzer.py>   Found In Function:   main at 00101a58  
2025-09-08 14:15:04 INFO  (GhidraScript) ncnn_analyzer.py>   Instruction Address: 00101ff0  
2025-09-08 14:15:04 INFO  (GhidraScript) ncnn_analyzer.py>     PCode Op:             ---  CBRANCH (ram, 0x102028, 1) , (register, 0x108, 1)  
2025-09-08 14:15:04 INFO  (GhidraScript) ncnn_analyzer.py>     Usage Type:          BRANCH_CONDITION_TAINTED  
2025-09-08 14:15:04 INFO  (GhidraScript) ncnn_analyzer.py>     Tainted Component:   UNNAMED(tmpZR)  
2025-09-08 14:15:04 INFO  (GhidraScript) ncnn_analyzer.py>     Details:             Tainted condition for branch.  
2025-09-08 14:15:04 INFO  (GhidraScript) ncnn_analyzer.py> ----------------------------------------  
2025-09-08 14:15:04 INFO  (GhidraScript) ncnn_analyzer.py> Usage #14:  
2025-09-08 14:15:04 INFO  (GhidraScript) ncnn_analyzer.py>   Originating Lib Call: extract  
2025-09-08 14:15:04 INFO  (GhidraScript) ncnn_analyzer.py>   Found In Function:   main at 00101a58  
2025-09-08 14:15:04 INFO  (GhidraScript) ncnn_analyzer.py>   Instruction Address: 0010203c  
2025-09-08 14:15:04 INFO  (GhidraScript) ncnn_analyzer.py>     PCode Op:             ---  CBRANCH (ram, 0x102048, 1) , (register, 0x108, 1)  
2025-09-08 14:15:04 INFO  (GhidraScript) ncnn_analyzer.py>     Usage Type:          BRANCH_CONDITION_TAINTED  
2025-09-08 14:15:04 INFO  (GhidraScript) ncnn_analyzer.py>     Tainted Component:   UNNAMED(tmpZR)  
2025-09-08 14:15:04 INFO  (GhidraScript) ncnn_analyzer.py>     Details:             Tainted condition for branch.  
2025-09-08 14:15:04 INFO  (GhidraScript) ncnn_analyzer.py> ----------------------------------------  
2025-09-08 14:15:04 INFO  (GhidraScript) ncnn_analyzer.py> Usage #15:  
2025-09-08 14:15:04 INFO  (GhidraScript) ncnn_analyzer.py>   Originating Lib Call: extract  
2025-09-08 14:15:04 INFO  (GhidraScript) ncnn_analyzer.py>   Found In Function:   main at 00101a58  
2025-09-08 14:15:04 INFO  (GhidraScript) ncnn_analyzer.py>   Instruction Address: 001020f0  
2025-09-08 14:15:04 INFO  (GhidraScript) ncnn_analyzer.py>     PCode Op:             ---  CBRANCH (ram, 0x102428, 1) , (register, 0x108, 1)  
2025-09-08 14:15:04 INFO  (GhidraScript) ncnn_analyzer.py>     Usage Type:          BRANCH_CONDITION_TAINTED  
2025-09-08 14:15:04 INFO  (GhidraScript) ncnn_analyzer.py>     Tainted Component:   UNNAMED(tmpZR)  
2025-09-08 14:15:04 INFO  (GhidraScript) ncnn_analyzer.py>     Details:             Tainted condition for branch.  
2025-09-08 14:15:04 INFO  (GhidraScript) ncnn_analyzer.py> ----------------------------------------  
2025-09-08 14:15:04 ERROR (GhidraScript) ncnn_analyzer.py> WARN: No high-level operand representations found in usage log for branch at 00101ecc. 'registers' field will be empty.  
2025-09-08 14:15:04 ERROR (GhidraScript) ncnn_analyzer.py> WARN: No high-level operand representations found in usage log for branch at 00101fe0. 'registers' field will be empty.  
2025-09-08 14:15:04 INFO  (GhidraScript) ncnn_analyzer.py> SUCCESS: Hook configuration saved to: /Users/chenkexin/Desktop/kk/test_taint/results/gender_googlenet_ncnn_gcc_O0_hook_config.json  
2025-09-08 14:15:04 INFO  (GhidraScript) ncnn_analyzer.py> NCNN Taint Analyzer finished.  
2025-09-08 14:15:04 INFO  (HeadlessAnalyzer) ANALYZING changes made by post scripts: file:///Users/chenkexin/Desktop/kk/test_taint/assets/merged_bin/gender_googlenet_ncnn_gcc_O0  
2025-09-08 14:15:04 INFO  (HeadlessAnalyzer) REPORT: Post-analysis succeeded for file: file:///Users/chenkexin/Desktop/kk/test_taint/assets/merged_bin/gender_googlenet_ncnn_gcc_O0  
2025-09-08 14:15:04 INFO  (HeadlessAnalyzer) REPORT: Save succeeded for: /gender_googlenet_ncnn_gcc_O0 (all_binaries_analysis:/gender_googlenet_ncnn_gcc_O0)  
2025-09-08 14:15:04 INFO  (HeadlessAnalyzer) REPORT: Import succeeded  
2025-09-08 14:15:04 DEBUG (DefaultProjectData) Closing ProjectData: /Users/chenkexin/Desktop/kk/test_taint/ghidra_projects/all_binaries_analysis.rep  
2025-09-08 14:15:04 DEBUG (DefaultProjectData) Disposing ProjectData: /Users/chenkexin/Desktop/kk/test_taint/ghidra_projects/all_binaries_analysis.rep  
