2025-09-05 03:03:57 INFO  (LoggingInitialization) Using log config file: jar:file:/Applications/ghidra_11.0.3_PUBLIC/Ghidra/Framework/Generic/lib/Generic.jar!/generic.log4j.xml  
2025-09-05 03:03:57 INFO  (LoggingInitialization) Using log file: /Users/chenkexin/Desktop/kk/test_taint/logs/gender_googlenet_onnxruntime_headless_analysis.log  
2025-09-05 03:03:57 INFO  (Preferences) Loading user preferences: /Users/chenkexin/.ghidra/.ghidra_11.0.3_PUBLIC/preferences  
2025-09-05 03:03:57 INFO  (Preferences) Loading previous preferences: /Users/chenkexin/.ghidra/.ghidra_10.4_PUBLIC/preferences  
2025-09-05 03:03:57 INFO  (ClassSearcher) Searching for classes...  
2025-09-05 03:03:59 INFO  (ClassSearcher) Class search complete (1548 ms)  
2025-09-05 03:03:59 INFO  (SSLContextInitializer) Initializing SSL Context  
2025-09-05 03:03:59 INFO  (SecureRandomFactory) Initializing Random Number Generator...  
2025-09-05 03:03:59 INFO  (SecureRandomFactory) Random Number Generator initialization complete: NativePRNGNonBlocking  
2025-09-05 03:03:59 INFO  (ApplicationTrustManagerFactory) Trust manager disabled, cacerts have not been set  
2025-09-05 03:04:00 INFO  (HeadlessAnalyzer) HEADLESS Script Paths:
    /Applications/ghidra_11.0.3_PUBLIC/Ghidra/Processors/8051/ghidra_scripts
    /Applications/ghidra_11.0.3_PUBLIC/Ghidra/Features/FileFormats/ghidra_scripts
    /Applications/ghidra_11.0.3_PUBLIC/Ghidra/Features/Base/ghidra_scripts
    /Applications/ghidra_11.0.3_PUBLIC/Ghidra/Features/Python/ghidra_scripts
    /Applications/ghidra_11.0.3_PUBLIC/Ghidra/Features/GnuDemangler/ghidra_scripts
    /Applications/ghidra_11.0.3_PUBLIC/Ghidra/Features/SystemEmulation/ghidra_scripts
    /Applications/ghidra_11.0.3_PUBLIC/Ghidra/Features/MicrosoftCodeAnalyzer/ghidra_scripts
    /Applications/ghidra_11.0.3_PUBLIC/Ghidra/Features/BytePatterns/ghidra_scripts
    /Applications/ghidra_11.0.3_PUBLIC/Ghidra/Features/Decompiler/ghidra_scripts
    /Applications/ghidra_11.0.3_PUBLIC/Ghidra/Processors/Atmel/ghidra_scripts
    /Applications/ghidra_11.0.3_PUBLIC/Ghidra/Debug/Debugger-agent-frida/ghidra_scripts
    /Applications/ghidra_11.0.3_PUBLIC/Ghidra/Features/FunctionID/ghidra_scripts
    /Applications/ghidra_11.0.3_PUBLIC/Ghidra/Processors/JVM/ghidra_scripts
    /Applications/ghidra_11.0.3_PUBLIC/Ghidra/Processors/PIC/ghidra_scripts
    /Applications/ghidra_11.0.3_PUBLIC/Ghidra/Features/BSim/ghidra_scripts
    /Applications/ghidra_11.0.3_PUBLIC/Ghidra/Features/PDB/ghidra_scripts
    /Applications/ghidra_11.0.3_PUBLIC/Ghidra/Processors/DATA/ghidra_scripts
    /Users/chenkexin/ghidra_scripts
    /Users/chenkexin/Desktop/kk/test_taint
    /Applications/ghidra_11.0.3_PUBLIC/Ghidra/Debug/Debugger-agent-dbgmodel-traceloader/ghidra_scripts
    /Applications/ghidra_11.0.3_PUBLIC/Ghidra/Debug/Debugger-rmi-trace/ghidra_scripts
    /Applications/ghidra_11.0.3_PUBLIC/Ghidra/Features/VersionTracking/ghidra_scripts
    /Applications/ghidra_11.0.3_PUBLIC/Ghidra/Debug/Debugger/ghidra_scripts  
2025-09-05 03:04:00 INFO  (HeadlessAnalyzer) HEADLESS: execution starts  
2025-09-05 03:04:00 INFO  (HeadlessAnalyzer) Creating project: /Users/chenkexin/Desktop/kk/test_taint/ghidra_projects/gender_googlenet_onnxruntime  
2025-09-05 03:04:00 INFO  (DefaultProject) Creating project: /Users/chenkexin/Desktop/kk/test_taint/ghidra_projects/gender_googlenet_onnxruntime  
2025-09-05 03:04:00 INFO  (HeadlessAnalyzer) REPORT: Processing input files:   
2025-09-05 03:04:00 INFO  (HeadlessAnalyzer)      project: /Users/chenkexin/Desktop/kk/test_taint/ghidra_projects/gender_googlenet_onnxruntime  
2025-09-05 03:04:00 INFO  (HeadlessAnalyzer) IMPORTING: file:///Users/chenkexin/Desktop/kk/test_taint/assets/clang_bin/gender_googlenet_onnxruntime  
2025-09-05 03:04:02 INFO  (AutoImporter) Using Loader: Executable and Linking Format (ELF)  
2025-09-05 03:04:02 INFO  (AutoImporter) Using Language/Compiler: AARCH64:LE:64:v8A:default  
2025-09-05 03:04:03 DEBUG (ElfHeader) Elf symbol table section .dynsym linked to string table section .dynstr  
2025-09-05 03:04:03 DEBUG (ElfHeader) Elf symbol table section .symtab linked to string table section .strtab  
2025-09-05 03:04:03 DEBUG (ElfHeader) Elf relocation table section .rela.dyn linked to symbol table section .dynsym affecting PT_LOAD  
2025-09-05 03:04:03 DEBUG (ElfHeader) Elf relocation table section .rela.plt linked to symbol table section .dynsym affecting .got.plt  
2025-09-05 03:04:03 DEBUG (ElfProgramBuilder) Discarding 1-byte alignment/filler segment_2.3 at 00100253  
2025-09-05 03:04:03 DEBUG (ElfProgramBuilder) Discarding 4-byte alignment/filler segment_2.7 at 001002bc  
2025-09-05 03:04:03 DEBUG (ElfProgramBuilder) Discarding 4-byte alignment/filler segment_2.11 at 001011f4  
2025-09-05 03:04:03 DEBUG (ElfProgramBuilder) Discarding 3-byte alignment/filler segment_2.20 at 00107331  
2025-09-05 03:04:04 WARN  (ElfRelocationHandler) EXTERNAL Data Elf Relocation with offset: at 0011fcc8 (External Location = _ZTVN10__cxxabiv120__si_class_type_infoE+0x10)  
2025-09-05 03:04:04 INFO  (HeadlessAnalyzer) IMPORTING: Loaded 0 additional files  
2025-09-05 03:04:04 INFO  (HeadlessAnalyzer) ANALYZING all memory and code: file:///Users/chenkexin/Desktop/kk/test_taint/assets/clang_bin/gender_googlenet_onnxruntime  
2025-09-05 03:04:05 ERROR (DWARFAnalyzer) Error during DWARFAnalyzer import:  ghidra.app.util.bin.format.dwarf4.DWARFException: Only DWARF version 2, 3, or 4 information is currently supported (detected 5).
	at ghidra.app.util.bin.format.dwarf4.DWARFCompilationUnit.readCompilationUnit(DWARFCompilationUnit.java:155)
	at ghidra.app.util.bin.format.dwarf4.next.DWARFProgram.bootstrapCompilationUnits(DWARFProgram.java:629)
	at ghidra.app.util.bin.format.dwarf4.next.DWARFProgram.<init>(DWARFProgram.java:262)
	at ghidra.app.plugin.core.analysis.DWARFAnalyzer.added(DWARFAnalyzer.java:109)
	at ghidra.app.plugin.core.analysis.AnalysisScheduler.runAnalyzer(AnalysisScheduler.java:186)
	at ghidra.app.plugin.core.analysis.AnalysisTask.applyTo(AnalysisTask.java:39)
	at ghidra.app.plugin.core.analysis.AutoAnalysisManager$AnalysisTaskWrapper.run(AutoAnalysisManager.java:686)
	at ghidra.app.plugin.core.analysis.AutoAnalysisManager.startAnalysis(AutoAnalysisManager.java:786)
	at ghidra.app.plugin.core.analysis.AutoAnalysisManager.startAnalysis(AutoAnalysisManager.java:665)
	at ghidra.app.plugin.core.analysis.AutoAnalysisManager.startAnalysis(AutoAnalysisManager.java:630)
	at ghidra.app.util.headless.HeadlessAnalyzer.analyzeProgram(HeadlessAnalyzer.java:1029)
	at ghidra.app.util.headless.HeadlessAnalyzer.processFileWithImport(HeadlessAnalyzer.java:1552)
	at ghidra.app.util.headless.HeadlessAnalyzer.processWithLoader(HeadlessAnalyzer.java:1734)
	at ghidra.app.util.headless.HeadlessAnalyzer.processWithImport(HeadlessAnalyzer.java:1675)
	at ghidra.app.util.headless.HeadlessAnalyzer.processWithImport(HeadlessAnalyzer.java:1759)
	at ghidra.app.util.headless.HeadlessAnalyzer.processLocal(HeadlessAnalyzer.java:460)
	at ghidra.app.util.headless.AnalyzeHeadless.launch(AnalyzeHeadless.java:127)
	at ghidra.GhidraLauncher.launch(GhidraLauncher.java:78)
	at ghidra.Ghidra.main(Ghidra.java:54)
 
2025-09-05 03:04:08 INFO  (PackedDatabaseCache) Packed database cache: /var/folders/kn/fw_2jn054bq5f73czrm_91nc0000gn/T/chenkexin-Ghidra/packed-db-cache  
2025-09-05 03:04:08 DEBUG (PackedDatabaseCache) Using cached packed database: /Applications/ghidra_11.0.3_PUBLIC/Ghidra/Features/Base/data/typeinfo/generic/generic_clib_64.gdt  
2025-09-05 03:04:09 INFO  (ApplyDataArchiveAnalyzer) Applied data type archive: generic_clib_64  
2025-09-05 03:04:10 WARN  (DemangledAddressTable) Unable to fully apply external demangled Address Table at 001210e8: std::exception::typeinfo  
2025-09-05 03:04:10 WARN  (DemangledAddressTable) Unable to fully apply external demangled Address Table at 00121168: std::exception::vtable  
2025-09-05 03:04:10 WARN  (DemangledAddressTable) Unable to fully apply external demangled Address Table at 00121180: __cxxabiv1::__si_class_type_info::vtable  
2025-09-05 03:04:12 INFO  (AutoAnalysisManager) -----------------------------------------------------
    AARCH64 ELF PLT Thunks                     0.163 secs
    ASCII Strings                              0.251 secs
    Apply Data Archives                        1.450 secs
    Basic Constant Reference Analyzer          0.945 secs
    Call Convention ID                         0.865 secs
    Call-Fixup Installer                       0.033 secs
    Create Address Tables                      0.043 secs
    Create Address Tables - One Time           0.012 secs
    Create Function                            0.000 secs
    DWARF                                      0.049 secs
    Data Reference                             0.067 secs
    Decompiler Switch Analysis                 0.163 secs
    Demangler GNU                              0.804 secs
    Disassemble Entry Points                   0.180 secs
    Embedded Media                             0.024 secs
    External Entry References                  0.002 secs
    Function Start Search                      0.073 secs
    Function Start Search After Code           0.046 secs
    Function Start Search After Data           0.007 secs
    Function Start Search delayed - One Time   0.014 secs
    GCC Exception Handlers                     1.310 secs
    Non-Returning Functions - Discovered       0.063 secs
    Non-Returning Functions - Known            0.022 secs
    Reference                                  0.168 secs
    Shared Return Calls                        0.051 secs
    Stack                                      0.797 secs
    Subroutine References                      0.079 secs
-----------------------------------------------------
     Total Time   7 secs
-----------------------------------------------------
  
2025-09-05 03:04:12 INFO  (HeadlessAnalyzer) REPORT: Analysis succeeded for file: file:///Users/chenkexin/Desktop/kk/test_taint/assets/clang_bin/gender_googlenet_onnxruntime  
2025-09-05 03:04:12 INFO  (HeadlessAnalyzer) SCRIPT: /Users/chenkexin/Desktop/kk/test_taint/onnxruntime_analyzer.py  
2025-09-05 03:04:17 INFO  (GhidraScript) onnxruntime_analyzer.py> INFO: Searching for functions, thunks, and call sites related to keywords: ['GetTensorData']  
2025-09-05 03:04:17 INFO  (GhidraScript) onnxruntime_analyzer.py> WARN: No external function found with keywords '['GetTensorData']'. Trying all functions...  
2025-09-05 03:04:17 INFO  (GhidraScript) onnxruntime_analyzer.py> INFO: Found function 'GetTensorData<float>'. Searching for its thunks.  
2025-09-05 03:04:17 INFO  (GhidraScript) onnxruntime_analyzer.py> INFO: Found 1 unique call sites. Analyzing each...  
2025-09-05 03:04:17 INFO  (GhidraScript) onnxruntime_analyzer.py> 
--- Starting Stage 1 Taint Analysis from '['GetTensorData']' call sites ---  
2025-09-05 03:04:17 INFO  (GhidraScript) onnxruntime_analyzer.py> 
--- Analyzing Call Site #1058564 at 00102704 ---  
2025-09-05 03:04:17 INFO  (GhidraScript) onnxruntime_analyzer.py> DEBUG: Parent (caller): main at 00101d98  
2025-09-05 03:04:17 INFO  (GhidraScript) onnxruntime_analyzer.py> 
--- Initiating Taint Analysis for: main (call at 00102704) ---  
2025-09-05 03:04:17 INFO  (GhidraScript) onnxruntime_analyzer.py> DEBUG: Taint source is the return value of the call: local_438(StackDirect[Stack[-0x438]])  
2025-09-05 03:04:17 INFO  (GhidraScript) onnxruntime_analyzer.py> \n>>> Analyzing function: main (Depth: 0) at 00101d98 (Originating from: ['GetTensorData']) with initial taints: local_438(StackDirect[Stack[-0x438]])  
2025-09-05 03:04:17 INFO  (GhidraScript) onnxruntime_analyzer.py>   - [STACK_SEARCH.0] Analyzing varnode: (stack, 0xfffffffffffffbc8, 8)  
2025-09-05 03:04:17 INFO  (GhidraScript) onnxruntime_analyzer.py>   - [STACK_SEARCH.0] Details: isAddress=0, addr=Stack[-0x438], isStackAddress=1  
2025-09-05 03:04:17 INFO  (GhidraScript) onnxruntime_analyzer.py>   - [STACK_SEARCH.0] SUCCESS (Direct): Varnode is a direct stack address with offset -0x438.  
2025-09-05 03:04:17 INFO  (GhidraScript) onnxruntime_analyzer.py> DEBUG: [STACK_RULE] Proactively tainted stack offset -0x438 from initial HighVar: local_438(StackDirect[Stack[-0x438]])  
2025-09-05 03:04:17 INFO  (GhidraScript) onnxruntime_analyzer.py> DEBUG: [STACK_TAINTS] Initial tainted stack offsets for this function: ['-0x438L']  
2025-09-05 03:04:17 INFO  (GhidraScript) onnxruntime_analyzer.py> \nDEBUG: Reached specified start PcodeOp (register, 0x4000, 8) CALL (ram, 0x103454, 8) at 00102704 in main, subsequent ops will be processed.  
2025-09-05 03:04:17 INFO  (GhidraScript) onnxruntime_analyzer.py> DEBUG: [LOAD_HANDLER] Checking LOAD op at 00102754. Address varnode: (register, 0x4000, 8)  
2025-09-05 03:04:17 INFO  (GhidraScript) onnxruntime_analyzer.py>   - [STACK_SEARCH.0] Analyzing varnode: (register, 0x4000, 8)  
2025-09-05 03:04:17 INFO  (GhidraScript) onnxruntime_analyzer.py>   - [STACK_SEARCH.0] Details: isAddress=0, addr=register:00004000, isStackAddress=0  
2025-09-05 03:04:17 INFO  (GhidraScript) onnxruntime_analyzer.py>   - [STACK_SEARCH.0] Def P-Code Op: (register, 0x4000, 8) CAST (unique, 0x10000ca9, 8)  
2025-09-05 03:04:17 INFO  (GhidraScript) onnxruntime_analyzer.py>   - [STACK_SEARCH.0] Recursing through CAST...  
2025-09-05 03:04:17 INFO  (GhidraScript) onnxruntime_analyzer.py>   - [STACK_SEARCH.1] Analyzing varnode: (unique, 0x10000ca9, 8)  
2025-09-05 03:04:17 INFO  (GhidraScript) onnxruntime_analyzer.py>   - [STACK_SEARCH.1] Details: isAddress=0, addr=unique:10000ca9, isStackAddress=0  
2025-09-05 03:04:17 INFO  (GhidraScript) onnxruntime_analyzer.py>   - [STACK_SEARCH.1] Def P-Code Op: (unique, 0x10000ca9, 8) CALL (ram, 0x10364c, 8) , (unique, 0x11f80, 8) , (const, 0x1, 8)  
2025-09-05 03:04:17 INFO  (GhidraScript) onnxruntime_analyzer.py>   - [STACK_SEARCH.1] Mnemonic 'CALL' is not a handled case. Aborting path.  
2025-09-05 03:04:17 INFO  (GhidraScript) onnxruntime_analyzer.py> DEBUG: [LOAD_HANDLER] POINTER_RULE FAIL: Address varnode plVar7(x0) is not tainted (recursive check).  
2025-09-05 03:04:17 INFO  (GhidraScript) onnxruntime_analyzer.py> DEBUG: [LOAD_HANDLER] REGION_RULE FAIL: Address pointer plVar7(x0) is not in the tainted memory regions set.  
2025-09-05 03:04:17 INFO  (GhidraScript) onnxruntime_analyzer.py> DEBUG: [main @ 00102768] Taint propagated from local_438(StackDirect[Stack[-0x438]]) to UNNAMED(UniquePcode[0x12480]) via PTRADD.  
2025-09-05 03:04:17 INFO  (GhidraScript) onnxruntime_analyzer.py> \n>>> Analyzing function: max_element<float_const*> (Depth: 1) at 00103670 (Originating from: ['GetTensorData']) with initial taints: param_2(x1), param_1(x0)  
2025-09-05 03:04:17 INFO  (GhidraScript) onnxruntime_analyzer.py>   - [STACK_SEARCH.0] Analyzing varnode: (register, 0x4008, 8)  
2025-09-05 03:04:17 INFO  (GhidraScript) onnxruntime_analyzer.py>   - [STACK_SEARCH.0] Details: isAddress=0, addr=register:00004008, isStackAddress=0  
2025-09-05 03:04:17 INFO  (GhidraScript) onnxruntime_analyzer.py>   - [STACK_SEARCH.0] No defining p-code op found. Aborting path.  
2025-09-05 03:04:17 INFO  (GhidraScript) onnxruntime_analyzer.py>   - [STACK_SEARCH.0] Analyzing varnode: (register, 0x4000, 8)  
2025-09-05 03:04:17 INFO  (GhidraScript) onnxruntime_analyzer.py>   - [STACK_SEARCH.0] Details: isAddress=0, addr=register:00004000, isStackAddress=0  
2025-09-05 03:04:17 INFO  (GhidraScript) onnxruntime_analyzer.py>   - [STACK_SEARCH.0] No defining p-code op found. Aborting path.  
2025-09-05 03:04:17 INFO  (GhidraScript) onnxruntime_analyzer.py> DEBUG: Starting taint analysis from the beginning of function max_element<float_const*>.  
2025-09-05 03:04:17 INFO  (GhidraScript) onnxruntime_analyzer.py> \n>>> Analyzing function: __max_element<float_const*,__gnu_cxx::__ops::_Iter_less_iter> (Depth: 2) at 0010421c (Originating from: ['GetTensorData']) with initial taints: param_2(x1), param_1(x0)  
2025-09-05 03:04:17 INFO  (GhidraScript) onnxruntime_analyzer.py>   - [STACK_SEARCH.0] Analyzing varnode: (register, 0x4008, 8)  
2025-09-05 03:04:17 INFO  (GhidraScript) onnxruntime_analyzer.py>   - [STACK_SEARCH.0] Details: isAddress=0, addr=register:00004008, isStackAddress=0  
2025-09-05 03:04:17 INFO  (GhidraScript) onnxruntime_analyzer.py>   - [STACK_SEARCH.0] No defining p-code op found. Aborting path.  
2025-09-05 03:04:17 INFO  (GhidraScript) onnxruntime_analyzer.py>   - [STACK_SEARCH.0] Analyzing varnode: (register, 0x4000, 8)  
2025-09-05 03:04:17 INFO  (GhidraScript) onnxruntime_analyzer.py>   - [STACK_SEARCH.0] Details: isAddress=0, addr=register:00004000, isStackAddress=0  
2025-09-05 03:04:17 INFO  (GhidraScript) onnxruntime_analyzer.py>   - [STACK_SEARCH.0] No defining p-code op found. Aborting path.  
2025-09-05 03:04:17 INFO  (GhidraScript) onnxruntime_analyzer.py> DEBUG: Starting taint analysis from the beginning of function __max_element<float_const*,__gnu_cxx::__ops::_Iter_less_iter>.  
2025-09-05 03:04:17 INFO  (GhidraScript) onnxruntime_analyzer.py> DEBUG: [__max_element<float_const*,__gnu_cxx::__ops::_Iter_less_iter> @ 0010423c] Taint propagated from param_1(x0) to UNNAMED(tmpZR) via INT_NOTEQUAL.  
2025-09-05 03:04:17 INFO  (GhidraScript) onnxruntime_analyzer.py> INFO: [__max_element<float_const*,__gnu_cxx::__ops::_Iter_less_iter> @ 0010423c] Taint reached COMPARISON op (INT_NOTEQUAL). Operands: ['param_1(x0)', 'param_2(x1)'].  
2025-09-05 03:04:17 INFO  (GhidraScript) onnxruntime_analyzer.py> DEBUG: [CBRANCH] Found defining op for condition: (register, 0x108, 1) INT_NOTEQUAL (register, 0x4000, 8) , (register, 0x4008, 8)  
2025-09-05 03:04:17 INFO  (GhidraScript) onnxruntime_analyzer.py> INFO: [__max_element<float_const*,__gnu_cxx::__ops::_Iter_less_iter> @ 00104240] Taint reached CBRANCH. Operands: ['param_1(x0)', 'param_2(x1)'].   
2025-09-05 03:04:17 INFO  (GhidraScript) onnxruntime_analyzer.py> DEBUG: [__max_element<float_const*,__gnu_cxx::__ops::_Iter_less_iter> @ 00104240] Taint propagated from param_1(x0) to UNNAMED(UniquePcode[0x1000003b]) via COPY.  
2025-09-05 03:04:17 INFO  (GhidraScript) onnxruntime_analyzer.py> DEBUG: [__max_element<float_const*,__gnu_cxx::__ops::_Iter_less_iter> @ 00104240] Taint propagated from UNNAMED(UniquePcode[0x1000003b]) to local_38(StackDirect[Stack[-0x38]]) via COPY.  
2025-09-05 03:04:17 INFO  (GhidraScript) onnxruntime_analyzer.py> DEBUG: [__max_element<float_const*,__gnu_cxx::__ops::_Iter_less_iter> @ 00104240] Taint propagated from param_1(x0) to local_28(StackDirect[Stack[-0x28]]) via COPY.  
2025-09-05 03:04:17 INFO  (GhidraScript) onnxruntime_analyzer.py> DEBUG: [__max_element<float_const*,__gnu_cxx::__ops::_Iter_less_iter> @ 00104240] Taint propagated from param_1(x0) to local_18(StackDirect[Stack[-0x18]]) via COPY.  
2025-09-05 03:04:17 INFO  (GhidraScript) onnxruntime_analyzer.py> DEBUG: [__max_element<float_const*,__gnu_cxx::__ops::_Iter_less_iter> @ 00104274] Taint propagated from local_28(StackDirect[Stack[-0x28]]) to UNNAMED(tmpZR) via INT_NOTEQUAL.  
2025-09-05 03:04:17 INFO  (GhidraScript) onnxruntime_analyzer.py> INFO: [__max_element<float_const*,__gnu_cxx::__ops::_Iter_less_iter> @ 00104274] Taint reached COMPARISON op (INT_NOTEQUAL). Operands: ['local_28(StackDirect[Stack[-0x28]])', 'param_2(x1)'].  
2025-09-05 03:04:17 INFO  (GhidraScript) onnxruntime_analyzer.py> DEBUG: [CBRANCH] Found defining op for condition: (register, 0x108, 1) INT_NOTEQUAL (unique, 0x11f80, 8) , (register, 0x4008, 8)  
2025-09-05 03:04:17 INFO  (GhidraScript) onnxruntime_analyzer.py> INFO: [__max_element<float_const*,__gnu_cxx::__ops::_Iter_less_iter> @ 00104278] Taint reached CBRANCH. Operands: ['local_28(StackDirect[Stack[-0x28]])', 'param_2(x1)'].   
2025-09-05 03:04:17 INFO  (GhidraScript) onnxruntime_analyzer.py> DEBUG: [OUT-DEGREE] Tainting memory region of UNNAMED(x0) due to call with other tainted args.  
2025-09-05 03:04:17 INFO  (GhidraScript) onnxruntime_analyzer.py> \n>>> Analyzing function: operator() (Depth: 3) at 001042c8 (Originating from: ['GetTensorData']) with initial taints: param_2(x2), param_1(x1)  
2025-09-05 03:04:17 INFO  (GhidraScript) onnxruntime_analyzer.py>   - [STACK_SEARCH.0] Analyzing varnode: (register, 0x4010, 8)  
2025-09-05 03:04:17 INFO  (GhidraScript) onnxruntime_analyzer.py>   - [STACK_SEARCH.0] Details: isAddress=0, addr=register:00004010, isStackAddress=0  
2025-09-05 03:04:17 INFO  (GhidraScript) onnxruntime_analyzer.py>   - [STACK_SEARCH.0] No defining p-code op found. Aborting path.  
2025-09-05 03:04:17 INFO  (GhidraScript) onnxruntime_analyzer.py>   - [STACK_SEARCH.0] Analyzing varnode: (register, 0x4008, 8)  
2025-09-05 03:04:17 INFO  (GhidraScript) onnxruntime_analyzer.py>   - [STACK_SEARCH.0] Details: isAddress=0, addr=register:00004008, isStackAddress=0  
2025-09-05 03:04:17 INFO  (GhidraScript) onnxruntime_analyzer.py>   - [STACK_SEARCH.0] No defining p-code op found. Aborting path.  
2025-09-05 03:04:17 INFO  (GhidraScript) onnxruntime_analyzer.py> DEBUG: Starting taint analysis from the beginning of function operator().  
2025-09-05 03:04:17 INFO  (GhidraScript) onnxruntime_analyzer.py> DEBUG: [LOAD_HANDLER] Checking LOAD op at 001042dc. Address varnode: (register, 0x4008, 8)  
2025-09-05 03:04:17 INFO  (GhidraScript) onnxruntime_analyzer.py> DEBUG: [LOAD_HANDLER] POINTER_RULE SUCCESS: Tainting output due to load from tainted address pointer (recursive check).  
2025-09-05 03:04:17 INFO  (GhidraScript) onnxruntime_analyzer.py> DEBUG: [operator() @ 001042dc] Taint propagated from Tainted Address Pointer (param_1(x1)) to UNNAMED(s0) via LOAD.  
2025-09-05 03:04:17 INFO  (GhidraScript) onnxruntime_analyzer.py> DEBUG: [LOAD_HANDLER] Checking LOAD op at 001042e4. Address varnode: (register, 0x4010, 8)  
2025-09-05 03:04:17 INFO  (GhidraScript) onnxruntime_analyzer.py> DEBUG: [LOAD_HANDLER] POINTER_RULE SUCCESS: Tainting output due to load from tainted address pointer (recursive check).  
2025-09-05 03:04:17 INFO  (GhidraScript) onnxruntime_analyzer.py> DEBUG: [operator() @ 001042e4] Taint propagated from Tainted Address Pointer (param_2(x2)) to UNNAMED(s1) via LOAD.  
2025-09-05 03:04:17 INFO  (GhidraScript) onnxruntime_analyzer.py> DEBUG: [operator() @ 001042e8] Taint propagated from UNNAMED(s0) to UNNAMED(NG) via FLOAT_LESS.  
2025-09-05 03:04:17 INFO  (GhidraScript) onnxruntime_analyzer.py> INFO: [operator() @ 001042e8] Taint reached COMPARISON op (FLOAT_LESS). Operands: ['UNNAMED(s0)', 'UNNAMED(s1)'].  
2025-09-05 03:04:17 INFO  (GhidraScript) onnxruntime_analyzer.py> DEBUG: [operator() @ 001042f4] Analyzing potential tainted RETURN with value: UNNAMED(w0) (Tainted: 1)  
2025-09-05 03:04:17 INFO  (GhidraScript) onnxruntime_analyzer.py> 
==================== TAINTED RETURN DETECTED ====================  
2025-09-05 03:04:17 INFO  (GhidraScript) onnxruntime_analyzer.py>   - Taint Origin:    ['GetTensorData']  
2025-09-05 03:04:17 INFO  (GhidraScript) onnxruntime_analyzer.py>   - Function:        bool __thiscall operator()(float * param_1, float * param_2) (Depth: 3)  
2025-09-05 03:04:17 INFO  (GhidraScript) onnxruntime_analyzer.py>   - Return Address:  001042f4  
2025-09-05 03:04:17 INFO  (GhidraScript) onnxruntime_analyzer.py>   - Instruction:     ret  
2025-09-05 03:04:17 INFO  (GhidraScript) onnxruntime_analyzer.py>   - Tainted Value:   UNNAMED(w0)  
2025-09-05 03:04:17 INFO  (GhidraScript) onnxruntime_analyzer.py>   - Value defined by:  (register, 0x4000, 1) COPY (register, 0x100, 1) at 001042f4  
2025-09-05 03:04:17 INFO  (GhidraScript) onnxruntime_analyzer.py> ================================================================
  
2025-09-05 03:04:17 INFO  (GhidraScript) onnxruntime_analyzer.py> INFO: [MULTI-STAGE] Tainted return from 'operator()'. Finding call sites to continue analysis.  
2025-09-05 03:04:17 INFO  (GhidraScript) onnxruntime_analyzer.py> INFO: [MULTI-STAGE] Queued new task to analyze caller '__max_element<float_const*,__gnu_cxx::__ops::_Iter_less_iter>' starting from tainted return.  
2025-09-05 03:04:17 INFO  (GhidraScript) onnxruntime_analyzer.py> DEBUG: [operator() @ 001042f4] Taint propagated from UNNAMED(NG) to UNNAMED(w0) via COPY.  
2025-09-05 03:04:17 INFO  (GhidraScript) onnxruntime_analyzer.py> <<< Finished analyzing function: operator().  
2025-09-05 03:04:17 INFO  (GhidraScript) onnxruntime_analyzer.py> INFO: [__max_element<float_const*,__gnu_cxx::__ops::_Iter_less_iter> @ 00104290] Taint reached CBRANCH. Operands: [].   
2025-09-05 03:04:17 INFO  (GhidraScript) onnxruntime_analyzer.py> DEBUG: [__max_element<float_const*,__gnu_cxx::__ops::_Iter_less_iter> @ 001042b4] Taint propagated from local_18(StackDirect[Stack[-0x18]]) to UNNAMED(x0) via COPY.  
2025-09-05 03:04:17 INFO  (GhidraScript) onnxruntime_analyzer.py> DEBUG: [__max_element<float_const*,__gnu_cxx::__ops::_Iter_less_iter> @ 001042c0] Analyzing potential tainted RETURN with value: UNNAMED(x0) (Tainted: 1)  
2025-09-05 03:04:17 INFO  (GhidraScript) onnxruntime_analyzer.py> 
==================== TAINTED RETURN DETECTED ====================  
2025-09-05 03:04:17 INFO  (GhidraScript) onnxruntime_analyzer.py>   - Taint Origin:    ['GetTensorData']  
2025-09-05 03:04:17 INFO  (GhidraScript) onnxruntime_analyzer.py>   - Function:        float * __max_element<float_const*,__gnu_cxx::__ops::_Iter_less_iter>(float * param_1, float * param_2, _Iter_less_iter param_3) (Depth: 2)  
2025-09-05 03:04:17 INFO  (GhidraScript) onnxruntime_analyzer.py>   - Return Address:  001042c0  
2025-09-05 03:04:17 INFO  (GhidraScript) onnxruntime_analyzer.py>   - Instruction:     ret  
2025-09-05 03:04:17 INFO  (GhidraScript) onnxruntime_analyzer.py>   - Tainted Value:   UNNAMED(x0)  
2025-09-05 03:04:17 INFO  (GhidraScript) onnxruntime_analyzer.py>   - Value defined by:  (register, 0x4000, 8) COPY (stack, 0xffffffffffffffe8, 8) at 001042b4  
2025-09-05 03:04:17 INFO  (GhidraScript) onnxruntime_analyzer.py> ================================================================
  
2025-09-05 03:04:17 INFO  (GhidraScript) onnxruntime_analyzer.py> INFO: [MULTI-STAGE] Tainted return from '__max_element<float_const*,__gnu_cxx::__ops::_Iter_less_iter>'. Finding call sites to continue analysis.  
2025-09-05 03:04:17 INFO  (GhidraScript) onnxruntime_analyzer.py> INFO: [MULTI-STAGE] Queued new task to analyze caller 'max_element<float_const*>' starting from tainted return.  
2025-09-05 03:04:17 INFO  (GhidraScript) onnxruntime_analyzer.py> <<< Finished analyzing function: __max_element<float_const*,__gnu_cxx::__ops::_Iter_less_iter>.  
2025-09-05 03:04:17 INFO  (GhidraScript) onnxruntime_analyzer.py> DEBUG: [max_element<float_const*> @ 001036b0] Analyzing potential tainted RETURN with value: pfVar1(x0) (Tainted: 0)  
2025-09-05 03:04:17 INFO  (GhidraScript) onnxruntime_analyzer.py>     [DEBUG] --- Taint Check Details (RETURN FAILED) ---  
2025-09-05 03:04:17 INFO  (GhidraScript) onnxruntime_analyzer.py>     [DEBUG]   > Return Varnode: (register, 0x4000, 8) (Size: 8, Def: (register, 0x4000, 8) CALL (ram, 0x10421c, 8) , (register, 0x4000, 8) , (register, 0x4008, 8) , (register, 0x4010, 4) at 001036a4)  
2025-09-05 03:04:17 INFO  (GhidraScript) onnxruntime_analyzer.py>     [DEBUG]   > Currently Tainted HighVariables in this function:  
2025-09-05 03:04:17 INFO  (GhidraScript) onnxruntime_analyzer.py>     [DEBUG]     1. param_1(x0)  
2025-09-05 03:04:17 INFO  (GhidraScript) onnxruntime_analyzer.py>     [DEBUG]     2. param_2(x1)  
2025-09-05 03:04:17 INFO  (GhidraScript) onnxruntime_analyzer.py>     [DEBUG] ---------------------------------  
2025-09-05 03:04:17 INFO  (GhidraScript) onnxruntime_analyzer.py> <<< Finished analyzing function: max_element<float_const*>.  
2025-09-05 03:04:17 INFO  (GhidraScript) onnxruntime_analyzer.py> DEBUG: [main @ 0010278c] Taint propagated from local_438(StackDirect[Stack[-0x438]]) to local_78(StackDirect[Stack[-0x78]]) via COPY.  
2025-09-05 03:04:17 INFO  (GhidraScript) onnxruntime_analyzer.py> DEBUG: [main @ 001027a8] Taint propagated from local_438(StackDirect[Stack[-0x438]]) to local_68(StackDirect[Stack[-0x68]]) via COPY.  
2025-09-05 03:04:17 INFO  (GhidraScript) onnxruntime_analyzer.py> DEBUG: [main @ 001027b8] Taint propagated from local_438(StackDirect[Stack[-0x438]]) to UNNAMED(UniquePcode[0x10000cb9]) via CAST.  
2025-09-05 03:04:18 INFO  (GhidraScript) onnxruntime_analyzer.py> DEBUG: [CBRANCH] Found defining op for condition: (register, 0x108, 1) INT_EQUAL (unique, 0x3db80, 4) , (const, 0x0, 4)  
2025-09-05 03:04:18 INFO  (GhidraScript) onnxruntime_analyzer.py> INFO: [main @ 001027e4] Taint reached CBRANCH. Operands: ['uVar1(w0)', 'UnnamedHighVar(Constant: 0x0)'].   
2025-09-05 03:04:18 INFO  (GhidraScript) onnxruntime_analyzer.py> DEBUG: [main @ 00102a00] Analyzing potential tainted RETURN with value: UNNAMED(w0) (Tainted: 0)  
2025-09-05 03:04:18 INFO  (GhidraScript) onnxruntime_analyzer.py>     [DEBUG] --- Taint Check Details (RETURN FAILED) ---  
2025-09-05 03:04:18 INFO  (GhidraScript) onnxruntime_analyzer.py>     [DEBUG]   > Return Varnode: (register, 0x4000, 4) (Size: 4, Def: (register, 0x4000, 4) COPY (stack, 0xfffffffffffffee4, 4) at 001029f0)  
2025-09-05 03:04:18 INFO  (GhidraScript) onnxruntime_analyzer.py>     [DEBUG]   > Currently Tainted HighVariables in this function:  
2025-09-05 03:04:18 INFO  (GhidraScript) onnxruntime_analyzer.py>     [DEBUG]     1. UNNAMED(UniquePcode[0x10000cb9])  
2025-09-05 03:04:18 INFO  (GhidraScript) onnxruntime_analyzer.py>     [DEBUG]     2. UNNAMED(UniquePcode[0x12480])  
2025-09-05 03:04:18 INFO  (GhidraScript) onnxruntime_analyzer.py>     [DEBUG]     3. local_438(StackDirect[Stack[-0x438]])  
2025-09-05 03:04:18 INFO  (GhidraScript) onnxruntime_analyzer.py>     [DEBUG]     4. local_68(StackDirect[Stack[-0x68]])  
2025-09-05 03:04:18 INFO  (GhidraScript) onnxruntime_analyzer.py>     [DEBUG]     5. local_78(StackDirect[Stack[-0x78]])  
2025-09-05 03:04:18 INFO  (GhidraScript) onnxruntime_analyzer.py>     [DEBUG] ---------------------------------  
2025-09-05 03:04:18 INFO  (GhidraScript) onnxruntime_analyzer.py> <<< Finished analyzing function: main.  
2025-09-05 03:04:18 INFO  (GhidraScript) onnxruntime_analyzer.py> 
--- Stage 1 Complete. Checking for pending multi-stage analysis tasks... ---  
2025-09-05 03:04:18 INFO  (GhidraScript) onnxruntime_analyzer.py> 
--- Initiating Stage 2 Analysis Task #1 (from rule: tainted_return_from_operator()) ---  
2025-09-05 03:04:18 INFO  (GhidraScript) onnxruntime_analyzer.py> \n>>> Analyzing function: __max_element<float_const*,__gnu_cxx::__ops::_Iter_less_iter> (Depth: 0) at 0010421c (Originating from: tainted_return_from_operator()) with initial taints: bVar1(w0)  
2025-09-05 03:04:18 INFO  (GhidraScript) onnxruntime_analyzer.py>   - [STACK_SEARCH.0] Analyzing varnode: (register, 0x4000, 1)  
2025-09-05 03:04:18 INFO  (GhidraScript) onnxruntime_analyzer.py>   - [STACK_SEARCH.0] Details: isAddress=0, addr=register:00004000, isStackAddress=0  
2025-09-05 03:04:18 INFO  (GhidraScript) onnxruntime_analyzer.py>   - [STACK_SEARCH.0] Def P-Code Op: (register, 0x4000, 1) CALL (ram, 0x1042c8, 8) , (register, 0x4000, 8) , (stack, 0xffffffffffffffc8, 8) , (unique, 0x11f80, 8)  
2025-09-05 03:04:18 INFO  (GhidraScript) onnxruntime_analyzer.py>   - [STACK_SEARCH.0] Mnemonic 'CALL' is not a handled case. Aborting path.  
2025-09-05 03:04:18 INFO  (GhidraScript) onnxruntime_analyzer.py> \nDEBUG: Reached specified start PcodeOp (register, 0x4000, 1) CALL (ram, 0x1042c8, 8) , (register, 0x4000, 8) , (stack, 0xffffffffffffffc8, 8) , (unique, 0x11f80, 8) at 0010428c in __max_element<float_const*,__gnu_cxx::__ops::_Iter_less_iter>, subsequent ops will be processed.  
2025-09-05 03:04:18 INFO  (GhidraScript) onnxruntime_analyzer.py> INFO: [__max_element<float_const*,__gnu_cxx::__ops::_Iter_less_iter> @ 00104290] Taint reached CBRANCH. Operands: [].   
2025-09-05 03:04:18 INFO  (GhidraScript) onnxruntime_analyzer.py> DEBUG: [__max_element<float_const*,__gnu_cxx::__ops::_Iter_less_iter> @ 001042c0] Analyzing potential tainted RETURN with value: UNNAMED(x0) (Tainted: 0)  
2025-09-05 03:04:18 INFO  (GhidraScript) onnxruntime_analyzer.py>     [DEBUG] --- Taint Check Details (RETURN FAILED) ---  
2025-09-05 03:04:18 INFO  (GhidraScript) onnxruntime_analyzer.py>     [DEBUG]   > Return Varnode: (register, 0x4000, 8) (Size: 8, Def: (register, 0x4000, 8) COPY (stack, 0xffffffffffffffe8, 8) at 001042b4)  
2025-09-05 03:04:18 INFO  (GhidraScript) onnxruntime_analyzer.py>     [DEBUG]   > Currently Tainted HighVariables in this function:  
2025-09-05 03:04:18 INFO  (GhidraScript) onnxruntime_analyzer.py>     [DEBUG]     1. bVar1(w0)  
2025-09-05 03:04:18 INFO  (GhidraScript) onnxruntime_analyzer.py>     [DEBUG] ---------------------------------  
2025-09-05 03:04:18 INFO  (GhidraScript) onnxruntime_analyzer.py> <<< Finished analyzing function: __max_element<float_const*,__gnu_cxx::__ops::_Iter_less_iter>.  
2025-09-05 03:04:18 INFO  (GhidraScript) onnxruntime_analyzer.py> 
--- Initiating Stage 2 Analysis Task #2 (from rule: tainted_return_from___max_element<float_const*,__gnu_cxx::__ops::_Iter_less_iter>) ---  
2025-09-05 03:04:18 INFO  (GhidraScript) onnxruntime_analyzer.py> \n>>> Analyzing function: max_element<float_const*> (Depth: 0) at 00103670 (Originating from: tainted_return_from___max_element<float_const*,__gnu_cxx::__ops::_Iter_less_iter>) with initial taints: pfVar1(x0)  
2025-09-05 03:04:18 INFO  (GhidraScript) onnxruntime_analyzer.py>   - [STACK_SEARCH.0] Analyzing varnode: (register, 0x4000, 8)  
2025-09-05 03:04:18 INFO  (GhidraScript) onnxruntime_analyzer.py>   - [STACK_SEARCH.0] Details: isAddress=0, addr=register:00004000, isStackAddress=0  
2025-09-05 03:04:18 INFO  (GhidraScript) onnxruntime_analyzer.py>   - [STACK_SEARCH.0] Def P-Code Op: (register, 0x4000, 8) CALL (ram, 0x10421c, 8) , (register, 0x4000, 8) , (register, 0x4008, 8) , (register, 0x4010, 4)  
2025-09-05 03:04:18 INFO  (GhidraScript) onnxruntime_analyzer.py>   - [STACK_SEARCH.0] Mnemonic 'CALL' is not a handled case. Aborting path.  
2025-09-05 03:04:18 INFO  (GhidraScript) onnxruntime_analyzer.py> \nDEBUG: Reached specified start PcodeOp (register, 0x4000, 8) CALL (ram, 0x10421c, 8) , (register, 0x4000, 8) , (register, 0x4008, 8) , (register, 0x4010, 4) at 001036a4 in max_element<float_const*>, subsequent ops will be processed.  
2025-09-05 03:04:18 INFO  (GhidraScript) onnxruntime_analyzer.py> DEBUG: [max_element<float_const*> @ 001036b0] Analyzing potential tainted RETURN with value: pfVar1(x0) (Tainted: 1)  
2025-09-05 03:04:18 INFO  (GhidraScript) onnxruntime_analyzer.py> 
==================== TAINTED RETURN DETECTED ====================  
2025-09-05 03:04:18 INFO  (GhidraScript) onnxruntime_analyzer.py>   - Taint Origin:    tainted_return_from___max_element<float_const*,__gnu_cxx::__ops::_Iter_less_iter>  
2025-09-05 03:04:18 INFO  (GhidraScript) onnxruntime_analyzer.py>   - Function:        float * max_element<float_const*>(float * param_1, float * param_2) (Depth: 0)  
2025-09-05 03:04:18 INFO  (GhidraScript) onnxruntime_analyzer.py>   - Return Address:  001036b0  
2025-09-05 03:04:18 INFO  (GhidraScript) onnxruntime_analyzer.py>   - Instruction:     ret  
2025-09-05 03:04:18 INFO  (GhidraScript) onnxruntime_analyzer.py>   - Tainted Value:   pfVar1(x0)  
2025-09-05 03:04:18 INFO  (GhidraScript) onnxruntime_analyzer.py>   - Value defined by:  (register, 0x4000, 8) CALL (ram, 0x10421c, 8) , (register, 0x4000, 8) , (register, 0x4008, 8) , (register, 0x4010, 4) at 001036a4  
2025-09-05 03:04:18 INFO  (GhidraScript) onnxruntime_analyzer.py> ================================================================
  
2025-09-05 03:04:18 INFO  (GhidraScript) onnxruntime_analyzer.py> INFO: [MULTI-STAGE] Tainted return from 'max_element<float_const*>'. Finding call sites to continue analysis.  
2025-09-05 03:04:18 INFO  (GhidraScript) onnxruntime_analyzer.py> INFO: [MULTI-STAGE] Queued new task to analyze caller 'main' starting from tainted return.  
2025-09-05 03:04:18 INFO  (GhidraScript) onnxruntime_analyzer.py> <<< Finished analyzing function: max_element<float_const*>.  
2025-09-05 03:04:18 INFO  (GhidraScript) onnxruntime_analyzer.py> 
--- Initiating Stage 2 Analysis Task #3 (from rule: tainted_return_from_max_element<float_const*>) ---  
2025-09-05 03:04:18 INFO  (GhidraScript) onnxruntime_analyzer.py> \n>>> Analyzing function: main (Depth: 0) at 00101d98 (Originating from: tainted_return_from_max_element<float_const*>) with initial taints: local_80(StackDirect[Stack[-0x80]])  
2025-09-05 03:04:18 INFO  (GhidraScript) onnxruntime_analyzer.py>   - [STACK_SEARCH.0] Analyzing varnode: (stack, 0xffffffffffffff80, 8)  
2025-09-05 03:04:18 INFO  (GhidraScript) onnxruntime_analyzer.py>   - [STACK_SEARCH.0] Details: isAddress=0, addr=Stack[-0x80], isStackAddress=1  
2025-09-05 03:04:18 INFO  (GhidraScript) onnxruntime_analyzer.py>   - [STACK_SEARCH.0] SUCCESS (Direct): Varnode is a direct stack address with offset -0x80.  
2025-09-05 03:04:18 INFO  (GhidraScript) onnxruntime_analyzer.py> DEBUG: [STACK_RULE] Proactively tainted stack offset -0x80 from initial HighVar: local_80(StackDirect[Stack[-0x80]])  
2025-09-05 03:04:18 INFO  (GhidraScript) onnxruntime_analyzer.py> DEBUG: [STACK_TAINTS] Initial tainted stack offsets for this function: ['-0x80L']  
2025-09-05 03:04:18 INFO  (GhidraScript) onnxruntime_analyzer.py> \nDEBUG: Reached specified start PcodeOp (register, 0x4000, 8) CALL (ram, 0x103670, 8) , (stack, 0xfffffffffffffbc8, 8) , (unique, 0x12480, 8) at 0010276c in main, subsequent ops will be processed.  
2025-09-05 03:04:18 INFO  (GhidraScript) onnxruntime_analyzer.py> DEBUG: [main @ 001027b8] Taint propagated from local_80(StackDirect[Stack[-0x80]]) to UNNAMED(UniquePcode[0x10000cb1]) via CAST.  
2025-09-05 03:04:18 INFO  (GhidraScript) onnxruntime_analyzer.py> DEBUG: [CBRANCH] Found defining op for condition: (register, 0x108, 1) INT_EQUAL (unique, 0x3db80, 4) , (const, 0x0, 4)  
2025-09-05 03:04:18 INFO  (GhidraScript) onnxruntime_analyzer.py> INFO: [main @ 001027e4] Taint reached CBRANCH. Operands: ['uVar1(w0)', 'UnnamedHighVar(Constant: 0x0)'].   
2025-09-05 03:04:18 INFO  (GhidraScript) onnxruntime_analyzer.py> DEBUG: [main @ 001027e4] Taint propagated from local_80(StackDirect[Stack[-0x80]]) to local_70(StackDirect[Stack[-0x70]]) via COPY.  
2025-09-05 03:04:18 INFO  (GhidraScript) onnxruntime_analyzer.py> DEBUG: [main @ 00102a00] Analyzing potential tainted RETURN with value: UNNAMED(w0) (Tainted: 0)  
2025-09-05 03:04:18 INFO  (GhidraScript) onnxruntime_analyzer.py>     [DEBUG] --- Taint Check Details (RETURN FAILED) ---  
2025-09-05 03:04:18 INFO  (GhidraScript) onnxruntime_analyzer.py>     [DEBUG]   > Return Varnode: (register, 0x4000, 4) (Size: 4, Def: (register, 0x4000, 4) COPY (stack, 0xfffffffffffffee4, 4) at 001029f0)  
2025-09-05 03:04:18 INFO  (GhidraScript) onnxruntime_analyzer.py>     [DEBUG]   > Currently Tainted HighVariables in this function:  
2025-09-05 03:04:18 INFO  (GhidraScript) onnxruntime_analyzer.py>     [DEBUG]     1. UNNAMED(UniquePcode[0x10000cb1])  
2025-09-05 03:04:18 INFO  (GhidraScript) onnxruntime_analyzer.py>     [DEBUG]     2. local_70(StackDirect[Stack[-0x70]])  
2025-09-05 03:04:18 INFO  (GhidraScript) onnxruntime_analyzer.py>     [DEBUG]     3. local_80(StackDirect[Stack[-0x80]])  
2025-09-05 03:04:18 INFO  (GhidraScript) onnxruntime_analyzer.py>     [DEBUG] ---------------------------------  
2025-09-05 03:04:18 INFO  (GhidraScript) onnxruntime_analyzer.py> <<< Finished analyzing function: main.  
2025-09-05 03:04:18 INFO  (GhidraScript) onnxruntime_analyzer.py> 
--- All Multi-Stage Analysis Tasks Complete. ---  
2025-09-05 03:04:18 INFO  (GhidraScript) onnxruntime_analyzer.py> 
--- Taint Analysis Run Complete ---  
2025-09-05 03:04:18 INFO  (GhidraScript) onnxruntime_analyzer.py> \n--- All Detected Tainted Value Usages (Interprocedural) ---  
2025-09-05 03:04:18 INFO  (GhidraScript) onnxruntime_analyzer.py> Usage #1:  
2025-09-05 03:04:18 INFO  (GhidraScript) onnxruntime_analyzer.py>   Originating Lib Call: ['GetTensorData']  
2025-09-05 03:04:18 INFO  (GhidraScript) onnxruntime_analyzer.py>   Found In Function:   main at 00101d98  
2025-09-05 03:04:18 INFO  (GhidraScript) onnxruntime_analyzer.py>   Instruction Address: 0010276c  
2025-09-05 03:04:18 INFO  (GhidraScript) onnxruntime_analyzer.py>     PCode Op:            (register, 0x4000, 8) CALL (ram, 0x103670, 8) , (stack, 0xfffffffffffffbc8, 8) , (unique, 0x12480, 8)  
2025-09-05 03:04:18 INFO  (GhidraScript) onnxruntime_analyzer.py>     Usage Type:          TAINTED_ARG_TO_CALL_RECURSION  
2025-09-05 03:04:18 INFO  (GhidraScript) onnxruntime_analyzer.py>     Details:             Recursive call to max_element<float_const*> (CALL) with taints: param_2(x1), param_1(x0).  
2025-09-05 03:04:18 INFO  (GhidraScript) onnxruntime_analyzer.py> ----------------------------------------  
2025-09-05 03:04:18 INFO  (GhidraScript) onnxruntime_analyzer.py> Usage #2:  
2025-09-05 03:04:18 INFO  (GhidraScript) onnxruntime_analyzer.py>   Originating Lib Call: ['GetTensorData']  
2025-09-05 03:04:18 INFO  (GhidraScript) onnxruntime_analyzer.py>   Found In Function:   max_element<float_const*> at 00103670  
2025-09-05 03:04:18 INFO  (GhidraScript) onnxruntime_analyzer.py>   Instruction Address: 001036a4  
2025-09-05 03:04:18 INFO  (GhidraScript) onnxruntime_analyzer.py>     PCode Op:            (register, 0x4000, 8) CALL (ram, 0x10421c, 8) , (register, 0x4000, 8) , (register, 0x4008, 8) , (register, 0x4010, 4)  
2025-09-05 03:04:18 INFO  (GhidraScript) onnxruntime_analyzer.py>     Usage Type:          TAINTED_ARG_TO_CALL_RECURSION  
2025-09-05 03:04:18 INFO  (GhidraScript) onnxruntime_analyzer.py>     Details:             Recursive call to __max_element<float_const*,__gnu_cxx::__ops::_Iter_less_iter> (CALL) with taints: param_2(x1), param_1(x0).  
2025-09-05 03:04:18 INFO  (GhidraScript) onnxruntime_analyzer.py> ----------------------------------------  
2025-09-05 03:04:18 INFO  (GhidraScript) onnxruntime_analyzer.py> Usage #3:  
2025-09-05 03:04:18 INFO  (GhidraScript) onnxruntime_analyzer.py>   Originating Lib Call: ['GetTensorData']  
2025-09-05 03:04:18 INFO  (GhidraScript) onnxruntime_analyzer.py>   Found In Function:   __max_element<float_const*,__gnu_cxx::__ops::_Iter_less_iter> at 0010421c  
2025-09-05 03:04:18 INFO  (GhidraScript) onnxruntime_analyzer.py>   Instruction Address: 0010423c  
2025-09-05 03:04:18 INFO  (GhidraScript) onnxruntime_analyzer.py>     PCode Op:            (register, 0x108, 1) INT_NOTEQUAL (register, 0x4000, 8) , (register, 0x4008, 8)  
2025-09-05 03:04:18 INFO  (GhidraScript) onnxruntime_analyzer.py>     Usage Type:          TAINTED_COMPARISON  
2025-09-05 03:04:18 INFO  (GhidraScript) onnxruntime_analyzer.py>     Tainted Component:   param_1(x0)  
2025-09-05 03:04:18 INFO  (GhidraScript) onnxruntime_analyzer.py>     Details:             Tainted value used in a comparison operation (INT_NOTEQUAL).  
2025-09-05 03:04:18 INFO  (GhidraScript) onnxruntime_analyzer.py> ----------------------------------------  
2025-09-05 03:04:18 INFO  (GhidraScript) onnxruntime_analyzer.py> Usage #4:  
2025-09-05 03:04:18 INFO  (GhidraScript) onnxruntime_analyzer.py>   Originating Lib Call: ['GetTensorData']  
2025-09-05 03:04:18 INFO  (GhidraScript) onnxruntime_analyzer.py>   Found In Function:   __max_element<float_const*,__gnu_cxx::__ops::_Iter_less_iter> at 0010421c  
2025-09-05 03:04:18 INFO  (GhidraScript) onnxruntime_analyzer.py>   Instruction Address: 00104240  
2025-09-05 03:04:18 INFO  (GhidraScript) onnxruntime_analyzer.py>     PCode Op:             ---  CBRANCH (ram, 0x104254, 1) , (register, 0x108, 1)  
2025-09-05 03:04:18 INFO  (GhidraScript) onnxruntime_analyzer.py>     Usage Type:          BRANCH_CONDITION_TAINTED  
2025-09-05 03:04:18 INFO  (GhidraScript) onnxruntime_analyzer.py>     Tainted Component:   UNNAMED(tmpZR)  
2025-09-05 03:04:18 INFO  (GhidraScript) onnxruntime_analyzer.py>     Details:             Tainted condition for branch.  
2025-09-05 03:04:18 INFO  (GhidraScript) onnxruntime_analyzer.py> ----------------------------------------  
2025-09-05 03:04:18 INFO  (GhidraScript) onnxruntime_analyzer.py> Usage #5:  
2025-09-05 03:04:18 INFO  (GhidraScript) onnxruntime_analyzer.py>   Originating Lib Call: ['GetTensorData']  
2025-09-05 03:04:18 INFO  (GhidraScript) onnxruntime_analyzer.py>   Found In Function:   __max_element<float_const*,__gnu_cxx::__ops::_Iter_less_iter> at 0010421c  
2025-09-05 03:04:18 INFO  (GhidraScript) onnxruntime_analyzer.py>   Instruction Address: 00104274  
2025-09-05 03:04:18 INFO  (GhidraScript) onnxruntime_analyzer.py>     PCode Op:            (register, 0x108, 1) INT_NOTEQUAL (unique, 0x11f80, 8) , (register, 0x4008, 8)  
2025-09-05 03:04:18 INFO  (GhidraScript) onnxruntime_analyzer.py>     Usage Type:          TAINTED_COMPARISON  
2025-09-05 03:04:18 INFO  (GhidraScript) onnxruntime_analyzer.py>     Tainted Component:   local_28(StackDirect[Stack[-0x28]])  
2025-09-05 03:04:18 INFO  (GhidraScript) onnxruntime_analyzer.py>     Details:             Tainted value used in a comparison operation (INT_NOTEQUAL).  
2025-09-05 03:04:18 INFO  (GhidraScript) onnxruntime_analyzer.py> ----------------------------------------  
2025-09-05 03:04:18 INFO  (GhidraScript) onnxruntime_analyzer.py> Usage #6:  
2025-09-05 03:04:18 INFO  (GhidraScript) onnxruntime_analyzer.py>   Originating Lib Call: ['GetTensorData']  
2025-09-05 03:04:18 INFO  (GhidraScript) onnxruntime_analyzer.py>   Found In Function:   __max_element<float_const*,__gnu_cxx::__ops::_Iter_less_iter> at 0010421c  
2025-09-05 03:04:18 INFO  (GhidraScript) onnxruntime_analyzer.py>   Instruction Address: 00104278  
2025-09-05 03:04:18 INFO  (GhidraScript) onnxruntime_analyzer.py>     PCode Op:             ---  CBRANCH (ram, 0x1042a8, 1) , (register, 0x108, 1)  
2025-09-05 03:04:18 INFO  (GhidraScript) onnxruntime_analyzer.py>     Usage Type:          BRANCH_CONDITION_TAINTED  
2025-09-05 03:04:18 INFO  (GhidraScript) onnxruntime_analyzer.py>     Tainted Component:   UNNAMED(tmpZR)  
2025-09-05 03:04:18 INFO  (GhidraScript) onnxruntime_analyzer.py>     Details:             Tainted condition for branch.  
2025-09-05 03:04:18 INFO  (GhidraScript) onnxruntime_analyzer.py> ----------------------------------------  
2025-09-05 03:04:18 INFO  (GhidraScript) onnxruntime_analyzer.py> Usage #7:  
2025-09-05 03:04:18 INFO  (GhidraScript) onnxruntime_analyzer.py>   Originating Lib Call: ['GetTensorData']  
2025-09-05 03:04:18 INFO  (GhidraScript) onnxruntime_analyzer.py>   Found In Function:   __max_element<float_const*,__gnu_cxx::__ops::_Iter_less_iter> at 0010421c  
2025-09-05 03:04:18 INFO  (GhidraScript) onnxruntime_analyzer.py>   Instruction Address: 0010428c  
2025-09-05 03:04:18 INFO  (GhidraScript) onnxruntime_analyzer.py>     PCode Op:            (register, 0x4000, 1) CALL (ram, 0x1042c8, 8) , (register, 0x4000, 8) , (stack, 0xffffffffffffffc8, 8) , (unique, 0x11f80, 8)  
2025-09-05 03:04:18 INFO  (GhidraScript) onnxruntime_analyzer.py>     Usage Type:          TAINTED_ARG_TO_CALL_RECURSION  
2025-09-05 03:04:18 INFO  (GhidraScript) onnxruntime_analyzer.py>     Details:             Recursive call to operator() (CALL) with taints: param_2(x2), param_1(x1).  
2025-09-05 03:04:18 INFO  (GhidraScript) onnxruntime_analyzer.py> ----------------------------------------  
2025-09-05 03:04:18 INFO  (GhidraScript) onnxruntime_analyzer.py> Usage #8:  
2025-09-05 03:04:18 INFO  (GhidraScript) onnxruntime_analyzer.py>   Originating Lib Call: ['GetTensorData']  
2025-09-05 03:04:18 INFO  (GhidraScript) onnxruntime_analyzer.py>   Found In Function:   operator() at 001042c8  
2025-09-05 03:04:18 INFO  (GhidraScript) onnxruntime_analyzer.py>   Instruction Address: 001042e8  
2025-09-05 03:04:18 INFO  (GhidraScript) onnxruntime_analyzer.py>     PCode Op:            (register, 0x100, 1) FLOAT_LESS (register, 0x5000, 4) , (register, 0x5020, 4)  
2025-09-05 03:04:18 INFO  (GhidraScript) onnxruntime_analyzer.py>     Usage Type:          TAINTED_COMPARISON  
2025-09-05 03:04:18 INFO  (GhidraScript) onnxruntime_analyzer.py>     Tainted Component:   UNNAMED(s0)  
2025-09-05 03:04:18 INFO  (GhidraScript) onnxruntime_analyzer.py>     Details:             Tainted value used in a comparison operation (FLOAT_LESS).  
2025-09-05 03:04:18 INFO  (GhidraScript) onnxruntime_analyzer.py> ----------------------------------------  
2025-09-05 03:04:18 INFO  (GhidraScript) onnxruntime_analyzer.py> Usage #9:  
2025-09-05 03:04:18 INFO  (GhidraScript) onnxruntime_analyzer.py>   Originating Lib Call: ['GetTensorData']  
2025-09-05 03:04:18 INFO  (GhidraScript) onnxruntime_analyzer.py>   Found In Function:   operator() at 001042c8  
2025-09-05 03:04:18 INFO  (GhidraScript) onnxruntime_analyzer.py>   Instruction Address: 001042f4  
2025-09-05 03:04:18 INFO  (GhidraScript) onnxruntime_analyzer.py>     PCode Op:             ---  RETURN (const, 0x0, 8) , (register, 0x4000, 1)  
2025-09-05 03:04:18 INFO  (GhidraScript) onnxruntime_analyzer.py>     Usage Type:          RETURN_TAINTED_VALUE  
2025-09-05 03:04:18 INFO  (GhidraScript) onnxruntime_analyzer.py>     Tainted Component:   UNNAMED(w0)  
2025-09-05 03:04:18 INFO  (GhidraScript) onnxruntime_analyzer.py> ----------------------------------------  
2025-09-05 03:04:18 INFO  (GhidraScript) onnxruntime_analyzer.py> Usage #10:  
2025-09-05 03:04:18 INFO  (GhidraScript) onnxruntime_analyzer.py>   Originating Lib Call: ['GetTensorData']  
2025-09-05 03:04:18 INFO  (GhidraScript) onnxruntime_analyzer.py>   Found In Function:   __max_element<float_const*,__gnu_cxx::__ops::_Iter_less_iter> at 0010421c  
2025-09-05 03:04:18 INFO  (GhidraScript) onnxruntime_analyzer.py>   Instruction Address: 00104290  
2025-09-05 03:04:18 INFO  (GhidraScript) onnxruntime_analyzer.py>     PCode Op:             ---  CBRANCH (ram, 0x1042a4, 1) , (register, 0x4000, 1)  
2025-09-05 03:04:18 INFO  (GhidraScript) onnxruntime_analyzer.py>     Usage Type:          BRANCH_CONDITION_TAINTED  
2025-09-05 03:04:18 INFO  (GhidraScript) onnxruntime_analyzer.py>     Tainted Component:   bVar1(w0)  
2025-09-05 03:04:18 INFO  (GhidraScript) onnxruntime_analyzer.py>     Details:             Tainted condition for branch.  
2025-09-05 03:04:18 INFO  (GhidraScript) onnxruntime_analyzer.py> ----------------------------------------  
2025-09-05 03:04:18 INFO  (GhidraScript) onnxruntime_analyzer.py> Usage #11:  
2025-09-05 03:04:18 INFO  (GhidraScript) onnxruntime_analyzer.py>   Originating Lib Call: ['GetTensorData']  
2025-09-05 03:04:18 INFO  (GhidraScript) onnxruntime_analyzer.py>   Found In Function:   __max_element<float_const*,__gnu_cxx::__ops::_Iter_less_iter> at 0010421c  
2025-09-05 03:04:18 INFO  (GhidraScript) onnxruntime_analyzer.py>   Instruction Address: 001042c0  
2025-09-05 03:04:18 INFO  (GhidraScript) onnxruntime_analyzer.py>     PCode Op:             ---  RETURN (const, 0x0, 8) , (register, 0x4000, 8)  
2025-09-05 03:04:18 INFO  (GhidraScript) onnxruntime_analyzer.py>     Usage Type:          RETURN_TAINTED_VALUE  
2025-09-05 03:04:18 INFO  (GhidraScript) onnxruntime_analyzer.py>     Tainted Component:   UNNAMED(x0)  
2025-09-05 03:04:18 INFO  (GhidraScript) onnxruntime_analyzer.py> ----------------------------------------  
2025-09-05 03:04:18 INFO  (GhidraScript) onnxruntime_analyzer.py> Usage #12:  
2025-09-05 03:04:18 INFO  (GhidraScript) onnxruntime_analyzer.py>   Originating Lib Call: ['GetTensorData']  
2025-09-05 03:04:18 INFO  (GhidraScript) onnxruntime_analyzer.py>   Found In Function:   main at 00101d98  
2025-09-05 03:04:18 INFO  (GhidraScript) onnxruntime_analyzer.py>   Instruction Address: 001027e4  
2025-09-05 03:04:18 INFO  (GhidraScript) onnxruntime_analyzer.py>     PCode Op:             ---  CBRANCH (ram, 0x1028a8, 1) , (register, 0x108, 1)  
2025-09-05 03:04:18 INFO  (GhidraScript) onnxruntime_analyzer.py>     Usage Type:          BRANCH_CONDITION_TAINTED  
2025-09-05 03:04:18 INFO  (GhidraScript) onnxruntime_analyzer.py>     Tainted Component:   UNNAMED(tmpZR)  
2025-09-05 03:04:18 INFO  (GhidraScript) onnxruntime_analyzer.py>     Details:             Tainted condition for branch.  
2025-09-05 03:04:18 INFO  (GhidraScript) onnxruntime_analyzer.py> ----------------------------------------  
2025-09-05 03:04:18 INFO  (GhidraScript) onnxruntime_analyzer.py> Usage #13:  
2025-09-05 03:04:18 INFO  (GhidraScript) onnxruntime_analyzer.py>   Originating Lib Call: tainted_return_from_operator()  
2025-09-05 03:04:18 INFO  (GhidraScript) onnxruntime_analyzer.py>   Found In Function:   __max_element<float_const*,__gnu_cxx::__ops::_Iter_less_iter> at 0010421c  
2025-09-05 03:04:18 INFO  (GhidraScript) onnxruntime_analyzer.py>   Instruction Address: 00104290  
2025-09-05 03:04:18 INFO  (GhidraScript) onnxruntime_analyzer.py>     PCode Op:             ---  CBRANCH (ram, 0x1042a4, 1) , (register, 0x4000, 1)  
2025-09-05 03:04:18 INFO  (GhidraScript) onnxruntime_analyzer.py>     Usage Type:          BRANCH_CONDITION_TAINTED  
2025-09-05 03:04:18 INFO  (GhidraScript) onnxruntime_analyzer.py>     Tainted Component:   bVar1(w0)  
2025-09-05 03:04:18 INFO  (GhidraScript) onnxruntime_analyzer.py>     Details:             Tainted condition for branch.  
2025-09-05 03:04:18 INFO  (GhidraScript) onnxruntime_analyzer.py> ----------------------------------------  
2025-09-05 03:04:18 INFO  (GhidraScript) onnxruntime_analyzer.py> Usage #14:  
2025-09-05 03:04:18 INFO  (GhidraScript) onnxruntime_analyzer.py>   Originating Lib Call: tainted_return_from___max_element<float_const*,__gnu_cxx::__ops::_Iter_less_iter>  
2025-09-05 03:04:18 INFO  (GhidraScript) onnxruntime_analyzer.py>   Found In Function:   max_element<float_const*> at 00103670  
2025-09-05 03:04:18 INFO  (GhidraScript) onnxruntime_analyzer.py>   Instruction Address: 001036b0  
2025-09-05 03:04:18 INFO  (GhidraScript) onnxruntime_analyzer.py>     PCode Op:             ---  RETURN (const, 0x0, 8) , (register, 0x4000, 8)  
2025-09-05 03:04:18 INFO  (GhidraScript) onnxruntime_analyzer.py>     Usage Type:          RETURN_TAINTED_VALUE  
2025-09-05 03:04:18 INFO  (GhidraScript) onnxruntime_analyzer.py>     Tainted Component:   pfVar1(x0)  
2025-09-05 03:04:18 INFO  (GhidraScript) onnxruntime_analyzer.py> ----------------------------------------  
2025-09-05 03:04:18 INFO  (GhidraScript) onnxruntime_analyzer.py> Usage #15:  
2025-09-05 03:04:18 INFO  (GhidraScript) onnxruntime_analyzer.py>   Originating Lib Call: tainted_return_from_max_element<float_const*>  
2025-09-05 03:04:18 INFO  (GhidraScript) onnxruntime_analyzer.py>   Found In Function:   main at 00101d98  
2025-09-05 03:04:18 INFO  (GhidraScript) onnxruntime_analyzer.py>   Instruction Address: 001027e4  
2025-09-05 03:04:18 INFO  (GhidraScript) onnxruntime_analyzer.py>     PCode Op:             ---  CBRANCH (ram, 0x1028a8, 1) , (register, 0x108, 1)  
2025-09-05 03:04:18 INFO  (GhidraScript) onnxruntime_analyzer.py>     Usage Type:          BRANCH_CONDITION_TAINTED  
2025-09-05 03:04:18 INFO  (GhidraScript) onnxruntime_analyzer.py>     Tainted Component:   UNNAMED(tmpZR)  
2025-09-05 03:04:18 INFO  (GhidraScript) onnxruntime_analyzer.py>     Details:             Tainted condition for branch.  
2025-09-05 03:04:18 INFO  (GhidraScript) onnxruntime_analyzer.py> ----------------------------------------  
2025-09-05 03:04:18 INFO  (GhidraScript) onnxruntime_analyzer.py> INFO: TAINT_ANALYSIS_JSON_OUTPUT env var found. Saving results to: /Users/chenkexin/Desktop/kk/test_taint/results/gender_googlenet_onnxruntime_taint_analysis_results.json  
2025-09-05 03:04:18 INFO  (GhidraScript) onnxruntime_analyzer.py> Taint analysis results saved to: /Users/chenkexin/Desktop/kk/test_taint/results/gender_googlenet_onnxruntime_taint_analysis_results.json  
2025-09-05 03:04:18 ERROR (GhidraScript) onnxruntime_analyzer.py> WARN: Could not find preceding comparison for branch at 00104240.  
2025-09-05 03:04:18 ERROR (GhidraScript) onnxruntime_analyzer.py> WARN: Could not find preceding comparison for branch at 00104278.  
2025-09-05 03:04:18 ERROR (GhidraScript) onnxruntime_analyzer.py> WARN: Could not find preceding comparison for branch at 00104290.  
2025-09-05 03:04:18 ERROR (GhidraScript) onnxruntime_analyzer.py> WARN: Could not find preceding comparison for branch at 001027e4.  
2025-09-05 03:04:18 INFO  (GhidraScript) onnxruntime_analyzer.py> No tainted branch conditions found to generate a hook config.  
2025-09-05 03:04:18 INFO  (GhidraScript) onnxruntime_analyzer.py> ONNXRuntime Taint Analyzer finished.  
2025-09-05 03:04:18 INFO  (HeadlessAnalyzer) ANALYZING changes made by post scripts: file:///Users/chenkexin/Desktop/kk/test_taint/assets/clang_bin/gender_googlenet_onnxruntime  
2025-09-05 03:04:18 INFO  (HeadlessAnalyzer) REPORT: Post-analysis succeeded for file: file:///Users/chenkexin/Desktop/kk/test_taint/assets/clang_bin/gender_googlenet_onnxruntime  
2025-09-05 03:04:18 INFO  (HeadlessAnalyzer) REPORT: Save succeeded for: /gender_googlenet_onnxruntime (gender_googlenet_onnxruntime:/gender_googlenet_onnxruntime)  
2025-09-05 03:04:18 INFO  (HeadlessAnalyzer) REPORT: Import succeeded  
2025-09-05 03:04:18 DEBUG (DefaultProjectData) Closing ProjectData: /Users/chenkexin/Desktop/kk/test_taint/ghidra_projects/gender_googlenet_onnxruntime.rep  
2025-09-05 03:04:18 DEBUG (DefaultProjectData) Disposing ProjectData: /Users/chenkexin/Desktop/kk/test_taint/ghidra_projects/gender_googlenet_onnxruntime.rep  
