2025-09-10 01:09:59 INFO  (LoggingInitialization) Using log config file: jar:file:/Applications/ghidra_11.0.3_PUBLIC/Ghidra/Framework/Generic/lib/Generic.jar!/generic.log4j.xml  
2025-09-10 01:09:59 INFO  (LoggingInitialization) Using log file: /Users/chenkexin/Desktop/kk/test_taint/logs/liveness_Vit_onnxruntime_gcc_O0_headless_analysis.log  
2025-09-10 01:09:59 INFO  (Preferences) Loading user preferences: /Users/chenkexin/.ghidra/.ghidra_11.0.3_PUBLIC/preferences  
2025-09-10 01:09:59 INFO  (Preferences) Loading previous preferences: /Users/chenkexin/.ghidra/.ghidra_10.4_PUBLIC/preferences  
2025-09-10 01:09:59 INFO  (ClassSearcher) Searching for classes...  
2025-09-10 01:10:03 INFO  (ClassSearcher) Class search complete (3691 ms)  
2025-09-10 01:10:03 INFO  (SSLContextInitializer) Initializing SSL Context  
2025-09-10 01:10:03 INFO  (SecureRandomFactory) Initializing Random Number Generator...  
2025-09-10 01:10:03 INFO  (SecureRandomFactory) Random Number Generator initialization complete: NativePRNGNonBlocking  
2025-09-10 01:10:03 INFO  (ApplicationTrustManagerFactory) Trust manager disabled, cacerts have not been set  
2025-09-10 01:10:04 INFO  (HeadlessAnalyzer) HEADLESS Script Paths:
    /Applications/ghidra_11.0.3_PUBLIC/Ghidra/Processors/8051/ghidra_scripts
    /Applications/ghidra_11.0.3_PUBLIC/Ghidra/Features/FileFormats/ghidra_scripts
    /Applications/ghidra_11.0.3_PUBLIC/Ghidra/Features/Base/ghidra_scripts
    /Applications/ghidra_11.0.3_PUBLIC/Ghidra/Features/Python/ghidra_scripts
    /Applications/ghidra_11.0.3_PUBLIC/Ghidra/Features/GnuDemangler/ghidra_scripts
    /Applications/ghidra_11.0.3_PUBLIC/Ghidra/Features/SystemEmulation/ghidra_scripts
    /Applications/ghidra_11.0.3_PUBLIC/Ghidra/Features/MicrosoftCodeAnalyzer/ghidra_scripts
    /Applications/ghidra_11.0.3_PUBLIC/Ghidra/Features/BytePatterns/ghidra_scripts
    /Applications/ghidra_11.0.3_PUBLIC/Ghidra/Features/Decompiler/ghidra_scripts
    /Applications/ghidra_11.0.3_PUBLIC/Ghidra/Processors/Atmel/ghidra_scripts
    /Applications/ghidra_11.0.3_PUBLIC/Ghidra/Debug/Debugger-agent-frida/ghidra_scripts
    /Applications/ghidra_11.0.3_PUBLIC/Ghidra/Features/FunctionID/ghidra_scripts
    /Applications/ghidra_11.0.3_PUBLIC/Ghidra/Processors/JVM/ghidra_scripts
    /Applications/ghidra_11.0.3_PUBLIC/Ghidra/Processors/PIC/ghidra_scripts
    /Applications/ghidra_11.0.3_PUBLIC/Ghidra/Features/BSim/ghidra_scripts
    /Applications/ghidra_11.0.3_PUBLIC/Ghidra/Features/PDB/ghidra_scripts
    /Applications/ghidra_11.0.3_PUBLIC/Ghidra/Processors/DATA/ghidra_scripts
    /Users/chenkexin/ghidra_scripts
    /Users/chenkexin/Desktop/kk/test_taint
    /Applications/ghidra_11.0.3_PUBLIC/Ghidra/Debug/Debugger-agent-dbgmodel-traceloader/ghidra_scripts
    /Applications/ghidra_11.0.3_PUBLIC/Ghidra/Debug/Debugger-rmi-trace/ghidra_scripts
    /Applications/ghidra_11.0.3_PUBLIC/Ghidra/Features/VersionTracking/ghidra_scripts
    /Applications/ghidra_11.0.3_PUBLIC/Ghidra/Debug/Debugger/ghidra_scripts  
2025-09-10 01:10:04 INFO  (HeadlessAnalyzer) HEADLESS: execution starts  
2025-09-10 01:10:04 INFO  (HeadlessAnalyzer) Opening existing project: /Users/chenkexin/Desktop/kk/test_taint/ghidra_projects/liveness_Vit_onnxruntime_gcc_O0  
2025-09-10 01:10:04 INFO  (HeadlessProject) Opening project: /Users/chenkexin/Desktop/kk/test_taint/ghidra_projects/liveness_Vit_onnxruntime_gcc_O0  
2025-09-10 01:10:04 INFO  (HeadlessAnalyzer) REPORT: Processing input files:   
2025-09-10 01:10:04 INFO  (HeadlessAnalyzer)      project: /Users/chenkexin/Desktop/kk/test_taint/ghidra_projects/liveness_Vit_onnxruntime_gcc_O0  
2025-09-10 01:10:04 INFO  (HeadlessAnalyzer) IMPORTING: file:///Users/chenkexin/Desktop/kk/test_taint/assets/merged_bin/liveness_Vit_onnxruntime_gcc_O0  
2025-09-10 01:10:07 INFO  (AutoImporter) Using Loader: Executable and Linking Format (ELF)  
2025-09-10 01:10:07 INFO  (AutoImporter) Using Language/Compiler: AARCH64:LE:64:v8A:default  
2025-09-10 01:10:08 DEBUG (ElfHeader) Elf symbol table section .dynsym linked to string table section .dynstr  
2025-09-10 01:10:08 DEBUG (ElfHeader) Elf symbol table section .symtab linked to string table section .strtab  
2025-09-10 01:10:08 DEBUG (ElfHeader) Elf relocation table section .rela.dyn linked to symbol table section .dynsym affecting PT_LOAD  
2025-09-10 01:10:08 DEBUG (ElfHeader) Elf relocation table section .rela.plt linked to symbol table section .dynsym affecting .got  
2025-09-10 01:10:09 DEBUG (ElfProgramBuilder) Discarding 1-byte alignment/filler segment_2.3 at 00100253  
2025-09-10 01:10:09 DEBUG (ElfProgramBuilder) Discarding 4-byte alignment/filler segment_2.7 at 001002bc  
2025-09-10 01:10:09 DEBUG (ElfProgramBuilder) Discarding 1-byte alignment/filler segment_2.10 at 0010112f  
2025-09-10 01:10:09 DEBUG (ElfProgramBuilder) Discarding 6-byte alignment/filler segment_2.12 at 001011a2  
2025-09-10 01:10:09 DEBUG (ElfProgramBuilder) Discarding 8-byte alignment/filler segment_2.17 at 001018f8  
2025-09-10 01:10:09 DEBUG (ElfProgramBuilder) Discarding 32-byte alignment/filler segment_2.19 at 00101be0  
2025-09-10 01:10:09 DEBUG (ElfProgramBuilder) Discarding 4-byte alignment/filler segment_2.22 at 00109314  
2025-09-10 01:10:09 DEBUG (ElfProgramBuilder) Discarding 3-byte alignment/filler segment_2.24 at 00109479  
2025-09-10 01:10:11 WARN  (ElfRelocationHandler) EXTERNAL Data Elf Relocation with offset: at 0011fba0 (External Location = _ZTVN10__cxxabiv120__si_class_type_infoE+0x10)  
2025-09-10 01:10:12 INFO  (HeadlessAnalyzer) IMPORTING: Loaded 0 additional files  
2025-09-10 01:10:12 INFO  (LocalFileSystem) /liveness_Vit_onnxruntime_gcc_O0: file deleted (chenkexin)  
2025-09-10 01:10:12 INFO  (GhidraFileData) Deleted local file liveness_Vit_onnxruntime_gcc_O0  
2025-09-10 01:10:12 WARN  (HeadlessAnalyzer) REPORT: Removed conflicting program file from project: /liveness_Vit_onnxruntime_gcc_O0  
2025-09-10 01:10:12 INFO  (HeadlessAnalyzer) ANALYZING all memory and code: file:///Users/chenkexin/Desktop/kk/test_taint/assets/merged_bin/liveness_Vit_onnxruntime_gcc_O0  
2025-09-10 01:10:13 ERROR (DWARFAnalyzer) Error during DWARFAnalyzer import:  ghidra.app.util.bin.format.dwarf4.DWARFException: Only DWARF version 2, 3, or 4 information is currently supported (detected 5).
	at ghidra.app.util.bin.format.dwarf4.DWARFCompilationUnit.readCompilationUnit(DWARFCompilationUnit.java:155)
	at ghidra.app.util.bin.format.dwarf4.next.DWARFProgram.bootstrapCompilationUnits(DWARFProgram.java:629)
	at ghidra.app.util.bin.format.dwarf4.next.DWARFProgram.<init>(DWARFProgram.java:262)
	at ghidra.app.plugin.core.analysis.DWARFAnalyzer.added(DWARFAnalyzer.java:109)
	at ghidra.app.plugin.core.analysis.AnalysisScheduler.runAnalyzer(AnalysisScheduler.java:186)
	at ghidra.app.plugin.core.analysis.AnalysisTask.applyTo(AnalysisTask.java:39)
	at ghidra.app.plugin.core.analysis.AutoAnalysisManager$AnalysisTaskWrapper.run(AutoAnalysisManager.java:686)
	at ghidra.app.plugin.core.analysis.AutoAnalysisManager.startAnalysis(AutoAnalysisManager.java:786)
	at ghidra.app.plugin.core.analysis.AutoAnalysisManager.startAnalysis(AutoAnalysisManager.java:665)
	at ghidra.app.plugin.core.analysis.AutoAnalysisManager.startAnalysis(AutoAnalysisManager.java:630)
	at ghidra.app.util.headless.HeadlessAnalyzer.analyzeProgram(HeadlessAnalyzer.java:1029)
	at ghidra.app.util.headless.HeadlessAnalyzer.processFileWithImport(HeadlessAnalyzer.java:1552)
	at ghidra.app.util.headless.HeadlessAnalyzer.processWithLoader(HeadlessAnalyzer.java:1734)
	at ghidra.app.util.headless.HeadlessAnalyzer.processWithImport(HeadlessAnalyzer.java:1675)
	at ghidra.app.util.headless.HeadlessAnalyzer.processWithImport(HeadlessAnalyzer.java:1759)
	at ghidra.app.util.headless.HeadlessAnalyzer.processLocal(HeadlessAnalyzer.java:460)
	at ghidra.app.util.headless.AnalyzeHeadless.launch(AnalyzeHeadless.java:127)
	at ghidra.GhidraLauncher.launch(GhidraLauncher.java:78)
	at ghidra.Ghidra.main(Ghidra.java:54)
 
2025-09-10 01:10:20 INFO  (PackedDatabaseCache) Packed database cache: /var/folders/kn/fw_2jn054bq5f73czrm_91nc0000gn/T/chenkexin-Ghidra/packed-db-cache  
2025-09-10 01:10:20 DEBUG (PackedDatabaseCache) Using cached packed database: /Applications/ghidra_11.0.3_PUBLIC/Ghidra/Features/Base/data/typeinfo/generic/generic_clib_64.gdt  
2025-09-10 01:10:22 INFO  (ApplyDataArchiveAnalyzer) Applied data type archive: generic_clib_64  
2025-09-10 01:10:23 WARN  (DemangledAddressTable) Unable to fully apply external demangled Address Table at 00121030: std::exception::typeinfo  
2025-09-10 01:10:23 WARN  (DemangledAddressTable) Unable to fully apply external demangled Address Table at 001210f8: std::exception::vtable  
2025-09-10 01:10:23 WARN  (DemangledAddressTable) Unable to fully apply external demangled Address Table at 00121168: __cxxabiv1::__si_class_type_info::vtable  
2025-09-10 01:10:29 INFO  (AutoAnalysisManager) -----------------------------------------------------
    AARCH64 ELF PLT Thunks                     0.294 secs
    ASCII Strings                              0.415 secs
    Apply Data Archives                        1.542 secs
    Basic Constant Reference Analyzer          1.901 secs
    Call Convention ID                         2.783 secs
    Call-Fixup Installer                       0.061 secs
    Create Address Tables                      0.085 secs
    Create Address Tables - One Time           0.007 secs
    Create Function                            0.000 secs
    DWARF                                      0.113 secs
    Data Reference                             0.047 secs
    Decompiler Switch Analysis                 0.363 secs
    Demangler GNU                              1.637 secs
    Disassemble Entry Points                   0.883 secs
    Embedded Media                             0.030 secs
    External Entry References                  0.017 secs
    Function Start Search                      0.291 secs
    Function Start Search After Code           0.122 secs
    Function Start Search After Data           0.045 secs
    Function Start Search delayed - One Time   0.010 secs
    GCC Exception Handlers                     3.234 secs
    Non-Returning Functions - Discovered       0.129 secs
    Non-Returning Functions - Known            0.035 secs
    Reference                                  0.187 secs
    Shared Return Calls                        0.159 secs
    Stack                                      2.140 secs
    Subroutine References                      0.128 secs
-----------------------------------------------------
     Total Time   16 secs
-----------------------------------------------------
  
2025-09-10 01:10:29 INFO  (HeadlessAnalyzer) REPORT: Analysis succeeded for file: file:///Users/chenkexin/Desktop/kk/test_taint/assets/merged_bin/liveness_Vit_onnxruntime_gcc_O0  
2025-09-10 01:10:29 INFO  (HeadlessAnalyzer) SCRIPT: /Users/chenkexin/Desktop/kk/test_taint/onnxruntime_analyzer.py  
2025-09-10 01:10:37 INFO  (GhidraScript) onnxruntime_analyzer.py> INFO: Searching for functions, thunks, and call sites related to keywords: ['GetTensorData']  
2025-09-10 01:10:37 INFO  (GhidraScript) onnxruntime_analyzer.py> WARN: No external function found with keywords '['GetTensorData']'. Trying all functions...  
2025-09-10 01:10:37 INFO  (GhidraScript) onnxruntime_analyzer.py> INFO: Found function 'GetTensorData<float>'. Searching for its thunks.  
2025-09-10 01:10:37 INFO  (GhidraScript) onnxruntime_analyzer.py> INFO: Found 1 unique call sites. Analyzing each...  
2025-09-10 01:10:37 INFO  (GhidraScript) onnxruntime_analyzer.py> 
--- Starting Stage 1 Taint Analysis from '['GetTensorData']' call sites ---  
2025-09-10 01:10:37 INFO  (GhidraScript) onnxruntime_analyzer.py> 
--- Analyzing Call Site #1057888 at 00102460 ---  
2025-09-10 01:10:37 INFO  (GhidraScript) onnxruntime_analyzer.py> DEBUG: Parent (caller): main at 00101d18  
2025-09-10 01:10:38 INFO  (GhidraScript) onnxruntime_analyzer.py> 
--- Initiating Taint Analysis for: main (call at 00102460) ---  
2025-09-10 01:10:38 INFO  (GhidraScript) onnxruntime_analyzer.py> DEBUG: Taint source is the return value of the call: local_290(StackDirect[Stack[-0x290]])  
2025-09-10 01:10:38 INFO  (GhidraScript) onnxruntime_analyzer.py> \n>>> Analyzing function: main (Depth: 0) at 00101d18 (Originating from: ['GetTensorData']) with initial taints: local_290(StackDirect[Stack[-0x290]])  
2025-09-10 01:10:38 INFO  (GhidraScript) onnxruntime_analyzer.py>   - [STACK_SEARCH.0] Analyzing varnode: (stack, 0xfffffffffffffd70, 8)  
2025-09-10 01:10:38 INFO  (GhidraScript) onnxruntime_analyzer.py>   - [STACK_SEARCH.0] Details: isAddress=0, addr=Stack[-0x290], isStackAddress=1  
2025-09-10 01:10:38 INFO  (GhidraScript) onnxruntime_analyzer.py>   - [STACK_SEARCH.0] SUCCESS (Direct): Varnode is a direct stack address with offset -0x290.  
2025-09-10 01:10:38 INFO  (GhidraScript) onnxruntime_analyzer.py> DEBUG: [STACK_RULE] Proactively tainted stack offset -0x290 from initial HighVar: local_290(StackDirect[Stack[-0x290]])  
2025-09-10 01:10:38 INFO  (GhidraScript) onnxruntime_analyzer.py> DEBUG: [STACK_TAINTS] Initial tainted stack offsets for this function: ['-0x290L']  
2025-09-10 01:10:38 INFO  (GhidraScript) onnxruntime_analyzer.py> \nDEBUG: Reached specified start PcodeOp (register, 0x4000, 8) CALL (ram, 0x1051ac, 8) at 00102460 in main, subsequent ops will be processed.  
2025-09-10 01:10:38 INFO  (GhidraScript) onnxruntime_analyzer.py> \n>>> Analyzing function: softmax<float> (Depth: 1) at 00105438 (Originating from: ['GetTensorData']) with initial taints: param_1(x0)  
2025-09-10 01:10:38 INFO  (GhidraScript) onnxruntime_analyzer.py>   - [STACK_SEARCH.0] Analyzing varnode: (register, 0x4000, 8)  
2025-09-10 01:10:38 INFO  (GhidraScript) onnxruntime_analyzer.py>   - [STACK_SEARCH.0] Details: isAddress=0, addr=register:00004000, isStackAddress=0  
2025-09-10 01:10:38 INFO  (GhidraScript) onnxruntime_analyzer.py>   - [STACK_SEARCH.0] No defining p-code op found. Aborting path.  
2025-09-10 01:10:38 INFO  (GhidraScript) onnxruntime_analyzer.py> DEBUG: Starting taint analysis from the beginning of function softmax<float>.  
2025-09-10 01:10:38 INFO  (GhidraScript) onnxruntime_analyzer.py> DEBUG: [softmax<float> @ 001054a8] Taint propagated from param_1(x0) to UNNAMED(UniquePcode[0x12480]) via PTRADD.  
2025-09-10 01:10:38 INFO  (GhidraScript) onnxruntime_analyzer.py> \n>>> Analyzing function: max_element<float_const*> (Depth: 2) at 00106a14 (Originating from: ['GetTensorData']) with initial taints: param_2(x1), param_1(x0)  
2025-09-10 01:10:38 INFO  (GhidraScript) onnxruntime_analyzer.py>   - [STACK_SEARCH.0] Analyzing varnode: (register, 0x4008, 8)  
2025-09-10 01:10:38 INFO  (GhidraScript) onnxruntime_analyzer.py>   - [STACK_SEARCH.0] Details: isAddress=0, addr=register:00004008, isStackAddress=0  
2025-09-10 01:10:38 INFO  (GhidraScript) onnxruntime_analyzer.py>   - [STACK_SEARCH.0] No defining p-code op found. Aborting path.  
2025-09-10 01:10:38 INFO  (GhidraScript) onnxruntime_analyzer.py>   - [STACK_SEARCH.0] Analyzing varnode: (register, 0x4000, 8)  
2025-09-10 01:10:38 INFO  (GhidraScript) onnxruntime_analyzer.py>   - [STACK_SEARCH.0] Details: isAddress=0, addr=register:00004000, isStackAddress=0  
2025-09-10 01:10:38 INFO  (GhidraScript) onnxruntime_analyzer.py>   - [STACK_SEARCH.0] No defining p-code op found. Aborting path.  
2025-09-10 01:10:38 INFO  (GhidraScript) onnxruntime_analyzer.py> DEBUG: Starting taint analysis from the beginning of function max_element<float_const*>.  
2025-09-10 01:10:38 INFO  (GhidraScript) onnxruntime_analyzer.py> \n>>> Analyzing function: __max_element<float_const*,__gnu_cxx::__ops::_Iter_less_iter> (Depth: 3) at 00107eac (Originating from: ['GetTensorData']) with initial taints: param_1(x0), param_2(x1)  
2025-09-10 01:10:38 INFO  (GhidraScript) onnxruntime_analyzer.py>   - [STACK_SEARCH.0] Analyzing varnode: (register, 0x4000, 8)  
2025-09-10 01:10:38 INFO  (GhidraScript) onnxruntime_analyzer.py>   - [STACK_SEARCH.0] Details: isAddress=0, addr=register:00004000, isStackAddress=0  
2025-09-10 01:10:38 INFO  (GhidraScript) onnxruntime_analyzer.py>   - [STACK_SEARCH.0] No defining p-code op found. Aborting path.  
2025-09-10 01:10:38 INFO  (GhidraScript) onnxruntime_analyzer.py>   - [STACK_SEARCH.0] Analyzing varnode: (register, 0x4008, 8)  
2025-09-10 01:10:38 INFO  (GhidraScript) onnxruntime_analyzer.py>   - [STACK_SEARCH.0] Details: isAddress=0, addr=register:00004008, isStackAddress=0  
2025-09-10 01:10:38 INFO  (GhidraScript) onnxruntime_analyzer.py>   - [STACK_SEARCH.0] No defining p-code op found. Aborting path.  
2025-09-10 01:10:38 INFO  (GhidraScript) onnxruntime_analyzer.py> DEBUG: Starting taint analysis from the beginning of function __max_element<float_const*,__gnu_cxx::__ops::_Iter_less_iter>.  
2025-09-10 01:10:38 INFO  (GhidraScript) onnxruntime_analyzer.py> DEBUG: [__max_element<float_const*,__gnu_cxx::__ops::_Iter_less_iter> @ 00107ec8] Taint propagated from param_1(x0) to UNNAMED(tmpZR) via INT_NOTEQUAL.  
2025-09-10 01:10:38 INFO  (GhidraScript) onnxruntime_analyzer.py> INFO: [__max_element<float_const*,__gnu_cxx::__ops::_Iter_less_iter> @ 00107ec8] Taint reached COMPARISON op (INT_NOTEQUAL). Operands: ['param_1(x0)', 'param_2(x1)'].  
2025-09-10 01:10:38 INFO  (GhidraScript) onnxruntime_analyzer.py> DEBUG: [CBRANCH] Found defining op for condition: (register, 0x108, 1) INT_NOTEQUAL (register, 0x4000, 8) , (register, 0x4008, 8)  
2025-09-10 01:10:38 INFO  (GhidraScript) onnxruntime_analyzer.py> INFO: [__max_element<float_const*,__gnu_cxx::__ops::_Iter_less_iter> @ 00107ecc] Taint reached CBRANCH. Operands: ['param_1(x0)', 'param_2(x1)'].   
2025-09-10 01:10:38 INFO  (GhidraScript) onnxruntime_analyzer.py> DEBUG: [__max_element<float_const*,__gnu_cxx::__ops::_Iter_less_iter> @ 00107ecc] Taint propagated from param_1(x0) to local_8(StackDirect[Stack[-0x8]]) via COPY.  
2025-09-10 01:10:38 INFO  (GhidraScript) onnxruntime_analyzer.py> DEBUG: [__max_element<float_const*,__gnu_cxx::__ops::_Iter_less_iter> @ 00107ecc] Taint propagated from param_2(x1) to local_20(StackDirect[Stack[-0x20]]) via COPY.  
2025-09-10 01:10:38 INFO  (GhidraScript) onnxruntime_analyzer.py> DEBUG: [__max_element<float_const*,__gnu_cxx::__ops::_Iter_less_iter> @ 00107ecc] Taint propagated from param_1(x0) to local_18(StackDirect[Stack[-0x18]]) via COPY.  
2025-09-10 01:10:38 INFO  (GhidraScript) onnxruntime_analyzer.py> DEBUG: [OUT-DEGREE] Tainting memory region of UNNAMED(UniquePcode[0x11f80]) due to call with other tainted args.  
2025-09-10 01:10:38 INFO  (GhidraScript) onnxruntime_analyzer.py> \n>>> Analyzing function: operator() (Depth: 4) at 00108838 (Originating from: ['GetTensorData']) with initial taints: param_2(x2), param_1(x1)  
2025-09-10 01:10:38 INFO  (GhidraScript) onnxruntime_analyzer.py>   - [STACK_SEARCH.0] Analyzing varnode: (register, 0x4010, 8)  
2025-09-10 01:10:38 INFO  (GhidraScript) onnxruntime_analyzer.py>   - [STACK_SEARCH.0] Details: isAddress=0, addr=register:00004010, isStackAddress=0  
2025-09-10 01:10:38 INFO  (GhidraScript) onnxruntime_analyzer.py>   - [STACK_SEARCH.0] No defining p-code op found. Aborting path.  
2025-09-10 01:10:38 INFO  (GhidraScript) onnxruntime_analyzer.py>   - [STACK_SEARCH.0] Analyzing varnode: (register, 0x4008, 8)  
2025-09-10 01:10:38 INFO  (GhidraScript) onnxruntime_analyzer.py>   - [STACK_SEARCH.0] Details: isAddress=0, addr=register:00004008, isStackAddress=0  
2025-09-10 01:10:38 INFO  (GhidraScript) onnxruntime_analyzer.py>   - [STACK_SEARCH.0] No defining p-code op found. Aborting path.  
2025-09-10 01:10:38 INFO  (GhidraScript) onnxruntime_analyzer.py> DEBUG: Starting taint analysis from the beginning of function operator().  
2025-09-10 01:10:38 INFO  (GhidraScript) onnxruntime_analyzer.py> DEBUG: [LOAD_HANDLER] Checking LOAD op at 0010884c. Address varnode: (register, 0x4008, 8)  
2025-09-10 01:10:38 INFO  (GhidraScript) onnxruntime_analyzer.py> DEBUG: [LOAD_HANDLER] POINTER_RULE SUCCESS: Tainting output due to load from tainted address pointer (recursive check).  
2025-09-10 01:10:38 INFO  (GhidraScript) onnxruntime_analyzer.py> DEBUG: [operator() @ 0010884c] Taint propagated from Tainted Address Pointer (param_1(x1)) to UNNAMED(s1) via LOAD.  
2025-09-10 01:10:38 INFO  (GhidraScript) onnxruntime_analyzer.py> DEBUG: [LOAD_HANDLER] Checking LOAD op at 00108854. Address varnode: (register, 0x4010, 8)  
2025-09-10 01:10:38 INFO  (GhidraScript) onnxruntime_analyzer.py> DEBUG: [LOAD_HANDLER] POINTER_RULE SUCCESS: Tainting output due to load from tainted address pointer (recursive check).  
2025-09-10 01:10:38 INFO  (GhidraScript) onnxruntime_analyzer.py> DEBUG: [operator() @ 00108854] Taint propagated from Tainted Address Pointer (param_2(x2)) to UNNAMED(s0) via LOAD.  
2025-09-10 01:10:38 INFO  (GhidraScript) onnxruntime_analyzer.py> DEBUG: [operator() @ 00108858] Taint propagated from UNNAMED(s1) to UNNAMED(UniquePcode[0x10000009]) via FLOAT_LESS.  
2025-09-10 01:10:38 INFO  (GhidraScript) onnxruntime_analyzer.py> INFO: [operator() @ 00108858] Taint reached COMPARISON op (FLOAT_LESS). Operands: ['UNNAMED(s1)', 'UNNAMED(s0)'].  
2025-09-10 01:10:38 INFO  (GhidraScript) onnxruntime_analyzer.py> DEBUG: [operator() @ 00108868] Analyzing potential tainted RETURN with value: UNNAMED(w0) (Tainted: 1)  
2025-09-10 01:10:38 INFO  (GhidraScript) onnxruntime_analyzer.py> 
==================== TAINTED RETURN DETECTED ====================  
2025-09-10 01:10:38 INFO  (GhidraScript) onnxruntime_analyzer.py>   - Taint Origin:    ['GetTensorData']  
2025-09-10 01:10:38 INFO  (GhidraScript) onnxruntime_analyzer.py>   - Function:        bool __thiscall operator()(float * param_1, float * param_2) (Depth: 4)  
2025-09-10 01:10:38 INFO  (GhidraScript) onnxruntime_analyzer.py>   - Return Address:  00108868  
2025-09-10 01:10:38 INFO  (GhidraScript) onnxruntime_analyzer.py>   - Instruction:     ret  
2025-09-10 01:10:38 INFO  (GhidraScript) onnxruntime_analyzer.py>   - Tainted Value:   UNNAMED(w0)  
2025-09-10 01:10:38 INFO  (GhidraScript) onnxruntime_analyzer.py>   - Value defined by:  (register, 0x4000, 1) COPY (unique, 0x10000009, 1) at 00108868  
2025-09-10 01:10:38 INFO  (GhidraScript) onnxruntime_analyzer.py> ================================================================
  
2025-09-10 01:10:38 INFO  (GhidraScript) onnxruntime_analyzer.py> INFO: [MULTI-STAGE] Tainted return from 'operator()'. Finding call sites to continue analysis.  
2025-09-10 01:10:38 INFO  (GhidraScript) onnxruntime_analyzer.py> INFO: [MULTI-STAGE] Queued new task to analyze caller '__max_element<float_const*,__gnu_cxx::__ops::_Iter_less_iter>' starting from tainted return.  
2025-09-10 01:10:38 INFO  (GhidraScript) onnxruntime_analyzer.py> DEBUG: [operator() @ 00108868] Taint propagated from UNNAMED(UniquePcode[0x10000009]) to UNNAMED(w0) via COPY.  
2025-09-10 01:10:38 INFO  (GhidraScript) onnxruntime_analyzer.py> <<< Finished analyzing function: operator().  
2025-09-10 01:10:38 INFO  (GhidraScript) onnxruntime_analyzer.py> INFO: [__max_element<float_const*,__gnu_cxx::__ops::_Iter_less_iter> @ 00107f00] Taint reached CBRANCH. Operands: [].   
2025-09-10 01:10:38 INFO  (GhidraScript) onnxruntime_analyzer.py> DEBUG: [__max_element<float_const*,__gnu_cxx::__ops::_Iter_less_iter> @ 00107f20] Taint propagated from local_18(StackDirect[Stack[-0x18]]) to UNNAMED(tmpZR) via INT_NOTEQUAL.  
2025-09-10 01:10:38 INFO  (GhidraScript) onnxruntime_analyzer.py> INFO: [__max_element<float_const*,__gnu_cxx::__ops::_Iter_less_iter> @ 00107f20] Taint reached COMPARISON op (INT_NOTEQUAL). Operands: ['local_18(StackDirect[Stack[-0x18]])', 'local_20(StackDirect[Stack[-0x20]])'].  
2025-09-10 01:10:38 INFO  (GhidraScript) onnxruntime_analyzer.py> DEBUG: [CBRANCH] Found defining op for condition: (register, 0x108, 1) INT_NOTEQUAL (unique, 0x11f80, 8) , (stack, 0xffffffffffffffe0, 8)  
2025-09-10 01:10:38 INFO  (GhidraScript) onnxruntime_analyzer.py> INFO: [__max_element<float_const*,__gnu_cxx::__ops::_Iter_less_iter> @ 00107f34] Taint reached CBRANCH. Operands: ['local_18(StackDirect[Stack[-0x18]])', 'local_20(StackDirect[Stack[-0x20]])'].   
2025-09-10 01:10:38 INFO  (GhidraScript) onnxruntime_analyzer.py> DEBUG: [__max_element<float_const*,__gnu_cxx::__ops::_Iter_less_iter> @ 00107f40] Analyzing potential tainted RETURN with value: local_8(StackDirect[Stack[-0x8]]) (Tainted: 1)  
2025-09-10 01:10:38 INFO  (GhidraScript) onnxruntime_analyzer.py> 
==================== TAINTED RETURN DETECTED ====================  
2025-09-10 01:10:38 INFO  (GhidraScript) onnxruntime_analyzer.py>   - Taint Origin:    ['GetTensorData']  
2025-09-10 01:10:38 INFO  (GhidraScript) onnxruntime_analyzer.py>   - Function:        float * __max_element<float_const*,__gnu_cxx::__ops::_Iter_less_iter>(float * param_1, float * param_2, _Iter_less_iter param_3) (Depth: 3)  
2025-09-10 01:10:38 INFO  (GhidraScript) onnxruntime_analyzer.py>   - Return Address:  00107f40  
2025-09-10 01:10:38 INFO  (GhidraScript) onnxruntime_analyzer.py>   - Instruction:     ret  
2025-09-10 01:10:38 INFO  (GhidraScript) onnxruntime_analyzer.py>   - Tainted Value:   local_8(StackDirect[Stack[-0x8]])  
2025-09-10 01:10:38 INFO  (GhidraScript) onnxruntime_analyzer.py>   - Value defined by:  (register, 0x4000, 8) MULTIEQUAL (stack, 0xfffffffffffffff8, 8) , (unique, 0x10000038, 8) at 00107f3c  
2025-09-10 01:10:38 INFO  (GhidraScript) onnxruntime_analyzer.py> ================================================================
  
2025-09-10 01:10:38 INFO  (GhidraScript) onnxruntime_analyzer.py> INFO: [MULTI-STAGE] Tainted return from '__max_element<float_const*,__gnu_cxx::__ops::_Iter_less_iter>'. Finding call sites to continue analysis.  
2025-09-10 01:10:38 INFO  (GhidraScript) onnxruntime_analyzer.py> INFO: [MULTI-STAGE] Queued new task to analyze caller 'max_element<float_const*>' starting from tainted return.  
2025-09-10 01:10:38 INFO  (GhidraScript) onnxruntime_analyzer.py> <<< Finished analyzing function: __max_element<float_const*,__gnu_cxx::__ops::_Iter_less_iter>.  
2025-09-10 01:10:38 INFO  (GhidraScript) onnxruntime_analyzer.py> DEBUG: [max_element<float_const*> @ 00106a44] Analyzing potential tainted RETURN with value: pfVar1(x0) (Tainted: 0)  
2025-09-10 01:10:38 INFO  (GhidraScript) onnxruntime_analyzer.py>     [DEBUG] --- Taint Check Details (RETURN FAILED) ---  
2025-09-10 01:10:38 INFO  (GhidraScript) onnxruntime_analyzer.py>     [DEBUG]   > Return Varnode: (register, 0x4000, 8) (Size: 8, Def: (register, 0x4000, 8) CALL (ram, 0x107eac, 8) , (register, 0x4000, 8) , (register, 0x4008, 8) , (register, 0x4098, 4) at 00106a38)  
2025-09-10 01:10:38 INFO  (GhidraScript) onnxruntime_analyzer.py>     [DEBUG]   > Currently Tainted HighVariables in this function:  
2025-09-10 01:10:38 INFO  (GhidraScript) onnxruntime_analyzer.py>     [DEBUG]     1. param_1(x0)  
2025-09-10 01:10:38 INFO  (GhidraScript) onnxruntime_analyzer.py>     [DEBUG]     2. param_2(x1)  
2025-09-10 01:10:38 INFO  (GhidraScript) onnxruntime_analyzer.py>     [DEBUG] ---------------------------------  
2025-09-10 01:10:38 INFO  (GhidraScript) onnxruntime_analyzer.py> <<< Finished analyzing function: max_element<float_const*>.  
2025-09-10 01:10:38 INFO  (GhidraScript) onnxruntime_analyzer.py> DEBUG: [LOAD_HANDLER] Checking LOAD op at 001054b8. Address varnode: (register, 0x4000, 8)  
2025-09-10 01:10:38 INFO  (GhidraScript) onnxruntime_analyzer.py> DEBUG: [LOAD_HANDLER] POINTER_RULE FAIL: Address varnode pfVar1(x0) is not tainted (recursive check).  
2025-09-10 01:10:38 INFO  (GhidraScript) onnxruntime_analyzer.py> DEBUG: [LOAD_HANDLER] REGION_RULE FAIL: Address pointer pfVar1(x0) is not in the tainted memory regions set.  
2025-09-10 01:10:38 INFO  (GhidraScript) onnxruntime_analyzer.py> DEBUG: [softmax<float> @ 001054d8] Taint propagated from param_1(x0) to UNNAMED(UniquePcode[0x12480]) via PTRADD.  
2025-09-10 01:10:38 INFO  (GhidraScript) onnxruntime_analyzer.py> DEBUG: [LOAD_HANDLER] Checking LOAD op at 001054dc. Address varnode: (unique, 0x12480, 8)  
2025-09-10 01:10:38 INFO  (GhidraScript) onnxruntime_analyzer.py> DEBUG: [LOAD_HANDLER] POINTER_RULE SUCCESS: Tainting output due to load from tainted address pointer (recursive check).  
2025-09-10 01:10:38 INFO  (GhidraScript) onnxruntime_analyzer.py> DEBUG: [softmax<float> @ 001054dc] Taint propagated from Tainted Address Pointer (UNNAMED(UniquePcode[0x12480])) to UNNAMED(s1) via LOAD.  
2025-09-10 01:10:38 INFO  (GhidraScript) onnxruntime_analyzer.py> DEBUG: [softmax<float> @ 001054e4] Taint propagated from UNNAMED(s1) to UNNAMED(s0) via FLOAT_SUB.  
2025-09-10 01:10:38 INFO  (GhidraScript) onnxruntime_analyzer.py> INFO: [RULE_MATH] Detected call to 'exp' with tainted argument(s): UNNAMED(s0)  
2025-09-10 01:10:38 INFO  (GhidraScript) onnxruntime_analyzer.py> INFO: [RULE_MATH] Propagating taint to return value: uVar3(s0)  
2025-09-10 01:10:38 INFO  (GhidraScript) onnxruntime_analyzer.py> DEBUG: [MEMORY_RULE] Tainting memory region pointed to by: puVar2(x0)  
2025-09-10 01:10:38 INFO  (GhidraScript) onnxruntime_analyzer.py> DEBUG: [LOAD_HANDLER] Checking LOAD op at 0010550c. Address varnode: (register, 0x4000, 8)  
2025-09-10 01:10:38 INFO  (GhidraScript) onnxruntime_analyzer.py> DEBUG: [LOAD_HANDLER] POINTER_RULE FAIL: Address varnode pfVar1(x0) is not tainted (recursive check).  
2025-09-10 01:10:38 INFO  (GhidraScript) onnxruntime_analyzer.py> DEBUG: [LOAD_HANDLER] REGION_RULE FAIL: Address pointer pfVar1(x0) is not in the tainted memory regions set.  
2025-09-10 01:10:38 INFO  (GhidraScript) onnxruntime_analyzer.py> DEBUG: [CBRANCH] Found defining op for condition: (register, 0x105, 1) INT_LESS (stack, 0xffffffffffffffb0, 8) , (register, 0x4008, 8)  
2025-09-10 01:10:38 INFO  (GhidraScript) onnxruntime_analyzer.py> INFO: [softmax<float> @ 00105534] Taint reached CBRANCH. Operands: ['local_50(StackDirect[Stack[-0x50]])', 'param_2(x1)'].   
2025-09-10 01:10:38 INFO  (GhidraScript) onnxruntime_analyzer.py> DEBUG: [LOAD_HANDLER] Checking LOAD op at 0010554c. Address varnode: (register, 0x4000, 8)  
2025-09-10 01:10:38 INFO  (GhidraScript) onnxruntime_analyzer.py> DEBUG: [LOAD_HANDLER] POINTER_RULE FAIL: Address varnode pfVar1(x0) is not tainted (recursive check).  
2025-09-10 01:10:38 INFO  (GhidraScript) onnxruntime_analyzer.py> DEBUG: [LOAD_HANDLER] REGION_RULE FAIL: Address pointer pfVar1(x0) is not in the tainted memory regions set.  
2025-09-10 01:10:38 INFO  (GhidraScript) onnxruntime_analyzer.py> DEBUG: [CBRANCH] Found defining op for condition: (register, 0x105, 1) INT_LESS (stack, 0xffffffffffffffb8, 8) , (register, 0x4008, 8)  
2025-09-10 01:10:38 INFO  (GhidraScript) onnxruntime_analyzer.py> INFO: [softmax<float> @ 00105574] Taint reached CBRANCH. Operands: ['local_48(StackDirect[Stack[-0x48]])', 'param_2(x1)'].   
2025-09-10 01:10:38 INFO  (GhidraScript) onnxruntime_analyzer.py> DEBUG: [CBRANCH] Found defining op for condition: (register, 0x108, 1) INT_NOTEQUAL (unique, 0x3e480, 8) , (const, 0x0, 8)  
2025-09-10 01:10:38 INFO  (GhidraScript) onnxruntime_analyzer.py> INFO: [softmax<float> @ 00105608] Taint reached CBRANCH. Operands: ['UNNAMED(UniquePcode[0x3e480])', 'UnnamedHighVar(Constant: 0x0)'].   
2025-09-10 01:10:38 INFO  (GhidraScript) onnxruntime_analyzer.py> DEBUG: [softmax<float> @ 00105624] Analyzing potential tainted RETURN with value: UNNAMED(w0) (Tainted: 0)  
2025-09-10 01:10:38 INFO  (GhidraScript) onnxruntime_analyzer.py>     [DEBUG] --- Taint Check Details (RETURN FAILED) ---  
2025-09-10 01:10:38 INFO  (GhidraScript) onnxruntime_analyzer.py>     [DEBUG]   > Return Varnode: (register, 0x4000, 4) (Size: 4, Def: (register, 0x4000, 4) SUBPIECE (register, 0x4040, 8) , (const, 0x0, 4) at 00105624)  
2025-09-10 01:10:38 INFO  (GhidraScript) onnxruntime_analyzer.py>     [DEBUG]   > Currently Tainted HighVariables in this function:  
2025-09-10 01:10:38 INFO  (GhidraScript) onnxruntime_analyzer.py>     [DEBUG]     1. UNNAMED(UniquePcode[0x12480])  
2025-09-10 01:10:38 INFO  (GhidraScript) onnxruntime_analyzer.py>     [DEBUG]     2. UNNAMED(UniquePcode[0x12480])  
2025-09-10 01:10:38 INFO  (GhidraScript) onnxruntime_analyzer.py>     [DEBUG]     3. UNNAMED(s0)  
2025-09-10 01:10:38 INFO  (GhidraScript) onnxruntime_analyzer.py>     [DEBUG]     4. UNNAMED(s1)  
2025-09-10 01:10:38 INFO  (GhidraScript) onnxruntime_analyzer.py>     [DEBUG]     5. param_1(x0)  
2025-09-10 01:10:38 INFO  (GhidraScript) onnxruntime_analyzer.py>     [DEBUG]     6. uVar3(s0)  
2025-09-10 01:10:38 INFO  (GhidraScript) onnxruntime_analyzer.py>     [DEBUG] ---------------------------------  
2025-09-10 01:10:38 INFO  (GhidraScript) onnxruntime_analyzer.py> <<< Finished analyzing function: softmax<float>.  
2025-09-10 01:10:38 INFO  (GhidraScript) onnxruntime_analyzer.py> DEBUG: [LOAD_HANDLER] Checking LOAD op at 00102500. Address varnode: (register, 0x4000, 8)  
2025-09-10 01:10:38 INFO  (GhidraScript) onnxruntime_analyzer.py>   - [STACK_SEARCH.0] Analyzing varnode: (register, 0x4000, 8)  
2025-09-10 01:10:38 INFO  (GhidraScript) onnxruntime_analyzer.py>   - [STACK_SEARCH.0] Details: isAddress=0, addr=register:00004000, isStackAddress=0  
2025-09-10 01:10:38 INFO  (GhidraScript) onnxruntime_analyzer.py>   - [STACK_SEARCH.0] Def P-Code Op: (register, 0x4000, 8) CAST (unique, 0x10000de9, 8)  
2025-09-10 01:10:38 INFO  (GhidraScript) onnxruntime_analyzer.py>   - [STACK_SEARCH.0] Recursing through CAST...  
2025-09-10 01:10:38 INFO  (GhidraScript) onnxruntime_analyzer.py>   - [STACK_SEARCH.1] Analyzing varnode: (unique, 0x10000de9, 8)  
2025-09-10 01:10:38 INFO  (GhidraScript) onnxruntime_analyzer.py>   - [STACK_SEARCH.1] Details: isAddress=0, addr=unique:10000de9, isStackAddress=0  
2025-09-10 01:10:38 INFO  (GhidraScript) onnxruntime_analyzer.py>   - [STACK_SEARCH.1] Def P-Code Op: (unique, 0x10000de9, 8) CALL (ram, 0x104f24, 8) , (unique, 0x10000de1, 8) , (const, 0x0, 8)  
2025-09-10 01:10:38 INFO  (GhidraScript) onnxruntime_analyzer.py>   - [STACK_SEARCH.1] Mnemonic 'CALL' is not a handled case. Aborting path.  
2025-09-10 01:10:38 INFO  (GhidraScript) onnxruntime_analyzer.py> DEBUG: [LOAD_HANDLER] POINTER_RULE FAIL: Address varnode pfVar12(x0) is not tainted (recursive check).  
2025-09-10 01:10:38 INFO  (GhidraScript) onnxruntime_analyzer.py> DEBUG: [LOAD_HANDLER] REGION_RULE FAIL: Address pointer pfVar12(x0) is not in the tainted memory regions set.  
2025-09-10 01:10:38 INFO  (GhidraScript) onnxruntime_analyzer.py> DEBUG: [CBRANCH] Found defining op for condition: (unique, 0x1000073f, 1) FLOAT_LESSEQUAL (register, 0x5000, 4) , (const, 0x3f666666, 4)  
2025-09-10 01:10:38 INFO  (GhidraScript) onnxruntime_analyzer.py> INFO: [main @ 00102524] Taint reached CBRANCH. Operands: ['UNNAMED(s0)', 'UnnamedHighVar(Constant: 0x3f666666)'].   
2025-09-10 01:10:38 INFO  (GhidraScript) onnxruntime_analyzer.py> DEBUG: [CBRANCH] Found defining op for condition: (register, 0x108, 1) INT_NOTEQUAL (unique, 0x3e480, 8) , (const, 0x0, 8)  
2025-09-10 01:10:38 INFO  (GhidraScript) onnxruntime_analyzer.py> INFO: [main @ 001025f4] Taint reached CBRANCH. Operands: ['UNNAMED(UniquePcode[0x3e480])', 'UnnamedHighVar(Constant: 0x0)'].   
2025-09-10 01:10:38 INFO  (GhidraScript) onnxruntime_analyzer.py> DEBUG: [main @ 00102860] Analyzing potential tainted RETURN with value: UNNAMED(x0) (Tainted: 0)  
2025-09-10 01:10:38 INFO  (GhidraScript) onnxruntime_analyzer.py>     [DEBUG] --- Taint Check Details (RETURN FAILED) ---  
2025-09-10 01:10:38 INFO  (GhidraScript) onnxruntime_analyzer.py>     [DEBUG]   > Return Varnode: (register, 0x4000, 8) (Size: 8, Def: (register, 0x4000, 8) COPY (register, 0x4098, 8) at 00102848)  
2025-09-10 01:10:38 INFO  (GhidraScript) onnxruntime_analyzer.py>     [DEBUG]   > Currently Tainted HighVariables in this function:  
2025-09-10 01:10:38 INFO  (GhidraScript) onnxruntime_analyzer.py>     [DEBUG]     1. local_290(StackDirect[Stack[-0x290]])  
2025-09-10 01:10:38 INFO  (GhidraScript) onnxruntime_analyzer.py>     [DEBUG] ---------------------------------  
2025-09-10 01:10:38 INFO  (GhidraScript) onnxruntime_analyzer.py> <<< Finished analyzing function: main.  
2025-09-10 01:10:38 INFO  (GhidraScript) onnxruntime_analyzer.py> 
--- Stage 1 Complete. Checking for pending multi-stage analysis tasks... ---  
2025-09-10 01:10:38 INFO  (GhidraScript) onnxruntime_analyzer.py> 
--- Initiating Stage 2 Analysis Task #1 (from rule: tainted_return_from_operator()) ---  
2025-09-10 01:10:38 INFO  (GhidraScript) onnxruntime_analyzer.py> \n>>> Analyzing function: __max_element<float_const*,__gnu_cxx::__ops::_Iter_less_iter> (Depth: 0) at 00107eac (Originating from: tainted_return_from_operator()) with initial taints: bVar1(w0)  
2025-09-10 01:10:38 INFO  (GhidraScript) onnxruntime_analyzer.py>   - [STACK_SEARCH.0] Analyzing varnode: (register, 0x4000, 1)  
2025-09-10 01:10:38 INFO  (GhidraScript) onnxruntime_analyzer.py>   - [STACK_SEARCH.0] Details: isAddress=0, addr=register:00004000, isStackAddress=0  
2025-09-10 01:10:38 INFO  (GhidraScript) onnxruntime_analyzer.py>   - [STACK_SEARCH.0] Def P-Code Op: (register, 0x4000, 1) CALL (ram, 0x108838, 8) , (unique, 0x11f80, 8) , (stack, 0xfffffffffffffff8, 8) , (unique, 0x11f80, 8)  
2025-09-10 01:10:38 INFO  (GhidraScript) onnxruntime_analyzer.py>   - [STACK_SEARCH.0] Mnemonic 'CALL' is not a handled case. Aborting path.  
2025-09-10 01:10:38 INFO  (GhidraScript) onnxruntime_analyzer.py> \nDEBUG: Reached specified start PcodeOp (register, 0x4000, 1) CALL (ram, 0x108838, 8) , (unique, 0x11f80, 8) , (stack, 0xfffffffffffffff8, 8) , (unique, 0x11f80, 8) at 00107ef0 in __max_element<float_const*,__gnu_cxx::__ops::_Iter_less_iter>, subsequent ops will be processed.  
2025-09-10 01:10:38 INFO  (GhidraScript) onnxruntime_analyzer.py> INFO: [__max_element<float_const*,__gnu_cxx::__ops::_Iter_less_iter> @ 00107f00] Taint reached CBRANCH. Operands: [].   
2025-09-10 01:10:38 INFO  (GhidraScript) onnxruntime_analyzer.py> DEBUG: [CBRANCH] Found defining op for condition: (register, 0x108, 1) INT_NOTEQUAL (unique, 0x11f80, 8) , (stack, 0xffffffffffffffe0, 8)  
2025-09-10 01:10:38 INFO  (GhidraScript) onnxruntime_analyzer.py> INFO: [__max_element<float_const*,__gnu_cxx::__ops::_Iter_less_iter> @ 00107f34] Taint reached CBRANCH. Operands: ['local_18(StackDirect[Stack[-0x18]])', 'local_20(StackDirect[Stack[-0x20]])'].   
2025-09-10 01:10:38 INFO  (GhidraScript) onnxruntime_analyzer.py> DEBUG: [__max_element<float_const*,__gnu_cxx::__ops::_Iter_less_iter> @ 00107f40] Analyzing potential tainted RETURN with value: local_8(StackDirect[Stack[-0x8]]) (Tainted: 0)  
2025-09-10 01:10:38 INFO  (GhidraScript) onnxruntime_analyzer.py>     [DEBUG] --- Taint Check Details (RETURN FAILED) ---  
2025-09-10 01:10:38 INFO  (GhidraScript) onnxruntime_analyzer.py>     [DEBUG]   > Return Varnode: (register, 0x4000, 8) (Size: 8, Def: (register, 0x4000, 8) MULTIEQUAL (stack, 0xfffffffffffffff8, 8) , (unique, 0x10000038, 8) at 00107f3c)  
2025-09-10 01:10:38 INFO  (GhidraScript) onnxruntime_analyzer.py>     [DEBUG]   > Currently Tainted HighVariables in this function:  
2025-09-10 01:10:38 INFO  (GhidraScript) onnxruntime_analyzer.py>     [DEBUG]     1. bVar1(w0)  
2025-09-10 01:10:38 INFO  (GhidraScript) onnxruntime_analyzer.py>     [DEBUG] ---------------------------------  
2025-09-10 01:10:38 INFO  (GhidraScript) onnxruntime_analyzer.py> <<< Finished analyzing function: __max_element<float_const*,__gnu_cxx::__ops::_Iter_less_iter>.  
2025-09-10 01:10:38 INFO  (GhidraScript) onnxruntime_analyzer.py> 
--- Initiating Stage 2 Analysis Task #2 (from rule: tainted_return_from___max_element<float_const*,__gnu_cxx::__ops::_Iter_less_iter>) ---  
2025-09-10 01:10:38 INFO  (GhidraScript) onnxruntime_analyzer.py> \n>>> Analyzing function: max_element<float_const*> (Depth: 0) at 00106a14 (Originating from: tainted_return_from___max_element<float_const*,__gnu_cxx::__ops::_Iter_less_iter>) with initial taints: pfVar1(x0)  
2025-09-10 01:10:38 INFO  (GhidraScript) onnxruntime_analyzer.py>   - [STACK_SEARCH.0] Analyzing varnode: (register, 0x4000, 8)  
2025-09-10 01:10:38 INFO  (GhidraScript) onnxruntime_analyzer.py>   - [STACK_SEARCH.0] Details: isAddress=0, addr=register:00004000, isStackAddress=0  
2025-09-10 01:10:38 INFO  (GhidraScript) onnxruntime_analyzer.py>   - [STACK_SEARCH.0] Def P-Code Op: (register, 0x4000, 8) CALL (ram, 0x107eac, 8) , (register, 0x4000, 8) , (register, 0x4008, 8) , (register, 0x4098, 4)  
2025-09-10 01:10:38 INFO  (GhidraScript) onnxruntime_analyzer.py>   - [STACK_SEARCH.0] Mnemonic 'CALL' is not a handled case. Aborting path.  
2025-09-10 01:10:38 INFO  (GhidraScript) onnxruntime_analyzer.py> \nDEBUG: Reached specified start PcodeOp (register, 0x4000, 8) CALL (ram, 0x107eac, 8) , (register, 0x4000, 8) , (register, 0x4008, 8) , (register, 0x4098, 4) at 00106a38 in max_element<float_const*>, subsequent ops will be processed.  
2025-09-10 01:10:38 INFO  (GhidraScript) onnxruntime_analyzer.py> DEBUG: [max_element<float_const*> @ 00106a44] Analyzing potential tainted RETURN with value: pfVar1(x0) (Tainted: 1)  
2025-09-10 01:10:38 INFO  (GhidraScript) onnxruntime_analyzer.py> 
==================== TAINTED RETURN DETECTED ====================  
2025-09-10 01:10:38 INFO  (GhidraScript) onnxruntime_analyzer.py>   - Taint Origin:    tainted_return_from___max_element<float_const*,__gnu_cxx::__ops::_Iter_less_iter>  
2025-09-10 01:10:38 INFO  (GhidraScript) onnxruntime_analyzer.py>   - Function:        float * max_element<float_const*>(float * param_1, float * param_2) (Depth: 0)  
2025-09-10 01:10:38 INFO  (GhidraScript) onnxruntime_analyzer.py>   - Return Address:  00106a44  
2025-09-10 01:10:38 INFO  (GhidraScript) onnxruntime_analyzer.py>   - Instruction:     ret  
2025-09-10 01:10:38 INFO  (GhidraScript) onnxruntime_analyzer.py>   - Tainted Value:   pfVar1(x0)  
2025-09-10 01:10:38 INFO  (GhidraScript) onnxruntime_analyzer.py>   - Value defined by:  (register, 0x4000, 8) CALL (ram, 0x107eac, 8) , (register, 0x4000, 8) , (register, 0x4008, 8) , (register, 0x4098, 4) at 00106a38  
2025-09-10 01:10:38 INFO  (GhidraScript) onnxruntime_analyzer.py> ================================================================
  
2025-09-10 01:10:38 INFO  (GhidraScript) onnxruntime_analyzer.py> INFO: [MULTI-STAGE] Tainted return from 'max_element<float_const*>'. Finding call sites to continue analysis.  
2025-09-10 01:10:38 INFO  (GhidraScript) onnxruntime_analyzer.py> INFO: [MULTI-STAGE] Queued new task to analyze caller 'softmax<float>' starting from tainted return.  
2025-09-10 01:10:38 INFO  (GhidraScript) onnxruntime_analyzer.py> <<< Finished analyzing function: max_element<float_const*>.  
2025-09-10 01:10:38 INFO  (GhidraScript) onnxruntime_analyzer.py> 
--- Initiating Stage 2 Analysis Task #3 (from rule: tainted_return_from_max_element<float_const*>) ---  
2025-09-10 01:10:38 INFO  (GhidraScript) onnxruntime_analyzer.py> \n>>> Analyzing function: softmax<float> (Depth: 0) at 00105438 (Originating from: tainted_return_from_max_element<float_const*>) with initial taints: pfVar1(x0)  
2025-09-10 01:10:38 INFO  (GhidraScript) onnxruntime_analyzer.py>   - [STACK_SEARCH.0] Analyzing varnode: (register, 0x4000, 8)  
2025-09-10 01:10:38 INFO  (GhidraScript) onnxruntime_analyzer.py>   - [STACK_SEARCH.0] Details: isAddress=0, addr=register:00004000, isStackAddress=0  
2025-09-10 01:10:38 INFO  (GhidraScript) onnxruntime_analyzer.py>   - [STACK_SEARCH.0] Def P-Code Op: (register, 0x4000, 8) CALL (ram, 0x106a14, 8) , (register, 0x4000, 8) , (unique, 0x12480, 8)  
2025-09-10 01:10:38 INFO  (GhidraScript) onnxruntime_analyzer.py>   - [STACK_SEARCH.0] Mnemonic 'CALL' is not a handled case. Aborting path.  
2025-09-10 01:10:38 INFO  (GhidraScript) onnxruntime_analyzer.py> \nDEBUG: Reached specified start PcodeOp (register, 0x4000, 8) CALL (ram, 0x106a14, 8) , (register, 0x4000, 8) , (unique, 0x12480, 8) at 001054b4 in softmax<float>, subsequent ops will be processed.  
2025-09-10 01:10:38 INFO  (GhidraScript) onnxruntime_analyzer.py> DEBUG: [LOAD_HANDLER] Checking LOAD op at 001054b8. Address varnode: (register, 0x4000, 8)  
2025-09-10 01:10:38 INFO  (GhidraScript) onnxruntime_analyzer.py> DEBUG: [LOAD_HANDLER] POINTER_RULE SUCCESS: Tainting output due to load from tainted address pointer (recursive check).  
2025-09-10 01:10:38 INFO  (GhidraScript) onnxruntime_analyzer.py> DEBUG: [softmax<float> @ 001054b8] Taint propagated from Tainted Address Pointer (pfVar1(x0)) to local_54(StackDirect[Stack[-0x54]]) via LOAD.  
2025-09-10 01:10:38 INFO  (GhidraScript) onnxruntime_analyzer.py> DEBUG: [LOAD_HANDLER] Checking LOAD op at 001054dc. Address varnode: (unique, 0x12480, 8)  
2025-09-10 01:10:38 INFO  (GhidraScript) onnxruntime_analyzer.py> DEBUG: [LOAD_HANDLER] POINTER_RULE FAIL: Address varnode UNNAMED(UniquePcode[0x12480]) is not tainted (recursive check).  
2025-09-10 01:10:38 INFO  (GhidraScript) onnxruntime_analyzer.py> DEBUG: [LOAD_HANDLER] REGION_RULE FAIL: Address pointer UNNAMED(UniquePcode[0x12480]) is not in the tainted memory regions set.  
2025-09-10 01:10:38 INFO  (GhidraScript) onnxruntime_analyzer.py> DEBUG: [softmax<float> @ 001054e4] Taint propagated from local_54(StackDirect[Stack[-0x54]]) to UNNAMED(s0) via FLOAT_SUB.  
2025-09-10 01:10:38 INFO  (GhidraScript) onnxruntime_analyzer.py> INFO: [RULE_MATH] Detected call to 'exp' with tainted argument(s): UNNAMED(s0)  
2025-09-10 01:10:38 INFO  (GhidraScript) onnxruntime_analyzer.py> INFO: [RULE_MATH] Propagating taint to return value: uVar3(s0)  
2025-09-10 01:10:38 INFO  (GhidraScript) onnxruntime_analyzer.py> DEBUG: [MEMORY_RULE] Tainting memory region pointed to by: puVar2(x0)  
2025-09-10 01:10:38 INFO  (GhidraScript) onnxruntime_analyzer.py> DEBUG: [LOAD_HANDLER] Checking LOAD op at 0010550c. Address varnode: (register, 0x4000, 8)  
2025-09-10 01:10:38 INFO  (GhidraScript) onnxruntime_analyzer.py> DEBUG: [LOAD_HANDLER] POINTER_RULE SUCCESS: Tainting output due to load from tainted address pointer (recursive check).  
2025-09-10 01:10:38 INFO  (GhidraScript) onnxruntime_analyzer.py> DEBUG: [softmax<float> @ 0010550c] Taint propagated from Tainted Address Pointer (pfVar1(x0)) to UNNAMED(s0) via LOAD.  
2025-09-10 01:10:38 INFO  (GhidraScript) onnxruntime_analyzer.py> DEBUG: [softmax<float> @ 00105514] Taint propagated from UNNAMED(s0) to local_58(StackDirect[Stack[-0x58]]) via FLOAT_ADD.  
2025-09-10 01:10:38 INFO  (GhidraScript) onnxruntime_analyzer.py> DEBUG: [CBRANCH] Found defining op for condition: (register, 0x105, 1) INT_LESS (stack, 0xffffffffffffffb0, 8) , (register, 0x4008, 8)  
2025-09-10 01:10:38 INFO  (GhidraScript) onnxruntime_analyzer.py> INFO: [softmax<float> @ 00105534] Taint reached CBRANCH. Operands: ['local_50(StackDirect[Stack[-0x50]])', 'param_2(x1)'].   
2025-09-10 01:10:38 INFO  (GhidraScript) onnxruntime_analyzer.py> DEBUG: [LOAD_HANDLER] Checking LOAD op at 0010554c. Address varnode: (register, 0x4000, 8)  
2025-09-10 01:10:38 INFO  (GhidraScript) onnxruntime_analyzer.py> DEBUG: [LOAD_HANDLER] POINTER_RULE SUCCESS: Tainting output due to load from tainted address pointer (recursive check).  
2025-09-10 01:10:38 INFO  (GhidraScript) onnxruntime_analyzer.py> DEBUG: [softmax<float> @ 0010554c] Taint propagated from Tainted Address Pointer (pfVar1(x0)) to UNNAMED(s1) via LOAD.  
2025-09-10 01:10:38 INFO  (GhidraScript) onnxruntime_analyzer.py> DEBUG: [softmax<float> @ 00105554] Taint propagated from UNNAMED(s1) to UNNAMED(s0) via FLOAT_DIV.  
2025-09-10 01:10:38 INFO  (GhidraScript) onnxruntime_analyzer.py> DEBUG: [MEMORY_RULE] Tainting memory region pointed to by: pfVar1(x0)  
2025-09-10 01:10:38 INFO  (GhidraScript) onnxruntime_analyzer.py> DEBUG: [CBRANCH] Found defining op for condition: (register, 0x105, 1) INT_LESS (stack, 0xffffffffffffffb8, 8) , (register, 0x4008, 8)  
2025-09-10 01:10:38 INFO  (GhidraScript) onnxruntime_analyzer.py> INFO: [softmax<float> @ 00105574] Taint reached CBRANCH. Operands: ['local_48(StackDirect[Stack[-0x48]])', 'param_2(x1)'].   
2025-09-10 01:10:38 INFO  (GhidraScript) onnxruntime_analyzer.py> DEBUG: [CBRANCH] Found defining op for condition: (register, 0x108, 1) INT_NOTEQUAL (unique, 0x3e480, 8) , (const, 0x0, 8)  
2025-09-10 01:10:38 INFO  (GhidraScript) onnxruntime_analyzer.py> INFO: [softmax<float> @ 00105608] Taint reached CBRANCH. Operands: ['UNNAMED(UniquePcode[0x3e480])', 'UnnamedHighVar(Constant: 0x0)'].   
2025-09-10 01:10:38 INFO  (GhidraScript) onnxruntime_analyzer.py> DEBUG: [softmax<float> @ 00105624] Analyzing potential tainted RETURN with value: UNNAMED(w0) (Tainted: 0)  
2025-09-10 01:10:38 INFO  (GhidraScript) onnxruntime_analyzer.py>     [DEBUG] --- Taint Check Details (RETURN FAILED) ---  
2025-09-10 01:10:38 INFO  (GhidraScript) onnxruntime_analyzer.py>     [DEBUG]   > Return Varnode: (register, 0x4000, 4) (Size: 4, Def: (register, 0x4000, 4) SUBPIECE (register, 0x4040, 8) , (const, 0x0, 4) at 00105624)  
2025-09-10 01:10:38 INFO  (GhidraScript) onnxruntime_analyzer.py>     [DEBUG]   > Currently Tainted HighVariables in this function:  
2025-09-10 01:10:38 INFO  (GhidraScript) onnxruntime_analyzer.py>     [DEBUG]     1. UNNAMED(s0)  
2025-09-10 01:10:38 INFO  (GhidraScript) onnxruntime_analyzer.py>     [DEBUG]     2. UNNAMED(s0)  
2025-09-10 01:10:38 INFO  (GhidraScript) onnxruntime_analyzer.py>     [DEBUG]     3. UNNAMED(s0)  
2025-09-10 01:10:38 INFO  (GhidraScript) onnxruntime_analyzer.py>     [DEBUG]     4. UNNAMED(s1)  
2025-09-10 01:10:38 INFO  (GhidraScript) onnxruntime_analyzer.py>     [DEBUG]     5. local_54(StackDirect[Stack[-0x54]])  
2025-09-10 01:10:38 INFO  (GhidraScript) onnxruntime_analyzer.py>     [DEBUG]     6. local_58(StackDirect[Stack[-0x58]])  
2025-09-10 01:10:38 INFO  (GhidraScript) onnxruntime_analyzer.py>     [DEBUG]     7. pfVar1(x0)  
2025-09-10 01:10:38 INFO  (GhidraScript) onnxruntime_analyzer.py>     [DEBUG]     8. uVar3(s0)  
2025-09-10 01:10:38 INFO  (GhidraScript) onnxruntime_analyzer.py>     [DEBUG] ---------------------------------  
2025-09-10 01:10:38 INFO  (GhidraScript) onnxruntime_analyzer.py> <<< Finished analyzing function: softmax<float>.  
2025-09-10 01:10:38 INFO  (GhidraScript) onnxruntime_analyzer.py> 
--- All Multi-Stage Analysis Tasks Complete. ---  
2025-09-10 01:10:38 INFO  (GhidraScript) onnxruntime_analyzer.py> 
--- Taint Analysis Run Complete ---  
2025-09-10 01:10:38 INFO  (GhidraScript) onnxruntime_analyzer.py> \n--- All Detected Tainted Value Usages (Interprocedural) ---  
2025-09-10 01:10:38 INFO  (GhidraScript) onnxruntime_analyzer.py> Usage #1:  
2025-09-10 01:10:38 INFO  (GhidraScript) onnxruntime_analyzer.py>   Originating Lib Call: ['GetTensorData']  
2025-09-10 01:10:38 INFO  (GhidraScript) onnxruntime_analyzer.py>   Found In Function:   main at 00101d18  
2025-09-10 01:10:38 INFO  (GhidraScript) onnxruntime_analyzer.py>   Instruction Address: 001024e0  
2025-09-10 01:10:38 INFO  (GhidraScript) onnxruntime_analyzer.py>     PCode Op:             ---  CALL (ram, 0x105438, 8) , (stack, 0xfffffffffffffd70, 8) , (register, 0x4000, 8)  
2025-09-10 01:10:38 INFO  (GhidraScript) onnxruntime_analyzer.py>     Usage Type:          TAINTED_ARG_TO_CALL_RECURSION  
2025-09-10 01:10:38 INFO  (GhidraScript) onnxruntime_analyzer.py>     Details:             Recursive call to softmax<float> (CALL) with taints: param_1(x0).  
2025-09-10 01:10:38 INFO  (GhidraScript) onnxruntime_analyzer.py> ----------------------------------------  
2025-09-10 01:10:38 INFO  (GhidraScript) onnxruntime_analyzer.py> Usage #2:  
2025-09-10 01:10:38 INFO  (GhidraScript) onnxruntime_analyzer.py>   Originating Lib Call: ['GetTensorData']  
2025-09-10 01:10:38 INFO  (GhidraScript) onnxruntime_analyzer.py>   Found In Function:   softmax<float> at 00105438  
2025-09-10 01:10:38 INFO  (GhidraScript) onnxruntime_analyzer.py>   Instruction Address: 001054b4  
2025-09-10 01:10:38 INFO  (GhidraScript) onnxruntime_analyzer.py>     PCode Op:            (register, 0x4000, 8) CALL (ram, 0x106a14, 8) , (register, 0x4000, 8) , (unique, 0x12480, 8)  
2025-09-10 01:10:38 INFO  (GhidraScript) onnxruntime_analyzer.py>     Usage Type:          TAINTED_ARG_TO_CALL_RECURSION  
2025-09-10 01:10:38 INFO  (GhidraScript) onnxruntime_analyzer.py>     Details:             Recursive call to max_element<float_const*> (CALL) with taints: param_2(x1), param_1(x0).  
2025-09-10 01:10:38 INFO  (GhidraScript) onnxruntime_analyzer.py> ----------------------------------------  
2025-09-10 01:10:38 INFO  (GhidraScript) onnxruntime_analyzer.py> Usage #3:  
2025-09-10 01:10:38 INFO  (GhidraScript) onnxruntime_analyzer.py>   Originating Lib Call: ['GetTensorData']  
2025-09-10 01:10:38 INFO  (GhidraScript) onnxruntime_analyzer.py>   Found In Function:   max_element<float_const*> at 00106a14  
2025-09-10 01:10:38 INFO  (GhidraScript) onnxruntime_analyzer.py>   Instruction Address: 00106a38  
2025-09-10 01:10:38 INFO  (GhidraScript) onnxruntime_analyzer.py>     PCode Op:            (register, 0x4000, 8) CALL (ram, 0x107eac, 8) , (register, 0x4000, 8) , (register, 0x4008, 8) , (register, 0x4098, 4)  
2025-09-10 01:10:38 INFO  (GhidraScript) onnxruntime_analyzer.py>     Usage Type:          TAINTED_ARG_TO_CALL_RECURSION  
2025-09-10 01:10:38 INFO  (GhidraScript) onnxruntime_analyzer.py>     Details:             Recursive call to __max_element<float_const*,__gnu_cxx::__ops::_Iter_less_iter> (CALL) with taints: param_1(x0), param_2(x1).  
2025-09-10 01:10:38 INFO  (GhidraScript) onnxruntime_analyzer.py> ----------------------------------------  
2025-09-10 01:10:38 INFO  (GhidraScript) onnxruntime_analyzer.py> Usage #4:  
2025-09-10 01:10:38 INFO  (GhidraScript) onnxruntime_analyzer.py>   Originating Lib Call: ['GetTensorData']  
2025-09-10 01:10:38 INFO  (GhidraScript) onnxruntime_analyzer.py>   Found In Function:   __max_element<float_const*,__gnu_cxx::__ops::_Iter_less_iter> at 00107eac  
2025-09-10 01:10:38 INFO  (GhidraScript) onnxruntime_analyzer.py>   Instruction Address: 00107ec8  
2025-09-10 01:10:38 INFO  (GhidraScript) onnxruntime_analyzer.py>     PCode Op:            (register, 0x108, 1) INT_NOTEQUAL (register, 0x4000, 8) , (register, 0x4008, 8)  
2025-09-10 01:10:39 INFO  (GhidraScript) onnxruntime_analyzer.py>     Usage Type:          TAINTED_COMPARISON  
2025-09-10 01:10:39 INFO  (GhidraScript) onnxruntime_analyzer.py>     Tainted Component:   param_1(x0)  
2025-09-10 01:10:39 INFO  (GhidraScript) onnxruntime_analyzer.py>     Details:             Tainted value used in a comparison operation (INT_NOTEQUAL).  
2025-09-10 01:10:39 INFO  (GhidraScript) onnxruntime_analyzer.py> ----------------------------------------  
2025-09-10 01:10:39 INFO  (GhidraScript) onnxruntime_analyzer.py> Usage #5:  
2025-09-10 01:10:39 INFO  (GhidraScript) onnxruntime_analyzer.py>   Originating Lib Call: ['GetTensorData']  
2025-09-10 01:10:39 INFO  (GhidraScript) onnxruntime_analyzer.py>   Found In Function:   __max_element<float_const*,__gnu_cxx::__ops::_Iter_less_iter> at 00107eac  
2025-09-10 01:10:39 INFO  (GhidraScript) onnxruntime_analyzer.py>   Instruction Address: 00107ecc  
2025-09-10 01:10:39 INFO  (GhidraScript) onnxruntime_analyzer.py>     PCode Op:             ---  CBRANCH (ram, 0x107ed8, 1) , (register, 0x108, 1)  
2025-09-10 01:10:39 INFO  (GhidraScript) onnxruntime_analyzer.py>     Usage Type:          BRANCH_CONDITION_TAINTED  
2025-09-10 01:10:39 INFO  (GhidraScript) onnxruntime_analyzer.py>     Tainted Component:   UNNAMED(tmpZR)  
2025-09-10 01:10:39 INFO  (GhidraScript) onnxruntime_analyzer.py>     Details:             Tainted condition for branch.  
2025-09-10 01:10:39 INFO  (GhidraScript) onnxruntime_analyzer.py> ----------------------------------------  
2025-09-10 01:10:39 INFO  (GhidraScript) onnxruntime_analyzer.py> Usage #6:  
2025-09-10 01:10:39 INFO  (GhidraScript) onnxruntime_analyzer.py>   Originating Lib Call: ['GetTensorData']  
2025-09-10 01:10:39 INFO  (GhidraScript) onnxruntime_analyzer.py>   Found In Function:   __max_element<float_const*,__gnu_cxx::__ops::_Iter_less_iter> at 00107eac  
2025-09-10 01:10:39 INFO  (GhidraScript) onnxruntime_analyzer.py>   Instruction Address: 00107ef0  
2025-09-10 01:10:39 INFO  (GhidraScript) onnxruntime_analyzer.py>     PCode Op:            (register, 0x4000, 1) CALL (ram, 0x108838, 8) , (unique, 0x11f80, 8) , (stack, 0xfffffffffffffff8, 8) , (unique, 0x11f80, 8)  
2025-09-10 01:10:39 INFO  (GhidraScript) onnxruntime_analyzer.py>     Usage Type:          TAINTED_ARG_TO_CALL_RECURSION  
2025-09-10 01:10:39 INFO  (GhidraScript) onnxruntime_analyzer.py>     Details:             Recursive call to operator() (CALL) with taints: param_2(x2), param_1(x1).  
2025-09-10 01:10:39 INFO  (GhidraScript) onnxruntime_analyzer.py> ----------------------------------------  
2025-09-10 01:10:39 INFO  (GhidraScript) onnxruntime_analyzer.py> Usage #7:  
2025-09-10 01:10:39 INFO  (GhidraScript) onnxruntime_analyzer.py>   Originating Lib Call: ['GetTensorData']  
2025-09-10 01:10:39 INFO  (GhidraScript) onnxruntime_analyzer.py>   Found In Function:   operator() at 00108838  
2025-09-10 01:10:39 INFO  (GhidraScript) onnxruntime_analyzer.py>   Instruction Address: 00108858  
2025-09-10 01:10:39 INFO  (GhidraScript) onnxruntime_analyzer.py>     PCode Op:            (unique, 0x10000009, 1) FLOAT_LESS (register, 0x5020, 4) , (register, 0x5000, 4)  
2025-09-10 01:10:39 INFO  (GhidraScript) onnxruntime_analyzer.py>     Usage Type:          TAINTED_COMPARISON  
2025-09-10 01:10:39 INFO  (GhidraScript) onnxruntime_analyzer.py>     Tainted Component:   UNNAMED(s1)  
2025-09-10 01:10:39 INFO  (GhidraScript) onnxruntime_analyzer.py>     Details:             Tainted value used in a comparison operation (FLOAT_LESS).  
2025-09-10 01:10:39 INFO  (GhidraScript) onnxruntime_analyzer.py> ----------------------------------------  
2025-09-10 01:10:39 INFO  (GhidraScript) onnxruntime_analyzer.py> Usage #8:  
2025-09-10 01:10:39 INFO  (GhidraScript) onnxruntime_analyzer.py>   Originating Lib Call: ['GetTensorData']  
2025-09-10 01:10:39 INFO  (GhidraScript) onnxruntime_analyzer.py>   Found In Function:   operator() at 00108838  
2025-09-10 01:10:39 INFO  (GhidraScript) onnxruntime_analyzer.py>   Instruction Address: 00108868  
2025-09-10 01:10:39 INFO  (GhidraScript) onnxruntime_analyzer.py>     PCode Op:             ---  RETURN (const, 0x0, 8) , (register, 0x4000, 1)  
2025-09-10 01:10:39 INFO  (GhidraScript) onnxruntime_analyzer.py>     Usage Type:          RETURN_TAINTED_VALUE  
2025-09-10 01:10:39 INFO  (GhidraScript) onnxruntime_analyzer.py>     Tainted Component:   UNNAMED(w0)  
2025-09-10 01:10:39 INFO  (GhidraScript) onnxruntime_analyzer.py> ----------------------------------------  
2025-09-10 01:10:39 INFO  (GhidraScript) onnxruntime_analyzer.py> Usage #9:  
2025-09-10 01:10:39 INFO  (GhidraScript) onnxruntime_analyzer.py>   Originating Lib Call: ['GetTensorData']  
2025-09-10 01:10:39 INFO  (GhidraScript) onnxruntime_analyzer.py>   Found In Function:   __max_element<float_const*,__gnu_cxx::__ops::_Iter_less_iter> at 00107eac  
2025-09-10 01:10:39 INFO  (GhidraScript) onnxruntime_analyzer.py>   Instruction Address: 00107f00  
2025-09-10 01:10:39 INFO  (GhidraScript) onnxruntime_analyzer.py>     PCode Op:             ---  CBRANCH (ram, 0x107f0c, 1) , (register, 0x4000, 1)  
2025-09-10 01:10:39 INFO  (GhidraScript) onnxruntime_analyzer.py>     Usage Type:          BRANCH_CONDITION_TAINTED  
2025-09-10 01:10:39 INFO  (GhidraScript) onnxruntime_analyzer.py>     Tainted Component:   bVar1(w0)  
2025-09-10 01:10:39 INFO  (GhidraScript) onnxruntime_analyzer.py>     Details:             Tainted condition for branch.  
2025-09-10 01:10:39 INFO  (GhidraScript) onnxruntime_analyzer.py> ----------------------------------------  
2025-09-10 01:10:39 INFO  (GhidraScript) onnxruntime_analyzer.py> Usage #10:  
2025-09-10 01:10:39 INFO  (GhidraScript) onnxruntime_analyzer.py>   Originating Lib Call: ['GetTensorData']  
2025-09-10 01:10:39 INFO  (GhidraScript) onnxruntime_analyzer.py>   Found In Function:   __max_element<float_const*,__gnu_cxx::__ops::_Iter_less_iter> at 00107eac  
2025-09-10 01:10:39 INFO  (GhidraScript) onnxruntime_analyzer.py>   Instruction Address: 00107f20  
2025-09-10 01:10:39 INFO  (GhidraScript) onnxruntime_analyzer.py>     PCode Op:            (register, 0x108, 1) INT_NOTEQUAL (unique, 0x11f80, 8) , (stack, 0xffffffffffffffe0, 8)  
2025-09-10 01:10:39 INFO  (GhidraScript) onnxruntime_analyzer.py>     Usage Type:          TAINTED_COMPARISON  
2025-09-10 01:10:39 INFO  (GhidraScript) onnxruntime_analyzer.py>     Tainted Component:   local_18(StackDirect[Stack[-0x18]])  
2025-09-10 01:10:39 INFO  (GhidraScript) onnxruntime_analyzer.py>     Details:             Tainted value used in a comparison operation (INT_NOTEQUAL).  
2025-09-10 01:10:39 INFO  (GhidraScript) onnxruntime_analyzer.py> ----------------------------------------  
2025-09-10 01:10:39 INFO  (GhidraScript) onnxruntime_analyzer.py> Usage #11:  
2025-09-10 01:10:39 INFO  (GhidraScript) onnxruntime_analyzer.py>   Originating Lib Call: ['GetTensorData']  
2025-09-10 01:10:39 INFO  (GhidraScript) onnxruntime_analyzer.py>   Found In Function:   __max_element<float_const*,__gnu_cxx::__ops::_Iter_less_iter> at 00107eac  
2025-09-10 01:10:39 INFO  (GhidraScript) onnxruntime_analyzer.py>   Instruction Address: 00107f34  
2025-09-10 01:10:39 INFO  (GhidraScript) onnxruntime_analyzer.py>     PCode Op:             ---  CBRANCH (ram, 0x107ee4, 1) , (register, 0x108, 1)  
2025-09-10 01:10:39 INFO  (GhidraScript) onnxruntime_analyzer.py>     Usage Type:          BRANCH_CONDITION_TAINTED  
2025-09-10 01:10:39 INFO  (GhidraScript) onnxruntime_analyzer.py>     Tainted Component:   UNNAMED(tmpZR)  
2025-09-10 01:10:39 INFO  (GhidraScript) onnxruntime_analyzer.py>     Details:             Tainted condition for branch.  
2025-09-10 01:10:39 INFO  (GhidraScript) onnxruntime_analyzer.py> ----------------------------------------  
2025-09-10 01:10:39 INFO  (GhidraScript) onnxruntime_analyzer.py> Usage #12:  
2025-09-10 01:10:39 INFO  (GhidraScript) onnxruntime_analyzer.py>   Originating Lib Call: ['GetTensorData']  
2025-09-10 01:10:39 INFO  (GhidraScript) onnxruntime_analyzer.py>   Found In Function:   __max_element<float_const*,__gnu_cxx::__ops::_Iter_less_iter> at 00107eac  
2025-09-10 01:10:39 INFO  (GhidraScript) onnxruntime_analyzer.py>   Instruction Address: 00107f40  
2025-09-10 01:10:39 INFO  (GhidraScript) onnxruntime_analyzer.py>     PCode Op:             ---  RETURN (const, 0x0, 8) , (register, 0x4000, 8)  
2025-09-10 01:10:39 INFO  (GhidraScript) onnxruntime_analyzer.py>     Usage Type:          RETURN_TAINTED_VALUE  
2025-09-10 01:10:39 INFO  (GhidraScript) onnxruntime_analyzer.py>     Tainted Component:   local_8(StackDirect[Stack[-0x8]])  
2025-09-10 01:10:39 INFO  (GhidraScript) onnxruntime_analyzer.py> ----------------------------------------  
2025-09-10 01:10:39 INFO  (GhidraScript) onnxruntime_analyzer.py> Usage #13:  
2025-09-10 01:10:39 INFO  (GhidraScript) onnxruntime_analyzer.py>   Originating Lib Call: ['GetTensorData']  
2025-09-10 01:10:39 INFO  (GhidraScript) onnxruntime_analyzer.py>   Found In Function:   softmax<float> at 00105438  
2025-09-10 01:10:39 INFO  (GhidraScript) onnxruntime_analyzer.py>   Instruction Address: 001054e8  
2025-09-10 01:10:39 INFO  (GhidraScript) onnxruntime_analyzer.py>     PCode Op:            (register, 0x5000, 4) CALL (ram, 0x102978, 8) , (register, 0x5000, 4)  
2025-09-10 01:10:39 INFO  (GhidraScript) onnxruntime_analyzer.py>     Usage Type:          TAINT_PROPAGATED_BY_RULE  
2025-09-10 01:10:39 INFO  (GhidraScript) onnxruntime_analyzer.py>     Tainted Component:   uVar3(s0)  
2025-09-10 01:10:39 INFO  (GhidraScript) onnxruntime_analyzer.py>     Details:             Taint propagated through math function 'exp' from arg(s) (UNNAMED(s0)) to return value.  
2025-09-10 01:10:39 INFO  (GhidraScript) onnxruntime_analyzer.py> ----------------------------------------  
2025-09-10 01:10:39 INFO  (GhidraScript) onnxruntime_analyzer.py> Usage #14:  
2025-09-10 01:10:39 INFO  (GhidraScript) onnxruntime_analyzer.py>   Originating Lib Call: ['GetTensorData']  
2025-09-10 01:10:39 INFO  (GhidraScript) onnxruntime_analyzer.py>   Found In Function:   softmax<float> at 00105438  
2025-09-10 01:10:39 INFO  (GhidraScript) onnxruntime_analyzer.py>   Instruction Address: 001054fc  
2025-09-10 01:10:39 INFO  (GhidraScript) onnxruntime_analyzer.py>     PCode Op:             ---  STORE (const, 0x1b1, 4) , (register, 0x4000, 8) , (register, 0x5000, 4)  
2025-09-10 01:10:39 INFO  (GhidraScript) onnxruntime_analyzer.py>     Usage Type:          STORE_TAINTED_VALUE  
2025-09-10 01:10:39 INFO  (GhidraScript) onnxruntime_analyzer.py>     Tainted Component:   uVar3(s0)  
2025-09-10 01:10:39 INFO  (GhidraScript) onnxruntime_analyzer.py>     Destination Address: puVar2(x0)  
2025-09-10 01:10:39 INFO  (GhidraScript) onnxruntime_analyzer.py>     Details:             Tainted value stored.  
2025-09-10 01:10:39 INFO  (GhidraScript) onnxruntime_analyzer.py> ----------------------------------------  
2025-09-10 01:10:39 INFO  (GhidraScript) onnxruntime_analyzer.py> Usage #15:  
2025-09-10 01:10:39 INFO  (GhidraScript) onnxruntime_analyzer.py>   Originating Lib Call: ['GetTensorData']  
2025-09-10 01:10:39 INFO  (GhidraScript) onnxruntime_analyzer.py>   Found In Function:   softmax<float> at 00105438  
2025-09-10 01:10:39 INFO  (GhidraScript) onnxruntime_analyzer.py>   Instruction Address: 00105534  
2025-09-10 01:10:39 INFO  (GhidraScript) onnxruntime_analyzer.py>     PCode Op:             ---  CBRANCH (ram, 0x1054cc, 1) , (register, 0x105, 1)  
2025-09-10 01:10:39 INFO  (GhidraScript) onnxruntime_analyzer.py>     Usage Type:          BRANCH_CONDITION_TAINTED  
2025-09-10 01:10:39 INFO  (GhidraScript) onnxruntime_analyzer.py>     Tainted Component:   UNNAMED(tmpCY)  
2025-09-10 01:10:39 INFO  (GhidraScript) onnxruntime_analyzer.py>     Details:             Tainted condition for branch.  
2025-09-10 01:10:39 INFO  (GhidraScript) onnxruntime_analyzer.py> ----------------------------------------  
2025-09-10 01:10:39 INFO  (GhidraScript) onnxruntime_analyzer.py> Usage #16:  
2025-09-10 01:10:39 INFO  (GhidraScript) onnxruntime_analyzer.py>   Originating Lib Call: ['GetTensorData']  
2025-09-10 01:10:39 INFO  (GhidraScript) onnxruntime_analyzer.py>   Found In Function:   softmax<float> at 00105438  
2025-09-10 01:10:39 INFO  (GhidraScript) onnxruntime_analyzer.py>   Instruction Address: 00105574  
2025-09-10 01:10:39 INFO  (GhidraScript) onnxruntime_analyzer.py>     PCode Op:             ---  CBRANCH (ram, 0x105540, 1) , (register, 0x105, 1)  
2025-09-10 01:10:39 INFO  (GhidraScript) onnxruntime_analyzer.py>     Usage Type:          BRANCH_CONDITION_TAINTED  
2025-09-10 01:10:39 INFO  (GhidraScript) onnxruntime_analyzer.py>     Tainted Component:   UNNAMED(tmpCY)  
2025-09-10 01:10:39 INFO  (GhidraScript) onnxruntime_analyzer.py>     Details:             Tainted condition for branch.  
2025-09-10 01:10:39 INFO  (GhidraScript) onnxruntime_analyzer.py> ----------------------------------------  
2025-09-10 01:10:39 INFO  (GhidraScript) onnxruntime_analyzer.py> Usage #17:  
2025-09-10 01:10:39 INFO  (GhidraScript) onnxruntime_analyzer.py>   Originating Lib Call: ['GetTensorData']  
2025-09-10 01:10:39 INFO  (GhidraScript) onnxruntime_analyzer.py>   Found In Function:   softmax<float> at 00105438  
2025-09-10 01:10:39 INFO  (GhidraScript) onnxruntime_analyzer.py>   Instruction Address: 00105608  
2025-09-10 01:10:39 INFO  (GhidraScript) onnxruntime_analyzer.py>     PCode Op:             ---  CBRANCH (ram, 0x105610, 1) , (register, 0x108, 1)  
2025-09-10 01:10:39 INFO  (GhidraScript) onnxruntime_analyzer.py>     Usage Type:          BRANCH_CONDITION_TAINTED  
2025-09-10 01:10:39 INFO  (GhidraScript) onnxruntime_analyzer.py>     Tainted Component:   UNNAMED(tmpZR)  
2025-09-10 01:10:39 INFO  (GhidraScript) onnxruntime_analyzer.py>     Details:             Tainted condition for branch.  
2025-09-10 01:10:39 INFO  (GhidraScript) onnxruntime_analyzer.py> ----------------------------------------  
2025-09-10 01:10:39 INFO  (GhidraScript) onnxruntime_analyzer.py> Usage #18:  
2025-09-10 01:10:39 INFO  (GhidraScript) onnxruntime_analyzer.py>   Originating Lib Call: ['GetTensorData']  
2025-09-10 01:10:39 INFO  (GhidraScript) onnxruntime_analyzer.py>   Found In Function:   main at 00101d18  
2025-09-10 01:10:39 INFO  (GhidraScript) onnxruntime_analyzer.py>   Instruction Address: 00102524  
2025-09-10 01:10:39 INFO  (GhidraScript) onnxruntime_analyzer.py>     PCode Op:             ---  CBRANCH (ram, 0x102538, 1) , (unique, 0x1000073f, 1)  
2025-09-10 01:10:39 INFO  (GhidraScript) onnxruntime_analyzer.py>     Usage Type:          BRANCH_CONDITION_TAINTED  
2025-09-10 01:10:39 INFO  (GhidraScript) onnxruntime_analyzer.py>     Tainted Component:   UNNAMED(UniquePcode[0x1000073f])  
2025-09-10 01:10:39 INFO  (GhidraScript) onnxruntime_analyzer.py>     Details:             Tainted condition for branch.  
2025-09-10 01:10:39 INFO  (GhidraScript) onnxruntime_analyzer.py> ----------------------------------------  
2025-09-10 01:10:39 INFO  (GhidraScript) onnxruntime_analyzer.py> Usage #19:  
2025-09-10 01:10:39 INFO  (GhidraScript) onnxruntime_analyzer.py>   Originating Lib Call: ['GetTensorData']  
2025-09-10 01:10:39 INFO  (GhidraScript) onnxruntime_analyzer.py>   Found In Function:   main at 00101d18  
2025-09-10 01:10:39 INFO  (GhidraScript) onnxruntime_analyzer.py>   Instruction Address: 001025f4  
2025-09-10 01:10:39 INFO  (GhidraScript) onnxruntime_analyzer.py>     PCode Op:             ---  CBRANCH (ram, 0x102848, 1) , (register, 0x108, 1)  
2025-09-10 01:10:39 INFO  (GhidraScript) onnxruntime_analyzer.py>     Usage Type:          BRANCH_CONDITION_TAINTED  
2025-09-10 01:10:39 INFO  (GhidraScript) onnxruntime_analyzer.py>     Tainted Component:   UNNAMED(tmpZR)  
2025-09-10 01:10:39 INFO  (GhidraScript) onnxruntime_analyzer.py>     Details:             Tainted condition for branch.  
2025-09-10 01:10:39 INFO  (GhidraScript) onnxruntime_analyzer.py> ----------------------------------------  
2025-09-10 01:10:39 INFO  (GhidraScript) onnxruntime_analyzer.py> Usage #20:  
2025-09-10 01:10:39 INFO  (GhidraScript) onnxruntime_analyzer.py>   Originating Lib Call: tainted_return_from_operator()  
2025-09-10 01:10:39 INFO  (GhidraScript) onnxruntime_analyzer.py>   Found In Function:   __max_element<float_const*,__gnu_cxx::__ops::_Iter_less_iter> at 00107eac  
2025-09-10 01:10:39 INFO  (GhidraScript) onnxruntime_analyzer.py>   Instruction Address: 00107f00  
2025-09-10 01:10:39 INFO  (GhidraScript) onnxruntime_analyzer.py>     PCode Op:             ---  CBRANCH (ram, 0x107f0c, 1) , (register, 0x4000, 1)  
2025-09-10 01:10:39 INFO  (GhidraScript) onnxruntime_analyzer.py>     Usage Type:          BRANCH_CONDITION_TAINTED  
2025-09-10 01:10:39 INFO  (GhidraScript) onnxruntime_analyzer.py>     Tainted Component:   bVar1(w0)  
2025-09-10 01:10:39 INFO  (GhidraScript) onnxruntime_analyzer.py>     Details:             Tainted condition for branch.  
2025-09-10 01:10:39 INFO  (GhidraScript) onnxruntime_analyzer.py> ----------------------------------------  
2025-09-10 01:10:39 INFO  (GhidraScript) onnxruntime_analyzer.py> Usage #21:  
2025-09-10 01:10:39 INFO  (GhidraScript) onnxruntime_analyzer.py>   Originating Lib Call: tainted_return_from_operator()  
2025-09-10 01:10:39 INFO  (GhidraScript) onnxruntime_analyzer.py>   Found In Function:   __max_element<float_const*,__gnu_cxx::__ops::_Iter_less_iter> at 00107eac  
2025-09-10 01:10:39 INFO  (GhidraScript) onnxruntime_analyzer.py>   Instruction Address: 00107f34  
2025-09-10 01:10:39 INFO  (GhidraScript) onnxruntime_analyzer.py>     PCode Op:             ---  CBRANCH (ram, 0x107ee4, 1) , (register, 0x108, 1)  
2025-09-10 01:10:39 INFO  (GhidraScript) onnxruntime_analyzer.py>     Usage Type:          BRANCH_CONDITION_TAINTED  
2025-09-10 01:10:39 INFO  (GhidraScript) onnxruntime_analyzer.py>     Tainted Component:   UNNAMED(tmpZR)  
2025-09-10 01:10:39 INFO  (GhidraScript) onnxruntime_analyzer.py>     Details:             Tainted condition for branch.  
2025-09-10 01:10:39 INFO  (GhidraScript) onnxruntime_analyzer.py> ----------------------------------------  
2025-09-10 01:10:39 INFO  (GhidraScript) onnxruntime_analyzer.py> Usage #22:  
2025-09-10 01:10:39 INFO  (GhidraScript) onnxruntime_analyzer.py>   Originating Lib Call: tainted_return_from___max_element<float_const*,__gnu_cxx::__ops::_Iter_less_iter>  
2025-09-10 01:10:39 INFO  (GhidraScript) onnxruntime_analyzer.py>   Found In Function:   max_element<float_const*> at 00106a14  
2025-09-10 01:10:39 INFO  (GhidraScript) onnxruntime_analyzer.py>   Instruction Address: 00106a44  
2025-09-10 01:10:39 INFO  (GhidraScript) onnxruntime_analyzer.py>     PCode Op:             ---  RETURN (const, 0x0, 8) , (register, 0x4000, 8)  
2025-09-10 01:10:39 INFO  (GhidraScript) onnxruntime_analyzer.py>     Usage Type:          RETURN_TAINTED_VALUE  
2025-09-10 01:10:39 INFO  (GhidraScript) onnxruntime_analyzer.py>     Tainted Component:   pfVar1(x0)  
2025-09-10 01:10:39 INFO  (GhidraScript) onnxruntime_analyzer.py> ----------------------------------------  
2025-09-10 01:10:39 INFO  (GhidraScript) onnxruntime_analyzer.py> Usage #23:  
2025-09-10 01:10:39 INFO  (GhidraScript) onnxruntime_analyzer.py>   Originating Lib Call: tainted_return_from_max_element<float_const*>  
2025-09-10 01:10:39 INFO  (GhidraScript) onnxruntime_analyzer.py>   Found In Function:   softmax<float> at 00105438  
2025-09-10 01:10:39 INFO  (GhidraScript) onnxruntime_analyzer.py>   Instruction Address: 001054e8  
2025-09-10 01:10:39 INFO  (GhidraScript) onnxruntime_analyzer.py>     PCode Op:            (register, 0x5000, 4) CALL (ram, 0x102978, 8) , (register, 0x5000, 4)  
2025-09-10 01:10:39 INFO  (GhidraScript) onnxruntime_analyzer.py>     Usage Type:          TAINT_PROPAGATED_BY_RULE  
2025-09-10 01:10:39 INFO  (GhidraScript) onnxruntime_analyzer.py>     Tainted Component:   uVar3(s0)  
2025-09-10 01:10:39 INFO  (GhidraScript) onnxruntime_analyzer.py>     Details:             Taint propagated through math function 'exp' from arg(s) (UNNAMED(s0)) to return value.  
2025-09-10 01:10:39 INFO  (GhidraScript) onnxruntime_analyzer.py> ----------------------------------------  
2025-09-10 01:10:39 INFO  (GhidraScript) onnxruntime_analyzer.py> Usage #24:  
2025-09-10 01:10:39 INFO  (GhidraScript) onnxruntime_analyzer.py>   Originating Lib Call: tainted_return_from_max_element<float_const*>  
2025-09-10 01:10:39 INFO  (GhidraScript) onnxruntime_analyzer.py>   Found In Function:   softmax<float> at 00105438  
2025-09-10 01:10:39 INFO  (GhidraScript) onnxruntime_analyzer.py>   Instruction Address: 001054fc  
2025-09-10 01:10:39 INFO  (GhidraScript) onnxruntime_analyzer.py>     PCode Op:             ---  STORE (const, 0x1b1, 4) , (register, 0x4000, 8) , (register, 0x5000, 4)  
2025-09-10 01:10:39 INFO  (GhidraScript) onnxruntime_analyzer.py>     Usage Type:          STORE_TAINTED_VALUE  
2025-09-10 01:10:39 INFO  (GhidraScript) onnxruntime_analyzer.py>     Tainted Component:   uVar3(s0)  
2025-09-10 01:10:39 INFO  (GhidraScript) onnxruntime_analyzer.py>     Destination Address: puVar2(x0)  
2025-09-10 01:10:39 INFO  (GhidraScript) onnxruntime_analyzer.py>     Details:             Tainted value stored.  
2025-09-10 01:10:39 INFO  (GhidraScript) onnxruntime_analyzer.py> ----------------------------------------  
2025-09-10 01:10:39 INFO  (GhidraScript) onnxruntime_analyzer.py> Usage #25:  
2025-09-10 01:10:39 INFO  (GhidraScript) onnxruntime_analyzer.py>   Originating Lib Call: tainted_return_from_max_element<float_const*>  
2025-09-10 01:10:39 INFO  (GhidraScript) onnxruntime_analyzer.py>   Found In Function:   softmax<float> at 00105438  
2025-09-10 01:10:39 INFO  (GhidraScript) onnxruntime_analyzer.py>   Instruction Address: 00105534  
2025-09-10 01:10:39 INFO  (GhidraScript) onnxruntime_analyzer.py>     PCode Op:             ---  CBRANCH (ram, 0x1054cc, 1) , (register, 0x105, 1)  
2025-09-10 01:10:39 INFO  (GhidraScript) onnxruntime_analyzer.py>     Usage Type:          BRANCH_CONDITION_TAINTED  
2025-09-10 01:10:39 INFO  (GhidraScript) onnxruntime_analyzer.py>     Tainted Component:   UNNAMED(tmpCY)  
2025-09-10 01:10:39 INFO  (GhidraScript) onnxruntime_analyzer.py>     Details:             Tainted condition for branch.  
2025-09-10 01:10:39 INFO  (GhidraScript) onnxruntime_analyzer.py> ----------------------------------------  
2025-09-10 01:10:39 INFO  (GhidraScript) onnxruntime_analyzer.py> Usage #26:  
2025-09-10 01:10:39 INFO  (GhidraScript) onnxruntime_analyzer.py>   Originating Lib Call: tainted_return_from_max_element<float_const*>  
2025-09-10 01:10:39 INFO  (GhidraScript) onnxruntime_analyzer.py>   Found In Function:   softmax<float> at 00105438  
2025-09-10 01:10:39 INFO  (GhidraScript) onnxruntime_analyzer.py>   Instruction Address: 00105558  
2025-09-10 01:10:39 INFO  (GhidraScript) onnxruntime_analyzer.py>     PCode Op:             ---  STORE (const, 0x1b1, 4) , (register, 0x4000, 8) , (register, 0x5000, 4)  
2025-09-10 01:10:39 INFO  (GhidraScript) onnxruntime_analyzer.py>     Usage Type:          STORE_TAINTED_VALUE  
2025-09-10 01:10:39 INFO  (GhidraScript) onnxruntime_analyzer.py>     Tainted Component:   UNNAMED(s0)  
2025-09-10 01:10:39 INFO  (GhidraScript) onnxruntime_analyzer.py>     Destination Address: pfVar1(x0)  
2025-09-10 01:10:39 INFO  (GhidraScript) onnxruntime_analyzer.py>     Details:             Tainted value stored.  
2025-09-10 01:10:39 INFO  (GhidraScript) onnxruntime_analyzer.py> ----------------------------------------  
2025-09-10 01:10:39 INFO  (GhidraScript) onnxruntime_analyzer.py> Usage #27:  
2025-09-10 01:10:39 INFO  (GhidraScript) onnxruntime_analyzer.py>   Originating Lib Call: tainted_return_from_max_element<float_const*>  
2025-09-10 01:10:39 INFO  (GhidraScript) onnxruntime_analyzer.py>   Found In Function:   softmax<float> at 00105438  
2025-09-10 01:10:39 INFO  (GhidraScript) onnxruntime_analyzer.py>   Instruction Address: 00105574  
2025-09-10 01:10:39 INFO  (GhidraScript) onnxruntime_analyzer.py>     PCode Op:             ---  CBRANCH (ram, 0x105540, 1) , (register, 0x105, 1)  
2025-09-10 01:10:39 INFO  (GhidraScript) onnxruntime_analyzer.py>     Usage Type:          BRANCH_CONDITION_TAINTED  
2025-09-10 01:10:39 INFO  (GhidraScript) onnxruntime_analyzer.py>     Tainted Component:   UNNAMED(tmpCY)  
2025-09-10 01:10:39 INFO  (GhidraScript) onnxruntime_analyzer.py>     Details:             Tainted condition for branch.  
2025-09-10 01:10:39 INFO  (GhidraScript) onnxruntime_analyzer.py> ----------------------------------------  
2025-09-10 01:10:39 INFO  (GhidraScript) onnxruntime_analyzer.py> Usage #28:  
2025-09-10 01:10:39 INFO  (GhidraScript) onnxruntime_analyzer.py>   Originating Lib Call: tainted_return_from_max_element<float_const*>  
2025-09-10 01:10:39 INFO  (GhidraScript) onnxruntime_analyzer.py>   Found In Function:   softmax<float> at 00105438  
2025-09-10 01:10:39 INFO  (GhidraScript) onnxruntime_analyzer.py>   Instruction Address: 00105608  
2025-09-10 01:10:39 INFO  (GhidraScript) onnxruntime_analyzer.py>     PCode Op:             ---  CBRANCH (ram, 0x105610, 1) , (register, 0x108, 1)  
2025-09-10 01:10:39 INFO  (GhidraScript) onnxruntime_analyzer.py>     Usage Type:          BRANCH_CONDITION_TAINTED  
2025-09-10 01:10:39 INFO  (GhidraScript) onnxruntime_analyzer.py>     Tainted Component:   UNNAMED(tmpZR)  
2025-09-10 01:10:39 INFO  (GhidraScript) onnxruntime_analyzer.py>     Details:             Tainted condition for branch.  
2025-09-10 01:10:39 INFO  (GhidraScript) onnxruntime_analyzer.py> ----------------------------------------  
2025-09-10 01:10:39 INFO  (GhidraScript) onnxruntime_analyzer.py> INFO: TAINT_ANALYSIS_JSON_OUTPUT env var found. Saving results to: /Users/chenkexin/Desktop/kk/test_taint/results/liveness_Vit_onnxruntime_gcc_O0_taint_analysis_results.json  
2025-09-10 01:10:39 INFO  (GhidraScript) onnxruntime_analyzer.py> Taint analysis results saved to: /Users/chenkexin/Desktop/kk/test_taint/results/liveness_Vit_onnxruntime_gcc_O0_taint_analysis_results.json  
2025-09-10 01:10:39 ERROR (GhidraScript) onnxruntime_analyzer.py> WARN: No high-level operand representations found in usage log for branch at 00107f00. 'registers' field will be empty.  
2025-09-10 01:10:39 INFO  (GhidraScript) onnxruntime_analyzer.py> SUCCESS: Hook configuration saved to: /Users/chenkexin/Desktop/kk/test_taint/results/liveness_Vit_onnxruntime_gcc_O0_hook_config.json  
2025-09-10 01:10:39 INFO  (GhidraScript) onnxruntime_analyzer.py> ONNXRuntime Taint Analyzer finished.  
2025-09-10 01:10:39 INFO  (HeadlessAnalyzer) ANALYZING changes made by post scripts: file:///Users/chenkexin/Desktop/kk/test_taint/assets/merged_bin/liveness_Vit_onnxruntime_gcc_O0  
2025-09-10 01:10:39 INFO  (HeadlessAnalyzer) REPORT: Post-analysis succeeded for file: file:///Users/chenkexin/Desktop/kk/test_taint/assets/merged_bin/liveness_Vit_onnxruntime_gcc_O0  
2025-09-10 01:10:39 INFO  (HeadlessAnalyzer) REPORT: Save succeeded for: /liveness_Vit_onnxruntime_gcc_O0 (liveness_Vit_onnxruntime_gcc_O0:/liveness_Vit_onnxruntime_gcc_O0)  
2025-09-10 01:10:39 INFO  (HeadlessAnalyzer) REPORT: Import succeeded  
2025-09-10 01:10:39 DEBUG (DefaultProjectData) Closing ProjectData: /Users/chenkexin/Desktop/kk/test_taint/ghidra_projects/liveness_Vit_onnxruntime_gcc_O0.rep  
2025-09-10 01:10:39 DEBUG (DefaultProjectData) Disposing ProjectData: /Users/chenkexin/Desktop/kk/test_taint/ghidra_projects/liveness_Vit_onnxruntime_gcc_O0.rep  
