2025-09-10 23:51:44 INFO  (LoggingInitialization) Using log config file: jar:file:/Applications/ghidra_11.0.3_PUBLIC/Ghidra/Framework/Generic/lib/Generic.jar!/generic.log4j.xml  
2025-09-10 23:51:44 INFO  (LoggingInitialization) Using log file: /Users/chenkexin/Desktop/kk/test_taint/logs/liveness_example_headless_analysis.log  
2025-09-10 23:51:44 INFO  (Preferences) Loading user preferences: /Users/chenkexin/.ghidra/.ghidra_11.0.3_PUBLIC/preferences  
2025-09-10 23:51:44 INFO  (Preferences) Loading previous preferences: /Users/chenkexin/.ghidra/.ghidra_10.4_PUBLIC/preferences  
2025-09-10 23:51:44 INFO  (ClassSearcher) Searching for classes...  
2025-09-10 23:51:46 INFO  (ClassSearcher) Class search complete (1695 ms)  
2025-09-10 23:51:46 INFO  (SSLContextInitializer) Initializing SSL Context  
2025-09-10 23:51:46 INFO  (SecureRandomFactory) Initializing Random Number Generator...  
2025-09-10 23:51:46 INFO  (SecureRandomFactory) Random Number Generator initialization complete: NativePRNGNonBlocking  
2025-09-10 23:51:46 INFO  (ApplicationTrustManagerFactory) Trust manager disabled, cacerts have not been set  
2025-09-10 23:51:47 INFO  (HeadlessAnalyzer) HEADLESS Script Paths:
    /Applications/ghidra_11.0.3_PUBLIC/Ghidra/Processors/8051/ghidra_scripts
    /Applications/ghidra_11.0.3_PUBLIC/Ghidra/Features/FileFormats/ghidra_scripts
    /Applications/ghidra_11.0.3_PUBLIC/Ghidra/Features/Base/ghidra_scripts
    /Applications/ghidra_11.0.3_PUBLIC/Ghidra/Features/Python/ghidra_scripts
    /Applications/ghidra_11.0.3_PUBLIC/Ghidra/Features/GnuDemangler/ghidra_scripts
    /Applications/ghidra_11.0.3_PUBLIC/Ghidra/Features/SystemEmulation/ghidra_scripts
    /Applications/ghidra_11.0.3_PUBLIC/Ghidra/Features/MicrosoftCodeAnalyzer/ghidra_scripts
    /Applications/ghidra_11.0.3_PUBLIC/Ghidra/Features/BytePatterns/ghidra_scripts
    /Applications/ghidra_11.0.3_PUBLIC/Ghidra/Features/Decompiler/ghidra_scripts
    /Applications/ghidra_11.0.3_PUBLIC/Ghidra/Processors/Atmel/ghidra_scripts
    /Applications/ghidra_11.0.3_PUBLIC/Ghidra/Debug/Debugger-agent-frida/ghidra_scripts
    /Applications/ghidra_11.0.3_PUBLIC/Ghidra/Features/FunctionID/ghidra_scripts
    /Applications/ghidra_11.0.3_PUBLIC/Ghidra/Processors/JVM/ghidra_scripts
    /Applications/ghidra_11.0.3_PUBLIC/Ghidra/Processors/PIC/ghidra_scripts
    /Applications/ghidra_11.0.3_PUBLIC/Ghidra/Features/BSim/ghidra_scripts
    /Applications/ghidra_11.0.3_PUBLIC/Ghidra/Features/PDB/ghidra_scripts
    /Applications/ghidra_11.0.3_PUBLIC/Ghidra/Processors/DATA/ghidra_scripts
    /Users/chenkexin/ghidra_scripts
    /Users/chenkexin/Desktop/kk/test_taint
    /Applications/ghidra_11.0.3_PUBLIC/Ghidra/Debug/Debugger-agent-dbgmodel-traceloader/ghidra_scripts
    /Applications/ghidra_11.0.3_PUBLIC/Ghidra/Debug/Debugger-rmi-trace/ghidra_scripts
    /Applications/ghidra_11.0.3_PUBLIC/Ghidra/Features/VersionTracking/ghidra_scripts
    /Applications/ghidra_11.0.3_PUBLIC/Ghidra/Debug/Debugger/ghidra_scripts  
2025-09-10 23:51:47 INFO  (HeadlessAnalyzer) HEADLESS: execution starts  
2025-09-10 23:51:47 INFO  (HeadlessAnalyzer) Opening existing project: /Users/chenkexin/Desktop/kk/test_taint/ghidra_projects/libInspireFace.so  
2025-09-10 23:51:47 INFO  (HeadlessProject) Opening project: /Users/chenkexin/Desktop/kk/test_taint/ghidra_projects/libInspireFace.so  
2025-09-10 23:51:47 INFO  (HeadlessAnalyzer) REPORT: Processing input files:   
2025-09-10 23:51:47 INFO  (HeadlessAnalyzer)      project: /Users/chenkexin/Desktop/kk/test_taint/ghidra_projects/libInspireFace.so  
2025-09-10 23:51:47 INFO  (HeadlessAnalyzer) IMPORTING: file:///Users/chenkexin/Desktop/kk/test_taint/assets/liveness_example  
2025-09-10 23:51:50 INFO  (AutoImporter) Using Loader: Executable and Linking Format (ELF)  
2025-09-10 23:51:50 INFO  (AutoImporter) Using Language/Compiler: AARCH64:LE:64:v8A:default  
2025-09-10 23:51:50 DEBUG (ElfHeader) Elf symbol table section .dynsym linked to string table section .dynstr  
2025-09-10 23:51:50 DEBUG (ElfHeader) Elf symbol table section .symtab linked to string table section .strtab  
2025-09-10 23:51:50 DEBUG (ElfHeader) Elf relocation table section .rela.dyn linked to symbol table section .dynsym affecting PT_LOAD  
2025-09-10 23:51:50 DEBUG (ElfHeader) Elf relocation table section .rela.plt linked to symbol table section .dynsym affecting .got  
2025-09-10 23:51:50 DEBUG (ElfProgramBuilder) Discarding 1-byte alignment/filler segment_2.3 at 00100253  
2025-09-10 23:51:50 DEBUG (ElfProgramBuilder) Discarding 4-byte alignment/filler segment_2.7 at 001002b4  
2025-09-10 23:51:50 DEBUG (ElfProgramBuilder) Discarding 6-byte alignment/filler segment_2.11 at 00100baa  
2025-09-10 23:51:50 DEBUG (ElfProgramBuilder) Discarding 4-byte alignment/filler segment_2.19 at 00101b44  
2025-09-10 23:51:50 DEBUG (ElfProgramBuilder) Discarding 4-byte alignment/filler segment_2.22 at 00101e3c  
2025-09-10 23:51:51 INFO  (HeadlessAnalyzer) IMPORTING: Loaded 0 additional files  
2025-09-10 23:51:51 INFO  (HeadlessAnalyzer) ANALYZING all memory and code: file:///Users/chenkexin/Desktop/kk/test_taint/assets/liveness_example  
2025-09-10 23:51:51 INFO  (ExternalDebugFilesService) DWARF external debug information found: ExternalDebugInfo [filename=null, crc=0, hash=6230de05cb6f91ce220c69531e650af5b24ec87e]  
2025-09-10 23:51:51 INFO  (DWARFAnalyzer) Unable to find DWARF information, skipping DWARF analysis  
2025-09-10 23:51:53 INFO  (PackedDatabaseCache) Packed database cache: /var/folders/kn/fw_2jn054bq5f73czrm_91nc0000gn/T/chenkexin-Ghidra/packed-db-cache  
2025-09-10 23:51:53 DEBUG (PackedDatabaseCache) Using cached packed database: /Applications/ghidra_11.0.3_PUBLIC/Ghidra/Features/Base/data/typeinfo/generic/generic_clib_64.gdt  
2025-09-10 23:51:54 INFO  (ApplyDataArchiveAnalyzer) Applied data type archive: generic_clib_64  
2025-09-10 23:51:55 INFO  (AutoAnalysisManager) -----------------------------------------------------
    AARCH64 ELF PLT Thunks                     0.162 secs
    ASCII Strings                              0.293 secs
    Apply Data Archives                        1.275 secs
    Basic Constant Reference Analyzer          0.395 secs
    Call Convention ID                         0.138 secs
    Call-Fixup Installer                       0.015 secs
    Create Address Tables                      0.023 secs
    Create Function                            0.000 secs
    DWARF                                      0.011 secs
    Data Reference                             0.014 secs
    Decompiler Switch Analysis                 0.199 secs
    Demangler GNU                              0.276 secs
    Disassemble Entry Points                   0.077 secs
    Embedded Media                             0.017 secs
    External Entry References                  0.000 secs
    Function Start Search                      0.076 secs
    Function Start Search After Code           0.021 secs
    Function Start Search After Data           0.004 secs
    Function Start Search delayed - One Time   0.002 secs
    GCC Exception Handlers                     0.816 secs
    Non-Returning Functions - Discovered       0.009 secs
    Non-Returning Functions - Known            0.019 secs
    Reference                                  0.053 secs
    Shared Return Calls                        0.055 secs
    Stack                                      0.224 secs
    Subroutine References                      0.014 secs
-----------------------------------------------------
     Total Time   4 secs
-----------------------------------------------------
  
2025-09-10 23:51:56 INFO  (HeadlessAnalyzer) REPORT: Analysis succeeded for file: file:///Users/chenkexin/Desktop/kk/test_taint/assets/liveness_example  
2025-09-10 23:51:56 INFO  (HeadlessAnalyzer) SCRIPT: /Users/chenkexin/Desktop/kk/test_taint/library_analyzer.py  
2025-09-10 23:52:01 INFO  (GhidraScript) library_analyzer.py> INFO: Target library set to 'HF'  
2025-09-10 23:52:01 INFO  (GhidraScript) library_analyzer.py> 
--- Searching for libraries matching 'HF' in ExternalManager... ---  
2025-09-10 23:52:01 INFO  (GhidraScript) library_analyzer.py> WARN: No external libraries found matching the pattern 'HF'.  
2025-09-10 23:52:01 INFO  (GhidraScript) library_analyzer.py> INFO: ExternalManager found no function symbols for libraries matching 'HF'.  
2025-09-10 23:52:01 INFO  (GhidraScript) library_analyzer.py> 
--- Searching for matching Function objects in the FunctionManager... ---  
2025-09-10 23:52:01 INFO  (GhidraScript) library_analyzer.py> --- Finished searching for library functions. ---  
2025-09-10 23:52:01 INFO  (GhidraScript) library_analyzer.py> --- Finished searching for functions. ---
  
2025-09-10 23:52:01 ERROR (GhidraScript) library_analyzer.py> ERROR: No callable targets found. Primary search for library 'HF' failed, and fallback search for substring 'N/A' also failed (or was not provided).  
2025-09-10 23:52:01 INFO  (GhidraScript) library_analyzer.py> Library Taint Analyzer finished.  
2025-09-10 23:52:01 INFO  (HeadlessAnalyzer) ANALYZING changes made by post scripts: file:///Users/chenkexin/Desktop/kk/test_taint/assets/liveness_example  
2025-09-10 23:52:01 INFO  (HeadlessAnalyzer) REPORT: Post-analysis succeeded for file: file:///Users/chenkexin/Desktop/kk/test_taint/assets/liveness_example  
2025-09-10 23:52:01 INFO  (HeadlessAnalyzer) REPORT: Save succeeded for: /liveness_example (libInspireFace.so:/liveness_example)  
2025-09-10 23:52:01 INFO  (HeadlessAnalyzer) REPORT: Import succeeded  
2025-09-10 23:52:01 DEBUG (DefaultProjectData) Closing ProjectData: /Users/chenkexin/Desktop/kk/test_taint/ghidra_projects/libInspireFace.so.rep  
2025-09-10 23:52:01 DEBUG (DefaultProjectData) Disposing ProjectData: /Users/chenkexin/Desktop/kk/test_taint/ghidra_projects/libInspireFace.so.rep  
