2025-09-08 02:17:37 INFO  (LoggingInitialization) Using log config file: jar:file:/Applications/ghidra_11.0.3_PUBLIC/Ghidra/Framework/Generic/lib/Generic.jar!/generic.log4j.xml  
2025-09-08 02:17:37 INFO  (LoggingInitialization) Using log file: /Users/chenkexin/Desktop/kk/test_taint/logs/mnist_tflite_clang_O0_headless_analysis.log  
2025-09-08 02:17:37 INFO  (Preferences) Loading user preferences: /Users/chenkexin/.ghidra/.ghidra_11.0.3_PUBLIC/preferences  
2025-09-08 02:17:37 INFO  (Preferences) Loading previous preferences: /Users/chenkexin/.ghidra/.ghidra_10.4_PUBLIC/preferences  
2025-09-08 02:17:37 INFO  (ClassSearcher) Searching for classes...  
2025-09-08 02:17:38 INFO  (ClassSearcher) Class search complete (1383 ms)  
2025-09-08 02:17:38 INFO  (SSLContextInitializer) Initializing SSL Context  
2025-09-08 02:17:38 INFO  (SecureRandomFactory) Initializing Random Number Generator...  
2025-09-08 02:17:38 INFO  (SecureRandomFactory) Random Number Generator initialization complete: NativePRNGNonBlocking  
2025-09-08 02:17:38 INFO  (ApplicationTrustManagerFactory) Trust manager disabled, cacerts have not been set  
2025-09-08 02:17:39 INFO  (HeadlessAnalyzer) HEADLESS Script Paths:
    /Applications/ghidra_11.0.3_PUBLIC/Ghidra/Processors/8051/ghidra_scripts
    /Applications/ghidra_11.0.3_PUBLIC/Ghidra/Features/FileFormats/ghidra_scripts
    /Applications/ghidra_11.0.3_PUBLIC/Ghidra/Features/Base/ghidra_scripts
    /Applications/ghidra_11.0.3_PUBLIC/Ghidra/Features/Python/ghidra_scripts
    /Applications/ghidra_11.0.3_PUBLIC/Ghidra/Features/GnuDemangler/ghidra_scripts
    /Applications/ghidra_11.0.3_PUBLIC/Ghidra/Features/SystemEmulation/ghidra_scripts
    /Applications/ghidra_11.0.3_PUBLIC/Ghidra/Features/MicrosoftCodeAnalyzer/ghidra_scripts
    /Applications/ghidra_11.0.3_PUBLIC/Ghidra/Features/BytePatterns/ghidra_scripts
    /Applications/ghidra_11.0.3_PUBLIC/Ghidra/Features/Decompiler/ghidra_scripts
    /Applications/ghidra_11.0.3_PUBLIC/Ghidra/Processors/Atmel/ghidra_scripts
    /Applications/ghidra_11.0.3_PUBLIC/Ghidra/Debug/Debugger-agent-frida/ghidra_scripts
    /Applications/ghidra_11.0.3_PUBLIC/Ghidra/Features/FunctionID/ghidra_scripts
    /Applications/ghidra_11.0.3_PUBLIC/Ghidra/Processors/JVM/ghidra_scripts
    /Applications/ghidra_11.0.3_PUBLIC/Ghidra/Processors/PIC/ghidra_scripts
    /Applications/ghidra_11.0.3_PUBLIC/Ghidra/Features/BSim/ghidra_scripts
    /Applications/ghidra_11.0.3_PUBLIC/Ghidra/Features/PDB/ghidra_scripts
    /Applications/ghidra_11.0.3_PUBLIC/Ghidra/Processors/DATA/ghidra_scripts
    /Users/chenkexin/ghidra_scripts
    /Users/chenkexin/Desktop/kk/test_taint
    /Applications/ghidra_11.0.3_PUBLIC/Ghidra/Debug/Debugger-agent-dbgmodel-traceloader/ghidra_scripts
    /Applications/ghidra_11.0.3_PUBLIC/Ghidra/Debug/Debugger-rmi-trace/ghidra_scripts
    /Applications/ghidra_11.0.3_PUBLIC/Ghidra/Features/VersionTracking/ghidra_scripts
    /Applications/ghidra_11.0.3_PUBLIC/Ghidra/Debug/Debugger/ghidra_scripts  
2025-09-08 02:17:39 INFO  (HeadlessAnalyzer) HEADLESS: execution starts  
2025-09-08 02:17:39 INFO  (HeadlessAnalyzer) Opening existing project: /Users/chenkexin/Desktop/kk/test_taint/ghidra_projects/all_binaries_analysis  
2025-09-08 02:17:39 INFO  (HeadlessProject) Opening project: /Users/chenkexin/Desktop/kk/test_taint/ghidra_projects/all_binaries_analysis  
2025-09-08 02:17:39 INFO  (HeadlessAnalyzer) REPORT: Processing input files:   
2025-09-08 02:17:39 INFO  (HeadlessAnalyzer)      project: /Users/chenkexin/Desktop/kk/test_taint/ghidra_projects/all_binaries_analysis  
2025-09-08 02:17:39 INFO  (HeadlessAnalyzer) IMPORTING: file:///Users/chenkexin/Desktop/kk/test_taint/assets/merged_bin/mnist_tflite_clang_O0  
2025-09-08 02:17:42 INFO  (AutoImporter) Using Loader: Executable and Linking Format (ELF)  
2025-09-08 02:17:42 INFO  (AutoImporter) Using Language/Compiler: AARCH64:LE:64:v8A:default  
2025-09-08 02:17:42 DEBUG (ElfHeader) Elf symbol table section .dynsym linked to string table section .dynstr  
2025-09-08 02:17:42 DEBUG (ElfHeader) Elf symbol table section .symtab linked to string table section .strtab  
2025-09-08 02:17:42 DEBUG (ElfHeader) Elf relocation table section .rela.dyn linked to symbol table section .dynsym affecting PT_LOAD  
2025-09-08 02:17:42 DEBUG (ElfHeader) Elf relocation table section .rela.plt linked to symbol table section .dynsym affecting .got.plt  
2025-09-08 02:17:42 DEBUG (ElfProgramBuilder) Discarding 1-byte alignment/filler segment_2.3 at 00100253  
2025-09-08 02:17:42 DEBUG (ElfProgramBuilder) Discarding 4-byte alignment/filler segment_2.10 at 00101464  
2025-09-08 02:17:42 DEBUG (ElfProgramBuilder) Discarding 48-byte alignment/filler segment_2.16 at 00101e50  
2025-09-08 02:17:42 DEBUG (ElfProgramBuilder) Discarding 1-byte alignment/filler segment_2.20 at 00105b6f  
2025-09-08 02:17:42 DEBUG (ElfProgramBuilder) Discarding 4-byte alignment/filler segment_2.22 at 00106314  
2025-09-08 02:17:43 INFO  (HeadlessAnalyzer) IMPORTING: Loaded 0 additional files  
2025-09-08 02:17:44 INFO  (HeadlessAnalyzer) ANALYZING all memory and code: file:///Users/chenkexin/Desktop/kk/test_taint/assets/merged_bin/mnist_tflite_clang_O0  
2025-09-08 02:17:44 ERROR (DWARFAnalyzer) Error during DWARFAnalyzer import:  ghidra.app.util.bin.format.dwarf4.DWARFException: Only DWARF version 2, 3, or 4 information is currently supported (detected 5).
	at ghidra.app.util.bin.format.dwarf4.DWARFCompilationUnit.readCompilationUnit(DWARFCompilationUnit.java:155)
	at ghidra.app.util.bin.format.dwarf4.next.DWARFProgram.bootstrapCompilationUnits(DWARFProgram.java:629)
	at ghidra.app.util.bin.format.dwarf4.next.DWARFProgram.<init>(DWARFProgram.java:262)
	at ghidra.app.plugin.core.analysis.DWARFAnalyzer.added(DWARFAnalyzer.java:109)
	at ghidra.app.plugin.core.analysis.AnalysisScheduler.runAnalyzer(AnalysisScheduler.java:186)
	at ghidra.app.plugin.core.analysis.AnalysisTask.applyTo(AnalysisTask.java:39)
	at ghidra.app.plugin.core.analysis.AutoAnalysisManager$AnalysisTaskWrapper.run(AutoAnalysisManager.java:686)
	at ghidra.app.plugin.core.analysis.AutoAnalysisManager.startAnalysis(AutoAnalysisManager.java:786)
	at ghidra.app.plugin.core.analysis.AutoAnalysisManager.startAnalysis(AutoAnalysisManager.java:665)
	at ghidra.app.plugin.core.analysis.AutoAnalysisManager.startAnalysis(AutoAnalysisManager.java:630)
	at ghidra.app.util.headless.HeadlessAnalyzer.analyzeProgram(HeadlessAnalyzer.java:1029)
	at ghidra.app.util.headless.HeadlessAnalyzer.processFileWithImport(HeadlessAnalyzer.java:1552)
	at ghidra.app.util.headless.HeadlessAnalyzer.processWithLoader(HeadlessAnalyzer.java:1734)
	at ghidra.app.util.headless.HeadlessAnalyzer.processWithImport(HeadlessAnalyzer.java:1675)
	at ghidra.app.util.headless.HeadlessAnalyzer.processWithImport(HeadlessAnalyzer.java:1759)
	at ghidra.app.util.headless.HeadlessAnalyzer.processLocal(HeadlessAnalyzer.java:460)
	at ghidra.app.util.headless.AnalyzeHeadless.launch(AnalyzeHeadless.java:127)
	at ghidra.GhidraLauncher.launch(GhidraLauncher.java:78)
	at ghidra.Ghidra.main(Ghidra.java:54)
 
2025-09-08 02:17:47 INFO  (PackedDatabaseCache) Packed database cache: /var/folders/kn/fw_2jn054bq5f73czrm_91nc0000gn/T/chenkexin-Ghidra/packed-db-cache  
2025-09-08 02:17:47 DEBUG (PackedDatabaseCache) Using cached packed database: /Applications/ghidra_11.0.3_PUBLIC/Ghidra/Features/Base/data/typeinfo/generic/generic_clib_64.gdt  
2025-09-08 02:17:48 INFO  (ApplyDataArchiveAnalyzer) Applied data type archive: generic_clib_64  
2025-09-08 02:17:49 WARN  (DemangledAddressTable) Unable to fully apply external demangled Address Table at 00121098: tflite::MutableOpResolver::vtable  
2025-09-08 02:17:51 INFO  (AutoAnalysisManager) -----------------------------------------------------
    AARCH64 ELF PLT Thunks                     0.302 secs
    ASCII Strings                              0.279 secs
    Apply Data Archives                        1.114 secs
    Basic Constant Reference Analyzer          0.724 secs
    Call Convention ID                         0.717 secs
    Call-Fixup Installer                       0.066 secs
    Create Address Tables                      0.034 secs
    Create Function                            0.000 secs
    DWARF                                      0.078 secs
    Data Reference                             0.025 secs
    Decompiler Switch Analysis                 0.168 secs
    Demangler GNU                              0.549 secs
    Disassemble Entry Points                   0.162 secs
    Embedded Media                             0.016 secs
    External Entry References                  0.002 secs
    Function Start Search                      0.072 secs
    Function Start Search After Code           0.032 secs
    Function Start Search After Data           0.010 secs
    Function Start Search delayed - One Time   0.003 secs
    GCC Exception Handlers                     1.487 secs
    Non-Returning Functions - Discovered       0.036 secs
    Non-Returning Functions - Known            0.022 secs
    Reference                                  0.098 secs
    Shared Return Calls                        0.069 secs
    Stack                                      0.764 secs
    Subroutine References                      0.047 secs
-----------------------------------------------------
     Total Time   6 secs
-----------------------------------------------------
  
2025-09-08 02:17:51 INFO  (HeadlessAnalyzer) REPORT: Analysis succeeded for file: file:///Users/chenkexin/Desktop/kk/test_taint/assets/merged_bin/mnist_tflite_clang_O0  
2025-09-08 02:17:51 INFO  (HeadlessAnalyzer) SCRIPT: /Users/chenkexin/Desktop/kk/test_taint/tflite_analyzer.py  
2025-09-08 02:17:55 INFO  (GhidraScript) tflite_analyzer.py> INFO: Searching for functions, thunks, and call sites related to keywords: ['operator']  
2025-09-08 02:17:55 INFO  (GhidraScript) tflite_analyzer.py> INFO: Found function 'operator.delete'. Searching for its thunks.  
2025-09-08 02:17:55 INFO  (GhidraScript) tflite_analyzer.py> INFO: Found thunk 'operator.delete' at 00101bb0 for function.  
2025-09-08 02:17:55 INFO  (GhidraScript) tflite_analyzer.py> INFO: Found thunk 'operator.delete' at 00121038 for function.  
2025-09-08 02:17:55 INFO  (GhidraScript) tflite_analyzer.py> INFO: Found function 'operator<<'. Searching for its thunks.  
2025-09-08 02:17:55 INFO  (GhidraScript) tflite_analyzer.py> INFO: Found thunk 'operator<<' at 00101c30 for function.  
2025-09-08 02:17:55 INFO  (GhidraScript) tflite_analyzer.py> INFO: Found thunk 'operator<<' at 00121090 for function.  
2025-09-08 02:17:55 INFO  (GhidraScript) tflite_analyzer.py> INFO: Found function 'operator<<'. Searching for its thunks.  
2025-09-08 02:17:55 INFO  (GhidraScript) tflite_analyzer.py> INFO: Found thunk 'operator<<' at 00101cf0 for function.  
2025-09-08 02:17:55 INFO  (GhidraScript) tflite_analyzer.py> INFO: Found thunk 'operator<<' at 001210f8 for function.  
2025-09-08 02:17:55 INFO  (GhidraScript) tflite_analyzer.py> INFO: Found function 'operator<<'. Searching for its thunks.  
2025-09-08 02:17:55 INFO  (GhidraScript) tflite_analyzer.py> INFO: Found thunk 'operator<<' at 00101dd0 for function.  
2025-09-08 02:17:55 INFO  (GhidraScript) tflite_analyzer.py> INFO: Found thunk 'operator<<' at 00121180 for function.  
2025-09-08 02:17:55 INFO  (GhidraScript) tflite_analyzer.py> INFO: Found function 'operator.new'. Searching for its thunks.  
2025-09-08 02:17:55 INFO  (GhidraScript) tflite_analyzer.py> INFO: Found thunk 'operator.new' at 00101d90 for function.  
2025-09-08 02:17:55 INFO  (GhidraScript) tflite_analyzer.py> INFO: Found thunk 'operator.new' at 00121160 for function.  
2025-09-08 02:17:55 INFO  (GhidraScript) tflite_analyzer.py> INFO: Found function 'operator()'. Searching for its thunks.  
2025-09-08 02:17:55 INFO  (GhidraScript) tflite_analyzer.py> INFO: Found thunk 'operator()' at 00101c40 for function.  
2025-09-08 02:17:55 INFO  (GhidraScript) tflite_analyzer.py> INFO: Found thunk 'operator()' at 001210a0 for function.  
2025-09-08 02:17:55 INFO  (GhidraScript) tflite_analyzer.py> INFO: Found 23 unique call sites. Analyzing each...  
2025-09-08 02:17:55 INFO  (GhidraScript) tflite_analyzer.py> 
--- Starting Stage 1 Taint Analysis from '['operator']' call sites ---  
2025-09-08 02:17:55 INFO  (GhidraScript) tflite_analyzer.py> 
--- Analyzing Call Site #1055676 at 00101bbc ---  
2025-09-08 02:17:55 INFO  (GhidraScript) tflite_analyzer.py> DEBUG: Parent (caller): operator.delete at 00101bb0  
2025-09-08 02:17:55 INFO  (GhidraScript) tflite_analyzer.py> INFO: Call at 00101bbc has no output varnode. Nothing to taint. Skipping.  
2025-09-08 02:17:55 INFO  (GhidraScript) tflite_analyzer.py> 
--- Analyzing Call Site #1055804 at 00101c3c ---  
2025-09-08 02:17:55 INFO  (GhidraScript) tflite_analyzer.py> DEBUG: Parent (caller): operator<< at 00101c30  
2025-09-08 02:17:55 INFO  (GhidraScript) tflite_analyzer.py> 
--- Initiating Taint Analysis for: operator<< (call at 00101c3c) ---  
2025-09-08 02:17:55 INFO  (GhidraScript) tflite_analyzer.py> DEBUG: Taint source is the return value of the call: pbVar1(x0)  
2025-09-08 02:17:55 INFO  (GhidraScript) tflite_analyzer.py> \n>>> Analyzing function: operator<< (Depth: 0) at 00101c30 (Originating from: ['operator']) with initial taints: pbVar1(x0)  
2025-09-08 02:17:55 INFO  (GhidraScript) tflite_analyzer.py>   - [STACK_SEARCH.0] Analyzing varnode: (register, 0x4000, 8)  
2025-09-08 02:17:55 INFO  (GhidraScript) tflite_analyzer.py>   - [STACK_SEARCH.0] Details: isAddress=0, addr=register:00004000, isStackAddress=0  
2025-09-08 02:17:55 INFO  (GhidraScript) tflite_analyzer.py>   - [STACK_SEARCH.0] Def P-Code Op: (register, 0x4000, 8) CALL (ram, 0x121090, 8) , (register, 0x4000, 8) , (register, 0x4008, 8)  
2025-09-08 02:17:55 INFO  (GhidraScript) tflite_analyzer.py>   - [STACK_SEARCH.0] Mnemonic 'CALL' is not a handled case. Aborting path.  
2025-09-08 02:17:55 INFO  (GhidraScript) tflite_analyzer.py> \nDEBUG: Reached specified start PcodeOp (register, 0x4000, 8) CALL (ram, 0x121090, 8) , (register, 0x4000, 8) , (register, 0x4008, 8) at 00101c3c in operator<<, subsequent ops will be processed.  
2025-09-08 02:17:55 WARN  (DecompileCallback) Decompiling 00121090, pcode error at 00121090: Unable to disassemble EXTERNAL block location: 00121090  
2025-09-08 02:17:55 INFO  (GhidraScript) tflite_analyzer.py> DEBUG: [operator<< @ 00101c3c] Analyzing potential tainted RETURN with value: pbVar1(x0) (Tainted: 1)  
2025-09-08 02:17:55 INFO  (GhidraScript) tflite_analyzer.py> 
==================== TAINTED RETURN DETECTED ====================  
2025-09-08 02:17:55 INFO  (GhidraScript) tflite_analyzer.py>   - Taint Origin:    ['operator']  
2025-09-08 02:17:55 INFO  (GhidraScript) tflite_analyzer.py>   - Function:        basic_ostream * operator<<(basic_ostream * param_1, basic_string * param_2) (Depth: 0)  
2025-09-08 02:17:55 INFO  (GhidraScript) tflite_analyzer.py>   - Return Address:  00101c3c  
2025-09-08 02:17:55 INFO  (GhidraScript) tflite_analyzer.py>   - Instruction:     br x17  
2025-09-08 02:17:55 INFO  (GhidraScript) tflite_analyzer.py>   - Tainted Value:   pbVar1(x0)  
2025-09-08 02:17:55 INFO  (GhidraScript) tflite_analyzer.py>   - Value defined by:  (register, 0x4000, 8) CALL (ram, 0x121090, 8) , (register, 0x4000, 8) , (register, 0x4008, 8) at 00101c3c  
2025-09-08 02:17:55 INFO  (GhidraScript) tflite_analyzer.py> ================================================================
  
2025-09-08 02:17:55 INFO  (GhidraScript) tflite_analyzer.py> INFO: [MULTI-STAGE] Tainted return from 'operator<<'. Finding call sites to continue analysis.  
2025-09-08 02:17:56 INFO  (GhidraScript) tflite_analyzer.py> INFO: [MULTI-STAGE] Queued new task to analyze caller 'main' starting from tainted return.  
2025-09-08 02:17:56 INFO  (GhidraScript) tflite_analyzer.py> INFO: [MULTI-STAGE] Queued new task to analyze caller 'main' starting from tainted return.  
2025-09-08 02:17:56 INFO  (GhidraScript) tflite_analyzer.py> <<< Finished analyzing function: operator<<.  
2025-09-08 02:17:56 INFO  (GhidraScript) tflite_analyzer.py> 
--- Analyzing Call Site #1055820 at 00101c4c ---  
2025-09-08 02:17:56 INFO  (GhidraScript) tflite_analyzer.py> DEBUG: Parent (caller): operator() at 00101c40  
2025-09-08 02:17:56 INFO  (GhidraScript) tflite_analyzer.py> INFO: Call at 00101c4c has no output varnode. Nothing to taint. Skipping.  
2025-09-08 02:17:56 INFO  (GhidraScript) tflite_analyzer.py> 
--- Analyzing Call Site #1055996 at 00101cfc ---  
2025-09-08 02:17:56 INFO  (GhidraScript) tflite_analyzer.py> DEBUG: Parent (caller): operator<< at 00101cf0  
2025-09-08 02:17:56 INFO  (GhidraScript) tflite_analyzer.py> INFO: Call at 00101cfc has no output varnode. Nothing to taint. Skipping.  
2025-09-08 02:17:56 INFO  (GhidraScript) tflite_analyzer.py> 
--- Analyzing Call Site #1056156 at 00101d9c ---  
2025-09-08 02:17:56 INFO  (GhidraScript) tflite_analyzer.py> DEBUG: Parent (caller): operator.new at 00101d90  
2025-09-08 02:17:56 INFO  (GhidraScript) tflite_analyzer.py> 
--- Initiating Taint Analysis for: operator.new (call at 00101d9c) ---  
2025-09-08 02:17:56 INFO  (GhidraScript) tflite_analyzer.py> DEBUG: Taint source is the return value of the call: pvVar1(x0)  
2025-09-08 02:17:56 INFO  (GhidraScript) tflite_analyzer.py> \n>>> Analyzing function: operator.new (Depth: 0) at 00101d90 (Originating from: ['operator']) with initial taints: pvVar1(x0)  
2025-09-08 02:17:56 INFO  (GhidraScript) tflite_analyzer.py>   - [STACK_SEARCH.0] Analyzing varnode: (register, 0x4000, 8)  
2025-09-08 02:17:56 INFO  (GhidraScript) tflite_analyzer.py>   - [STACK_SEARCH.0] Details: isAddress=0, addr=register:00004000, isStackAddress=0  
2025-09-08 02:17:56 INFO  (GhidraScript) tflite_analyzer.py>   - [STACK_SEARCH.0] Def P-Code Op: (register, 0x4000, 8) CALL (ram, 0x121160, 8) , (register, 0x4000, 8)  
2025-09-08 02:17:56 INFO  (GhidraScript) tflite_analyzer.py>   - [STACK_SEARCH.0] Mnemonic 'CALL' is not a handled case. Aborting path.  
2025-09-08 02:17:56 INFO  (GhidraScript) tflite_analyzer.py> \nDEBUG: Reached specified start PcodeOp (register, 0x4000, 8) CALL (ram, 0x121160, 8) , (register, 0x4000, 8) at 00101d9c in operator.new, subsequent ops will be processed.  
2025-09-08 02:17:56 WARN  (DecompileCallback) Decompiling 00121160, pcode error at 00121160: Unable to disassemble EXTERNAL block location: 00121160  
2025-09-08 02:17:56 INFO  (GhidraScript) tflite_analyzer.py> DEBUG: [operator.new @ 00101d9c] Analyzing potential tainted RETURN with value: pvVar1(x0) (Tainted: 1)  
2025-09-08 02:17:56 INFO  (GhidraScript) tflite_analyzer.py> 
==================== TAINTED RETURN DETECTED ====================  
2025-09-08 02:17:56 INFO  (GhidraScript) tflite_analyzer.py>   - Taint Origin:    ['operator']  
2025-09-08 02:17:56 INFO  (GhidraScript) tflite_analyzer.py>   - Function:        void * operator.new(ulong param_1) (Depth: 0)  
2025-09-08 02:17:56 INFO  (GhidraScript) tflite_analyzer.py>   - Return Address:  00101d9c  
2025-09-08 02:17:56 INFO  (GhidraScript) tflite_analyzer.py>   - Instruction:     br x17  
2025-09-08 02:17:56 INFO  (GhidraScript) tflite_analyzer.py>   - Tainted Value:   pvVar1(x0)  
2025-09-08 02:17:56 INFO  (GhidraScript) tflite_analyzer.py>   - Value defined by:  (register, 0x4000, 8) CALL (ram, 0x121160, 8) , (register, 0x4000, 8) at 00101d9c  
2025-09-08 02:17:56 INFO  (GhidraScript) tflite_analyzer.py> ================================================================
  
2025-09-08 02:17:56 INFO  (GhidraScript) tflite_analyzer.py> INFO: [MULTI-STAGE] Tainted return from 'operator.new'. Finding call sites to continue analysis.  
2025-09-08 02:17:56 INFO  (GhidraScript) tflite_analyzer.py> <<< Finished analyzing function: operator.new.  
2025-09-08 02:17:56 INFO  (GhidraScript) tflite_analyzer.py> 
--- Analyzing Call Site #1056220 at 00101ddc ---  
2025-09-08 02:17:56 INFO  (GhidraScript) tflite_analyzer.py> DEBUG: Parent (caller): operator<< at 00101dd0  
2025-09-08 02:17:56 INFO  (GhidraScript) tflite_analyzer.py> 
--- Initiating Taint Analysis for: operator<< (call at 00101ddc) ---  
2025-09-08 02:17:56 INFO  (GhidraScript) tflite_analyzer.py> DEBUG: Taint source is the return value of the call: pbVar1(x0)  
2025-09-08 02:17:56 INFO  (GhidraScript) tflite_analyzer.py> \n>>> Analyzing function: operator<< (Depth: 0) at 00101dd0 (Originating from: ['operator']) with initial taints: pbVar1(x0)  
2025-09-08 02:17:56 INFO  (GhidraScript) tflite_analyzer.py>   - [STACK_SEARCH.0] Analyzing varnode: (register, 0x4000, 8)  
2025-09-08 02:17:56 INFO  (GhidraScript) tflite_analyzer.py>   - [STACK_SEARCH.0] Details: isAddress=0, addr=register:00004000, isStackAddress=0  
2025-09-08 02:17:56 INFO  (GhidraScript) tflite_analyzer.py>   - [STACK_SEARCH.0] Def P-Code Op: (register, 0x4000, 8) CALL (ram, 0x121180, 8) , (register, 0x4000, 8) , (register, 0x4008, 8)  
2025-09-08 02:17:56 INFO  (GhidraScript) tflite_analyzer.py>   - [STACK_SEARCH.0] Mnemonic 'CALL' is not a handled case. Aborting path.  
2025-09-08 02:17:56 INFO  (GhidraScript) tflite_analyzer.py> \nDEBUG: Reached specified start PcodeOp (register, 0x4000, 8) CALL (ram, 0x121180, 8) , (register, 0x4000, 8) , (register, 0x4008, 8) at 00101ddc in operator<<, subsequent ops will be processed.  
2025-09-08 02:17:56 WARN  (DecompileCallback) Decompiling 00121180, pcode error at 00121180: Unable to disassemble EXTERNAL block location: 00121180  
2025-09-08 02:17:56 INFO  (GhidraScript) tflite_analyzer.py> DEBUG: [operator<< @ 00101ddc] Analyzing potential tainted RETURN with value: pbVar1(x0) (Tainted: 1)  
2025-09-08 02:17:56 INFO  (GhidraScript) tflite_analyzer.py> 
==================== TAINTED RETURN DETECTED ====================  
2025-09-08 02:17:56 INFO  (GhidraScript) tflite_analyzer.py>   - Taint Origin:    ['operator']  
2025-09-08 02:17:56 INFO  (GhidraScript) tflite_analyzer.py>   - Function:        basic_ostream * operator<<(basic_ostream * param_1, char * param_2) (Depth: 0)  
2025-09-08 02:17:56 INFO  (GhidraScript) tflite_analyzer.py>   - Return Address:  00101ddc  
2025-09-08 02:17:56 INFO  (GhidraScript) tflite_analyzer.py>   - Instruction:     br x17  
2025-09-08 02:17:56 INFO  (GhidraScript) tflite_analyzer.py>   - Tainted Value:   pbVar1(x0)  
2025-09-08 02:17:56 INFO  (GhidraScript) tflite_analyzer.py>   - Value defined by:  (register, 0x4000, 8) CALL (ram, 0x121180, 8) , (register, 0x4000, 8) , (register, 0x4008, 8) at 00101ddc  
2025-09-08 02:17:56 INFO  (GhidraScript) tflite_analyzer.py> ================================================================
  
2025-09-08 02:17:56 INFO  (GhidraScript) tflite_analyzer.py> INFO: [MULTI-STAGE] Tainted return from 'operator<<'. Finding call sites to continue analysis.  
2025-09-08 02:17:56 INFO  (GhidraScript) tflite_analyzer.py> INFO: [MULTI-STAGE] Queued new task to analyze caller 'main' starting from tainted return.  
2025-09-08 02:17:56 INFO  (GhidraScript) tflite_analyzer.py> INFO: [MULTI-STAGE] Queued new task to analyze caller 'main' starting from tainted return.  
2025-09-08 02:17:56 INFO  (GhidraScript) tflite_analyzer.py> <<< Finished analyzing function: operator<<.  
2025-09-08 02:17:56 INFO  (GhidraScript) tflite_analyzer.py> 
--- Analyzing Call Site #1056976 at 001020d0 ---  
2025-09-08 02:17:56 INFO  (GhidraScript) tflite_analyzer.py> DEBUG: Parent (caller): main at 00101f98  
2025-09-08 02:17:57 INFO  (GhidraScript) tflite_analyzer.py> 
--- Initiating Taint Analysis for: main (call at 001020d0) ---  
2025-09-08 02:17:57 INFO  (GhidraScript) tflite_analyzer.py> DEBUG: Taint source is the return value of the call: pbVar8(x0)  
2025-09-08 02:17:57 INFO  (GhidraScript) tflite_analyzer.py> \n>>> Analyzing function: main (Depth: 0) at 00101f98 (Originating from: ['operator']) with initial taints: pbVar8(x0)  
2025-09-08 02:17:57 INFO  (GhidraScript) tflite_analyzer.py>   - [STACK_SEARCH.0] Analyzing varnode: (register, 0x4000, 8)  
2025-09-08 02:17:57 INFO  (GhidraScript) tflite_analyzer.py>   - [STACK_SEARCH.0] Details: isAddress=0, addr=register:00004000, isStackAddress=0  
2025-09-08 02:17:57 INFO  (GhidraScript) tflite_analyzer.py>   - [STACK_SEARCH.0] Def P-Code Op: (register, 0x4000, 8) CALL (ram, 0x101dd0, 8) , (unique, 0x100007f6, 8) , (unique, 0x100004b9, 8)  
2025-09-08 02:17:57 INFO  (GhidraScript) tflite_analyzer.py>   - [STACK_SEARCH.0] Mnemonic 'CALL' is not a handled case. Aborting path.  
2025-09-08 02:17:57 INFO  (GhidraScript) tflite_analyzer.py> \nDEBUG: Reached specified start PcodeOp (register, 0x4000, 8) CALL (ram, 0x101dd0, 8) , (unique, 0x100007f6, 8) , (unique, 0x100004b9, 8) at 001020d0 in main, subsequent ops will be processed.  
2025-09-08 02:17:57 INFO  (GhidraScript) tflite_analyzer.py> \n>>> Analyzing function: operator<< (Depth: 1) at 00101c30 (Originating from: ['operator']) with initial taints: param_1(x0)  
2025-09-08 02:17:57 INFO  (GhidraScript) tflite_analyzer.py>   - [STACK_SEARCH.0] Analyzing varnode: (register, 0x4000, 8)  
2025-09-08 02:17:57 INFO  (GhidraScript) tflite_analyzer.py>   - [STACK_SEARCH.0] Details: isAddress=0, addr=register:00004000, isStackAddress=0  
2025-09-08 02:17:57 INFO  (GhidraScript) tflite_analyzer.py>   - [STACK_SEARCH.0] No defining p-code op found. Aborting path.  
2025-09-08 02:17:57 INFO  (GhidraScript) tflite_analyzer.py> DEBUG: Starting taint analysis from the beginning of function operator<<.  
2025-09-08 02:17:57 WARN  (DecompileCallback) Decompiling 00121090, pcode error at 00121090: Unable to disassemble EXTERNAL block location: 00121090  
2025-09-08 02:17:57 INFO  (GhidraScript) tflite_analyzer.py> \n>>> Analyzing function: operator<< (Depth: 2) at 00121090 (Originating from: ['operator']) with initial taints: param_1(x0)  
2025-09-08 02:17:57 INFO  (GhidraScript) tflite_analyzer.py>   - [STACK_SEARCH.0] Analyzing varnode: (register, 0x4000, 8)  
2025-09-08 02:17:57 INFO  (GhidraScript) tflite_analyzer.py>   - [STACK_SEARCH.0] Details: isAddress=0, addr=register:00004000, isStackAddress=0  
2025-09-08 02:17:57 INFO  (GhidraScript) tflite_analyzer.py>   - [STACK_SEARCH.0] No defining p-code op found. Aborting path.  
2025-09-08 02:17:57 INFO  (GhidraScript) tflite_analyzer.py> DEBUG: Starting taint analysis from the beginning of function operator<<.  
2025-09-08 02:17:57 INFO  (GhidraScript) tflite_analyzer.py> <<< Finished analyzing function: operator<<.  
2025-09-08 02:17:57 INFO  (GhidraScript) tflite_analyzer.py> DEBUG: [operator<< @ 00101c3c] Analyzing potential tainted RETURN with value: pbVar1(x0) (Tainted: 0)  
2025-09-08 02:17:57 INFO  (GhidraScript) tflite_analyzer.py>     [DEBUG] --- Taint Check Details (RETURN FAILED) ---  
2025-09-08 02:17:57 INFO  (GhidraScript) tflite_analyzer.py>     [DEBUG]   > Return Varnode: (register, 0x4000, 8) (Size: 8, Def: (register, 0x4000, 8) CALL (ram, 0x121090, 8) , (register, 0x4000, 8) , (register, 0x4008, 8) at 00101c3c)  
2025-09-08 02:17:57 INFO  (GhidraScript) tflite_analyzer.py>     [DEBUG]   > Currently Tainted HighVariables in this function:  
2025-09-08 02:17:57 INFO  (GhidraScript) tflite_analyzer.py>     [DEBUG]     1. param_1(x0)  
2025-09-08 02:17:57 INFO  (GhidraScript) tflite_analyzer.py>     [DEBUG] ---------------------------------  
2025-09-08 02:17:57 INFO  (GhidraScript) tflite_analyzer.py> <<< Finished analyzing function: operator<<.  
2025-09-08 02:17:57 INFO  (GhidraScript) tflite_analyzer.py> DEBUG: [main @ 001020fc] Taint propagated from pbVar8(x0) to UNNAMED(UniquePcode[0x10000806]) via CAST.  
2025-09-08 02:17:57 INFO  (GhidraScript) tflite_analyzer.py> DEBUG: [CBRANCH] Found defining op for condition: (unique, 0x18a80, 1) INT_EQUAL (unique, 0x18980, 4) , (const, 0x0, 4)  
2025-09-08 02:17:57 INFO  (GhidraScript) tflite_analyzer.py> INFO: [main @ 0010220c] Taint reached CBRANCH. Operands: ['UNNAMED(UniquePcode[0x18980])', 'UnnamedHighVar(Constant: 0x0)'].   
2025-09-08 02:17:57 INFO  (GhidraScript) tflite_analyzer.py> DEBUG: Already analyzed function operator<< with initial taints ('param_1(x0)',) (origin: ['operator']). Skipping.  
2025-09-08 02:17:57 INFO  (GhidraScript) tflite_analyzer.py> DEBUG: [main @ 00102250] Taint propagated from pbVar8(x0) to UNNAMED(UniquePcode[0x100007e6]) via CAST.  
2025-09-08 02:17:57 INFO  (GhidraScript) tflite_analyzer.py> DEBUG: [CBRANCH] Found defining op for condition: (unique, 0x1100, 1) INT_SLESS (stack, 0xfffffffffffffc1c, 4) , (const, 0x310, 4)  
2025-09-08 02:17:57 INFO  (GhidraScript) tflite_analyzer.py> INFO: [main @ 00102350] Taint reached CBRANCH. Operands: ['local_3e4(StackDirect[Stack[-0x3e4]])', 'UnnamedHighVar(Constant: 0x310)'].   
2025-09-08 02:17:57 INFO  (GhidraScript) tflite_analyzer.py> DEBUG: [LOAD_HANDLER] Checking LOAD op at 00102364. Address varnode: (unique, 0x7580, 8)  
2025-09-08 02:17:57 INFO  (GhidraScript) tflite_analyzer.py> DEBUG: [LOAD_HANDLER] POINTER_RULE FAIL: Address varnode UNNAMED(UniquePcode[0x7580]) is not tainted (recursive check).  
2025-09-08 02:17:57 INFO  (GhidraScript) tflite_analyzer.py> DEBUG: [LOAD_HANDLER] REGION_RULE FAIL: Address pointer UNNAMED(UniquePcode[0x7580]) is not in the tainted memory regions set.  
2025-09-08 02:17:57 INFO  (GhidraScript) tflite_analyzer.py> DEBUG: [LOAD_HANDLER] Checking LOAD op at 00102438. Address varnode: (unique, 0x6500, 8)  
2025-09-08 02:17:57 INFO  (GhidraScript) tflite_analyzer.py> DEBUG: [LOAD_HANDLER] POINTER_RULE FAIL: Address varnode UNNAMED(UniquePcode[0x6500]) is not tainted (recursive check).  
2025-09-08 02:17:57 INFO  (GhidraScript) tflite_analyzer.py> DEBUG: [LOAD_HANDLER] REGION_RULE FAIL: Address pointer UNNAMED(UniquePcode[0x6500]) is not in the tainted memory regions set.  
2025-09-08 02:17:57 INFO  (GhidraScript) tflite_analyzer.py> DEBUG: [LOAD_HANDLER] Checking LOAD op at 0010244c. Address varnode: (register, 0x4040, 8)  
2025-09-08 02:17:57 INFO  (GhidraScript) tflite_analyzer.py> DEBUG: [LOAD_HANDLER] POINTER_RULE FAIL: Address varnode local_3f8(StackDirect[Stack[-0x3f8]]) is not tainted (recursive check).  
2025-09-08 02:17:57 INFO  (GhidraScript) tflite_analyzer.py> DEBUG: [LOAD_HANDLER] REGION_RULE FAIL: Address pointer local_3f8(StackDirect[Stack[-0x3f8]]) is not in the tainted memory regions set.  
2025-09-08 02:17:57 INFO  (GhidraScript) tflite_analyzer.py> DEBUG: [LOAD_HANDLER] Checking LOAD op at 00102454. Address varnode: (unique, 0x7580, 8)  
2025-09-08 02:17:57 INFO  (GhidraScript) tflite_analyzer.py> DEBUG: [LOAD_HANDLER] POINTER_RULE FAIL: Address varnode UNNAMED(UniquePcode[0x7580]) is not tainted (recursive check).  
2025-09-08 02:17:57 INFO  (GhidraScript) tflite_analyzer.py> DEBUG: [LOAD_HANDLER] REGION_RULE FAIL: Address pointer UNNAMED(UniquePcode[0x7580]) is not in the tainted memory regions set.  
2025-09-08 02:17:57 INFO  (GhidraScript) tflite_analyzer.py> DEBUG: [LOAD_HANDLER] Checking LOAD op at 00102564. Address varnode: (register, 0x4000, 8)  
2025-09-08 02:17:57 INFO  (GhidraScript) tflite_analyzer.py> DEBUG: [LOAD_HANDLER] POINTER_RULE FAIL: Address varnode pfVar12(x0) is not tainted (recursive check).  
2025-09-08 02:17:57 INFO  (GhidraScript) tflite_analyzer.py> DEBUG: [LOAD_HANDLER] REGION_RULE FAIL: Address pointer pfVar12(x0) is not in the tainted memory regions set.  
2025-09-08 02:17:57 INFO  (GhidraScript) tflite_analyzer.py> DEBUG: [CBRANCH] Found defining op for condition: (register, 0x108, 1) INT_NOTEQUAL (unique, 0x3df80, 8) , (const, 0x0, 8)  
2025-09-08 02:17:57 INFO  (GhidraScript) tflite_analyzer.py> INFO: [main @ 0010258c] Taint reached CBRANCH. Operands: ['lVar11(x0)', 'UnnamedHighVar(Constant: 0x0)'].   
2025-09-08 02:17:57 INFO  (GhidraScript) tflite_analyzer.py> DEBUG: [CBRANCH] Found defining op for condition: (unique, 0x1580, 1) FLOAT_LESSEQUAL (register, 0x5000, 4) , (const, 0x3f333333, 4)  
2025-09-08 02:17:57 INFO  (GhidraScript) tflite_analyzer.py> INFO: [main @ 001025a8] Taint reached CBRANCH. Operands: ['UNNAMED(s0)', 'UnnamedHighVar(Constant: 0x3f333333)'].   
2025-09-08 02:17:57 INFO  (GhidraScript) tflite_analyzer.py> DEBUG: [main @ 001026d0] Analyzing potential tainted RETURN with value: UNNAMED(w0) (Tainted: 0)  
2025-09-08 02:17:57 INFO  (GhidraScript) tflite_analyzer.py>     [DEBUG] --- Taint Check Details (RETURN FAILED) ---  
2025-09-08 02:17:57 INFO  (GhidraScript) tflite_analyzer.py>     [DEBUG]   > Return Varnode: (register, 0x4000, 4) (Size: 4, Def: (register, 0x4000, 4) COPY (stack, 0xffffffffffffff34, 4) at 001026c0)  
2025-09-08 02:17:57 INFO  (GhidraScript) tflite_analyzer.py>     [DEBUG]   > Currently Tainted HighVariables in this function:  
2025-09-08 02:17:57 INFO  (GhidraScript) tflite_analyzer.py>     [DEBUG]     1. UNNAMED(UniquePcode[0x100007e6])  
2025-09-08 02:17:57 INFO  (GhidraScript) tflite_analyzer.py>     [DEBUG]     2. UNNAMED(UniquePcode[0x10000806])  
2025-09-08 02:17:57 INFO  (GhidraScript) tflite_analyzer.py>     [DEBUG]     3. pbVar8(x0)  
2025-09-08 02:17:57 INFO  (GhidraScript) tflite_analyzer.py>     [DEBUG] ---------------------------------  
2025-09-08 02:17:57 INFO  (GhidraScript) tflite_analyzer.py> DEBUG: [main @ 001026d0] Analyzing potential tainted RETURN with value: UNNAMED(w0) (Tainted: 0)  
2025-09-08 02:17:57 INFO  (GhidraScript) tflite_analyzer.py>     [DEBUG] --- Taint Check Details (RETURN FAILED) ---  
2025-09-08 02:17:57 INFO  (GhidraScript) tflite_analyzer.py>     [DEBUG]   > Return Varnode: (register, 0x4000, 4) (Size: 4, Def: (register, 0x4000, 4) COPY (const, 0x1, 4) at 001026c0)  
2025-09-08 02:17:57 INFO  (GhidraScript) tflite_analyzer.py>     [DEBUG]   > Currently Tainted HighVariables in this function:  
2025-09-08 02:17:57 INFO  (GhidraScript) tflite_analyzer.py>     [DEBUG]     1. UNNAMED(UniquePcode[0x100007e6])  
2025-09-08 02:17:57 INFO  (GhidraScript) tflite_analyzer.py>     [DEBUG]     2. UNNAMED(UniquePcode[0x10000806])  
2025-09-08 02:17:57 INFO  (GhidraScript) tflite_analyzer.py>     [DEBUG]     3. pbVar8(x0)  
2025-09-08 02:17:57 INFO  (GhidraScript) tflite_analyzer.py>     [DEBUG] ---------------------------------  
2025-09-08 02:17:57 INFO  (GhidraScript) tflite_analyzer.py> <<< Finished analyzing function: main.  
2025-09-08 02:17:57 INFO  (GhidraScript) tflite_analyzer.py> 
--- Analyzing Call Site #1056996 at 001020e4 ---  
2025-09-08 02:17:57 INFO  (GhidraScript) tflite_analyzer.py> DEBUG: Parent (caller): main at 00101f98  
2025-09-08 02:17:57 INFO  (GhidraScript) tflite_analyzer.py> 
--- Initiating Taint Analysis for: main (call at 001020e4) ---  
2025-09-08 02:17:57 INFO  (GhidraScript) tflite_analyzer.py> DEBUG: Taint source is the return value of the call: pbVar8(x0)  
2025-09-08 02:17:57 INFO  (GhidraScript) tflite_analyzer.py> DEBUG: Already analyzed function main with initial taints ('pbVar8(x0)',) (origin: ['operator']). Skipping.  
2025-09-08 02:17:57 INFO  (GhidraScript) tflite_analyzer.py> 
--- Analyzing Call Site #1057020 at 001020fc ---  
2025-09-08 02:17:57 INFO  (GhidraScript) tflite_analyzer.py> DEBUG: Parent (caller): main at 00101f98  
2025-09-08 02:17:57 INFO  (GhidraScript) tflite_analyzer.py> INFO: Call at 001020fc has no output varnode. Nothing to taint. Skipping.  
2025-09-08 02:17:57 INFO  (GhidraScript) tflite_analyzer.py> 
--- Analyzing Call Site #1057220 at 001021c4 ---  
2025-09-08 02:17:57 INFO  (GhidraScript) tflite_analyzer.py> DEBUG: Parent (caller): main at 00101f98  
2025-09-08 02:17:57 INFO  (GhidraScript) tflite_analyzer.py> INFO: Call at 001021c4 has no output varnode. Nothing to taint. Skipping.  
2025-09-08 02:17:57 INFO  (GhidraScript) tflite_analyzer.py> 
--- Analyzing Call Site #1057316 at 00102224 ---  
2025-09-08 02:17:57 INFO  (GhidraScript) tflite_analyzer.py> DEBUG: Parent (caller): main at 00101f98  
2025-09-08 02:17:58 INFO  (GhidraScript) tflite_analyzer.py> 
--- Initiating Taint Analysis for: main (call at 00102224) ---  
2025-09-08 02:17:58 INFO  (GhidraScript) tflite_analyzer.py> DEBUG: Taint source is the return value of the call: pbVar8(x0)  
2025-09-08 02:17:58 INFO  (GhidraScript) tflite_analyzer.py> DEBUG: Already analyzed function main with initial taints ('pbVar8(x0)',) (origin: ['operator']). Skipping.  
2025-09-08 02:17:58 INFO  (GhidraScript) tflite_analyzer.py> 
--- Analyzing Call Site #1057336 at 00102238 ---  
2025-09-08 02:17:58 INFO  (GhidraScript) tflite_analyzer.py> DEBUG: Parent (caller): main at 00101f98  
2025-09-08 02:17:58 INFO  (GhidraScript) tflite_analyzer.py> 
--- Initiating Taint Analysis for: main (call at 00102238) ---  
2025-09-08 02:17:58 INFO  (GhidraScript) tflite_analyzer.py> DEBUG: Taint source is the return value of the call: pbVar8(x0)  
2025-09-08 02:17:58 INFO  (GhidraScript) tflite_analyzer.py> DEBUG: Already analyzed function main with initial taints ('pbVar8(x0)',) (origin: ['operator']). Skipping.  
2025-09-08 02:17:58 INFO  (GhidraScript) tflite_analyzer.py> 
--- Analyzing Call Site #1057360 at 00102250 ---  
2025-09-08 02:17:58 INFO  (GhidraScript) tflite_analyzer.py> DEBUG: Parent (caller): main at 00101f98  
2025-09-08 02:17:58 INFO  (GhidraScript) tflite_analyzer.py> INFO: Call at 00102250 has no output varnode. Nothing to taint. Skipping.  
2025-09-08 02:17:58 INFO  (GhidraScript) tflite_analyzer.py> 
--- Analyzing Call Site #1063184 at 00103910 ---  
2025-09-08 02:17:58 INFO  (GhidraScript) tflite_analyzer.py> DEBUG: Parent (caller): deallocate at 001038f4  
2025-09-08 02:17:58 INFO  (GhidraScript) tflite_analyzer.py> INFO: Call at 00103910 has no output varnode. Nothing to taint. Skipping.  
2025-09-08 02:17:58 INFO  (GhidraScript) tflite_analyzer.py> 
--- Analyzing Call Site #1064056 at 00103c78 ---  
2025-09-08 02:17:58 INFO  (GhidraScript) tflite_analyzer.py> DEBUG: Parent (caller): deallocate at 00103c5c  
2025-09-08 02:17:58 INFO  (GhidraScript) tflite_analyzer.py> INFO: Call at 00103c78 has no output varnode. Nothing to taint. Skipping.  
2025-09-08 02:17:58 INFO  (GhidraScript) tflite_analyzer.py> 
--- Analyzing Call Site #1064392 at 00103dc8 ---  
2025-09-08 02:17:58 INFO  (GhidraScript) tflite_analyzer.py> DEBUG: Parent (caller): deallocate at 00103dac  
2025-09-08 02:17:58 INFO  (GhidraScript) tflite_analyzer.py> INFO: Call at 00103dc8 has no output varnode. Nothing to taint. Skipping.  
2025-09-08 02:17:58 INFO  (GhidraScript) tflite_analyzer.py> 
--- Analyzing Call Site #1065248 at 00104120 ---  
2025-09-08 02:17:58 INFO  (GhidraScript) tflite_analyzer.py> DEBUG: Parent (caller): deallocate at 00104104  
2025-09-08 02:17:58 INFO  (GhidraScript) tflite_analyzer.py> INFO: Call at 00104120 has no output varnode. Nothing to taint. Skipping.  
2025-09-08 02:17:58 INFO  (GhidraScript) tflite_analyzer.py> 
--- Analyzing Call Site #1066148 at 001044a4 ---  
2025-09-08 02:17:58 INFO  (GhidraScript) tflite_analyzer.py> DEBUG: Parent (caller): deallocate at 00104488  
2025-09-08 02:17:58 INFO  (GhidraScript) tflite_analyzer.py> INFO: Call at 001044a4 has no output varnode. Nothing to taint. Skipping.  
2025-09-08 02:17:58 INFO  (GhidraScript) tflite_analyzer.py> 
--- Analyzing Call Site #1066652 at 0010469c ---  
2025-09-08 02:17:58 INFO  (GhidraScript) tflite_analyzer.py> DEBUG: Parent (caller): deallocate at 00104680  
2025-09-08 02:17:58 INFO  (GhidraScript) tflite_analyzer.py> INFO: Call at 0010469c has no output varnode. Nothing to taint. Skipping.  
2025-09-08 02:17:58 INFO  (GhidraScript) tflite_analyzer.py> 
--- Analyzing Call Site #1067524 at 00104a04 ---  
2025-09-08 02:17:58 INFO  (GhidraScript) tflite_analyzer.py> DEBUG: Parent (caller): deallocate at 001049e8  
2025-09-08 02:17:58 INFO  (GhidraScript) tflite_analyzer.py> INFO: Call at 00104a04 has no output varnode. Nothing to taint. Skipping.  
2025-09-08 02:17:58 INFO  (GhidraScript) tflite_analyzer.py> 
--- Analyzing Call Site #1067660 at 00104a8c ---  
2025-09-08 02:17:58 INFO  (GhidraScript) tflite_analyzer.py> DEBUG: Parent (caller): operator() at 00104a5c  
2025-09-08 02:17:58 INFO  (GhidraScript) tflite_analyzer.py> INFO: Call at 00104a8c has no output varnode. Nothing to taint. Skipping.  
2025-09-08 02:17:58 INFO  (GhidraScript) tflite_analyzer.py> 
--- Analyzing Call Site #1068296 at 00104d08 ---  
2025-09-08 02:17:58 INFO  (GhidraScript) tflite_analyzer.py> DEBUG: Parent (caller): operator() at 00104cd8  
2025-09-08 02:17:58 INFO  (GhidraScript) tflite_analyzer.py> INFO: Call at 00104d08 has no output varnode. Nothing to taint. Skipping.  
2025-09-08 02:17:58 INFO  (GhidraScript) tflite_analyzer.py> 
--- Analyzing Call Site #1069784 at 001052d8 ---  
2025-09-08 02:17:58 INFO  (GhidraScript) tflite_analyzer.py> DEBUG: Parent (caller): allocate at 00105280  
2025-09-08 02:17:58 INFO  (GhidraScript) tflite_analyzer.py> INFO: Call at 001052d8 has no output varnode. Nothing to taint. Skipping.  
2025-09-08 02:17:58 INFO  (GhidraScript) tflite_analyzer.py> 
--- Stage 1 Complete. Checking for pending multi-stage analysis tasks... ---  
2025-09-08 02:17:58 INFO  (GhidraScript) tflite_analyzer.py> 
--- Initiating Stage 2 Analysis Task #1 (from rule: tainted_return_from_operator<<) ---  
2025-09-08 02:17:58 INFO  (GhidraScript) tflite_analyzer.py> \n>>> Analyzing function: main (Depth: 0) at 00101f98 (Originating from: tainted_return_from_operator<<) with initial taints: pbVar8(x0)  
2025-09-08 02:17:58 INFO  (GhidraScript) tflite_analyzer.py>   - [STACK_SEARCH.0] Analyzing varnode: (register, 0x4000, 8)  
2025-09-08 02:17:58 INFO  (GhidraScript) tflite_analyzer.py>   - [STACK_SEARCH.0] Details: isAddress=0, addr=register:00004000, isStackAddress=0  
2025-09-08 02:17:58 INFO  (GhidraScript) tflite_analyzer.py>   - [STACK_SEARCH.0] Def P-Code Op: (register, 0x4000, 8) CALL (ram, 0x101dd0, 8) , (unique, 0x100007f6, 8) , (unique, 0x100004b9, 8)  
2025-09-08 02:17:58 INFO  (GhidraScript) tflite_analyzer.py>   - [STACK_SEARCH.0] Mnemonic 'CALL' is not a handled case. Aborting path.  
2025-09-08 02:17:58 INFO  (GhidraScript) tflite_analyzer.py> \nDEBUG: Reached specified start PcodeOp (register, 0x4000, 8) CALL (ram, 0x101c30, 8) , (register, 0x4000, 8) , (register, 0x4008, 8) at 001020e4 in main, subsequent ops will be processed.  
2025-09-08 02:17:58 INFO  (GhidraScript) tflite_analyzer.py> \n>>> Analyzing function: operator<< (Depth: 1) at 00101c30 (Originating from: tainted_return_from_operator<<) with initial taints: param_1(x0)  
2025-09-08 02:17:58 INFO  (GhidraScript) tflite_analyzer.py>   - [STACK_SEARCH.0] Analyzing varnode: (register, 0x4000, 8)  
2025-09-08 02:17:58 INFO  (GhidraScript) tflite_analyzer.py>   - [STACK_SEARCH.0] Details: isAddress=0, addr=register:00004000, isStackAddress=0  
2025-09-08 02:17:58 INFO  (GhidraScript) tflite_analyzer.py>   - [STACK_SEARCH.0] No defining p-code op found. Aborting path.  
2025-09-08 02:17:58 INFO  (GhidraScript) tflite_analyzer.py> DEBUG: Starting taint analysis from the beginning of function operator<<.  
2025-09-08 02:17:58 WARN  (DecompileCallback) Decompiling 00121090, pcode error at 00121090: Unable to disassemble EXTERNAL block location: 00121090  
2025-09-08 02:17:58 INFO  (GhidraScript) tflite_analyzer.py> \n>>> Analyzing function: operator<< (Depth: 2) at 00121090 (Originating from: tainted_return_from_operator<<) with initial taints: param_1(x0)  
2025-09-08 02:17:58 INFO  (GhidraScript) tflite_analyzer.py>   - [STACK_SEARCH.0] Analyzing varnode: (register, 0x4000, 8)  
2025-09-08 02:17:58 INFO  (GhidraScript) tflite_analyzer.py>   - [STACK_SEARCH.0] Details: isAddress=0, addr=register:00004000, isStackAddress=0  
2025-09-08 02:17:58 INFO  (GhidraScript) tflite_analyzer.py>   - [STACK_SEARCH.0] No defining p-code op found. Aborting path.  
2025-09-08 02:17:58 INFO  (GhidraScript) tflite_analyzer.py> DEBUG: Starting taint analysis from the beginning of function operator<<.  
2025-09-08 02:17:58 INFO  (GhidraScript) tflite_analyzer.py> <<< Finished analyzing function: operator<<.  
2025-09-08 02:17:58 INFO  (GhidraScript) tflite_analyzer.py> DEBUG: [operator<< @ 00101c3c] Analyzing potential tainted RETURN with value: pbVar1(x0) (Tainted: 0)  
2025-09-08 02:17:58 INFO  (GhidraScript) tflite_analyzer.py>     [DEBUG] --- Taint Check Details (RETURN FAILED) ---  
2025-09-08 02:17:58 INFO  (GhidraScript) tflite_analyzer.py>     [DEBUG]   > Return Varnode: (register, 0x4000, 8) (Size: 8, Def: (register, 0x4000, 8) CALL (ram, 0x121090, 8) , (register, 0x4000, 8) , (register, 0x4008, 8) at 00101c3c)  
2025-09-08 02:17:58 INFO  (GhidraScript) tflite_analyzer.py>     [DEBUG]   > Currently Tainted HighVariables in this function:  
2025-09-08 02:17:58 INFO  (GhidraScript) tflite_analyzer.py>     [DEBUG]     1. param_1(x0)  
2025-09-08 02:17:58 INFO  (GhidraScript) tflite_analyzer.py>     [DEBUG] ---------------------------------  
2025-09-08 02:17:58 INFO  (GhidraScript) tflite_analyzer.py> <<< Finished analyzing function: operator<<.  
2025-09-08 02:17:58 INFO  (GhidraScript) tflite_analyzer.py> DEBUG: [main @ 001020fc] Taint propagated from pbVar8(x0) to UNNAMED(UniquePcode[0x10000806]) via CAST.  
2025-09-08 02:17:58 INFO  (GhidraScript) tflite_analyzer.py> DEBUG: [CBRANCH] Found defining op for condition: (unique, 0x18a80, 1) INT_EQUAL (unique, 0x18980, 4) , (const, 0x0, 4)  
2025-09-08 02:17:58 INFO  (GhidraScript) tflite_analyzer.py> INFO: [main @ 0010220c] Taint reached CBRANCH. Operands: ['UNNAMED(UniquePcode[0x18980])', 'UnnamedHighVar(Constant: 0x0)'].   
2025-09-08 02:17:58 INFO  (GhidraScript) tflite_analyzer.py> DEBUG: Already analyzed function operator<< with initial taints ('param_1(x0)',) (origin: tainted_return_from_operator<<). Skipping.  
2025-09-08 02:17:58 INFO  (GhidraScript) tflite_analyzer.py> DEBUG: [main @ 00102250] Taint propagated from pbVar8(x0) to UNNAMED(UniquePcode[0x100007e6]) via CAST.  
2025-09-08 02:17:58 INFO  (GhidraScript) tflite_analyzer.py> DEBUG: [CBRANCH] Found defining op for condition: (unique, 0x1100, 1) INT_SLESS (stack, 0xfffffffffffffc1c, 4) , (const, 0x310, 4)  
2025-09-08 02:17:58 INFO  (GhidraScript) tflite_analyzer.py> INFO: [main @ 00102350] Taint reached CBRANCH. Operands: ['local_3e4(StackDirect[Stack[-0x3e4]])', 'UnnamedHighVar(Constant: 0x310)'].   
2025-09-08 02:17:58 INFO  (GhidraScript) tflite_analyzer.py> DEBUG: [LOAD_HANDLER] Checking LOAD op at 00102364. Address varnode: (unique, 0x7580, 8)  
2025-09-08 02:17:58 INFO  (GhidraScript) tflite_analyzer.py> DEBUG: [LOAD_HANDLER] POINTER_RULE FAIL: Address varnode UNNAMED(UniquePcode[0x7580]) is not tainted (recursive check).  
2025-09-08 02:17:58 INFO  (GhidraScript) tflite_analyzer.py> DEBUG: [LOAD_HANDLER] REGION_RULE FAIL: Address pointer UNNAMED(UniquePcode[0x7580]) is not in the tainted memory regions set.  
2025-09-08 02:17:58 INFO  (GhidraScript) tflite_analyzer.py> DEBUG: [LOAD_HANDLER] Checking LOAD op at 00102438. Address varnode: (unique, 0x6500, 8)  
2025-09-08 02:17:58 INFO  (GhidraScript) tflite_analyzer.py> DEBUG: [LOAD_HANDLER] POINTER_RULE FAIL: Address varnode UNNAMED(UniquePcode[0x6500]) is not tainted (recursive check).  
2025-09-08 02:17:58 INFO  (GhidraScript) tflite_analyzer.py> DEBUG: [LOAD_HANDLER] REGION_RULE FAIL: Address pointer UNNAMED(UniquePcode[0x6500]) is not in the tainted memory regions set.  
2025-09-08 02:17:58 INFO  (GhidraScript) tflite_analyzer.py> DEBUG: [LOAD_HANDLER] Checking LOAD op at 0010244c. Address varnode: (register, 0x4040, 8)  
2025-09-08 02:17:58 INFO  (GhidraScript) tflite_analyzer.py> DEBUG: [LOAD_HANDLER] POINTER_RULE FAIL: Address varnode local_3f8(StackDirect[Stack[-0x3f8]]) is not tainted (recursive check).  
2025-09-08 02:17:58 INFO  (GhidraScript) tflite_analyzer.py> DEBUG: [LOAD_HANDLER] REGION_RULE FAIL: Address pointer local_3f8(StackDirect[Stack[-0x3f8]]) is not in the tainted memory regions set.  
2025-09-08 02:17:58 INFO  (GhidraScript) tflite_analyzer.py> DEBUG: [LOAD_HANDLER] Checking LOAD op at 00102454. Address varnode: (unique, 0x7580, 8)  
2025-09-08 02:17:58 INFO  (GhidraScript) tflite_analyzer.py> DEBUG: [LOAD_HANDLER] POINTER_RULE FAIL: Address varnode UNNAMED(UniquePcode[0x7580]) is not tainted (recursive check).  
2025-09-08 02:17:58 INFO  (GhidraScript) tflite_analyzer.py> DEBUG: [LOAD_HANDLER] REGION_RULE FAIL: Address pointer UNNAMED(UniquePcode[0x7580]) is not in the tainted memory regions set.  
2025-09-08 02:17:58 INFO  (GhidraScript) tflite_analyzer.py> DEBUG: [LOAD_HANDLER] Checking LOAD op at 00102564. Address varnode: (register, 0x4000, 8)  
2025-09-08 02:17:58 INFO  (GhidraScript) tflite_analyzer.py> DEBUG: [LOAD_HANDLER] POINTER_RULE FAIL: Address varnode pfVar12(x0) is not tainted (recursive check).  
2025-09-08 02:17:58 INFO  (GhidraScript) tflite_analyzer.py> DEBUG: [LOAD_HANDLER] REGION_RULE FAIL: Address pointer pfVar12(x0) is not in the tainted memory regions set.  
2025-09-08 02:17:58 INFO  (GhidraScript) tflite_analyzer.py> DEBUG: [CBRANCH] Found defining op for condition: (register, 0x108, 1) INT_NOTEQUAL (unique, 0x3df80, 8) , (const, 0x0, 8)  
2025-09-08 02:17:58 INFO  (GhidraScript) tflite_analyzer.py> INFO: [main @ 0010258c] Taint reached CBRANCH. Operands: ['lVar11(x0)', 'UnnamedHighVar(Constant: 0x0)'].   
2025-09-08 02:17:58 INFO  (GhidraScript) tflite_analyzer.py> DEBUG: [CBRANCH] Found defining op for condition: (unique, 0x1580, 1) FLOAT_LESSEQUAL (register, 0x5000, 4) , (const, 0x3f333333, 4)  
2025-09-08 02:17:58 INFO  (GhidraScript) tflite_analyzer.py> INFO: [main @ 001025a8] Taint reached CBRANCH. Operands: ['UNNAMED(s0)', 'UnnamedHighVar(Constant: 0x3f333333)'].   
2025-09-08 02:17:58 INFO  (GhidraScript) tflite_analyzer.py> DEBUG: [main @ 001026d0] Analyzing potential tainted RETURN with value: UNNAMED(w0) (Tainted: 0)  
2025-09-08 02:17:58 INFO  (GhidraScript) tflite_analyzer.py>     [DEBUG] --- Taint Check Details (RETURN FAILED) ---  
2025-09-08 02:17:58 INFO  (GhidraScript) tflite_analyzer.py>     [DEBUG]   > Return Varnode: (register, 0x4000, 4) (Size: 4, Def: (register, 0x4000, 4) COPY (stack, 0xffffffffffffff34, 4) at 001026c0)  
2025-09-08 02:17:58 INFO  (GhidraScript) tflite_analyzer.py>     [DEBUG]   > Currently Tainted HighVariables in this function:  
2025-09-08 02:17:58 INFO  (GhidraScript) tflite_analyzer.py>     [DEBUG]     1. UNNAMED(UniquePcode[0x100007e6])  
2025-09-08 02:17:58 INFO  (GhidraScript) tflite_analyzer.py>     [DEBUG]     2. UNNAMED(UniquePcode[0x10000806])  
2025-09-08 02:17:58 INFO  (GhidraScript) tflite_analyzer.py>     [DEBUG]     3. pbVar8(x0)  
2025-09-08 02:17:58 INFO  (GhidraScript) tflite_analyzer.py>     [DEBUG] ---------------------------------  
2025-09-08 02:17:58 INFO  (GhidraScript) tflite_analyzer.py> DEBUG: [main @ 001026d0] Analyzing potential tainted RETURN with value: UNNAMED(w0) (Tainted: 0)  
2025-09-08 02:17:58 INFO  (GhidraScript) tflite_analyzer.py>     [DEBUG] --- Taint Check Details (RETURN FAILED) ---  
2025-09-08 02:17:58 INFO  (GhidraScript) tflite_analyzer.py>     [DEBUG]   > Return Varnode: (register, 0x4000, 4) (Size: 4, Def: (register, 0x4000, 4) COPY (const, 0x1, 4) at 001026c0)  
2025-09-08 02:17:58 INFO  (GhidraScript) tflite_analyzer.py>     [DEBUG]   > Currently Tainted HighVariables in this function:  
2025-09-08 02:17:58 INFO  (GhidraScript) tflite_analyzer.py>     [DEBUG]     1. UNNAMED(UniquePcode[0x100007e6])  
2025-09-08 02:17:58 INFO  (GhidraScript) tflite_analyzer.py>     [DEBUG]     2. UNNAMED(UniquePcode[0x10000806])  
2025-09-08 02:17:58 INFO  (GhidraScript) tflite_analyzer.py>     [DEBUG]     3. pbVar8(x0)  
2025-09-08 02:17:58 INFO  (GhidraScript) tflite_analyzer.py>     [DEBUG] ---------------------------------  
2025-09-08 02:17:58 INFO  (GhidraScript) tflite_analyzer.py> <<< Finished analyzing function: main.  
2025-09-08 02:17:58 INFO  (GhidraScript) tflite_analyzer.py> 
--- Initiating Stage 2 Analysis Task #2 (from rule: tainted_return_from_operator<<) ---  
2025-09-08 02:17:58 INFO  (GhidraScript) tflite_analyzer.py> DEBUG: Already analyzed function main with initial taints ('pbVar8(x0)',) (origin: tainted_return_from_operator<<). Skipping.  
2025-09-08 02:17:58 INFO  (GhidraScript) tflite_analyzer.py> 
--- Initiating Stage 2 Analysis Task #3 (from rule: tainted_return_from_operator<<) ---  
2025-09-08 02:17:58 INFO  (GhidraScript) tflite_analyzer.py> DEBUG: Already analyzed function main with initial taints ('pbVar8(x0)',) (origin: tainted_return_from_operator<<). Skipping.  
2025-09-08 02:17:58 INFO  (GhidraScript) tflite_analyzer.py> 
--- Initiating Stage 2 Analysis Task #4 (from rule: tainted_return_from_operator<<) ---  
2025-09-08 02:17:58 INFO  (GhidraScript) tflite_analyzer.py> DEBUG: Already analyzed function main with initial taints ('pbVar8(x0)',) (origin: tainted_return_from_operator<<). Skipping.  
2025-09-08 02:17:58 INFO  (GhidraScript) tflite_analyzer.py> 
--- All Multi-Stage Analysis Tasks Complete. ---  
2025-09-08 02:17:58 INFO  (GhidraScript) tflite_analyzer.py> 
--- Taint Analysis Run Complete ---  
2025-09-08 02:17:58 INFO  (GhidraScript) tflite_analyzer.py> \n--- All Detected Tainted Value Usages (Interprocedural) ---  
2025-09-08 02:17:58 INFO  (GhidraScript) tflite_analyzer.py> Usage #1:  
2025-09-08 02:17:58 INFO  (GhidraScript) tflite_analyzer.py>   Originating Lib Call: ['operator']  
2025-09-08 02:17:58 INFO  (GhidraScript) tflite_analyzer.py>   Found In Function:   operator<< at 00101c30  
2025-09-08 02:17:58 INFO  (GhidraScript) tflite_analyzer.py>   Instruction Address: 00101c3c  
2025-09-08 02:17:58 INFO  (GhidraScript) tflite_analyzer.py>     PCode Op:             ---  RETURN (const, 0x0, 8) , (register, 0x4000, 8)  
2025-09-08 02:17:58 INFO  (GhidraScript) tflite_analyzer.py>     Usage Type:          RETURN_TAINTED_VALUE  
2025-09-08 02:17:58 INFO  (GhidraScript) tflite_analyzer.py>     Tainted Component:   pbVar1(x0)  
2025-09-08 02:17:58 INFO  (GhidraScript) tflite_analyzer.py> ----------------------------------------  
2025-09-08 02:17:58 INFO  (GhidraScript) tflite_analyzer.py> Usage #2:  
2025-09-08 02:17:58 INFO  (GhidraScript) tflite_analyzer.py>   Originating Lib Call: ['operator']  
2025-09-08 02:17:58 INFO  (GhidraScript) tflite_analyzer.py>   Found In Function:   operator.new at 00101d90  
2025-09-08 02:17:58 INFO  (GhidraScript) tflite_analyzer.py>   Instruction Address: 00101d9c  
2025-09-08 02:17:58 INFO  (GhidraScript) tflite_analyzer.py>     PCode Op:             ---  RETURN (const, 0x0, 8) , (register, 0x4000, 8)  
2025-09-08 02:17:58 INFO  (GhidraScript) tflite_analyzer.py>     Usage Type:          RETURN_TAINTED_VALUE  
2025-09-08 02:17:58 INFO  (GhidraScript) tflite_analyzer.py>     Tainted Component:   pvVar1(x0)  
2025-09-08 02:17:58 INFO  (GhidraScript) tflite_analyzer.py> ----------------------------------------  
2025-09-08 02:17:58 INFO  (GhidraScript) tflite_analyzer.py> Usage #3:  
2025-09-08 02:17:58 INFO  (GhidraScript) tflite_analyzer.py>   Originating Lib Call: ['operator']  
2025-09-08 02:17:58 INFO  (GhidraScript) tflite_analyzer.py>   Found In Function:   operator<< at 00101dd0  
2025-09-08 02:17:58 INFO  (GhidraScript) tflite_analyzer.py>   Instruction Address: 00101ddc  
2025-09-08 02:17:58 INFO  (GhidraScript) tflite_analyzer.py>     PCode Op:             ---  RETURN (const, 0x0, 8) , (register, 0x4000, 8)  
2025-09-08 02:17:58 INFO  (GhidraScript) tflite_analyzer.py>     Usage Type:          RETURN_TAINTED_VALUE  
2025-09-08 02:17:58 INFO  (GhidraScript) tflite_analyzer.py>     Tainted Component:   pbVar1(x0)  
2025-09-08 02:17:58 INFO  (GhidraScript) tflite_analyzer.py> ----------------------------------------  
2025-09-08 02:17:58 INFO  (GhidraScript) tflite_analyzer.py> Usage #4:  
2025-09-08 02:17:58 INFO  (GhidraScript) tflite_analyzer.py>   Originating Lib Call: ['operator']  
2025-09-08 02:17:58 INFO  (GhidraScript) tflite_analyzer.py>   Found In Function:   main at 00101f98  
2025-09-08 02:17:58 INFO  (GhidraScript) tflite_analyzer.py>   Instruction Address: 001020e4  
2025-09-08 02:17:58 INFO  (GhidraScript) tflite_analyzer.py>     PCode Op:            (register, 0x4000, 8) CALL (ram, 0x101c30, 8) , (register, 0x4000, 8) , (register, 0x4008, 8)  
2025-09-08 02:17:58 INFO  (GhidraScript) tflite_analyzer.py>     Usage Type:          TAINTED_ARG_TO_CALL_RECURSION  
2025-09-08 02:17:58 INFO  (GhidraScript) tflite_analyzer.py>     Details:             Recursive call to operator<< (CALL) with taints: param_1(x0).  
2025-09-08 02:17:58 INFO  (GhidraScript) tflite_analyzer.py> ----------------------------------------  
2025-09-08 02:17:58 INFO  (GhidraScript) tflite_analyzer.py> Usage #5:  
2025-09-08 02:17:58 INFO  (GhidraScript) tflite_analyzer.py>   Originating Lib Call: ['operator']  
2025-09-08 02:17:58 INFO  (GhidraScript) tflite_analyzer.py>   Found In Function:   operator<< at 00101c30  
2025-09-08 02:17:58 INFO  (GhidraScript) tflite_analyzer.py>   Instruction Address: 00101c3c  
2025-09-08 02:17:58 INFO  (GhidraScript) tflite_analyzer.py>     PCode Op:            (register, 0x4000, 8) CALL (ram, 0x121090, 8) , (register, 0x4000, 8) , (register, 0x4008, 8)  
2025-09-08 02:17:58 INFO  (GhidraScript) tflite_analyzer.py>     Usage Type:          TAINTED_ARG_TO_CALL_RECURSION  
2025-09-08 02:17:58 INFO  (GhidraScript) tflite_analyzer.py>     Details:             Recursive call to operator<< (CALL) with taints: param_1(x0).  
2025-09-08 02:17:58 INFO  (GhidraScript) tflite_analyzer.py> ----------------------------------------  
2025-09-08 02:17:58 INFO  (GhidraScript) tflite_analyzer.py> Usage #6:  
2025-09-08 02:17:58 INFO  (GhidraScript) tflite_analyzer.py>   Originating Lib Call: ['operator']  
2025-09-08 02:17:58 INFO  (GhidraScript) tflite_analyzer.py>   Found In Function:   main at 00101f98  
2025-09-08 02:17:58 INFO  (GhidraScript) tflite_analyzer.py>   Instruction Address: 0010220c  
2025-09-08 02:17:58 INFO  (GhidraScript) tflite_analyzer.py>     PCode Op:             ---  CBRANCH (ram, 0x1022b0, 1) , (unique, 0x18a80, 1)  
2025-09-08 02:17:58 INFO  (GhidraScript) tflite_analyzer.py>     Usage Type:          BRANCH_CONDITION_TAINTED  
2025-09-08 02:17:58 INFO  (GhidraScript) tflite_analyzer.py>     Tainted Component:   UNNAMED(UniquePcode[0x18a80])  
2025-09-08 02:17:58 INFO  (GhidraScript) tflite_analyzer.py>     Details:             Tainted condition for branch.  
2025-09-08 02:17:58 INFO  (GhidraScript) tflite_analyzer.py> ----------------------------------------  
2025-09-08 02:17:58 INFO  (GhidraScript) tflite_analyzer.py> Usage #7:  
2025-09-08 02:17:58 INFO  (GhidraScript) tflite_analyzer.py>   Originating Lib Call: ['operator']  
2025-09-08 02:17:58 INFO  (GhidraScript) tflite_analyzer.py>   Found In Function:   main at 00101f98  
2025-09-08 02:17:58 INFO  (GhidraScript) tflite_analyzer.py>   Instruction Address: 00102238  
2025-09-08 02:17:58 INFO  (GhidraScript) tflite_analyzer.py>     PCode Op:            (register, 0x4000, 8) CALL (ram, 0x101c30, 8) , (register, 0x4000, 8) , (unique, 0x11f80, 8)  
2025-09-08 02:17:58 INFO  (GhidraScript) tflite_analyzer.py>     Usage Type:          TAINTED_ARG_TO_CALL_RECURSION  
2025-09-08 02:17:58 INFO  (GhidraScript) tflite_analyzer.py>     Details:             Recursive call to operator<< (CALL) with taints: param_1(x0).  
2025-09-08 02:17:58 INFO  (GhidraScript) tflite_analyzer.py> ----------------------------------------  
2025-09-08 02:17:58 INFO  (GhidraScript) tflite_analyzer.py> Usage #8:  
2025-09-08 02:17:58 INFO  (GhidraScript) tflite_analyzer.py>   Originating Lib Call: ['operator']  
2025-09-08 02:17:58 INFO  (GhidraScript) tflite_analyzer.py>   Found In Function:   main at 00101f98  
2025-09-08 02:17:58 INFO  (GhidraScript) tflite_analyzer.py>   Instruction Address: 00102350  
2025-09-08 02:17:58 INFO  (GhidraScript) tflite_analyzer.py>     PCode Op:             ---  CBRANCH (ram, 0x1023e8, 1) , (unique, 0x1100, 1)  
2025-09-08 02:17:58 INFO  (GhidraScript) tflite_analyzer.py>     Usage Type:          BRANCH_CONDITION_TAINTED  
2025-09-08 02:17:58 INFO  (GhidraScript) tflite_analyzer.py>     Tainted Component:   UNNAMED(UniquePcode[0x1100])  
2025-09-08 02:17:58 INFO  (GhidraScript) tflite_analyzer.py>     Details:             Tainted condition for branch.  
2025-09-08 02:17:58 INFO  (GhidraScript) tflite_analyzer.py> ----------------------------------------  
2025-09-08 02:17:58 INFO  (GhidraScript) tflite_analyzer.py> Usage #9:  
2025-09-08 02:17:58 INFO  (GhidraScript) tflite_analyzer.py>   Originating Lib Call: ['operator']  
2025-09-08 02:17:58 INFO  (GhidraScript) tflite_analyzer.py>   Found In Function:   main at 00101f98  
2025-09-08 02:17:58 INFO  (GhidraScript) tflite_analyzer.py>   Instruction Address: 0010258c  
2025-09-08 02:17:58 INFO  (GhidraScript) tflite_analyzer.py>     PCode Op:             ---  CBRANCH (ram, 0x102604, 1) , (register, 0x108, 1)  
2025-09-08 02:17:58 INFO  (GhidraScript) tflite_analyzer.py>     Usage Type:          BRANCH_CONDITION_TAINTED  
2025-09-08 02:17:58 INFO  (GhidraScript) tflite_analyzer.py>     Tainted Component:   UNNAMED(tmpZR)  
2025-09-08 02:17:58 INFO  (GhidraScript) tflite_analyzer.py>     Details:             Tainted condition for branch.  
2025-09-08 02:17:58 INFO  (GhidraScript) tflite_analyzer.py> ----------------------------------------  
2025-09-08 02:17:58 INFO  (GhidraScript) tflite_analyzer.py> Usage #10:  
2025-09-08 02:17:58 INFO  (GhidraScript) tflite_analyzer.py>   Originating Lib Call: ['operator']  
2025-09-08 02:17:58 INFO  (GhidraScript) tflite_analyzer.py>   Found In Function:   main at 00101f98  
2025-09-08 02:17:58 INFO  (GhidraScript) tflite_analyzer.py>   Instruction Address: 001025a8  
2025-09-08 02:17:58 INFO  (GhidraScript) tflite_analyzer.py>     PCode Op:             ---  CBRANCH (ram, 0x102604, 1) , (unique, 0x1580, 1)  
2025-09-08 02:17:58 INFO  (GhidraScript) tflite_analyzer.py>     Usage Type:          BRANCH_CONDITION_TAINTED  
2025-09-08 02:17:58 INFO  (GhidraScript) tflite_analyzer.py>     Tainted Component:   UNNAMED(UniquePcode[0x1580])  
2025-09-08 02:17:58 INFO  (GhidraScript) tflite_analyzer.py>     Details:             Tainted condition for branch.  
2025-09-08 02:17:58 INFO  (GhidraScript) tflite_analyzer.py> ----------------------------------------  
2025-09-08 02:17:58 INFO  (GhidraScript) tflite_analyzer.py> Usage #11:  
2025-09-08 02:17:58 INFO  (GhidraScript) tflite_analyzer.py>   Originating Lib Call: tainted_return_from_operator<<  
2025-09-08 02:17:58 INFO  (GhidraScript) tflite_analyzer.py>   Found In Function:   main at 00101f98  
2025-09-08 02:17:58 INFO  (GhidraScript) tflite_analyzer.py>   Instruction Address: 001020e4  
2025-09-08 02:17:58 INFO  (GhidraScript) tflite_analyzer.py>     PCode Op:            (register, 0x4000, 8) CALL (ram, 0x101c30, 8) , (register, 0x4000, 8) , (register, 0x4008, 8)  
2025-09-08 02:17:58 INFO  (GhidraScript) tflite_analyzer.py>     Usage Type:          TAINTED_ARG_TO_CALL_RECURSION  
2025-09-08 02:17:58 INFO  (GhidraScript) tflite_analyzer.py>     Details:             Recursive call to operator<< (CALL) with taints: param_1(x0).  
2025-09-08 02:17:58 INFO  (GhidraScript) tflite_analyzer.py> ----------------------------------------  
2025-09-08 02:17:58 INFO  (GhidraScript) tflite_analyzer.py> Usage #12:  
2025-09-08 02:17:58 INFO  (GhidraScript) tflite_analyzer.py>   Originating Lib Call: tainted_return_from_operator<<  
2025-09-08 02:17:58 INFO  (GhidraScript) tflite_analyzer.py>   Found In Function:   operator<< at 00101c30  
2025-09-08 02:17:58 INFO  (GhidraScript) tflite_analyzer.py>   Instruction Address: 00101c3c  
2025-09-08 02:17:58 INFO  (GhidraScript) tflite_analyzer.py>     PCode Op:            (register, 0x4000, 8) CALL (ram, 0x121090, 8) , (register, 0x4000, 8) , (register, 0x4008, 8)  
2025-09-08 02:17:58 INFO  (GhidraScript) tflite_analyzer.py>     Usage Type:          TAINTED_ARG_TO_CALL_RECURSION  
2025-09-08 02:17:58 INFO  (GhidraScript) tflite_analyzer.py>     Details:             Recursive call to operator<< (CALL) with taints: param_1(x0).  
2025-09-08 02:17:58 INFO  (GhidraScript) tflite_analyzer.py> ----------------------------------------  
2025-09-08 02:17:58 INFO  (GhidraScript) tflite_analyzer.py> Usage #13:  
2025-09-08 02:17:58 INFO  (GhidraScript) tflite_analyzer.py>   Originating Lib Call: tainted_return_from_operator<<  
2025-09-08 02:17:58 INFO  (GhidraScript) tflite_analyzer.py>   Found In Function:   main at 00101f98  
2025-09-08 02:17:58 INFO  (GhidraScript) tflite_analyzer.py>   Instruction Address: 0010220c  
2025-09-08 02:17:58 INFO  (GhidraScript) tflite_analyzer.py>     PCode Op:             ---  CBRANCH (ram, 0x1022b0, 1) , (unique, 0x18a80, 1)  
2025-09-08 02:17:58 INFO  (GhidraScript) tflite_analyzer.py>     Usage Type:          BRANCH_CONDITION_TAINTED  
2025-09-08 02:17:58 INFO  (GhidraScript) tflite_analyzer.py>     Tainted Component:   UNNAMED(UniquePcode[0x18a80])  
2025-09-08 02:17:58 INFO  (GhidraScript) tflite_analyzer.py>     Details:             Tainted condition for branch.  
2025-09-08 02:17:58 INFO  (GhidraScript) tflite_analyzer.py> ----------------------------------------  
2025-09-08 02:17:58 INFO  (GhidraScript) tflite_analyzer.py> Usage #14:  
2025-09-08 02:17:58 INFO  (GhidraScript) tflite_analyzer.py>   Originating Lib Call: tainted_return_from_operator<<  
2025-09-08 02:17:58 INFO  (GhidraScript) tflite_analyzer.py>   Found In Function:   main at 00101f98  
2025-09-08 02:17:58 INFO  (GhidraScript) tflite_analyzer.py>   Instruction Address: 00102238  
2025-09-08 02:17:58 INFO  (GhidraScript) tflite_analyzer.py>     PCode Op:            (register, 0x4000, 8) CALL (ram, 0x101c30, 8) , (register, 0x4000, 8) , (unique, 0x11f80, 8)  
2025-09-08 02:17:58 INFO  (GhidraScript) tflite_analyzer.py>     Usage Type:          TAINTED_ARG_TO_CALL_RECURSION  
2025-09-08 02:17:58 INFO  (GhidraScript) tflite_analyzer.py>     Details:             Recursive call to operator<< (CALL) with taints: param_1(x0).  
2025-09-08 02:17:58 INFO  (GhidraScript) tflite_analyzer.py> ----------------------------------------  
2025-09-08 02:17:58 INFO  (GhidraScript) tflite_analyzer.py> Usage #15:  
2025-09-08 02:17:58 INFO  (GhidraScript) tflite_analyzer.py>   Originating Lib Call: tainted_return_from_operator<<  
2025-09-08 02:17:58 INFO  (GhidraScript) tflite_analyzer.py>   Found In Function:   main at 00101f98  
2025-09-08 02:17:58 INFO  (GhidraScript) tflite_analyzer.py>   Instruction Address: 00102350  
2025-09-08 02:17:58 INFO  (GhidraScript) tflite_analyzer.py>     PCode Op:             ---  CBRANCH (ram, 0x1023e8, 1) , (unique, 0x1100, 1)  
2025-09-08 02:17:58 INFO  (GhidraScript) tflite_analyzer.py>     Usage Type:          BRANCH_CONDITION_TAINTED  
2025-09-08 02:17:58 INFO  (GhidraScript) tflite_analyzer.py>     Tainted Component:   UNNAMED(UniquePcode[0x1100])  
2025-09-08 02:17:58 INFO  (GhidraScript) tflite_analyzer.py>     Details:             Tainted condition for branch.  
2025-09-08 02:17:58 INFO  (GhidraScript) tflite_analyzer.py> ----------------------------------------  
2025-09-08 02:17:58 INFO  (GhidraScript) tflite_analyzer.py> Usage #16:  
2025-09-08 02:17:58 INFO  (GhidraScript) tflite_analyzer.py>   Originating Lib Call: tainted_return_from_operator<<  
2025-09-08 02:17:58 INFO  (GhidraScript) tflite_analyzer.py>   Found In Function:   main at 00101f98  
2025-09-08 02:17:58 INFO  (GhidraScript) tflite_analyzer.py>   Instruction Address: 0010258c  
2025-09-08 02:17:58 INFO  (GhidraScript) tflite_analyzer.py>     PCode Op:             ---  CBRANCH (ram, 0x102604, 1) , (register, 0x108, 1)  
2025-09-08 02:17:58 INFO  (GhidraScript) tflite_analyzer.py>     Usage Type:          BRANCH_CONDITION_TAINTED  
2025-09-08 02:17:58 INFO  (GhidraScript) tflite_analyzer.py>     Tainted Component:   UNNAMED(tmpZR)  
2025-09-08 02:17:58 INFO  (GhidraScript) tflite_analyzer.py>     Details:             Tainted condition for branch.  
2025-09-08 02:17:58 INFO  (GhidraScript) tflite_analyzer.py> ----------------------------------------  
2025-09-08 02:17:58 INFO  (GhidraScript) tflite_analyzer.py> Usage #17:  
2025-09-08 02:17:58 INFO  (GhidraScript) tflite_analyzer.py>   Originating Lib Call: tainted_return_from_operator<<  
2025-09-08 02:17:58 INFO  (GhidraScript) tflite_analyzer.py>   Found In Function:   main at 00101f98  
2025-09-08 02:17:58 INFO  (GhidraScript) tflite_analyzer.py>   Instruction Address: 001025a8  
2025-09-08 02:17:58 INFO  (GhidraScript) tflite_analyzer.py>     PCode Op:             ---  CBRANCH (ram, 0x102604, 1) , (unique, 0x1580, 1)  
2025-09-08 02:17:58 INFO  (GhidraScript) tflite_analyzer.py>     Usage Type:          BRANCH_CONDITION_TAINTED  
2025-09-08 02:17:58 INFO  (GhidraScript) tflite_analyzer.py>     Tainted Component:   UNNAMED(UniquePcode[0x1580])  
2025-09-08 02:17:58 INFO  (GhidraScript) tflite_analyzer.py>     Details:             Tainted condition for branch.  
2025-09-08 02:17:58 INFO  (GhidraScript) tflite_analyzer.py> ----------------------------------------  
2025-09-08 02:17:58 INFO  (GhidraScript) tflite_analyzer.py> INFO: TAINT_ANALYSIS_JSON_OUTPUT env var found. Saving results to: /Users/chenkexin/Desktop/kk/test_taint/results/mnist_tflite_clang_O0_taint_analysis_results.json  
2025-09-08 02:17:58 INFO  (GhidraScript) tflite_analyzer.py> Taint analysis results saved to: /Users/chenkexin/Desktop/kk/test_taint/results/mnist_tflite_clang_O0_taint_analysis_results.json  
2025-09-08 02:17:58 ERROR (GhidraScript) tflite_analyzer.py> WARN: Could not find preceding comparison for branch at 0010220c.  
2025-09-08 02:17:58 INFO  (GhidraScript) tflite_analyzer.py> SUCCESS: Hook configuration saved to: /Users/chenkexin/Desktop/kk/test_taint/results/mnist_tflite_clang_O0_hook_config.json  
2025-09-08 02:17:58 INFO  (GhidraScript) tflite_analyzer.py> TFLite Taint Analyzer finished.  
2025-09-08 02:17:58 INFO  (HeadlessAnalyzer) ANALYZING changes made by post scripts: file:///Users/chenkexin/Desktop/kk/test_taint/assets/merged_bin/mnist_tflite_clang_O0  
2025-09-08 02:17:58 INFO  (HeadlessAnalyzer) REPORT: Post-analysis succeeded for file: file:///Users/chenkexin/Desktop/kk/test_taint/assets/merged_bin/mnist_tflite_clang_O0  
2025-09-08 02:17:59 INFO  (HeadlessAnalyzer) REPORT: Save succeeded for: /mnist_tflite_clang_O0 (all_binaries_analysis:/mnist_tflite_clang_O0)  
2025-09-08 02:17:59 INFO  (HeadlessAnalyzer) REPORT: Import succeeded  
2025-09-08 02:17:59 DEBUG (DefaultProjectData) Closing ProjectData: /Users/chenkexin/Desktop/kk/test_taint/ghidra_projects/all_binaries_analysis.rep  
2025-09-08 02:17:59 DEBUG (DefaultProjectData) Disposing ProjectData: /Users/chenkexin/Desktop/kk/test_taint/ghidra_projects/all_binaries_analysis.rep  
