2025-09-08 02:18:01 INFO  (LoggingInitialization) Using log config file: jar:file:/Applications/ghidra_11.0.3_PUBLIC/Ghidra/Framework/Generic/lib/Generic.jar!/generic.log4j.xml  
2025-09-08 02:18:01 INFO  (LoggingInitialization) Using log file: /Users/chenkexin/Desktop/kk/test_taint/logs/mnist_tflite_gcc_O0_headless_analysis.log  
2025-09-08 02:18:01 INFO  (Preferences) Loading user preferences: /Users/chenkexin/.ghidra/.ghidra_11.0.3_PUBLIC/preferences  
2025-09-08 02:18:01 INFO  (Preferences) Loading previous preferences: /Users/chenkexin/.ghidra/.ghidra_10.4_PUBLIC/preferences  
2025-09-08 02:18:01 INFO  (ClassSearcher) Searching for classes...  
2025-09-08 02:18:02 INFO  (ClassSearcher) Class search complete (1384 ms)  
2025-09-08 02:18:02 INFO  (SSLContextInitializer) Initializing SSL Context  
2025-09-08 02:18:02 INFO  (SecureRandomFactory) Initializing Random Number Generator...  
2025-09-08 02:18:02 INFO  (SecureRandomFactory) Random Number Generator initialization complete: NativePRNGNonBlocking  
2025-09-08 02:18:02 INFO  (ApplicationTrustManagerFactory) Trust manager disabled, cacerts have not been set  
2025-09-08 02:18:03 INFO  (HeadlessAnalyzer) HEADLESS Script Paths:
    /Applications/ghidra_11.0.3_PUBLIC/Ghidra/Processors/8051/ghidra_scripts
    /Applications/ghidra_11.0.3_PUBLIC/Ghidra/Features/FileFormats/ghidra_scripts
    /Applications/ghidra_11.0.3_PUBLIC/Ghidra/Features/Base/ghidra_scripts
    /Applications/ghidra_11.0.3_PUBLIC/Ghidra/Features/Python/ghidra_scripts
    /Applications/ghidra_11.0.3_PUBLIC/Ghidra/Features/GnuDemangler/ghidra_scripts
    /Applications/ghidra_11.0.3_PUBLIC/Ghidra/Features/SystemEmulation/ghidra_scripts
    /Applications/ghidra_11.0.3_PUBLIC/Ghidra/Features/MicrosoftCodeAnalyzer/ghidra_scripts
    /Applications/ghidra_11.0.3_PUBLIC/Ghidra/Features/BytePatterns/ghidra_scripts
    /Applications/ghidra_11.0.3_PUBLIC/Ghidra/Features/Decompiler/ghidra_scripts
    /Applications/ghidra_11.0.3_PUBLIC/Ghidra/Processors/Atmel/ghidra_scripts
    /Applications/ghidra_11.0.3_PUBLIC/Ghidra/Debug/Debugger-agent-frida/ghidra_scripts
    /Applications/ghidra_11.0.3_PUBLIC/Ghidra/Features/FunctionID/ghidra_scripts
    /Applications/ghidra_11.0.3_PUBLIC/Ghidra/Processors/JVM/ghidra_scripts
    /Applications/ghidra_11.0.3_PUBLIC/Ghidra/Processors/PIC/ghidra_scripts
    /Applications/ghidra_11.0.3_PUBLIC/Ghidra/Features/BSim/ghidra_scripts
    /Applications/ghidra_11.0.3_PUBLIC/Ghidra/Features/PDB/ghidra_scripts
    /Applications/ghidra_11.0.3_PUBLIC/Ghidra/Processors/DATA/ghidra_scripts
    /Users/chenkexin/ghidra_scripts
    /Users/chenkexin/Desktop/kk/test_taint
    /Applications/ghidra_11.0.3_PUBLIC/Ghidra/Debug/Debugger-agent-dbgmodel-traceloader/ghidra_scripts
    /Applications/ghidra_11.0.3_PUBLIC/Ghidra/Debug/Debugger-rmi-trace/ghidra_scripts
    /Applications/ghidra_11.0.3_PUBLIC/Ghidra/Features/VersionTracking/ghidra_scripts
    /Applications/ghidra_11.0.3_PUBLIC/Ghidra/Debug/Debugger/ghidra_scripts  
2025-09-08 02:18:03 INFO  (HeadlessAnalyzer) HEADLESS: execution starts  
2025-09-08 02:18:03 INFO  (HeadlessAnalyzer) Opening existing project: /Users/chenkexin/Desktop/kk/test_taint/ghidra_projects/all_binaries_analysis  
2025-09-08 02:18:03 INFO  (HeadlessProject) Opening project: /Users/chenkexin/Desktop/kk/test_taint/ghidra_projects/all_binaries_analysis  
2025-09-08 02:18:03 INFO  (HeadlessAnalyzer) REPORT: Processing input files:   
2025-09-08 02:18:03 INFO  (HeadlessAnalyzer)      project: /Users/chenkexin/Desktop/kk/test_taint/ghidra_projects/all_binaries_analysis  
2025-09-08 02:18:03 INFO  (HeadlessAnalyzer) IMPORTING: file:///Users/chenkexin/Desktop/kk/test_taint/assets/merged_bin/mnist_tflite_gcc_O0  
2025-09-08 02:18:05 INFO  (AutoImporter) Using Loader: Executable and Linking Format (ELF)  
2025-09-08 02:18:05 INFO  (AutoImporter) Using Language/Compiler: AARCH64:LE:64:v8A:default  
2025-09-08 02:18:06 DEBUG (ElfHeader) Elf symbol table section .dynsym linked to string table section .dynstr  
2025-09-08 02:18:06 DEBUG (ElfHeader) Elf symbol table section .symtab linked to string table section .strtab  
2025-09-08 02:18:06 DEBUG (ElfHeader) Elf relocation table section .rela.dyn linked to symbol table section .dynsym affecting PT_LOAD  
2025-09-08 02:18:06 DEBUG (ElfHeader) Elf relocation table section .rela.plt linked to symbol table section .dynsym affecting .got  
2025-09-08 02:18:06 DEBUG (ElfProgramBuilder) Discarding 1-byte alignment/filler segment_2.3 at 00100253  
2025-09-08 02:18:06 DEBUG (ElfProgramBuilder) Discarding 4-byte alignment/filler segment_2.7 at 00100354  
2025-09-08 02:18:06 DEBUG (ElfProgramBuilder) Discarding 1-byte alignment/filler segment_2.10 at 00101b49  
2025-09-08 02:18:06 DEBUG (ElfProgramBuilder) Discarding 8-byte alignment/filler segment_2.16 at 00102588  
2025-09-08 02:18:06 DEBUG (ElfProgramBuilder) Discarding 32-byte alignment/filler segment_2.18 at 00102920  
2025-09-08 02:18:06 DEBUG (ElfProgramBuilder) Discarding 2-byte alignment/filler segment_2.22 at 00107a56  
2025-09-08 02:18:06 DEBUG (ElfProgramBuilder) Discarding 4-byte alignment/filler segment_2.24 at 0010845c  
2025-09-08 02:18:07 WARN  (ElfRelocationHandler) EXTERNAL Data Elf Relocation with offset: at 0011fb30 (External Location = _ZTVN10__cxxabiv120__si_class_type_infoE+0x10)  
2025-09-08 02:18:07 WARN  (ElfRelocationHandler) EXTERNAL Data Elf Relocation with offset: at 0011fb48 (External Location = _ZTVN10__cxxabiv117__class_type_infoE+0x10)  
2025-09-08 02:18:08 INFO  (HeadlessAnalyzer) IMPORTING: Loaded 0 additional files  
2025-09-08 02:18:08 INFO  (HeadlessAnalyzer) ANALYZING all memory and code: file:///Users/chenkexin/Desktop/kk/test_taint/assets/merged_bin/mnist_tflite_gcc_O0  
2025-09-08 02:18:08 ERROR (DWARFAnalyzer) Error during DWARFAnalyzer import:  ghidra.app.util.bin.format.dwarf4.DWARFException: Only DWARF version 2, 3, or 4 information is currently supported (detected 5).
	at ghidra.app.util.bin.format.dwarf4.DWARFCompilationUnit.readCompilationUnit(DWARFCompilationUnit.java:155)
	at ghidra.app.util.bin.format.dwarf4.next.DWARFProgram.bootstrapCompilationUnits(DWARFProgram.java:629)
	at ghidra.app.util.bin.format.dwarf4.next.DWARFProgram.<init>(DWARFProgram.java:262)
	at ghidra.app.plugin.core.analysis.DWARFAnalyzer.added(DWARFAnalyzer.java:109)
	at ghidra.app.plugin.core.analysis.AnalysisScheduler.runAnalyzer(AnalysisScheduler.java:186)
	at ghidra.app.plugin.core.analysis.AnalysisTask.applyTo(AnalysisTask.java:39)
	at ghidra.app.plugin.core.analysis.AutoAnalysisManager$AnalysisTaskWrapper.run(AutoAnalysisManager.java:686)
	at ghidra.app.plugin.core.analysis.AutoAnalysisManager.startAnalysis(AutoAnalysisManager.java:786)
	at ghidra.app.plugin.core.analysis.AutoAnalysisManager.startAnalysis(AutoAnalysisManager.java:665)
	at ghidra.app.plugin.core.analysis.AutoAnalysisManager.startAnalysis(AutoAnalysisManager.java:630)
	at ghidra.app.util.headless.HeadlessAnalyzer.analyzeProgram(HeadlessAnalyzer.java:1029)
	at ghidra.app.util.headless.HeadlessAnalyzer.processFileWithImport(HeadlessAnalyzer.java:1552)
	at ghidra.app.util.headless.HeadlessAnalyzer.processWithLoader(HeadlessAnalyzer.java:1734)
	at ghidra.app.util.headless.HeadlessAnalyzer.processWithImport(HeadlessAnalyzer.java:1675)
	at ghidra.app.util.headless.HeadlessAnalyzer.processWithImport(HeadlessAnalyzer.java:1759)
	at ghidra.app.util.headless.HeadlessAnalyzer.processLocal(HeadlessAnalyzer.java:460)
	at ghidra.app.util.headless.AnalyzeHeadless.launch(AnalyzeHeadless.java:127)
	at ghidra.GhidraLauncher.launch(GhidraLauncher.java:78)
	at ghidra.Ghidra.main(Ghidra.java:54)
 
2025-09-08 02:18:12 INFO  (PackedDatabaseCache) Packed database cache: /var/folders/kn/fw_2jn054bq5f73czrm_91nc0000gn/T/chenkexin-Ghidra/packed-db-cache  
2025-09-08 02:18:12 DEBUG (PackedDatabaseCache) Using cached packed database: /Applications/ghidra_11.0.3_PUBLIC/Ghidra/Features/Base/data/typeinfo/generic/generic_clib_64.gdt  
2025-09-08 02:18:13 INFO  (ApplyDataArchiveAnalyzer) Applied data type archive: generic_clib_64  
2025-09-08 02:18:14 WARN  (DemangledAddressTable) Unable to fully apply external demangled Address Table at 00121050: __cxxabiv1::__class_type_info::vtable  
2025-09-08 02:18:14 WARN  (DemangledAddressTable) Unable to fully apply external demangled Address Table at 00121130: tflite::MutableOpResolver::vtable  
2025-09-08 02:18:14 WARN  (DemangledAddressTable) Unable to fully apply external demangled Address Table at 00121190: tflite::MutableOpResolver::typeinfo  
2025-09-08 02:18:14 WARN  (DemangledAddressTable) Unable to fully apply external demangled Address Table at 001211b8: __cxxabiv1::__si_class_type_info::vtable  
2025-09-08 02:18:16 INFO  (AutoAnalysisManager) -----------------------------------------------------
    AARCH64 ELF PLT Thunks                     0.187 secs
    ASCII Strings                              0.296 secs
    Apply Data Archives                        1.060 secs
    Basic Constant Reference Analyzer          0.987 secs
    Call Convention ID                         0.938 secs
    Call-Fixup Installer                       0.038 secs
    Create Address Tables                      0.050 secs
    Create Address Tables - One Time           0.013 secs
    Create Function                            0.000 secs
    DWARF                                      0.184 secs
    Data Reference                             0.037 secs
    Decompiler Switch Analysis                 0.180 secs
    Demangler GNU                              0.897 secs
    Disassemble Entry Points                   0.236 secs
    Embedded Media                             0.014 secs
    External Entry References                  0.006 secs
    Function Start Search                      0.121 secs
    Function Start Search After Code           0.070 secs
    Function Start Search After Data           0.031 secs
    Function Start Search delayed - One Time   0.004 secs
    GCC Exception Handlers                     1.533 secs
    Non-Returning Functions - Discovered       0.034 secs
    Non-Returning Functions - Known            0.018 secs
    Reference                                  0.132 secs
    Shared Return Calls                        0.085 secs
    Stack                                      0.757 secs
    Subroutine References                      0.041 secs
-----------------------------------------------------
     Total Time   7 secs
-----------------------------------------------------
  
2025-09-08 02:18:16 INFO  (HeadlessAnalyzer) REPORT: Analysis succeeded for file: file:///Users/chenkexin/Desktop/kk/test_taint/assets/merged_bin/mnist_tflite_gcc_O0  
2025-09-08 02:18:16 INFO  (HeadlessAnalyzer) SCRIPT: /Users/chenkexin/Desktop/kk/test_taint/tflite_analyzer.py  
2025-09-08 02:18:21 INFO  (GhidraScript) tflite_analyzer.py> INFO: Searching for functions, thunks, and call sites related to keywords: ['operator']  
2025-09-08 02:18:21 INFO  (GhidraScript) tflite_analyzer.py> INFO: Found function 'operator<<'. Searching for its thunks.  
2025-09-08 02:18:21 INFO  (GhidraScript) tflite_analyzer.py> INFO: Found thunk 'operator<<' at 001027e0 for function.  
2025-09-08 02:18:21 INFO  (GhidraScript) tflite_analyzer.py> INFO: Found thunk 'operator<<' at 00121158 for function.  
2025-09-08 02:18:21 INFO  (GhidraScript) tflite_analyzer.py> INFO: Found function 'operator()'. Searching for its thunks.  
2025-09-08 02:18:21 INFO  (GhidraScript) tflite_analyzer.py> INFO: Found thunk 'operator()' at 001027c0 for function.  
2025-09-08 02:18:21 INFO  (GhidraScript) tflite_analyzer.py> INFO: Found thunk 'operator()' at 00121148 for function.  
2025-09-08 02:18:21 INFO  (GhidraScript) tflite_analyzer.py> INFO: Found function 'operator<<'. Searching for its thunks.  
2025-09-08 02:18:21 INFO  (GhidraScript) tflite_analyzer.py> INFO: Found thunk 'operator<<' at 001027d0 for function.  
2025-09-08 02:18:21 INFO  (GhidraScript) tflite_analyzer.py> INFO: Found thunk 'operator<<' at 00121150 for function.  
2025-09-08 02:18:21 INFO  (GhidraScript) tflite_analyzer.py> INFO: Found function 'operator<<'. Searching for its thunks.  
2025-09-08 02:18:21 INFO  (GhidraScript) tflite_analyzer.py> INFO: Found thunk 'operator<<' at 001028a0 for function.  
2025-09-08 02:18:21 INFO  (GhidraScript) tflite_analyzer.py> INFO: Found thunk 'operator<<' at 001211c8 for function.  
2025-09-08 02:18:21 INFO  (GhidraScript) tflite_analyzer.py> INFO: Found function 'operator.delete'. Searching for its thunks.  
2025-09-08 02:18:21 INFO  (GhidraScript) tflite_analyzer.py> INFO: Found thunk 'operator.delete' at 001025f0 for function.  
2025-09-08 02:18:21 INFO  (GhidraScript) tflite_analyzer.py> INFO: Found thunk 'operator.delete' at 00121020 for function.  
2025-09-08 02:18:21 INFO  (GhidraScript) tflite_analyzer.py> INFO: Found function 'operator.new'. Searching for its thunks.  
2025-09-08 02:18:21 INFO  (GhidraScript) tflite_analyzer.py> INFO: Found thunk 'operator.new' at 00102740 for function.  
2025-09-08 02:18:21 INFO  (GhidraScript) tflite_analyzer.py> INFO: Found thunk 'operator.new' at 001210f0 for function.  
2025-09-08 02:18:21 INFO  (GhidraScript) tflite_analyzer.py> INFO: Found 28 unique call sites. Analyzing each...  
2025-09-08 02:18:21 INFO  (GhidraScript) tflite_analyzer.py> 
--- Starting Stage 1 Taint Analysis from '['operator']' call sites ---  
2025-09-08 02:18:21 INFO  (GhidraScript) tflite_analyzer.py> 
--- Analyzing Call Site #1058300 at 001025fc ---  
2025-09-08 02:18:21 INFO  (GhidraScript) tflite_analyzer.py> DEBUG: Parent (caller): operator.delete at 001025f0  
2025-09-08 02:18:21 INFO  (GhidraScript) tflite_analyzer.py> INFO: Call at 001025fc has no output varnode. Nothing to taint. Skipping.  
2025-09-08 02:18:21 INFO  (GhidraScript) tflite_analyzer.py> 
--- Analyzing Call Site #1058636 at 0010274c ---  
2025-09-08 02:18:21 INFO  (GhidraScript) tflite_analyzer.py> DEBUG: Parent (caller): operator.new at 00102740  
2025-09-08 02:18:21 INFO  (GhidraScript) tflite_analyzer.py> 
--- Initiating Taint Analysis for: operator.new (call at 0010274c) ---  
2025-09-08 02:18:21 INFO  (GhidraScript) tflite_analyzer.py> DEBUG: Taint source is the return value of the call: pvVar1(x0)  
2025-09-08 02:18:21 INFO  (GhidraScript) tflite_analyzer.py> \n>>> Analyzing function: operator.new (Depth: 0) at 00102740 (Originating from: ['operator']) with initial taints: pvVar1(x0)  
2025-09-08 02:18:21 INFO  (GhidraScript) tflite_analyzer.py>   - [STACK_SEARCH.0] Analyzing varnode: (register, 0x4000, 8)  
2025-09-08 02:18:21 INFO  (GhidraScript) tflite_analyzer.py>   - [STACK_SEARCH.0] Details: isAddress=0, addr=register:00004000, isStackAddress=0  
2025-09-08 02:18:21 INFO  (GhidraScript) tflite_analyzer.py>   - [STACK_SEARCH.0] Def P-Code Op: (register, 0x4000, 8) CALL (ram, 0x1210f0, 8) , (register, 0x4000, 8)  
2025-09-08 02:18:21 INFO  (GhidraScript) tflite_analyzer.py>   - [STACK_SEARCH.0] Mnemonic 'CALL' is not a handled case. Aborting path.  
2025-09-08 02:18:21 INFO  (GhidraScript) tflite_analyzer.py> \nDEBUG: Reached specified start PcodeOp (register, 0x4000, 8) CALL (ram, 0x1210f0, 8) , (register, 0x4000, 8) at 0010274c in operator.new, subsequent ops will be processed.  
2025-09-08 02:18:21 WARN  (DecompileCallback) Decompiling 001210f0, pcode error at 001210f0: Unable to disassemble EXTERNAL block location: 001210f0  
2025-09-08 02:18:21 INFO  (GhidraScript) tflite_analyzer.py> DEBUG: [operator.new @ 0010274c] Analyzing potential tainted RETURN with value: pvVar1(x0) (Tainted: 1)  
2025-09-08 02:18:21 INFO  (GhidraScript) tflite_analyzer.py> 
==================== TAINTED RETURN DETECTED ====================  
2025-09-08 02:18:21 INFO  (GhidraScript) tflite_analyzer.py>   - Taint Origin:    ['operator']  
2025-09-08 02:18:21 INFO  (GhidraScript) tflite_analyzer.py>   - Function:        void * operator.new(ulong param_1) (Depth: 0)  
2025-09-08 02:18:21 INFO  (GhidraScript) tflite_analyzer.py>   - Return Address:  0010274c  
2025-09-08 02:18:21 INFO  (GhidraScript) tflite_analyzer.py>   - Instruction:     br x17  
2025-09-08 02:18:21 INFO  (GhidraScript) tflite_analyzer.py>   - Tainted Value:   pvVar1(x0)  
2025-09-08 02:18:21 INFO  (GhidraScript) tflite_analyzer.py>   - Value defined by:  (register, 0x4000, 8) CALL (ram, 0x1210f0, 8) , (register, 0x4000, 8) at 0010274c  
2025-09-08 02:18:21 INFO  (GhidraScript) tflite_analyzer.py> ================================================================
  
2025-09-08 02:18:21 INFO  (GhidraScript) tflite_analyzer.py> INFO: [MULTI-STAGE] Tainted return from 'operator.new'. Finding call sites to continue analysis.  
2025-09-08 02:18:21 INFO  (GhidraScript) tflite_analyzer.py> <<< Finished analyzing function: operator.new.  
2025-09-08 02:18:21 INFO  (GhidraScript) tflite_analyzer.py> 
--- Analyzing Call Site #1058764 at 001027cc ---  
2025-09-08 02:18:21 INFO  (GhidraScript) tflite_analyzer.py> DEBUG: Parent (caller): operator() at 001027c0  
2025-09-08 02:18:21 INFO  (GhidraScript) tflite_analyzer.py> INFO: Call at 001027cc has no output varnode. Nothing to taint. Skipping.  
2025-09-08 02:18:21 INFO  (GhidraScript) tflite_analyzer.py> 
--- Analyzing Call Site #1058780 at 001027dc ---  
2025-09-08 02:18:21 INFO  (GhidraScript) tflite_analyzer.py> DEBUG: Parent (caller): operator<< at 001027d0  
2025-09-08 02:18:21 INFO  (GhidraScript) tflite_analyzer.py> 
--- Initiating Taint Analysis for: operator<< (call at 001027dc) ---  
2025-09-08 02:18:21 INFO  (GhidraScript) tflite_analyzer.py> DEBUG: Taint source is the return value of the call: pbVar1(x0)  
2025-09-08 02:18:21 INFO  (GhidraScript) tflite_analyzer.py> \n>>> Analyzing function: operator<< (Depth: 0) at 001027d0 (Originating from: ['operator']) with initial taints: pbVar1(x0)  
2025-09-08 02:18:21 INFO  (GhidraScript) tflite_analyzer.py>   - [STACK_SEARCH.0] Analyzing varnode: (register, 0x4000, 8)  
2025-09-08 02:18:21 INFO  (GhidraScript) tflite_analyzer.py>   - [STACK_SEARCH.0] Details: isAddress=0, addr=register:00004000, isStackAddress=0  
2025-09-08 02:18:21 INFO  (GhidraScript) tflite_analyzer.py>   - [STACK_SEARCH.0] Def P-Code Op: (register, 0x4000, 8) CALL (ram, 0x121150, 8) , (register, 0x4000, 8) , (register, 0x4008, 8)  
2025-09-08 02:18:21 INFO  (GhidraScript) tflite_analyzer.py>   - [STACK_SEARCH.0] Mnemonic 'CALL' is not a handled case. Aborting path.  
2025-09-08 02:18:21 INFO  (GhidraScript) tflite_analyzer.py> \nDEBUG: Reached specified start PcodeOp (register, 0x4000, 8) CALL (ram, 0x121150, 8) , (register, 0x4000, 8) , (register, 0x4008, 8) at 001027dc in operator<<, subsequent ops will be processed.  
2025-09-08 02:18:21 WARN  (DecompileCallback) Decompiling 00121150, pcode error at 00121150: Unable to disassemble EXTERNAL block location: 00121150  
2025-09-08 02:18:21 INFO  (GhidraScript) tflite_analyzer.py> DEBUG: [operator<< @ 001027dc] Analyzing potential tainted RETURN with value: pbVar1(x0) (Tainted: 1)  
2025-09-08 02:18:21 INFO  (GhidraScript) tflite_analyzer.py> 
==================== TAINTED RETURN DETECTED ====================  
2025-09-08 02:18:21 INFO  (GhidraScript) tflite_analyzer.py>   - Taint Origin:    ['operator']  
2025-09-08 02:18:21 INFO  (GhidraScript) tflite_analyzer.py>   - Function:        basic_ostream * operator<<(basic_ostream * param_1, basic_string * param_2) (Depth: 0)  
2025-09-08 02:18:21 INFO  (GhidraScript) tflite_analyzer.py>   - Return Address:  001027dc  
2025-09-08 02:18:21 INFO  (GhidraScript) tflite_analyzer.py>   - Instruction:     br x17  
2025-09-08 02:18:21 INFO  (GhidraScript) tflite_analyzer.py>   - Tainted Value:   pbVar1(x0)  
2025-09-08 02:18:21 INFO  (GhidraScript) tflite_analyzer.py>   - Value defined by:  (register, 0x4000, 8) CALL (ram, 0x121150, 8) , (register, 0x4000, 8) , (register, 0x4008, 8) at 001027dc  
2025-09-08 02:18:21 INFO  (GhidraScript) tflite_analyzer.py> ================================================================
  
2025-09-08 02:18:21 INFO  (GhidraScript) tflite_analyzer.py> INFO: [MULTI-STAGE] Tainted return from 'operator<<'. Finding call sites to continue analysis.  
2025-09-08 02:18:21 INFO  (GhidraScript) tflite_analyzer.py> INFO: [MULTI-STAGE] Queued new task to analyze caller 'main' starting from tainted return.  
2025-09-08 02:18:22 INFO  (GhidraScript) tflite_analyzer.py> INFO: [MULTI-STAGE] Queued new task to analyze caller 'main' starting from tainted return.  
2025-09-08 02:18:22 INFO  (GhidraScript) tflite_analyzer.py> <<< Finished analyzing function: operator<<.  
2025-09-08 02:18:22 INFO  (GhidraScript) tflite_analyzer.py> 
--- Analyzing Call Site #1058796 at 001027ec ---  
2025-09-08 02:18:22 INFO  (GhidraScript) tflite_analyzer.py> DEBUG: Parent (caller): operator<< at 001027e0  
2025-09-08 02:18:22 INFO  (GhidraScript) tflite_analyzer.py> 
--- Initiating Taint Analysis for: operator<< (call at 001027ec) ---  
2025-09-08 02:18:22 INFO  (GhidraScript) tflite_analyzer.py> DEBUG: Taint source is the return value of the call: pbVar1(x0)  
2025-09-08 02:18:22 INFO  (GhidraScript) tflite_analyzer.py> \n>>> Analyzing function: operator<< (Depth: 0) at 001027e0 (Originating from: ['operator']) with initial taints: pbVar1(x0)  
2025-09-08 02:18:22 INFO  (GhidraScript) tflite_analyzer.py>   - [STACK_SEARCH.0] Analyzing varnode: (register, 0x4000, 8)  
2025-09-08 02:18:22 INFO  (GhidraScript) tflite_analyzer.py>   - [STACK_SEARCH.0] Details: isAddress=0, addr=register:00004000, isStackAddress=0  
2025-09-08 02:18:22 INFO  (GhidraScript) tflite_analyzer.py>   - [STACK_SEARCH.0] Def P-Code Op: (register, 0x4000, 8) CALL (ram, 0x121158, 8) , (register, 0x4000, 8) , (register, 0x4008, 8)  
2025-09-08 02:18:22 INFO  (GhidraScript) tflite_analyzer.py>   - [STACK_SEARCH.0] Mnemonic 'CALL' is not a handled case. Aborting path.  
2025-09-08 02:18:22 INFO  (GhidraScript) tflite_analyzer.py> \nDEBUG: Reached specified start PcodeOp (register, 0x4000, 8) CALL (ram, 0x121158, 8) , (register, 0x4000, 8) , (register, 0x4008, 8) at 001027ec in operator<<, subsequent ops will be processed.  
2025-09-08 02:18:22 WARN  (DecompileCallback) Decompiling 00121158, pcode error at 00121158: Unable to disassemble EXTERNAL block location: 00121158  
2025-09-08 02:18:22 INFO  (GhidraScript) tflite_analyzer.py> DEBUG: [operator<< @ 001027ec] Analyzing potential tainted RETURN with value: pbVar1(x0) (Tainted: 1)  
2025-09-08 02:18:22 INFO  (GhidraScript) tflite_analyzer.py> 
==================== TAINTED RETURN DETECTED ====================  
2025-09-08 02:18:22 INFO  (GhidraScript) tflite_analyzer.py>   - Taint Origin:    ['operator']  
2025-09-08 02:18:22 INFO  (GhidraScript) tflite_analyzer.py>   - Function:        basic_ostream * operator<<(basic_ostream * param_1, char * param_2) (Depth: 0)  
2025-09-08 02:18:22 INFO  (GhidraScript) tflite_analyzer.py>   - Return Address:  001027ec  
2025-09-08 02:18:22 INFO  (GhidraScript) tflite_analyzer.py>   - Instruction:     br x17  
2025-09-08 02:18:22 INFO  (GhidraScript) tflite_analyzer.py>   - Tainted Value:   pbVar1(x0)  
2025-09-08 02:18:22 INFO  (GhidraScript) tflite_analyzer.py>   - Value defined by:  (register, 0x4000, 8) CALL (ram, 0x121158, 8) , (register, 0x4000, 8) , (register, 0x4008, 8) at 001027ec  
2025-09-08 02:18:22 INFO  (GhidraScript) tflite_analyzer.py> ================================================================
  
2025-09-08 02:18:22 INFO  (GhidraScript) tflite_analyzer.py> INFO: [MULTI-STAGE] Tainted return from 'operator<<'. Finding call sites to continue analysis.  
2025-09-08 02:18:22 INFO  (GhidraScript) tflite_analyzer.py> INFO: [MULTI-STAGE] Queued new task to analyze caller 'main' starting from tainted return.  
2025-09-08 02:18:22 INFO  (GhidraScript) tflite_analyzer.py> INFO: [MULTI-STAGE] Queued new task to analyze caller 'main' starting from tainted return.  
2025-09-08 02:18:22 INFO  (GhidraScript) tflite_analyzer.py> <<< Finished analyzing function: operator<<.  
2025-09-08 02:18:22 INFO  (GhidraScript) tflite_analyzer.py> 
--- Analyzing Call Site #1058988 at 001028ac ---  
2025-09-08 02:18:22 INFO  (GhidraScript) tflite_analyzer.py> DEBUG: Parent (caller): operator<< at 001028a0  
2025-09-08 02:18:22 INFO  (GhidraScript) tflite_analyzer.py> INFO: Call at 001028ac has no output varnode. Nothing to taint. Skipping.  
2025-09-08 02:18:22 INFO  (GhidraScript) tflite_analyzer.py> 
--- Analyzing Call Site #1059716 at 00102b84 ---  
2025-09-08 02:18:22 INFO  (GhidraScript) tflite_analyzer.py> DEBUG: Parent (caller): main at 00102a58  
2025-09-08 02:18:22 INFO  (GhidraScript) tflite_analyzer.py> 
--- Initiating Taint Analysis for: main (call at 00102b84) ---  
2025-09-08 02:18:22 INFO  (GhidraScript) tflite_analyzer.py> DEBUG: Taint source is the return value of the call: pbVar8(x0)  
2025-09-08 02:18:22 INFO  (GhidraScript) tflite_analyzer.py> \n>>> Analyzing function: main (Depth: 0) at 00102a58 (Originating from: ['operator']) with initial taints: pbVar8(x0)  
2025-09-08 02:18:22 INFO  (GhidraScript) tflite_analyzer.py>   - [STACK_SEARCH.0] Analyzing varnode: (register, 0x4000, 8)  
2025-09-08 02:18:22 INFO  (GhidraScript) tflite_analyzer.py>   - [STACK_SEARCH.0] Details: isAddress=0, addr=register:00004000, isStackAddress=0  
2025-09-08 02:18:22 INFO  (GhidraScript) tflite_analyzer.py>   - [STACK_SEARCH.0] Def P-Code Op: (register, 0x4000, 8) CALL (ram, 0x1027e0, 8) , (unique, 0x10000724, 8) , (unique, 0x100003aa, 8)  
2025-09-08 02:18:22 INFO  (GhidraScript) tflite_analyzer.py>   - [STACK_SEARCH.0] Mnemonic 'CALL' is not a handled case. Aborting path.  
2025-09-08 02:18:22 INFO  (GhidraScript) tflite_analyzer.py> \nDEBUG: Reached specified start PcodeOp (register, 0x4000, 8) CALL (ram, 0x1027e0, 8) , (unique, 0x10000724, 8) , (unique, 0x100003aa, 8) at 00102b84 in main, subsequent ops will be processed.  
2025-09-08 02:18:22 INFO  (GhidraScript) tflite_analyzer.py> \n>>> Analyzing function: operator<< (Depth: 1) at 001027d0 (Originating from: ['operator']) with initial taints: param_1(x0)  
2025-09-08 02:18:22 INFO  (GhidraScript) tflite_analyzer.py>   - [STACK_SEARCH.0] Analyzing varnode: (register, 0x4000, 8)  
2025-09-08 02:18:22 INFO  (GhidraScript) tflite_analyzer.py>   - [STACK_SEARCH.0] Details: isAddress=0, addr=register:00004000, isStackAddress=0  
2025-09-08 02:18:22 INFO  (GhidraScript) tflite_analyzer.py>   - [STACK_SEARCH.0] No defining p-code op found. Aborting path.  
2025-09-08 02:18:22 INFO  (GhidraScript) tflite_analyzer.py> DEBUG: Starting taint analysis from the beginning of function operator<<.  
2025-09-08 02:18:22 WARN  (DecompileCallback) Decompiling 00121150, pcode error at 00121150: Unable to disassemble EXTERNAL block location: 00121150  
2025-09-08 02:18:22 INFO  (GhidraScript) tflite_analyzer.py> \n>>> Analyzing function: operator<< (Depth: 2) at 00121150 (Originating from: ['operator']) with initial taints: param_1(x0)  
2025-09-08 02:18:22 INFO  (GhidraScript) tflite_analyzer.py>   - [STACK_SEARCH.0] Analyzing varnode: (register, 0x4000, 8)  
2025-09-08 02:18:22 INFO  (GhidraScript) tflite_analyzer.py>   - [STACK_SEARCH.0] Details: isAddress=0, addr=register:00004000, isStackAddress=0  
2025-09-08 02:18:22 INFO  (GhidraScript) tflite_analyzer.py>   - [STACK_SEARCH.0] No defining p-code op found. Aborting path.  
2025-09-08 02:18:22 INFO  (GhidraScript) tflite_analyzer.py> DEBUG: Starting taint analysis from the beginning of function operator<<.  
2025-09-08 02:18:22 INFO  (GhidraScript) tflite_analyzer.py> <<< Finished analyzing function: operator<<.  
2025-09-08 02:18:22 INFO  (GhidraScript) tflite_analyzer.py> DEBUG: [operator<< @ 001027dc] Analyzing potential tainted RETURN with value: pbVar1(x0) (Tainted: 0)  
2025-09-08 02:18:22 INFO  (GhidraScript) tflite_analyzer.py>     [DEBUG] --- Taint Check Details (RETURN FAILED) ---  
2025-09-08 02:18:22 INFO  (GhidraScript) tflite_analyzer.py>     [DEBUG]   > Return Varnode: (register, 0x4000, 8) (Size: 8, Def: (register, 0x4000, 8) CALL (ram, 0x121150, 8) , (register, 0x4000, 8) , (register, 0x4008, 8) at 001027dc)  
2025-09-08 02:18:22 INFO  (GhidraScript) tflite_analyzer.py>     [DEBUG]   > Currently Tainted HighVariables in this function:  
2025-09-08 02:18:22 INFO  (GhidraScript) tflite_analyzer.py>     [DEBUG]     1. param_1(x0)  
2025-09-08 02:18:22 INFO  (GhidraScript) tflite_analyzer.py>     [DEBUG] ---------------------------------  
2025-09-08 02:18:22 INFO  (GhidraScript) tflite_analyzer.py> <<< Finished analyzing function: operator<<.  
2025-09-08 02:18:22 INFO  (GhidraScript) tflite_analyzer.py> DEBUG: [main @ 00102ba4] Taint propagated from pbVar8(x0) to UNNAMED(UniquePcode[0x10000734]) via CAST.  
2025-09-08 02:18:22 INFO  (GhidraScript) tflite_analyzer.py> DEBUG: [CBRANCH] Found defining op for condition: (register, 0x108, 1) INT_EQUAL (unique, 0x12580, 4) , (const, 0x0, 4)  
2025-09-08 02:18:22 INFO  (GhidraScript) tflite_analyzer.py> INFO: [main @ 00102c28] Taint reached CBRANCH. Operands: ['UNNAMED(UniquePcode[0x12580])', 'UnnamedHighVar(Constant: 0x0)'].   
2025-09-08 02:18:22 INFO  (GhidraScript) tflite_analyzer.py> DEBUG: Already analyzed function operator<< with initial taints ('param_1(x0)',) (origin: ['operator']). Skipping.  
2025-09-08 02:18:22 INFO  (GhidraScript) tflite_analyzer.py> DEBUG: [main @ 00102c5c] Taint propagated from pbVar8(x0) to UNNAMED(UniquePcode[0x10000714]) via CAST.  
2025-09-08 02:18:22 INFO  (GhidraScript) tflite_analyzer.py> DEBUG: [LOAD_HANDLER] Checking LOAD op at 00102cec. Address varnode: (unique, 0x12480, 8)  
2025-09-08 02:18:22 INFO  (GhidraScript) tflite_analyzer.py> DEBUG: [LOAD_HANDLER] POINTER_RULE FAIL: Address varnode UNNAMED(UniquePcode[0x12480]) is not tainted (recursive check).  
2025-09-08 02:18:22 INFO  (GhidraScript) tflite_analyzer.py> DEBUG: [LOAD_HANDLER] REGION_RULE FAIL: Address pointer UNNAMED(UniquePcode[0x12480]) is not in the tainted memory regions set.  
2025-09-08 02:18:22 INFO  (GhidraScript) tflite_analyzer.py> DEBUG: [CBRANCH] Found defining op for condition: (unique, 0x1580, 1) INT_SLESS (stack, 0xfffffffffffffcac, 4) , (const, 0x310, 4)  
2025-09-08 02:18:22 INFO  (GhidraScript) tflite_analyzer.py> INFO: [main @ 00102d2c] Taint reached CBRANCH. Operands: ['local_354(StackDirect[Stack[-0x354]])', 'UnnamedHighVar(Constant: 0x310)'].   
2025-09-08 02:18:22 INFO  (GhidraScript) tflite_analyzer.py> DEBUG: [LOAD_HANDLER] Checking LOAD op at 00102d60. Address varnode: (unique, 0x6500, 8)  
2025-09-08 02:18:22 INFO  (GhidraScript) tflite_analyzer.py> DEBUG: [LOAD_HANDLER] POINTER_RULE FAIL: Address varnode UNNAMED(UniquePcode[0x6500]) is not tainted (recursive check).  
2025-09-08 02:18:22 INFO  (GhidraScript) tflite_analyzer.py> DEBUG: [LOAD_HANDLER] REGION_RULE FAIL: Address pointer UNNAMED(UniquePcode[0x6500]) is not in the tainted memory regions set.  
2025-09-08 02:18:22 INFO  (GhidraScript) tflite_analyzer.py> DEBUG: [LOAD_HANDLER] Checking LOAD op at 00102d6c. Address varnode: (register, 0x4000, 8)  
2025-09-08 02:18:22 INFO  (GhidraScript) tflite_analyzer.py> DEBUG: [LOAD_HANDLER] POINTER_RULE FAIL: Address varnode local_300(StackDirect[Stack[-0x300]]) is not tainted (recursive check).  
2025-09-08 02:18:22 INFO  (GhidraScript) tflite_analyzer.py> DEBUG: [LOAD_HANDLER] REGION_RULE FAIL: Address pointer local_300(StackDirect[Stack[-0x300]]) is not in the tainted memory regions set.  
2025-09-08 02:18:22 INFO  (GhidraScript) tflite_analyzer.py> DEBUG: [LOAD_HANDLER] Checking LOAD op at 00102d84. Address varnode: (unique, 0x6400, 8)  
2025-09-08 02:18:22 INFO  (GhidraScript) tflite_analyzer.py> DEBUG: [LOAD_HANDLER] POINTER_RULE FAIL: Address varnode UNNAMED(UniquePcode[0x6400]) is not tainted (recursive check).  
2025-09-08 02:18:22 INFO  (GhidraScript) tflite_analyzer.py> DEBUG: [LOAD_HANDLER] REGION_RULE FAIL: Address pointer UNNAMED(UniquePcode[0x6400]) is not in the tainted memory regions set.  
2025-09-08 02:18:22 INFO  (GhidraScript) tflite_analyzer.py> DEBUG: [LOAD_HANDLER] Checking LOAD op at 00102e48. Address varnode: (register, 0x4000, 8)  
2025-09-08 02:18:22 INFO  (GhidraScript) tflite_analyzer.py> DEBUG: [LOAD_HANDLER] POINTER_RULE FAIL: Address varnode pfVar12(x0) is not tainted (recursive check).  
2025-09-08 02:18:22 INFO  (GhidraScript) tflite_analyzer.py> DEBUG: [LOAD_HANDLER] REGION_RULE FAIL: Address pointer pfVar12(x0) is not in the tainted memory regions set.  
2025-09-08 02:18:22 INFO  (GhidraScript) tflite_analyzer.py> DEBUG: [CBRANCH] Found defining op for condition: (register, 0x108, 1) INT_NOTEQUAL (stack, 0xfffffffffffffd10, 8) , (const, 0x7, 8)  
2025-09-08 02:18:22 INFO  (GhidraScript) tflite_analyzer.py> INFO: [main @ 00102e70] Taint reached CBRANCH. Operands: ['local_2f0(StackDirect[Stack[-0x2f0]])', 'UnnamedHighVar(Constant: 0x7)'].   
2025-09-08 02:18:22 INFO  (GhidraScript) tflite_analyzer.py> DEBUG: [CBRANCH] Found defining op for condition: (unique, 0x1400, 1) FLOAT_LESSEQUAL (register, 0x5000, 4) , (const, 0x3f333333, 4)  
2025-09-08 02:18:22 INFO  (GhidraScript) tflite_analyzer.py> INFO: [main @ 00102e88] Taint reached CBRANCH. Operands: ['UNNAMED(s0)', 'UnnamedHighVar(Constant: 0x3f333333)'].   
2025-09-08 02:18:22 INFO  (GhidraScript) tflite_analyzer.py> DEBUG: [CBRANCH] Found defining op for condition: (register, 0x108, 1) INT_NOTEQUAL (unique, 0x3e480, 8) , (const, 0x0, 8)  
2025-09-08 02:18:22 INFO  (GhidraScript) tflite_analyzer.py> INFO: [main @ 00102f0c] Taint reached CBRANCH. Operands: ['UNNAMED(UniquePcode[0x3e480])', 'UnnamedHighVar(Constant: 0x0)'].   
2025-09-08 02:18:22 INFO  (GhidraScript) tflite_analyzer.py> DEBUG: [main @ 0010304c] Analyzing potential tainted RETURN with value: UNNAMED(x0) (Tainted: 0)  
2025-09-08 02:18:22 INFO  (GhidraScript) tflite_analyzer.py>     [DEBUG] --- Taint Check Details (RETURN FAILED) ---  
2025-09-08 02:18:22 INFO  (GhidraScript) tflite_analyzer.py>     [DEBUG]   > Return Varnode: (register, 0x4000, 8) (Size: 8, Def: (register, 0x4000, 8) COPY (register, 0x4098, 8) at 0010303c)  
2025-09-08 02:18:22 INFO  (GhidraScript) tflite_analyzer.py>     [DEBUG]   > Currently Tainted HighVariables in this function:  
2025-09-08 02:18:22 INFO  (GhidraScript) tflite_analyzer.py>     [DEBUG]     1. UNNAMED(UniquePcode[0x10000714])  
2025-09-08 02:18:22 INFO  (GhidraScript) tflite_analyzer.py>     [DEBUG]     2. UNNAMED(UniquePcode[0x10000734])  
2025-09-08 02:18:22 INFO  (GhidraScript) tflite_analyzer.py>     [DEBUG]     3. pbVar8(x0)  
2025-09-08 02:18:22 INFO  (GhidraScript) tflite_analyzer.py>     [DEBUG] ---------------------------------  
2025-09-08 02:18:22 INFO  (GhidraScript) tflite_analyzer.py> <<< Finished analyzing function: main.  
2025-09-08 02:18:22 INFO  (GhidraScript) tflite_analyzer.py> 
--- Analyzing Call Site #1059736 at 00102b98 ---  
2025-09-08 02:18:22 INFO  (GhidraScript) tflite_analyzer.py> DEBUG: Parent (caller): main at 00102a58  
2025-09-08 02:18:22 INFO  (GhidraScript) tflite_analyzer.py> 
--- Initiating Taint Analysis for: main (call at 00102b98) ---  
2025-09-08 02:18:22 INFO  (GhidraScript) tflite_analyzer.py> DEBUG: Taint source is the return value of the call: pbVar8(x0)  
2025-09-08 02:18:22 INFO  (GhidraScript) tflite_analyzer.py> DEBUG: Already analyzed function main with initial taints ('pbVar8(x0)',) (origin: ['operator']). Skipping.  
2025-09-08 02:18:22 INFO  (GhidraScript) tflite_analyzer.py> 
--- Analyzing Call Site #1059748 at 00102ba4 ---  
2025-09-08 02:18:22 INFO  (GhidraScript) tflite_analyzer.py> DEBUG: Parent (caller): main at 00102a58  
2025-09-08 02:18:22 INFO  (GhidraScript) tflite_analyzer.py> INFO: Call at 00102ba4 has no output varnode. Nothing to taint. Skipping.  
2025-09-08 02:18:22 INFO  (GhidraScript) tflite_analyzer.py> 
--- Analyzing Call Site #1059816 at 00102be8 ---  
2025-09-08 02:18:22 INFO  (GhidraScript) tflite_analyzer.py> DEBUG: Parent (caller): main at 00102a58  
2025-09-08 02:18:23 INFO  (GhidraScript) tflite_analyzer.py> INFO: Call at 00102be8 has no output varnode. Nothing to taint. Skipping.  
2025-09-08 02:18:23 INFO  (GhidraScript) tflite_analyzer.py> 
--- Analyzing Call Site #1059900 at 00102c3c ---  
2025-09-08 02:18:23 INFO  (GhidraScript) tflite_analyzer.py> DEBUG: Parent (caller): main at 00102a58  
2025-09-08 02:18:23 INFO  (GhidraScript) tflite_analyzer.py> 
--- Initiating Taint Analysis for: main (call at 00102c3c) ---  
2025-09-08 02:18:23 INFO  (GhidraScript) tflite_analyzer.py> DEBUG: Taint source is the return value of the call: pbVar8(x0)  
2025-09-08 02:18:23 INFO  (GhidraScript) tflite_analyzer.py> DEBUG: Already analyzed function main with initial taints ('pbVar8(x0)',) (origin: ['operator']). Skipping.  
2025-09-08 02:18:23 INFO  (GhidraScript) tflite_analyzer.py> 
--- Analyzing Call Site #1059920 at 00102c50 ---  
2025-09-08 02:18:23 INFO  (GhidraScript) tflite_analyzer.py> DEBUG: Parent (caller): main at 00102a58  
2025-09-08 02:18:23 INFO  (GhidraScript) tflite_analyzer.py> 
--- Initiating Taint Analysis for: main (call at 00102c50) ---  
2025-09-08 02:18:23 INFO  (GhidraScript) tflite_analyzer.py> DEBUG: Taint source is the return value of the call: pbVar8(x0)  
2025-09-08 02:18:23 INFO  (GhidraScript) tflite_analyzer.py> DEBUG: Already analyzed function main with initial taints ('pbVar8(x0)',) (origin: ['operator']). Skipping.  
2025-09-08 02:18:23 INFO  (GhidraScript) tflite_analyzer.py> 
--- Analyzing Call Site #1059932 at 00102c5c ---  
2025-09-08 02:18:23 INFO  (GhidraScript) tflite_analyzer.py> DEBUG: Parent (caller): main at 00102a58  
2025-09-08 02:18:23 INFO  (GhidraScript) tflite_analyzer.py> INFO: Call at 00102c5c has no output varnode. Nothing to taint. Skipping.  
2025-09-08 02:18:23 INFO  (GhidraScript) tflite_analyzer.py> 
--- Analyzing Call Site #1062468 at 00103644 ---  
2025-09-08 02:18:23 INFO  (GhidraScript) tflite_analyzer.py> DEBUG: Parent (caller): ~OpResolver at 00103628  
2025-09-08 02:18:23 INFO  (GhidraScript) tflite_analyzer.py> INFO: Call at 00103644 has no output varnode. Nothing to taint. Skipping.  
2025-09-08 02:18:23 INFO  (GhidraScript) tflite_analyzer.py> 
--- Analyzing Call Site #1062816 at 001037a0 ---  
2025-09-08 02:18:23 INFO  (GhidraScript) tflite_analyzer.py> DEBUG: Parent (caller): ~MutableOpResolver at 00103784  
2025-09-08 02:18:23 INFO  (GhidraScript) tflite_analyzer.py> INFO: Call at 001037a0 has no output varnode. Nothing to taint. Skipping.  
2025-09-08 02:18:23 INFO  (GhidraScript) tflite_analyzer.py> 
--- Analyzing Call Site #1062904 at 001037f8 ---  
2025-09-08 02:18:23 INFO  (GhidraScript) tflite_analyzer.py> DEBUG: Parent (caller): ~BuiltinOpResolver at 001037dc  
2025-09-08 02:18:23 INFO  (GhidraScript) tflite_analyzer.py> INFO: Call at 001037f8 has no output varnode. Nothing to taint. Skipping.  
2025-09-08 02:18:23 INFO  (GhidraScript) tflite_analyzer.py> 
--- Analyzing Call Site #1069940 at 00105374 ---  
2025-09-08 02:18:23 INFO  (GhidraScript) tflite_analyzer.py> DEBUG: Parent (caller): operator() at 00105344  
2025-09-08 02:18:23 INFO  (GhidraScript) tflite_analyzer.py> INFO: Call at 00105374 has no output varnode. Nothing to taint. Skipping.  
2025-09-08 02:18:23 INFO  (GhidraScript) tflite_analyzer.py> 
--- Analyzing Call Site #1070112 at 00105420 ---  
2025-09-08 02:18:23 INFO  (GhidraScript) tflite_analyzer.py> DEBUG: Parent (caller): operator() at 001053f0  
2025-09-08 02:18:23 INFO  (GhidraScript) tflite_analyzer.py> INFO: Call at 00105420 has no output varnode. Nothing to taint. Skipping.  
2025-09-08 02:18:23 INFO  (GhidraScript) tflite_analyzer.py> 
--- Analyzing Call Site #1073448 at 00106128 ---  
2025-09-08 02:18:23 INFO  (GhidraScript) tflite_analyzer.py> DEBUG: Parent (caller): deallocate at 00106104  
2025-09-08 02:18:23 INFO  (GhidraScript) tflite_analyzer.py> INFO: Call at 00106128 has no output varnode. Nothing to taint. Skipping.  
2025-09-08 02:18:23 INFO  (GhidraScript) tflite_analyzer.py> 
--- Analyzing Call Site #1073744 at 00106250 ---  
2025-09-08 02:18:23 INFO  (GhidraScript) tflite_analyzer.py> DEBUG: Parent (caller): deallocate at 0010622c  
2025-09-08 02:18:23 INFO  (GhidraScript) tflite_analyzer.py> INFO: Call at 00106250 has no output varnode. Nothing to taint. Skipping.  
2025-09-08 02:18:23 INFO  (GhidraScript) tflite_analyzer.py> 
--- Analyzing Call Site #1073868 at 001062cc ---  
2025-09-08 02:18:23 INFO  (GhidraScript) tflite_analyzer.py> DEBUG: Parent (caller): deallocate at 001062a8  
2025-09-08 02:18:23 INFO  (GhidraScript) tflite_analyzer.py> INFO: Call at 001062cc has no output varnode. Nothing to taint. Skipping.  
2025-09-08 02:18:23 INFO  (GhidraScript) tflite_analyzer.py> 
--- Analyzing Call Site #1075528 at 00106948 ---  
2025-09-08 02:18:23 INFO  (GhidraScript) tflite_analyzer.py> DEBUG: Parent (caller): allocate at 001068dc  
2025-09-08 02:18:23 INFO  (GhidraScript) tflite_analyzer.py> INFO: Call at 00106948 has no output varnode. Nothing to taint. Skipping.  
2025-09-08 02:18:23 INFO  (GhidraScript) tflite_analyzer.py> 
--- Analyzing Call Site #1076344 at 00106c78 ---  
2025-09-08 02:18:23 INFO  (GhidraScript) tflite_analyzer.py> DEBUG: Parent (caller): deallocate at 00106c54  
2025-09-08 02:18:23 INFO  (GhidraScript) tflite_analyzer.py> INFO: Call at 00106c78 has no output varnode. Nothing to taint. Skipping.  
2025-09-08 02:18:23 INFO  (GhidraScript) tflite_analyzer.py> 
--- Analyzing Call Site #1076652 at 00106dac ---  
2025-09-08 02:18:23 INFO  (GhidraScript) tflite_analyzer.py> DEBUG: Parent (caller): deallocate at 00106d88  
2025-09-08 02:18:23 INFO  (GhidraScript) tflite_analyzer.py> INFO: Call at 00106dac has no output varnode. Nothing to taint. Skipping.  
2025-09-08 02:18:23 INFO  (GhidraScript) tflite_analyzer.py> 
--- Analyzing Call Site #1076928 at 00106ec0 ---  
2025-09-08 02:18:23 INFO  (GhidraScript) tflite_analyzer.py> DEBUG: Parent (caller): allocate at 00106e54  
2025-09-08 02:18:23 INFO  (GhidraScript) tflite_analyzer.py> INFO: Call at 00106ec0 has no output varnode. Nothing to taint. Skipping.  
2025-09-08 02:18:23 INFO  (GhidraScript) tflite_analyzer.py> 
--- Analyzing Call Site #1077308 at 0010703c ---  
2025-09-08 02:18:23 INFO  (GhidraScript) tflite_analyzer.py> DEBUG: Parent (caller): allocate at 00106fd0  
2025-09-08 02:18:23 INFO  (GhidraScript) tflite_analyzer.py> INFO: Call at 0010703c has no output varnode. Nothing to taint. Skipping.  
2025-09-08 02:18:23 INFO  (GhidraScript) tflite_analyzer.py> 
--- Analyzing Call Site #1078676 at 00107594 ---  
2025-09-08 02:18:23 INFO  (GhidraScript) tflite_analyzer.py> DEBUG: Parent (caller): deallocate at 00107564  
2025-09-08 02:18:23 INFO  (GhidraScript) tflite_analyzer.py> INFO: Call at 00107594 has no output varnode. Nothing to taint. Skipping.  
2025-09-08 02:18:23 INFO  (GhidraScript) tflite_analyzer.py> 
--- Analyzing Call Site #1078772 at 001075f4 ---  
2025-09-08 02:18:23 INFO  (GhidraScript) tflite_analyzer.py> DEBUG: Parent (caller): deallocate at 001075d0  
2025-09-08 02:18:23 INFO  (GhidraScript) tflite_analyzer.py> INFO: Call at 001075f4 has no output varnode. Nothing to taint. Skipping.  
2025-09-08 02:18:23 INFO  (GhidraScript) tflite_analyzer.py> 
--- Stage 1 Complete. Checking for pending multi-stage analysis tasks... ---  
2025-09-08 02:18:23 INFO  (GhidraScript) tflite_analyzer.py> 
--- Initiating Stage 2 Analysis Task #1 (from rule: tainted_return_from_operator<<) ---  
2025-09-08 02:18:23 INFO  (GhidraScript) tflite_analyzer.py> \n>>> Analyzing function: main (Depth: 0) at 00102a58 (Originating from: tainted_return_from_operator<<) with initial taints: pbVar8(x0)  
2025-09-08 02:18:23 INFO  (GhidraScript) tflite_analyzer.py>   - [STACK_SEARCH.0] Analyzing varnode: (register, 0x4000, 8)  
2025-09-08 02:18:23 INFO  (GhidraScript) tflite_analyzer.py>   - [STACK_SEARCH.0] Details: isAddress=0, addr=register:00004000, isStackAddress=0  
2025-09-08 02:18:23 INFO  (GhidraScript) tflite_analyzer.py>   - [STACK_SEARCH.0] Def P-Code Op: (register, 0x4000, 8) CALL (ram, 0x1027e0, 8) , (unique, 0x10000724, 8) , (unique, 0x100003aa, 8)  
2025-09-08 02:18:23 INFO  (GhidraScript) tflite_analyzer.py>   - [STACK_SEARCH.0] Mnemonic 'CALL' is not a handled case. Aborting path.  
2025-09-08 02:18:23 INFO  (GhidraScript) tflite_analyzer.py> \nDEBUG: Reached specified start PcodeOp (register, 0x4000, 8) CALL (ram, 0x1027d0, 8) , (register, 0x4000, 8) , (unique, 0x11f80, 8) at 00102b98 in main, subsequent ops will be processed.  
2025-09-08 02:18:23 INFO  (GhidraScript) tflite_analyzer.py> \n>>> Analyzing function: operator<< (Depth: 1) at 001027d0 (Originating from: tainted_return_from_operator<<) with initial taints: param_1(x0)  
2025-09-08 02:18:23 INFO  (GhidraScript) tflite_analyzer.py>   - [STACK_SEARCH.0] Analyzing varnode: (register, 0x4000, 8)  
2025-09-08 02:18:23 INFO  (GhidraScript) tflite_analyzer.py>   - [STACK_SEARCH.0] Details: isAddress=0, addr=register:00004000, isStackAddress=0  
2025-09-08 02:18:23 INFO  (GhidraScript) tflite_analyzer.py>   - [STACK_SEARCH.0] No defining p-code op found. Aborting path.  
2025-09-08 02:18:23 INFO  (GhidraScript) tflite_analyzer.py> DEBUG: Starting taint analysis from the beginning of function operator<<.  
2025-09-08 02:18:23 WARN  (DecompileCallback) Decompiling 00121150, pcode error at 00121150: Unable to disassemble EXTERNAL block location: 00121150  
2025-09-08 02:18:23 INFO  (GhidraScript) tflite_analyzer.py> \n>>> Analyzing function: operator<< (Depth: 2) at 00121150 (Originating from: tainted_return_from_operator<<) with initial taints: param_1(x0)  
2025-09-08 02:18:23 INFO  (GhidraScript) tflite_analyzer.py>   - [STACK_SEARCH.0] Analyzing varnode: (register, 0x4000, 8)  
2025-09-08 02:18:23 INFO  (GhidraScript) tflite_analyzer.py>   - [STACK_SEARCH.0] Details: isAddress=0, addr=register:00004000, isStackAddress=0  
2025-09-08 02:18:23 INFO  (GhidraScript) tflite_analyzer.py>   - [STACK_SEARCH.0] No defining p-code op found. Aborting path.  
2025-09-08 02:18:23 INFO  (GhidraScript) tflite_analyzer.py> DEBUG: Starting taint analysis from the beginning of function operator<<.  
2025-09-08 02:18:23 INFO  (GhidraScript) tflite_analyzer.py> <<< Finished analyzing function: operator<<.  
2025-09-08 02:18:23 INFO  (GhidraScript) tflite_analyzer.py> DEBUG: [operator<< @ 001027dc] Analyzing potential tainted RETURN with value: pbVar1(x0) (Tainted: 0)  
2025-09-08 02:18:23 INFO  (GhidraScript) tflite_analyzer.py>     [DEBUG] --- Taint Check Details (RETURN FAILED) ---  
2025-09-08 02:18:23 INFO  (GhidraScript) tflite_analyzer.py>     [DEBUG]   > Return Varnode: (register, 0x4000, 8) (Size: 8, Def: (register, 0x4000, 8) CALL (ram, 0x121150, 8) , (register, 0x4000, 8) , (register, 0x4008, 8) at 001027dc)  
2025-09-08 02:18:23 INFO  (GhidraScript) tflite_analyzer.py>     [DEBUG]   > Currently Tainted HighVariables in this function:  
2025-09-08 02:18:23 INFO  (GhidraScript) tflite_analyzer.py>     [DEBUG]     1. param_1(x0)  
2025-09-08 02:18:23 INFO  (GhidraScript) tflite_analyzer.py>     [DEBUG] ---------------------------------  
2025-09-08 02:18:23 INFO  (GhidraScript) tflite_analyzer.py> <<< Finished analyzing function: operator<<.  
2025-09-08 02:18:23 INFO  (GhidraScript) tflite_analyzer.py> DEBUG: [main @ 00102ba4] Taint propagated from pbVar8(x0) to UNNAMED(UniquePcode[0x10000734]) via CAST.  
2025-09-08 02:18:23 INFO  (GhidraScript) tflite_analyzer.py> DEBUG: [CBRANCH] Found defining op for condition: (register, 0x108, 1) INT_EQUAL (unique, 0x12580, 4) , (const, 0x0, 4)  
2025-09-08 02:18:23 INFO  (GhidraScript) tflite_analyzer.py> INFO: [main @ 00102c28] Taint reached CBRANCH. Operands: ['UNNAMED(UniquePcode[0x12580])', 'UnnamedHighVar(Constant: 0x0)'].   
2025-09-08 02:18:23 INFO  (GhidraScript) tflite_analyzer.py> DEBUG: Already analyzed function operator<< with initial taints ('param_1(x0)',) (origin: tainted_return_from_operator<<). Skipping.  
2025-09-08 02:18:23 INFO  (GhidraScript) tflite_analyzer.py> DEBUG: [main @ 00102c5c] Taint propagated from pbVar8(x0) to UNNAMED(UniquePcode[0x10000714]) via CAST.  
2025-09-08 02:18:23 INFO  (GhidraScript) tflite_analyzer.py> DEBUG: [LOAD_HANDLER] Checking LOAD op at 00102cec. Address varnode: (unique, 0x12480, 8)  
2025-09-08 02:18:23 INFO  (GhidraScript) tflite_analyzer.py> DEBUG: [LOAD_HANDLER] POINTER_RULE FAIL: Address varnode UNNAMED(UniquePcode[0x12480]) is not tainted (recursive check).  
2025-09-08 02:18:23 INFO  (GhidraScript) tflite_analyzer.py> DEBUG: [LOAD_HANDLER] REGION_RULE FAIL: Address pointer UNNAMED(UniquePcode[0x12480]) is not in the tainted memory regions set.  
2025-09-08 02:18:23 INFO  (GhidraScript) tflite_analyzer.py> DEBUG: [CBRANCH] Found defining op for condition: (unique, 0x1580, 1) INT_SLESS (stack, 0xfffffffffffffcac, 4) , (const, 0x310, 4)  
2025-09-08 02:18:23 INFO  (GhidraScript) tflite_analyzer.py> INFO: [main @ 00102d2c] Taint reached CBRANCH. Operands: ['local_354(StackDirect[Stack[-0x354]])', 'UnnamedHighVar(Constant: 0x310)'].   
2025-09-08 02:18:23 INFO  (GhidraScript) tflite_analyzer.py> DEBUG: [LOAD_HANDLER] Checking LOAD op at 00102d60. Address varnode: (unique, 0x6500, 8)  
2025-09-08 02:18:23 INFO  (GhidraScript) tflite_analyzer.py> DEBUG: [LOAD_HANDLER] POINTER_RULE FAIL: Address varnode UNNAMED(UniquePcode[0x6500]) is not tainted (recursive check).  
2025-09-08 02:18:23 INFO  (GhidraScript) tflite_analyzer.py> DEBUG: [LOAD_HANDLER] REGION_RULE FAIL: Address pointer UNNAMED(UniquePcode[0x6500]) is not in the tainted memory regions set.  
2025-09-08 02:18:23 INFO  (GhidraScript) tflite_analyzer.py> DEBUG: [LOAD_HANDLER] Checking LOAD op at 00102d6c. Address varnode: (register, 0x4000, 8)  
2025-09-08 02:18:23 INFO  (GhidraScript) tflite_analyzer.py> DEBUG: [LOAD_HANDLER] POINTER_RULE FAIL: Address varnode local_300(StackDirect[Stack[-0x300]]) is not tainted (recursive check).  
2025-09-08 02:18:23 INFO  (GhidraScript) tflite_analyzer.py> DEBUG: [LOAD_HANDLER] REGION_RULE FAIL: Address pointer local_300(StackDirect[Stack[-0x300]]) is not in the tainted memory regions set.  
2025-09-08 02:18:23 INFO  (GhidraScript) tflite_analyzer.py> DEBUG: [LOAD_HANDLER] Checking LOAD op at 00102d84. Address varnode: (unique, 0x6400, 8)  
2025-09-08 02:18:23 INFO  (GhidraScript) tflite_analyzer.py> DEBUG: [LOAD_HANDLER] POINTER_RULE FAIL: Address varnode UNNAMED(UniquePcode[0x6400]) is not tainted (recursive check).  
2025-09-08 02:18:23 INFO  (GhidraScript) tflite_analyzer.py> DEBUG: [LOAD_HANDLER] REGION_RULE FAIL: Address pointer UNNAMED(UniquePcode[0x6400]) is not in the tainted memory regions set.  
2025-09-08 02:18:23 INFO  (GhidraScript) tflite_analyzer.py> DEBUG: [LOAD_HANDLER] Checking LOAD op at 00102e48. Address varnode: (register, 0x4000, 8)  
2025-09-08 02:18:23 INFO  (GhidraScript) tflite_analyzer.py> DEBUG: [LOAD_HANDLER] POINTER_RULE FAIL: Address varnode pfVar12(x0) is not tainted (recursive check).  
2025-09-08 02:18:23 INFO  (GhidraScript) tflite_analyzer.py> DEBUG: [LOAD_HANDLER] REGION_RULE FAIL: Address pointer pfVar12(x0) is not in the tainted memory regions set.  
2025-09-08 02:18:23 INFO  (GhidraScript) tflite_analyzer.py> DEBUG: [CBRANCH] Found defining op for condition: (register, 0x108, 1) INT_NOTEQUAL (stack, 0xfffffffffffffd10, 8) , (const, 0x7, 8)  
2025-09-08 02:18:23 INFO  (GhidraScript) tflite_analyzer.py> INFO: [main @ 00102e70] Taint reached CBRANCH. Operands: ['local_2f0(StackDirect[Stack[-0x2f0]])', 'UnnamedHighVar(Constant: 0x7)'].   
2025-09-08 02:18:23 INFO  (GhidraScript) tflite_analyzer.py> DEBUG: [CBRANCH] Found defining op for condition: (unique, 0x1400, 1) FLOAT_LESSEQUAL (register, 0x5000, 4) , (const, 0x3f333333, 4)  
2025-09-08 02:18:23 INFO  (GhidraScript) tflite_analyzer.py> INFO: [main @ 00102e88] Taint reached CBRANCH. Operands: ['UNNAMED(s0)', 'UnnamedHighVar(Constant: 0x3f333333)'].   
2025-09-08 02:18:23 INFO  (GhidraScript) tflite_analyzer.py> DEBUG: [CBRANCH] Found defining op for condition: (register, 0x108, 1) INT_NOTEQUAL (unique, 0x3e480, 8) , (const, 0x0, 8)  
2025-09-08 02:18:23 INFO  (GhidraScript) tflite_analyzer.py> INFO: [main @ 00102f0c] Taint reached CBRANCH. Operands: ['UNNAMED(UniquePcode[0x3e480])', 'UnnamedHighVar(Constant: 0x0)'].   
2025-09-08 02:18:23 INFO  (GhidraScript) tflite_analyzer.py> DEBUG: [main @ 0010304c] Analyzing potential tainted RETURN with value: UNNAMED(x0) (Tainted: 0)  
2025-09-08 02:18:23 INFO  (GhidraScript) tflite_analyzer.py>     [DEBUG] --- Taint Check Details (RETURN FAILED) ---  
2025-09-08 02:18:23 INFO  (GhidraScript) tflite_analyzer.py>     [DEBUG]   > Return Varnode: (register, 0x4000, 8) (Size: 8, Def: (register, 0x4000, 8) COPY (register, 0x4098, 8) at 0010303c)  
2025-09-08 02:18:23 INFO  (GhidraScript) tflite_analyzer.py>     [DEBUG]   > Currently Tainted HighVariables in this function:  
2025-09-08 02:18:23 INFO  (GhidraScript) tflite_analyzer.py>     [DEBUG]     1. UNNAMED(UniquePcode[0x10000714])  
2025-09-08 02:18:23 INFO  (GhidraScript) tflite_analyzer.py>     [DEBUG]     2. UNNAMED(UniquePcode[0x10000734])  
2025-09-08 02:18:23 INFO  (GhidraScript) tflite_analyzer.py>     [DEBUG]     3. pbVar8(x0)  
2025-09-08 02:18:23 INFO  (GhidraScript) tflite_analyzer.py>     [DEBUG] ---------------------------------  
2025-09-08 02:18:23 INFO  (GhidraScript) tflite_analyzer.py> <<< Finished analyzing function: main.  
2025-09-08 02:18:23 INFO  (GhidraScript) tflite_analyzer.py> 
--- Initiating Stage 2 Analysis Task #2 (from rule: tainted_return_from_operator<<) ---  
2025-09-08 02:18:23 INFO  (GhidraScript) tflite_analyzer.py> DEBUG: Already analyzed function main with initial taints ('pbVar8(x0)',) (origin: tainted_return_from_operator<<). Skipping.  
2025-09-08 02:18:23 INFO  (GhidraScript) tflite_analyzer.py> 
--- Initiating Stage 2 Analysis Task #3 (from rule: tainted_return_from_operator<<) ---  
2025-09-08 02:18:23 INFO  (GhidraScript) tflite_analyzer.py> DEBUG: Already analyzed function main with initial taints ('pbVar8(x0)',) (origin: tainted_return_from_operator<<). Skipping.  
2025-09-08 02:18:23 INFO  (GhidraScript) tflite_analyzer.py> 
--- Initiating Stage 2 Analysis Task #4 (from rule: tainted_return_from_operator<<) ---  
2025-09-08 02:18:23 INFO  (GhidraScript) tflite_analyzer.py> DEBUG: Already analyzed function main with initial taints ('pbVar8(x0)',) (origin: tainted_return_from_operator<<). Skipping.  
2025-09-08 02:18:23 INFO  (GhidraScript) tflite_analyzer.py> 
--- All Multi-Stage Analysis Tasks Complete. ---  
2025-09-08 02:18:23 INFO  (GhidraScript) tflite_analyzer.py> 
--- Taint Analysis Run Complete ---  
2025-09-08 02:18:23 INFO  (GhidraScript) tflite_analyzer.py> \n--- All Detected Tainted Value Usages (Interprocedural) ---  
2025-09-08 02:18:23 INFO  (GhidraScript) tflite_analyzer.py> Usage #1:  
2025-09-08 02:18:23 INFO  (GhidraScript) tflite_analyzer.py>   Originating Lib Call: ['operator']  
2025-09-08 02:18:23 INFO  (GhidraScript) tflite_analyzer.py>   Found In Function:   operator.new at 00102740  
2025-09-08 02:18:23 INFO  (GhidraScript) tflite_analyzer.py>   Instruction Address: 0010274c  
2025-09-08 02:18:23 INFO  (GhidraScript) tflite_analyzer.py>     PCode Op:             ---  RETURN (const, 0x0, 8) , (register, 0x4000, 8)  
2025-09-08 02:18:23 INFO  (GhidraScript) tflite_analyzer.py>     Usage Type:          RETURN_TAINTED_VALUE  
2025-09-08 02:18:23 INFO  (GhidraScript) tflite_analyzer.py>     Tainted Component:   pvVar1(x0)  
2025-09-08 02:18:23 INFO  (GhidraScript) tflite_analyzer.py> ----------------------------------------  
2025-09-08 02:18:23 INFO  (GhidraScript) tflite_analyzer.py> Usage #2:  
2025-09-08 02:18:23 INFO  (GhidraScript) tflite_analyzer.py>   Originating Lib Call: ['operator']  
2025-09-08 02:18:23 INFO  (GhidraScript) tflite_analyzer.py>   Found In Function:   operator<< at 001027d0  
2025-09-08 02:18:23 INFO  (GhidraScript) tflite_analyzer.py>   Instruction Address: 001027dc  
2025-09-08 02:18:23 INFO  (GhidraScript) tflite_analyzer.py>     PCode Op:             ---  RETURN (const, 0x0, 8) , (register, 0x4000, 8)  
2025-09-08 02:18:23 INFO  (GhidraScript) tflite_analyzer.py>     Usage Type:          RETURN_TAINTED_VALUE  
2025-09-08 02:18:23 INFO  (GhidraScript) tflite_analyzer.py>     Tainted Component:   pbVar1(x0)  
2025-09-08 02:18:23 INFO  (GhidraScript) tflite_analyzer.py> ----------------------------------------  
2025-09-08 02:18:23 INFO  (GhidraScript) tflite_analyzer.py> Usage #3:  
2025-09-08 02:18:23 INFO  (GhidraScript) tflite_analyzer.py>   Originating Lib Call: ['operator']  
2025-09-08 02:18:23 INFO  (GhidraScript) tflite_analyzer.py>   Found In Function:   operator<< at 001027e0  
2025-09-08 02:18:23 INFO  (GhidraScript) tflite_analyzer.py>   Instruction Address: 001027ec  
2025-09-08 02:18:23 INFO  (GhidraScript) tflite_analyzer.py>     PCode Op:             ---  RETURN (const, 0x0, 8) , (register, 0x4000, 8)  
2025-09-08 02:18:23 INFO  (GhidraScript) tflite_analyzer.py>     Usage Type:          RETURN_TAINTED_VALUE  
2025-09-08 02:18:23 INFO  (GhidraScript) tflite_analyzer.py>     Tainted Component:   pbVar1(x0)  
2025-09-08 02:18:23 INFO  (GhidraScript) tflite_analyzer.py> ----------------------------------------  
2025-09-08 02:18:23 INFO  (GhidraScript) tflite_analyzer.py> Usage #4:  
2025-09-08 02:18:23 INFO  (GhidraScript) tflite_analyzer.py>   Originating Lib Call: ['operator']  
2025-09-08 02:18:23 INFO  (GhidraScript) tflite_analyzer.py>   Found In Function:   main at 00102a58  
2025-09-08 02:18:23 INFO  (GhidraScript) tflite_analyzer.py>   Instruction Address: 00102b98  
2025-09-08 02:18:23 INFO  (GhidraScript) tflite_analyzer.py>     PCode Op:            (register, 0x4000, 8) CALL (ram, 0x1027d0, 8) , (register, 0x4000, 8) , (unique, 0x11f80, 8)  
2025-09-08 02:18:23 INFO  (GhidraScript) tflite_analyzer.py>     Usage Type:          TAINTED_ARG_TO_CALL_RECURSION  
2025-09-08 02:18:23 INFO  (GhidraScript) tflite_analyzer.py>     Details:             Recursive call to operator<< (CALL) with taints: param_1(x0).  
2025-09-08 02:18:23 INFO  (GhidraScript) tflite_analyzer.py> ----------------------------------------  
2025-09-08 02:18:23 INFO  (GhidraScript) tflite_analyzer.py> Usage #5:  
2025-09-08 02:18:23 INFO  (GhidraScript) tflite_analyzer.py>   Originating Lib Call: ['operator']  
2025-09-08 02:18:23 INFO  (GhidraScript) tflite_analyzer.py>   Found In Function:   operator<< at 001027d0  
2025-09-08 02:18:23 INFO  (GhidraScript) tflite_analyzer.py>   Instruction Address: 001027dc  
2025-09-08 02:18:23 INFO  (GhidraScript) tflite_analyzer.py>     PCode Op:            (register, 0x4000, 8) CALL (ram, 0x121150, 8) , (register, 0x4000, 8) , (register, 0x4008, 8)  
2025-09-08 02:18:23 INFO  (GhidraScript) tflite_analyzer.py>     Usage Type:          TAINTED_ARG_TO_CALL_RECURSION  
2025-09-08 02:18:23 INFO  (GhidraScript) tflite_analyzer.py>     Details:             Recursive call to operator<< (CALL) with taints: param_1(x0).  
2025-09-08 02:18:23 INFO  (GhidraScript) tflite_analyzer.py> ----------------------------------------  
2025-09-08 02:18:23 INFO  (GhidraScript) tflite_analyzer.py> Usage #6:  
2025-09-08 02:18:23 INFO  (GhidraScript) tflite_analyzer.py>   Originating Lib Call: ['operator']  
2025-09-08 02:18:23 INFO  (GhidraScript) tflite_analyzer.py>   Found In Function:   main at 00102a58  
2025-09-08 02:18:23 INFO  (GhidraScript) tflite_analyzer.py>   Instruction Address: 00102c28  
2025-09-08 02:18:23 INFO  (GhidraScript) tflite_analyzer.py>     PCode Op:             ---  CBRANCH (ram, 0x102c68, 1) , (register, 0x108, 1)  
2025-09-08 02:18:23 INFO  (GhidraScript) tflite_analyzer.py>     Usage Type:          BRANCH_CONDITION_TAINTED  
2025-09-08 02:18:23 INFO  (GhidraScript) tflite_analyzer.py>     Tainted Component:   UNNAMED(tmpZR)  
2025-09-08 02:18:23 INFO  (GhidraScript) tflite_analyzer.py>     Details:             Tainted condition for branch.  
2025-09-08 02:18:23 INFO  (GhidraScript) tflite_analyzer.py> ----------------------------------------  
2025-09-08 02:18:23 INFO  (GhidraScript) tflite_analyzer.py> Usage #7:  
2025-09-08 02:18:23 INFO  (GhidraScript) tflite_analyzer.py>   Originating Lib Call: ['operator']  
2025-09-08 02:18:23 INFO  (GhidraScript) tflite_analyzer.py>   Found In Function:   main at 00102a58  
2025-09-08 02:18:23 INFO  (GhidraScript) tflite_analyzer.py>   Instruction Address: 00102c50  
2025-09-08 02:18:23 INFO  (GhidraScript) tflite_analyzer.py>     PCode Op:            (register, 0x4000, 8) CALL (ram, 0x1027d0, 8) , (register, 0x4000, 8) , (unique, 0x11f80, 8)  
2025-09-08 02:18:23 INFO  (GhidraScript) tflite_analyzer.py>     Usage Type:          TAINTED_ARG_TO_CALL_RECURSION  
2025-09-08 02:18:23 INFO  (GhidraScript) tflite_analyzer.py>     Details:             Recursive call to operator<< (CALL) with taints: param_1(x0).  
2025-09-08 02:18:23 INFO  (GhidraScript) tflite_analyzer.py> ----------------------------------------  
2025-09-08 02:18:23 INFO  (GhidraScript) tflite_analyzer.py> Usage #8:  
2025-09-08 02:18:23 INFO  (GhidraScript) tflite_analyzer.py>   Originating Lib Call: ['operator']  
2025-09-08 02:18:23 INFO  (GhidraScript) tflite_analyzer.py>   Found In Function:   main at 00102a58  
2025-09-08 02:18:23 INFO  (GhidraScript) tflite_analyzer.py>   Instruction Address: 00102d2c  
2025-09-08 02:18:23 INFO  (GhidraScript) tflite_analyzer.py>     PCode Op:             ---  CBRANCH (ram, 0x102ce0, 1) , (unique, 0x1580, 1)  
2025-09-08 02:18:23 INFO  (GhidraScript) tflite_analyzer.py>     Usage Type:          BRANCH_CONDITION_TAINTED  
2025-09-08 02:18:23 INFO  (GhidraScript) tflite_analyzer.py>     Tainted Component:   UNNAMED(UniquePcode[0x1580])  
2025-09-08 02:18:23 INFO  (GhidraScript) tflite_analyzer.py>     Details:             Tainted condition for branch.  
2025-09-08 02:18:23 INFO  (GhidraScript) tflite_analyzer.py> ----------------------------------------  
2025-09-08 02:18:23 INFO  (GhidraScript) tflite_analyzer.py> Usage #9:  
2025-09-08 02:18:23 INFO  (GhidraScript) tflite_analyzer.py>   Originating Lib Call: ['operator']  
2025-09-08 02:18:23 INFO  (GhidraScript) tflite_analyzer.py>   Found In Function:   main at 00102a58  
2025-09-08 02:18:23 INFO  (GhidraScript) tflite_analyzer.py>   Instruction Address: 00102e70  
2025-09-08 02:18:23 INFO  (GhidraScript) tflite_analyzer.py>     PCode Op:             ---  CBRANCH (ram, 0x102ea0, 1) , (register, 0x108, 1)  
2025-09-08 02:18:23 INFO  (GhidraScript) tflite_analyzer.py>     Usage Type:          BRANCH_CONDITION_TAINTED  
2025-09-08 02:18:23 INFO  (GhidraScript) tflite_analyzer.py>     Tainted Component:   UNNAMED(tmpZR)  
2025-09-08 02:18:23 INFO  (GhidraScript) tflite_analyzer.py>     Details:             Tainted condition for branch.  
2025-09-08 02:18:23 INFO  (GhidraScript) tflite_analyzer.py> ----------------------------------------  
2025-09-08 02:18:23 INFO  (GhidraScript) tflite_analyzer.py> Usage #10:  
2025-09-08 02:18:23 INFO  (GhidraScript) tflite_analyzer.py>   Originating Lib Call: ['operator']  
2025-09-08 02:18:23 INFO  (GhidraScript) tflite_analyzer.py>   Found In Function:   main at 00102a58  
2025-09-08 02:18:23 INFO  (GhidraScript) tflite_analyzer.py>   Instruction Address: 00102e88  
2025-09-08 02:18:23 INFO  (GhidraScript) tflite_analyzer.py>     PCode Op:             ---  CBRANCH (ram, 0x102e90, 1) , (unique, 0x1400, 1)  
2025-09-08 02:18:23 INFO  (GhidraScript) tflite_analyzer.py>     Usage Type:          BRANCH_CONDITION_TAINTED  
2025-09-08 02:18:23 INFO  (GhidraScript) tflite_analyzer.py>     Tainted Component:   UNNAMED(UniquePcode[0x1400])  
2025-09-08 02:18:23 INFO  (GhidraScript) tflite_analyzer.py>     Details:             Tainted condition for branch.  
2025-09-08 02:18:23 INFO  (GhidraScript) tflite_analyzer.py> ----------------------------------------  
2025-09-08 02:18:23 INFO  (GhidraScript) tflite_analyzer.py> Usage #11:  
2025-09-08 02:18:23 INFO  (GhidraScript) tflite_analyzer.py>   Originating Lib Call: ['operator']  
2025-09-08 02:18:23 INFO  (GhidraScript) tflite_analyzer.py>   Found In Function:   main at 00102a58  
2025-09-08 02:18:23 INFO  (GhidraScript) tflite_analyzer.py>   Instruction Address: 00102f0c  
2025-09-08 02:18:23 INFO  (GhidraScript) tflite_analyzer.py>     PCode Op:             ---  CBRANCH (ram, 0x10303c, 1) , (register, 0x108, 1)  
2025-09-08 02:18:23 INFO  (GhidraScript) tflite_analyzer.py>     Usage Type:          BRANCH_CONDITION_TAINTED  
2025-09-08 02:18:23 INFO  (GhidraScript) tflite_analyzer.py>     Tainted Component:   UNNAMED(tmpZR)  
2025-09-08 02:18:23 INFO  (GhidraScript) tflite_analyzer.py>     Details:             Tainted condition for branch.  
2025-09-08 02:18:23 INFO  (GhidraScript) tflite_analyzer.py> ----------------------------------------  
2025-09-08 02:18:23 INFO  (GhidraScript) tflite_analyzer.py> Usage #12:  
2025-09-08 02:18:23 INFO  (GhidraScript) tflite_analyzer.py>   Originating Lib Call: tainted_return_from_operator<<  
2025-09-08 02:18:23 INFO  (GhidraScript) tflite_analyzer.py>   Found In Function:   main at 00102a58  
2025-09-08 02:18:23 INFO  (GhidraScript) tflite_analyzer.py>   Instruction Address: 00102b98  
2025-09-08 02:18:23 INFO  (GhidraScript) tflite_analyzer.py>     PCode Op:            (register, 0x4000, 8) CALL (ram, 0x1027d0, 8) , (register, 0x4000, 8) , (unique, 0x11f80, 8)  
2025-09-08 02:18:23 INFO  (GhidraScript) tflite_analyzer.py>     Usage Type:          TAINTED_ARG_TO_CALL_RECURSION  
2025-09-08 02:18:23 INFO  (GhidraScript) tflite_analyzer.py>     Details:             Recursive call to operator<< (CALL) with taints: param_1(x0).  
2025-09-08 02:18:23 INFO  (GhidraScript) tflite_analyzer.py> ----------------------------------------  
2025-09-08 02:18:23 INFO  (GhidraScript) tflite_analyzer.py> Usage #13:  
2025-09-08 02:18:23 INFO  (GhidraScript) tflite_analyzer.py>   Originating Lib Call: tainted_return_from_operator<<  
2025-09-08 02:18:23 INFO  (GhidraScript) tflite_analyzer.py>   Found In Function:   operator<< at 001027d0  
2025-09-08 02:18:23 INFO  (GhidraScript) tflite_analyzer.py>   Instruction Address: 001027dc  
2025-09-08 02:18:23 INFO  (GhidraScript) tflite_analyzer.py>     PCode Op:            (register, 0x4000, 8) CALL (ram, 0x121150, 8) , (register, 0x4000, 8) , (register, 0x4008, 8)  
2025-09-08 02:18:23 INFO  (GhidraScript) tflite_analyzer.py>     Usage Type:          TAINTED_ARG_TO_CALL_RECURSION  
2025-09-08 02:18:23 INFO  (GhidraScript) tflite_analyzer.py>     Details:             Recursive call to operator<< (CALL) with taints: param_1(x0).  
2025-09-08 02:18:23 INFO  (GhidraScript) tflite_analyzer.py> ----------------------------------------  
2025-09-08 02:18:23 INFO  (GhidraScript) tflite_analyzer.py> Usage #14:  
2025-09-08 02:18:23 INFO  (GhidraScript) tflite_analyzer.py>   Originating Lib Call: tainted_return_from_operator<<  
2025-09-08 02:18:23 INFO  (GhidraScript) tflite_analyzer.py>   Found In Function:   main at 00102a58  
2025-09-08 02:18:23 INFO  (GhidraScript) tflite_analyzer.py>   Instruction Address: 00102c28  
2025-09-08 02:18:23 INFO  (GhidraScript) tflite_analyzer.py>     PCode Op:             ---  CBRANCH (ram, 0x102c68, 1) , (register, 0x108, 1)  
2025-09-08 02:18:23 INFO  (GhidraScript) tflite_analyzer.py>     Usage Type:          BRANCH_CONDITION_TAINTED  
2025-09-08 02:18:23 INFO  (GhidraScript) tflite_analyzer.py>     Tainted Component:   UNNAMED(tmpZR)  
2025-09-08 02:18:23 INFO  (GhidraScript) tflite_analyzer.py>     Details:             Tainted condition for branch.  
2025-09-08 02:18:23 INFO  (GhidraScript) tflite_analyzer.py> ----------------------------------------  
2025-09-08 02:18:23 INFO  (GhidraScript) tflite_analyzer.py> Usage #15:  
2025-09-08 02:18:23 INFO  (GhidraScript) tflite_analyzer.py>   Originating Lib Call: tainted_return_from_operator<<  
2025-09-08 02:18:23 INFO  (GhidraScript) tflite_analyzer.py>   Found In Function:   main at 00102a58  
2025-09-08 02:18:23 INFO  (GhidraScript) tflite_analyzer.py>   Instruction Address: 00102c50  
2025-09-08 02:18:23 INFO  (GhidraScript) tflite_analyzer.py>     PCode Op:            (register, 0x4000, 8) CALL (ram, 0x1027d0, 8) , (register, 0x4000, 8) , (unique, 0x11f80, 8)  
2025-09-08 02:18:23 INFO  (GhidraScript) tflite_analyzer.py>     Usage Type:          TAINTED_ARG_TO_CALL_RECURSION  
2025-09-08 02:18:23 INFO  (GhidraScript) tflite_analyzer.py>     Details:             Recursive call to operator<< (CALL) with taints: param_1(x0).  
2025-09-08 02:18:23 INFO  (GhidraScript) tflite_analyzer.py> ----------------------------------------  
2025-09-08 02:18:23 INFO  (GhidraScript) tflite_analyzer.py> Usage #16:  
2025-09-08 02:18:23 INFO  (GhidraScript) tflite_analyzer.py>   Originating Lib Call: tainted_return_from_operator<<  
2025-09-08 02:18:23 INFO  (GhidraScript) tflite_analyzer.py>   Found In Function:   main at 00102a58  
2025-09-08 02:18:23 INFO  (GhidraScript) tflite_analyzer.py>   Instruction Address: 00102d2c  
2025-09-08 02:18:23 INFO  (GhidraScript) tflite_analyzer.py>     PCode Op:             ---  CBRANCH (ram, 0x102ce0, 1) , (unique, 0x1580, 1)  
2025-09-08 02:18:23 INFO  (GhidraScript) tflite_analyzer.py>     Usage Type:          BRANCH_CONDITION_TAINTED  
2025-09-08 02:18:23 INFO  (GhidraScript) tflite_analyzer.py>     Tainted Component:   UNNAMED(UniquePcode[0x1580])  
2025-09-08 02:18:23 INFO  (GhidraScript) tflite_analyzer.py>     Details:             Tainted condition for branch.  
2025-09-08 02:18:23 INFO  (GhidraScript) tflite_analyzer.py> ----------------------------------------  
2025-09-08 02:18:23 INFO  (GhidraScript) tflite_analyzer.py> Usage #17:  
2025-09-08 02:18:23 INFO  (GhidraScript) tflite_analyzer.py>   Originating Lib Call: tainted_return_from_operator<<  
2025-09-08 02:18:23 INFO  (GhidraScript) tflite_analyzer.py>   Found In Function:   main at 00102a58  
2025-09-08 02:18:23 INFO  (GhidraScript) tflite_analyzer.py>   Instruction Address: 00102e70  
2025-09-08 02:18:23 INFO  (GhidraScript) tflite_analyzer.py>     PCode Op:             ---  CBRANCH (ram, 0x102ea0, 1) , (register, 0x108, 1)  
2025-09-08 02:18:23 INFO  (GhidraScript) tflite_analyzer.py>     Usage Type:          BRANCH_CONDITION_TAINTED  
2025-09-08 02:18:23 INFO  (GhidraScript) tflite_analyzer.py>     Tainted Component:   UNNAMED(tmpZR)  
2025-09-08 02:18:23 INFO  (GhidraScript) tflite_analyzer.py>     Details:             Tainted condition for branch.  
2025-09-08 02:18:23 INFO  (GhidraScript) tflite_analyzer.py> ----------------------------------------  
2025-09-08 02:18:23 INFO  (GhidraScript) tflite_analyzer.py> Usage #18:  
2025-09-08 02:18:23 INFO  (GhidraScript) tflite_analyzer.py>   Originating Lib Call: tainted_return_from_operator<<  
2025-09-08 02:18:23 INFO  (GhidraScript) tflite_analyzer.py>   Found In Function:   main at 00102a58  
2025-09-08 02:18:23 INFO  (GhidraScript) tflite_analyzer.py>   Instruction Address: 00102e88  
2025-09-08 02:18:23 INFO  (GhidraScript) tflite_analyzer.py>     PCode Op:             ---  CBRANCH (ram, 0x102e90, 1) , (unique, 0x1400, 1)  
2025-09-08 02:18:23 INFO  (GhidraScript) tflite_analyzer.py>     Usage Type:          BRANCH_CONDITION_TAINTED  
2025-09-08 02:18:23 INFO  (GhidraScript) tflite_analyzer.py>     Tainted Component:   UNNAMED(UniquePcode[0x1400])  
2025-09-08 02:18:23 INFO  (GhidraScript) tflite_analyzer.py>     Details:             Tainted condition for branch.  
2025-09-08 02:18:23 INFO  (GhidraScript) tflite_analyzer.py> ----------------------------------------  
2025-09-08 02:18:23 INFO  (GhidraScript) tflite_analyzer.py> Usage #19:  
2025-09-08 02:18:23 INFO  (GhidraScript) tflite_analyzer.py>   Originating Lib Call: tainted_return_from_operator<<  
2025-09-08 02:18:23 INFO  (GhidraScript) tflite_analyzer.py>   Found In Function:   main at 00102a58  
2025-09-08 02:18:23 INFO  (GhidraScript) tflite_analyzer.py>   Instruction Address: 00102f0c  
2025-09-08 02:18:23 INFO  (GhidraScript) tflite_analyzer.py>     PCode Op:             ---  CBRANCH (ram, 0x10303c, 1) , (register, 0x108, 1)  
2025-09-08 02:18:23 INFO  (GhidraScript) tflite_analyzer.py>     Usage Type:          BRANCH_CONDITION_TAINTED  
2025-09-08 02:18:23 INFO  (GhidraScript) tflite_analyzer.py>     Tainted Component:   UNNAMED(tmpZR)  
2025-09-08 02:18:23 INFO  (GhidraScript) tflite_analyzer.py>     Details:             Tainted condition for branch.  
2025-09-08 02:18:23 INFO  (GhidraScript) tflite_analyzer.py> ----------------------------------------  
2025-09-08 02:18:23 INFO  (GhidraScript) tflite_analyzer.py> INFO: TAINT_ANALYSIS_JSON_OUTPUT env var found. Saving results to: /Users/chenkexin/Desktop/kk/test_taint/results/mnist_tflite_gcc_O0_taint_analysis_results.json  
2025-09-08 02:18:23 INFO  (GhidraScript) tflite_analyzer.py> Taint analysis results saved to: /Users/chenkexin/Desktop/kk/test_taint/results/mnist_tflite_gcc_O0_taint_analysis_results.json  
2025-09-08 02:18:23 INFO  (GhidraScript) tflite_analyzer.py> SUCCESS: Hook configuration saved to: /Users/chenkexin/Desktop/kk/test_taint/results/mnist_tflite_gcc_O0_hook_config.json  
2025-09-08 02:18:23 INFO  (GhidraScript) tflite_analyzer.py> TFLite Taint Analyzer finished.  
2025-09-08 02:18:23 INFO  (HeadlessAnalyzer) ANALYZING changes made by post scripts: file:///Users/chenkexin/Desktop/kk/test_taint/assets/merged_bin/mnist_tflite_gcc_O0  
2025-09-08 02:18:23 INFO  (HeadlessAnalyzer) REPORT: Post-analysis succeeded for file: file:///Users/chenkexin/Desktop/kk/test_taint/assets/merged_bin/mnist_tflite_gcc_O0  
2025-09-08 02:18:23 INFO  (HeadlessAnalyzer) REPORT: Save succeeded for: /mnist_tflite_gcc_O0 (all_binaries_analysis:/mnist_tflite_gcc_O0)  
2025-09-08 02:18:23 INFO  (HeadlessAnalyzer) REPORT: Import succeeded  
2025-09-08 02:18:23 DEBUG (DefaultProjectData) Closing ProjectData: /Users/chenkexin/Desktop/kk/test_taint/ghidra_projects/all_binaries_analysis.rep  
2025-09-08 02:18:23 DEBUG (DefaultProjectData) Disposing ProjectData: /Users/chenkexin/Desktop/kk/test_taint/ghidra_projects/all_binaries_analysis.rep  
