2025-09-08 02:17:13 INFO  (LoggingInitialization) Using log config file: jar:file:/Applications/ghidra_11.0.3_PUBLIC/Ghidra/Framework/Generic/lib/Generic.jar!/generic.log4j.xml  
2025-09-08 02:17:13 INFO  (LoggingInitialization) Using log file: /Users/chenkexin/Desktop/kk/test_taint/logs/mnist_onnxruntime_gcc_O0_headless_analysis.log  
2025-09-08 02:17:13 INFO  (Preferences) Loading user preferences: /Users/chenkexin/.ghidra/.ghidra_11.0.3_PUBLIC/preferences  
2025-09-08 02:17:13 INFO  (Preferences) Loading previous preferences: /Users/chenkexin/.ghidra/.ghidra_10.4_PUBLIC/preferences  
2025-09-08 02:17:13 INFO  (ClassSearcher) Searching for classes...  
2025-09-08 02:17:15 INFO  (ClassSearcher) Class search complete (1403 ms)  
2025-09-08 02:17:15 INFO  (SSLContextInitializer) Initializing SSL Context  
2025-09-08 02:17:15 INFO  (SecureRandomFactory) Initializing Random Number Generator...  
2025-09-08 02:17:15 INFO  (SecureRandomFactory) Random Number Generator initialization complete: NativePRNGNonBlocking  
2025-09-08 02:17:15 INFO  (ApplicationTrustManagerFactory) Trust manager disabled, cacerts have not been set  
2025-09-08 02:17:15 INFO  (HeadlessAnalyzer) HEADLESS Script Paths:
    /Applications/ghidra_11.0.3_PUBLIC/Ghidra/Processors/8051/ghidra_scripts
    /Applications/ghidra_11.0.3_PUBLIC/Ghidra/Features/FileFormats/ghidra_scripts
    /Applications/ghidra_11.0.3_PUBLIC/Ghidra/Features/Base/ghidra_scripts
    /Applications/ghidra_11.0.3_PUBLIC/Ghidra/Features/Python/ghidra_scripts
    /Applications/ghidra_11.0.3_PUBLIC/Ghidra/Features/GnuDemangler/ghidra_scripts
    /Applications/ghidra_11.0.3_PUBLIC/Ghidra/Features/SystemEmulation/ghidra_scripts
    /Applications/ghidra_11.0.3_PUBLIC/Ghidra/Features/MicrosoftCodeAnalyzer/ghidra_scripts
    /Applications/ghidra_11.0.3_PUBLIC/Ghidra/Features/BytePatterns/ghidra_scripts
    /Applications/ghidra_11.0.3_PUBLIC/Ghidra/Features/Decompiler/ghidra_scripts
    /Applications/ghidra_11.0.3_PUBLIC/Ghidra/Processors/Atmel/ghidra_scripts
    /Applications/ghidra_11.0.3_PUBLIC/Ghidra/Debug/Debugger-agent-frida/ghidra_scripts
    /Applications/ghidra_11.0.3_PUBLIC/Ghidra/Features/FunctionID/ghidra_scripts
    /Applications/ghidra_11.0.3_PUBLIC/Ghidra/Processors/JVM/ghidra_scripts
    /Applications/ghidra_11.0.3_PUBLIC/Ghidra/Processors/PIC/ghidra_scripts
    /Applications/ghidra_11.0.3_PUBLIC/Ghidra/Features/BSim/ghidra_scripts
    /Applications/ghidra_11.0.3_PUBLIC/Ghidra/Features/PDB/ghidra_scripts
    /Applications/ghidra_11.0.3_PUBLIC/Ghidra/Processors/DATA/ghidra_scripts
    /Users/chenkexin/ghidra_scripts
    /Users/chenkexin/Desktop/kk/test_taint
    /Applications/ghidra_11.0.3_PUBLIC/Ghidra/Debug/Debugger-agent-dbgmodel-traceloader/ghidra_scripts
    /Applications/ghidra_11.0.3_PUBLIC/Ghidra/Debug/Debugger-rmi-trace/ghidra_scripts
    /Applications/ghidra_11.0.3_PUBLIC/Ghidra/Features/VersionTracking/ghidra_scripts
    /Applications/ghidra_11.0.3_PUBLIC/Ghidra/Debug/Debugger/ghidra_scripts  
2025-09-08 02:17:15 INFO  (HeadlessAnalyzer) HEADLESS: execution starts  
2025-09-08 02:17:15 INFO  (HeadlessAnalyzer) Opening existing project: /Users/chenkexin/Desktop/kk/test_taint/ghidra_projects/all_binaries_analysis  
2025-09-08 02:17:16 INFO  (HeadlessProject) Opening project: /Users/chenkexin/Desktop/kk/test_taint/ghidra_projects/all_binaries_analysis  
2025-09-08 02:17:16 INFO  (HeadlessAnalyzer) REPORT: Processing input files:   
2025-09-08 02:17:16 INFO  (HeadlessAnalyzer)      project: /Users/chenkexin/Desktop/kk/test_taint/ghidra_projects/all_binaries_analysis  
2025-09-08 02:17:16 INFO  (HeadlessAnalyzer) IMPORTING: file:///Users/chenkexin/Desktop/kk/test_taint/assets/merged_bin/mnist_onnxruntime_gcc_O0  
2025-09-08 02:17:18 INFO  (AutoImporter) Using Loader: Executable and Linking Format (ELF)  
2025-09-08 02:17:18 INFO  (AutoImporter) Using Language/Compiler: AARCH64:LE:64:v8A:default  
2025-09-08 02:17:18 DEBUG (ElfHeader) Elf symbol table section .dynsym linked to string table section .dynstr  
2025-09-08 02:17:18 DEBUG (ElfHeader) Elf symbol table section .symtab linked to string table section .strtab  
2025-09-08 02:17:18 DEBUG (ElfHeader) Elf relocation table section .rela.dyn linked to symbol table section .dynsym affecting PT_LOAD  
2025-09-08 02:17:18 DEBUG (ElfHeader) Elf relocation table section .rela.plt linked to symbol table section .dynsym affecting .got  
2025-09-08 02:17:18 DEBUG (ElfProgramBuilder) Discarding 1-byte alignment/filler segment_2.3 at 00100253  
2025-09-08 02:17:18 DEBUG (ElfProgramBuilder) Discarding 4-byte alignment/filler segment_2.7 at 001002bc  
2025-09-08 02:17:18 DEBUG (ElfProgramBuilder) Discarding 2-byte alignment/filler segment_2.11 at 0010116e  
2025-09-08 02:17:18 DEBUG (ElfProgramBuilder) Discarding 32-byte alignment/filler segment_2.17 at 00101ba0  
2025-09-08 02:17:18 DEBUG (ElfProgramBuilder) Discarding 3-byte alignment/filler segment_2.21 at 00107c01  
2025-09-08 02:17:20 WARN  (ElfRelocationHandler) EXTERNAL Data Elf Relocation with offset: at 0011fba0 (External Location = _ZTVN10__cxxabiv120__si_class_type_infoE+0x10)  
2025-09-08 02:17:20 INFO  (HeadlessAnalyzer) IMPORTING: Loaded 0 additional files  
2025-09-08 02:17:20 INFO  (HeadlessAnalyzer) ANALYZING all memory and code: file:///Users/chenkexin/Desktop/kk/test_taint/assets/merged_bin/mnist_onnxruntime_gcc_O0  
2025-09-08 02:17:21 ERROR (DWARFAnalyzer) Error during DWARFAnalyzer import:  ghidra.app.util.bin.format.dwarf4.DWARFException: Only DWARF version 2, 3, or 4 information is currently supported (detected 5).
	at ghidra.app.util.bin.format.dwarf4.DWARFCompilationUnit.readCompilationUnit(DWARFCompilationUnit.java:155)
	at ghidra.app.util.bin.format.dwarf4.next.DWARFProgram.bootstrapCompilationUnits(DWARFProgram.java:629)
	at ghidra.app.util.bin.format.dwarf4.next.DWARFProgram.<init>(DWARFProgram.java:262)
	at ghidra.app.plugin.core.analysis.DWARFAnalyzer.added(DWARFAnalyzer.java:109)
	at ghidra.app.plugin.core.analysis.AnalysisScheduler.runAnalyzer(AnalysisScheduler.java:186)
	at ghidra.app.plugin.core.analysis.AnalysisTask.applyTo(AnalysisTask.java:39)
	at ghidra.app.plugin.core.analysis.AutoAnalysisManager$AnalysisTaskWrapper.run(AutoAnalysisManager.java:686)
	at ghidra.app.plugin.core.analysis.AutoAnalysisManager.startAnalysis(AutoAnalysisManager.java:786)
	at ghidra.app.plugin.core.analysis.AutoAnalysisManager.startAnalysis(AutoAnalysisManager.java:665)
	at ghidra.app.plugin.core.analysis.AutoAnalysisManager.startAnalysis(AutoAnalysisManager.java:630)
	at ghidra.app.util.headless.HeadlessAnalyzer.analyzeProgram(HeadlessAnalyzer.java:1029)
	at ghidra.app.util.headless.HeadlessAnalyzer.processFileWithImport(HeadlessAnalyzer.java:1552)
	at ghidra.app.util.headless.HeadlessAnalyzer.processWithLoader(HeadlessAnalyzer.java:1734)
	at ghidra.app.util.headless.HeadlessAnalyzer.processWithImport(HeadlessAnalyzer.java:1675)
	at ghidra.app.util.headless.HeadlessAnalyzer.processWithImport(HeadlessAnalyzer.java:1759)
	at ghidra.app.util.headless.HeadlessAnalyzer.processLocal(HeadlessAnalyzer.java:460)
	at ghidra.app.util.headless.AnalyzeHeadless.launch(AnalyzeHeadless.java:127)
	at ghidra.GhidraLauncher.launch(GhidraLauncher.java:78)
	at ghidra.Ghidra.main(Ghidra.java:54)
 
2025-09-08 02:17:24 INFO  (PackedDatabaseCache) Packed database cache: /var/folders/kn/fw_2jn054bq5f73czrm_91nc0000gn/T/chenkexin-Ghidra/packed-db-cache  
2025-09-08 02:17:24 DEBUG (PackedDatabaseCache) Using cached packed database: /Applications/ghidra_11.0.3_PUBLIC/Ghidra/Features/Base/data/typeinfo/generic/generic_clib_64.gdt  
2025-09-08 02:17:26 INFO  (ApplyDataArchiveAnalyzer) Applied data type archive: generic_clib_64  
2025-09-08 02:17:26 WARN  (DemangledAddressTable) Unable to fully apply external demangled Address Table at 00121030: std::exception::typeinfo  
2025-09-08 02:17:26 WARN  (DemangledAddressTable) Unable to fully apply external demangled Address Table at 001210f8: std::exception::vtable  
2025-09-08 02:17:26 WARN  (DemangledAddressTable) Unable to fully apply external demangled Address Table at 00121168: __cxxabiv1::__si_class_type_info::vtable  
2025-09-08 02:17:29 INFO  (AutoAnalysisManager) -----------------------------------------------------
    AARCH64 ELF PLT Thunks                     0.230 secs
    ASCII Strings                              0.348 secs
    Apply Data Archives                        1.299 secs
    Basic Constant Reference Analyzer          1.084 secs
    Call Convention ID                         0.919 secs
    Call-Fixup Installer                       0.032 secs
    Create Address Tables                      0.039 secs
    Create Address Tables - One Time           0.026 secs
    Create Function                            0.000 secs
    DWARF                                      0.133 secs
    Data Reference                             0.033 secs
    Decompiler Switch Analysis                 0.213 secs
    Demangler GNU                              0.870 secs
    Disassemble Entry Points                   0.176 secs
    Embedded Media                             0.020 secs
    External Entry References                  0.003 secs
    Function Start Search                      0.107 secs
    Function Start Search After Code           0.070 secs
    Function Start Search After Data           0.024 secs
    Function Start Search delayed - One Time   0.004 secs
    GCC Exception Handlers                     1.834 secs
    Non-Returning Functions - Discovered       0.035 secs
    Non-Returning Functions - Known            0.021 secs
    Reference                                  0.111 secs
    Shared Return Calls                        0.065 secs
    Stack                                      0.981 secs
    Subroutine References                      0.050 secs
-----------------------------------------------------
     Total Time   8 secs
-----------------------------------------------------
  
2025-09-08 02:17:29 INFO  (HeadlessAnalyzer) REPORT: Analysis succeeded for file: file:///Users/chenkexin/Desktop/kk/test_taint/assets/merged_bin/mnist_onnxruntime_gcc_O0  
2025-09-08 02:17:29 INFO  (HeadlessAnalyzer) SCRIPT: /Users/chenkexin/Desktop/kk/test_taint/onnxruntime_analyzer.py  
2025-09-08 02:17:33 INFO  (GhidraScript) onnxruntime_analyzer.py> INFO: Searching for functions, thunks, and call sites related to keywords: ['GetTensorData']  
2025-09-08 02:17:33 INFO  (GhidraScript) onnxruntime_analyzer.py> WARN: No external function found with keywords '['GetTensorData']'. Trying all functions...  
2025-09-08 02:17:33 INFO  (GhidraScript) onnxruntime_analyzer.py> INFO: Found function 'GetTensorData<float>'. Searching for its thunks.  
2025-09-08 02:17:33 INFO  (GhidraScript) onnxruntime_analyzer.py> INFO: Found 1 unique call sites. Analyzing each...  
2025-09-08 02:17:33 INFO  (GhidraScript) onnxruntime_analyzer.py> 
--- Starting Stage 1 Taint Analysis from '['GetTensorData']' call sites ---  
2025-09-08 02:17:33 INFO  (GhidraScript) onnxruntime_analyzer.py> 
--- Analyzing Call Site #1057124 at 00102164 ---  
2025-09-08 02:17:33 INFO  (GhidraScript) onnxruntime_analyzer.py> DEBUG: Parent (caller): main at 00101cd8  
2025-09-08 02:17:34 INFO  (GhidraScript) onnxruntime_analyzer.py> 
--- Initiating Taint Analysis for: main (call at 00102164) ---  
2025-09-08 02:17:34 INFO  (GhidraScript) onnxruntime_analyzer.py> DEBUG: Taint source is the return value of the call: local_270(StackDirect[Stack[-0x270]])  
2025-09-08 02:17:34 INFO  (GhidraScript) onnxruntime_analyzer.py> \n>>> Analyzing function: main (Depth: 0) at 00101cd8 (Originating from: ['GetTensorData']) with initial taints: local_270(StackDirect[Stack[-0x270]])  
2025-09-08 02:17:34 INFO  (GhidraScript) onnxruntime_analyzer.py>   - [STACK_SEARCH.0] Analyzing varnode: (stack, 0xfffffffffffffd90, 8)  
2025-09-08 02:17:34 INFO  (GhidraScript) onnxruntime_analyzer.py>   - [STACK_SEARCH.0] Details: isAddress=0, addr=Stack[-0x270], isStackAddress=1  
2025-09-08 02:17:34 INFO  (GhidraScript) onnxruntime_analyzer.py>   - [STACK_SEARCH.0] SUCCESS (Direct): Varnode is a direct stack address with offset -0x270.  
2025-09-08 02:17:34 INFO  (GhidraScript) onnxruntime_analyzer.py> DEBUG: [STACK_RULE] Proactively tainted stack offset -0x270 from initial HighVar: local_270(StackDirect[Stack[-0x270]])  
2025-09-08 02:17:34 INFO  (GhidraScript) onnxruntime_analyzer.py> DEBUG: [STACK_TAINTS] Initial tainted stack offsets for this function: ['-0x270L']  
2025-09-08 02:17:34 INFO  (GhidraScript) onnxruntime_analyzer.py> \nDEBUG: Reached specified start PcodeOp (register, 0x4000, 8) CALL (ram, 0x10473c, 8) at 00102164 in main, subsequent ops will be processed.  
2025-09-08 02:17:34 INFO  (GhidraScript) onnxruntime_analyzer.py> DEBUG: [LOAD_HANDLER] Checking LOAD op at 001021b0. Address varnode: (register, 0x4000, 8)  
2025-09-08 02:17:34 INFO  (GhidraScript) onnxruntime_analyzer.py>   - [STACK_SEARCH.0] Analyzing varnode: (register, 0x4000, 8)  
2025-09-08 02:17:34 INFO  (GhidraScript) onnxruntime_analyzer.py>   - [STACK_SEARCH.0] Details: isAddress=0, addr=register:00004000, isStackAddress=0  
2025-09-08 02:17:34 INFO  (GhidraScript) onnxruntime_analyzer.py>   - [STACK_SEARCH.0] Def P-Code Op: (register, 0x4000, 8) CAST (unique, 0x1000094b, 8)  
2025-09-08 02:17:34 INFO  (GhidraScript) onnxruntime_analyzer.py>   - [STACK_SEARCH.0] Recursing through CAST...  
2025-09-08 02:17:34 INFO  (GhidraScript) onnxruntime_analyzer.py>   - [STACK_SEARCH.1] Analyzing varnode: (unique, 0x1000094b, 8)  
2025-09-08 02:17:34 INFO  (GhidraScript) onnxruntime_analyzer.py>   - [STACK_SEARCH.1] Details: isAddress=0, addr=unique:1000094b, isStackAddress=0  
2025-09-08 02:17:34 INFO  (GhidraScript) onnxruntime_analyzer.py>   - [STACK_SEARCH.1] Def P-Code Op: (unique, 0x1000094b, 8) CALL (ram, 0x104218, 8) , (unique, 0x11f80, 8) , (const, 0x1, 8)  
2025-09-08 02:17:34 INFO  (GhidraScript) onnxruntime_analyzer.py>   - [STACK_SEARCH.1] Mnemonic 'CALL' is not a handled case. Aborting path.  
2025-09-08 02:17:34 INFO  (GhidraScript) onnxruntime_analyzer.py> DEBUG: [LOAD_HANDLER] POINTER_RULE FAIL: Address varnode plVar14(x0) is not tainted (recursive check).  
2025-09-08 02:17:34 INFO  (GhidraScript) onnxruntime_analyzer.py> DEBUG: [LOAD_HANDLER] REGION_RULE FAIL: Address pointer plVar14(x0) is not in the tainted memory regions set.  
2025-09-08 02:17:34 INFO  (GhidraScript) onnxruntime_analyzer.py> DEBUG: [main @ 001021c4] Taint propagated from local_270(StackDirect[Stack[-0x270]]) to UNNAMED(UniquePcode[0x12480]) via PTRADD.  
2025-09-08 02:17:34 INFO  (GhidraScript) onnxruntime_analyzer.py> \n>>> Analyzing function: vector<float_const*,void> (Depth: 1) at 00104840 (Originating from: ['GetTensorData']) with initial taints: param_2(x2), param_1(x1)  
2025-09-08 02:17:34 INFO  (GhidraScript) onnxruntime_analyzer.py>   - [STACK_SEARCH.0] Analyzing varnode: (register, 0x4010, 8)  
2025-09-08 02:17:34 INFO  (GhidraScript) onnxruntime_analyzer.py>   - [STACK_SEARCH.0] Details: isAddress=0, addr=register:00004010, isStackAddress=0  
2025-09-08 02:17:34 INFO  (GhidraScript) onnxruntime_analyzer.py>   - [STACK_SEARCH.0] No defining p-code op found. Aborting path.  
2025-09-08 02:17:34 INFO  (GhidraScript) onnxruntime_analyzer.py>   - [STACK_SEARCH.0] Analyzing varnode: (register, 0x4008, 8)  
2025-09-08 02:17:34 INFO  (GhidraScript) onnxruntime_analyzer.py>   - [STACK_SEARCH.0] Details: isAddress=0, addr=register:00004008, isStackAddress=0  
2025-09-08 02:17:34 INFO  (GhidraScript) onnxruntime_analyzer.py>   - [STACK_SEARCH.0] No defining p-code op found. Aborting path.  
2025-09-08 02:17:34 INFO  (GhidraScript) onnxruntime_analyzer.py> DEBUG: Starting taint analysis from the beginning of function vector<float_const*,void>.  
2025-09-08 02:17:34 INFO  (GhidraScript) onnxruntime_analyzer.py> \n>>> Analyzing function: _M_range_initialize<float_const*> (Depth: 2) at 001056e4 (Originating from: ['GetTensorData']) with initial taints: param_2(x1)  
2025-09-08 02:17:34 INFO  (GhidraScript) onnxruntime_analyzer.py>   - [STACK_SEARCH.0] Analyzing varnode: (register, 0x4008, 8)  
2025-09-08 02:17:34 INFO  (GhidraScript) onnxruntime_analyzer.py>   - [STACK_SEARCH.0] Details: isAddress=0, addr=register:00004008, isStackAddress=0  
2025-09-08 02:17:34 INFO  (GhidraScript) onnxruntime_analyzer.py>   - [STACK_SEARCH.0] No defining p-code op found. Aborting path.  
2025-09-08 02:17:34 INFO  (GhidraScript) onnxruntime_analyzer.py> DEBUG: Starting taint analysis from the beginning of function _M_range_initialize<float_const*>.  
2025-09-08 02:17:34 INFO  (GhidraScript) onnxruntime_analyzer.py> DEBUG: [_M_range_initialize<float_const*> @ 00105744] Taint propagated from param_2(x1) to UNNAMED(UniquePcode[0x10000087]) via CAST.  
2025-09-08 02:17:34 INFO  (GhidraScript) onnxruntime_analyzer.py> DEBUG: [LOAD_HANDLER] Checking LOAD op at 00105788. Address varnode: (unique, 0x100000a7, 8)  
2025-09-08 02:17:34 INFO  (GhidraScript) onnxruntime_analyzer.py> DEBUG: [LOAD_HANDLER] POINTER_RULE FAIL: Address varnode UNNAMED(UniquePcode[0x100000a7]) is not tainted (recursive check).  
2025-09-08 02:17:34 INFO  (GhidraScript) onnxruntime_analyzer.py> DEBUG: [LOAD_HANDLER] REGION_RULE FAIL: Address pointer UNNAMED(UniquePcode[0x100000a7]) is not in the tainted memory regions set.  
2025-09-08 02:17:34 INFO  (GhidraScript) onnxruntime_analyzer.py> DEBUG: [LOAD_HANDLER] Checking LOAD op at 001057a4. Address varnode: (unique, 0x100000b7, 8)  
2025-09-08 02:17:34 INFO  (GhidraScript) onnxruntime_analyzer.py> DEBUG: [LOAD_HANDLER] POINTER_RULE FAIL: Address varnode UNNAMED(UniquePcode[0x100000b7]) is not tainted (recursive check).  
2025-09-08 02:17:34 INFO  (GhidraScript) onnxruntime_analyzer.py> DEBUG: [LOAD_HANDLER] REGION_RULE FAIL: Address pointer UNNAMED(UniquePcode[0x100000b7]) is not in the tainted memory regions set.  
2025-09-08 02:17:34 INFO  (GhidraScript) onnxruntime_analyzer.py> \n>>> Analyzing function: __uninitialized_copy_a<float_const*,float*,float> (Depth: 3) at 001065d4 (Originating from: ['GetTensorData']) with initial taints: param_1(x0)  
2025-09-08 02:17:34 INFO  (GhidraScript) onnxruntime_analyzer.py>   - [STACK_SEARCH.0] Analyzing varnode: (register, 0x4000, 8)  
2025-09-08 02:17:34 INFO  (GhidraScript) onnxruntime_analyzer.py>   - [STACK_SEARCH.0] Details: isAddress=0, addr=register:00004000, isStackAddress=0  
2025-09-08 02:17:34 INFO  (GhidraScript) onnxruntime_analyzer.py>   - [STACK_SEARCH.0] No defining p-code op found. Aborting path.  
2025-09-08 02:17:34 INFO  (GhidraScript) onnxruntime_analyzer.py> DEBUG: Starting taint analysis from the beginning of function __uninitialized_copy_a<float_const*,float*,float>.  
2025-09-08 02:17:34 INFO  (GhidraScript) onnxruntime_analyzer.py> \n>>> Analyzing function: uninitialized_copy<float_const*,float*> (Depth: 4) at 00106d48 (Originating from: ['GetTensorData']) with initial taints: param_1(x0)  
2025-09-08 02:17:34 INFO  (GhidraScript) onnxruntime_analyzer.py>   - [STACK_SEARCH.0] Analyzing varnode: (register, 0x4000, 8)  
2025-09-08 02:17:34 INFO  (GhidraScript) onnxruntime_analyzer.py>   - [STACK_SEARCH.0] Details: isAddress=0, addr=register:00004000, isStackAddress=0  
2025-09-08 02:17:34 INFO  (GhidraScript) onnxruntime_analyzer.py>   - [STACK_SEARCH.0] No defining p-code op found. Aborting path.  
2025-09-08 02:17:34 INFO  (GhidraScript) onnxruntime_analyzer.py> DEBUG: Starting taint analysis from the beginning of function uninitialized_copy<float_const*,float*>.  
2025-09-08 02:17:34 INFO  (GhidraScript) onnxruntime_analyzer.py> \n>>> Analyzing function: __uninit_copy<float_const*,float*> (Depth: 5) at 001070b4 (Originating from: ['GetTensorData']) with initial taints: param_1(x0)  
2025-09-08 02:17:34 INFO  (GhidraScript) onnxruntime_analyzer.py>   - [STACK_SEARCH.0] Analyzing varnode: (register, 0x4000, 8)  
2025-09-08 02:17:34 INFO  (GhidraScript) onnxruntime_analyzer.py>   - [STACK_SEARCH.0] Details: isAddress=0, addr=register:00004000, isStackAddress=0  
2025-09-08 02:17:34 INFO  (GhidraScript) onnxruntime_analyzer.py>   - [STACK_SEARCH.0] No defining p-code op found. Aborting path.  
2025-09-08 02:17:34 INFO  (GhidraScript) onnxruntime_analyzer.py> DEBUG: Starting taint analysis from the beginning of function __uninit_copy<float_const*,float*>.  
2025-09-08 02:17:34 INFO  (GhidraScript) onnxruntime_analyzer.py> DEBUG: Max recursion depth (5) reached.  
2025-09-08 02:17:34 INFO  (GhidraScript) onnxruntime_analyzer.py> DEBUG: [__uninit_copy<float_const*,float*> @ 001070dc] Analyzing potential tainted RETURN with value: pfVar1(x0) (Tainted: 0)  
2025-09-08 02:17:34 INFO  (GhidraScript) onnxruntime_analyzer.py>     [DEBUG] --- Taint Check Details (RETURN FAILED) ---  
2025-09-08 02:17:34 INFO  (GhidraScript) onnxruntime_analyzer.py>     [DEBUG]   > Return Varnode: (register, 0x4000, 8) (Size: 8, Def: (register, 0x4000, 8) CALL (ram, 0x107238, 8) , (register, 0x4000, 8) , (register, 0x4008, 8) , (register, 0x4010, 8) at 001070d4)  
2025-09-08 02:17:34 INFO  (GhidraScript) onnxruntime_analyzer.py>     [DEBUG]   > Currently Tainted HighVariables in this function:  
2025-09-08 02:17:34 INFO  (GhidraScript) onnxruntime_analyzer.py>     [DEBUG]     1. param_1(x0)  
2025-09-08 02:17:34 INFO  (GhidraScript) onnxruntime_analyzer.py>     [DEBUG] ---------------------------------  
2025-09-08 02:17:34 INFO  (GhidraScript) onnxruntime_analyzer.py> <<< Finished analyzing function: __uninit_copy<float_const*,float*>.  
2025-09-08 02:17:34 INFO  (GhidraScript) onnxruntime_analyzer.py> DEBUG: [uninitialized_copy<float_const*,float*> @ 00106d80] Analyzing potential tainted RETURN with value: pfVar1(x0) (Tainted: 0)  
2025-09-08 02:17:34 INFO  (GhidraScript) onnxruntime_analyzer.py>     [DEBUG] --- Taint Check Details (RETURN FAILED) ---  
2025-09-08 02:17:34 INFO  (GhidraScript) onnxruntime_analyzer.py>     [DEBUG]   > Return Varnode: (register, 0x4000, 8) (Size: 8, Def: (register, 0x4000, 8) CALL (ram, 0x1070b4, 8) , (register, 0x4000, 8) , (register, 0x4008, 8) , (register, 0x4010, 8) at 00106d78)  
2025-09-08 02:17:34 INFO  (GhidraScript) onnxruntime_analyzer.py>     [DEBUG]   > Currently Tainted HighVariables in this function:  
2025-09-08 02:17:34 INFO  (GhidraScript) onnxruntime_analyzer.py>     [DEBUG]     1. param_1(x0)  
2025-09-08 02:17:34 INFO  (GhidraScript) onnxruntime_analyzer.py>     [DEBUG] ---------------------------------  
2025-09-08 02:17:34 INFO  (GhidraScript) onnxruntime_analyzer.py> <<< Finished analyzing function: uninitialized_copy<float_const*,float*>.  
2025-09-08 02:17:34 INFO  (GhidraScript) onnxruntime_analyzer.py> DEBUG: [__uninitialized_copy_a<float_const*,float*,float> @ 00106600] Analyzing potential tainted RETURN with value: pfVar1(x0) (Tainted: 0)  
2025-09-08 02:17:34 INFO  (GhidraScript) onnxruntime_analyzer.py>     [DEBUG] --- Taint Check Details (RETURN FAILED) ---  
2025-09-08 02:17:34 INFO  (GhidraScript) onnxruntime_analyzer.py>     [DEBUG]   > Return Varnode: (register, 0x4000, 8) (Size: 8, Def: (register, 0x4000, 8) CALL (ram, 0x106d48, 8) , (register, 0x4000, 8) , (register, 0x4008, 8) , (register, 0x4010, 8) at 001065f8)  
2025-09-08 02:17:34 INFO  (GhidraScript) onnxruntime_analyzer.py>     [DEBUG]   > Currently Tainted HighVariables in this function:  
2025-09-08 02:17:34 INFO  (GhidraScript) onnxruntime_analyzer.py>     [DEBUG]     1. param_1(x0)  
2025-09-08 02:17:34 INFO  (GhidraScript) onnxruntime_analyzer.py>     [DEBUG] ---------------------------------  
2025-09-08 02:17:34 INFO  (GhidraScript) onnxruntime_analyzer.py> <<< Finished analyzing function: __uninitialized_copy_a<float_const*,float*,float>.  
2025-09-08 02:17:34 INFO  (GhidraScript) onnxruntime_analyzer.py> DEBUG: [CBRANCH] Found defining op for condition: (register, 0x108, 1) INT_NOTEQUAL (unique, 0x3e480, 8) , (const, 0x0, 8)  
2025-09-08 02:17:34 INFO  (GhidraScript) onnxruntime_analyzer.py> INFO: [_M_range_initialize<float_const*> @ 001057ec] Taint reached CBRANCH. Operands: ['UNNAMED(UniquePcode[0x3e480])', 'UnnamedHighVar(Constant: 0x0)'].   
2025-09-08 02:17:34 INFO  (GhidraScript) onnxruntime_analyzer.py> <<< Finished analyzing function: _M_range_initialize<float_const*>.  
2025-09-08 02:17:34 INFO  (GhidraScript) onnxruntime_analyzer.py> DEBUG: [vector<float_const*,void> @ 00104898] Taint propagated from param_2(x2) to UNNAMED(w2) via SUBPIECE.  
2025-09-08 02:17:34 INFO  (GhidraScript) onnxruntime_analyzer.py> DEBUG: [CBRANCH] Found defining op for condition: (register, 0x108, 1) INT_NOTEQUAL (unique, 0x3e480, 8) , (const, 0x0, 8)  
2025-09-08 02:17:34 INFO  (GhidraScript) onnxruntime_analyzer.py> INFO: [vector<float_const*,void> @ 001048f0] Taint reached CBRANCH. Operands: ['UNNAMED(UniquePcode[0x3e480])', 'UnnamedHighVar(Constant: 0x0)'].   
2025-09-08 02:17:34 INFO  (GhidraScript) onnxruntime_analyzer.py> <<< Finished analyzing function: vector<float_const*,void>.  
2025-09-08 02:17:34 INFO  (GhidraScript) onnxruntime_analyzer.py> DEBUG: [LOAD_HANDLER] Checking LOAD op at 00102270. Address varnode: (register, 0x4000, 8)  
2025-09-08 02:17:34 INFO  (GhidraScript) onnxruntime_analyzer.py>   - [STACK_SEARCH.0] Analyzing varnode: (register, 0x4000, 8)  
2025-09-08 02:17:34 INFO  (GhidraScript) onnxruntime_analyzer.py>   - [STACK_SEARCH.0] Details: isAddress=0, addr=register:00004000, isStackAddress=0  
2025-09-08 02:17:34 INFO  (GhidraScript) onnxruntime_analyzer.py>   - [STACK_SEARCH.0] Def P-Code Op: (register, 0x4000, 8) CAST (unique, 0x1000098b, 8)  
2025-09-08 02:17:34 INFO  (GhidraScript) onnxruntime_analyzer.py>   - [STACK_SEARCH.0] Recursing through CAST...  
2025-09-08 02:17:34 INFO  (GhidraScript) onnxruntime_analyzer.py>   - [STACK_SEARCH.1] Analyzing varnode: (unique, 0x1000098b, 8)  
2025-09-08 02:17:34 INFO  (GhidraScript) onnxruntime_analyzer.py>   - [STACK_SEARCH.1] Details: isAddress=0, addr=unique:1000098b, isStackAddress=0  
2025-09-08 02:17:34 INFO  (GhidraScript) onnxruntime_analyzer.py>   - [STACK_SEARCH.1] Def P-Code Op: (unique, 0x1000098b, 8) CALL (ram, 0x104a10, 8) , (unique, 0x10000983, 8)  
2025-09-08 02:17:34 INFO  (GhidraScript) onnxruntime_analyzer.py>   - [STACK_SEARCH.1] Mnemonic 'CALL' is not a handled case. Aborting path.  
2025-09-08 02:17:34 INFO  (GhidraScript) onnxruntime_analyzer.py> DEBUG: [LOAD_HANDLER] POINTER_RULE FAIL: Address varnode pfVar15(x0) is not tainted (recursive check).  
2025-09-08 02:17:34 INFO  (GhidraScript) onnxruntime_analyzer.py> DEBUG: [LOAD_HANDLER] REGION_RULE FAIL: Address pointer pfVar15(x0) is not in the tainted memory regions set.  
2025-09-08 02:17:34 INFO  (GhidraScript) onnxruntime_analyzer.py> DEBUG: [CBRANCH] Found defining op for condition: (register, 0x108, 1) INT_NOTEQUAL (stack, 0xfffffffffffffda0, 8) , (const, 0x7, 8)  
2025-09-08 02:17:34 INFO  (GhidraScript) onnxruntime_analyzer.py> INFO: [main @ 00102298] Taint reached CBRANCH. Operands: ['local_260(StackDirect[Stack[-0x260]])', 'UnnamedHighVar(Constant: 0x7)'].   
2025-09-08 02:17:34 INFO  (GhidraScript) onnxruntime_analyzer.py> DEBUG: [CBRANCH] Found defining op for condition: (unique, 0x1400, 1) FLOAT_LESSEQUAL (register, 0x5000, 4) , (const, 0x3f333333, 4)  
2025-09-08 02:17:34 INFO  (GhidraScript) onnxruntime_analyzer.py> INFO: [main @ 001022b0] Taint reached CBRANCH. Operands: ['UNNAMED(s0)', 'UnnamedHighVar(Constant: 0x3f333333)'].   
2025-09-08 02:17:34 INFO  (GhidraScript) onnxruntime_analyzer.py> DEBUG: [CBRANCH] Found defining op for condition: (register, 0x108, 1) INT_NOTEQUAL (unique, 0x3e480, 8) , (const, 0x0, 8)  
2025-09-08 02:17:34 INFO  (GhidraScript) onnxruntime_analyzer.py> INFO: [main @ 00102374] Taint reached CBRANCH. Operands: ['UNNAMED(UniquePcode[0x3e480])', 'UnnamedHighVar(Constant: 0x0)'].   
2025-09-08 02:17:34 INFO  (GhidraScript) onnxruntime_analyzer.py> DEBUG: [main @ 00102588] Analyzing potential tainted RETURN with value: UNNAMED(x0) (Tainted: 0)  
2025-09-08 02:17:34 INFO  (GhidraScript) onnxruntime_analyzer.py>     [DEBUG] --- Taint Check Details (RETURN FAILED) ---  
2025-09-08 02:17:34 INFO  (GhidraScript) onnxruntime_analyzer.py>     [DEBUG]   > Return Varnode: (register, 0x4000, 8) (Size: 8, Def: (register, 0x4000, 8) COPY (register, 0x4098, 8) at 0010256c)  
2025-09-08 02:17:34 INFO  (GhidraScript) onnxruntime_analyzer.py>     [DEBUG]   > Currently Tainted HighVariables in this function:  
2025-09-08 02:17:34 INFO  (GhidraScript) onnxruntime_analyzer.py>     [DEBUG]     1. UNNAMED(UniquePcode[0x12480])  
2025-09-08 02:17:34 INFO  (GhidraScript) onnxruntime_analyzer.py>     [DEBUG]     2. local_270(StackDirect[Stack[-0x270]])  
2025-09-08 02:17:34 INFO  (GhidraScript) onnxruntime_analyzer.py>     [DEBUG] ---------------------------------  
2025-09-08 02:17:34 INFO  (GhidraScript) onnxruntime_analyzer.py> <<< Finished analyzing function: main.  
2025-09-08 02:17:34 INFO  (GhidraScript) onnxruntime_analyzer.py> 
--- Stage 1 Complete. Checking for pending multi-stage analysis tasks... ---  
2025-09-08 02:17:34 INFO  (GhidraScript) onnxruntime_analyzer.py> --- No multi-stage analysis tasks were queued. ---  
2025-09-08 02:17:34 INFO  (GhidraScript) onnxruntime_analyzer.py> 
--- Taint Analysis Run Complete ---  
2025-09-08 02:17:34 INFO  (GhidraScript) onnxruntime_analyzer.py> \n--- All Detected Tainted Value Usages (Interprocedural) ---  
2025-09-08 02:17:34 INFO  (GhidraScript) onnxruntime_analyzer.py> Usage #1:  
2025-09-08 02:17:34 INFO  (GhidraScript) onnxruntime_analyzer.py>   Originating Lib Call: ['GetTensorData']  
2025-09-08 02:17:34 INFO  (GhidraScript) onnxruntime_analyzer.py>   Found In Function:   main at 00101cd8  
2025-09-08 02:17:34 INFO  (GhidraScript) onnxruntime_analyzer.py>   Instruction Address: 001021ec  
2025-09-08 02:17:34 INFO  (GhidraScript) onnxruntime_analyzer.py>     PCode Op:             ---  CALL (ram, 0x104840, 8) , (unique, 0x10000953, 8) , (stack, 0xfffffffffffffd90, 8) , (unique, 0x12480, 8) , (unique, 0x1000095b, 8)  
2025-09-08 02:17:34 INFO  (GhidraScript) onnxruntime_analyzer.py>     Usage Type:          TAINTED_ARG_TO_CALL_RECURSION  
2025-09-08 02:17:34 INFO  (GhidraScript) onnxruntime_analyzer.py>     Details:             Recursive call to vector<float_const*,void> (CALL) with taints: param_2(x2), param_1(x1).  
2025-09-08 02:17:34 INFO  (GhidraScript) onnxruntime_analyzer.py> ----------------------------------------  
2025-09-08 02:17:34 INFO  (GhidraScript) onnxruntime_analyzer.py> Usage #2:  
2025-09-08 02:17:34 INFO  (GhidraScript) onnxruntime_analyzer.py>   Originating Lib Call: ['GetTensorData']  
2025-09-08 02:17:34 INFO  (GhidraScript) onnxruntime_analyzer.py>   Found In Function:   vector<float_const*,void> at 00104840  
2025-09-08 02:17:34 INFO  (GhidraScript) onnxruntime_analyzer.py>   Instruction Address: 00104898  
2025-09-08 02:17:34 INFO  (GhidraScript) onnxruntime_analyzer.py>     PCode Op:             ---  CALL (ram, 0x1056e4, 8) , (unique, 0x10000044, 8) , (register, 0x4008, 8) , (register, 0x4010, 4)  
2025-09-08 02:17:34 INFO  (GhidraScript) onnxruntime_analyzer.py>     Usage Type:          TAINTED_ARG_TO_CALL_RECURSION  
2025-09-08 02:17:34 INFO  (GhidraScript) onnxruntime_analyzer.py>     Details:             Recursive call to _M_range_initialize<float_const*> (CALL) with taints: param_2(x1).  
2025-09-08 02:17:34 INFO  (GhidraScript) onnxruntime_analyzer.py> ----------------------------------------  
2025-09-08 02:17:34 INFO  (GhidraScript) onnxruntime_analyzer.py> Usage #3:  
2025-09-08 02:17:34 INFO  (GhidraScript) onnxruntime_analyzer.py>   Originating Lib Call: ['GetTensorData']  
2025-09-08 02:17:34 INFO  (GhidraScript) onnxruntime_analyzer.py>   Found In Function:   _M_range_initialize<float_const*> at 001056e4  
2025-09-08 02:17:34 INFO  (GhidraScript) onnxruntime_analyzer.py>   Instruction Address: 001057c0  
2025-09-08 02:17:34 INFO  (GhidraScript) onnxruntime_analyzer.py>     PCode Op:            (register, 0x4000, 8) CALL (ram, 0x1065d4, 8) , (register, 0x4008, 8) , (register, 0x4010, 8) , (register, 0x4098, 8) , (register, 0x4000, 8)  
2025-09-08 02:17:34 INFO  (GhidraScript) onnxruntime_analyzer.py>     Usage Type:          TAINTED_ARG_TO_CALL_RECURSION  
2025-09-08 02:17:34 INFO  (GhidraScript) onnxruntime_analyzer.py>     Details:             Recursive call to __uninitialized_copy_a<float_const*,float*,float> (CALL) with taints: param_1(x0).  
2025-09-08 02:17:34 INFO  (GhidraScript) onnxruntime_analyzer.py> ----------------------------------------  
2025-09-08 02:17:34 INFO  (GhidraScript) onnxruntime_analyzer.py> Usage #4:  
2025-09-08 02:17:34 INFO  (GhidraScript) onnxruntime_analyzer.py>   Originating Lib Call: ['GetTensorData']  
2025-09-08 02:17:34 INFO  (GhidraScript) onnxruntime_analyzer.py>   Found In Function:   __uninitialized_copy_a<float_const*,float*,float> at 001065d4  
2025-09-08 02:17:34 INFO  (GhidraScript) onnxruntime_analyzer.py>   Instruction Address: 001065f8  
2025-09-08 02:17:34 INFO  (GhidraScript) onnxruntime_analyzer.py>     PCode Op:            (register, 0x4000, 8) CALL (ram, 0x106d48, 8) , (register, 0x4000, 8) , (register, 0x4008, 8) , (register, 0x4010, 8)  
2025-09-08 02:17:34 INFO  (GhidraScript) onnxruntime_analyzer.py>     Usage Type:          TAINTED_ARG_TO_CALL_RECURSION  
2025-09-08 02:17:34 INFO  (GhidraScript) onnxruntime_analyzer.py>     Details:             Recursive call to uninitialized_copy<float_const*,float*> (CALL) with taints: param_1(x0).  
2025-09-08 02:17:34 INFO  (GhidraScript) onnxruntime_analyzer.py> ----------------------------------------  
2025-09-08 02:17:34 INFO  (GhidraScript) onnxruntime_analyzer.py> Usage #5:  
2025-09-08 02:17:34 INFO  (GhidraScript) onnxruntime_analyzer.py>   Originating Lib Call: ['GetTensorData']  
2025-09-08 02:17:34 INFO  (GhidraScript) onnxruntime_analyzer.py>   Found In Function:   uninitialized_copy<float_const*,float*> at 00106d48  
2025-09-08 02:17:34 INFO  (GhidraScript) onnxruntime_analyzer.py>   Instruction Address: 00106d78  
2025-09-08 02:17:34 INFO  (GhidraScript) onnxruntime_analyzer.py>     PCode Op:            (register, 0x4000, 8) CALL (ram, 0x1070b4, 8) , (register, 0x4000, 8) , (register, 0x4008, 8) , (register, 0x4010, 8)  
2025-09-08 02:17:34 INFO  (GhidraScript) onnxruntime_analyzer.py>     Usage Type:          TAINTED_ARG_TO_CALL_RECURSION  
2025-09-08 02:17:34 INFO  (GhidraScript) onnxruntime_analyzer.py>     Details:             Recursive call to __uninit_copy<float_const*,float*> (CALL) with taints: param_1(x0).  
2025-09-08 02:17:34 INFO  (GhidraScript) onnxruntime_analyzer.py> ----------------------------------------  
2025-09-08 02:17:34 INFO  (GhidraScript) onnxruntime_analyzer.py> Usage #6:  
2025-09-08 02:17:34 INFO  (GhidraScript) onnxruntime_analyzer.py>   Originating Lib Call: ['GetTensorData']  
2025-09-08 02:17:34 INFO  (GhidraScript) onnxruntime_analyzer.py>   Found In Function:   __uninit_copy<float_const*,float*> at 001070b4  
2025-09-08 02:17:34 INFO  (GhidraScript) onnxruntime_analyzer.py>   Instruction Address: 001070d4  
2025-09-08 02:17:34 INFO  (GhidraScript) onnxruntime_analyzer.py>     PCode Op:            (register, 0x4000, 8) CALL (ram, 0x107238, 8) , (register, 0x4000, 8) , (register, 0x4008, 8) , (register, 0x4010, 8)  
2025-09-08 02:17:34 INFO  (GhidraScript) onnxruntime_analyzer.py>     Usage Type:          TAINTED_ARG_TO_CALL_RECURSION  
2025-09-08 02:17:34 INFO  (GhidraScript) onnxruntime_analyzer.py>     Details:             Recursive call to copy<float_const*,float*> (CALL) with taints: param_1(x0).  
2025-09-08 02:17:34 INFO  (GhidraScript) onnxruntime_analyzer.py> ----------------------------------------  
2025-09-08 02:17:34 INFO  (GhidraScript) onnxruntime_analyzer.py> Usage #7:  
2025-09-08 02:17:34 INFO  (GhidraScript) onnxruntime_analyzer.py>   Originating Lib Call: ['GetTensorData']  
2025-09-08 02:17:34 INFO  (GhidraScript) onnxruntime_analyzer.py>   Found In Function:   _M_range_initialize<float_const*> at 001056e4  
2025-09-08 02:17:34 INFO  (GhidraScript) onnxruntime_analyzer.py>   Instruction Address: 001057ec  
2025-09-08 02:17:34 INFO  (GhidraScript) onnxruntime_analyzer.py>     PCode Op:             ---  CBRANCH (ram, 0x1057f4, 1) , (register, 0x108, 1)  
2025-09-08 02:17:34 INFO  (GhidraScript) onnxruntime_analyzer.py>     Usage Type:          BRANCH_CONDITION_TAINTED  
2025-09-08 02:17:34 INFO  (GhidraScript) onnxruntime_analyzer.py>     Tainted Component:   UNNAMED(tmpZR)  
2025-09-08 02:17:34 INFO  (GhidraScript) onnxruntime_analyzer.py>     Details:             Tainted condition for branch.  
2025-09-08 02:17:34 INFO  (GhidraScript) onnxruntime_analyzer.py> ----------------------------------------  
2025-09-08 02:17:34 INFO  (GhidraScript) onnxruntime_analyzer.py> Usage #8:  
2025-09-08 02:17:34 INFO  (GhidraScript) onnxruntime_analyzer.py>   Originating Lib Call: ['GetTensorData']  
2025-09-08 02:17:34 INFO  (GhidraScript) onnxruntime_analyzer.py>   Found In Function:   vector<float_const*,void> at 00104840  
2025-09-08 02:17:34 INFO  (GhidraScript) onnxruntime_analyzer.py>   Instruction Address: 001048f0  
2025-09-08 02:17:34 INFO  (GhidraScript) onnxruntime_analyzer.py>     PCode Op:             ---  CBRANCH (ram, 0x1048f8, 1) , (register, 0x108, 1)  
2025-09-08 02:17:34 INFO  (GhidraScript) onnxruntime_analyzer.py>     Usage Type:          BRANCH_CONDITION_TAINTED  
2025-09-08 02:17:34 INFO  (GhidraScript) onnxruntime_analyzer.py>     Tainted Component:   UNNAMED(tmpZR)  
2025-09-08 02:17:34 INFO  (GhidraScript) onnxruntime_analyzer.py>     Details:             Tainted condition for branch.  
2025-09-08 02:17:34 INFO  (GhidraScript) onnxruntime_analyzer.py> ----------------------------------------  
2025-09-08 02:17:34 INFO  (GhidraScript) onnxruntime_analyzer.py> Usage #9:  
2025-09-08 02:17:34 INFO  (GhidraScript) onnxruntime_analyzer.py>   Originating Lib Call: ['GetTensorData']  
2025-09-08 02:17:34 INFO  (GhidraScript) onnxruntime_analyzer.py>   Found In Function:   main at 00101cd8  
2025-09-08 02:17:34 INFO  (GhidraScript) onnxruntime_analyzer.py>   Instruction Address: 00102298  
2025-09-08 02:17:34 INFO  (GhidraScript) onnxruntime_analyzer.py>     PCode Op:             ---  CBRANCH (ram, 0x1022c8, 1) , (register, 0x108, 1)  
2025-09-08 02:17:34 INFO  (GhidraScript) onnxruntime_analyzer.py>     Usage Type:          BRANCH_CONDITION_TAINTED  
2025-09-08 02:17:34 INFO  (GhidraScript) onnxruntime_analyzer.py>     Tainted Component:   UNNAMED(tmpZR)  
2025-09-08 02:17:34 INFO  (GhidraScript) onnxruntime_analyzer.py>     Details:             Tainted condition for branch.  
2025-09-08 02:17:34 INFO  (GhidraScript) onnxruntime_analyzer.py> ----------------------------------------  
2025-09-08 02:17:34 INFO  (GhidraScript) onnxruntime_analyzer.py> Usage #10:  
2025-09-08 02:17:34 INFO  (GhidraScript) onnxruntime_analyzer.py>   Originating Lib Call: ['GetTensorData']  
2025-09-08 02:17:34 INFO  (GhidraScript) onnxruntime_analyzer.py>   Found In Function:   main at 00101cd8  
2025-09-08 02:17:34 INFO  (GhidraScript) onnxruntime_analyzer.py>   Instruction Address: 001022b0  
2025-09-08 02:17:34 INFO  (GhidraScript) onnxruntime_analyzer.py>     PCode Op:             ---  CBRANCH (ram, 0x1022b8, 1) , (unique, 0x1400, 1)  
2025-09-08 02:17:34 INFO  (GhidraScript) onnxruntime_analyzer.py>     Usage Type:          BRANCH_CONDITION_TAINTED  
2025-09-08 02:17:34 INFO  (GhidraScript) onnxruntime_analyzer.py>     Tainted Component:   UNNAMED(UniquePcode[0x1400])  
2025-09-08 02:17:34 INFO  (GhidraScript) onnxruntime_analyzer.py>     Details:             Tainted condition for branch.  
2025-09-08 02:17:34 INFO  (GhidraScript) onnxruntime_analyzer.py> ----------------------------------------  
2025-09-08 02:17:34 INFO  (GhidraScript) onnxruntime_analyzer.py> Usage #11:  
2025-09-08 02:17:34 INFO  (GhidraScript) onnxruntime_analyzer.py>   Originating Lib Call: ['GetTensorData']  
2025-09-08 02:17:34 INFO  (GhidraScript) onnxruntime_analyzer.py>   Found In Function:   main at 00101cd8  
2025-09-08 02:17:34 INFO  (GhidraScript) onnxruntime_analyzer.py>   Instruction Address: 00102374  
2025-09-08 02:17:34 INFO  (GhidraScript) onnxruntime_analyzer.py>     PCode Op:             ---  CBRANCH (ram, 0x10256c, 1) , (register, 0x108, 1)  
2025-09-08 02:17:34 INFO  (GhidraScript) onnxruntime_analyzer.py>     Usage Type:          BRANCH_CONDITION_TAINTED  
2025-09-08 02:17:34 INFO  (GhidraScript) onnxruntime_analyzer.py>     Tainted Component:   UNNAMED(tmpZR)  
2025-09-08 02:17:34 INFO  (GhidraScript) onnxruntime_analyzer.py>     Details:             Tainted condition for branch.  
2025-09-08 02:17:34 INFO  (GhidraScript) onnxruntime_analyzer.py> ----------------------------------------  
2025-09-08 02:17:34 INFO  (GhidraScript) onnxruntime_analyzer.py> INFO: TAINT_ANALYSIS_JSON_OUTPUT env var found. Saving results to: /Users/chenkexin/Desktop/kk/test_taint/results/mnist_onnxruntime_gcc_O0_taint_analysis_results.json  
2025-09-08 02:17:34 INFO  (GhidraScript) onnxruntime_analyzer.py> Taint analysis results saved to: /Users/chenkexin/Desktop/kk/test_taint/results/mnist_onnxruntime_gcc_O0_taint_analysis_results.json  
2025-09-08 02:17:35 INFO  (GhidraScript) onnxruntime_analyzer.py> SUCCESS: Hook configuration saved to: /Users/chenkexin/Desktop/kk/test_taint/results/mnist_onnxruntime_gcc_O0_hook_config.json  
2025-09-08 02:17:35 INFO  (GhidraScript) onnxruntime_analyzer.py> ONNXRuntime Taint Analyzer finished.  
2025-09-08 02:17:35 INFO  (HeadlessAnalyzer) ANALYZING changes made by post scripts: file:///Users/chenkexin/Desktop/kk/test_taint/assets/merged_bin/mnist_onnxruntime_gcc_O0  
2025-09-08 02:17:35 INFO  (HeadlessAnalyzer) REPORT: Post-analysis succeeded for file: file:///Users/chenkexin/Desktop/kk/test_taint/assets/merged_bin/mnist_onnxruntime_gcc_O0  
2025-09-08 02:17:35 INFO  (HeadlessAnalyzer) REPORT: Save succeeded for: /mnist_onnxruntime_gcc_O0 (all_binaries_analysis:/mnist_onnxruntime_gcc_O0)  
2025-09-08 02:17:35 INFO  (HeadlessAnalyzer) REPORT: Import succeeded  
2025-09-08 02:17:35 DEBUG (DefaultProjectData) Closing ProjectData: /Users/chenkexin/Desktop/kk/test_taint/ghidra_projects/all_binaries_analysis.rep  
2025-09-08 02:17:35 DEBUG (DefaultProjectData) Disposing ProjectData: /Users/chenkexin/Desktop/kk/test_taint/ghidra_projects/all_binaries_analysis.rep  
