2025-09-08 02:18:47 INFO  (LoggingInitialization) Using log config file: jar:file:/Applications/ghidra_11.0.3_PUBLIC/Ghidra/Framework/Generic/lib/Generic.jar!/generic.log4j.xml  
2025-09-08 02:18:47 INFO  (LoggingInitialization) Using log file: /Users/chenkexin/Desktop/kk/test_taint/logs/pfld_landmarks_mnn_gcc_O0_headless_analysis.log  
2025-09-08 02:18:47 INFO  (Preferences) Loading user preferences: /Users/chenkexin/.ghidra/.ghidra_11.0.3_PUBLIC/preferences  
2025-09-08 02:18:47 INFO  (Preferences) Loading previous preferences: /Users/chenkexin/.ghidra/.ghidra_10.4_PUBLIC/preferences  
2025-09-08 02:18:47 INFO  (ClassSearcher) Searching for classes...  
2025-09-08 02:18:48 INFO  (ClassSearcher) Class search complete (1461 ms)  
2025-09-08 02:18:48 INFO  (SSLContextInitializer) Initializing SSL Context  
2025-09-08 02:18:48 INFO  (SecureRandomFactory) Initializing Random Number Generator...  
2025-09-08 02:18:48 INFO  (SecureRandomFactory) Random Number Generator initialization complete: NativePRNGNonBlocking  
2025-09-08 02:18:48 INFO  (ApplicationTrustManagerFactory) Trust manager disabled, cacerts have not been set  
2025-09-08 02:18:49 INFO  (HeadlessAnalyzer) HEADLESS Script Paths:
    /Applications/ghidra_11.0.3_PUBLIC/Ghidra/Processors/8051/ghidra_scripts
    /Applications/ghidra_11.0.3_PUBLIC/Ghidra/Features/FileFormats/ghidra_scripts
    /Applications/ghidra_11.0.3_PUBLIC/Ghidra/Features/Base/ghidra_scripts
    /Applications/ghidra_11.0.3_PUBLIC/Ghidra/Features/Python/ghidra_scripts
    /Applications/ghidra_11.0.3_PUBLIC/Ghidra/Features/GnuDemangler/ghidra_scripts
    /Applications/ghidra_11.0.3_PUBLIC/Ghidra/Features/SystemEmulation/ghidra_scripts
    /Applications/ghidra_11.0.3_PUBLIC/Ghidra/Features/MicrosoftCodeAnalyzer/ghidra_scripts
    /Applications/ghidra_11.0.3_PUBLIC/Ghidra/Features/BytePatterns/ghidra_scripts
    /Applications/ghidra_11.0.3_PUBLIC/Ghidra/Features/Decompiler/ghidra_scripts
    /Applications/ghidra_11.0.3_PUBLIC/Ghidra/Processors/Atmel/ghidra_scripts
    /Applications/ghidra_11.0.3_PUBLIC/Ghidra/Debug/Debugger-agent-frida/ghidra_scripts
    /Applications/ghidra_11.0.3_PUBLIC/Ghidra/Features/FunctionID/ghidra_scripts
    /Applications/ghidra_11.0.3_PUBLIC/Ghidra/Processors/JVM/ghidra_scripts
    /Applications/ghidra_11.0.3_PUBLIC/Ghidra/Processors/PIC/ghidra_scripts
    /Applications/ghidra_11.0.3_PUBLIC/Ghidra/Features/BSim/ghidra_scripts
    /Applications/ghidra_11.0.3_PUBLIC/Ghidra/Features/PDB/ghidra_scripts
    /Applications/ghidra_11.0.3_PUBLIC/Ghidra/Processors/DATA/ghidra_scripts
    /Users/chenkexin/ghidra_scripts
    /Users/chenkexin/Desktop/kk/test_taint
    /Applications/ghidra_11.0.3_PUBLIC/Ghidra/Debug/Debugger-agent-dbgmodel-traceloader/ghidra_scripts
    /Applications/ghidra_11.0.3_PUBLIC/Ghidra/Debug/Debugger-rmi-trace/ghidra_scripts
    /Applications/ghidra_11.0.3_PUBLIC/Ghidra/Features/VersionTracking/ghidra_scripts
    /Applications/ghidra_11.0.3_PUBLIC/Ghidra/Debug/Debugger/ghidra_scripts  
2025-09-08 02:18:49 INFO  (HeadlessAnalyzer) HEADLESS: execution starts  
2025-09-08 02:18:49 INFO  (HeadlessAnalyzer) Opening existing project: /Users/chenkexin/Desktop/kk/test_taint/ghidra_projects/all_binaries_analysis  
2025-09-08 02:18:49 INFO  (HeadlessProject) Opening project: /Users/chenkexin/Desktop/kk/test_taint/ghidra_projects/all_binaries_analysis  
2025-09-08 02:18:49 INFO  (HeadlessAnalyzer) REPORT: Processing input files:   
2025-09-08 02:18:49 INFO  (HeadlessAnalyzer)      project: /Users/chenkexin/Desktop/kk/test_taint/ghidra_projects/all_binaries_analysis  
2025-09-08 02:18:49 INFO  (HeadlessAnalyzer) IMPORTING: file:///Users/chenkexin/Desktop/kk/test_taint/assets/merged_bin/pfld_landmarks_mnn_gcc_O0  
2025-09-08 02:18:52 INFO  (AutoImporter) Using Loader: Executable and Linking Format (ELF)  
2025-09-08 02:18:52 INFO  (AutoImporter) Using Language/Compiler: AARCH64:LE:64:v8A:default  
2025-09-08 02:18:52 DEBUG (ElfHeader) Elf symbol table section .dynsym linked to string table section .dynstr  
2025-09-08 02:18:52 DEBUG (ElfHeader) Elf symbol table section .symtab linked to string table section .strtab  
2025-09-08 02:18:52 DEBUG (ElfHeader) Elf relocation table section .rela.dyn linked to symbol table section .dynsym affecting PT_LOAD  
2025-09-08 02:18:52 DEBUG (ElfHeader) Elf relocation table section .rela.plt linked to symbol table section .dynsym affecting .got  
2025-09-08 02:18:52 DEBUG (ElfProgramBuilder) Discarding 1-byte alignment/filler segment_2.3 at 00100253  
2025-09-08 02:18:52 DEBUG (ElfProgramBuilder) Discarding 1-byte alignment/filler segment_2.9 at 00101571  
2025-09-08 02:18:52 DEBUG (ElfProgramBuilder) Discarding 6-byte alignment/filler segment_2.11 at 00101602  
2025-09-08 02:18:52 DEBUG (ElfProgramBuilder) Discarding 32-byte alignment/filler segment_2.17 at 001023a0  
2025-09-08 02:18:52 DEBUG (ElfProgramBuilder) Discarding 4-byte alignment/filler segment_2.20 at 00104824  
2025-09-08 02:18:52 DEBUG (ElfProgramBuilder) Discarding 1-byte alignment/filler segment_2.22 at 00104a2f  
2025-09-08 02:18:52 DEBUG (ElfProgramBuilder) Discarding 4-byte alignment/filler segment_2.24 at 00104e0c  
2025-09-08 02:18:53 WARN  (ElfRelocationHandler) EXTERNAL Data Elf Relocation with offset: at 0011fb18 (External Location = _ZTVN10__cxxabiv120__si_class_type_infoE+0x10)  
2025-09-08 02:18:53 WARN  (ElfRelocationHandler) EXTERNAL Data Elf Relocation with offset: at 0011fb30 (External Location = _ZTVN10__cxxabiv120__si_class_type_infoE+0x10)  
2025-09-08 02:18:53 WARN  (ElfRelocationHandler) EXTERNAL Data Elf Relocation with offset: at 0011fb48 (External Location = _ZTVN10__cxxabiv120__si_class_type_infoE+0x10)  
2025-09-08 02:18:53 WARN  (ElfRelocationHandler) EXTERNAL Data Elf Relocation with offset: at 0011fb60 (External Location = _ZTVN10__cxxabiv117__class_type_infoE+0x10)  
2025-09-08 02:18:54 INFO  (HeadlessAnalyzer) IMPORTING: Loaded 0 additional files  
2025-09-08 02:18:54 INFO  (HeadlessAnalyzer) ANALYZING all memory and code: file:///Users/chenkexin/Desktop/kk/test_taint/assets/merged_bin/pfld_landmarks_mnn_gcc_O0  
2025-09-08 02:18:54 ERROR (DWARFAnalyzer) Error during DWARFAnalyzer import:  ghidra.app.util.bin.format.dwarf4.DWARFException: Only DWARF version 2, 3, or 4 information is currently supported (detected 5).
	at ghidra.app.util.bin.format.dwarf4.DWARFCompilationUnit.readCompilationUnit(DWARFCompilationUnit.java:155)
	at ghidra.app.util.bin.format.dwarf4.next.DWARFProgram.bootstrapCompilationUnits(DWARFProgram.java:629)
	at ghidra.app.util.bin.format.dwarf4.next.DWARFProgram.<init>(DWARFProgram.java:262)
	at ghidra.app.plugin.core.analysis.DWARFAnalyzer.added(DWARFAnalyzer.java:109)
	at ghidra.app.plugin.core.analysis.AnalysisScheduler.runAnalyzer(AnalysisScheduler.java:186)
	at ghidra.app.plugin.core.analysis.AnalysisTask.applyTo(AnalysisTask.java:39)
	at ghidra.app.plugin.core.analysis.AutoAnalysisManager$AnalysisTaskWrapper.run(AutoAnalysisManager.java:686)
	at ghidra.app.plugin.core.analysis.AutoAnalysisManager.startAnalysis(AutoAnalysisManager.java:786)
	at ghidra.app.plugin.core.analysis.AutoAnalysisManager.startAnalysis(AutoAnalysisManager.java:665)
	at ghidra.app.plugin.core.analysis.AutoAnalysisManager.startAnalysis(AutoAnalysisManager.java:630)
	at ghidra.app.util.headless.HeadlessAnalyzer.analyzeProgram(HeadlessAnalyzer.java:1029)
	at ghidra.app.util.headless.HeadlessAnalyzer.processFileWithImport(HeadlessAnalyzer.java:1552)
	at ghidra.app.util.headless.HeadlessAnalyzer.processWithLoader(HeadlessAnalyzer.java:1734)
	at ghidra.app.util.headless.HeadlessAnalyzer.processWithImport(HeadlessAnalyzer.java:1675)
	at ghidra.app.util.headless.HeadlessAnalyzer.processWithImport(HeadlessAnalyzer.java:1759)
	at ghidra.app.util.headless.HeadlessAnalyzer.processLocal(HeadlessAnalyzer.java:460)
	at ghidra.app.util.headless.AnalyzeHeadless.launch(AnalyzeHeadless.java:127)
	at ghidra.GhidraLauncher.launch(GhidraLauncher.java:78)
	at ghidra.Ghidra.main(Ghidra.java:54)
 
2025-09-08 02:18:57 INFO  (PackedDatabaseCache) Packed database cache: /var/folders/kn/fw_2jn054bq5f73czrm_91nc0000gn/T/chenkexin-Ghidra/packed-db-cache  
2025-09-08 02:18:57 DEBUG (PackedDatabaseCache) Using cached packed database: /Applications/ghidra_11.0.3_PUBLIC/Ghidra/Features/Base/data/typeinfo/generic/generic_clib_64.gdt  
2025-09-08 02:18:58 INFO  (ApplyDataArchiveAnalyzer) Applied data type archive: generic_clib_64  
2025-09-08 02:18:59 WARN  (DemangledAddressTable) Unable to fully apply external demangled Address Table at 00121040: __cxxabiv1::__class_type_info::vtable  
2025-09-08 02:18:59 WARN  (DemangledAddressTable) Unable to fully apply external demangled Address Table at 001211c0: __cxxabiv1::__si_class_type_info::vtable  
2025-09-08 02:19:00 INFO  (AutoAnalysisManager) -----------------------------------------------------
    AARCH64 ELF PLT Thunks                     0.303 secs
    ASCII Strings                              0.253 secs
    Apply Data Archives                        1.162 secs
    Basic Constant Reference Analyzer          0.754 secs
    Call Convention ID                         0.546 secs
    Call-Fixup Installer                       0.027 secs
    Create Address Tables                      0.027 secs
    Create Address Tables - One Time           0.024 secs
    Create Function                            0.000 secs
    DWARF                                      0.075 secs
    Data Reference                             0.046 secs
    Decompiler Switch Analysis                 0.221 secs
    Demangler GNU                              0.462 secs
    Disassemble Entry Points                   0.152 secs
    Embedded Media                             0.016 secs
    External Entry References                  0.001 secs
    Function Start Search                      0.090 secs
    Function Start Search After Code           0.065 secs
    Function Start Search After Data           0.015 secs
    Function Start Search delayed - One Time   0.006 secs
    GCC Exception Handlers                     1.161 secs
    Non-Returning Functions - Discovered       0.030 secs
    Non-Returning Functions - Known            0.028 secs
    Reference                                  0.083 secs
    Shared Return Calls                        0.037 secs
    Stack                                      0.477 secs
    Subroutine References                      0.031 secs
-----------------------------------------------------
     Total Time   6 secs
-----------------------------------------------------
  
2025-09-08 02:19:00 INFO  (HeadlessAnalyzer) REPORT: Analysis succeeded for file: file:///Users/chenkexin/Desktop/kk/test_taint/assets/merged_bin/pfld_landmarks_mnn_gcc_O0  
2025-09-08 02:19:00 INFO  (HeadlessAnalyzer) SCRIPT: /Users/chenkexin/Desktop/kk/test_taint/mnn_analyzer.py  
2025-09-08 02:19:05 INFO  (GhidraScript) mnn_analyzer.py> INFO: Searching for functions, thunks, and call sites related to keywords: ['getSessionOutput']  
2025-09-08 02:19:05 INFO  (GhidraScript) mnn_analyzer.py> INFO: Found function 'getSessionOutput'. Searching for its thunks.  
2025-09-08 02:19:05 INFO  (GhidraScript) mnn_analyzer.py> INFO: Found thunk 'getSessionOutput' at 001021d0 for function.  
2025-09-08 02:19:05 INFO  (GhidraScript) mnn_analyzer.py> INFO: Found thunk 'getSessionOutput' at 00121108 for function.  
2025-09-08 02:19:05 INFO  (GhidraScript) mnn_analyzer.py> INFO: Found 2 unique call sites. Analyzing each...  
2025-09-08 02:19:05 INFO  (GhidraScript) mnn_analyzer.py> 
--- Starting Stage 1 Taint Analysis from '['getSessionOutput']' call sites ---  
2025-09-08 02:19:05 INFO  (GhidraScript) mnn_analyzer.py> 
--- Analyzing Call Site #1057244 at 001021dc ---  
2025-09-08 02:19:05 INFO  (GhidraScript) mnn_analyzer.py> DEBUG: Parent (caller): getSessionOutput at 001021d0  
2025-09-08 02:19:05 INFO  (GhidraScript) mnn_analyzer.py> INFO: Call at 001021dc has no output varnode. Nothing to taint. Skipping.  
2025-09-08 02:19:05 INFO  (GhidraScript) mnn_analyzer.py> 
--- Analyzing Call Site #1058992 at 001028b0 ---  
2025-09-08 02:19:05 INFO  (GhidraScript) mnn_analyzer.py> DEBUG: Parent (caller): main at 00102518  
2025-09-08 02:19:05 INFO  (GhidraScript) mnn_analyzer.py> 
--- Initiating Taint Analysis for: main (call at 001028b0) ---  
2025-09-08 02:19:05 INFO  (GhidraScript) mnn_analyzer.py> DEBUG: Taint source is the return value of the call: UNNAMED(UniquePcode[0x1000077d])  
2025-09-08 02:19:05 INFO  (GhidraScript) mnn_analyzer.py> \n>>> Analyzing function: main (Depth: 0) at 00102518 (Originating from: ['getSessionOutput']) with initial taints: UNNAMED(UniquePcode[0x1000077d])  
2025-09-08 02:19:05 INFO  (GhidraScript) mnn_analyzer.py>   - [STACK_SEARCH.0] Analyzing varnode: (unique, 0x1000077d, 8)  
2025-09-08 02:19:05 INFO  (GhidraScript) mnn_analyzer.py>   - [STACK_SEARCH.0] Details: isAddress=0, addr=unique:1000077d, isStackAddress=0  
2025-09-08 02:19:05 INFO  (GhidraScript) mnn_analyzer.py>   - [STACK_SEARCH.0] Def P-Code Op: (unique, 0x1000077d, 8) CALL (ram, 0x1021d0, 8) , (register, 0x4000, 8) , (stack, 0xfffffffffffffd88, 8)  
2025-09-08 02:19:05 INFO  (GhidraScript) mnn_analyzer.py>   - [STACK_SEARCH.0] Mnemonic 'CALL' is not a handled case. Aborting path.  
2025-09-08 02:19:05 INFO  (GhidraScript) mnn_analyzer.py> \nDEBUG: Reached specified start PcodeOp (unique, 0x1000077d, 8) CALL (ram, 0x1021d0, 8) , (register, 0x4000, 8) , (stack, 0xfffffffffffffd88, 8) at 001028b0 in main, subsequent ops will be processed.  
2025-09-08 02:19:05 INFO  (GhidraScript) mnn_analyzer.py> DEBUG: [main @ 001028b0] Taint propagated from UNNAMED(UniquePcode[0x1000077d]) to local_268(StackDirect[Stack[-0x268]]) via CAST.  
2025-09-08 02:19:05 INFO  (GhidraScript) mnn_analyzer.py> INFO: [MNN_RULE] Found call to 'Tensor' with a tainted argument.  
2025-09-08 02:19:05 INFO  (GhidraScript) mnn_analyzer.py> DEBUG: [MNN_RULE] Tracing `this` pointer... At VN: (unique, 0x11f80, 8), Def_Op: (unique, 0x11f80, 8) CAST (unique, 0x10000785, 8)  
2025-09-08 02:19:05 INFO  (GhidraScript) mnn_analyzer.py> DEBUG: [MNN_RULE] Tracing `this` pointer... At VN: (unique, 0x10000785, 8), Def_Op: (unique, 0x10000785, 8) PTRSUB (register, 0x8, 8) , (const, 0xfffffffffffffde8, 8)  
2025-09-08 02:19:05 INFO  (GhidraScript) mnn_analyzer.py> DEBUG: [MNN_RULE] Identified base register as (register, 0x8, 8) and offset as -0x218  
2025-09-08 02:19:05 INFO  (GhidraScript) mnn_analyzer.py> DEBUG: [MNN_RULE] Found base-relative origin. `this` offset is -0x218. Calculated sink offset: -0x208  
2025-09-08 02:19:05 ERROR (GhidraScript) mnn_analyzer.py> ERROR: [MNN_RULE] Calculated sink offset -0x208, but could not find a corresponding local stack variable.  
2025-09-08 02:19:05 INFO  (GhidraScript) mnn_analyzer.py> INFO: [RULE copyToHostTensor] Detected call to 'copyToHostTensor' with tainted arguments.  
2025-09-08 02:19:05 INFO  (GhidraScript) mnn_analyzer.py> INFO: [RULE copyToHostTensor] Call has no return value to taint.  
2025-09-08 02:19:05 INFO  (GhidraScript) mnn_analyzer.py> DEBUG: [LOAD_HANDLER] Checking LOAD op at 00102954. Address varnode: (unique, 0x12480, 8)  
2025-09-08 02:19:05 INFO  (GhidraScript) mnn_analyzer.py> DEBUG: [LOAD_HANDLER] POINTER_RULE FAIL: Address varnode UNNAMED(UniquePcode[0x12480]) is not tainted (recursive check).  
2025-09-08 02:19:05 INFO  (GhidraScript) mnn_analyzer.py> DEBUG: [LOAD_HANDLER] REGION_RULE FAIL: Address pointer UNNAMED(UniquePcode[0x12480]) is not in the tainted memory regions set.  
2025-09-08 02:19:05 INFO  (GhidraScript) mnn_analyzer.py> DEBUG: [LOAD_HANDLER] Checking LOAD op at 00102984. Address varnode: (unique, 0x12480, 8)  
2025-09-08 02:19:05 INFO  (GhidraScript) mnn_analyzer.py> DEBUG: [LOAD_HANDLER] POINTER_RULE FAIL: Address varnode UNNAMED(UniquePcode[0x12480]) is not tainted (recursive check).  
2025-09-08 02:19:05 INFO  (GhidraScript) mnn_analyzer.py> DEBUG: [LOAD_HANDLER] REGION_RULE FAIL: Address pointer UNNAMED(UniquePcode[0x12480]) is not in the tainted memory regions set.  
2025-09-08 02:19:05 INFO  (GhidraScript) mnn_analyzer.py> DEBUG: [CBRANCH] Found defining op for condition: (unique, 0x1000045a, 1) FLOAT_LESS (register, 0x5000, 4) , (register, 0x5000, 4)  
2025-09-08 02:19:05 INFO  (GhidraScript) mnn_analyzer.py> INFO: [main @ 001029a4] Taint reached CBRANCH. Operands: ['UNNAMED(s0)', 'UNNAMED(s0)'].   
2025-09-08 02:19:05 INFO  (GhidraScript) mnn_analyzer.py> DEBUG: [CBRANCH] Found defining op for condition: (unique, 0x1000045e, 1) FLOAT_LESSEQUAL (register, 0x5000, 4) , (register, 0x5000, 4)  
2025-09-08 02:19:05 INFO  (GhidraScript) mnn_analyzer.py> INFO: [main @ 001029c0] Taint reached CBRANCH. Operands: ['UNNAMED(s0)', 'UNNAMED(s0)'].   
2025-09-08 02:19:05 INFO  (GhidraScript) mnn_analyzer.py> DEBUG: [CBRANCH] Found defining op for condition: (unique, 0x10000466, 1) FLOAT_LESS (register, 0x5000, 4) , (register, 0x5000, 4)  
2025-09-08 02:19:05 INFO  (GhidraScript) mnn_analyzer.py> INFO: [main @ 001029d0] Taint reached CBRANCH. Operands: ['UNNAMED(s0)', 'UNNAMED(s0)'].   
2025-09-08 02:19:05 INFO  (GhidraScript) mnn_analyzer.py> DEBUG: [CBRANCH] Found defining op for condition: (unique, 0x1000046a, 1) FLOAT_LESSEQUAL (register, 0x5000, 4) , (register, 0x5000, 4)  
2025-09-08 02:19:05 INFO  (GhidraScript) mnn_analyzer.py> INFO: [main @ 001029ec] Taint reached CBRANCH. Operands: ['UNNAMED(s0)', 'UNNAMED(s0)'].   
2025-09-08 02:19:05 INFO  (GhidraScript) mnn_analyzer.py> DEBUG: [CBRANCH] Found defining op for condition: (unique, 0x1580, 1) INT_SLESS (stack, 0xfffffffffffffd68, 4) , (const, 0x6a, 4)  
2025-09-08 02:19:05 INFO  (GhidraScript) mnn_analyzer.py> INFO: [main @ 00102a10] Taint reached CBRANCH. Operands: ['local_298(StackDirect[Stack[-0x298]])', 'UnnamedHighVar(Constant: 0x6a)'].   
2025-09-08 02:19:05 INFO  (GhidraScript) mnn_analyzer.py> INFO: [main @ 00102a20] Taint reached CBRANCH. Operands: [].   
2025-09-08 02:19:05 INFO  (GhidraScript) mnn_analyzer.py> DEBUG: [CBRANCH] Found defining op for condition: (register, 0x108, 1) INT_NOTEQUAL (unique, 0x3e480, 8) , (const, 0x0, 8)  
2025-09-08 02:19:05 INFO  (GhidraScript) mnn_analyzer.py> INFO: [main @ 00102aa0] Taint reached CBRANCH. Operands: ['UNNAMED(UniquePcode[0x3e480])', 'UnnamedHighVar(Constant: 0x0)'].   
2025-09-08 02:19:05 INFO  (GhidraScript) mnn_analyzer.py> DEBUG: [main @ 00102be4] Analyzing potential tainted RETURN with value: UNNAMED(x0) (Tainted: 0)  
2025-09-08 02:19:05 INFO  (GhidraScript) mnn_analyzer.py>     [DEBUG] --- Taint Check Details (RETURN FAILED) ---  
2025-09-08 02:19:05 INFO  (GhidraScript) mnn_analyzer.py>     [DEBUG]   > Return Varnode: (register, 0x4000, 8) (Size: 8, Def: (register, 0x4000, 8) COPY (register, 0x4098, 8) at 00102bd0)  
2025-09-08 02:19:05 INFO  (GhidraScript) mnn_analyzer.py>     [DEBUG]   > Currently Tainted HighVariables in this function:  
2025-09-08 02:19:05 INFO  (GhidraScript) mnn_analyzer.py>     [DEBUG]     1. UNNAMED(UniquePcode[0x1000077d])  
2025-09-08 02:19:05 INFO  (GhidraScript) mnn_analyzer.py>     [DEBUG]     2. local_268(StackDirect[Stack[-0x268]])  
2025-09-08 02:19:05 INFO  (GhidraScript) mnn_analyzer.py>     [DEBUG] ---------------------------------  
2025-09-08 02:19:05 INFO  (GhidraScript) mnn_analyzer.py> <<< Finished analyzing function: main.  
2025-09-08 02:19:05 INFO  (GhidraScript) mnn_analyzer.py> 
--- Stage 1 Complete. Checking for pending multi-stage analysis tasks... ---  
2025-09-08 02:19:05 INFO  (GhidraScript) mnn_analyzer.py> --- No multi-stage analysis tasks were queued. ---  
2025-09-08 02:19:05 INFO  (GhidraScript) mnn_analyzer.py> 
--- Taint Analysis Run Complete ---  
2025-09-08 02:19:05 INFO  (GhidraScript) mnn_analyzer.py> \n--- All Detected Tainted Value Usages (Interprocedural) ---  
2025-09-08 02:19:05 INFO  (GhidraScript) mnn_analyzer.py> Usage #1:  
2025-09-08 02:19:05 INFO  (GhidraScript) mnn_analyzer.py>   Originating Lib Call: ['getSessionOutput']  
2025-09-08 02:19:05 INFO  (GhidraScript) mnn_analyzer.py>   Found In Function:   main at 00102518  
2025-09-08 02:19:05 INFO  (GhidraScript) mnn_analyzer.py>   Instruction Address: 001029a4  
2025-09-08 02:19:05 INFO  (GhidraScript) mnn_analyzer.py>     PCode Op:             ---  CBRANCH (ram, 0x1029f4, 1) , (unique, 0x1000045a, 1)  
2025-09-08 02:19:05 INFO  (GhidraScript) mnn_analyzer.py>     Usage Type:          BRANCH_CONDITION_TAINTED  
2025-09-08 02:19:05 INFO  (GhidraScript) mnn_analyzer.py>     Tainted Component:   UNNAMED(UniquePcode[0x1000045a])  
2025-09-08 02:19:05 INFO  (GhidraScript) mnn_analyzer.py>     Details:             Tainted condition for branch.  
2025-09-08 02:19:05 INFO  (GhidraScript) mnn_analyzer.py> ----------------------------------------  
2025-09-08 02:19:05 INFO  (GhidraScript) mnn_analyzer.py> Usage #2:  
2025-09-08 02:19:05 INFO  (GhidraScript) mnn_analyzer.py>   Originating Lib Call: ['getSessionOutput']  
2025-09-08 02:19:05 INFO  (GhidraScript) mnn_analyzer.py>   Found In Function:   main at 00102518  
2025-09-08 02:19:05 INFO  (GhidraScript) mnn_analyzer.py>   Instruction Address: 001029c0  
2025-09-08 02:19:05 INFO  (GhidraScript) mnn_analyzer.py>     PCode Op:             ---  CBRANCH (ram, 0x1029f4, 1) , (unique, 0x1000045e, 1)  
2025-09-08 02:19:05 INFO  (GhidraScript) mnn_analyzer.py>     Usage Type:          BRANCH_CONDITION_TAINTED  
2025-09-08 02:19:05 INFO  (GhidraScript) mnn_analyzer.py>     Tainted Component:   UNNAMED(UniquePcode[0x1000045e])  
2025-09-08 02:19:05 INFO  (GhidraScript) mnn_analyzer.py>     Details:             Tainted condition for branch.  
2025-09-08 02:19:05 INFO  (GhidraScript) mnn_analyzer.py> ----------------------------------------  
2025-09-08 02:19:05 INFO  (GhidraScript) mnn_analyzer.py> Usage #3:  
2025-09-08 02:19:05 INFO  (GhidraScript) mnn_analyzer.py>   Originating Lib Call: ['getSessionOutput']  
2025-09-08 02:19:05 INFO  (GhidraScript) mnn_analyzer.py>   Found In Function:   main at 00102518  
2025-09-08 02:19:05 INFO  (GhidraScript) mnn_analyzer.py>   Instruction Address: 001029d0  
2025-09-08 02:19:05 INFO  (GhidraScript) mnn_analyzer.py>     PCode Op:             ---  CBRANCH (ram, 0x1029f4, 1) , (unique, 0x10000466, 1)  
2025-09-08 02:19:05 INFO  (GhidraScript) mnn_analyzer.py>     Usage Type:          BRANCH_CONDITION_TAINTED  
2025-09-08 02:19:05 INFO  (GhidraScript) mnn_analyzer.py>     Tainted Component:   UNNAMED(UniquePcode[0x10000466])  
2025-09-08 02:19:05 INFO  (GhidraScript) mnn_analyzer.py>     Details:             Tainted condition for branch.  
2025-09-08 02:19:05 INFO  (GhidraScript) mnn_analyzer.py> ----------------------------------------  
2025-09-08 02:19:05 INFO  (GhidraScript) mnn_analyzer.py> Usage #4:  
2025-09-08 02:19:05 INFO  (GhidraScript) mnn_analyzer.py>   Originating Lib Call: ['getSessionOutput']  
2025-09-08 02:19:05 INFO  (GhidraScript) mnn_analyzer.py>   Found In Function:   main at 00102518  
2025-09-08 02:19:05 INFO  (GhidraScript) mnn_analyzer.py>   Instruction Address: 001029ec  
2025-09-08 02:19:05 INFO  (GhidraScript) mnn_analyzer.py>     PCode Op:             ---  CBRANCH (ram, 0x1029f4, 1) , (unique, 0x1000046a, 1)  
2025-09-08 02:19:05 INFO  (GhidraScript) mnn_analyzer.py>     Usage Type:          BRANCH_CONDITION_TAINTED  
2025-09-08 02:19:05 INFO  (GhidraScript) mnn_analyzer.py>     Tainted Component:   UNNAMED(UniquePcode[0x1000046a])  
2025-09-08 02:19:05 INFO  (GhidraScript) mnn_analyzer.py>     Details:             Tainted condition for branch.  
2025-09-08 02:19:05 INFO  (GhidraScript) mnn_analyzer.py> ----------------------------------------  
2025-09-08 02:19:05 INFO  (GhidraScript) mnn_analyzer.py> Usage #5:  
2025-09-08 02:19:05 INFO  (GhidraScript) mnn_analyzer.py>   Originating Lib Call: ['getSessionOutput']  
2025-09-08 02:19:05 INFO  (GhidraScript) mnn_analyzer.py>   Found In Function:   main at 00102518  
2025-09-08 02:19:05 INFO  (GhidraScript) mnn_analyzer.py>   Instruction Address: 00102a10  
2025-09-08 02:19:05 INFO  (GhidraScript) mnn_analyzer.py>     PCode Op:             ---  CBRANCH (ram, 0x10293c, 1) , (unique, 0x1580, 1)  
2025-09-08 02:19:05 INFO  (GhidraScript) mnn_analyzer.py>     Usage Type:          BRANCH_CONDITION_TAINTED  
2025-09-08 02:19:05 INFO  (GhidraScript) mnn_analyzer.py>     Tainted Component:   UNNAMED(UniquePcode[0x1580])  
2025-09-08 02:19:05 INFO  (GhidraScript) mnn_analyzer.py>     Details:             Tainted condition for branch.  
2025-09-08 02:19:05 INFO  (GhidraScript) mnn_analyzer.py> ----------------------------------------  
2025-09-08 02:19:05 INFO  (GhidraScript) mnn_analyzer.py> Usage #6:  
2025-09-08 02:19:05 INFO  (GhidraScript) mnn_analyzer.py>   Originating Lib Call: ['getSessionOutput']  
2025-09-08 02:19:05 INFO  (GhidraScript) mnn_analyzer.py>   Found In Function:   main at 00102518  
2025-09-08 02:19:05 INFO  (GhidraScript) mnn_analyzer.py>   Instruction Address: 00102a20  
2025-09-08 02:19:05 INFO  (GhidraScript) mnn_analyzer.py>     PCode Op:             ---  CBRANCH (ram, 0x102a34, 1) , (unique, 0x1000048f, 1)  
2025-09-08 02:19:05 INFO  (GhidraScript) mnn_analyzer.py>     Usage Type:          BRANCH_CONDITION_TAINTED  
2025-09-08 02:19:05 INFO  (GhidraScript) mnn_analyzer.py>     Tainted Component:   bVar1(UniquePcode[0x1000048f])  
2025-09-08 02:19:05 INFO  (GhidraScript) mnn_analyzer.py>     Details:             Tainted condition for branch.  
2025-09-08 02:19:05 INFO  (GhidraScript) mnn_analyzer.py> ----------------------------------------  
2025-09-08 02:19:05 INFO  (GhidraScript) mnn_analyzer.py> Usage #7:  
2025-09-08 02:19:05 INFO  (GhidraScript) mnn_analyzer.py>   Originating Lib Call: ['getSessionOutput']  
2025-09-08 02:19:05 INFO  (GhidraScript) mnn_analyzer.py>   Found In Function:   main at 00102518  
2025-09-08 02:19:05 INFO  (GhidraScript) mnn_analyzer.py>   Instruction Address: 00102aa0  
2025-09-08 02:19:05 INFO  (GhidraScript) mnn_analyzer.py>     PCode Op:             ---  CBRANCH (ram, 0x102bd0, 1) , (register, 0x108, 1)  
2025-09-08 02:19:05 INFO  (GhidraScript) mnn_analyzer.py>     Usage Type:          BRANCH_CONDITION_TAINTED  
2025-09-08 02:19:05 INFO  (GhidraScript) mnn_analyzer.py>     Tainted Component:   UNNAMED(tmpZR)  
2025-09-08 02:19:05 INFO  (GhidraScript) mnn_analyzer.py>     Details:             Tainted condition for branch.  
2025-09-08 02:19:05 INFO  (GhidraScript) mnn_analyzer.py> ----------------------------------------  
2025-09-08 02:19:05 INFO  (GhidraScript) mnn_analyzer.py> INFO: TAINT_ANALYSIS_JSON_OUTPUT env var found. Saving results to: /Users/chenkexin/Desktop/kk/test_taint/results/pfld_landmarks_mnn_gcc_O0_taint_analysis_results.json  
2025-09-08 02:19:05 INFO  (GhidraScript) mnn_analyzer.py> Taint analysis results saved to: /Users/chenkexin/Desktop/kk/test_taint/results/pfld_landmarks_mnn_gcc_O0_taint_analysis_results.json  
2025-09-08 02:19:06 INFO  (GhidraScript) mnn_analyzer.py> INFO: Found preceding comparison instruction 'fcmpe s1,s0' at 001029a0 for branch at 001029a4  
2025-09-08 02:19:06 INFO  (GhidraScript) mnn_analyzer.py> INFO: Found preceding comparison instruction 'fcmpe s1,s0' at 001029bc for branch at 001029c0  
2025-09-08 02:19:06 INFO  (GhidraScript) mnn_analyzer.py> INFO: Found preceding comparison instruction 'fcmpe s1,s0' at 001029cc for branch at 001029d0  
2025-09-08 02:19:06 INFO  (GhidraScript) mnn_analyzer.py> INFO: Found preceding comparison instruction 'fcmpe s1,s0' at 001029e8 for branch at 001029ec  
2025-09-08 02:19:06 INFO  (GhidraScript) mnn_analyzer.py> INFO: Found preceding comparison instruction 'cmp w0,#0x69' at 00102a0c for branch at 00102a10  
2025-09-08 02:19:06 INFO  (GhidraScript) mnn_analyzer.py> INFO: Found preceding comparison instruction 'cmp w0,#0x0' at 00102a1c for branch at 00102a20  
2025-09-08 02:19:06 ERROR (GhidraScript) mnn_analyzer.py> WARN: Could not find preceding comparison instruction for branch at 00102aa0. Skipping.  
2025-09-08 02:19:06 INFO  (GhidraScript) mnn_analyzer.py> SUCCESS: Hook configuration saved to: /Users/chenkexin/Desktop/kk/test_taint/results/pfld_landmarks_mnn_gcc_O0_hook_config.json  
2025-09-08 02:19:06 INFO  (GhidraScript) mnn_analyzer.py> MNN Taint Analyzer finished.  
2025-09-08 02:19:06 INFO  (HeadlessAnalyzer) ANALYZING changes made by post scripts: file:///Users/chenkexin/Desktop/kk/test_taint/assets/merged_bin/pfld_landmarks_mnn_gcc_O0  
2025-09-08 02:19:06 INFO  (HeadlessAnalyzer) REPORT: Post-analysis succeeded for file: file:///Users/chenkexin/Desktop/kk/test_taint/assets/merged_bin/pfld_landmarks_mnn_gcc_O0  
2025-09-08 02:19:06 INFO  (HeadlessAnalyzer) REPORT: Save succeeded for: /pfld_landmarks_mnn_gcc_O0 (all_binaries_analysis:/pfld_landmarks_mnn_gcc_O0)  
2025-09-08 02:19:06 INFO  (HeadlessAnalyzer) REPORT: Import succeeded  
2025-09-08 02:19:06 DEBUG (DefaultProjectData) Closing ProjectData: /Users/chenkexin/Desktop/kk/test_taint/ghidra_projects/all_binaries_analysis.rep  
2025-09-08 02:19:06 DEBUG (DefaultProjectData) Disposing ProjectData: /Users/chenkexin/Desktop/kk/test_taint/ghidra_projects/all_binaries_analysis.rep  
