2025-09-08 02:19:32 INFO  (LoggingInitialization) Using log config file: jar:file:/Applications/ghidra_11.0.3_PUBLIC/Ghidra/Framework/Generic/lib/Generic.jar!/generic.log4j.xml  
2025-09-08 02:19:32 INFO  (LoggingInitialization) Using log file: /Users/chenkexin/Desktop/kk/test_taint/logs/pfld_landmarks_onnxruntime_gcc_O0_headless_analysis.log  
2025-09-08 02:19:32 INFO  (Preferences) Loading user preferences: /Users/chenkexin/.ghidra/.ghidra_11.0.3_PUBLIC/preferences  
2025-09-08 02:19:32 INFO  (Preferences) Loading previous preferences: /Users/chenkexin/.ghidra/.ghidra_10.4_PUBLIC/preferences  
2025-09-08 02:19:32 INFO  (ClassSearcher) Searching for classes...  
2025-09-08 02:19:34 INFO  (ClassSearcher) Class search complete (1426 ms)  
2025-09-08 02:19:34 INFO  (SSLContextInitializer) Initializing SSL Context  
2025-09-08 02:19:34 INFO  (SecureRandomFactory) Initializing Random Number Generator...  
2025-09-08 02:19:34 INFO  (SecureRandomFactory) Random Number Generator initialization complete: NativePRNGNonBlocking  
2025-09-08 02:19:34 INFO  (ApplicationTrustManagerFactory) Trust manager disabled, cacerts have not been set  
2025-09-08 02:19:35 INFO  (HeadlessAnalyzer) HEADLESS Script Paths:
    /Applications/ghidra_11.0.3_PUBLIC/Ghidra/Processors/8051/ghidra_scripts
    /Applications/ghidra_11.0.3_PUBLIC/Ghidra/Features/FileFormats/ghidra_scripts
    /Applications/ghidra_11.0.3_PUBLIC/Ghidra/Features/Base/ghidra_scripts
    /Applications/ghidra_11.0.3_PUBLIC/Ghidra/Features/Python/ghidra_scripts
    /Applications/ghidra_11.0.3_PUBLIC/Ghidra/Features/GnuDemangler/ghidra_scripts
    /Applications/ghidra_11.0.3_PUBLIC/Ghidra/Features/SystemEmulation/ghidra_scripts
    /Applications/ghidra_11.0.3_PUBLIC/Ghidra/Features/MicrosoftCodeAnalyzer/ghidra_scripts
    /Applications/ghidra_11.0.3_PUBLIC/Ghidra/Features/BytePatterns/ghidra_scripts
    /Applications/ghidra_11.0.3_PUBLIC/Ghidra/Features/Decompiler/ghidra_scripts
    /Applications/ghidra_11.0.3_PUBLIC/Ghidra/Processors/Atmel/ghidra_scripts
    /Applications/ghidra_11.0.3_PUBLIC/Ghidra/Debug/Debugger-agent-frida/ghidra_scripts
    /Applications/ghidra_11.0.3_PUBLIC/Ghidra/Features/FunctionID/ghidra_scripts
    /Applications/ghidra_11.0.3_PUBLIC/Ghidra/Processors/JVM/ghidra_scripts
    /Applications/ghidra_11.0.3_PUBLIC/Ghidra/Processors/PIC/ghidra_scripts
    /Applications/ghidra_11.0.3_PUBLIC/Ghidra/Features/BSim/ghidra_scripts
    /Applications/ghidra_11.0.3_PUBLIC/Ghidra/Features/PDB/ghidra_scripts
    /Applications/ghidra_11.0.3_PUBLIC/Ghidra/Processors/DATA/ghidra_scripts
    /Users/chenkexin/ghidra_scripts
    /Users/chenkexin/Desktop/kk/test_taint
    /Applications/ghidra_11.0.3_PUBLIC/Ghidra/Debug/Debugger-agent-dbgmodel-traceloader/ghidra_scripts
    /Applications/ghidra_11.0.3_PUBLIC/Ghidra/Debug/Debugger-rmi-trace/ghidra_scripts
    /Applications/ghidra_11.0.3_PUBLIC/Ghidra/Features/VersionTracking/ghidra_scripts
    /Applications/ghidra_11.0.3_PUBLIC/Ghidra/Debug/Debugger/ghidra_scripts  
2025-09-08 02:19:35 INFO  (HeadlessAnalyzer) HEADLESS: execution starts  
2025-09-08 02:19:35 INFO  (HeadlessAnalyzer) Opening existing project: /Users/chenkexin/Desktop/kk/test_taint/ghidra_projects/all_binaries_analysis  
2025-09-08 02:19:35 INFO  (HeadlessProject) Opening project: /Users/chenkexin/Desktop/kk/test_taint/ghidra_projects/all_binaries_analysis  
2025-09-08 02:19:35 INFO  (HeadlessAnalyzer) REPORT: Processing input files:   
2025-09-08 02:19:35 INFO  (HeadlessAnalyzer)      project: /Users/chenkexin/Desktop/kk/test_taint/ghidra_projects/all_binaries_analysis  
2025-09-08 02:19:35 INFO  (HeadlessAnalyzer) IMPORTING: file:///Users/chenkexin/Desktop/kk/test_taint/assets/merged_bin/pfld_landmarks_onnxruntime_gcc_O0  
2025-09-08 02:19:37 INFO  (AutoImporter) Using Loader: Executable and Linking Format (ELF)  
2025-09-08 02:19:37 INFO  (AutoImporter) Using Language/Compiler: AARCH64:LE:64:v8A:default  
2025-09-08 02:19:38 DEBUG (ElfHeader) Elf symbol table section .dynsym linked to string table section .dynstr  
2025-09-08 02:19:38 DEBUG (ElfHeader) Elf symbol table section .symtab linked to string table section .strtab  
2025-09-08 02:19:38 DEBUG (ElfHeader) Elf relocation table section .rela.dyn linked to symbol table section .dynsym affecting PT_LOAD  
2025-09-08 02:19:38 DEBUG (ElfHeader) Elf relocation table section .rela.plt linked to symbol table section .dynsym affecting .got  
2025-09-08 02:19:38 DEBUG (ElfProgramBuilder) Discarding 1-byte alignment/filler segment_2.3 at 00100253  
2025-09-08 02:19:38 DEBUG (ElfProgramBuilder) Discarding 4-byte alignment/filler segment_2.7 at 001002bc  
2025-09-08 02:19:38 DEBUG (ElfProgramBuilder) Discarding 1-byte alignment/filler segment_2.10 at 001011cd  
2025-09-08 02:19:38 DEBUG (ElfProgramBuilder) Discarding 2-byte alignment/filler segment_2.12 at 00101246  
2025-09-08 02:19:38 DEBUG (ElfProgramBuilder) Discarding 32-byte alignment/filler segment_2.18 at 00101ce0  
2025-09-08 02:19:38 DEBUG (ElfProgramBuilder) Discarding 3-byte alignment/filler segment_2.22 at 001097d9  
2025-09-08 02:19:39 WARN  (ElfRelocationHandler) EXTERNAL Data Elf Relocation with offset: at 0011fb88 (External Location = _ZTVN10__cxxabiv120__si_class_type_infoE+0x10)  
2025-09-08 02:19:39 INFO  (HeadlessAnalyzer) IMPORTING: Loaded 0 additional files  
2025-09-08 02:19:39 INFO  (HeadlessAnalyzer) ANALYZING all memory and code: file:///Users/chenkexin/Desktop/kk/test_taint/assets/merged_bin/pfld_landmarks_onnxruntime_gcc_O0  
2025-09-08 02:19:40 ERROR (DWARFAnalyzer) Error during DWARFAnalyzer import:  ghidra.app.util.bin.format.dwarf4.DWARFException: Only DWARF version 2, 3, or 4 information is currently supported (detected 5).
	at ghidra.app.util.bin.format.dwarf4.DWARFCompilationUnit.readCompilationUnit(DWARFCompilationUnit.java:155)
	at ghidra.app.util.bin.format.dwarf4.next.DWARFProgram.bootstrapCompilationUnits(DWARFProgram.java:629)
	at ghidra.app.util.bin.format.dwarf4.next.DWARFProgram.<init>(DWARFProgram.java:262)
	at ghidra.app.plugin.core.analysis.DWARFAnalyzer.added(DWARFAnalyzer.java:109)
	at ghidra.app.plugin.core.analysis.AnalysisScheduler.runAnalyzer(AnalysisScheduler.java:186)
	at ghidra.app.plugin.core.analysis.AnalysisTask.applyTo(AnalysisTask.java:39)
	at ghidra.app.plugin.core.analysis.AutoAnalysisManager$AnalysisTaskWrapper.run(AutoAnalysisManager.java:686)
	at ghidra.app.plugin.core.analysis.AutoAnalysisManager.startAnalysis(AutoAnalysisManager.java:786)
	at ghidra.app.plugin.core.analysis.AutoAnalysisManager.startAnalysis(AutoAnalysisManager.java:665)
	at ghidra.app.plugin.core.analysis.AutoAnalysisManager.startAnalysis(AutoAnalysisManager.java:630)
	at ghidra.app.util.headless.HeadlessAnalyzer.analyzeProgram(HeadlessAnalyzer.java:1029)
	at ghidra.app.util.headless.HeadlessAnalyzer.processFileWithImport(HeadlessAnalyzer.java:1552)
	at ghidra.app.util.headless.HeadlessAnalyzer.processWithLoader(HeadlessAnalyzer.java:1734)
	at ghidra.app.util.headless.HeadlessAnalyzer.processWithImport(HeadlessAnalyzer.java:1675)
	at ghidra.app.util.headless.HeadlessAnalyzer.processWithImport(HeadlessAnalyzer.java:1759)
	at ghidra.app.util.headless.HeadlessAnalyzer.processLocal(HeadlessAnalyzer.java:460)
	at ghidra.app.util.headless.AnalyzeHeadless.launch(AnalyzeHeadless.java:127)
	at ghidra.GhidraLauncher.launch(GhidraLauncher.java:78)
	at ghidra.Ghidra.main(Ghidra.java:54)
 
2025-09-08 02:19:44 INFO  (PackedDatabaseCache) Packed database cache: /var/folders/kn/fw_2jn054bq5f73czrm_91nc0000gn/T/chenkexin-Ghidra/packed-db-cache  
2025-09-08 02:19:44 DEBUG (PackedDatabaseCache) Using cached packed database: /Applications/ghidra_11.0.3_PUBLIC/Ghidra/Features/Base/data/typeinfo/generic/generic_clib_64.gdt  
2025-09-08 02:19:45 INFO  (ApplyDataArchiveAnalyzer) Applied data type archive: generic_clib_64  
2025-09-08 02:19:46 WARN  (DemangledAddressTable) Unable to fully apply external demangled Address Table at 00121030: std::exception::typeinfo  
2025-09-08 02:19:46 WARN  (DemangledAddressTable) Unable to fully apply external demangled Address Table at 00121108: std::exception::vtable  
2025-09-08 02:19:46 WARN  (DemangledAddressTable) Unable to fully apply external demangled Address Table at 00121178: __cxxabiv1::__si_class_type_info::vtable  
2025-09-08 02:19:48 INFO  (AutoAnalysisManager) -----------------------------------------------------
    AARCH64 ELF PLT Thunks                     0.174 secs
    ASCII Strings                              0.268 secs
    Apply Data Archives                        1.167 secs
    Basic Constant Reference Analyzer          1.501 secs
    Call Convention ID                         1.104 secs
    Call-Fixup Installer                       0.037 secs
    Create Address Tables                      0.039 secs
    Create Address Tables - One Time           0.008 secs
    Create Function                            0.000 secs
    DWARF                                      0.056 secs
    Data Reference                             0.036 secs
    Decompiler Switch Analysis                 0.155 secs
    Demangler GNU                              0.873 secs
    Disassemble Entry Points                   0.231 secs
    Embedded Media                             0.022 secs
    External Entry References                  0.004 secs
    Function Start Search                      0.105 secs
    Function Start Search After Code           0.063 secs
    Function Start Search After Data           0.071 secs
    Function Start Search delayed - One Time   0.005 secs
    GCC Exception Handlers                     1.478 secs
    Non-Returning Functions - Discovered       0.042 secs
    Non-Returning Functions - Known            0.021 secs
    Reference                                  0.137 secs
    Shared Return Calls                        0.054 secs
    Stack                                      1.110 secs
    Subroutine References                      0.038 secs
-----------------------------------------------------
     Total Time   8 secs
-----------------------------------------------------
  
2025-09-08 02:19:48 INFO  (HeadlessAnalyzer) REPORT: Analysis succeeded for file: file:///Users/chenkexin/Desktop/kk/test_taint/assets/merged_bin/pfld_landmarks_onnxruntime_gcc_O0  
2025-09-08 02:19:48 INFO  (HeadlessAnalyzer) SCRIPT: /Users/chenkexin/Desktop/kk/test_taint/onnxruntime_analyzer.py  
2025-09-08 02:19:53 INFO  (GhidraScript) onnxruntime_analyzer.py> INFO: Searching for functions, thunks, and call sites related to keywords: ['GetTensorData']  
2025-09-08 02:19:53 INFO  (GhidraScript) onnxruntime_analyzer.py> WARN: No external function found with keywords '['GetTensorData']'. Trying all functions...  
2025-09-08 02:19:53 INFO  (GhidraScript) onnxruntime_analyzer.py> INFO: Found function 'GetTensorData<float>'. Searching for its thunks.  
2025-09-08 02:19:53 INFO  (GhidraScript) onnxruntime_analyzer.py> INFO: Found 1 unique call sites. Analyzing each...  
2025-09-08 02:19:53 INFO  (GhidraScript) onnxruntime_analyzer.py> 
--- Starting Stage 1 Taint Analysis from '['GetTensorData']' call sites ---  
2025-09-08 02:19:53 INFO  (GhidraScript) onnxruntime_analyzer.py> 
--- Analyzing Call Site #1058816 at 00102800 ---  
2025-09-08 02:19:53 INFO  (GhidraScript) onnxruntime_analyzer.py> DEBUG: Parent (caller): main at 00101f68  
2025-09-08 02:19:54 INFO  (GhidraScript) onnxruntime_analyzer.py> 
--- Initiating Taint Analysis for: main (call at 00102800) ---  
2025-09-08 02:19:54 INFO  (GhidraScript) onnxruntime_analyzer.py> DEBUG: Taint source is the return value of the call: local_268(StackDirect[Stack[-0x268]])  
2025-09-08 02:19:54 INFO  (GhidraScript) onnxruntime_analyzer.py> \n>>> Analyzing function: main (Depth: 0) at 00101f68 (Originating from: ['GetTensorData']) with initial taints: local_268(StackDirect[Stack[-0x268]])  
2025-09-08 02:19:54 INFO  (GhidraScript) onnxruntime_analyzer.py>   - [STACK_SEARCH.0] Analyzing varnode: (stack, 0xfffffffffffffd98, 8)  
2025-09-08 02:19:54 INFO  (GhidraScript) onnxruntime_analyzer.py>   - [STACK_SEARCH.0] Details: isAddress=0, addr=Stack[-0x268], isStackAddress=1  
2025-09-08 02:19:54 INFO  (GhidraScript) onnxruntime_analyzer.py>   - [STACK_SEARCH.0] SUCCESS (Direct): Varnode is a direct stack address with offset -0x268.  
2025-09-08 02:19:54 INFO  (GhidraScript) onnxruntime_analyzer.py> DEBUG: [STACK_RULE] Proactively tainted stack offset -0x268 from initial HighVar: local_268(StackDirect[Stack[-0x268]])  
2025-09-08 02:19:54 INFO  (GhidraScript) onnxruntime_analyzer.py> DEBUG: [STACK_TAINTS] Initial tainted stack offsets for this function: ['-0x268L']  
2025-09-08 02:19:54 INFO  (GhidraScript) onnxruntime_analyzer.py> \nDEBUG: Reached specified start PcodeOp (register, 0x4000, 8) CALL (ram, 0x10593c, 8) at 00102800 in main, subsequent ops will be processed.  
2025-09-08 02:19:54 INFO  (GhidraScript) onnxruntime_analyzer.py> DEBUG: [LOAD_HANDLER] Checking LOAD op at 0010284c. Address varnode: (register, 0x4000, 8)  
2025-09-08 02:19:54 INFO  (GhidraScript) onnxruntime_analyzer.py>   - [STACK_SEARCH.0] Analyzing varnode: (register, 0x4000, 8)  
2025-09-08 02:19:54 INFO  (GhidraScript) onnxruntime_analyzer.py>   - [STACK_SEARCH.0] Details: isAddress=0, addr=register:00004000, isStackAddress=0  
2025-09-08 02:19:54 INFO  (GhidraScript) onnxruntime_analyzer.py>   - [STACK_SEARCH.0] Def P-Code Op: (register, 0x4000, 8) CAST (unique, 0x100010dd, 8)  
2025-09-08 02:19:54 INFO  (GhidraScript) onnxruntime_analyzer.py>   - [STACK_SEARCH.0] Recursing through CAST...  
2025-09-08 02:19:54 INFO  (GhidraScript) onnxruntime_analyzer.py>   - [STACK_SEARCH.1] Analyzing varnode: (unique, 0x100010dd, 8)  
2025-09-08 02:19:54 INFO  (GhidraScript) onnxruntime_analyzer.py>   - [STACK_SEARCH.1] Details: isAddress=0, addr=unique:100010dd, isStackAddress=0  
2025-09-08 02:19:54 INFO  (GhidraScript) onnxruntime_analyzer.py>   - [STACK_SEARCH.1] Def P-Code Op: (unique, 0x100010dd, 8) CALL (ram, 0x104e14, 8) , (unique, 0x100010d5, 8) , (const, 0x1, 8)  
2025-09-08 02:19:54 INFO  (GhidraScript) onnxruntime_analyzer.py>   - [STACK_SEARCH.1] Mnemonic 'CALL' is not a handled case. Aborting path.  
2025-09-08 02:19:54 INFO  (GhidraScript) onnxruntime_analyzer.py> DEBUG: [LOAD_HANDLER] POINTER_RULE FAIL: Address varnode puVar12(x0) is not tainted (recursive check).  
2025-09-08 02:19:54 INFO  (GhidraScript) onnxruntime_analyzer.py> DEBUG: [LOAD_HANDLER] REGION_RULE FAIL: Address pointer puVar12(x0) is not in the tainted memory regions set.  
2025-09-08 02:19:54 INFO  (GhidraScript) onnxruntime_analyzer.py> DEBUG: [main @ 001028a8] Taint propagated from local_268(StackDirect[Stack[-0x268]]) to UNNAMED(UniquePcode[0x12480]) via PTRADD.  
2025-09-08 02:19:54 INFO  (GhidraScript) onnxruntime_analyzer.py> DEBUG: [LOAD_HANDLER] Checking LOAD op at 001028ac. Address varnode: (unique, 0x12480, 8)  
2025-09-08 02:19:54 INFO  (GhidraScript) onnxruntime_analyzer.py>   - [STACK_SEARCH.0] Analyzing varnode: (unique, 0x12480, 8)  
2025-09-08 02:19:54 INFO  (GhidraScript) onnxruntime_analyzer.py>   - [STACK_SEARCH.0] Details: isAddress=0, addr=unique:00012480, isStackAddress=0  
2025-09-08 02:19:54 INFO  (GhidraScript) onnxruntime_analyzer.py>   - [STACK_SEARCH.0] Def P-Code Op: (unique, 0x12480, 8) PTRADD (stack, 0xfffffffffffffd98, 8) , (stack, 0xfffffffffffffd68, 8) , (const, 0x4, 8)  
2025-09-08 02:19:54 INFO  (GhidraScript) onnxruntime_analyzer.py>   - [STACK_SEARCH.0] Mnemonic 'PTRADD' is not a handled case. Aborting path.  
2025-09-08 02:19:54 INFO  (GhidraScript) onnxruntime_analyzer.py>   - [STACK_SEARCH.0] Analyzing varnode: (stack, 0xfffffffffffffd98, 8)  
2025-09-08 02:19:54 INFO  (GhidraScript) onnxruntime_analyzer.py>   - [STACK_SEARCH.0] Details: isAddress=0, addr=Stack[-0x268], isStackAddress=1  
2025-09-08 02:19:54 INFO  (GhidraScript) onnxruntime_analyzer.py>   - [STACK_SEARCH.0] SUCCESS (Direct): Varnode is a direct stack address with offset -0x268.  
2025-09-08 02:19:54 INFO  (GhidraScript) onnxruntime_analyzer.py> DEBUG: [LOAD_HANDLER] STACK_RULE SUCCESS (base): Tainting output due to load from tainted stack base -0x268.  
2025-09-08 02:19:54 INFO  (GhidraScript) onnxruntime_analyzer.py> DEBUG: [main @ 001028ac] Taint propagated from Tainted Stack Location [base -0x268 + field ?] to UNNAMED(s1) via LOAD.  
2025-09-08 02:19:54 INFO  (GhidraScript) onnxruntime_analyzer.py> DEBUG: [main @ 001028b8] Taint propagated from UNNAMED(s1) to UNNAMED(s0) via FLOAT_MULT.  
2025-09-08 02:19:54 INFO  (GhidraScript) onnxruntime_analyzer.py> DEBUG: [main @ 001028d0] Taint propagated from local_268(StackDirect[Stack[-0x268]]) to UNNAMED(UniquePcode[0x12480]) via PTRADD.  
2025-09-08 02:19:54 INFO  (GhidraScript) onnxruntime_analyzer.py> DEBUG: [LOAD_HANDLER] Checking LOAD op at 001028d4. Address varnode: (unique, 0x12480, 8)  
2025-09-08 02:19:54 INFO  (GhidraScript) onnxruntime_analyzer.py>   - [STACK_SEARCH.0] Analyzing varnode: (unique, 0x12480, 8)  
2025-09-08 02:19:54 INFO  (GhidraScript) onnxruntime_analyzer.py>   - [STACK_SEARCH.0] Details: isAddress=0, addr=unique:00012480, isStackAddress=0  
2025-09-08 02:19:54 INFO  (GhidraScript) onnxruntime_analyzer.py>   - [STACK_SEARCH.0] Def P-Code Op: (unique, 0x12480, 8) PTRADD (stack, 0xfffffffffffffd98, 8) , (unique, 0x11f80, 8) , (const, 0x4, 8)  
2025-09-08 02:19:54 INFO  (GhidraScript) onnxruntime_analyzer.py>   - [STACK_SEARCH.0] Mnemonic 'PTRADD' is not a handled case. Aborting path.  
2025-09-08 02:19:54 INFO  (GhidraScript) onnxruntime_analyzer.py>   - [STACK_SEARCH.0] Analyzing varnode: (stack, 0xfffffffffffffd98, 8)  
2025-09-08 02:19:54 INFO  (GhidraScript) onnxruntime_analyzer.py>   - [STACK_SEARCH.0] Details: isAddress=0, addr=Stack[-0x268], isStackAddress=1  
2025-09-08 02:19:54 INFO  (GhidraScript) onnxruntime_analyzer.py>   - [STACK_SEARCH.0] SUCCESS (Direct): Varnode is a direct stack address with offset -0x268.  
2025-09-08 02:19:54 INFO  (GhidraScript) onnxruntime_analyzer.py> DEBUG: [LOAD_HANDLER] STACK_RULE SUCCESS (base): Tainting output due to load from tainted stack base -0x268.  
2025-09-08 02:19:54 INFO  (GhidraScript) onnxruntime_analyzer.py> DEBUG: [main @ 001028d4] Taint propagated from Tainted Stack Location [base -0x268 + field ?] to UNNAMED(s1) via LOAD.  
2025-09-08 02:19:54 INFO  (GhidraScript) onnxruntime_analyzer.py> DEBUG: [main @ 001028e0] Taint propagated from UNNAMED(s1) to UNNAMED(s0) via FLOAT_MULT.  
2025-09-08 02:19:54 INFO  (GhidraScript) onnxruntime_analyzer.py> DEBUG: [main @ 001028f0] Taint propagated from UNNAMED(s0) to UNNAMED(UniquePcode[0x100008f1]) via FLOAT_LESS.  
2025-09-08 02:19:54 INFO  (GhidraScript) onnxruntime_analyzer.py> INFO: [main @ 001028f0] Taint reached COMPARISON op (FLOAT_LESS). Operands: ['UNNAMED(s0)', 'UNNAMED(s0)'].  
2025-09-08 02:19:54 INFO  (GhidraScript) onnxruntime_analyzer.py> DEBUG: [CBRANCH] Found defining op for condition: (unique, 0x100008f1, 1) FLOAT_LESS (register, 0x5000, 4) , (register, 0x5000, 4)  
2025-09-08 02:19:54 INFO  (GhidraScript) onnxruntime_analyzer.py> INFO: [main @ 001028f4] Taint reached CBRANCH. Operands: ['UNNAMED(s0)', 'UNNAMED(s0)'].   
2025-09-08 02:19:54 INFO  (GhidraScript) onnxruntime_analyzer.py> DEBUG: [main @ 0010290c] Taint propagated from UNNAMED(s0) to UNNAMED(UniquePcode[0x100008f5]) via FLOAT_LESSEQUAL.  
2025-09-08 02:19:54 INFO  (GhidraScript) onnxruntime_analyzer.py> INFO: [main @ 0010290c] Taint reached COMPARISON op (FLOAT_LESSEQUAL). Operands: ['UNNAMED(s0)', 'UNNAMED(s0)'].  
2025-09-08 02:19:54 INFO  (GhidraScript) onnxruntime_analyzer.py> DEBUG: [CBRANCH] Found defining op for condition: (unique, 0x100008f5, 1) FLOAT_LESSEQUAL (register, 0x5000, 4) , (register, 0x5000, 4)  
2025-09-08 02:19:54 INFO  (GhidraScript) onnxruntime_analyzer.py> INFO: [main @ 00102910] Taint reached CBRANCH. Operands: ['UNNAMED(s0)', 'UNNAMED(s0)'].   
2025-09-08 02:19:54 INFO  (GhidraScript) onnxruntime_analyzer.py> DEBUG: [main @ 0010291c] Taint propagated from UNNAMED(s0) to UNNAMED(UniquePcode[0x100008fd]) via FLOAT_LESS.  
2025-09-08 02:19:54 INFO  (GhidraScript) onnxruntime_analyzer.py> INFO: [main @ 0010291c] Taint reached COMPARISON op (FLOAT_LESS). Operands: ['UNNAMED(s0)', 'UNNAMED(s0)'].  
2025-09-08 02:19:54 INFO  (GhidraScript) onnxruntime_analyzer.py> DEBUG: [CBRANCH] Found defining op for condition: (unique, 0x100008fd, 1) FLOAT_LESS (register, 0x5000, 4) , (register, 0x5000, 4)  
2025-09-08 02:19:54 INFO  (GhidraScript) onnxruntime_analyzer.py> INFO: [main @ 00102920] Taint reached CBRANCH. Operands: ['UNNAMED(s0)', 'UNNAMED(s0)'].   
2025-09-08 02:19:54 INFO  (GhidraScript) onnxruntime_analyzer.py> DEBUG: [main @ 00102938] Taint propagated from UNNAMED(s0) to UNNAMED(UniquePcode[0x10000901]) via FLOAT_LESSEQUAL.  
2025-09-08 02:19:54 INFO  (GhidraScript) onnxruntime_analyzer.py> INFO: [main @ 00102938] Taint reached COMPARISON op (FLOAT_LESSEQUAL). Operands: ['UNNAMED(s0)', 'UNNAMED(s0)'].  
2025-09-08 02:19:54 INFO  (GhidraScript) onnxruntime_analyzer.py> DEBUG: [CBRANCH] Found defining op for condition: (unique, 0x10000901, 1) FLOAT_LESSEQUAL (register, 0x5000, 4) , (register, 0x5000, 4)  
2025-09-08 02:19:54 INFO  (GhidraScript) onnxruntime_analyzer.py> INFO: [main @ 0010293c] Taint reached CBRANCH. Operands: ['UNNAMED(s0)', 'UNNAMED(s0)'].   
2025-09-08 02:19:54 INFO  (GhidraScript) onnxruntime_analyzer.py> DEBUG: [CBRANCH] Found defining op for condition: (register, 0x105, 1) INT_LESS (stack, 0xfffffffffffffd68, 8) , (register, 0x4000, 8)  
2025-09-08 02:19:54 INFO  (GhidraScript) onnxruntime_analyzer.py> INFO: [main @ 00102964] Taint reached CBRANCH. Operands: ['local_298(StackDirect[Stack[-0x298]])', 'local_260(StackDirect[Stack[-0x260]])'].   
2025-09-08 02:19:54 INFO  (GhidraScript) onnxruntime_analyzer.py> INFO: [main @ 00102974] Taint reached CBRANCH. Operands: [].   
2025-09-08 02:19:54 INFO  (GhidraScript) onnxruntime_analyzer.py> DEBUG: [CBRANCH] Found defining op for condition: (register, 0x108, 1) INT_NOTEQUAL (unique, 0x3e480, 8) , (const, 0x0, 8)  
2025-09-08 02:19:54 INFO  (GhidraScript) onnxruntime_analyzer.py> INFO: [main @ 00102a3c] Taint reached CBRANCH. Operands: ['UNNAMED(UniquePcode[0x3e480])', 'UnnamedHighVar(Constant: 0x0)'].   
2025-09-08 02:19:54 INFO  (GhidraScript) onnxruntime_analyzer.py> DEBUG: [main @ 00102cb0] Analyzing potential tainted RETURN with value: UNNAMED(x0) (Tainted: 0)  
2025-09-08 02:19:54 INFO  (GhidraScript) onnxruntime_analyzer.py>     [DEBUG] --- Taint Check Details (RETURN FAILED) ---  
2025-09-08 02:19:54 INFO  (GhidraScript) onnxruntime_analyzer.py>     [DEBUG]   > Return Varnode: (register, 0x4000, 8) (Size: 8, Def: (register, 0x4000, 8) COPY (register, 0x4098, 8) at 00102c98)  
2025-09-08 02:19:54 INFO  (GhidraScript) onnxruntime_analyzer.py>     [DEBUG]   > Currently Tainted HighVariables in this function:  
2025-09-08 02:19:54 INFO  (GhidraScript) onnxruntime_analyzer.py>     [DEBUG]     1. UNNAMED(UniquePcode[0x100008f1])  
2025-09-08 02:19:54 INFO  (GhidraScript) onnxruntime_analyzer.py>     [DEBUG]     2. UNNAMED(UniquePcode[0x100008f5])  
2025-09-08 02:19:54 INFO  (GhidraScript) onnxruntime_analyzer.py>     [DEBUG]     3. UNNAMED(UniquePcode[0x100008fd])  
2025-09-08 02:19:54 INFO  (GhidraScript) onnxruntime_analyzer.py>     [DEBUG]     4. UNNAMED(UniquePcode[0x10000901])  
2025-09-08 02:19:54 INFO  (GhidraScript) onnxruntime_analyzer.py>     [DEBUG]     5. UNNAMED(UniquePcode[0x12480])  
2025-09-08 02:19:54 INFO  (GhidraScript) onnxruntime_analyzer.py>     [DEBUG]     6. UNNAMED(UniquePcode[0x12480])  
2025-09-08 02:19:54 INFO  (GhidraScript) onnxruntime_analyzer.py>     [DEBUG]     7. UNNAMED(s0)  
2025-09-08 02:19:54 INFO  (GhidraScript) onnxruntime_analyzer.py>     [DEBUG]     8. UNNAMED(s0)  
2025-09-08 02:19:54 INFO  (GhidraScript) onnxruntime_analyzer.py>     [DEBUG]     9. UNNAMED(s1)  
2025-09-08 02:19:54 INFO  (GhidraScript) onnxruntime_analyzer.py>     [DEBUG]     10. UNNAMED(s1)  
2025-09-08 02:19:54 INFO  (GhidraScript) onnxruntime_analyzer.py>     [DEBUG]     11. local_268(StackDirect[Stack[-0x268]])  
2025-09-08 02:19:54 INFO  (GhidraScript) onnxruntime_analyzer.py>     [DEBUG] ---------------------------------  
2025-09-08 02:19:54 INFO  (GhidraScript) onnxruntime_analyzer.py> <<< Finished analyzing function: main.  
2025-09-08 02:19:54 INFO  (GhidraScript) onnxruntime_analyzer.py> 
--- Stage 1 Complete. Checking for pending multi-stage analysis tasks... ---  
2025-09-08 02:19:54 INFO  (GhidraScript) onnxruntime_analyzer.py> --- No multi-stage analysis tasks were queued. ---  
2025-09-08 02:19:54 INFO  (GhidraScript) onnxruntime_analyzer.py> 
--- Taint Analysis Run Complete ---  
2025-09-08 02:19:54 INFO  (GhidraScript) onnxruntime_analyzer.py> \n--- All Detected Tainted Value Usages (Interprocedural) ---  
2025-09-08 02:19:54 INFO  (GhidraScript) onnxruntime_analyzer.py> Usage #1:  
2025-09-08 02:19:54 INFO  (GhidraScript) onnxruntime_analyzer.py>   Originating Lib Call: ['GetTensorData']  
2025-09-08 02:19:54 INFO  (GhidraScript) onnxruntime_analyzer.py>   Found In Function:   main at 00101f68  
2025-09-08 02:19:54 INFO  (GhidraScript) onnxruntime_analyzer.py>   Instruction Address: 001028f0  
2025-09-08 02:19:54 INFO  (GhidraScript) onnxruntime_analyzer.py>     PCode Op:            (unique, 0x100008f1, 1) FLOAT_LESS (register, 0x5000, 4) , (register, 0x5000, 4)  
2025-09-08 02:19:54 INFO  (GhidraScript) onnxruntime_analyzer.py>     Usage Type:          TAINTED_COMPARISON  
2025-09-08 02:19:54 INFO  (GhidraScript) onnxruntime_analyzer.py>     Tainted Component:   UNNAMED(s0)  
2025-09-08 02:19:54 INFO  (GhidraScript) onnxruntime_analyzer.py>     Details:             Tainted value used in a comparison operation (FLOAT_LESS).  
2025-09-08 02:19:54 INFO  (GhidraScript) onnxruntime_analyzer.py> ----------------------------------------  
2025-09-08 02:19:54 INFO  (GhidraScript) onnxruntime_analyzer.py> Usage #2:  
2025-09-08 02:19:54 INFO  (GhidraScript) onnxruntime_analyzer.py>   Originating Lib Call: ['GetTensorData']  
2025-09-08 02:19:54 INFO  (GhidraScript) onnxruntime_analyzer.py>   Found In Function:   main at 00101f68  
2025-09-08 02:19:54 INFO  (GhidraScript) onnxruntime_analyzer.py>   Instruction Address: 001028f4  
2025-09-08 02:19:54 INFO  (GhidraScript) onnxruntime_analyzer.py>     PCode Op:             ---  CBRANCH (ram, 0x102944, 1) , (unique, 0x100008f1, 1)  
2025-09-08 02:19:54 INFO  (GhidraScript) onnxruntime_analyzer.py>     Usage Type:          BRANCH_CONDITION_TAINTED  
2025-09-08 02:19:54 INFO  (GhidraScript) onnxruntime_analyzer.py>     Tainted Component:   UNNAMED(UniquePcode[0x100008f1])  
2025-09-08 02:19:54 INFO  (GhidraScript) onnxruntime_analyzer.py>     Details:             Tainted condition for branch.  
2025-09-08 02:19:54 INFO  (GhidraScript) onnxruntime_analyzer.py> ----------------------------------------  
2025-09-08 02:19:54 INFO  (GhidraScript) onnxruntime_analyzer.py> Usage #3:  
2025-09-08 02:19:54 INFO  (GhidraScript) onnxruntime_analyzer.py>   Originating Lib Call: ['GetTensorData']  
2025-09-08 02:19:54 INFO  (GhidraScript) onnxruntime_analyzer.py>   Found In Function:   main at 00101f68  
2025-09-08 02:19:54 INFO  (GhidraScript) onnxruntime_analyzer.py>   Instruction Address: 0010290c  
2025-09-08 02:19:54 INFO  (GhidraScript) onnxruntime_analyzer.py>     PCode Op:            (unique, 0x100008f5, 1) FLOAT_LESSEQUAL (register, 0x5000, 4) , (register, 0x5000, 4)  
2025-09-08 02:19:54 INFO  (GhidraScript) onnxruntime_analyzer.py>     Usage Type:          TAINTED_COMPARISON  
2025-09-08 02:19:54 INFO  (GhidraScript) onnxruntime_analyzer.py>     Tainted Component:   UNNAMED(s0)  
2025-09-08 02:19:54 INFO  (GhidraScript) onnxruntime_analyzer.py>     Details:             Tainted value used in a comparison operation (FLOAT_LESSEQUAL).  
2025-09-08 02:19:54 INFO  (GhidraScript) onnxruntime_analyzer.py> ----------------------------------------  
2025-09-08 02:19:54 INFO  (GhidraScript) onnxruntime_analyzer.py> Usage #4:  
2025-09-08 02:19:54 INFO  (GhidraScript) onnxruntime_analyzer.py>   Originating Lib Call: ['GetTensorData']  
2025-09-08 02:19:54 INFO  (GhidraScript) onnxruntime_analyzer.py>   Found In Function:   main at 00101f68  
2025-09-08 02:19:54 INFO  (GhidraScript) onnxruntime_analyzer.py>   Instruction Address: 00102910  
2025-09-08 02:19:54 INFO  (GhidraScript) onnxruntime_analyzer.py>     PCode Op:             ---  CBRANCH (ram, 0x102944, 1) , (unique, 0x100008f5, 1)  
2025-09-08 02:19:54 INFO  (GhidraScript) onnxruntime_analyzer.py>     Usage Type:          BRANCH_CONDITION_TAINTED  
2025-09-08 02:19:54 INFO  (GhidraScript) onnxruntime_analyzer.py>     Tainted Component:   UNNAMED(UniquePcode[0x100008f5])  
2025-09-08 02:19:54 INFO  (GhidraScript) onnxruntime_analyzer.py>     Details:             Tainted condition for branch.  
2025-09-08 02:19:54 INFO  (GhidraScript) onnxruntime_analyzer.py> ----------------------------------------  
2025-09-08 02:19:54 INFO  (GhidraScript) onnxruntime_analyzer.py> Usage #5:  
2025-09-08 02:19:54 INFO  (GhidraScript) onnxruntime_analyzer.py>   Originating Lib Call: ['GetTensorData']  
2025-09-08 02:19:54 INFO  (GhidraScript) onnxruntime_analyzer.py>   Found In Function:   main at 00101f68  
2025-09-08 02:19:54 INFO  (GhidraScript) onnxruntime_analyzer.py>   Instruction Address: 0010291c  
2025-09-08 02:19:54 INFO  (GhidraScript) onnxruntime_analyzer.py>     PCode Op:            (unique, 0x100008fd, 1) FLOAT_LESS (register, 0x5000, 4) , (register, 0x5000, 4)  
2025-09-08 02:19:54 INFO  (GhidraScript) onnxruntime_analyzer.py>     Usage Type:          TAINTED_COMPARISON  
2025-09-08 02:19:54 INFO  (GhidraScript) onnxruntime_analyzer.py>     Tainted Component:   UNNAMED(s0)  
2025-09-08 02:19:54 INFO  (GhidraScript) onnxruntime_analyzer.py>     Details:             Tainted value used in a comparison operation (FLOAT_LESS).  
2025-09-08 02:19:54 INFO  (GhidraScript) onnxruntime_analyzer.py> ----------------------------------------  
2025-09-08 02:19:54 INFO  (GhidraScript) onnxruntime_analyzer.py> Usage #6:  
2025-09-08 02:19:54 INFO  (GhidraScript) onnxruntime_analyzer.py>   Originating Lib Call: ['GetTensorData']  
2025-09-08 02:19:54 INFO  (GhidraScript) onnxruntime_analyzer.py>   Found In Function:   main at 00101f68  
2025-09-08 02:19:54 INFO  (GhidraScript) onnxruntime_analyzer.py>   Instruction Address: 00102920  
2025-09-08 02:19:54 INFO  (GhidraScript) onnxruntime_analyzer.py>     PCode Op:             ---  CBRANCH (ram, 0x102944, 1) , (unique, 0x100008fd, 1)  
2025-09-08 02:19:54 INFO  (GhidraScript) onnxruntime_analyzer.py>     Usage Type:          BRANCH_CONDITION_TAINTED  
2025-09-08 02:19:54 INFO  (GhidraScript) onnxruntime_analyzer.py>     Tainted Component:   UNNAMED(UniquePcode[0x100008fd])  
2025-09-08 02:19:54 INFO  (GhidraScript) onnxruntime_analyzer.py>     Details:             Tainted condition for branch.  
2025-09-08 02:19:54 INFO  (GhidraScript) onnxruntime_analyzer.py> ----------------------------------------  
2025-09-08 02:19:54 INFO  (GhidraScript) onnxruntime_analyzer.py> Usage #7:  
2025-09-08 02:19:54 INFO  (GhidraScript) onnxruntime_analyzer.py>   Originating Lib Call: ['GetTensorData']  
2025-09-08 02:19:54 INFO  (GhidraScript) onnxruntime_analyzer.py>   Found In Function:   main at 00101f68  
2025-09-08 02:19:54 INFO  (GhidraScript) onnxruntime_analyzer.py>   Instruction Address: 00102938  
2025-09-08 02:19:54 INFO  (GhidraScript) onnxruntime_analyzer.py>     PCode Op:            (unique, 0x10000901, 1) FLOAT_LESSEQUAL (register, 0x5000, 4) , (register, 0x5000, 4)  
2025-09-08 02:19:54 INFO  (GhidraScript) onnxruntime_analyzer.py>     Usage Type:          TAINTED_COMPARISON  
2025-09-08 02:19:54 INFO  (GhidraScript) onnxruntime_analyzer.py>     Tainted Component:   UNNAMED(s0)  
2025-09-08 02:19:54 INFO  (GhidraScript) onnxruntime_analyzer.py>     Details:             Tainted value used in a comparison operation (FLOAT_LESSEQUAL).  
2025-09-08 02:19:54 INFO  (GhidraScript) onnxruntime_analyzer.py> ----------------------------------------  
2025-09-08 02:19:54 INFO  (GhidraScript) onnxruntime_analyzer.py> Usage #8:  
2025-09-08 02:19:54 INFO  (GhidraScript) onnxruntime_analyzer.py>   Originating Lib Call: ['GetTensorData']  
2025-09-08 02:19:54 INFO  (GhidraScript) onnxruntime_analyzer.py>   Found In Function:   main at 00101f68  
2025-09-08 02:19:54 INFO  (GhidraScript) onnxruntime_analyzer.py>   Instruction Address: 0010293c  
2025-09-08 02:19:54 INFO  (GhidraScript) onnxruntime_analyzer.py>     PCode Op:             ---  CBRANCH (ram, 0x102944, 1) , (unique, 0x10000901, 1)  
2025-09-08 02:19:54 INFO  (GhidraScript) onnxruntime_analyzer.py>     Usage Type:          BRANCH_CONDITION_TAINTED  
2025-09-08 02:19:54 INFO  (GhidraScript) onnxruntime_analyzer.py>     Tainted Component:   UNNAMED(UniquePcode[0x10000901])  
2025-09-08 02:19:54 INFO  (GhidraScript) onnxruntime_analyzer.py>     Details:             Tainted condition for branch.  
2025-09-08 02:19:54 INFO  (GhidraScript) onnxruntime_analyzer.py> ----------------------------------------  
2025-09-08 02:19:54 INFO  (GhidraScript) onnxruntime_analyzer.py> Usage #9:  
2025-09-08 02:19:54 INFO  (GhidraScript) onnxruntime_analyzer.py>   Originating Lib Call: ['GetTensorData']  
2025-09-08 02:19:54 INFO  (GhidraScript) onnxruntime_analyzer.py>   Found In Function:   main at 00101f68  
2025-09-08 02:19:54 INFO  (GhidraScript) onnxruntime_analyzer.py>   Instruction Address: 00102964  
2025-09-08 02:19:54 INFO  (GhidraScript) onnxruntime_analyzer.py>     PCode Op:             ---  CBRANCH (ram, 0x10289c, 1) , (register, 0x105, 1)  
2025-09-08 02:19:54 INFO  (GhidraScript) onnxruntime_analyzer.py>     Usage Type:          BRANCH_CONDITION_TAINTED  
2025-09-08 02:19:54 INFO  (GhidraScript) onnxruntime_analyzer.py>     Tainted Component:   UNNAMED(tmpCY)  
2025-09-08 02:19:54 INFO  (GhidraScript) onnxruntime_analyzer.py>     Details:             Tainted condition for branch.  
2025-09-08 02:19:54 INFO  (GhidraScript) onnxruntime_analyzer.py> ----------------------------------------  
2025-09-08 02:19:54 INFO  (GhidraScript) onnxruntime_analyzer.py> Usage #10:  
2025-09-08 02:19:54 INFO  (GhidraScript) onnxruntime_analyzer.py>   Originating Lib Call: ['GetTensorData']  
2025-09-08 02:19:54 INFO  (GhidraScript) onnxruntime_analyzer.py>   Found In Function:   main at 00101f68  
2025-09-08 02:19:54 INFO  (GhidraScript) onnxruntime_analyzer.py>   Instruction Address: 00102974  
2025-09-08 02:19:54 INFO  (GhidraScript) onnxruntime_analyzer.py>     PCode Op:             ---  CBRANCH (ram, 0x102988, 1) , (unique, 0x10000917, 1)  
2025-09-08 02:19:54 INFO  (GhidraScript) onnxruntime_analyzer.py>     Usage Type:          BRANCH_CONDITION_TAINTED  
2025-09-08 02:19:54 INFO  (GhidraScript) onnxruntime_analyzer.py>     Tainted Component:   bVar1(w0)  
2025-09-08 02:19:54 INFO  (GhidraScript) onnxruntime_analyzer.py>     Details:             Tainted condition for branch.  
2025-09-08 02:19:54 INFO  (GhidraScript) onnxruntime_analyzer.py> ----------------------------------------  
2025-09-08 02:19:54 INFO  (GhidraScript) onnxruntime_analyzer.py> Usage #11:  
2025-09-08 02:19:54 INFO  (GhidraScript) onnxruntime_analyzer.py>   Originating Lib Call: ['GetTensorData']  
2025-09-08 02:19:54 INFO  (GhidraScript) onnxruntime_analyzer.py>   Found In Function:   main at 00101f68  
2025-09-08 02:19:54 INFO  (GhidraScript) onnxruntime_analyzer.py>   Instruction Address: 00102a3c  
2025-09-08 02:19:54 INFO  (GhidraScript) onnxruntime_analyzer.py>     PCode Op:             ---  CBRANCH (ram, 0x102c98, 1) , (register, 0x108, 1)  
2025-09-08 02:19:54 INFO  (GhidraScript) onnxruntime_analyzer.py>     Usage Type:          BRANCH_CONDITION_TAINTED  
2025-09-08 02:19:54 INFO  (GhidraScript) onnxruntime_analyzer.py>     Tainted Component:   UNNAMED(tmpZR)  
2025-09-08 02:19:54 INFO  (GhidraScript) onnxruntime_analyzer.py>     Details:             Tainted condition for branch.  
2025-09-08 02:19:54 INFO  (GhidraScript) onnxruntime_analyzer.py> ----------------------------------------  
2025-09-08 02:19:54 INFO  (GhidraScript) onnxruntime_analyzer.py> INFO: TAINT_ANALYSIS_JSON_OUTPUT env var found. Saving results to: /Users/chenkexin/Desktop/kk/test_taint/results/pfld_landmarks_onnxruntime_gcc_O0_taint_analysis_results.json  
2025-09-08 02:19:54 INFO  (GhidraScript) onnxruntime_analyzer.py> Taint analysis results saved to: /Users/chenkexin/Desktop/kk/test_taint/results/pfld_landmarks_onnxruntime_gcc_O0_taint_analysis_results.json  
2025-09-08 02:19:55 INFO  (GhidraScript) onnxruntime_analyzer.py> SUCCESS: Hook configuration saved to: /Users/chenkexin/Desktop/kk/test_taint/results/pfld_landmarks_onnxruntime_gcc_O0_hook_config.json  
2025-09-08 02:19:55 INFO  (GhidraScript) onnxruntime_analyzer.py> ONNXRuntime Taint Analyzer finished.  
2025-09-08 02:19:55 INFO  (HeadlessAnalyzer) ANALYZING changes made by post scripts: file:///Users/chenkexin/Desktop/kk/test_taint/assets/merged_bin/pfld_landmarks_onnxruntime_gcc_O0  
2025-09-08 02:19:55 INFO  (HeadlessAnalyzer) REPORT: Post-analysis succeeded for file: file:///Users/chenkexin/Desktop/kk/test_taint/assets/merged_bin/pfld_landmarks_onnxruntime_gcc_O0  
2025-09-08 02:19:55 INFO  (HeadlessAnalyzer) REPORT: Save succeeded for: /pfld_landmarks_onnxruntime_gcc_O0 (all_binaries_analysis:/pfld_landmarks_onnxruntime_gcc_O0)  
2025-09-08 02:19:55 INFO  (HeadlessAnalyzer) REPORT: Import succeeded  
2025-09-08 02:19:55 DEBUG (DefaultProjectData) Closing ProjectData: /Users/chenkexin/Desktop/kk/test_taint/ghidra_projects/all_binaries_analysis.rep  
2025-09-08 02:19:55 DEBUG (DefaultProjectData) Disposing ProjectData: /Users/chenkexin/Desktop/kk/test_taint/ghidra_projects/all_binaries_analysis.rep  
