2025-09-08 14:19:23 INFO  (LoggingInitialization) Using log config file: jar:file:/Applications/ghidra_11.0.3_PUBLIC/Ghidra/Framework/Generic/lib/Generic.jar!/generic.log4j.xml  
2025-09-08 14:19:23 INFO  (LoggingInitialization) Using log file: /Users/chenkexin/Desktop/kk/test_taint/logs/ssrnet_age_tflite_gcc_O0_headless_analysis.log  
2025-09-08 14:19:23 INFO  (Preferences) Loading user preferences: /Users/chenkexin/.ghidra/.ghidra_11.0.3_PUBLIC/preferences  
2025-09-08 14:19:23 INFO  (Preferences) Loading previous preferences: /Users/chenkexin/.ghidra/.ghidra_10.4_PUBLIC/preferences  
2025-09-08 14:19:23 INFO  (ClassSearcher) Searching for classes...  
2025-09-08 14:19:24 INFO  (ClassSearcher) Class search complete (1508 ms)  
2025-09-08 14:19:24 INFO  (SSLContextInitializer) Initializing SSL Context  
2025-09-08 14:19:24 INFO  (SecureRandomFactory) Initializing Random Number Generator...  
2025-09-08 14:19:24 INFO  (SecureRandomFactory) Random Number Generator initialization complete: NativePRNGNonBlocking  
2025-09-08 14:19:24 INFO  (ApplicationTrustManagerFactory) Trust manager disabled, cacerts have not been set  
2025-09-08 14:19:25 INFO  (HeadlessAnalyzer) HEADLESS Script Paths:
    /Applications/ghidra_11.0.3_PUBLIC/Ghidra/Processors/8051/ghidra_scripts
    /Applications/ghidra_11.0.3_PUBLIC/Ghidra/Features/FileFormats/ghidra_scripts
    /Applications/ghidra_11.0.3_PUBLIC/Ghidra/Features/Base/ghidra_scripts
    /Applications/ghidra_11.0.3_PUBLIC/Ghidra/Features/Python/ghidra_scripts
    /Applications/ghidra_11.0.3_PUBLIC/Ghidra/Features/GnuDemangler/ghidra_scripts
    /Applications/ghidra_11.0.3_PUBLIC/Ghidra/Features/SystemEmulation/ghidra_scripts
    /Applications/ghidra_11.0.3_PUBLIC/Ghidra/Features/MicrosoftCodeAnalyzer/ghidra_scripts
    /Applications/ghidra_11.0.3_PUBLIC/Ghidra/Features/BytePatterns/ghidra_scripts
    /Applications/ghidra_11.0.3_PUBLIC/Ghidra/Features/Decompiler/ghidra_scripts
    /Applications/ghidra_11.0.3_PUBLIC/Ghidra/Processors/Atmel/ghidra_scripts
    /Applications/ghidra_11.0.3_PUBLIC/Ghidra/Debug/Debugger-agent-frida/ghidra_scripts
    /Applications/ghidra_11.0.3_PUBLIC/Ghidra/Features/FunctionID/ghidra_scripts
    /Applications/ghidra_11.0.3_PUBLIC/Ghidra/Processors/JVM/ghidra_scripts
    /Applications/ghidra_11.0.3_PUBLIC/Ghidra/Processors/PIC/ghidra_scripts
    /Applications/ghidra_11.0.3_PUBLIC/Ghidra/Features/BSim/ghidra_scripts
    /Applications/ghidra_11.0.3_PUBLIC/Ghidra/Features/PDB/ghidra_scripts
    /Applications/ghidra_11.0.3_PUBLIC/Ghidra/Processors/DATA/ghidra_scripts
    /Users/chenkexin/ghidra_scripts
    /Users/chenkexin/Desktop/kk/test_taint
    /Applications/ghidra_11.0.3_PUBLIC/Ghidra/Debug/Debugger-agent-dbgmodel-traceloader/ghidra_scripts
    /Applications/ghidra_11.0.3_PUBLIC/Ghidra/Debug/Debugger-rmi-trace/ghidra_scripts
    /Applications/ghidra_11.0.3_PUBLIC/Ghidra/Features/VersionTracking/ghidra_scripts
    /Applications/ghidra_11.0.3_PUBLIC/Ghidra/Debug/Debugger/ghidra_scripts  
2025-09-08 14:19:25 INFO  (HeadlessAnalyzer) HEADLESS: execution starts  
2025-09-08 14:19:25 INFO  (HeadlessAnalyzer) Opening existing project: /Users/chenkexin/Desktop/kk/test_taint/ghidra_projects/all_binaries_analysis  
2025-09-08 14:19:25 INFO  (HeadlessProject) Opening project: /Users/chenkexin/Desktop/kk/test_taint/ghidra_projects/all_binaries_analysis  
2025-09-08 14:19:25 INFO  (HeadlessAnalyzer) REPORT: Processing input files:   
2025-09-08 14:19:25 INFO  (HeadlessAnalyzer)      project: /Users/chenkexin/Desktop/kk/test_taint/ghidra_projects/all_binaries_analysis  
2025-09-08 14:19:25 INFO  (HeadlessAnalyzer) IMPORTING: file:///Users/chenkexin/Desktop/kk/test_taint/assets/merged_bin/ssrnet_age_tflite_gcc_O0  
2025-09-08 14:19:28 INFO  (AutoImporter) Using Loader: Executable and Linking Format (ELF)  
2025-09-08 14:19:28 INFO  (AutoImporter) Using Language/Compiler: AARCH64:LE:64:v8A:default  
2025-09-08 14:19:28 DEBUG (ElfHeader) Elf symbol table section .dynsym linked to string table section .dynstr  
2025-09-08 14:19:28 DEBUG (ElfHeader) Elf symbol table section .symtab linked to string table section .strtab  
2025-09-08 14:19:28 DEBUG (ElfHeader) Elf relocation table section .rela.dyn linked to symbol table section .dynsym affecting PT_LOAD  
2025-09-08 14:19:28 DEBUG (ElfHeader) Elf relocation table section .rela.plt linked to symbol table section .dynsym affecting .got  
2025-09-08 14:19:28 DEBUG (ElfProgramBuilder) Discarding 1-byte alignment/filler segment_2.3 at 00100253  
2025-09-08 14:19:28 DEBUG (ElfProgramBuilder) Discarding 4-byte alignment/filler segment_2.7 at 00100354  
2025-09-08 14:19:28 DEBUG (ElfProgramBuilder) Discarding 6-byte alignment/filler segment_2.11 at 00101bca  
2025-09-08 14:19:28 DEBUG (ElfProgramBuilder) Discarding 32-byte alignment/filler segment_2.17 at 00102860  
2025-09-08 14:19:28 DEBUG (ElfProgramBuilder) Discarding 2-byte alignment/filler segment_2.21 at 00106706  
2025-09-08 14:19:28 DEBUG (ElfProgramBuilder) Discarding 4-byte alignment/filler segment_2.23 at 00106f24  
2025-09-08 14:19:29 WARN  (ElfRelocationHandler) EXTERNAL Data Elf Relocation with offset: at 0011fb58 (External Location = _ZTVN10__cxxabiv120__si_class_type_infoE+0x10)  
2025-09-08 14:19:29 WARN  (ElfRelocationHandler) EXTERNAL Data Elf Relocation with offset: at 0011fb70 (External Location = _ZTVN10__cxxabiv117__class_type_infoE+0x10)  
2025-09-08 14:19:30 INFO  (HeadlessAnalyzer) IMPORTING: Loaded 0 additional files  
2025-09-08 14:19:30 INFO  (HeadlessAnalyzer) ANALYZING all memory and code: file:///Users/chenkexin/Desktop/kk/test_taint/assets/merged_bin/ssrnet_age_tflite_gcc_O0  
2025-09-08 14:19:31 ERROR (DWARFAnalyzer) Error during DWARFAnalyzer import:  ghidra.app.util.bin.format.dwarf4.DWARFException: Only DWARF version 2, 3, or 4 information is currently supported (detected 5).
	at ghidra.app.util.bin.format.dwarf4.DWARFCompilationUnit.readCompilationUnit(DWARFCompilationUnit.java:155)
	at ghidra.app.util.bin.format.dwarf4.next.DWARFProgram.bootstrapCompilationUnits(DWARFProgram.java:629)
	at ghidra.app.util.bin.format.dwarf4.next.DWARFProgram.<init>(DWARFProgram.java:262)
	at ghidra.app.plugin.core.analysis.DWARFAnalyzer.added(DWARFAnalyzer.java:109)
	at ghidra.app.plugin.core.analysis.AnalysisScheduler.runAnalyzer(AnalysisScheduler.java:186)
	at ghidra.app.plugin.core.analysis.AnalysisTask.applyTo(AnalysisTask.java:39)
	at ghidra.app.plugin.core.analysis.AutoAnalysisManager$AnalysisTaskWrapper.run(AutoAnalysisManager.java:686)
	at ghidra.app.plugin.core.analysis.AutoAnalysisManager.startAnalysis(AutoAnalysisManager.java:786)
	at ghidra.app.plugin.core.analysis.AutoAnalysisManager.startAnalysis(AutoAnalysisManager.java:665)
	at ghidra.app.plugin.core.analysis.AutoAnalysisManager.startAnalysis(AutoAnalysisManager.java:630)
	at ghidra.app.util.headless.HeadlessAnalyzer.analyzeProgram(HeadlessAnalyzer.java:1029)
	at ghidra.app.util.headless.HeadlessAnalyzer.processFileWithImport(HeadlessAnalyzer.java:1552)
	at ghidra.app.util.headless.HeadlessAnalyzer.processWithLoader(HeadlessAnalyzer.java:1734)
	at ghidra.app.util.headless.HeadlessAnalyzer.processWithImport(HeadlessAnalyzer.java:1675)
	at ghidra.app.util.headless.HeadlessAnalyzer.processWithImport(HeadlessAnalyzer.java:1759)
	at ghidra.app.util.headless.HeadlessAnalyzer.processLocal(HeadlessAnalyzer.java:460)
	at ghidra.app.util.headless.AnalyzeHeadless.launch(AnalyzeHeadless.java:127)
	at ghidra.GhidraLauncher.launch(GhidraLauncher.java:78)
	at ghidra.Ghidra.main(Ghidra.java:54)
 
2025-09-08 14:19:33 INFO  (PackedDatabaseCache) Packed database cache: /var/folders/kn/fw_2jn054bq5f73czrm_91nc0000gn/T/chenkexin-Ghidra/packed-db-cache  
2025-09-08 14:19:33 DEBUG (PackedDatabaseCache) Using cached packed database: /Applications/ghidra_11.0.3_PUBLIC/Ghidra/Features/Base/data/typeinfo/generic/generic_clib_64.gdt  
2025-09-08 14:19:35 INFO  (ApplyDataArchiveAnalyzer) Applied data type archive: generic_clib_64  
2025-09-08 14:19:36 WARN  (DemangledAddressTable) Unable to fully apply external demangled Address Table at 00121048: __cxxabiv1::__class_type_info::vtable  
2025-09-08 14:19:36 WARN  (DemangledAddressTable) Unable to fully apply external demangled Address Table at 00121118: tflite::MutableOpResolver::vtable  
2025-09-08 14:19:36 WARN  (DemangledAddressTable) Unable to fully apply external demangled Address Table at 00121170: tflite::MutableOpResolver::typeinfo  
2025-09-08 14:19:36 WARN  (DemangledAddressTable) Unable to fully apply external demangled Address Table at 00121198: __cxxabiv1::__si_class_type_info::vtable  
2025-09-08 14:19:37 INFO  (AutoAnalysisManager) -----------------------------------------------------
    AARCH64 ELF PLT Thunks                     0.370 secs
    ASCII Strings                              0.361 secs
    Apply Data Archives                        1.324 secs
    Basic Constant Reference Analyzer          0.725 secs
    Call Convention ID                         0.629 secs
    Call-Fixup Installer                       0.029 secs
    Create Address Tables                      0.036 secs
    Create Address Tables - One Time           0.008 secs
    Create Function                            0.000 secs
    DWARF                                      0.108 secs
    Data Reference                             0.035 secs
    Decompiler Switch Analysis                 0.239 secs
    Demangler GNU                              0.751 secs
    Disassemble Entry Points                   0.158 secs
    Embedded Media                             0.014 secs
    External Entry References                  0.003 secs
    Function Start Search                      0.107 secs
    Function Start Search After Code           0.066 secs
    Function Start Search After Data           0.022 secs
    Function Start Search delayed - One Time   0.003 secs
    GCC Exception Handlers                     1.237 secs
    Non-Returning Functions - Discovered       0.030 secs
    Non-Returning Functions - Known            0.041 secs
    Reference                                  0.082 secs
    Shared Return Calls                        0.054 secs
    Stack                                      0.736 secs
    Subroutine References                      0.029 secs
-----------------------------------------------------
     Total Time   7 secs
-----------------------------------------------------
  
2025-09-08 14:19:37 INFO  (HeadlessAnalyzer) REPORT: Analysis succeeded for file: file:///Users/chenkexin/Desktop/kk/test_taint/assets/merged_bin/ssrnet_age_tflite_gcc_O0  
2025-09-08 14:19:38 INFO  (HeadlessAnalyzer) SCRIPT: /Users/chenkexin/Desktop/kk/test_taint/tflite_analyzer.py  
2025-09-08 14:19:42 INFO  (GhidraScript) tflite_analyzer.py> INFO: Searching for functions, thunks, and call sites related to keywords: ['operator']  
2025-09-08 14:19:42 INFO  (GhidraScript) tflite_analyzer.py> INFO: Found function 'operator.new'. Searching for its thunks.  
2025-09-08 14:19:42 INFO  (GhidraScript) tflite_analyzer.py> INFO: Found thunk 'operator.new' at 00102680 for function.  
2025-09-08 14:19:42 INFO  (GhidraScript) tflite_analyzer.py> INFO: Found thunk 'operator.new' at 001210e0 for function.  
2025-09-08 14:19:42 INFO  (GhidraScript) tflite_analyzer.py> INFO: Found function 'operator<<'. Searching for its thunks.  
2025-09-08 14:19:42 INFO  (GhidraScript) tflite_analyzer.py> INFO: Found thunk 'operator<<' at 00102710 for function.  
2025-09-08 14:19:42 INFO  (GhidraScript) tflite_analyzer.py> INFO: Found thunk 'operator<<' at 00121138 for function.  
2025-09-08 14:19:42 INFO  (GhidraScript) tflite_analyzer.py> INFO: Found function 'operator()'. Searching for its thunks.  
2025-09-08 14:19:42 INFO  (GhidraScript) tflite_analyzer.py> INFO: Found thunk 'operator()' at 001026f0 for function.  
2025-09-08 14:19:42 INFO  (GhidraScript) tflite_analyzer.py> INFO: Found thunk 'operator()' at 00121128 for function.  
2025-09-08 14:19:42 INFO  (GhidraScript) tflite_analyzer.py> INFO: Found function 'operator<<'. Searching for its thunks.  
2025-09-08 14:19:42 INFO  (GhidraScript) tflite_analyzer.py> INFO: Found thunk 'operator<<' at 00102700 for function.  
2025-09-08 14:19:42 INFO  (GhidraScript) tflite_analyzer.py> INFO: Found thunk 'operator<<' at 00121130 for function.  
2025-09-08 14:19:42 INFO  (GhidraScript) tflite_analyzer.py> INFO: Found function 'operator.delete'. Searching for its thunks.  
2025-09-08 14:19:42 INFO  (GhidraScript) tflite_analyzer.py> INFO: Found thunk 'operator.delete' at 00102540 for function.  
2025-09-08 14:19:42 INFO  (GhidraScript) tflite_analyzer.py> INFO: Found thunk 'operator.delete' at 00121018 for function.  
2025-09-08 14:19:42 INFO  (GhidraScript) tflite_analyzer.py> INFO: Found function 'operator<<'. Searching for its thunks.  
2025-09-08 14:19:42 INFO  (GhidraScript) tflite_analyzer.py> INFO: Found thunk 'operator<<' at 001027d0 for function.  
2025-09-08 14:19:42 INFO  (GhidraScript) tflite_analyzer.py> INFO: Found thunk 'operator<<' at 001211a8 for function.  
2025-09-08 14:19:43 INFO  (GhidraScript) tflite_analyzer.py> INFO: Found 30 unique call sites. Analyzing each...  
2025-09-08 14:19:43 INFO  (GhidraScript) tflite_analyzer.py> 
--- Starting Stage 1 Taint Analysis from '['operator']' call sites ---  
2025-09-08 14:19:43 INFO  (GhidraScript) tflite_analyzer.py> 
--- Analyzing Call Site #1058124 at 0010254c ---  
2025-09-08 14:19:43 INFO  (GhidraScript) tflite_analyzer.py> DEBUG: Parent (caller): operator.delete at 00102540  
2025-09-08 14:19:43 INFO  (GhidraScript) tflite_analyzer.py> INFO: Call at 0010254c has no output varnode. Nothing to taint. Skipping.  
2025-09-08 14:19:43 INFO  (GhidraScript) tflite_analyzer.py> 
--- Analyzing Call Site #1058444 at 0010268c ---  
2025-09-08 14:19:43 INFO  (GhidraScript) tflite_analyzer.py> DEBUG: Parent (caller): operator.new at 00102680  
2025-09-08 14:19:43 INFO  (GhidraScript) tflite_analyzer.py> 
--- Initiating Taint Analysis for: operator.new (call at 0010268c) ---  
2025-09-08 14:19:43 INFO  (GhidraScript) tflite_analyzer.py> DEBUG: Taint source is the return value of the call: pvVar1(x0)  
2025-09-08 14:19:43 INFO  (GhidraScript) tflite_analyzer.py> \n>>> Analyzing function: operator.new (Depth: 0) at 00102680 (Originating from: ['operator']) with initial taints: pvVar1(x0)  
2025-09-08 14:19:43 INFO  (GhidraScript) tflite_analyzer.py>   - [STACK_SEARCH.0] Analyzing varnode: (register, 0x4000, 8)  
2025-09-08 14:19:43 INFO  (GhidraScript) tflite_analyzer.py>   - [STACK_SEARCH.0] Details: isAddress=0, addr=register:00004000, isStackAddress=0  
2025-09-08 14:19:43 INFO  (GhidraScript) tflite_analyzer.py>   - [STACK_SEARCH.0] Def P-Code Op: (register, 0x4000, 8) CALL (ram, 0x1210e0, 8) , (register, 0x4000, 8)  
2025-09-08 14:19:43 INFO  (GhidraScript) tflite_analyzer.py>   - [STACK_SEARCH.0] Mnemonic 'CALL' is not a handled case. Aborting path.  
2025-09-08 14:19:43 INFO  (GhidraScript) tflite_analyzer.py> \nDEBUG: Reached specified start PcodeOp (register, 0x4000, 8) CALL (ram, 0x1210e0, 8) , (register, 0x4000, 8) at 0010268c in operator.new, subsequent ops will be processed.  
2025-09-08 14:19:43 WARN  (DecompileCallback) Decompiling 001210e0, pcode error at 001210e0: Unable to disassemble EXTERNAL block location: 001210e0  
2025-09-08 14:19:43 INFO  (GhidraScript) tflite_analyzer.py> DEBUG: [operator.new @ 0010268c] Analyzing potential tainted RETURN with value: pvVar1(x0) (Tainted: 1)  
2025-09-08 14:19:43 INFO  (GhidraScript) tflite_analyzer.py> 
==================== TAINTED RETURN DETECTED ====================  
2025-09-08 14:19:43 INFO  (GhidraScript) tflite_analyzer.py>   - Taint Origin:    ['operator']  
2025-09-08 14:19:43 INFO  (GhidraScript) tflite_analyzer.py>   - Function:        void * operator.new(ulong param_1) (Depth: 0)  
2025-09-08 14:19:43 INFO  (GhidraScript) tflite_analyzer.py>   - Return Address:  0010268c  
2025-09-08 14:19:43 INFO  (GhidraScript) tflite_analyzer.py>   - Instruction:     br x17  
2025-09-08 14:19:43 INFO  (GhidraScript) tflite_analyzer.py>   - Tainted Value:   pvVar1(x0)  
2025-09-08 14:19:43 INFO  (GhidraScript) tflite_analyzer.py>   - Value defined by:  (register, 0x4000, 8) CALL (ram, 0x1210e0, 8) , (register, 0x4000, 8) at 0010268c  
2025-09-08 14:19:43 INFO  (GhidraScript) tflite_analyzer.py> ================================================================
  
2025-09-08 14:19:43 INFO  (GhidraScript) tflite_analyzer.py> INFO: [MULTI-STAGE] Tainted return from 'operator.new'. Finding call sites to continue analysis.  
2025-09-08 14:19:43 INFO  (GhidraScript) tflite_analyzer.py> <<< Finished analyzing function: operator.new.  
2025-09-08 14:19:43 INFO  (GhidraScript) tflite_analyzer.py> 
--- Analyzing Call Site #1058556 at 001026fc ---  
2025-09-08 14:19:43 INFO  (GhidraScript) tflite_analyzer.py> DEBUG: Parent (caller): operator() at 001026f0  
2025-09-08 14:19:43 INFO  (GhidraScript) tflite_analyzer.py> INFO: Call at 001026fc has no output varnode. Nothing to taint. Skipping.  
2025-09-08 14:19:43 INFO  (GhidraScript) tflite_analyzer.py> 
--- Analyzing Call Site #1058572 at 0010270c ---  
2025-09-08 14:19:43 INFO  (GhidraScript) tflite_analyzer.py> DEBUG: Parent (caller): operator<< at 00102700  
2025-09-08 14:19:43 INFO  (GhidraScript) tflite_analyzer.py> 
--- Initiating Taint Analysis for: operator<< (call at 0010270c) ---  
2025-09-08 14:19:43 INFO  (GhidraScript) tflite_analyzer.py> DEBUG: Taint source is the return value of the call: pbVar1(x0)  
2025-09-08 14:19:43 INFO  (GhidraScript) tflite_analyzer.py> \n>>> Analyzing function: operator<< (Depth: 0) at 00102700 (Originating from: ['operator']) with initial taints: pbVar1(x0)  
2025-09-08 14:19:43 INFO  (GhidraScript) tflite_analyzer.py>   - [STACK_SEARCH.0] Analyzing varnode: (register, 0x4000, 8)  
2025-09-08 14:19:43 INFO  (GhidraScript) tflite_analyzer.py>   - [STACK_SEARCH.0] Details: isAddress=0, addr=register:00004000, isStackAddress=0  
2025-09-08 14:19:43 INFO  (GhidraScript) tflite_analyzer.py>   - [STACK_SEARCH.0] Def P-Code Op: (register, 0x4000, 8) CALL (ram, 0x121130, 8) , (register, 0x4000, 8) , (register, 0x4008, 8)  
2025-09-08 14:19:43 INFO  (GhidraScript) tflite_analyzer.py>   - [STACK_SEARCH.0] Mnemonic 'CALL' is not a handled case. Aborting path.  
2025-09-08 14:19:43 INFO  (GhidraScript) tflite_analyzer.py> \nDEBUG: Reached specified start PcodeOp (register, 0x4000, 8) CALL (ram, 0x121130, 8) , (register, 0x4000, 8) , (register, 0x4008, 8) at 0010270c in operator<<, subsequent ops will be processed.  
2025-09-08 14:19:43 WARN  (DecompileCallback) Decompiling 00121130, pcode error at 00121130: Unable to disassemble EXTERNAL block location: 00121130  
2025-09-08 14:19:43 INFO  (GhidraScript) tflite_analyzer.py> DEBUG: [operator<< @ 0010270c] Analyzing potential tainted RETURN with value: pbVar1(x0) (Tainted: 1)  
2025-09-08 14:19:43 INFO  (GhidraScript) tflite_analyzer.py> 
==================== TAINTED RETURN DETECTED ====================  
2025-09-08 14:19:43 INFO  (GhidraScript) tflite_analyzer.py>   - Taint Origin:    ['operator']  
2025-09-08 14:19:43 INFO  (GhidraScript) tflite_analyzer.py>   - Function:        basic_ostream * operator<<(basic_ostream * param_1, basic_string * param_2) (Depth: 0)  
2025-09-08 14:19:43 INFO  (GhidraScript) tflite_analyzer.py>   - Return Address:  0010270c  
2025-09-08 14:19:43 INFO  (GhidraScript) tflite_analyzer.py>   - Instruction:     br x17  
2025-09-08 14:19:43 INFO  (GhidraScript) tflite_analyzer.py>   - Tainted Value:   pbVar1(x0)  
2025-09-08 14:19:43 INFO  (GhidraScript) tflite_analyzer.py>   - Value defined by:  (register, 0x4000, 8) CALL (ram, 0x121130, 8) , (register, 0x4000, 8) , (register, 0x4008, 8) at 0010270c  
2025-09-08 14:19:43 INFO  (GhidraScript) tflite_analyzer.py> ================================================================
  
2025-09-08 14:19:43 INFO  (GhidraScript) tflite_analyzer.py> INFO: [MULTI-STAGE] Tainted return from 'operator<<'. Finding call sites to continue analysis.  
2025-09-08 14:19:43 INFO  (GhidraScript) tflite_analyzer.py> INFO: [MULTI-STAGE] Queued new task to analyze caller 'main' starting from tainted return.  
2025-09-08 14:19:43 INFO  (GhidraScript) tflite_analyzer.py> INFO: [MULTI-STAGE] Queued new task to analyze caller 'main' starting from tainted return.  
2025-09-08 14:19:43 INFO  (GhidraScript) tflite_analyzer.py> <<< Finished analyzing function: operator<<.  
2025-09-08 14:19:43 INFO  (GhidraScript) tflite_analyzer.py> 
--- Analyzing Call Site #1058588 at 0010271c ---  
2025-09-08 14:19:43 INFO  (GhidraScript) tflite_analyzer.py> DEBUG: Parent (caller): operator<< at 00102710  
2025-09-08 14:19:43 INFO  (GhidraScript) tflite_analyzer.py> 
--- Initiating Taint Analysis for: operator<< (call at 0010271c) ---  
2025-09-08 14:19:43 INFO  (GhidraScript) tflite_analyzer.py> DEBUG: Taint source is the return value of the call: pbVar1(x0)  
2025-09-08 14:19:43 INFO  (GhidraScript) tflite_analyzer.py> \n>>> Analyzing function: operator<< (Depth: 0) at 00102710 (Originating from: ['operator']) with initial taints: pbVar1(x0)  
2025-09-08 14:19:43 INFO  (GhidraScript) tflite_analyzer.py>   - [STACK_SEARCH.0] Analyzing varnode: (register, 0x4000, 8)  
2025-09-08 14:19:43 INFO  (GhidraScript) tflite_analyzer.py>   - [STACK_SEARCH.0] Details: isAddress=0, addr=register:00004000, isStackAddress=0  
2025-09-08 14:19:43 INFO  (GhidraScript) tflite_analyzer.py>   - [STACK_SEARCH.0] Def P-Code Op: (register, 0x4000, 8) CALL (ram, 0x121138, 8) , (register, 0x4000, 8) , (register, 0x4008, 8)  
2025-09-08 14:19:43 INFO  (GhidraScript) tflite_analyzer.py>   - [STACK_SEARCH.0] Mnemonic 'CALL' is not a handled case. Aborting path.  
2025-09-08 14:19:43 INFO  (GhidraScript) tflite_analyzer.py> \nDEBUG: Reached specified start PcodeOp (register, 0x4000, 8) CALL (ram, 0x121138, 8) , (register, 0x4000, 8) , (register, 0x4008, 8) at 0010271c in operator<<, subsequent ops will be processed.  
2025-09-08 14:19:43 WARN  (DecompileCallback) Decompiling 00121138, pcode error at 00121138: Unable to disassemble EXTERNAL block location: 00121138  
2025-09-08 14:19:43 INFO  (GhidraScript) tflite_analyzer.py> DEBUG: [operator<< @ 0010271c] Analyzing potential tainted RETURN with value: pbVar1(x0) (Tainted: 1)  
2025-09-08 14:19:43 INFO  (GhidraScript) tflite_analyzer.py> 
==================== TAINTED RETURN DETECTED ====================  
2025-09-08 14:19:43 INFO  (GhidraScript) tflite_analyzer.py>   - Taint Origin:    ['operator']  
2025-09-08 14:19:43 INFO  (GhidraScript) tflite_analyzer.py>   - Function:        basic_ostream * operator<<(basic_ostream * param_1, char * param_2) (Depth: 0)  
2025-09-08 14:19:43 INFO  (GhidraScript) tflite_analyzer.py>   - Return Address:  0010271c  
2025-09-08 14:19:43 INFO  (GhidraScript) tflite_analyzer.py>   - Instruction:     br x17  
2025-09-08 14:19:43 INFO  (GhidraScript) tflite_analyzer.py>   - Tainted Value:   pbVar1(x0)  
2025-09-08 14:19:43 INFO  (GhidraScript) tflite_analyzer.py>   - Value defined by:  (register, 0x4000, 8) CALL (ram, 0x121138, 8) , (register, 0x4000, 8) , (register, 0x4008, 8) at 0010271c  
2025-09-08 14:19:43 INFO  (GhidraScript) tflite_analyzer.py> ================================================================
  
2025-09-08 14:19:43 INFO  (GhidraScript) tflite_analyzer.py> INFO: [MULTI-STAGE] Tainted return from 'operator<<'. Finding call sites to continue analysis.  
2025-09-08 14:19:43 INFO  (GhidraScript) tflite_analyzer.py> INFO: [MULTI-STAGE] Queued new task to analyze caller 'main' starting from tainted return.  
2025-09-08 14:19:44 INFO  (GhidraScript) tflite_analyzer.py> INFO: [MULTI-STAGE] Queued new task to analyze caller 'main' starting from tainted return.  
2025-09-08 14:19:44 INFO  (GhidraScript) tflite_analyzer.py> INFO: [MULTI-STAGE] Queued new task to analyze caller 'main' starting from tainted return.  
2025-09-08 14:19:44 INFO  (GhidraScript) tflite_analyzer.py> INFO: [MULTI-STAGE] Queued new task to analyze caller 'main' starting from tainted return.  
2025-09-08 14:19:44 INFO  (GhidraScript) tflite_analyzer.py> INFO: [MULTI-STAGE] Queued new task to analyze caller 'main' starting from tainted return.  
2025-09-08 14:19:44 INFO  (GhidraScript) tflite_analyzer.py> <<< Finished analyzing function: operator<<.  
2025-09-08 14:19:44 INFO  (GhidraScript) tflite_analyzer.py> 
--- Analyzing Call Site #1058780 at 001027dc ---  
2025-09-08 14:19:44 INFO  (GhidraScript) tflite_analyzer.py> DEBUG: Parent (caller): operator<< at 001027d0  
2025-09-08 14:19:44 INFO  (GhidraScript) tflite_analyzer.py> INFO: Call at 001027dc has no output varnode. Nothing to taint. Skipping.  
2025-09-08 14:19:44 INFO  (GhidraScript) tflite_analyzer.py> 
--- Analyzing Call Site #1059296 at 001029e0 ---  
2025-09-08 14:19:44 INFO  (GhidraScript) tflite_analyzer.py> DEBUG: Parent (caller): main at 00102998  
2025-09-08 14:19:44 INFO  (GhidraScript) tflite_analyzer.py> 
--- Initiating Taint Analysis for: main (call at 001029e0) ---  
2025-09-08 14:19:44 INFO  (GhidraScript) tflite_analyzer.py> DEBUG: Taint source is the return value of the call: pbVar3(x0)  
2025-09-08 14:19:44 INFO  (GhidraScript) tflite_analyzer.py> \n>>> Analyzing function: main (Depth: 0) at 00102998 (Originating from: ['operator']) with initial taints: pbVar3(x0)  
2025-09-08 14:19:44 INFO  (GhidraScript) tflite_analyzer.py>   - [STACK_SEARCH.0] Analyzing varnode: (register, 0x4000, 8)  
2025-09-08 14:19:44 INFO  (GhidraScript) tflite_analyzer.py>   - [STACK_SEARCH.0] Details: isAddress=0, addr=register:00004000, isStackAddress=0  
2025-09-08 14:19:44 INFO  (GhidraScript) tflite_analyzer.py>   - [STACK_SEARCH.0] Def P-Code Op: (register, 0x4000, 8) CALL (ram, 0x102710, 8) , (unique, 0x100005f3, 8) , (unique, 0x10000380, 8)  
2025-09-08 14:19:44 INFO  (GhidraScript) tflite_analyzer.py>   - [STACK_SEARCH.0] Mnemonic 'CALL' is not a handled case. Aborting path.  
2025-09-08 14:19:44 INFO  (GhidraScript) tflite_analyzer.py> \nDEBUG: Reached specified start PcodeOp (register, 0x4000, 8) CALL (ram, 0x102710, 8) , (unique, 0x100005f3, 8) , (unique, 0x10000380, 8) at 001029e0 in main, subsequent ops will be processed.  
2025-09-08 14:19:44 INFO  (GhidraScript) tflite_analyzer.py> DEBUG: [LOAD_HANDLER] Checking LOAD op at 001029ec. Address varnode: (register, 0x4008, 8)  
2025-09-08 14:19:44 INFO  (GhidraScript) tflite_analyzer.py> DEBUG: [LOAD_HANDLER] POINTER_RULE FAIL: Address varnode param_2(x1) is not tainted (recursive check).  
2025-09-08 14:19:44 INFO  (GhidraScript) tflite_analyzer.py> DEBUG: [LOAD_HANDLER] REGION_RULE FAIL: Address pointer param_2(x1) is not in the tainted memory regions set.  
2025-09-08 14:19:44 INFO  (GhidraScript) tflite_analyzer.py> \n>>> Analyzing function: operator<< (Depth: 1) at 00102710 (Originating from: ['operator']) with initial taints: param_1(x0)  
2025-09-08 14:19:44 INFO  (GhidraScript) tflite_analyzer.py>   - [STACK_SEARCH.0] Analyzing varnode: (register, 0x4000, 8)  
2025-09-08 14:19:44 INFO  (GhidraScript) tflite_analyzer.py>   - [STACK_SEARCH.0] Details: isAddress=0, addr=register:00004000, isStackAddress=0  
2025-09-08 14:19:44 INFO  (GhidraScript) tflite_analyzer.py>   - [STACK_SEARCH.0] No defining p-code op found. Aborting path.  
2025-09-08 14:19:44 INFO  (GhidraScript) tflite_analyzer.py> DEBUG: Starting taint analysis from the beginning of function operator<<.  
2025-09-08 14:19:44 WARN  (DecompileCallback) Decompiling 00121138, pcode error at 00121138: Unable to disassemble EXTERNAL block location: 00121138  
2025-09-08 14:19:44 INFO  (GhidraScript) tflite_analyzer.py> \n>>> Analyzing function: operator<< (Depth: 2) at 00121138 (Originating from: ['operator']) with initial taints: param_1(x0)  
2025-09-08 14:19:44 INFO  (GhidraScript) tflite_analyzer.py>   - [STACK_SEARCH.0] Analyzing varnode: (register, 0x4000, 8)  
2025-09-08 14:19:44 INFO  (GhidraScript) tflite_analyzer.py>   - [STACK_SEARCH.0] Details: isAddress=0, addr=register:00004000, isStackAddress=0  
2025-09-08 14:19:44 INFO  (GhidraScript) tflite_analyzer.py>   - [STACK_SEARCH.0] No defining p-code op found. Aborting path.  
2025-09-08 14:19:44 INFO  (GhidraScript) tflite_analyzer.py> DEBUG: Starting taint analysis from the beginning of function operator<<.  
2025-09-08 14:19:44 INFO  (GhidraScript) tflite_analyzer.py> <<< Finished analyzing function: operator<<.  
2025-09-08 14:19:44 INFO  (GhidraScript) tflite_analyzer.py> DEBUG: [operator<< @ 0010271c] Analyzing potential tainted RETURN with value: pbVar1(x0) (Tainted: 0)  
2025-09-08 14:19:44 INFO  (GhidraScript) tflite_analyzer.py>     [DEBUG] --- Taint Check Details (RETURN FAILED) ---  
2025-09-08 14:19:44 INFO  (GhidraScript) tflite_analyzer.py>     [DEBUG]   > Return Varnode: (register, 0x4000, 8) (Size: 8, Def: (register, 0x4000, 8) CALL (ram, 0x121138, 8) , (register, 0x4000, 8) , (register, 0x4008, 8) at 0010271c)  
2025-09-08 14:19:44 INFO  (GhidraScript) tflite_analyzer.py>     [DEBUG]   > Currently Tainted HighVariables in this function:  
2025-09-08 14:19:44 INFO  (GhidraScript) tflite_analyzer.py>     [DEBUG]     1. param_1(x0)  
2025-09-08 14:19:44 INFO  (GhidraScript) tflite_analyzer.py>     [DEBUG] ---------------------------------  
2025-09-08 14:19:44 INFO  (GhidraScript) tflite_analyzer.py> <<< Finished analyzing function: operator<<.  
2025-09-08 14:19:44 INFO  (GhidraScript) tflite_analyzer.py> DEBUG: Already analyzed function operator<< with initial taints ('param_1(x0)',) (origin: ['operator']). Skipping.  
2025-09-08 14:19:44 INFO  (GhidraScript) tflite_analyzer.py> DEBUG: [main @ 00102a18] Taint propagated from pbVar3(x0) to UNNAMED(UniquePcode[0x100005fb]) via CAST.  
2025-09-08 14:19:44 INFO  (GhidraScript) tflite_analyzer.py> DEBUG: [LOAD_HANDLER] Checking LOAD op at 00102a2c. Address varnode: (unique, 0x11f80, 8)  
2025-09-08 14:19:44 INFO  (GhidraScript) tflite_analyzer.py> DEBUG: [LOAD_HANDLER] POINTER_RULE FAIL: Address varnode UNNAMED(UniquePcode[0x11f80]) is not tainted (recursive check).  
2025-09-08 14:19:44 INFO  (GhidraScript) tflite_analyzer.py> DEBUG: [LOAD_HANDLER] REGION_RULE FAIL: Address pointer UNNAMED(UniquePcode[0x11f80]) is not in the tainted memory regions set.  
2025-09-08 14:19:44 INFO  (GhidraScript) tflite_analyzer.py> DEBUG: [LOAD_HANDLER] Checking LOAD op at 00102a60. Address varnode: (unique, 0x11f80, 8)  
2025-09-08 14:19:44 INFO  (GhidraScript) tflite_analyzer.py> DEBUG: [LOAD_HANDLER] POINTER_RULE FAIL: Address varnode UNNAMED(UniquePcode[0x11f80]) is not tainted (recursive check).  
2025-09-08 14:19:44 INFO  (GhidraScript) tflite_analyzer.py> DEBUG: [LOAD_HANDLER] REGION_RULE FAIL: Address pointer UNNAMED(UniquePcode[0x11f80]) is not in the tainted memory regions set.  
2025-09-08 14:19:44 INFO  (GhidraScript) tflite_analyzer.py> INFO: [main @ 00102ad4] Taint reached CBRANCH. Operands: [].   
2025-09-08 14:19:44 INFO  (GhidraScript) tflite_analyzer.py> \n>>> Analyzing function: operator<< (Depth: 1) at 00102700 (Originating from: ['operator']) with initial taints: param_1(x0)  
2025-09-08 14:19:44 INFO  (GhidraScript) tflite_analyzer.py>   - [STACK_SEARCH.0] Analyzing varnode: (register, 0x4000, 8)  
2025-09-08 14:19:44 INFO  (GhidraScript) tflite_analyzer.py>   - [STACK_SEARCH.0] Details: isAddress=0, addr=register:00004000, isStackAddress=0  
2025-09-08 14:19:44 INFO  (GhidraScript) tflite_analyzer.py>   - [STACK_SEARCH.0] No defining p-code op found. Aborting path.  
2025-09-08 14:19:44 INFO  (GhidraScript) tflite_analyzer.py> DEBUG: Starting taint analysis from the beginning of function operator<<.  
2025-09-08 14:19:44 WARN  (DecompileCallback) Decompiling 00121130, pcode error at 00121130: Unable to disassemble EXTERNAL block location: 00121130  
2025-09-08 14:19:44 INFO  (GhidraScript) tflite_analyzer.py> \n>>> Analyzing function: operator<< (Depth: 2) at 00121130 (Originating from: ['operator']) with initial taints: param_1(x0)  
2025-09-08 14:19:44 INFO  (GhidraScript) tflite_analyzer.py>   - [STACK_SEARCH.0] Analyzing varnode: (register, 0x4000, 8)  
2025-09-08 14:19:44 INFO  (GhidraScript) tflite_analyzer.py>   - [STACK_SEARCH.0] Details: isAddress=0, addr=register:00004000, isStackAddress=0  
2025-09-08 14:19:44 INFO  (GhidraScript) tflite_analyzer.py>   - [STACK_SEARCH.0] No defining p-code op found. Aborting path.  
2025-09-08 14:19:44 INFO  (GhidraScript) tflite_analyzer.py> DEBUG: Starting taint analysis from the beginning of function operator<<.  
2025-09-08 14:19:44 INFO  (GhidraScript) tflite_analyzer.py> <<< Finished analyzing function: operator<<.  
2025-09-08 14:19:44 INFO  (GhidraScript) tflite_analyzer.py> DEBUG: [operator<< @ 0010270c] Analyzing potential tainted RETURN with value: pbVar1(x0) (Tainted: 0)  
2025-09-08 14:19:44 INFO  (GhidraScript) tflite_analyzer.py>     [DEBUG] --- Taint Check Details (RETURN FAILED) ---  
2025-09-08 14:19:44 INFO  (GhidraScript) tflite_analyzer.py>     [DEBUG]   > Return Varnode: (register, 0x4000, 8) (Size: 8, Def: (register, 0x4000, 8) CALL (ram, 0x121130, 8) , (register, 0x4000, 8) , (register, 0x4008, 8) at 0010270c)  
2025-09-08 14:19:44 INFO  (GhidraScript) tflite_analyzer.py>     [DEBUG]   > Currently Tainted HighVariables in this function:  
2025-09-08 14:19:44 INFO  (GhidraScript) tflite_analyzer.py>     [DEBUG]     1. param_1(x0)  
2025-09-08 14:19:44 INFO  (GhidraScript) tflite_analyzer.py>     [DEBUG] ---------------------------------  
2025-09-08 14:19:44 INFO  (GhidraScript) tflite_analyzer.py> <<< Finished analyzing function: operator<<.  
2025-09-08 14:19:44 INFO  (GhidraScript) tflite_analyzer.py> DEBUG: [main @ 00102b08] Taint propagated from pbVar3(x0) to UNNAMED(UniquePcode[0x1000074b]) via CAST.  
2025-09-08 14:19:44 INFO  (GhidraScript) tflite_analyzer.py> DEBUG: [CBRANCH] Found defining op for condition: (register, 0x108, 1) INT_EQUAL (unique, 0x12580, 4) , (const, 0x0, 4)  
2025-09-08 14:19:44 INFO  (GhidraScript) tflite_analyzer.py> INFO: [main @ 00102b8c] Taint reached CBRANCH. Operands: ['UNNAMED(UniquePcode[0x12580])', 'UnnamedHighVar(Constant: 0x0)'].   
2025-09-08 14:19:44 INFO  (GhidraScript) tflite_analyzer.py> DEBUG: Already analyzed function operator<< with initial taints ('param_1(x0)',) (origin: ['operator']). Skipping.  
2025-09-08 14:19:44 INFO  (GhidraScript) tflite_analyzer.py> DEBUG: [main @ 00102bc0] Taint propagated from pbVar3(x0) to UNNAMED(UniquePcode[0x1000072b]) via CAST.  
2025-09-08 14:19:44 INFO  (GhidraScript) tflite_analyzer.py> DEBUG: [LOAD_HANDLER] Checking LOAD op at 00102d0c. Address varnode: (register, 0x4000, 8)  
2025-09-08 14:19:44 INFO  (GhidraScript) tflite_analyzer.py> DEBUG: [LOAD_HANDLER] POINTER_RULE FAIL: Address varnode pfVar8(x0) is not tainted (recursive check).  
2025-09-08 14:19:44 INFO  (GhidraScript) tflite_analyzer.py> DEBUG: [LOAD_HANDLER] REGION_RULE FAIL: Address pointer pfVar8(x0) is not in the tainted memory regions set.  
2025-09-08 14:19:44 INFO  (GhidraScript) tflite_analyzer.py> DEBUG: [LOAD_HANDLER] Checking LOAD op at 00102d28. Address varnode: (unique, 0x7e400, 8)  
2025-09-08 14:19:44 INFO  (GhidraScript) tflite_analyzer.py> DEBUG: [LOAD_HANDLER] POINTER_RULE FAIL: Address varnode UNNAMED(UniquePcode[0x7e400]) is not tainted (recursive check).  
2025-09-08 14:19:44 INFO  (GhidraScript) tflite_analyzer.py> DEBUG: [LOAD_HANDLER] REGION_RULE FAIL: Address pointer UNNAMED(UniquePcode[0x7e400]) is not in the tainted memory regions set.  
2025-09-08 14:19:44 INFO  (GhidraScript) tflite_analyzer.py> DEBUG: [LOAD_HANDLER] Checking LOAD op at 00102d3c. Address varnode: (unique, 0x7e400, 8)  
2025-09-08 14:19:44 INFO  (GhidraScript) tflite_analyzer.py> DEBUG: [LOAD_HANDLER] POINTER_RULE FAIL: Address varnode UNNAMED(UniquePcode[0x7e400]) is not tainted (recursive check).  
2025-09-08 14:19:44 INFO  (GhidraScript) tflite_analyzer.py> DEBUG: [LOAD_HANDLER] REGION_RULE FAIL: Address pointer UNNAMED(UniquePcode[0x7e400]) is not in the tainted memory regions set.  
2025-09-08 14:19:44 INFO  (GhidraScript) tflite_analyzer.py> DEBUG: [CBRANCH] Found defining op for condition: (unique, 0x1580, 1) INT_SLESS (stack, 0xfffffffffffffcd0, 4) , (const, 0x3, 4)  
2025-09-08 14:19:44 INFO  (GhidraScript) tflite_analyzer.py> INFO: [main @ 00102d90] Taint reached CBRANCH. Operands: ['local_330(StackDirect[Stack[-0x330]])', 'UnnamedHighVar(Constant: 0x3)'].   
2025-09-08 14:19:44 INFO  (GhidraScript) tflite_analyzer.py> DEBUG: [CBRANCH] Found defining op for condition: (unique, 0x1580, 1) INT_SLESS (stack, 0xfffffffffffffccc, 4) , (const, 0x40, 4)  
2025-09-08 14:19:44 INFO  (GhidraScript) tflite_analyzer.py> INFO: [main @ 00102da8] Taint reached CBRANCH. Operands: ['local_334(StackDirect[Stack[-0x334]])', 'UnnamedHighVar(Constant: 0x40)'].   
2025-09-08 14:19:44 INFO  (GhidraScript) tflite_analyzer.py> DEBUG: [CBRANCH] Found defining op for condition: (unique, 0x1580, 1) INT_SLESS (stack, 0xfffffffffffffcc8, 4) , (const, 0x40, 4)  
2025-09-08 14:19:44 INFO  (GhidraScript) tflite_analyzer.py> INFO: [main @ 00102dc0] Taint reached CBRANCH. Operands: ['local_338(StackDirect[Stack[-0x338]])', 'UnnamedHighVar(Constant: 0x40)'].   
2025-09-08 14:19:44 INFO  (GhidraScript) tflite_analyzer.py> DEBUG: [LOAD_HANDLER] Checking LOAD op at 00102de8. Address varnode: (register, 0x4000, 8)  
2025-09-08 14:19:44 INFO  (GhidraScript) tflite_analyzer.py> DEBUG: [LOAD_HANDLER] POINTER_RULE FAIL: Address varnode local_308(StackDirect[Stack[-0x308]]) is not tainted (recursive check).  
2025-09-08 14:19:44 INFO  (GhidraScript) tflite_analyzer.py> DEBUG: [LOAD_HANDLER] REGION_RULE FAIL: Address pointer local_308(StackDirect[Stack[-0x308]]) is not in the tainted memory regions set.  
2025-09-08 14:19:44 INFO  (GhidraScript) tflite_analyzer.py> DEBUG: [CBRANCH] Found defining op for condition: (unique, 0x10000364, 1) FLOAT_LESS (register, 0x5000, 4) , (const, 0x42480000, 4)  
2025-09-08 14:19:44 INFO  (GhidraScript) tflite_analyzer.py> INFO: [main @ 00102df8] Taint reached CBRANCH. Operands: ['UNNAMED(s0)', 'UnnamedHighVar(Constant: 0x42480000)'].   
2025-09-08 14:19:44 INFO  (GhidraScript) tflite_analyzer.py> DEBUG: [LOAD_HANDLER] Checking LOAD op at 00102e04. Address varnode: (register, 0x4000, 8)  
2025-09-08 14:19:44 INFO  (GhidraScript) tflite_analyzer.py> DEBUG: [LOAD_HANDLER] POINTER_RULE FAIL: Address varnode local_308(StackDirect[Stack[-0x308]]) is not tainted (recursive check).  
2025-09-08 14:19:44 INFO  (GhidraScript) tflite_analyzer.py> DEBUG: [LOAD_HANDLER] REGION_RULE FAIL: Address pointer local_308(StackDirect[Stack[-0x308]]) is not in the tainted memory regions set.  
2025-09-08 14:19:44 INFO  (GhidraScript) tflite_analyzer.py> DEBUG: [CBRANCH] Found defining op for condition: (unique, 0x1000, 1) FLOAT_LESS (const, 0x425c0000, 4) , (register, 0x5000, 4)  
2025-09-08 14:19:44 INFO  (GhidraScript) tflite_analyzer.py> INFO: [main @ 00102e14] Taint reached CBRANCH. Operands: ['UnnamedHighVar(Constant: 0x425c0000)', 'UNNAMED(s0)'].   
2025-09-08 14:19:44 INFO  (GhidraScript) tflite_analyzer.py> DEBUG: [CBRANCH] Found defining op for condition: (register, 0x108, 1) INT_NOTEQUAL (unique, 0x3e480, 8) , (const, 0x0, 8)  
2025-09-08 14:19:44 INFO  (GhidraScript) tflite_analyzer.py> INFO: [main @ 00102e90] Taint reached CBRANCH. Operands: ['UNNAMED(UniquePcode[0x3e480])', 'UnnamedHighVar(Constant: 0x0)'].   
2025-09-08 14:19:44 INFO  (GhidraScript) tflite_analyzer.py> DEBUG: [main @ 00102fd4] Analyzing potential tainted RETURN with value: UNNAMED(x0) (Tainted: 0)  
2025-09-08 14:19:44 INFO  (GhidraScript) tflite_analyzer.py>     [DEBUG] --- Taint Check Details (RETURN FAILED) ---  
2025-09-08 14:19:44 INFO  (GhidraScript) tflite_analyzer.py>     [DEBUG]   > Return Varnode: (register, 0x4000, 8) (Size: 8, Def: (register, 0x4000, 8) COPY (register, 0x4098, 8) at 00102fc4)  
2025-09-08 14:19:44 INFO  (GhidraScript) tflite_analyzer.py>     [DEBUG]   > Currently Tainted HighVariables in this function:  
2025-09-08 14:19:44 INFO  (GhidraScript) tflite_analyzer.py>     [DEBUG]     1. UNNAMED(UniquePcode[0x100005fb])  
2025-09-08 14:19:44 INFO  (GhidraScript) tflite_analyzer.py>     [DEBUG]     2. UNNAMED(UniquePcode[0x1000072b])  
2025-09-08 14:19:44 INFO  (GhidraScript) tflite_analyzer.py>     [DEBUG]     3. UNNAMED(UniquePcode[0x1000074b])  
2025-09-08 14:19:44 INFO  (GhidraScript) tflite_analyzer.py>     [DEBUG]     4. pbVar3(x0)  
2025-09-08 14:19:44 INFO  (GhidraScript) tflite_analyzer.py>     [DEBUG] ---------------------------------  
2025-09-08 14:19:44 INFO  (GhidraScript) tflite_analyzer.py> <<< Finished analyzing function: main.  
2025-09-08 14:19:44 INFO  (GhidraScript) tflite_analyzer.py> 
--- Analyzing Call Site #1059320 at 001029f8 ---  
2025-09-08 14:19:44 INFO  (GhidraScript) tflite_analyzer.py> DEBUG: Parent (caller): main at 00102998  
2025-09-08 14:19:44 INFO  (GhidraScript) tflite_analyzer.py> 
--- Initiating Taint Analysis for: main (call at 001029f8) ---  
2025-09-08 14:19:44 INFO  (GhidraScript) tflite_analyzer.py> DEBUG: Taint source is the return value of the call: pbVar3(x0)  
2025-09-08 14:19:44 INFO  (GhidraScript) tflite_analyzer.py> DEBUG: Already analyzed function main with initial taints ('pbVar3(x0)',) (origin: ['operator']). Skipping.  
2025-09-08 14:19:44 INFO  (GhidraScript) tflite_analyzer.py> 
--- Analyzing Call Site #1059340 at 00102a0c ---  
2025-09-08 14:19:44 INFO  (GhidraScript) tflite_analyzer.py> DEBUG: Parent (caller): main at 00102998  
2025-09-08 14:19:44 INFO  (GhidraScript) tflite_analyzer.py> 
--- Initiating Taint Analysis for: main (call at 00102a0c) ---  
2025-09-08 14:19:44 INFO  (GhidraScript) tflite_analyzer.py> DEBUG: Taint source is the return value of the call: pbVar3(x0)  
2025-09-08 14:19:44 INFO  (GhidraScript) tflite_analyzer.py> DEBUG: Already analyzed function main with initial taints ('pbVar3(x0)',) (origin: ['operator']). Skipping.  
2025-09-08 14:19:44 INFO  (GhidraScript) tflite_analyzer.py> 
--- Analyzing Call Site #1059352 at 00102a18 ---  
2025-09-08 14:19:44 INFO  (GhidraScript) tflite_analyzer.py> DEBUG: Parent (caller): main at 00102998  
2025-09-08 14:19:45 INFO  (GhidraScript) tflite_analyzer.py> INFO: Call at 00102a18 has no output varnode. Nothing to taint. Skipping.  
2025-09-08 14:19:45 INFO  (GhidraScript) tflite_analyzer.py> 
--- Analyzing Call Site #1059560 at 00102ae8 ---  
2025-09-08 14:19:45 INFO  (GhidraScript) tflite_analyzer.py> DEBUG: Parent (caller): main at 00102998  
2025-09-08 14:19:45 INFO  (GhidraScript) tflite_analyzer.py> 
--- Initiating Taint Analysis for: main (call at 00102ae8) ---  
2025-09-08 14:19:45 INFO  (GhidraScript) tflite_analyzer.py> DEBUG: Taint source is the return value of the call: pbVar3(x0)  
2025-09-08 14:19:45 INFO  (GhidraScript) tflite_analyzer.py> DEBUG: Already analyzed function main with initial taints ('pbVar3(x0)',) (origin: ['operator']). Skipping.  
2025-09-08 14:19:45 INFO  (GhidraScript) tflite_analyzer.py> 
--- Analyzing Call Site #1059580 at 00102afc ---  
2025-09-08 14:19:45 INFO  (GhidraScript) tflite_analyzer.py> DEBUG: Parent (caller): main at 00102998  
2025-09-08 14:19:45 INFO  (GhidraScript) tflite_analyzer.py> 
--- Initiating Taint Analysis for: main (call at 00102afc) ---  
2025-09-08 14:19:45 INFO  (GhidraScript) tflite_analyzer.py> DEBUG: Taint source is the return value of the call: pbVar3(x0)  
2025-09-08 14:19:45 INFO  (GhidraScript) tflite_analyzer.py> DEBUG: Already analyzed function main with initial taints ('pbVar3(x0)',) (origin: ['operator']). Skipping.  
2025-09-08 14:19:45 INFO  (GhidraScript) tflite_analyzer.py> 
--- Analyzing Call Site #1059592 at 00102b08 ---  
2025-09-08 14:19:45 INFO  (GhidraScript) tflite_analyzer.py> DEBUG: Parent (caller): main at 00102998  
2025-09-08 14:19:45 INFO  (GhidraScript) tflite_analyzer.py> INFO: Call at 00102b08 has no output varnode. Nothing to taint. Skipping.  
2025-09-08 14:19:45 INFO  (GhidraScript) tflite_analyzer.py> 
--- Analyzing Call Site #1059660 at 00102b4c ---  
2025-09-08 14:19:45 INFO  (GhidraScript) tflite_analyzer.py> DEBUG: Parent (caller): main at 00102998  
2025-09-08 14:19:45 INFO  (GhidraScript) tflite_analyzer.py> INFO: Call at 00102b4c has no output varnode. Nothing to taint. Skipping.  
2025-09-08 14:19:45 INFO  (GhidraScript) tflite_analyzer.py> 
--- Analyzing Call Site #1059744 at 00102ba0 ---  
2025-09-08 14:19:45 INFO  (GhidraScript) tflite_analyzer.py> DEBUG: Parent (caller): main at 00102998  
2025-09-08 14:19:45 INFO  (GhidraScript) tflite_analyzer.py> 
--- Initiating Taint Analysis for: main (call at 00102ba0) ---  
2025-09-08 14:19:45 INFO  (GhidraScript) tflite_analyzer.py> DEBUG: Taint source is the return value of the call: pbVar3(x0)  
2025-09-08 14:19:45 INFO  (GhidraScript) tflite_analyzer.py> DEBUG: Already analyzed function main with initial taints ('pbVar3(x0)',) (origin: ['operator']). Skipping.  
2025-09-08 14:19:45 INFO  (GhidraScript) tflite_analyzer.py> 
--- Analyzing Call Site #1059764 at 00102bb4 ---  
2025-09-08 14:19:45 INFO  (GhidraScript) tflite_analyzer.py> DEBUG: Parent (caller): main at 00102998  
2025-09-08 14:19:45 INFO  (GhidraScript) tflite_analyzer.py> 
--- Initiating Taint Analysis for: main (call at 00102bb4) ---  
2025-09-08 14:19:45 INFO  (GhidraScript) tflite_analyzer.py> DEBUG: Taint source is the return value of the call: pbVar3(x0)  
2025-09-08 14:19:45 INFO  (GhidraScript) tflite_analyzer.py> DEBUG: Already analyzed function main with initial taints ('pbVar3(x0)',) (origin: ['operator']). Skipping.  
2025-09-08 14:19:45 INFO  (GhidraScript) tflite_analyzer.py> 
--- Analyzing Call Site #1059776 at 00102bc0 ---  
2025-09-08 14:19:45 INFO  (GhidraScript) tflite_analyzer.py> DEBUG: Parent (caller): main at 00102998  
2025-09-08 14:19:45 INFO  (GhidraScript) tflite_analyzer.py> INFO: Call at 00102bc0 has no output varnode. Nothing to taint. Skipping.  
2025-09-08 14:19:45 INFO  (GhidraScript) tflite_analyzer.py> 
--- Analyzing Call Site #1062136 at 001034f8 ---  
2025-09-08 14:19:45 INFO  (GhidraScript) tflite_analyzer.py> DEBUG: Parent (caller): ~OpResolver at 001034dc  
2025-09-08 14:19:45 INFO  (GhidraScript) tflite_analyzer.py> INFO: Call at 001034f8 has no output varnode. Nothing to taint. Skipping.  
2025-09-08 14:19:45 INFO  (GhidraScript) tflite_analyzer.py> 
--- Analyzing Call Site #1062484 at 00103654 ---  
2025-09-08 14:19:45 INFO  (GhidraScript) tflite_analyzer.py> DEBUG: Parent (caller): ~MutableOpResolver at 00103638  
2025-09-08 14:19:45 INFO  (GhidraScript) tflite_analyzer.py> INFO: Call at 00103654 has no output varnode. Nothing to taint. Skipping.  
2025-09-08 14:19:45 INFO  (GhidraScript) tflite_analyzer.py> 
--- Analyzing Call Site #1062572 at 001036ac ---  
2025-09-08 14:19:45 INFO  (GhidraScript) tflite_analyzer.py> DEBUG: Parent (caller): ~BuiltinOpResolver at 00103690  
2025-09-08 14:19:45 INFO  (GhidraScript) tflite_analyzer.py> INFO: Call at 001036ac has no output varnode. Nothing to taint. Skipping.  
2025-09-08 14:19:45 INFO  (GhidraScript) tflite_analyzer.py> 
--- Analyzing Call Site #1068220 at 00104cbc ---  
2025-09-08 14:19:45 INFO  (GhidraScript) tflite_analyzer.py> DEBUG: Parent (caller): operator() at 00104c8c  
2025-09-08 14:19:45 INFO  (GhidraScript) tflite_analyzer.py> INFO: Call at 00104cbc has no output varnode. Nothing to taint. Skipping.  
2025-09-08 14:19:45 INFO  (GhidraScript) tflite_analyzer.py> 
--- Analyzing Call Site #1068392 at 00104d68 ---  
2025-09-08 14:19:45 INFO  (GhidraScript) tflite_analyzer.py> DEBUG: Parent (caller): operator() at 00104d38  
2025-09-08 14:19:45 INFO  (GhidraScript) tflite_analyzer.py> INFO: Call at 00104d68 has no output varnode. Nothing to taint. Skipping.  
2025-09-08 14:19:45 INFO  (GhidraScript) tflite_analyzer.py> 
--- Analyzing Call Site #1070048 at 001053e0 ---  
2025-09-08 14:19:45 INFO  (GhidraScript) tflite_analyzer.py> DEBUG: Parent (caller): deallocate at 001053bc  
2025-09-08 14:19:45 INFO  (GhidraScript) tflite_analyzer.py> INFO: Call at 001053e0 has no output varnode. Nothing to taint. Skipping.  
2025-09-08 14:19:45 INFO  (GhidraScript) tflite_analyzer.py> 
--- Analyzing Call Site #1070172 at 0010545c ---  
2025-09-08 14:19:45 INFO  (GhidraScript) tflite_analyzer.py> DEBUG: Parent (caller): deallocate at 00105438  
2025-09-08 14:19:45 INFO  (GhidraScript) tflite_analyzer.py> INFO: Call at 0010545c has no output varnode. Nothing to taint. Skipping.  
2025-09-08 14:19:45 INFO  (GhidraScript) tflite_analyzer.py> 
--- Analyzing Call Site #1072324 at 00105cc4 ---  
2025-09-08 14:19:45 INFO  (GhidraScript) tflite_analyzer.py> DEBUG: Parent (caller): deallocate at 00105ca0  
2025-09-08 14:19:45 INFO  (GhidraScript) tflite_analyzer.py> INFO: Call at 00105cc4 has no output varnode. Nothing to taint. Skipping.  
2025-09-08 14:19:45 INFO  (GhidraScript) tflite_analyzer.py> 
--- Analyzing Call Site #1072588 at 00105dcc ---  
2025-09-08 14:19:45 INFO  (GhidraScript) tflite_analyzer.py> DEBUG: Parent (caller): deallocate at 00105da8  
2025-09-08 14:19:45 INFO  (GhidraScript) tflite_analyzer.py> INFO: Call at 00105dcc has no output varnode. Nothing to taint. Skipping.  
2025-09-08 14:19:45 INFO  (GhidraScript) tflite_analyzer.py> 
--- Analyzing Call Site #1072728 at 00105e58 ---  
2025-09-08 14:19:45 INFO  (GhidraScript) tflite_analyzer.py> DEBUG: Parent (caller): allocate at 00105dec  
2025-09-08 14:19:45 INFO  (GhidraScript) tflite_analyzer.py> INFO: Call at 00105e58 has no output varnode. Nothing to taint. Skipping.  
2025-09-08 14:19:45 INFO  (GhidraScript) tflite_analyzer.py> 
--- Analyzing Call Site #1073108 at 00105fd4 ---  
2025-09-08 14:19:45 INFO  (GhidraScript) tflite_analyzer.py> DEBUG: Parent (caller): allocate at 00105f68  
2025-09-08 14:19:45 INFO  (GhidraScript) tflite_analyzer.py> INFO: Call at 00105fd4 has no output varnode. Nothing to taint. Skipping.  
2025-09-08 14:19:45 INFO  (GhidraScript) tflite_analyzer.py> 
--- Analyzing Call Site #1074280 at 00106468 ---  
2025-09-08 14:19:45 INFO  (GhidraScript) tflite_analyzer.py> DEBUG: Parent (caller): deallocate at 00106438  
2025-09-08 14:19:45 INFO  (GhidraScript) tflite_analyzer.py> INFO: Call at 00106468 has no output varnode. Nothing to taint. Skipping.  
2025-09-08 14:19:45 INFO  (GhidraScript) tflite_analyzer.py> 
--- Analyzing Call Site #1074376 at 001064c8 ---  
2025-09-08 14:19:45 INFO  (GhidraScript) tflite_analyzer.py> DEBUG: Parent (caller): deallocate at 001064a4  
2025-09-08 14:19:45 INFO  (GhidraScript) tflite_analyzer.py> INFO: Call at 001064c8 has no output varnode. Nothing to taint. Skipping.  
2025-09-08 14:19:45 INFO  (GhidraScript) tflite_analyzer.py> 
--- Stage 1 Complete. Checking for pending multi-stage analysis tasks... ---  
2025-09-08 14:19:45 INFO  (GhidraScript) tflite_analyzer.py> 
--- Initiating Stage 2 Analysis Task #1 (from rule: tainted_return_from_operator<<) ---  
2025-09-08 14:19:45 INFO  (GhidraScript) tflite_analyzer.py> \n>>> Analyzing function: main (Depth: 0) at 00102998 (Originating from: tainted_return_from_operator<<) with initial taints: pbVar3(x0)  
2025-09-08 14:19:45 INFO  (GhidraScript) tflite_analyzer.py>   - [STACK_SEARCH.0] Analyzing varnode: (register, 0x4000, 8)  
2025-09-08 14:19:45 INFO  (GhidraScript) tflite_analyzer.py>   - [STACK_SEARCH.0] Details: isAddress=0, addr=register:00004000, isStackAddress=0  
2025-09-08 14:19:45 INFO  (GhidraScript) tflite_analyzer.py>   - [STACK_SEARCH.0] Def P-Code Op: (register, 0x4000, 8) CALL (ram, 0x102710, 8) , (unique, 0x100005f3, 8) , (unique, 0x10000380, 8)  
2025-09-08 14:19:45 INFO  (GhidraScript) tflite_analyzer.py>   - [STACK_SEARCH.0] Mnemonic 'CALL' is not a handled case. Aborting path.  
2025-09-08 14:19:45 INFO  (GhidraScript) tflite_analyzer.py> \nDEBUG: Reached specified start PcodeOp (register, 0x4000, 8) CALL (ram, 0x102700, 8) , (register, 0x4000, 8) , (unique, 0x11f80, 8) at 00102afc in main, subsequent ops will be processed.  
2025-09-08 14:19:45 INFO  (GhidraScript) tflite_analyzer.py> \n>>> Analyzing function: operator<< (Depth: 1) at 00102700 (Originating from: tainted_return_from_operator<<) with initial taints: param_1(x0)  
2025-09-08 14:19:45 INFO  (GhidraScript) tflite_analyzer.py>   - [STACK_SEARCH.0] Analyzing varnode: (register, 0x4000, 8)  
2025-09-08 14:19:45 INFO  (GhidraScript) tflite_analyzer.py>   - [STACK_SEARCH.0] Details: isAddress=0, addr=register:00004000, isStackAddress=0  
2025-09-08 14:19:45 INFO  (GhidraScript) tflite_analyzer.py>   - [STACK_SEARCH.0] No defining p-code op found. Aborting path.  
2025-09-08 14:19:45 INFO  (GhidraScript) tflite_analyzer.py> DEBUG: Starting taint analysis from the beginning of function operator<<.  
2025-09-08 14:19:45 WARN  (DecompileCallback) Decompiling 00121130, pcode error at 00121130: Unable to disassemble EXTERNAL block location: 00121130  
2025-09-08 14:19:45 INFO  (GhidraScript) tflite_analyzer.py> \n>>> Analyzing function: operator<< (Depth: 2) at 00121130 (Originating from: tainted_return_from_operator<<) with initial taints: param_1(x0)  
2025-09-08 14:19:45 INFO  (GhidraScript) tflite_analyzer.py>   - [STACK_SEARCH.0] Analyzing varnode: (register, 0x4000, 8)  
2025-09-08 14:19:45 INFO  (GhidraScript) tflite_analyzer.py>   - [STACK_SEARCH.0] Details: isAddress=0, addr=register:00004000, isStackAddress=0  
2025-09-08 14:19:45 INFO  (GhidraScript) tflite_analyzer.py>   - [STACK_SEARCH.0] No defining p-code op found. Aborting path.  
2025-09-08 14:19:45 INFO  (GhidraScript) tflite_analyzer.py> DEBUG: Starting taint analysis from the beginning of function operator<<.  
2025-09-08 14:19:45 INFO  (GhidraScript) tflite_analyzer.py> <<< Finished analyzing function: operator<<.  
2025-09-08 14:19:45 INFO  (GhidraScript) tflite_analyzer.py> DEBUG: [operator<< @ 0010270c] Analyzing potential tainted RETURN with value: pbVar1(x0) (Tainted: 0)  
2025-09-08 14:19:45 INFO  (GhidraScript) tflite_analyzer.py>     [DEBUG] --- Taint Check Details (RETURN FAILED) ---  
2025-09-08 14:19:45 INFO  (GhidraScript) tflite_analyzer.py>     [DEBUG]   > Return Varnode: (register, 0x4000, 8) (Size: 8, Def: (register, 0x4000, 8) CALL (ram, 0x121130, 8) , (register, 0x4000, 8) , (register, 0x4008, 8) at 0010270c)  
2025-09-08 14:19:45 INFO  (GhidraScript) tflite_analyzer.py>     [DEBUG]   > Currently Tainted HighVariables in this function:  
2025-09-08 14:19:45 INFO  (GhidraScript) tflite_analyzer.py>     [DEBUG]     1. param_1(x0)  
2025-09-08 14:19:45 INFO  (GhidraScript) tflite_analyzer.py>     [DEBUG] ---------------------------------  
2025-09-08 14:19:45 INFO  (GhidraScript) tflite_analyzer.py> <<< Finished analyzing function: operator<<.  
2025-09-08 14:19:45 INFO  (GhidraScript) tflite_analyzer.py> DEBUG: [main @ 00102b08] Taint propagated from pbVar3(x0) to UNNAMED(UniquePcode[0x1000074b]) via CAST.  
2025-09-08 14:19:45 INFO  (GhidraScript) tflite_analyzer.py> DEBUG: [CBRANCH] Found defining op for condition: (register, 0x108, 1) INT_EQUAL (unique, 0x12580, 4) , (const, 0x0, 4)  
2025-09-08 14:19:45 INFO  (GhidraScript) tflite_analyzer.py> INFO: [main @ 00102b8c] Taint reached CBRANCH. Operands: ['UNNAMED(UniquePcode[0x12580])', 'UnnamedHighVar(Constant: 0x0)'].   
2025-09-08 14:19:45 INFO  (GhidraScript) tflite_analyzer.py> DEBUG: Already analyzed function operator<< with initial taints ('param_1(x0)',) (origin: tainted_return_from_operator<<). Skipping.  
2025-09-08 14:19:45 INFO  (GhidraScript) tflite_analyzer.py> DEBUG: [main @ 00102bc0] Taint propagated from pbVar3(x0) to UNNAMED(UniquePcode[0x1000072b]) via CAST.  
2025-09-08 14:19:45 INFO  (GhidraScript) tflite_analyzer.py> DEBUG: [LOAD_HANDLER] Checking LOAD op at 00102d0c. Address varnode: (register, 0x4000, 8)  
2025-09-08 14:19:45 INFO  (GhidraScript) tflite_analyzer.py> DEBUG: [LOAD_HANDLER] POINTER_RULE FAIL: Address varnode pfVar8(x0) is not tainted (recursive check).  
2025-09-08 14:19:45 INFO  (GhidraScript) tflite_analyzer.py> DEBUG: [LOAD_HANDLER] REGION_RULE FAIL: Address pointer pfVar8(x0) is not in the tainted memory regions set.  
2025-09-08 14:19:45 INFO  (GhidraScript) tflite_analyzer.py> DEBUG: [LOAD_HANDLER] Checking LOAD op at 00102d28. Address varnode: (unique, 0x7e400, 8)  
2025-09-08 14:19:45 INFO  (GhidraScript) tflite_analyzer.py> DEBUG: [LOAD_HANDLER] POINTER_RULE FAIL: Address varnode UNNAMED(UniquePcode[0x7e400]) is not tainted (recursive check).  
2025-09-08 14:19:45 INFO  (GhidraScript) tflite_analyzer.py> DEBUG: [LOAD_HANDLER] REGION_RULE FAIL: Address pointer UNNAMED(UniquePcode[0x7e400]) is not in the tainted memory regions set.  
2025-09-08 14:19:45 INFO  (GhidraScript) tflite_analyzer.py> DEBUG: [LOAD_HANDLER] Checking LOAD op at 00102d3c. Address varnode: (unique, 0x7e400, 8)  
2025-09-08 14:19:45 INFO  (GhidraScript) tflite_analyzer.py> DEBUG: [LOAD_HANDLER] POINTER_RULE FAIL: Address varnode UNNAMED(UniquePcode[0x7e400]) is not tainted (recursive check).  
2025-09-08 14:19:45 INFO  (GhidraScript) tflite_analyzer.py> DEBUG: [LOAD_HANDLER] REGION_RULE FAIL: Address pointer UNNAMED(UniquePcode[0x7e400]) is not in the tainted memory regions set.  
2025-09-08 14:19:45 INFO  (GhidraScript) tflite_analyzer.py> DEBUG: [CBRANCH] Found defining op for condition: (unique, 0x1580, 1) INT_SLESS (stack, 0xfffffffffffffcd0, 4) , (const, 0x3, 4)  
2025-09-08 14:19:45 INFO  (GhidraScript) tflite_analyzer.py> INFO: [main @ 00102d90] Taint reached CBRANCH. Operands: ['local_330(StackDirect[Stack[-0x330]])', 'UnnamedHighVar(Constant: 0x3)'].   
2025-09-08 14:19:45 INFO  (GhidraScript) tflite_analyzer.py> DEBUG: [CBRANCH] Found defining op for condition: (unique, 0x1580, 1) INT_SLESS (stack, 0xfffffffffffffccc, 4) , (const, 0x40, 4)  
2025-09-08 14:19:45 INFO  (GhidraScript) tflite_analyzer.py> INFO: [main @ 00102da8] Taint reached CBRANCH. Operands: ['local_334(StackDirect[Stack[-0x334]])', 'UnnamedHighVar(Constant: 0x40)'].   
2025-09-08 14:19:45 INFO  (GhidraScript) tflite_analyzer.py> DEBUG: [CBRANCH] Found defining op for condition: (unique, 0x1580, 1) INT_SLESS (stack, 0xfffffffffffffcc8, 4) , (const, 0x40, 4)  
2025-09-08 14:19:45 INFO  (GhidraScript) tflite_analyzer.py> INFO: [main @ 00102dc0] Taint reached CBRANCH. Operands: ['local_338(StackDirect[Stack[-0x338]])', 'UnnamedHighVar(Constant: 0x40)'].   
2025-09-08 14:19:45 INFO  (GhidraScript) tflite_analyzer.py> DEBUG: [LOAD_HANDLER] Checking LOAD op at 00102de8. Address varnode: (register, 0x4000, 8)  
2025-09-08 14:19:45 INFO  (GhidraScript) tflite_analyzer.py> DEBUG: [LOAD_HANDLER] POINTER_RULE FAIL: Address varnode local_308(StackDirect[Stack[-0x308]]) is not tainted (recursive check).  
2025-09-08 14:19:45 INFO  (GhidraScript) tflite_analyzer.py> DEBUG: [LOAD_HANDLER] REGION_RULE FAIL: Address pointer local_308(StackDirect[Stack[-0x308]]) is not in the tainted memory regions set.  
2025-09-08 14:19:45 INFO  (GhidraScript) tflite_analyzer.py> DEBUG: [CBRANCH] Found defining op for condition: (unique, 0x10000364, 1) FLOAT_LESS (register, 0x5000, 4) , (const, 0x42480000, 4)  
2025-09-08 14:19:45 INFO  (GhidraScript) tflite_analyzer.py> INFO: [main @ 00102df8] Taint reached CBRANCH. Operands: ['UNNAMED(s0)', 'UnnamedHighVar(Constant: 0x42480000)'].   
2025-09-08 14:19:45 INFO  (GhidraScript) tflite_analyzer.py> DEBUG: [LOAD_HANDLER] Checking LOAD op at 00102e04. Address varnode: (register, 0x4000, 8)  
2025-09-08 14:19:45 INFO  (GhidraScript) tflite_analyzer.py> DEBUG: [LOAD_HANDLER] POINTER_RULE FAIL: Address varnode local_308(StackDirect[Stack[-0x308]]) is not tainted (recursive check).  
2025-09-08 14:19:45 INFO  (GhidraScript) tflite_analyzer.py> DEBUG: [LOAD_HANDLER] REGION_RULE FAIL: Address pointer local_308(StackDirect[Stack[-0x308]]) is not in the tainted memory regions set.  
2025-09-08 14:19:45 INFO  (GhidraScript) tflite_analyzer.py> DEBUG: [CBRANCH] Found defining op for condition: (unique, 0x1000, 1) FLOAT_LESS (const, 0x425c0000, 4) , (register, 0x5000, 4)  
2025-09-08 14:19:45 INFO  (GhidraScript) tflite_analyzer.py> INFO: [main @ 00102e14] Taint reached CBRANCH. Operands: ['UnnamedHighVar(Constant: 0x425c0000)', 'UNNAMED(s0)'].   
2025-09-08 14:19:45 INFO  (GhidraScript) tflite_analyzer.py> DEBUG: [CBRANCH] Found defining op for condition: (register, 0x108, 1) INT_NOTEQUAL (unique, 0x3e480, 8) , (const, 0x0, 8)  
2025-09-08 14:19:45 INFO  (GhidraScript) tflite_analyzer.py> INFO: [main @ 00102e90] Taint reached CBRANCH. Operands: ['UNNAMED(UniquePcode[0x3e480])', 'UnnamedHighVar(Constant: 0x0)'].   
2025-09-08 14:19:45 INFO  (GhidraScript) tflite_analyzer.py> DEBUG: [main @ 00102fd4] Analyzing potential tainted RETURN with value: UNNAMED(x0) (Tainted: 0)  
2025-09-08 14:19:45 INFO  (GhidraScript) tflite_analyzer.py>     [DEBUG] --- Taint Check Details (RETURN FAILED) ---  
2025-09-08 14:19:45 INFO  (GhidraScript) tflite_analyzer.py>     [DEBUG]   > Return Varnode: (register, 0x4000, 8) (Size: 8, Def: (register, 0x4000, 8) COPY (register, 0x4098, 8) at 00102fc4)  
2025-09-08 14:19:45 INFO  (GhidraScript) tflite_analyzer.py>     [DEBUG]   > Currently Tainted HighVariables in this function:  
2025-09-08 14:19:45 INFO  (GhidraScript) tflite_analyzer.py>     [DEBUG]     1. UNNAMED(UniquePcode[0x1000072b])  
2025-09-08 14:19:45 INFO  (GhidraScript) tflite_analyzer.py>     [DEBUG]     2. UNNAMED(UniquePcode[0x1000074b])  
2025-09-08 14:19:45 INFO  (GhidraScript) tflite_analyzer.py>     [DEBUG]     3. pbVar3(x0)  
2025-09-08 14:19:45 INFO  (GhidraScript) tflite_analyzer.py>     [DEBUG] ---------------------------------  
2025-09-08 14:19:45 INFO  (GhidraScript) tflite_analyzer.py> <<< Finished analyzing function: main.  
2025-09-08 14:19:45 INFO  (GhidraScript) tflite_analyzer.py> 
--- Initiating Stage 2 Analysis Task #2 (from rule: tainted_return_from_operator<<) ---  
2025-09-08 14:19:45 INFO  (GhidraScript) tflite_analyzer.py> DEBUG: Already analyzed function main with initial taints ('pbVar3(x0)',) (origin: tainted_return_from_operator<<). Skipping.  
2025-09-08 14:19:45 INFO  (GhidraScript) tflite_analyzer.py> 
--- Initiating Stage 2 Analysis Task #3 (from rule: tainted_return_from_operator<<) ---  
2025-09-08 14:19:45 INFO  (GhidraScript) tflite_analyzer.py> DEBUG: Already analyzed function main with initial taints ('pbVar3(x0)',) (origin: tainted_return_from_operator<<). Skipping.  
2025-09-08 14:19:45 INFO  (GhidraScript) tflite_analyzer.py> 
--- Initiating Stage 2 Analysis Task #4 (from rule: tainted_return_from_operator<<) ---  
2025-09-08 14:19:45 INFO  (GhidraScript) tflite_analyzer.py> DEBUG: Already analyzed function main with initial taints ('pbVar3(x0)',) (origin: tainted_return_from_operator<<). Skipping.  
2025-09-08 14:19:45 INFO  (GhidraScript) tflite_analyzer.py> 
--- Initiating Stage 2 Analysis Task #5 (from rule: tainted_return_from_operator<<) ---  
2025-09-08 14:19:45 INFO  (GhidraScript) tflite_analyzer.py> DEBUG: Already analyzed function main with initial taints ('pbVar3(x0)',) (origin: tainted_return_from_operator<<). Skipping.  
2025-09-08 14:19:45 INFO  (GhidraScript) tflite_analyzer.py> 
--- Initiating Stage 2 Analysis Task #6 (from rule: tainted_return_from_operator<<) ---  
2025-09-08 14:19:45 INFO  (GhidraScript) tflite_analyzer.py> DEBUG: Already analyzed function main with initial taints ('pbVar3(x0)',) (origin: tainted_return_from_operator<<). Skipping.  
2025-09-08 14:19:45 INFO  (GhidraScript) tflite_analyzer.py> 
--- Initiating Stage 2 Analysis Task #7 (from rule: tainted_return_from_operator<<) ---  
2025-09-08 14:19:45 INFO  (GhidraScript) tflite_analyzer.py> DEBUG: Already analyzed function main with initial taints ('pbVar3(x0)',) (origin: tainted_return_from_operator<<). Skipping.  
2025-09-08 14:19:45 INFO  (GhidraScript) tflite_analyzer.py> 
--- All Multi-Stage Analysis Tasks Complete. ---  
2025-09-08 14:19:45 INFO  (GhidraScript) tflite_analyzer.py> 
--- Taint Analysis Run Complete ---  
2025-09-08 14:19:45 INFO  (GhidraScript) tflite_analyzer.py> \n--- All Detected Tainted Value Usages (Interprocedural) ---  
2025-09-08 14:19:45 INFO  (GhidraScript) tflite_analyzer.py> Usage #1:  
2025-09-08 14:19:45 INFO  (GhidraScript) tflite_analyzer.py>   Originating Lib Call: ['operator']  
2025-09-08 14:19:45 INFO  (GhidraScript) tflite_analyzer.py>   Found In Function:   operator.new at 00102680  
2025-09-08 14:19:45 INFO  (GhidraScript) tflite_analyzer.py>   Instruction Address: 0010268c  
2025-09-08 14:19:45 INFO  (GhidraScript) tflite_analyzer.py>     PCode Op:             ---  RETURN (const, 0x0, 8) , (register, 0x4000, 8)  
2025-09-08 14:19:45 INFO  (GhidraScript) tflite_analyzer.py>     Usage Type:          RETURN_TAINTED_VALUE  
2025-09-08 14:19:45 INFO  (GhidraScript) tflite_analyzer.py>     Tainted Component:   pvVar1(x0)  
2025-09-08 14:19:45 INFO  (GhidraScript) tflite_analyzer.py> ----------------------------------------  
2025-09-08 14:19:45 INFO  (GhidraScript) tflite_analyzer.py> Usage #2:  
2025-09-08 14:19:45 INFO  (GhidraScript) tflite_analyzer.py>   Originating Lib Call: ['operator']  
2025-09-08 14:19:45 INFO  (GhidraScript) tflite_analyzer.py>   Found In Function:   operator<< at 00102700  
2025-09-08 14:19:45 INFO  (GhidraScript) tflite_analyzer.py>   Instruction Address: 0010270c  
2025-09-08 14:19:45 INFO  (GhidraScript) tflite_analyzer.py>     PCode Op:             ---  RETURN (const, 0x0, 8) , (register, 0x4000, 8)  
2025-09-08 14:19:45 INFO  (GhidraScript) tflite_analyzer.py>     Usage Type:          RETURN_TAINTED_VALUE  
2025-09-08 14:19:45 INFO  (GhidraScript) tflite_analyzer.py>     Tainted Component:   pbVar1(x0)  
2025-09-08 14:19:45 INFO  (GhidraScript) tflite_analyzer.py> ----------------------------------------  
2025-09-08 14:19:45 INFO  (GhidraScript) tflite_analyzer.py> Usage #3:  
2025-09-08 14:19:45 INFO  (GhidraScript) tflite_analyzer.py>   Originating Lib Call: ['operator']  
2025-09-08 14:19:45 INFO  (GhidraScript) tflite_analyzer.py>   Found In Function:   operator<< at 00102710  
2025-09-08 14:19:45 INFO  (GhidraScript) tflite_analyzer.py>   Instruction Address: 0010271c  
2025-09-08 14:19:45 INFO  (GhidraScript) tflite_analyzer.py>     PCode Op:             ---  RETURN (const, 0x0, 8) , (register, 0x4000, 8)  
2025-09-08 14:19:45 INFO  (GhidraScript) tflite_analyzer.py>     Usage Type:          RETURN_TAINTED_VALUE  
2025-09-08 14:19:45 INFO  (GhidraScript) tflite_analyzer.py>     Tainted Component:   pbVar1(x0)  
2025-09-08 14:19:45 INFO  (GhidraScript) tflite_analyzer.py> ----------------------------------------  
2025-09-08 14:19:45 INFO  (GhidraScript) tflite_analyzer.py> Usage #4:  
2025-09-08 14:19:45 INFO  (GhidraScript) tflite_analyzer.py>   Originating Lib Call: ['operator']  
2025-09-08 14:19:45 INFO  (GhidraScript) tflite_analyzer.py>   Found In Function:   main at 00102998  
2025-09-08 14:19:45 INFO  (GhidraScript) tflite_analyzer.py>   Instruction Address: 001029f8  
2025-09-08 14:19:45 INFO  (GhidraScript) tflite_analyzer.py>     PCode Op:            (register, 0x4000, 8) CALL (ram, 0x102710, 8) , (register, 0x4000, 8) , (register, 0x4000, 8)  
2025-09-08 14:19:45 INFO  (GhidraScript) tflite_analyzer.py>     Usage Type:          TAINTED_ARG_TO_CALL_RECURSION  
2025-09-08 14:19:45 INFO  (GhidraScript) tflite_analyzer.py>     Details:             Recursive call to operator<< (CALL) with taints: param_1(x0).  
2025-09-08 14:19:45 INFO  (GhidraScript) tflite_analyzer.py> ----------------------------------------  
2025-09-08 14:19:45 INFO  (GhidraScript) tflite_analyzer.py> Usage #5:  
2025-09-08 14:19:45 INFO  (GhidraScript) tflite_analyzer.py>   Originating Lib Call: ['operator']  
2025-09-08 14:19:45 INFO  (GhidraScript) tflite_analyzer.py>   Found In Function:   operator<< at 00102710  
2025-09-08 14:19:45 INFO  (GhidraScript) tflite_analyzer.py>   Instruction Address: 0010271c  
2025-09-08 14:19:45 INFO  (GhidraScript) tflite_analyzer.py>     PCode Op:            (register, 0x4000, 8) CALL (ram, 0x121138, 8) , (register, 0x4000, 8) , (register, 0x4008, 8)  
2025-09-08 14:19:45 INFO  (GhidraScript) tflite_analyzer.py>     Usage Type:          TAINTED_ARG_TO_CALL_RECURSION  
2025-09-08 14:19:45 INFO  (GhidraScript) tflite_analyzer.py>     Details:             Recursive call to operator<< (CALL) with taints: param_1(x0).  
2025-09-08 14:19:45 INFO  (GhidraScript) tflite_analyzer.py> ----------------------------------------  
2025-09-08 14:19:45 INFO  (GhidraScript) tflite_analyzer.py> Usage #6:  
2025-09-08 14:19:45 INFO  (GhidraScript) tflite_analyzer.py>   Originating Lib Call: ['operator']  
2025-09-08 14:19:45 INFO  (GhidraScript) tflite_analyzer.py>   Found In Function:   main at 00102998  
2025-09-08 14:19:45 INFO  (GhidraScript) tflite_analyzer.py>   Instruction Address: 00102a0c  
2025-09-08 14:19:45 INFO  (GhidraScript) tflite_analyzer.py>     PCode Op:            (register, 0x4000, 8) CALL (ram, 0x102710, 8) , (register, 0x4000, 8) , (unique, 0x10000388, 8)  
2025-09-08 14:19:45 INFO  (GhidraScript) tflite_analyzer.py>     Usage Type:          TAINTED_ARG_TO_CALL_RECURSION  
2025-09-08 14:19:45 INFO  (GhidraScript) tflite_analyzer.py>     Details:             Recursive call to operator<< (CALL) with taints: param_1(x0).  
2025-09-08 14:19:45 INFO  (GhidraScript) tflite_analyzer.py> ----------------------------------------  
2025-09-08 14:19:45 INFO  (GhidraScript) tflite_analyzer.py> Usage #7:  
2025-09-08 14:19:45 INFO  (GhidraScript) tflite_analyzer.py>   Originating Lib Call: ['operator']  
2025-09-08 14:19:45 INFO  (GhidraScript) tflite_analyzer.py>   Found In Function:   main at 00102998  
2025-09-08 14:19:45 INFO  (GhidraScript) tflite_analyzer.py>   Instruction Address: 00102ad4  
2025-09-08 14:19:45 INFO  (GhidraScript) tflite_analyzer.py>     PCode Op:             ---  CBRANCH (ram, 0x102b14, 1) , (register, 0x4000, 1)  
2025-09-08 14:19:45 INFO  (GhidraScript) tflite_analyzer.py>     Usage Type:          BRANCH_CONDITION_TAINTED  
2025-09-08 14:19:45 INFO  (GhidraScript) tflite_analyzer.py>     Tainted Component:   bVar1(w0)  
2025-09-08 14:19:45 INFO  (GhidraScript) tflite_analyzer.py>     Details:             Tainted condition for branch.  
2025-09-08 14:19:45 INFO  (GhidraScript) tflite_analyzer.py> ----------------------------------------  
2025-09-08 14:19:45 INFO  (GhidraScript) tflite_analyzer.py> Usage #8:  
2025-09-08 14:19:45 INFO  (GhidraScript) tflite_analyzer.py>   Originating Lib Call: ['operator']  
2025-09-08 14:19:45 INFO  (GhidraScript) tflite_analyzer.py>   Found In Function:   main at 00102998  
2025-09-08 14:19:45 INFO  (GhidraScript) tflite_analyzer.py>   Instruction Address: 00102afc  
2025-09-08 14:19:45 INFO  (GhidraScript) tflite_analyzer.py>     PCode Op:            (register, 0x4000, 8) CALL (ram, 0x102700, 8) , (register, 0x4000, 8) , (unique, 0x11f80, 8)  
2025-09-08 14:19:45 INFO  (GhidraScript) tflite_analyzer.py>     Usage Type:          TAINTED_ARG_TO_CALL_RECURSION  
2025-09-08 14:19:45 INFO  (GhidraScript) tflite_analyzer.py>     Details:             Recursive call to operator<< (CALL) with taints: param_1(x0).  
2025-09-08 14:19:45 INFO  (GhidraScript) tflite_analyzer.py> ----------------------------------------  
2025-09-08 14:19:45 INFO  (GhidraScript) tflite_analyzer.py> Usage #9:  
2025-09-08 14:19:45 INFO  (GhidraScript) tflite_analyzer.py>   Originating Lib Call: ['operator']  
2025-09-08 14:19:45 INFO  (GhidraScript) tflite_analyzer.py>   Found In Function:   operator<< at 00102700  
2025-09-08 14:19:45 INFO  (GhidraScript) tflite_analyzer.py>   Instruction Address: 0010270c  
2025-09-08 14:19:45 INFO  (GhidraScript) tflite_analyzer.py>     PCode Op:            (register, 0x4000, 8) CALL (ram, 0x121130, 8) , (register, 0x4000, 8) , (register, 0x4008, 8)  
2025-09-08 14:19:45 INFO  (GhidraScript) tflite_analyzer.py>     Usage Type:          TAINTED_ARG_TO_CALL_RECURSION  
2025-09-08 14:19:45 INFO  (GhidraScript) tflite_analyzer.py>     Details:             Recursive call to operator<< (CALL) with taints: param_1(x0).  
2025-09-08 14:19:45 INFO  (GhidraScript) tflite_analyzer.py> ----------------------------------------  
2025-09-08 14:19:45 INFO  (GhidraScript) tflite_analyzer.py> Usage #10:  
2025-09-08 14:19:45 INFO  (GhidraScript) tflite_analyzer.py>   Originating Lib Call: ['operator']  
2025-09-08 14:19:45 INFO  (GhidraScript) tflite_analyzer.py>   Found In Function:   main at 00102998  
2025-09-08 14:19:45 INFO  (GhidraScript) tflite_analyzer.py>   Instruction Address: 00102b8c  
2025-09-08 14:19:45 INFO  (GhidraScript) tflite_analyzer.py>     PCode Op:             ---  CBRANCH (ram, 0x102bcc, 1) , (register, 0x108, 1)  
2025-09-08 14:19:45 INFO  (GhidraScript) tflite_analyzer.py>     Usage Type:          BRANCH_CONDITION_TAINTED  
2025-09-08 14:19:45 INFO  (GhidraScript) tflite_analyzer.py>     Tainted Component:   UNNAMED(tmpZR)  
2025-09-08 14:19:45 INFO  (GhidraScript) tflite_analyzer.py>     Details:             Tainted condition for branch.  
2025-09-08 14:19:45 INFO  (GhidraScript) tflite_analyzer.py> ----------------------------------------  
2025-09-08 14:19:45 INFO  (GhidraScript) tflite_analyzer.py> Usage #11:  
2025-09-08 14:19:45 INFO  (GhidraScript) tflite_analyzer.py>   Originating Lib Call: ['operator']  
2025-09-08 14:19:45 INFO  (GhidraScript) tflite_analyzer.py>   Found In Function:   main at 00102998  
2025-09-08 14:19:45 INFO  (GhidraScript) tflite_analyzer.py>   Instruction Address: 00102bb4  
2025-09-08 14:19:45 INFO  (GhidraScript) tflite_analyzer.py>     PCode Op:            (register, 0x4000, 8) CALL (ram, 0x102700, 8) , (register, 0x4000, 8) , (unique, 0x11f80, 8)  
2025-09-08 14:19:45 INFO  (GhidraScript) tflite_analyzer.py>     Usage Type:          TAINTED_ARG_TO_CALL_RECURSION  
2025-09-08 14:19:45 INFO  (GhidraScript) tflite_analyzer.py>     Details:             Recursive call to operator<< (CALL) with taints: param_1(x0).  
2025-09-08 14:19:45 INFO  (GhidraScript) tflite_analyzer.py> ----------------------------------------  
2025-09-08 14:19:45 INFO  (GhidraScript) tflite_analyzer.py> Usage #12:  
2025-09-08 14:19:45 INFO  (GhidraScript) tflite_analyzer.py>   Originating Lib Call: ['operator']  
2025-09-08 14:19:45 INFO  (GhidraScript) tflite_analyzer.py>   Found In Function:   main at 00102998  
2025-09-08 14:19:45 INFO  (GhidraScript) tflite_analyzer.py>   Instruction Address: 00102d90  
2025-09-08 14:19:45 INFO  (GhidraScript) tflite_analyzer.py>     PCode Op:             ---  CBRANCH (ram, 0x102cf4, 1) , (unique, 0x1580, 1)  
2025-09-08 14:19:45 INFO  (GhidraScript) tflite_analyzer.py>     Usage Type:          BRANCH_CONDITION_TAINTED  
2025-09-08 14:19:45 INFO  (GhidraScript) tflite_analyzer.py>     Tainted Component:   UNNAMED(UniquePcode[0x1580])  
2025-09-08 14:19:45 INFO  (GhidraScript) tflite_analyzer.py>     Details:             Tainted condition for branch.  
2025-09-08 14:19:45 INFO  (GhidraScript) tflite_analyzer.py> ----------------------------------------  
2025-09-08 14:19:45 INFO  (GhidraScript) tflite_analyzer.py> Usage #13:  
2025-09-08 14:19:45 INFO  (GhidraScript) tflite_analyzer.py>   Originating Lib Call: ['operator']  
2025-09-08 14:19:45 INFO  (GhidraScript) tflite_analyzer.py>   Found In Function:   main at 00102998  
2025-09-08 14:19:45 INFO  (GhidraScript) tflite_analyzer.py>   Instruction Address: 00102da8  
2025-09-08 14:19:45 INFO  (GhidraScript) tflite_analyzer.py>     PCode Op:             ---  CBRANCH (ram, 0x102cec, 1) , (unique, 0x1580, 1)  
2025-09-08 14:19:45 INFO  (GhidraScript) tflite_analyzer.py>     Usage Type:          BRANCH_CONDITION_TAINTED  
2025-09-08 14:19:45 INFO  (GhidraScript) tflite_analyzer.py>     Tainted Component:   UNNAMED(UniquePcode[0x1580])  
2025-09-08 14:19:45 INFO  (GhidraScript) tflite_analyzer.py>     Details:             Tainted condition for branch.  
2025-09-08 14:19:45 INFO  (GhidraScript) tflite_analyzer.py> ----------------------------------------  
2025-09-08 14:19:45 INFO  (GhidraScript) tflite_analyzer.py> Usage #14:  
2025-09-08 14:19:45 INFO  (GhidraScript) tflite_analyzer.py>   Originating Lib Call: ['operator']  
2025-09-08 14:19:45 INFO  (GhidraScript) tflite_analyzer.py>   Found In Function:   main at 00102998  
2025-09-08 14:19:45 INFO  (GhidraScript) tflite_analyzer.py>   Instruction Address: 00102dc0  
2025-09-08 14:19:45 INFO  (GhidraScript) tflite_analyzer.py>     PCode Op:             ---  CBRANCH (ram, 0x102ce4, 1) , (unique, 0x1580, 1)  
2025-09-08 14:19:45 INFO  (GhidraScript) tflite_analyzer.py>     Usage Type:          BRANCH_CONDITION_TAINTED  
2025-09-08 14:19:45 INFO  (GhidraScript) tflite_analyzer.py>     Tainted Component:   UNNAMED(UniquePcode[0x1580])  
2025-09-08 14:19:45 INFO  (GhidraScript) tflite_analyzer.py>     Details:             Tainted condition for branch.  
2025-09-08 14:19:45 INFO  (GhidraScript) tflite_analyzer.py> ----------------------------------------  
2025-09-08 14:19:45 INFO  (GhidraScript) tflite_analyzer.py> Usage #15:  
2025-09-08 14:19:45 INFO  (GhidraScript) tflite_analyzer.py>   Originating Lib Call: ['operator']  
2025-09-08 14:19:45 INFO  (GhidraScript) tflite_analyzer.py>   Found In Function:   main at 00102998  
2025-09-08 14:19:45 INFO  (GhidraScript) tflite_analyzer.py>   Instruction Address: 00102df8  
2025-09-08 14:19:45 INFO  (GhidraScript) tflite_analyzer.py>     PCode Op:             ---  CBRANCH (ram, 0x102e00, 1) , (unique, 0x10000364, 1)  
2025-09-08 14:19:45 INFO  (GhidraScript) tflite_analyzer.py>     Usage Type:          BRANCH_CONDITION_TAINTED  
2025-09-08 14:19:45 INFO  (GhidraScript) tflite_analyzer.py>     Tainted Component:   UNNAMED(UniquePcode[0x10000364])  
2025-09-08 14:19:45 INFO  (GhidraScript) tflite_analyzer.py>     Details:             Tainted condition for branch.  
2025-09-08 14:19:45 INFO  (GhidraScript) tflite_analyzer.py> ----------------------------------------  
2025-09-08 14:19:45 INFO  (GhidraScript) tflite_analyzer.py> Usage #16:  
2025-09-08 14:19:45 INFO  (GhidraScript) tflite_analyzer.py>   Originating Lib Call: ['operator']  
2025-09-08 14:19:45 INFO  (GhidraScript) tflite_analyzer.py>   Found In Function:   main at 00102998  
2025-09-08 14:19:45 INFO  (GhidraScript) tflite_analyzer.py>   Instruction Address: 00102e14  
2025-09-08 14:19:45 INFO  (GhidraScript) tflite_analyzer.py>     PCode Op:             ---  CBRANCH (ram, 0x102e1c, 1) , (unique, 0x1000, 1)  
2025-09-08 14:19:45 INFO  (GhidraScript) tflite_analyzer.py>     Usage Type:          BRANCH_CONDITION_TAINTED  
2025-09-08 14:19:45 INFO  (GhidraScript) tflite_analyzer.py>     Tainted Component:   UNNAMED(UniquePcode[0x1000])  
2025-09-08 14:19:45 INFO  (GhidraScript) tflite_analyzer.py>     Details:             Tainted condition for branch.  
2025-09-08 14:19:45 INFO  (GhidraScript) tflite_analyzer.py> ----------------------------------------  
2025-09-08 14:19:45 INFO  (GhidraScript) tflite_analyzer.py> Usage #17:  
2025-09-08 14:19:45 INFO  (GhidraScript) tflite_analyzer.py>   Originating Lib Call: ['operator']  
2025-09-08 14:19:45 INFO  (GhidraScript) tflite_analyzer.py>   Found In Function:   main at 00102998  
2025-09-08 14:19:45 INFO  (GhidraScript) tflite_analyzer.py>   Instruction Address: 00102e90  
2025-09-08 14:19:45 INFO  (GhidraScript) tflite_analyzer.py>     PCode Op:             ---  CBRANCH (ram, 0x102fc4, 1) , (register, 0x108, 1)  
2025-09-08 14:19:45 INFO  (GhidraScript) tflite_analyzer.py>     Usage Type:          BRANCH_CONDITION_TAINTED  
2025-09-08 14:19:45 INFO  (GhidraScript) tflite_analyzer.py>     Tainted Component:   UNNAMED(tmpZR)  
2025-09-08 14:19:45 INFO  (GhidraScript) tflite_analyzer.py>     Details:             Tainted condition for branch.  
2025-09-08 14:19:45 INFO  (GhidraScript) tflite_analyzer.py> ----------------------------------------  
2025-09-08 14:19:45 INFO  (GhidraScript) tflite_analyzer.py> Usage #18:  
2025-09-08 14:19:45 INFO  (GhidraScript) tflite_analyzer.py>   Originating Lib Call: tainted_return_from_operator<<  
2025-09-08 14:19:45 INFO  (GhidraScript) tflite_analyzer.py>   Found In Function:   main at 00102998  
2025-09-08 14:19:45 INFO  (GhidraScript) tflite_analyzer.py>   Instruction Address: 00102afc  
2025-09-08 14:19:45 INFO  (GhidraScript) tflite_analyzer.py>     PCode Op:            (register, 0x4000, 8) CALL (ram, 0x102700, 8) , (register, 0x4000, 8) , (unique, 0x11f80, 8)  
2025-09-08 14:19:45 INFO  (GhidraScript) tflite_analyzer.py>     Usage Type:          TAINTED_ARG_TO_CALL_RECURSION  
2025-09-08 14:19:45 INFO  (GhidraScript) tflite_analyzer.py>     Details:             Recursive call to operator<< (CALL) with taints: param_1(x0).  
2025-09-08 14:19:45 INFO  (GhidraScript) tflite_analyzer.py> ----------------------------------------  
2025-09-08 14:19:45 INFO  (GhidraScript) tflite_analyzer.py> Usage #19:  
2025-09-08 14:19:45 INFO  (GhidraScript) tflite_analyzer.py>   Originating Lib Call: tainted_return_from_operator<<  
2025-09-08 14:19:45 INFO  (GhidraScript) tflite_analyzer.py>   Found In Function:   operator<< at 00102700  
2025-09-08 14:19:45 INFO  (GhidraScript) tflite_analyzer.py>   Instruction Address: 0010270c  
2025-09-08 14:19:45 INFO  (GhidraScript) tflite_analyzer.py>     PCode Op:            (register, 0x4000, 8) CALL (ram, 0x121130, 8) , (register, 0x4000, 8) , (register, 0x4008, 8)  
2025-09-08 14:19:45 INFO  (GhidraScript) tflite_analyzer.py>     Usage Type:          TAINTED_ARG_TO_CALL_RECURSION  
2025-09-08 14:19:45 INFO  (GhidraScript) tflite_analyzer.py>     Details:             Recursive call to operator<< (CALL) with taints: param_1(x0).  
2025-09-08 14:19:45 INFO  (GhidraScript) tflite_analyzer.py> ----------------------------------------  
2025-09-08 14:19:45 INFO  (GhidraScript) tflite_analyzer.py> Usage #20:  
2025-09-08 14:19:45 INFO  (GhidraScript) tflite_analyzer.py>   Originating Lib Call: tainted_return_from_operator<<  
2025-09-08 14:19:45 INFO  (GhidraScript) tflite_analyzer.py>   Found In Function:   main at 00102998  
2025-09-08 14:19:45 INFO  (GhidraScript) tflite_analyzer.py>   Instruction Address: 00102b8c  
2025-09-08 14:19:45 INFO  (GhidraScript) tflite_analyzer.py>     PCode Op:             ---  CBRANCH (ram, 0x102bcc, 1) , (register, 0x108, 1)  
2025-09-08 14:19:45 INFO  (GhidraScript) tflite_analyzer.py>     Usage Type:          BRANCH_CONDITION_TAINTED  
2025-09-08 14:19:45 INFO  (GhidraScript) tflite_analyzer.py>     Tainted Component:   UNNAMED(tmpZR)  
2025-09-08 14:19:45 INFO  (GhidraScript) tflite_analyzer.py>     Details:             Tainted condition for branch.  
2025-09-08 14:19:45 INFO  (GhidraScript) tflite_analyzer.py> ----------------------------------------  
2025-09-08 14:19:45 INFO  (GhidraScript) tflite_analyzer.py> Usage #21:  
2025-09-08 14:19:45 INFO  (GhidraScript) tflite_analyzer.py>   Originating Lib Call: tainted_return_from_operator<<  
2025-09-08 14:19:45 INFO  (GhidraScript) tflite_analyzer.py>   Found In Function:   main at 00102998  
2025-09-08 14:19:45 INFO  (GhidraScript) tflite_analyzer.py>   Instruction Address: 00102bb4  
2025-09-08 14:19:45 INFO  (GhidraScript) tflite_analyzer.py>     PCode Op:            (register, 0x4000, 8) CALL (ram, 0x102700, 8) , (register, 0x4000, 8) , (unique, 0x11f80, 8)  
2025-09-08 14:19:45 INFO  (GhidraScript) tflite_analyzer.py>     Usage Type:          TAINTED_ARG_TO_CALL_RECURSION  
2025-09-08 14:19:45 INFO  (GhidraScript) tflite_analyzer.py>     Details:             Recursive call to operator<< (CALL) with taints: param_1(x0).  
2025-09-08 14:19:45 INFO  (GhidraScript) tflite_analyzer.py> ----------------------------------------  
2025-09-08 14:19:45 INFO  (GhidraScript) tflite_analyzer.py> Usage #22:  
2025-09-08 14:19:45 INFO  (GhidraScript) tflite_analyzer.py>   Originating Lib Call: tainted_return_from_operator<<  
2025-09-08 14:19:45 INFO  (GhidraScript) tflite_analyzer.py>   Found In Function:   main at 00102998  
2025-09-08 14:19:45 INFO  (GhidraScript) tflite_analyzer.py>   Instruction Address: 00102d90  
2025-09-08 14:19:45 INFO  (GhidraScript) tflite_analyzer.py>     PCode Op:             ---  CBRANCH (ram, 0x102cf4, 1) , (unique, 0x1580, 1)  
2025-09-08 14:19:45 INFO  (GhidraScript) tflite_analyzer.py>     Usage Type:          BRANCH_CONDITION_TAINTED  
2025-09-08 14:19:45 INFO  (GhidraScript) tflite_analyzer.py>     Tainted Component:   UNNAMED(UniquePcode[0x1580])  
2025-09-08 14:19:45 INFO  (GhidraScript) tflite_analyzer.py>     Details:             Tainted condition for branch.  
2025-09-08 14:19:45 INFO  (GhidraScript) tflite_analyzer.py> ----------------------------------------  
2025-09-08 14:19:45 INFO  (GhidraScript) tflite_analyzer.py> Usage #23:  
2025-09-08 14:19:45 INFO  (GhidraScript) tflite_analyzer.py>   Originating Lib Call: tainted_return_from_operator<<  
2025-09-08 14:19:45 INFO  (GhidraScript) tflite_analyzer.py>   Found In Function:   main at 00102998  
2025-09-08 14:19:45 INFO  (GhidraScript) tflite_analyzer.py>   Instruction Address: 00102da8  
2025-09-08 14:19:45 INFO  (GhidraScript) tflite_analyzer.py>     PCode Op:             ---  CBRANCH (ram, 0x102cec, 1) , (unique, 0x1580, 1)  
2025-09-08 14:19:45 INFO  (GhidraScript) tflite_analyzer.py>     Usage Type:          BRANCH_CONDITION_TAINTED  
2025-09-08 14:19:45 INFO  (GhidraScript) tflite_analyzer.py>     Tainted Component:   UNNAMED(UniquePcode[0x1580])  
2025-09-08 14:19:45 INFO  (GhidraScript) tflite_analyzer.py>     Details:             Tainted condition for branch.  
2025-09-08 14:19:45 INFO  (GhidraScript) tflite_analyzer.py> ----------------------------------------  
2025-09-08 14:19:45 INFO  (GhidraScript) tflite_analyzer.py> Usage #24:  
2025-09-08 14:19:45 INFO  (GhidraScript) tflite_analyzer.py>   Originating Lib Call: tainted_return_from_operator<<  
2025-09-08 14:19:45 INFO  (GhidraScript) tflite_analyzer.py>   Found In Function:   main at 00102998  
2025-09-08 14:19:45 INFO  (GhidraScript) tflite_analyzer.py>   Instruction Address: 00102dc0  
2025-09-08 14:19:45 INFO  (GhidraScript) tflite_analyzer.py>     PCode Op:             ---  CBRANCH (ram, 0x102ce4, 1) , (unique, 0x1580, 1)  
2025-09-08 14:19:45 INFO  (GhidraScript) tflite_analyzer.py>     Usage Type:          BRANCH_CONDITION_TAINTED  
2025-09-08 14:19:45 INFO  (GhidraScript) tflite_analyzer.py>     Tainted Component:   UNNAMED(UniquePcode[0x1580])  
2025-09-08 14:19:45 INFO  (GhidraScript) tflite_analyzer.py>     Details:             Tainted condition for branch.  
2025-09-08 14:19:45 INFO  (GhidraScript) tflite_analyzer.py> ----------------------------------------  
2025-09-08 14:19:45 INFO  (GhidraScript) tflite_analyzer.py> Usage #25:  
2025-09-08 14:19:45 INFO  (GhidraScript) tflite_analyzer.py>   Originating Lib Call: tainted_return_from_operator<<  
2025-09-08 14:19:45 INFO  (GhidraScript) tflite_analyzer.py>   Found In Function:   main at 00102998  
2025-09-08 14:19:45 INFO  (GhidraScript) tflite_analyzer.py>   Instruction Address: 00102df8  
2025-09-08 14:19:45 INFO  (GhidraScript) tflite_analyzer.py>     PCode Op:             ---  CBRANCH (ram, 0x102e00, 1) , (unique, 0x10000364, 1)  
2025-09-08 14:19:45 INFO  (GhidraScript) tflite_analyzer.py>     Usage Type:          BRANCH_CONDITION_TAINTED  
2025-09-08 14:19:45 INFO  (GhidraScript) tflite_analyzer.py>     Tainted Component:   UNNAMED(UniquePcode[0x10000364])  
2025-09-08 14:19:45 INFO  (GhidraScript) tflite_analyzer.py>     Details:             Tainted condition for branch.  
2025-09-08 14:19:45 INFO  (GhidraScript) tflite_analyzer.py> ----------------------------------------  
2025-09-08 14:19:45 INFO  (GhidraScript) tflite_analyzer.py> Usage #26:  
2025-09-08 14:19:45 INFO  (GhidraScript) tflite_analyzer.py>   Originating Lib Call: tainted_return_from_operator<<  
2025-09-08 14:19:45 INFO  (GhidraScript) tflite_analyzer.py>   Found In Function:   main at 00102998  
2025-09-08 14:19:45 INFO  (GhidraScript) tflite_analyzer.py>   Instruction Address: 00102e14  
2025-09-08 14:19:45 INFO  (GhidraScript) tflite_analyzer.py>     PCode Op:             ---  CBRANCH (ram, 0x102e1c, 1) , (unique, 0x1000, 1)  
2025-09-08 14:19:45 INFO  (GhidraScript) tflite_analyzer.py>     Usage Type:          BRANCH_CONDITION_TAINTED  
2025-09-08 14:19:45 INFO  (GhidraScript) tflite_analyzer.py>     Tainted Component:   UNNAMED(UniquePcode[0x1000])  
2025-09-08 14:19:45 INFO  (GhidraScript) tflite_analyzer.py>     Details:             Tainted condition for branch.  
2025-09-08 14:19:45 INFO  (GhidraScript) tflite_analyzer.py> ----------------------------------------  
2025-09-08 14:19:45 INFO  (GhidraScript) tflite_analyzer.py> Usage #27:  
2025-09-08 14:19:45 INFO  (GhidraScript) tflite_analyzer.py>   Originating Lib Call: tainted_return_from_operator<<  
2025-09-08 14:19:45 INFO  (GhidraScript) tflite_analyzer.py>   Found In Function:   main at 00102998  
2025-09-08 14:19:45 INFO  (GhidraScript) tflite_analyzer.py>   Instruction Address: 00102e90  
2025-09-08 14:19:45 INFO  (GhidraScript) tflite_analyzer.py>     PCode Op:             ---  CBRANCH (ram, 0x102fc4, 1) , (register, 0x108, 1)  
2025-09-08 14:19:45 INFO  (GhidraScript) tflite_analyzer.py>     Usage Type:          BRANCH_CONDITION_TAINTED  
2025-09-08 14:19:45 INFO  (GhidraScript) tflite_analyzer.py>     Tainted Component:   UNNAMED(tmpZR)  
2025-09-08 14:19:45 INFO  (GhidraScript) tflite_analyzer.py>     Details:             Tainted condition for branch.  
2025-09-08 14:19:45 INFO  (GhidraScript) tflite_analyzer.py> ----------------------------------------  
2025-09-08 14:19:45 INFO  (GhidraScript) tflite_analyzer.py> INFO: TAINT_ANALYSIS_JSON_OUTPUT env var found. Saving results to: /Users/chenkexin/Desktop/kk/test_taint/results/ssrnet_age_tflite_gcc_O0_taint_analysis_results.json  
2025-09-08 14:19:46 INFO  (GhidraScript) tflite_analyzer.py> Taint analysis results saved to: /Users/chenkexin/Desktop/kk/test_taint/results/ssrnet_age_tflite_gcc_O0_taint_analysis_results.json  
2025-09-08 14:19:46 ERROR (GhidraScript) tflite_analyzer.py> WARN: No high-level operand representations found in usage log for branch at 00102ad4. 'registers' field will be empty.  
2025-09-08 14:19:46 INFO  (GhidraScript) tflite_analyzer.py> SUCCESS: Hook configuration saved to: /Users/chenkexin/Desktop/kk/test_taint/results/ssrnet_age_tflite_gcc_O0_hook_config.json  
2025-09-08 14:19:46 INFO  (GhidraScript) tflite_analyzer.py> TFLite Taint Analyzer finished.  
2025-09-08 14:19:46 INFO  (HeadlessAnalyzer) ANALYZING changes made by post scripts: file:///Users/chenkexin/Desktop/kk/test_taint/assets/merged_bin/ssrnet_age_tflite_gcc_O0  
2025-09-08 14:19:46 INFO  (HeadlessAnalyzer) REPORT: Post-analysis succeeded for file: file:///Users/chenkexin/Desktop/kk/test_taint/assets/merged_bin/ssrnet_age_tflite_gcc_O0  
2025-09-08 14:19:46 INFO  (HeadlessAnalyzer) REPORT: Save succeeded for: /ssrnet_age_tflite_gcc_O0 (all_binaries_analysis:/ssrnet_age_tflite_gcc_O0)  
2025-09-08 14:19:46 INFO  (HeadlessAnalyzer) REPORT: Import succeeded  
2025-09-08 14:19:46 DEBUG (DefaultProjectData) Closing ProjectData: /Users/chenkexin/Desktop/kk/test_taint/ghidra_projects/all_binaries_analysis.rep  
2025-09-08 14:19:46 DEBUG (DefaultProjectData) Disposing ProjectData: /Users/chenkexin/Desktop/kk/test_taint/ghidra_projects/all_binaries_analysis.rep  
