2025-09-08 02:23:37 INFO  (LoggingInitialization) Using log config file: jar:file:/Applications/ghidra_11.0.3_PUBLIC/Ghidra/Framework/Generic/lib/Generic.jar!/generic.log4j.xml  
2025-09-08 02:23:37 INFO  (LoggingInitialization) Using log file: /Users/chenkexin/Desktop/kk/test_taint/logs/ultraface_detector_mnn_gcc_O0_headless_analysis.log  
2025-09-08 02:23:37 INFO  (Preferences) Loading user preferences: /Users/chenkexin/.ghidra/.ghidra_11.0.3_PUBLIC/preferences  
2025-09-08 02:23:37 INFO  (Preferences) Loading previous preferences: /Users/chenkexin/.ghidra/.ghidra_10.4_PUBLIC/preferences  
2025-09-08 02:23:37 INFO  (ClassSearcher) Searching for classes...  
2025-09-08 02:23:39 INFO  (ClassSearcher) Class search complete (1497 ms)  
2025-09-08 02:23:39 INFO  (SSLContextInitializer) Initializing SSL Context  
2025-09-08 02:23:39 INFO  (SecureRandomFactory) Initializing Random Number Generator...  
2025-09-08 02:23:39 INFO  (SecureRandomFactory) Random Number Generator initialization complete: NativePRNGNonBlocking  
2025-09-08 02:23:39 INFO  (ApplicationTrustManagerFactory) Trust manager disabled, cacerts have not been set  
2025-09-08 02:23:39 INFO  (HeadlessAnalyzer) HEADLESS Script Paths:
    /Applications/ghidra_11.0.3_PUBLIC/Ghidra/Processors/8051/ghidra_scripts
    /Applications/ghidra_11.0.3_PUBLIC/Ghidra/Features/FileFormats/ghidra_scripts
    /Applications/ghidra_11.0.3_PUBLIC/Ghidra/Features/Base/ghidra_scripts
    /Applications/ghidra_11.0.3_PUBLIC/Ghidra/Features/Python/ghidra_scripts
    /Applications/ghidra_11.0.3_PUBLIC/Ghidra/Features/GnuDemangler/ghidra_scripts
    /Applications/ghidra_11.0.3_PUBLIC/Ghidra/Features/SystemEmulation/ghidra_scripts
    /Applications/ghidra_11.0.3_PUBLIC/Ghidra/Features/MicrosoftCodeAnalyzer/ghidra_scripts
    /Applications/ghidra_11.0.3_PUBLIC/Ghidra/Features/BytePatterns/ghidra_scripts
    /Applications/ghidra_11.0.3_PUBLIC/Ghidra/Features/Decompiler/ghidra_scripts
    /Applications/ghidra_11.0.3_PUBLIC/Ghidra/Processors/Atmel/ghidra_scripts
    /Applications/ghidra_11.0.3_PUBLIC/Ghidra/Debug/Debugger-agent-frida/ghidra_scripts
    /Applications/ghidra_11.0.3_PUBLIC/Ghidra/Features/FunctionID/ghidra_scripts
    /Applications/ghidra_11.0.3_PUBLIC/Ghidra/Processors/JVM/ghidra_scripts
    /Applications/ghidra_11.0.3_PUBLIC/Ghidra/Processors/PIC/ghidra_scripts
    /Applications/ghidra_11.0.3_PUBLIC/Ghidra/Features/BSim/ghidra_scripts
    /Applications/ghidra_11.0.3_PUBLIC/Ghidra/Features/PDB/ghidra_scripts
    /Applications/ghidra_11.0.3_PUBLIC/Ghidra/Processors/DATA/ghidra_scripts
    /Users/chenkexin/ghidra_scripts
    /Users/chenkexin/Desktop/kk/test_taint
    /Applications/ghidra_11.0.3_PUBLIC/Ghidra/Debug/Debugger-agent-dbgmodel-traceloader/ghidra_scripts
    /Applications/ghidra_11.0.3_PUBLIC/Ghidra/Debug/Debugger-rmi-trace/ghidra_scripts
    /Applications/ghidra_11.0.3_PUBLIC/Ghidra/Features/VersionTracking/ghidra_scripts
    /Applications/ghidra_11.0.3_PUBLIC/Ghidra/Debug/Debugger/ghidra_scripts  
2025-09-08 02:23:39 INFO  (HeadlessAnalyzer) HEADLESS: execution starts  
2025-09-08 02:23:39 INFO  (HeadlessAnalyzer) Opening existing project: /Users/chenkexin/Desktop/kk/test_taint/ghidra_projects/all_binaries_analysis  
2025-09-08 02:23:40 INFO  (HeadlessProject) Opening project: /Users/chenkexin/Desktop/kk/test_taint/ghidra_projects/all_binaries_analysis  
2025-09-08 02:23:40 INFO  (HeadlessAnalyzer) REPORT: Processing input files:   
2025-09-08 02:23:40 INFO  (HeadlessAnalyzer)      project: /Users/chenkexin/Desktop/kk/test_taint/ghidra_projects/all_binaries_analysis  
2025-09-08 02:23:40 INFO  (HeadlessAnalyzer) IMPORTING: file:///Users/chenkexin/Desktop/kk/test_taint/assets/merged_bin/ultraface_detector_mnn_gcc_O0  
2025-09-08 02:23:42 INFO  (AutoImporter) Using Loader: Executable and Linking Format (ELF)  
2025-09-08 02:23:42 INFO  (AutoImporter) Using Language/Compiler: AARCH64:LE:64:v8A:default  
2025-09-08 02:23:42 DEBUG (ElfHeader) Elf symbol table section .dynsym linked to string table section .dynstr  
2025-09-08 02:23:42 DEBUG (ElfHeader) Elf symbol table section .symtab linked to string table section .strtab  
2025-09-08 02:23:42 DEBUG (ElfHeader) Elf relocation table section .rela.dyn linked to symbol table section .dynsym affecting PT_LOAD  
2025-09-08 02:23:42 DEBUG (ElfHeader) Elf relocation table section .rela.plt linked to symbol table section .dynsym affecting .got  
2025-09-08 02:23:42 DEBUG (ElfProgramBuilder) Discarding 1-byte alignment/filler segment_2.3 at 00100253  
2025-09-08 02:23:42 DEBUG (ElfProgramBuilder) Discarding 4-byte alignment/filler segment_2.10 at 00101654  
2025-09-08 02:23:42 DEBUG (ElfProgramBuilder) Discarding 4-byte alignment/filler segment_2.18 at 00107f94  
2025-09-08 02:23:42 DEBUG (ElfProgramBuilder) Discarding 1-byte alignment/filler segment_2.20 at 001081cf  
2025-09-08 02:23:42 DEBUG (ElfProgramBuilder) Discarding 4-byte alignment/filler segment_2.22 at 00108984  
2025-09-08 02:23:43 WARN  (ElfRelocationHandler) EXTERNAL Data Elf Relocation with offset: at 0011fb08 (External Location = _ZTVN10__cxxabiv120__si_class_type_infoE+0x10)  
2025-09-08 02:23:43 WARN  (ElfRelocationHandler) EXTERNAL Data Elf Relocation with offset: at 0011fb20 (External Location = _ZTVN10__cxxabiv120__si_class_type_infoE+0x10)  
2025-09-08 02:23:43 WARN  (ElfRelocationHandler) EXTERNAL Data Elf Relocation with offset: at 0011fb38 (External Location = _ZTVN10__cxxabiv120__si_class_type_infoE+0x10)  
2025-09-08 02:23:43 WARN  (ElfRelocationHandler) EXTERNAL Data Elf Relocation with offset: at 0011fb50 (External Location = _ZTVN10__cxxabiv117__class_type_infoE+0x10)  
2025-09-08 02:23:44 INFO  (HeadlessAnalyzer) IMPORTING: Loaded 0 additional files  
2025-09-08 02:23:44 INFO  (HeadlessAnalyzer) ANALYZING all memory and code: file:///Users/chenkexin/Desktop/kk/test_taint/assets/merged_bin/ultraface_detector_mnn_gcc_O0  
2025-09-08 02:23:45 ERROR (DWARFAnalyzer) Error during DWARFAnalyzer import:  ghidra.app.util.bin.format.dwarf4.DWARFException: Only DWARF version 2, 3, or 4 information is currently supported (detected 5).
	at ghidra.app.util.bin.format.dwarf4.DWARFCompilationUnit.readCompilationUnit(DWARFCompilationUnit.java:155)
	at ghidra.app.util.bin.format.dwarf4.next.DWARFProgram.bootstrapCompilationUnits(DWARFProgram.java:629)
	at ghidra.app.util.bin.format.dwarf4.next.DWARFProgram.<init>(DWARFProgram.java:262)
	at ghidra.app.plugin.core.analysis.DWARFAnalyzer.added(DWARFAnalyzer.java:109)
	at ghidra.app.plugin.core.analysis.AnalysisScheduler.runAnalyzer(AnalysisScheduler.java:186)
	at ghidra.app.plugin.core.analysis.AnalysisTask.applyTo(AnalysisTask.java:39)
	at ghidra.app.plugin.core.analysis.AutoAnalysisManager$AnalysisTaskWrapper.run(AutoAnalysisManager.java:686)
	at ghidra.app.plugin.core.analysis.AutoAnalysisManager.startAnalysis(AutoAnalysisManager.java:786)
	at ghidra.app.plugin.core.analysis.AutoAnalysisManager.startAnalysis(AutoAnalysisManager.java:665)
	at ghidra.app.plugin.core.analysis.AutoAnalysisManager.startAnalysis(AutoAnalysisManager.java:630)
	at ghidra.app.util.headless.HeadlessAnalyzer.analyzeProgram(HeadlessAnalyzer.java:1029)
	at ghidra.app.util.headless.HeadlessAnalyzer.processFileWithImport(HeadlessAnalyzer.java:1552)
	at ghidra.app.util.headless.HeadlessAnalyzer.processWithLoader(HeadlessAnalyzer.java:1734)
	at ghidra.app.util.headless.HeadlessAnalyzer.processWithImport(HeadlessAnalyzer.java:1675)
	at ghidra.app.util.headless.HeadlessAnalyzer.processWithImport(HeadlessAnalyzer.java:1759)
	at ghidra.app.util.headless.HeadlessAnalyzer.processLocal(HeadlessAnalyzer.java:460)
	at ghidra.app.util.headless.AnalyzeHeadless.launch(AnalyzeHeadless.java:127)
	at ghidra.GhidraLauncher.launch(GhidraLauncher.java:78)
	at ghidra.Ghidra.main(Ghidra.java:54)
 
2025-09-08 02:23:48 INFO  (PackedDatabaseCache) Packed database cache: /var/folders/kn/fw_2jn054bq5f73czrm_91nc0000gn/T/chenkexin-Ghidra/packed-db-cache  
2025-09-08 02:23:48 DEBUG (PackedDatabaseCache) Using cached packed database: /Applications/ghidra_11.0.3_PUBLIC/Ghidra/Features/Base/data/typeinfo/generic/generic_clib_64.gdt  
2025-09-08 02:23:49 INFO  (ApplyDataArchiveAnalyzer) Applied data type archive: generic_clib_64  
2025-09-08 02:23:50 WARN  (DemangledAddressTable) Unable to fully apply external demangled Address Table at 00121050: __cxxabiv1::__class_type_info::vtable  
2025-09-08 02:23:50 WARN  (DemangledAddressTable) Unable to fully apply external demangled Address Table at 001211d0: __cxxabiv1::__si_class_type_info::vtable  
2025-09-08 02:23:52 INFO  (AutoAnalysisManager) -----------------------------------------------------
    AARCH64 ELF PLT Thunks                     0.223 secs
    ASCII Strings                              0.261 secs
    Apply Data Archives                        1.219 secs
    Basic Constant Reference Analyzer          0.994 secs
    Call Convention ID                         0.996 secs
    Call-Fixup Installer                       0.026 secs
    Create Address Tables                      0.041 secs
    Create Address Tables - One Time           0.019 secs
    Create Function                            0.000 secs
    DWARF                                      0.062 secs
    Data Reference                             0.082 secs
    Decompiler Switch Analysis                 0.152 secs
    Demangler GNU                              0.694 secs
    Disassemble Entry Points                   0.210 secs
    Embedded Media                             0.016 secs
    External Entry References                  0.003 secs
    Function Start Search                      0.089 secs
    Function Start Search After Code           0.065 secs
    Function Start Search After Data           0.019 secs
    Function Start Search delayed - One Time   0.023 secs
    GCC Exception Handlers                     1.502 secs
    Non-Returning Functions - Discovered       0.031 secs
    Non-Returning Functions - Known            0.024 secs
    Reference                                  0.165 secs
    Shared Return Calls                        0.041 secs
    Stack                                      0.826 secs
    Subroutine References                      0.034 secs
-----------------------------------------------------
     Total Time   7 secs
-----------------------------------------------------
  
2025-09-08 02:23:52 INFO  (HeadlessAnalyzer) REPORT: Analysis succeeded for file: file:///Users/chenkexin/Desktop/kk/test_taint/assets/merged_bin/ultraface_detector_mnn_gcc_O0  
2025-09-08 02:23:52 INFO  (HeadlessAnalyzer) SCRIPT: /Users/chenkexin/Desktop/kk/test_taint/mnn_analyzer.py  
2025-09-08 02:23:57 INFO  (GhidraScript) mnn_analyzer.py> INFO: Searching for functions, thunks, and call sites related to keywords: ['getSessionOutput']  
2025-09-08 02:23:57 INFO  (GhidraScript) mnn_analyzer.py> INFO: Found function 'getSessionOutput'. Searching for its thunks.  
2025-09-08 02:23:57 INFO  (GhidraScript) mnn_analyzer.py> INFO: Found thunk 'getSessionOutput' at 00102270 for function.  
2025-09-08 02:23:57 INFO  (GhidraScript) mnn_analyzer.py> INFO: Found thunk 'getSessionOutput' at 00121118 for function.  
2025-09-08 02:23:57 INFO  (GhidraScript) mnn_analyzer.py> INFO: Found 3 unique call sites. Analyzing each...  
2025-09-08 02:23:57 INFO  (GhidraScript) mnn_analyzer.py> 
--- Starting Stage 1 Taint Analysis from '['getSessionOutput']' call sites ---  
2025-09-08 02:23:57 INFO  (GhidraScript) mnn_analyzer.py> 
--- Analyzing Call Site #1057404 at 0010227c ---  
2025-09-08 02:23:57 INFO  (GhidraScript) mnn_analyzer.py> DEBUG: Parent (caller): getSessionOutput at 00102270  
2025-09-08 02:23:57 INFO  (GhidraScript) mnn_analyzer.py> INFO: Call at 0010227c has no output varnode. Nothing to taint. Skipping.  
2025-09-08 02:23:57 INFO  (GhidraScript) mnn_analyzer.py> 
--- Analyzing Call Site #1060344 at 00102df8 ---  
2025-09-08 02:23:57 INFO  (GhidraScript) mnn_analyzer.py> DEBUG: Parent (caller): main at 00102a34  
2025-09-08 02:23:57 INFO  (GhidraScript) mnn_analyzer.py> 
--- Initiating Taint Analysis for: main (call at 00102df8) ---  
2025-09-08 02:23:57 INFO  (GhidraScript) mnn_analyzer.py> DEBUG: Taint source is the return value of the call: UNNAMED(UniquePcode[0x100008e9])  
2025-09-08 02:23:57 INFO  (GhidraScript) mnn_analyzer.py> \n>>> Analyzing function: main (Depth: 0) at 00102a34 (Originating from: ['getSessionOutput']) with initial taints: UNNAMED(UniquePcode[0x100008e9])  
2025-09-08 02:23:57 INFO  (GhidraScript) mnn_analyzer.py>   - [STACK_SEARCH.0] Analyzing varnode: (unique, 0x100008e9, 8)  
2025-09-08 02:23:57 INFO  (GhidraScript) mnn_analyzer.py>   - [STACK_SEARCH.0] Details: isAddress=0, addr=unique:100008e9, isStackAddress=0  
2025-09-08 02:23:57 INFO  (GhidraScript) mnn_analyzer.py>   - [STACK_SEARCH.0] Def P-Code Op: (unique, 0x100008e9, 8) CALL (ram, 0x102270, 8) , (register, 0x4000, 8) , (register, 0x4000, 8)  
2025-09-08 02:23:57 INFO  (GhidraScript) mnn_analyzer.py>   - [STACK_SEARCH.0] Mnemonic 'CALL' is not a handled case. Aborting path.  
2025-09-08 02:23:57 INFO  (GhidraScript) mnn_analyzer.py> \nDEBUG: Reached specified start PcodeOp (unique, 0x100008e9, 8) CALL (ram, 0x102270, 8) , (register, 0x4000, 8) , (register, 0x4000, 8) at 00102df8 in main, subsequent ops will be processed.  
2025-09-08 02:23:57 INFO  (GhidraScript) mnn_analyzer.py> DEBUG: [main @ 00102df8] Taint propagated from UNNAMED(UniquePcode[0x100008e9]) to pTVar11(x0) via CAST.  
2025-09-08 02:23:57 INFO  (GhidraScript) mnn_analyzer.py> INFO: [MNN_RULE] Found call to 'Tensor' with a tainted argument.  
2025-09-08 02:23:57 INFO  (GhidraScript) mnn_analyzer.py> DEBUG: [MNN_RULE] Tracing `this` pointer... At VN: (unique, 0x11f80, 8), Def_Op: (unique, 0x11f80, 8) CAST (unique, 0x10000909, 8)  
2025-09-08 02:23:57 INFO  (GhidraScript) mnn_analyzer.py> DEBUG: [MNN_RULE] Tracing `this` pointer... At VN: (unique, 0x10000909, 8), Def_Op: (unique, 0x10000909, 8) PTRSUB (register, 0x8, 8) , (const, 0xfffffffffffffda0, 8)  
2025-09-08 02:23:57 INFO  (GhidraScript) mnn_analyzer.py> DEBUG: [MNN_RULE] Identified base register as (register, 0x8, 8) and offset as -0x260  
2025-09-08 02:23:57 INFO  (GhidraScript) mnn_analyzer.py> DEBUG: [MNN_RULE] Found base-relative origin. `this` offset is -0x260. Calculated sink offset: -0x250  
2025-09-08 02:23:57 ERROR (GhidraScript) mnn_analyzer.py> ERROR: [MNN_RULE] Calculated sink offset -0x250, but could not find a corresponding local stack variable.  
2025-09-08 02:23:57 INFO  (GhidraScript) mnn_analyzer.py> INFO: [RULE copyToHostTensor] Detected call to 'copyToHostTensor' with tainted arguments.  
2025-09-08 02:23:57 INFO  (GhidraScript) mnn_analyzer.py> INFO: [RULE copyToHostTensor] Call has no return value to taint.  
2025-09-08 02:23:57 INFO  (GhidraScript) mnn_analyzer.py> DEBUG: [LOAD_HANDLER] Checking LOAD op at 00102ea0. Address varnode: (register, 0x4000, 8)  
2025-09-08 02:23:57 INFO  (GhidraScript) mnn_analyzer.py> DEBUG: [LOAD_HANDLER] POINTER_RULE FAIL: Address varnode piVar16(x0) is not tainted (recursive check).  
2025-09-08 02:23:57 INFO  (GhidraScript) mnn_analyzer.py> DEBUG: [LOAD_HANDLER] REGION_RULE FAIL: Address pointer piVar16(x0) is not in the tainted memory regions set.  
2025-09-08 02:23:57 INFO  (GhidraScript) mnn_analyzer.py> DEBUG: [LOAD_HANDLER] Checking LOAD op at 00102f0c. Address varnode: (unique, 0x12480, 8)  
2025-09-08 02:23:57 INFO  (GhidraScript) mnn_analyzer.py> DEBUG: [LOAD_HANDLER] POINTER_RULE FAIL: Address varnode UNNAMED(UniquePcode[0x12480]) is not tainted (recursive check).  
2025-09-08 02:23:57 INFO  (GhidraScript) mnn_analyzer.py> DEBUG: [LOAD_HANDLER] REGION_RULE FAIL: Address pointer UNNAMED(UniquePcode[0x12480]) is not in the tainted memory regions set.  
2025-09-08 02:23:57 INFO  (GhidraScript) mnn_analyzer.py> DEBUG: [CBRANCH] Found defining op for condition: (unique, 0x10000561, 1) FLOAT_LESS (const, 0x3f000000, 4) , (register, 0x5000, 4)  
2025-09-08 02:23:57 INFO  (GhidraScript) mnn_analyzer.py> INFO: [main @ 00102f18] Taint reached CBRANCH. Operands: ['UnnamedHighVar(Constant: 0x3f000000)', 'UNNAMED(s0)'].   
2025-09-08 02:23:57 INFO  (GhidraScript) mnn_analyzer.py> DEBUG: [LOAD_HANDLER] Checking LOAD op at 00102f38. Address varnode: (unique, 0x12480, 8)  
2025-09-08 02:23:57 INFO  (GhidraScript) mnn_analyzer.py> DEBUG: [LOAD_HANDLER] POINTER_RULE FAIL: Address varnode UNNAMED(UniquePcode[0x12480]) is not tainted (recursive check).  
2025-09-08 02:23:57 INFO  (GhidraScript) mnn_analyzer.py> DEBUG: [LOAD_HANDLER] REGION_RULE FAIL: Address pointer UNNAMED(UniquePcode[0x12480]) is not in the tainted memory regions set.  
2025-09-08 02:23:57 INFO  (GhidraScript) mnn_analyzer.py> DEBUG: [LOAD_HANDLER] Checking LOAD op at 00102f64. Address varnode: (unique, 0x12480, 8)  
2025-09-08 02:23:57 INFO  (GhidraScript) mnn_analyzer.py> DEBUG: [LOAD_HANDLER] POINTER_RULE FAIL: Address varnode UNNAMED(UniquePcode[0x12480]) is not tainted (recursive check).  
2025-09-08 02:23:57 INFO  (GhidraScript) mnn_analyzer.py> DEBUG: [LOAD_HANDLER] REGION_RULE FAIL: Address pointer UNNAMED(UniquePcode[0x12480]) is not in the tainted memory regions set.  
2025-09-08 02:23:57 INFO  (GhidraScript) mnn_analyzer.py> DEBUG: [LOAD_HANDLER] Checking LOAD op at 00102f90. Address varnode: (unique, 0x12480, 8)  
2025-09-08 02:23:57 INFO  (GhidraScript) mnn_analyzer.py> DEBUG: [LOAD_HANDLER] POINTER_RULE FAIL: Address varnode UNNAMED(UniquePcode[0x12480]) is not tainted (recursive check).  
2025-09-08 02:23:57 INFO  (GhidraScript) mnn_analyzer.py> DEBUG: [LOAD_HANDLER] REGION_RULE FAIL: Address pointer UNNAMED(UniquePcode[0x12480]) is not in the tainted memory regions set.  
2025-09-08 02:23:57 INFO  (GhidraScript) mnn_analyzer.py> DEBUG: [LOAD_HANDLER] Checking LOAD op at 00102fbc. Address varnode: (unique, 0x12480, 8)  
2025-09-08 02:23:57 INFO  (GhidraScript) mnn_analyzer.py> DEBUG: [LOAD_HANDLER] POINTER_RULE FAIL: Address varnode UNNAMED(UniquePcode[0x12480]) is not tainted (recursive check).  
2025-09-08 02:23:57 INFO  (GhidraScript) mnn_analyzer.py> DEBUG: [LOAD_HANDLER] REGION_RULE FAIL: Address pointer UNNAMED(UniquePcode[0x12480]) is not in the tainted memory regions set.  
2025-09-08 02:23:57 INFO  (GhidraScript) mnn_analyzer.py> DEBUG: [LOAD_HANDLER] Checking LOAD op at 00102fe8. Address varnode: (unique, 0x12480, 8)  
2025-09-08 02:23:57 INFO  (GhidraScript) mnn_analyzer.py> DEBUG: [LOAD_HANDLER] POINTER_RULE FAIL: Address varnode UNNAMED(UniquePcode[0x12480]) is not tainted (recursive check).  
2025-09-08 02:23:57 INFO  (GhidraScript) mnn_analyzer.py> DEBUG: [LOAD_HANDLER] REGION_RULE FAIL: Address pointer UNNAMED(UniquePcode[0x12480]) is not in the tainted memory regions set.  
2025-09-08 02:23:57 INFO  (GhidraScript) mnn_analyzer.py> DEBUG: [CBRANCH] Found defining op for condition: (unique, 0x1200, 1) INT_SLESS (stack, 0xfffffffffffffce8, 4) , (unique, 0x24900, 4)  
2025-09-08 02:23:57 INFO  (GhidraScript) mnn_analyzer.py> INFO: [main @ 00103014] Taint reached CBRANCH. Operands: ['local_318(StackDirect[Stack[-0x318]])', 'iVar1(UniquePcode[0x24900])'].   
2025-09-08 02:23:58 INFO  (GhidraScript) mnn_analyzer.py> DEBUG: [CBRANCH] Found defining op for condition: (register, 0x108, 1) INT_EQUAL (register, 0x4000, 8) , (const, 0x0, 8)  
2025-09-08 02:23:58 INFO  (GhidraScript) mnn_analyzer.py> INFO: [main @ 0010303c] Taint reached CBRANCH. Operands: ['lVar19(x0)', 'UnnamedHighVar(Constant: 0x0)'].   
2025-09-08 02:23:58 INFO  (GhidraScript) mnn_analyzer.py> DEBUG: [LOAD_HANDLER] Checking LOAD op at 0010304c. Address varnode: (unique, 0x6400, 8)  
2025-09-08 02:23:58 INFO  (GhidraScript) mnn_analyzer.py> DEBUG: [LOAD_HANDLER] POINTER_RULE FAIL: Address varnode UNNAMED(UniquePcode[0x6400]) is not tainted (recursive check).  
2025-09-08 02:23:58 INFO  (GhidraScript) mnn_analyzer.py> DEBUG: [LOAD_HANDLER] REGION_RULE FAIL: Address pointer UNNAMED(UniquePcode[0x6400]) is not in the tainted memory regions set.  
2025-09-08 02:23:58 INFO  (GhidraScript) mnn_analyzer.py> DEBUG: [CBRANCH] Found defining op for condition: (unique, 0x1400, 1) FLOAT_LESSEQUAL (register, 0x5000, 4) , (const, 0x3f666666, 4)  
2025-09-08 02:23:58 INFO  (GhidraScript) mnn_analyzer.py> INFO: [main @ 00103060] Taint reached CBRANCH. Operands: ['UNNAMED(s0)', 'UnnamedHighVar(Constant: 0x3f666666)'].   
2025-09-08 02:23:58 INFO  (GhidraScript) mnn_analyzer.py> INFO: [main @ 0010307c] Taint reached CBRANCH. Operands: [].   
2025-09-08 02:23:58 INFO  (GhidraScript) mnn_analyzer.py> DEBUG: [CBRANCH] Found defining op for condition: (register, 0x108, 1) INT_NOTEQUAL (unique, 0x3e480, 8) , (const, 0x0, 8)  
2025-09-08 02:23:58 INFO  (GhidraScript) mnn_analyzer.py> INFO: [main @ 00103114] Taint reached CBRANCH. Operands: ['UNNAMED(UniquePcode[0x3e480])', 'UnnamedHighVar(Constant: 0x0)'].   
2025-09-08 02:23:58 INFO  (GhidraScript) mnn_analyzer.py> DEBUG: [main @ 00103288] Analyzing potential tainted RETURN with value: UNNAMED(x0) (Tainted: 0)  
2025-09-08 02:23:58 INFO  (GhidraScript) mnn_analyzer.py>     [DEBUG] --- Taint Check Details (RETURN FAILED) ---  
2025-09-08 02:23:58 INFO  (GhidraScript) mnn_analyzer.py>     [DEBUG]   > Return Varnode: (register, 0x4000, 8) (Size: 8, Def: (register, 0x4000, 8) COPY (register, 0x4098, 8) at 00103274)  
2025-09-08 02:23:58 INFO  (GhidraScript) mnn_analyzer.py>     [DEBUG]   > Currently Tainted HighVariables in this function:  
2025-09-08 02:23:58 INFO  (GhidraScript) mnn_analyzer.py>     [DEBUG]     1. UNNAMED(UniquePcode[0x100008e9])  
2025-09-08 02:23:58 INFO  (GhidraScript) mnn_analyzer.py>     [DEBUG]     2. pTVar11(x0)  
2025-09-08 02:23:58 INFO  (GhidraScript) mnn_analyzer.py>     [DEBUG] ---------------------------------  
2025-09-08 02:23:58 INFO  (GhidraScript) mnn_analyzer.py> <<< Finished analyzing function: main.  
2025-09-08 02:23:58 INFO  (GhidraScript) mnn_analyzer.py> 
--- Analyzing Call Site #1060380 at 00102e1c ---  
2025-09-08 02:23:58 INFO  (GhidraScript) mnn_analyzer.py> DEBUG: Parent (caller): main at 00102a34  
2025-09-08 02:23:58 INFO  (GhidraScript) mnn_analyzer.py> 
--- Initiating Taint Analysis for: main (call at 00102e1c) ---  
2025-09-08 02:23:58 INFO  (GhidraScript) mnn_analyzer.py> DEBUG: Taint source is the return value of the call: UNNAMED(UniquePcode[0x10000901])  
2025-09-08 02:23:58 INFO  (GhidraScript) mnn_analyzer.py> \n>>> Analyzing function: main (Depth: 0) at 00102a34 (Originating from: ['getSessionOutput']) with initial taints: UNNAMED(UniquePcode[0x10000901])  
2025-09-08 02:23:58 INFO  (GhidraScript) mnn_analyzer.py>   - [STACK_SEARCH.0] Analyzing varnode: (unique, 0x10000901, 8)  
2025-09-08 02:23:58 INFO  (GhidraScript) mnn_analyzer.py>   - [STACK_SEARCH.0] Details: isAddress=0, addr=unique:10000901, isStackAddress=0  
2025-09-08 02:23:58 INFO  (GhidraScript) mnn_analyzer.py>   - [STACK_SEARCH.0] Def P-Code Op: (unique, 0x10000901, 8) CALL (ram, 0x102270, 8) , (register, 0x4000, 8) , (register, 0x4000, 8)  
2025-09-08 02:23:58 INFO  (GhidraScript) mnn_analyzer.py>   - [STACK_SEARCH.0] Mnemonic 'CALL' is not a handled case. Aborting path.  
2025-09-08 02:23:58 INFO  (GhidraScript) mnn_analyzer.py> \nDEBUG: Reached specified start PcodeOp (unique, 0x10000901, 8) CALL (ram, 0x102270, 8) , (register, 0x4000, 8) , (register, 0x4000, 8) at 00102e1c in main, subsequent ops will be processed.  
2025-09-08 02:23:58 INFO  (GhidraScript) mnn_analyzer.py> DEBUG: [main @ 00102e1c] Taint propagated from UNNAMED(UniquePcode[0x10000901]) to pTVar15(x0) via CAST.  
2025-09-08 02:23:58 INFO  (GhidraScript) mnn_analyzer.py> INFO: [MNN_RULE] Found call to 'Tensor' with a tainted argument.  
2025-09-08 02:23:58 INFO  (GhidraScript) mnn_analyzer.py> DEBUG: [MNN_RULE] Tracing `this` pointer... At VN: (unique, 0x11f80, 8), Def_Op: (unique, 0x11f80, 8) CAST (unique, 0x10000911, 8)  
2025-09-08 02:23:58 INFO  (GhidraScript) mnn_analyzer.py> DEBUG: [MNN_RULE] Tracing `this` pointer... At VN: (unique, 0x10000911, 8), Def_Op: (unique, 0x10000911, 8) PTRSUB (register, 0x8, 8) , (const, 0xfffffffffffffde8, 8)  
2025-09-08 02:23:58 INFO  (GhidraScript) mnn_analyzer.py> DEBUG: [MNN_RULE] Identified base register as (register, 0x8, 8) and offset as -0x218  
2025-09-08 02:23:58 INFO  (GhidraScript) mnn_analyzer.py> DEBUG: [MNN_RULE] Found base-relative origin. `this` offset is -0x218. Calculated sink offset: -0x208  
2025-09-08 02:23:58 ERROR (GhidraScript) mnn_analyzer.py> ERROR: [MNN_RULE] Calculated sink offset -0x208, but could not find a corresponding local stack variable.  
2025-09-08 02:23:58 INFO  (GhidraScript) mnn_analyzer.py> INFO: [RULE copyToHostTensor] Detected call to 'copyToHostTensor' with tainted arguments.  
2025-09-08 02:23:58 INFO  (GhidraScript) mnn_analyzer.py> INFO: [RULE copyToHostTensor] Call has no return value to taint.  
2025-09-08 02:23:58 INFO  (GhidraScript) mnn_analyzer.py> DEBUG: [LOAD_HANDLER] Checking LOAD op at 00102ea0. Address varnode: (register, 0x4000, 8)  
2025-09-08 02:23:58 INFO  (GhidraScript) mnn_analyzer.py> DEBUG: [LOAD_HANDLER] POINTER_RULE FAIL: Address varnode piVar16(x0) is not tainted (recursive check).  
2025-09-08 02:23:58 INFO  (GhidraScript) mnn_analyzer.py> DEBUG: [LOAD_HANDLER] REGION_RULE FAIL: Address pointer piVar16(x0) is not in the tainted memory regions set.  
2025-09-08 02:23:58 INFO  (GhidraScript) mnn_analyzer.py> DEBUG: [LOAD_HANDLER] Checking LOAD op at 00102f0c. Address varnode: (unique, 0x12480, 8)  
2025-09-08 02:23:58 INFO  (GhidraScript) mnn_analyzer.py> DEBUG: [LOAD_HANDLER] POINTER_RULE FAIL: Address varnode UNNAMED(UniquePcode[0x12480]) is not tainted (recursive check).  
2025-09-08 02:23:58 INFO  (GhidraScript) mnn_analyzer.py> DEBUG: [LOAD_HANDLER] REGION_RULE FAIL: Address pointer UNNAMED(UniquePcode[0x12480]) is not in the tainted memory regions set.  
2025-09-08 02:23:58 INFO  (GhidraScript) mnn_analyzer.py> DEBUG: [CBRANCH] Found defining op for condition: (unique, 0x10000561, 1) FLOAT_LESS (const, 0x3f000000, 4) , (register, 0x5000, 4)  
2025-09-08 02:23:58 INFO  (GhidraScript) mnn_analyzer.py> INFO: [main @ 00102f18] Taint reached CBRANCH. Operands: ['UnnamedHighVar(Constant: 0x3f000000)', 'UNNAMED(s0)'].   
2025-09-08 02:23:58 INFO  (GhidraScript) mnn_analyzer.py> DEBUG: [LOAD_HANDLER] Checking LOAD op at 00102f38. Address varnode: (unique, 0x12480, 8)  
2025-09-08 02:23:58 INFO  (GhidraScript) mnn_analyzer.py> DEBUG: [LOAD_HANDLER] POINTER_RULE FAIL: Address varnode UNNAMED(UniquePcode[0x12480]) is not tainted (recursive check).  
2025-09-08 02:23:58 INFO  (GhidraScript) mnn_analyzer.py> DEBUG: [LOAD_HANDLER] REGION_RULE FAIL: Address pointer UNNAMED(UniquePcode[0x12480]) is not in the tainted memory regions set.  
2025-09-08 02:23:58 INFO  (GhidraScript) mnn_analyzer.py> DEBUG: [LOAD_HANDLER] Checking LOAD op at 00102f64. Address varnode: (unique, 0x12480, 8)  
2025-09-08 02:23:58 INFO  (GhidraScript) mnn_analyzer.py> DEBUG: [LOAD_HANDLER] POINTER_RULE FAIL: Address varnode UNNAMED(UniquePcode[0x12480]) is not tainted (recursive check).  
2025-09-08 02:23:58 INFO  (GhidraScript) mnn_analyzer.py> DEBUG: [LOAD_HANDLER] REGION_RULE FAIL: Address pointer UNNAMED(UniquePcode[0x12480]) is not in the tainted memory regions set.  
2025-09-08 02:23:58 INFO  (GhidraScript) mnn_analyzer.py> DEBUG: [LOAD_HANDLER] Checking LOAD op at 00102f90. Address varnode: (unique, 0x12480, 8)  
2025-09-08 02:23:58 INFO  (GhidraScript) mnn_analyzer.py> DEBUG: [LOAD_HANDLER] POINTER_RULE FAIL: Address varnode UNNAMED(UniquePcode[0x12480]) is not tainted (recursive check).  
2025-09-08 02:23:58 INFO  (GhidraScript) mnn_analyzer.py> DEBUG: [LOAD_HANDLER] REGION_RULE FAIL: Address pointer UNNAMED(UniquePcode[0x12480]) is not in the tainted memory regions set.  
2025-09-08 02:23:58 INFO  (GhidraScript) mnn_analyzer.py> DEBUG: [LOAD_HANDLER] Checking LOAD op at 00102fbc. Address varnode: (unique, 0x12480, 8)  
2025-09-08 02:23:58 INFO  (GhidraScript) mnn_analyzer.py> DEBUG: [LOAD_HANDLER] POINTER_RULE FAIL: Address varnode UNNAMED(UniquePcode[0x12480]) is not tainted (recursive check).  
2025-09-08 02:23:58 INFO  (GhidraScript) mnn_analyzer.py> DEBUG: [LOAD_HANDLER] REGION_RULE FAIL: Address pointer UNNAMED(UniquePcode[0x12480]) is not in the tainted memory regions set.  
2025-09-08 02:23:58 INFO  (GhidraScript) mnn_analyzer.py> DEBUG: [LOAD_HANDLER] Checking LOAD op at 00102fe8. Address varnode: (unique, 0x12480, 8)  
2025-09-08 02:23:58 INFO  (GhidraScript) mnn_analyzer.py> DEBUG: [LOAD_HANDLER] POINTER_RULE FAIL: Address varnode UNNAMED(UniquePcode[0x12480]) is not tainted (recursive check).  
2025-09-08 02:23:58 INFO  (GhidraScript) mnn_analyzer.py> DEBUG: [LOAD_HANDLER] REGION_RULE FAIL: Address pointer UNNAMED(UniquePcode[0x12480]) is not in the tainted memory regions set.  
2025-09-08 02:23:58 INFO  (GhidraScript) mnn_analyzer.py> DEBUG: [CBRANCH] Found defining op for condition: (unique, 0x1200, 1) INT_SLESS (stack, 0xfffffffffffffce8, 4) , (unique, 0x24900, 4)  
2025-09-08 02:23:58 INFO  (GhidraScript) mnn_analyzer.py> INFO: [main @ 00103014] Taint reached CBRANCH. Operands: ['local_318(StackDirect[Stack[-0x318]])', 'iVar1(UniquePcode[0x24900])'].   
2025-09-08 02:23:58 INFO  (GhidraScript) mnn_analyzer.py> DEBUG: [CBRANCH] Found defining op for condition: (register, 0x108, 1) INT_EQUAL (register, 0x4000, 8) , (const, 0x0, 8)  
2025-09-08 02:23:58 INFO  (GhidraScript) mnn_analyzer.py> INFO: [main @ 0010303c] Taint reached CBRANCH. Operands: ['lVar19(x0)', 'UnnamedHighVar(Constant: 0x0)'].   
2025-09-08 02:23:58 INFO  (GhidraScript) mnn_analyzer.py> DEBUG: [LOAD_HANDLER] Checking LOAD op at 0010304c. Address varnode: (unique, 0x6400, 8)  
2025-09-08 02:23:58 INFO  (GhidraScript) mnn_analyzer.py> DEBUG: [LOAD_HANDLER] POINTER_RULE FAIL: Address varnode UNNAMED(UniquePcode[0x6400]) is not tainted (recursive check).  
2025-09-08 02:23:58 INFO  (GhidraScript) mnn_analyzer.py> DEBUG: [LOAD_HANDLER] REGION_RULE FAIL: Address pointer UNNAMED(UniquePcode[0x6400]) is not in the tainted memory regions set.  
2025-09-08 02:23:58 INFO  (GhidraScript) mnn_analyzer.py> DEBUG: [CBRANCH] Found defining op for condition: (unique, 0x1400, 1) FLOAT_LESSEQUAL (register, 0x5000, 4) , (const, 0x3f666666, 4)  
2025-09-08 02:23:58 INFO  (GhidraScript) mnn_analyzer.py> INFO: [main @ 00103060] Taint reached CBRANCH. Operands: ['UNNAMED(s0)', 'UnnamedHighVar(Constant: 0x3f666666)'].   
2025-09-08 02:23:58 INFO  (GhidraScript) mnn_analyzer.py> INFO: [main @ 0010307c] Taint reached CBRANCH. Operands: [].   
2025-09-08 02:23:58 INFO  (GhidraScript) mnn_analyzer.py> DEBUG: [CBRANCH] Found defining op for condition: (register, 0x108, 1) INT_NOTEQUAL (unique, 0x3e480, 8) , (const, 0x0, 8)  
2025-09-08 02:23:58 INFO  (GhidraScript) mnn_analyzer.py> INFO: [main @ 00103114] Taint reached CBRANCH. Operands: ['UNNAMED(UniquePcode[0x3e480])', 'UnnamedHighVar(Constant: 0x0)'].   
2025-09-08 02:23:58 INFO  (GhidraScript) mnn_analyzer.py> DEBUG: [main @ 00103288] Analyzing potential tainted RETURN with value: UNNAMED(x0) (Tainted: 0)  
2025-09-08 02:23:58 INFO  (GhidraScript) mnn_analyzer.py>     [DEBUG] --- Taint Check Details (RETURN FAILED) ---  
2025-09-08 02:23:58 INFO  (GhidraScript) mnn_analyzer.py>     [DEBUG]   > Return Varnode: (register, 0x4000, 8) (Size: 8, Def: (register, 0x4000, 8) COPY (register, 0x4098, 8) at 00103274)  
2025-09-08 02:23:58 INFO  (GhidraScript) mnn_analyzer.py>     [DEBUG]   > Currently Tainted HighVariables in this function:  
2025-09-08 02:23:58 INFO  (GhidraScript) mnn_analyzer.py>     [DEBUG]     1. UNNAMED(UniquePcode[0x10000901])  
2025-09-08 02:23:58 INFO  (GhidraScript) mnn_analyzer.py>     [DEBUG]     2. pTVar15(x0)  
2025-09-08 02:23:58 INFO  (GhidraScript) mnn_analyzer.py>     [DEBUG] ---------------------------------  
2025-09-08 02:23:58 INFO  (GhidraScript) mnn_analyzer.py> <<< Finished analyzing function: main.  
2025-09-08 02:23:58 INFO  (GhidraScript) mnn_analyzer.py> 
--- Stage 1 Complete. Checking for pending multi-stage analysis tasks... ---  
2025-09-08 02:23:58 INFO  (GhidraScript) mnn_analyzer.py> --- No multi-stage analysis tasks were queued. ---  
2025-09-08 02:23:58 INFO  (GhidraScript) mnn_analyzer.py> 
--- Taint Analysis Run Complete ---  
2025-09-08 02:23:58 INFO  (GhidraScript) mnn_analyzer.py> \n--- All Detected Tainted Value Usages (Interprocedural) ---  
2025-09-08 02:23:58 INFO  (GhidraScript) mnn_analyzer.py> Usage #1:  
2025-09-08 02:23:58 INFO  (GhidraScript) mnn_analyzer.py>   Originating Lib Call: ['getSessionOutput']  
2025-09-08 02:23:58 INFO  (GhidraScript) mnn_analyzer.py>   Found In Function:   main at 00102a34  
2025-09-08 02:23:58 INFO  (GhidraScript) mnn_analyzer.py>   Instruction Address: 00102f18  
2025-09-08 02:23:58 INFO  (GhidraScript) mnn_analyzer.py>     PCode Op:             ---  CBRANCH (ram, 0x102f20, 1) , (unique, 0x10000561, 1)  
2025-09-08 02:23:58 INFO  (GhidraScript) mnn_analyzer.py>     Usage Type:          BRANCH_CONDITION_TAINTED  
2025-09-08 02:23:58 INFO  (GhidraScript) mnn_analyzer.py>     Tainted Component:   UNNAMED(UniquePcode[0x10000561])  
2025-09-08 02:23:58 INFO  (GhidraScript) mnn_analyzer.py>     Details:             Tainted condition for branch.  
2025-09-08 02:23:58 INFO  (GhidraScript) mnn_analyzer.py> ----------------------------------------  
2025-09-08 02:23:58 INFO  (GhidraScript) mnn_analyzer.py> Usage #2:  
2025-09-08 02:23:58 INFO  (GhidraScript) mnn_analyzer.py>   Originating Lib Call: ['getSessionOutput']  
2025-09-08 02:23:58 INFO  (GhidraScript) mnn_analyzer.py>   Found In Function:   main at 00102a34  
2025-09-08 02:23:58 INFO  (GhidraScript) mnn_analyzer.py>   Instruction Address: 00103014  
2025-09-08 02:23:58 INFO  (GhidraScript) mnn_analyzer.py>     PCode Op:             ---  CBRANCH (ram, 0x102ef0, 1) , (unique, 0x1200, 1)  
2025-09-08 02:23:58 INFO  (GhidraScript) mnn_analyzer.py>     Usage Type:          BRANCH_CONDITION_TAINTED  
2025-09-08 02:23:58 INFO  (GhidraScript) mnn_analyzer.py>     Tainted Component:   UNNAMED(UniquePcode[0x1200])  
2025-09-08 02:23:58 INFO  (GhidraScript) mnn_analyzer.py>     Details:             Tainted condition for branch.  
2025-09-08 02:23:58 INFO  (GhidraScript) mnn_analyzer.py> ----------------------------------------  
2025-09-08 02:23:58 INFO  (GhidraScript) mnn_analyzer.py> Usage #3:  
2025-09-08 02:23:58 INFO  (GhidraScript) mnn_analyzer.py>   Originating Lib Call: ['getSessionOutput']  
2025-09-08 02:23:58 INFO  (GhidraScript) mnn_analyzer.py>   Found In Function:   main at 00102a34  
2025-09-08 02:23:58 INFO  (GhidraScript) mnn_analyzer.py>   Instruction Address: 0010303c  
2025-09-08 02:23:58 INFO  (GhidraScript) mnn_analyzer.py>     PCode Op:             ---  CBRANCH (ram, 0x103070, 1) , (register, 0x108, 1)  
2025-09-08 02:23:58 INFO  (GhidraScript) mnn_analyzer.py>     Usage Type:          BRANCH_CONDITION_TAINTED  
2025-09-08 02:23:58 INFO  (GhidraScript) mnn_analyzer.py>     Tainted Component:   UNNAMED(tmpZR)  
2025-09-08 02:23:58 INFO  (GhidraScript) mnn_analyzer.py>     Details:             Tainted condition for branch.  
2025-09-08 02:23:58 INFO  (GhidraScript) mnn_analyzer.py> ----------------------------------------  
2025-09-08 02:23:58 INFO  (GhidraScript) mnn_analyzer.py> Usage #4:  
2025-09-08 02:23:58 INFO  (GhidraScript) mnn_analyzer.py>   Originating Lib Call: ['getSessionOutput']  
2025-09-08 02:23:58 INFO  (GhidraScript) mnn_analyzer.py>   Found In Function:   main at 00102a34  
2025-09-08 02:23:58 INFO  (GhidraScript) mnn_analyzer.py>   Instruction Address: 00103060  
2025-09-08 02:23:58 INFO  (GhidraScript) mnn_analyzer.py>     PCode Op:             ---  CBRANCH (ram, 0x103068, 1) , (unique, 0x1400, 1)  
2025-09-08 02:23:58 INFO  (GhidraScript) mnn_analyzer.py>     Usage Type:          BRANCH_CONDITION_TAINTED  
2025-09-08 02:23:58 INFO  (GhidraScript) mnn_analyzer.py>     Tainted Component:   UNNAMED(UniquePcode[0x1400])  
2025-09-08 02:23:58 INFO  (GhidraScript) mnn_analyzer.py>     Details:             Tainted condition for branch.  
2025-09-08 02:23:58 INFO  (GhidraScript) mnn_analyzer.py> ----------------------------------------  
2025-09-08 02:23:58 INFO  (GhidraScript) mnn_analyzer.py> Usage #5:  
2025-09-08 02:23:58 INFO  (GhidraScript) mnn_analyzer.py>   Originating Lib Call: ['getSessionOutput']  
2025-09-08 02:23:58 INFO  (GhidraScript) mnn_analyzer.py>   Found In Function:   main at 00102a34  
2025-09-08 02:23:58 INFO  (GhidraScript) mnn_analyzer.py>   Instruction Address: 0010307c  
2025-09-08 02:23:58 INFO  (GhidraScript) mnn_analyzer.py>     PCode Op:             ---  CBRANCH (ram, 0x103090, 1) , (unique, 0x1000057e, 1)  
2025-09-08 02:23:58 INFO  (GhidraScript) mnn_analyzer.py>     Usage Type:          BRANCH_CONDITION_TAINTED  
2025-09-08 02:23:58 INFO  (GhidraScript) mnn_analyzer.py>     Tainted Component:   bVar2(UniquePcode[0x1000057e])  
2025-09-08 02:23:58 INFO  (GhidraScript) mnn_analyzer.py>     Details:             Tainted condition for branch.  
2025-09-08 02:23:58 INFO  (GhidraScript) mnn_analyzer.py> ----------------------------------------  
2025-09-08 02:23:58 INFO  (GhidraScript) mnn_analyzer.py> Usage #6:  
2025-09-08 02:23:58 INFO  (GhidraScript) mnn_analyzer.py>   Originating Lib Call: ['getSessionOutput']  
2025-09-08 02:23:58 INFO  (GhidraScript) mnn_analyzer.py>   Found In Function:   main at 00102a34  
2025-09-08 02:23:58 INFO  (GhidraScript) mnn_analyzer.py>   Instruction Address: 00103114  
2025-09-08 02:23:58 INFO  (GhidraScript) mnn_analyzer.py>     PCode Op:             ---  CBRANCH (ram, 0x103274, 1) , (register, 0x108, 1)  
2025-09-08 02:23:58 INFO  (GhidraScript) mnn_analyzer.py>     Usage Type:          BRANCH_CONDITION_TAINTED  
2025-09-08 02:23:58 INFO  (GhidraScript) mnn_analyzer.py>     Tainted Component:   UNNAMED(tmpZR)  
2025-09-08 02:23:58 INFO  (GhidraScript) mnn_analyzer.py>     Details:             Tainted condition for branch.  
2025-09-08 02:23:58 INFO  (GhidraScript) mnn_analyzer.py> ----------------------------------------  
2025-09-08 02:23:58 INFO  (GhidraScript) mnn_analyzer.py> Usage #7:  
2025-09-08 02:23:58 INFO  (GhidraScript) mnn_analyzer.py>   Originating Lib Call: ['getSessionOutput']  
2025-09-08 02:23:58 INFO  (GhidraScript) mnn_analyzer.py>   Found In Function:   main at 00102a34  
2025-09-08 02:23:58 INFO  (GhidraScript) mnn_analyzer.py>   Instruction Address: 00102f18  
2025-09-08 02:23:58 INFO  (GhidraScript) mnn_analyzer.py>     PCode Op:             ---  CBRANCH (ram, 0x102f20, 1) , (unique, 0x10000561, 1)  
2025-09-08 02:23:58 INFO  (GhidraScript) mnn_analyzer.py>     Usage Type:          BRANCH_CONDITION_TAINTED  
2025-09-08 02:23:58 INFO  (GhidraScript) mnn_analyzer.py>     Tainted Component:   UNNAMED(UniquePcode[0x10000561])  
2025-09-08 02:23:58 INFO  (GhidraScript) mnn_analyzer.py>     Details:             Tainted condition for branch.  
2025-09-08 02:23:58 INFO  (GhidraScript) mnn_analyzer.py> ----------------------------------------  
2025-09-08 02:23:58 INFO  (GhidraScript) mnn_analyzer.py> Usage #8:  
2025-09-08 02:23:58 INFO  (GhidraScript) mnn_analyzer.py>   Originating Lib Call: ['getSessionOutput']  
2025-09-08 02:23:58 INFO  (GhidraScript) mnn_analyzer.py>   Found In Function:   main at 00102a34  
2025-09-08 02:23:58 INFO  (GhidraScript) mnn_analyzer.py>   Instruction Address: 00103014  
2025-09-08 02:23:58 INFO  (GhidraScript) mnn_analyzer.py>     PCode Op:             ---  CBRANCH (ram, 0x102ef0, 1) , (unique, 0x1200, 1)  
2025-09-08 02:23:58 INFO  (GhidraScript) mnn_analyzer.py>     Usage Type:          BRANCH_CONDITION_TAINTED  
2025-09-08 02:23:58 INFO  (GhidraScript) mnn_analyzer.py>     Tainted Component:   UNNAMED(UniquePcode[0x1200])  
2025-09-08 02:23:58 INFO  (GhidraScript) mnn_analyzer.py>     Details:             Tainted condition for branch.  
2025-09-08 02:23:58 INFO  (GhidraScript) mnn_analyzer.py> ----------------------------------------  
2025-09-08 02:23:58 INFO  (GhidraScript) mnn_analyzer.py> Usage #9:  
2025-09-08 02:23:58 INFO  (GhidraScript) mnn_analyzer.py>   Originating Lib Call: ['getSessionOutput']  
2025-09-08 02:23:58 INFO  (GhidraScript) mnn_analyzer.py>   Found In Function:   main at 00102a34  
2025-09-08 02:23:58 INFO  (GhidraScript) mnn_analyzer.py>   Instruction Address: 0010303c  
2025-09-08 02:23:58 INFO  (GhidraScript) mnn_analyzer.py>     PCode Op:             ---  CBRANCH (ram, 0x103070, 1) , (register, 0x108, 1)  
2025-09-08 02:23:58 INFO  (GhidraScript) mnn_analyzer.py>     Usage Type:          BRANCH_CONDITION_TAINTED  
2025-09-08 02:23:58 INFO  (GhidraScript) mnn_analyzer.py>     Tainted Component:   UNNAMED(tmpZR)  
2025-09-08 02:23:58 INFO  (GhidraScript) mnn_analyzer.py>     Details:             Tainted condition for branch.  
2025-09-08 02:23:58 INFO  (GhidraScript) mnn_analyzer.py> ----------------------------------------  
2025-09-08 02:23:58 INFO  (GhidraScript) mnn_analyzer.py> Usage #10:  
2025-09-08 02:23:58 INFO  (GhidraScript) mnn_analyzer.py>   Originating Lib Call: ['getSessionOutput']  
2025-09-08 02:23:58 INFO  (GhidraScript) mnn_analyzer.py>   Found In Function:   main at 00102a34  
2025-09-08 02:23:58 INFO  (GhidraScript) mnn_analyzer.py>   Instruction Address: 00103060  
2025-09-08 02:23:58 INFO  (GhidraScript) mnn_analyzer.py>     PCode Op:             ---  CBRANCH (ram, 0x103068, 1) , (unique, 0x1400, 1)  
2025-09-08 02:23:58 INFO  (GhidraScript) mnn_analyzer.py>     Usage Type:          BRANCH_CONDITION_TAINTED  
2025-09-08 02:23:58 INFO  (GhidraScript) mnn_analyzer.py>     Tainted Component:   UNNAMED(UniquePcode[0x1400])  
2025-09-08 02:23:58 INFO  (GhidraScript) mnn_analyzer.py>     Details:             Tainted condition for branch.  
2025-09-08 02:23:58 INFO  (GhidraScript) mnn_analyzer.py> ----------------------------------------  
2025-09-08 02:23:58 INFO  (GhidraScript) mnn_analyzer.py> Usage #11:  
2025-09-08 02:23:58 INFO  (GhidraScript) mnn_analyzer.py>   Originating Lib Call: ['getSessionOutput']  
2025-09-08 02:23:58 INFO  (GhidraScript) mnn_analyzer.py>   Found In Function:   main at 00102a34  
2025-09-08 02:23:58 INFO  (GhidraScript) mnn_analyzer.py>   Instruction Address: 0010307c  
2025-09-08 02:23:58 INFO  (GhidraScript) mnn_analyzer.py>     PCode Op:             ---  CBRANCH (ram, 0x103090, 1) , (unique, 0x1000057e, 1)  
2025-09-08 02:23:58 INFO  (GhidraScript) mnn_analyzer.py>     Usage Type:          BRANCH_CONDITION_TAINTED  
2025-09-08 02:23:58 INFO  (GhidraScript) mnn_analyzer.py>     Tainted Component:   bVar2(UniquePcode[0x1000057e])  
2025-09-08 02:23:58 INFO  (GhidraScript) mnn_analyzer.py>     Details:             Tainted condition for branch.  
2025-09-08 02:23:58 INFO  (GhidraScript) mnn_analyzer.py> ----------------------------------------  
2025-09-08 02:23:58 INFO  (GhidraScript) mnn_analyzer.py> Usage #12:  
2025-09-08 02:23:58 INFO  (GhidraScript) mnn_analyzer.py>   Originating Lib Call: ['getSessionOutput']  
2025-09-08 02:23:58 INFO  (GhidraScript) mnn_analyzer.py>   Found In Function:   main at 00102a34  
2025-09-08 02:23:58 INFO  (GhidraScript) mnn_analyzer.py>   Instruction Address: 00103114  
2025-09-08 02:23:58 INFO  (GhidraScript) mnn_analyzer.py>     PCode Op:             ---  CBRANCH (ram, 0x103274, 1) , (register, 0x108, 1)  
2025-09-08 02:23:58 INFO  (GhidraScript) mnn_analyzer.py>     Usage Type:          BRANCH_CONDITION_TAINTED  
2025-09-08 02:23:58 INFO  (GhidraScript) mnn_analyzer.py>     Tainted Component:   UNNAMED(tmpZR)  
2025-09-08 02:23:58 INFO  (GhidraScript) mnn_analyzer.py>     Details:             Tainted condition for branch.  
2025-09-08 02:23:58 INFO  (GhidraScript) mnn_analyzer.py> ----------------------------------------  
2025-09-08 02:23:58 INFO  (GhidraScript) mnn_analyzer.py> INFO: TAINT_ANALYSIS_JSON_OUTPUT env var found. Saving results to: /Users/chenkexin/Desktop/kk/test_taint/results/ultraface_detector_mnn_gcc_O0_taint_analysis_results.json  
2025-09-08 02:23:58 INFO  (GhidraScript) mnn_analyzer.py> Taint analysis results saved to: /Users/chenkexin/Desktop/kk/test_taint/results/ultraface_detector_mnn_gcc_O0_taint_analysis_results.json  
2025-09-08 02:23:58 INFO  (GhidraScript) mnn_analyzer.py> INFO: Found preceding comparison instruction 'fcmpe s1,s0' at 00102f14 for branch at 00102f18  
2025-09-08 02:23:58 INFO  (GhidraScript) mnn_analyzer.py> INFO: Found preceding comparison instruction 'cmp w1,w0' at 00103010 for branch at 00103014  
2025-09-08 02:23:58 INFO  (GhidraScript) mnn_analyzer.py> INFO: Found preceding comparison instruction 'cmp x0,#0x0' at 00103038 for branch at 0010303c  
2025-09-08 02:23:58 INFO  (GhidraScript) mnn_analyzer.py> INFO: Found preceding comparison instruction 'fcmpe s0,s1' at 0010305c for branch at 00103060  
2025-09-08 02:23:58 INFO  (GhidraScript) mnn_analyzer.py> INFO: Found preceding comparison instruction 'cmp w0,#0x0' at 00103078 for branch at 0010307c  
2025-09-08 02:23:58 ERROR (GhidraScript) mnn_analyzer.py> WARN: Could not find preceding comparison instruction for branch at 00103114. Skipping.  
2025-09-08 02:23:58 INFO  (GhidraScript) mnn_analyzer.py> SUCCESS: Hook configuration saved to: /Users/chenkexin/Desktop/kk/test_taint/results/ultraface_detector_mnn_gcc_O0_hook_config.json  
2025-09-08 02:23:58 INFO  (GhidraScript) mnn_analyzer.py> MNN Taint Analyzer finished.  
2025-09-08 02:23:58 INFO  (HeadlessAnalyzer) ANALYZING changes made by post scripts: file:///Users/chenkexin/Desktop/kk/test_taint/assets/merged_bin/ultraface_detector_mnn_gcc_O0  
2025-09-08 02:23:58 INFO  (HeadlessAnalyzer) REPORT: Post-analysis succeeded for file: file:///Users/chenkexin/Desktop/kk/test_taint/assets/merged_bin/ultraface_detector_mnn_gcc_O0  
2025-09-08 02:23:58 INFO  (HeadlessAnalyzer) REPORT: Save succeeded for: /ultraface_detector_mnn_gcc_O0 (all_binaries_analysis:/ultraface_detector_mnn_gcc_O0)  
2025-09-08 02:23:58 INFO  (HeadlessAnalyzer) REPORT: Import succeeded  
2025-09-08 02:23:58 DEBUG (DefaultProjectData) Closing ProjectData: /Users/chenkexin/Desktop/kk/test_taint/ghidra_projects/all_binaries_analysis.rep  
2025-09-08 02:23:58 DEBUG (DefaultProjectData) Disposing ProjectData: /Users/chenkexin/Desktop/kk/test_taint/ghidra_projects/all_binaries_analysis.rep  
