2025-09-08 02:24:01 INFO  (LoggingInitialization) Using log config file: jar:file:/Applications/ghidra_11.0.3_PUBLIC/Ghidra/Framework/Generic/lib/Generic.jar!/generic.log4j.xml  
2025-09-08 02:24:01 INFO  (LoggingInitialization) Using log file: /Users/chenkexin/Desktop/kk/test_taint/logs/ultraface_detector_onnxruntime_clang_O0_headless_analysis.log  
2025-09-08 02:24:01 INFO  (Preferences) Loading user preferences: /Users/chenkexin/.ghidra/.ghidra_11.0.3_PUBLIC/preferences  
2025-09-08 02:24:01 INFO  (Preferences) Loading previous preferences: /Users/chenkexin/.ghidra/.ghidra_10.4_PUBLIC/preferences  
2025-09-08 02:24:01 INFO  (ClassSearcher) Searching for classes...  
2025-09-08 02:24:02 INFO  (ClassSearcher) Class search complete (1504 ms)  
2025-09-08 02:24:02 INFO  (SSLContextInitializer) Initializing SSL Context  
2025-09-08 02:24:02 INFO  (SecureRandomFactory) Initializing Random Number Generator...  
2025-09-08 02:24:02 INFO  (SecureRandomFactory) Random Number Generator initialization complete: NativePRNGNonBlocking  
2025-09-08 02:24:02 INFO  (ApplicationTrustManagerFactory) Trust manager disabled, cacerts have not been set  
2025-09-08 02:24:03 INFO  (HeadlessAnalyzer) HEADLESS Script Paths:
    /Applications/ghidra_11.0.3_PUBLIC/Ghidra/Processors/8051/ghidra_scripts
    /Applications/ghidra_11.0.3_PUBLIC/Ghidra/Features/FileFormats/ghidra_scripts
    /Applications/ghidra_11.0.3_PUBLIC/Ghidra/Features/Base/ghidra_scripts
    /Applications/ghidra_11.0.3_PUBLIC/Ghidra/Features/Python/ghidra_scripts
    /Applications/ghidra_11.0.3_PUBLIC/Ghidra/Features/GnuDemangler/ghidra_scripts
    /Applications/ghidra_11.0.3_PUBLIC/Ghidra/Features/SystemEmulation/ghidra_scripts
    /Applications/ghidra_11.0.3_PUBLIC/Ghidra/Features/MicrosoftCodeAnalyzer/ghidra_scripts
    /Applications/ghidra_11.0.3_PUBLIC/Ghidra/Features/BytePatterns/ghidra_scripts
    /Applications/ghidra_11.0.3_PUBLIC/Ghidra/Features/Decompiler/ghidra_scripts
    /Applications/ghidra_11.0.3_PUBLIC/Ghidra/Processors/Atmel/ghidra_scripts
    /Applications/ghidra_11.0.3_PUBLIC/Ghidra/Debug/Debugger-agent-frida/ghidra_scripts
    /Applications/ghidra_11.0.3_PUBLIC/Ghidra/Features/FunctionID/ghidra_scripts
    /Applications/ghidra_11.0.3_PUBLIC/Ghidra/Processors/JVM/ghidra_scripts
    /Applications/ghidra_11.0.3_PUBLIC/Ghidra/Processors/PIC/ghidra_scripts
    /Applications/ghidra_11.0.3_PUBLIC/Ghidra/Features/BSim/ghidra_scripts
    /Applications/ghidra_11.0.3_PUBLIC/Ghidra/Features/PDB/ghidra_scripts
    /Applications/ghidra_11.0.3_PUBLIC/Ghidra/Processors/DATA/ghidra_scripts
    /Users/chenkexin/ghidra_scripts
    /Users/chenkexin/Desktop/kk/test_taint
    /Applications/ghidra_11.0.3_PUBLIC/Ghidra/Debug/Debugger-agent-dbgmodel-traceloader/ghidra_scripts
    /Applications/ghidra_11.0.3_PUBLIC/Ghidra/Debug/Debugger-rmi-trace/ghidra_scripts
    /Applications/ghidra_11.0.3_PUBLIC/Ghidra/Features/VersionTracking/ghidra_scripts
    /Applications/ghidra_11.0.3_PUBLIC/Ghidra/Debug/Debugger/ghidra_scripts  
2025-09-08 02:24:03 INFO  (HeadlessAnalyzer) HEADLESS: execution starts  
2025-09-08 02:24:03 INFO  (HeadlessAnalyzer) Opening existing project: /Users/chenkexin/Desktop/kk/test_taint/ghidra_projects/all_binaries_analysis  
2025-09-08 02:24:03 INFO  (HeadlessProject) Opening project: /Users/chenkexin/Desktop/kk/test_taint/ghidra_projects/all_binaries_analysis  
2025-09-08 02:24:03 INFO  (HeadlessAnalyzer) REPORT: Processing input files:   
2025-09-08 02:24:03 INFO  (HeadlessAnalyzer)      project: /Users/chenkexin/Desktop/kk/test_taint/ghidra_projects/all_binaries_analysis  
2025-09-08 02:24:03 INFO  (HeadlessAnalyzer) IMPORTING: file:///Users/chenkexin/Desktop/kk/test_taint/assets/merged_bin/ultraface_detector_onnxruntime_clang_O0  
2025-09-08 02:24:05 INFO  (AutoImporter) Using Loader: Executable and Linking Format (ELF)  
2025-09-08 02:24:05 INFO  (AutoImporter) Using Language/Compiler: AARCH64:LE:64:v8A:default  
2025-09-08 02:24:06 DEBUG (ElfHeader) Elf symbol table section .dynsym linked to string table section .dynstr  
2025-09-08 02:24:06 DEBUG (ElfHeader) Elf symbol table section .symtab linked to string table section .strtab  
2025-09-08 02:24:06 DEBUG (ElfHeader) Elf relocation table section .rela.dyn linked to symbol table section .dynsym affecting PT_LOAD  
2025-09-08 02:24:06 DEBUG (ElfHeader) Elf relocation table section .rela.plt linked to symbol table section .dynsym affecting .got.plt  
2025-09-08 02:24:06 DEBUG (ElfProgramBuilder) Discarding 1-byte alignment/filler segment_2.3 at 00100253  
2025-09-08 02:24:06 DEBUG (ElfProgramBuilder) Discarding 4-byte alignment/filler segment_2.7 at 001002bc  
2025-09-08 02:24:06 DEBUG (ElfProgramBuilder) Discarding 4-byte alignment/filler segment_2.11 at 0010123c  
2025-09-08 02:24:06 DEBUG (ElfProgramBuilder) Discarding 8-byte alignment/filler segment_2.16 at 00101988  
2025-09-08 02:24:06 DEBUG (ElfProgramBuilder) Discarding 32-byte alignment/filler segment_2.18 at 00101ca0  
2025-09-08 02:24:06 DEBUG (ElfProgramBuilder) Discarding 4-byte alignment/filler segment_2.21 at 0010a2fc  
2025-09-08 02:24:06 DEBUG (ElfProgramBuilder) Discarding 3-byte alignment/filler segment_2.23 at 0010a4d9  
2025-09-08 02:24:07 WARN  (ElfRelocationHandler) EXTERNAL Data Elf Relocation with offset: at 0011fcc8 (External Location = _ZTVN10__cxxabiv120__si_class_type_infoE+0x10)  
2025-09-08 02:24:07 INFO  (HeadlessAnalyzer) IMPORTING: Loaded 0 additional files  
2025-09-08 02:24:08 INFO  (HeadlessAnalyzer) ANALYZING all memory and code: file:///Users/chenkexin/Desktop/kk/test_taint/assets/merged_bin/ultraface_detector_onnxruntime_clang_O0  
2025-09-08 02:24:08 ERROR (DWARFAnalyzer) Error during DWARFAnalyzer import:  ghidra.app.util.bin.format.dwarf4.DWARFException: Only DWARF version 2, 3, or 4 information is currently supported (detected 5).
	at ghidra.app.util.bin.format.dwarf4.DWARFCompilationUnit.readCompilationUnit(DWARFCompilationUnit.java:155)
	at ghidra.app.util.bin.format.dwarf4.next.DWARFProgram.bootstrapCompilationUnits(DWARFProgram.java:629)
	at ghidra.app.util.bin.format.dwarf4.next.DWARFProgram.<init>(DWARFProgram.java:262)
	at ghidra.app.plugin.core.analysis.DWARFAnalyzer.added(DWARFAnalyzer.java:109)
	at ghidra.app.plugin.core.analysis.AnalysisScheduler.runAnalyzer(AnalysisScheduler.java:186)
	at ghidra.app.plugin.core.analysis.AnalysisTask.applyTo(AnalysisTask.java:39)
	at ghidra.app.plugin.core.analysis.AutoAnalysisManager$AnalysisTaskWrapper.run(AutoAnalysisManager.java:686)
	at ghidra.app.plugin.core.analysis.AutoAnalysisManager.startAnalysis(AutoAnalysisManager.java:786)
	at ghidra.app.plugin.core.analysis.AutoAnalysisManager.startAnalysis(AutoAnalysisManager.java:665)
	at ghidra.app.plugin.core.analysis.AutoAnalysisManager.startAnalysis(AutoAnalysisManager.java:630)
	at ghidra.app.util.headless.HeadlessAnalyzer.analyzeProgram(HeadlessAnalyzer.java:1029)
	at ghidra.app.util.headless.HeadlessAnalyzer.processFileWithImport(HeadlessAnalyzer.java:1552)
	at ghidra.app.util.headless.HeadlessAnalyzer.processWithLoader(HeadlessAnalyzer.java:1734)
	at ghidra.app.util.headless.HeadlessAnalyzer.processWithImport(HeadlessAnalyzer.java:1675)
	at ghidra.app.util.headless.HeadlessAnalyzer.processWithImport(HeadlessAnalyzer.java:1759)
	at ghidra.app.util.headless.HeadlessAnalyzer.processLocal(HeadlessAnalyzer.java:460)
	at ghidra.app.util.headless.AnalyzeHeadless.launch(AnalyzeHeadless.java:127)
	at ghidra.GhidraLauncher.launch(GhidraLauncher.java:78)
	at ghidra.Ghidra.main(Ghidra.java:54)
 
2025-09-08 02:24:12 INFO  (PackedDatabaseCache) Packed database cache: /var/folders/kn/fw_2jn054bq5f73czrm_91nc0000gn/T/chenkexin-Ghidra/packed-db-cache  
2025-09-08 02:24:12 DEBUG (PackedDatabaseCache) Using cached packed database: /Applications/ghidra_11.0.3_PUBLIC/Ghidra/Features/Base/data/typeinfo/generic/generic_clib_64.gdt  
2025-09-08 02:24:13 INFO  (ApplyDataArchiveAnalyzer) Applied data type archive: generic_clib_64  
2025-09-08 02:24:14 WARN  (DemangledAddressTable) Unable to fully apply external demangled Address Table at 001210f8: std::exception::typeinfo  
2025-09-08 02:24:14 WARN  (DemangledAddressTable) Unable to fully apply external demangled Address Table at 00121178: std::exception::vtable  
2025-09-08 02:24:14 WARN  (DemangledAddressTable) Unable to fully apply external demangled Address Table at 00121190: __cxxabiv1::__si_class_type_info::vtable  
2025-09-08 02:24:17 INFO  (AutoAnalysisManager) -----------------------------------------------------
    AARCH64 ELF PLT Thunks                     0.258 secs
    ASCII Strings                              0.273 secs
    Apply Data Archives                        1.080 secs
    Basic Constant Reference Analyzer          1.253 secs
    Call Convention ID                         1.016 secs
    Call-Fixup Installer                       0.044 secs
    Create Address Tables                      0.034 secs
    Create Address Tables - One Time           0.009 secs
    Create Function                            0.000 secs
    DWARF                                      0.075 secs
    Data Reference                             0.040 secs
    Decompiler Switch Analysis                 0.177 secs
    Demangler GNU                              0.994 secs
    Disassemble Entry Points                   0.195 secs
    Embedded Media                             0.018 secs
    External Entry References                  0.005 secs
    Function Start Search                      0.082 secs
    Function Start Search After Code           0.037 secs
    Function Start Search After Data           0.006 secs
    Function Start Search delayed - One Time   0.012 secs
    GCC Exception Handlers                     1.575 secs
    Non-Returning Functions - Discovered       0.093 secs
    Non-Returning Functions - Known            0.033 secs
    Reference                                  0.212 secs
    Shared Return Calls                        0.089 secs
    Stack                                      1.225 secs
    Subroutine References                      0.054 secs
-----------------------------------------------------
     Total Time   8 secs
-----------------------------------------------------
  
2025-09-08 02:24:17 INFO  (HeadlessAnalyzer) REPORT: Analysis succeeded for file: file:///Users/chenkexin/Desktop/kk/test_taint/assets/merged_bin/ultraface_detector_onnxruntime_clang_O0  
2025-09-08 02:24:17 INFO  (HeadlessAnalyzer) SCRIPT: /Users/chenkexin/Desktop/kk/test_taint/onnxruntime_analyzer.py  
2025-09-08 02:24:21 INFO  (GhidraScript) onnxruntime_analyzer.py> INFO: Searching for functions, thunks, and call sites related to keywords: ['GetTensorData']  
2025-09-08 02:24:21 INFO  (GhidraScript) onnxruntime_analyzer.py> WARN: No external function found with keywords '['GetTensorData']'. Trying all functions...  
2025-09-08 02:24:21 INFO  (GhidraScript) onnxruntime_analyzer.py> INFO: Found function 'GetTensorData<float>'. Searching for its thunks.  
2025-09-08 02:24:21 INFO  (GhidraScript) onnxruntime_analyzer.py> INFO: Found 2 unique call sites. Analyzing each...  
2025-09-08 02:24:21 INFO  (GhidraScript) onnxruntime_analyzer.py> 
--- Starting Stage 1 Taint Analysis from '['GetTensorData']' call sites ---  
2025-09-08 02:24:21 INFO  (GhidraScript) onnxruntime_analyzer.py> 
--- Analyzing Call Site #1060196 at 00102d64 ---  
2025-09-08 02:24:21 INFO  (GhidraScript) onnxruntime_analyzer.py> DEBUG: Parent (caller): main at 00102378  
2025-09-08 02:24:22 INFO  (GhidraScript) onnxruntime_analyzer.py> 
--- Initiating Taint Analysis for: main (call at 00102d64) ---  
2025-09-08 02:24:22 INFO  (GhidraScript) onnxruntime_analyzer.py> DEBUG: Taint source is the return value of the call: local_418(StackDirect[Stack[-0x418]])  
2025-09-08 02:24:22 INFO  (GhidraScript) onnxruntime_analyzer.py> \n>>> Analyzing function: main (Depth: 0) at 00102378 (Originating from: ['GetTensorData']) with initial taints: local_418(StackDirect[Stack[-0x418]])  
2025-09-08 02:24:22 INFO  (GhidraScript) onnxruntime_analyzer.py>   - [STACK_SEARCH.0] Analyzing varnode: (stack, 0xfffffffffffffbe8, 8)  
2025-09-08 02:24:22 INFO  (GhidraScript) onnxruntime_analyzer.py>   - [STACK_SEARCH.0] Details: isAddress=0, addr=Stack[-0x418], isStackAddress=1  
2025-09-08 02:24:22 INFO  (GhidraScript) onnxruntime_analyzer.py>   - [STACK_SEARCH.0] SUCCESS (Direct): Varnode is a direct stack address with offset -0x418.  
2025-09-08 02:24:22 INFO  (GhidraScript) onnxruntime_analyzer.py> DEBUG: [STACK_RULE] Proactively tainted stack offset -0x418 from initial HighVar: local_418(StackDirect[Stack[-0x418]])  
2025-09-08 02:24:22 INFO  (GhidraScript) onnxruntime_analyzer.py> DEBUG: [STACK_TAINTS] Initial tainted stack offsets for this function: ['-0x418L']  
2025-09-08 02:24:22 INFO  (GhidraScript) onnxruntime_analyzer.py> \nDEBUG: Reached specified start PcodeOp (register, 0x4000, 8) CALL (ram, 0x1050d4, 8) at 00102d64 in main, subsequent ops will be processed.  
2025-09-08 02:24:22 INFO  (GhidraScript) onnxruntime_analyzer.py> DEBUG: [LOAD_HANDLER] Checking LOAD op at 00102dd4. Address varnode: (register, 0x4000, 8)  
2025-09-08 02:24:22 INFO  (GhidraScript) onnxruntime_analyzer.py>   - [STACK_SEARCH.0] Analyzing varnode: (register, 0x4000, 8)  
2025-09-08 02:24:22 INFO  (GhidraScript) onnxruntime_analyzer.py>   - [STACK_SEARCH.0] Details: isAddress=0, addr=register:00004000, isStackAddress=0  
2025-09-08 02:24:22 INFO  (GhidraScript) onnxruntime_analyzer.py>   - [STACK_SEARCH.0] Def P-Code Op: (register, 0x4000, 8) CAST (unique, 0x10000e8b, 8)  
2025-09-08 02:24:22 INFO  (GhidraScript) onnxruntime_analyzer.py>   - [STACK_SEARCH.0] Recursing through CAST...  
2025-09-08 02:24:22 INFO  (GhidraScript) onnxruntime_analyzer.py>   - [STACK_SEARCH.1] Analyzing varnode: (unique, 0x10000e8b, 8)  
2025-09-08 02:24:22 INFO  (GhidraScript) onnxruntime_analyzer.py>   - [STACK_SEARCH.1] Details: isAddress=0, addr=unique:10000e8b, isStackAddress=0  
2025-09-08 02:24:22 INFO  (GhidraScript) onnxruntime_analyzer.py>   - [STACK_SEARCH.1] Def P-Code Op: (unique, 0x10000e8b, 8) CALL (ram, 0x1052cc, 8) , (unique, 0x11f80, 8) , (const, 0x1, 8)  
2025-09-08 02:24:22 INFO  (GhidraScript) onnxruntime_analyzer.py>   - [STACK_SEARCH.1] Mnemonic 'CALL' is not a handled case. Aborting path.  
2025-09-08 02:24:22 INFO  (GhidraScript) onnxruntime_analyzer.py> DEBUG: [LOAD_HANDLER] POINTER_RULE FAIL: Address varnode puVar11(x0) is not tainted (recursive check).  
2025-09-08 02:24:22 INFO  (GhidraScript) onnxruntime_analyzer.py> DEBUG: [LOAD_HANDLER] REGION_RULE FAIL: Address pointer puVar11(x0) is not in the tainted memory regions set.  
2025-09-08 02:24:22 INFO  (GhidraScript) onnxruntime_analyzer.py> DEBUG: [CBRANCH] Found defining op for condition: (unique, 0x1100, 1) INT_SLESS (stack, 0xfffffffffffffb9c, 4) , (stack, 0xfffffffffffffbbc, 4)  
2025-09-08 02:24:22 INFO  (GhidraScript) onnxruntime_analyzer.py> INFO: [main @ 00102df8] Taint reached CBRANCH. Operands: ['local_464(StackDirect[Stack[-0x464]])', 'local_444(StackDirect[Stack[-0x444]])'].   
2025-09-08 02:24:22 INFO  (GhidraScript) onnxruntime_analyzer.py> DEBUG: [LOAD_HANDLER] Checking LOAD op at 00102e10. Address varnode: (unique, 0x7e180, 8)  
2025-09-08 02:24:22 INFO  (GhidraScript) onnxruntime_analyzer.py>   - [STACK_SEARCH.0] Analyzing varnode: (unique, 0x7e180, 8)  
2025-09-08 02:24:22 INFO  (GhidraScript) onnxruntime_analyzer.py>   - [STACK_SEARCH.0] Details: isAddress=0, addr=unique:0007e180, isStackAddress=0  
2025-09-08 02:24:22 INFO  (GhidraScript) onnxruntime_analyzer.py>   - [STACK_SEARCH.0] Def P-Code Op: (unique, 0x7e180, 8) PTRADD (stack, 0xfffffffffffffbe8, 8) , (unique, 0x7d300, 8) , (const, 0x4, 8)  
2025-09-08 02:24:22 INFO  (GhidraScript) onnxruntime_analyzer.py>   - [STACK_SEARCH.0] Mnemonic 'PTRADD' is not a handled case. Aborting path.  
2025-09-08 02:24:22 INFO  (GhidraScript) onnxruntime_analyzer.py>   - [STACK_SEARCH.0] Analyzing varnode: (stack, 0xfffffffffffffbe8, 8)  
2025-09-08 02:24:22 INFO  (GhidraScript) onnxruntime_analyzer.py>   - [STACK_SEARCH.0] Details: isAddress=0, addr=Stack[-0x418], isStackAddress=1  
2025-09-08 02:24:22 INFO  (GhidraScript) onnxruntime_analyzer.py>   - [STACK_SEARCH.0] SUCCESS (Direct): Varnode is a direct stack address with offset -0x418.  
2025-09-08 02:24:22 INFO  (GhidraScript) onnxruntime_analyzer.py> DEBUG: [LOAD_HANDLER] STACK_RULE SUCCESS (base): Tainting output due to load from tainted stack base -0x418.  
2025-09-08 02:24:22 INFO  (GhidraScript) onnxruntime_analyzer.py> DEBUG: [main @ 00102e10] Taint propagated from Tainted Stack Location [base -0x418 + field ?] to local_468(StackDirect[Stack[-0x468]]) via LOAD.  
2025-09-08 02:24:22 INFO  (GhidraScript) onnxruntime_analyzer.py> DEBUG: [main @ 00102e10] Taint propagated from local_418(StackDirect[Stack[-0x418]]) to UNNAMED(UniquePcode[0x7e180]) via PTRADD.  
2025-09-08 02:24:22 INFO  (GhidraScript) onnxruntime_analyzer.py> DEBUG: [main @ 00102e20] Taint propagated from local_468(StackDirect[Stack[-0x468]]) to UNNAMED(NG) via FLOAT_LESSEQUAL.  
2025-09-08 02:24:22 INFO  (GhidraScript) onnxruntime_analyzer.py> INFO: [main @ 00102e20] Taint reached COMPARISON op (FLOAT_LESSEQUAL). Operands: ['UnnamedHighVar(Constant: 0x3f000000)', 'local_468(StackDirect[Stack[-0x468]])'].  
2025-09-08 02:24:22 INFO  (GhidraScript) onnxruntime_analyzer.py> DEBUG: [CBRANCH] Found defining op for condition: (register, 0x100, 1) FLOAT_LESSEQUAL (const, 0x3f000000, 4) , (register, 0x5000, 4)  
2025-09-08 02:24:22 INFO  (GhidraScript) onnxruntime_analyzer.py> INFO: [main @ 00102e24] Taint reached CBRANCH. Operands: ['UnnamedHighVar(Constant: 0x3f000000)', 'local_468(StackDirect[Stack[-0x468]])'].   
2025-09-08 02:24:22 INFO  (GhidraScript) onnxruntime_analyzer.py> DEBUG: [LOAD_HANDLER] Checking LOAD op at 00102ed0. Address varnode: (unique, 0x7e180, 8)  
2025-09-08 02:24:22 INFO  (GhidraScript) onnxruntime_analyzer.py>   - [STACK_SEARCH.0] Analyzing varnode: (unique, 0x7e180, 8)  
2025-09-08 02:24:22 INFO  (GhidraScript) onnxruntime_analyzer.py>   - [STACK_SEARCH.0] Details: isAddress=0, addr=unique:0007e180, isStackAddress=0  
2025-09-08 02:24:22 INFO  (GhidraScript) onnxruntime_analyzer.py>   - [STACK_SEARCH.0] Def P-Code Op: (unique, 0x7e180, 8) PTRADD (stack, 0xfffffffffffffbe0, 8) , (unique, 0x7d300, 8) , (const, 0x4, 8)  
2025-09-08 02:24:22 INFO  (GhidraScript) onnxruntime_analyzer.py>   - [STACK_SEARCH.0] Mnemonic 'PTRADD' is not a handled case. Aborting path.  
2025-09-08 02:24:22 INFO  (GhidraScript) onnxruntime_analyzer.py>   - [STACK_SEARCH.0] Analyzing varnode: (stack, 0xfffffffffffffbe0, 8)  
2025-09-08 02:24:22 INFO  (GhidraScript) onnxruntime_analyzer.py>   - [STACK_SEARCH.0] Details: isAddress=0, addr=Stack[-0x420], isStackAddress=1  
2025-09-08 02:24:22 INFO  (GhidraScript) onnxruntime_analyzer.py>   - [STACK_SEARCH.0] SUCCESS (Direct): Varnode is a direct stack address with offset -0x420.  
2025-09-08 02:24:22 INFO  (GhidraScript) onnxruntime_analyzer.py> DEBUG: [LOAD_HANDLER] POINTER_RULE FAIL: Address varnode UNNAMED(UniquePcode[0x7e180]) is not tainted (recursive check).  
2025-09-08 02:24:22 INFO  (GhidraScript) onnxruntime_analyzer.py> DEBUG: [LOAD_HANDLER] REGION_RULE FAIL: Address pointer UNNAMED(UniquePcode[0x7e180]) is not in the tainted memory regions set.  
2025-09-08 02:24:22 INFO  (GhidraScript) onnxruntime_analyzer.py> DEBUG: [LOAD_HANDLER] Checking LOAD op at 00102ef8. Address varnode: (unique, 0x7e180, 8)  
2025-09-08 02:24:22 INFO  (GhidraScript) onnxruntime_analyzer.py>   - [STACK_SEARCH.0] Analyzing varnode: (unique, 0x7e180, 8)  
2025-09-08 02:24:22 INFO  (GhidraScript) onnxruntime_analyzer.py>   - [STACK_SEARCH.0] Details: isAddress=0, addr=unique:0007e180, isStackAddress=0  
2025-09-08 02:24:22 INFO  (GhidraScript) onnxruntime_analyzer.py>   - [STACK_SEARCH.0] Def P-Code Op: (unique, 0x7e180, 8) PTRADD (stack, 0xfffffffffffffbe0, 8) , (unique, 0x7d300, 8) , (const, 0x4, 8)  
2025-09-08 02:24:22 INFO  (GhidraScript) onnxruntime_analyzer.py>   - [STACK_SEARCH.0] Mnemonic 'PTRADD' is not a handled case. Aborting path.  
2025-09-08 02:24:22 INFO  (GhidraScript) onnxruntime_analyzer.py>   - [STACK_SEARCH.0] Analyzing varnode: (stack, 0xfffffffffffffbe0, 8)  
2025-09-08 02:24:22 INFO  (GhidraScript) onnxruntime_analyzer.py>   - [STACK_SEARCH.0] Details: isAddress=0, addr=Stack[-0x420], isStackAddress=1  
2025-09-08 02:24:22 INFO  (GhidraScript) onnxruntime_analyzer.py>   - [STACK_SEARCH.0] SUCCESS (Direct): Varnode is a direct stack address with offset -0x420.  
2025-09-08 02:24:22 INFO  (GhidraScript) onnxruntime_analyzer.py> DEBUG: [LOAD_HANDLER] POINTER_RULE FAIL: Address varnode UNNAMED(UniquePcode[0x7e180]) is not tainted (recursive check).  
2025-09-08 02:24:23 INFO  (GhidraScript) onnxruntime_analyzer.py> DEBUG: [LOAD_HANDLER] REGION_RULE FAIL: Address pointer UNNAMED(UniquePcode[0x7e180]) is not in the tainted memory regions set.  
2025-09-08 02:24:23 INFO  (GhidraScript) onnxruntime_analyzer.py> DEBUG: [LOAD_HANDLER] Checking LOAD op at 00102f18. Address varnode: (unique, 0x7e180, 8)  
2025-09-08 02:24:23 INFO  (GhidraScript) onnxruntime_analyzer.py>   - [STACK_SEARCH.0] Analyzing varnode: (unique, 0x7e180, 8)  
2025-09-08 02:24:23 INFO  (GhidraScript) onnxruntime_analyzer.py>   - [STACK_SEARCH.0] Details: isAddress=0, addr=unique:0007e180, isStackAddress=0  
2025-09-08 02:24:23 INFO  (GhidraScript) onnxruntime_analyzer.py>   - [STACK_SEARCH.0] Def P-Code Op: (unique, 0x7e180, 8) PTRADD (stack, 0xfffffffffffffbe0, 8) , (unique, 0x7d300, 8) , (const, 0x4, 8)  
2025-09-08 02:24:23 INFO  (GhidraScript) onnxruntime_analyzer.py>   - [STACK_SEARCH.0] Mnemonic 'PTRADD' is not a handled case. Aborting path.  
2025-09-08 02:24:23 INFO  (GhidraScript) onnxruntime_analyzer.py>   - [STACK_SEARCH.0] Analyzing varnode: (stack, 0xfffffffffffffbe0, 8)  
2025-09-08 02:24:23 INFO  (GhidraScript) onnxruntime_analyzer.py>   - [STACK_SEARCH.0] Details: isAddress=0, addr=Stack[-0x420], isStackAddress=1  
2025-09-08 02:24:23 INFO  (GhidraScript) onnxruntime_analyzer.py>   - [STACK_SEARCH.0] SUCCESS (Direct): Varnode is a direct stack address with offset -0x420.  
2025-09-08 02:24:23 INFO  (GhidraScript) onnxruntime_analyzer.py> DEBUG: [LOAD_HANDLER] POINTER_RULE FAIL: Address varnode UNNAMED(UniquePcode[0x7e180]) is not tainted (recursive check).  
2025-09-08 02:24:23 INFO  (GhidraScript) onnxruntime_analyzer.py> DEBUG: [LOAD_HANDLER] REGION_RULE FAIL: Address pointer UNNAMED(UniquePcode[0x7e180]) is not in the tainted memory regions set.  
2025-09-08 02:24:23 INFO  (GhidraScript) onnxruntime_analyzer.py> DEBUG: [LOAD_HANDLER] Checking LOAD op at 00102f38. Address varnode: (unique, 0x7e180, 8)  
2025-09-08 02:24:23 INFO  (GhidraScript) onnxruntime_analyzer.py>   - [STACK_SEARCH.0] Analyzing varnode: (unique, 0x7e180, 8)  
2025-09-08 02:24:23 INFO  (GhidraScript) onnxruntime_analyzer.py>   - [STACK_SEARCH.0] Details: isAddress=0, addr=unique:0007e180, isStackAddress=0  
2025-09-08 02:24:23 INFO  (GhidraScript) onnxruntime_analyzer.py>   - [STACK_SEARCH.0] Def P-Code Op: (unique, 0x7e180, 8) PTRADD (stack, 0xfffffffffffffbe0, 8) , (unique, 0x7d300, 8) , (const, 0x4, 8)  
2025-09-08 02:24:23 INFO  (GhidraScript) onnxruntime_analyzer.py>   - [STACK_SEARCH.0] Mnemonic 'PTRADD' is not a handled case. Aborting path.  
2025-09-08 02:24:23 INFO  (GhidraScript) onnxruntime_analyzer.py>   - [STACK_SEARCH.0] Analyzing varnode: (stack, 0xfffffffffffffbe0, 8)  
2025-09-08 02:24:23 INFO  (GhidraScript) onnxruntime_analyzer.py>   - [STACK_SEARCH.0] Details: isAddress=0, addr=Stack[-0x420], isStackAddress=1  
2025-09-08 02:24:23 INFO  (GhidraScript) onnxruntime_analyzer.py>   - [STACK_SEARCH.0] SUCCESS (Direct): Varnode is a direct stack address with offset -0x420.  
2025-09-08 02:24:23 INFO  (GhidraScript) onnxruntime_analyzer.py> DEBUG: [LOAD_HANDLER] POINTER_RULE FAIL: Address varnode UNNAMED(UniquePcode[0x7e180]) is not tainted (recursive check).  
2025-09-08 02:24:23 INFO  (GhidraScript) onnxruntime_analyzer.py> DEBUG: [LOAD_HANDLER] REGION_RULE FAIL: Address pointer UNNAMED(UniquePcode[0x7e180]) is not in the tainted memory regions set.  
2025-09-08 02:24:23 INFO  (GhidraScript) onnxruntime_analyzer.py> DEBUG: [main @ 00102f58] Taint propagated from local_468(StackDirect[Stack[-0x468]]) to local_470(StackDirect[Stack[-0x470]]) via COPY.  
2025-09-08 02:24:23 INFO  (GhidraScript) onnxruntime_analyzer.py> DEBUG: [CBRANCH] Found defining op for condition: (register, 0x108, 1) INT_EQUAL (register, 0x4000, 8) , (const, 0x0, 8)  
2025-09-08 02:24:23 INFO  (GhidraScript) onnxruntime_analyzer.py> INFO: [main @ 00102fb8] Taint reached CBRANCH. Operands: ['lVar12(x0)', 'UnnamedHighVar(Constant: 0x0)'].   
2025-09-08 02:24:23 INFO  (GhidraScript) onnxruntime_analyzer.py> DEBUG: [LOAD_HANDLER] Checking LOAD op at 00102fcc. Address varnode: (unique, 0x6400, 8)  
2025-09-08 02:24:23 INFO  (GhidraScript) onnxruntime_analyzer.py>   - [STACK_SEARCH.0] Analyzing varnode: (unique, 0x6400, 8)  
2025-09-08 02:24:23 INFO  (GhidraScript) onnxruntime_analyzer.py>   - [STACK_SEARCH.0] Details: isAddress=0, addr=unique:00006400, isStackAddress=0  
2025-09-08 02:24:23 INFO  (GhidraScript) onnxruntime_analyzer.py>   - [STACK_SEARCH.0] Def P-Code Op: (unique, 0x6400, 8) CAST (unique, 0x10000eab, 8)  
2025-09-08 02:24:23 INFO  (GhidraScript) onnxruntime_analyzer.py>   - [STACK_SEARCH.0] Recursing through CAST...  
2025-09-08 02:24:23 INFO  (GhidraScript) onnxruntime_analyzer.py>   - [STACK_SEARCH.1] Analyzing varnode: (unique, 0x10000eab, 8)  
2025-09-08 02:24:23 INFO  (GhidraScript) onnxruntime_analyzer.py>   - [STACK_SEARCH.1] Details: isAddress=0, addr=unique:10000eab, isStackAddress=0  
2025-09-08 02:24:23 INFO  (GhidraScript) onnxruntime_analyzer.py>   - [STACK_SEARCH.1] Def P-Code Op: (unique, 0x10000eab, 8) INT_ADD (register, 0x4000, 8) , (const, 0x10, 8)  
2025-09-08 02:24:23 INFO  (GhidraScript) onnxruntime_analyzer.py>   - [STACK_SEARCH.1] Mnemonic 'INT_ADD' is not a handled case. Aborting path.  
2025-09-08 02:24:23 INFO  (GhidraScript) onnxruntime_analyzer.py> DEBUG: [LOAD_HANDLER] POINTER_RULE FAIL: Address varnode UNNAMED(UniquePcode[0x6400]) is not tainted (recursive check).  
2025-09-08 02:24:23 INFO  (GhidraScript) onnxruntime_analyzer.py> DEBUG: [LOAD_HANDLER] REGION_RULE FAIL: Address pointer UNNAMED(UniquePcode[0x6400]) is not in the tainted memory regions set.  
2025-09-08 02:24:23 INFO  (GhidraScript) onnxruntime_analyzer.py> DEBUG: [CBRANCH] Found defining op for condition: (unique, 0x1580, 1) FLOAT_LESSEQUAL (register, 0x5000, 4) , (const, 0x3f666666, 4)  
2025-09-08 02:24:23 INFO  (GhidraScript) onnxruntime_analyzer.py> INFO: [main @ 00102fe0] Taint reached CBRANCH. Operands: ['UNNAMED(s0)', 'UnnamedHighVar(Constant: 0x3f666666)'].   
2025-09-08 02:24:23 INFO  (GhidraScript) onnxruntime_analyzer.py> DEBUG: [main @ 00103190] Analyzing potential tainted RETURN with value: UNNAMED(w0) (Tainted: 0)  
2025-09-08 02:24:23 INFO  (GhidraScript) onnxruntime_analyzer.py>     [DEBUG] --- Taint Check Details (RETURN FAILED) ---  
2025-09-08 02:24:23 INFO  (GhidraScript) onnxruntime_analyzer.py>     [DEBUG]   > Return Varnode: (register, 0x4000, 4) (Size: 4, Def: (register, 0x4000, 4) COPY (stack, 0xffffffffffffff1c, 4) at 00103180)  
2025-09-08 02:24:23 INFO  (GhidraScript) onnxruntime_analyzer.py>     [DEBUG]   > Currently Tainted HighVariables in this function:  
2025-09-08 02:24:23 INFO  (GhidraScript) onnxruntime_analyzer.py>     [DEBUG]     1. UNNAMED(NG)  
2025-09-08 02:24:23 INFO  (GhidraScript) onnxruntime_analyzer.py>     [DEBUG]     2. UNNAMED(UniquePcode[0x7e180])  
2025-09-08 02:24:23 INFO  (GhidraScript) onnxruntime_analyzer.py>     [DEBUG]     3. local_418(StackDirect[Stack[-0x418]])  
2025-09-08 02:24:23 INFO  (GhidraScript) onnxruntime_analyzer.py>     [DEBUG]     4. local_468(StackDirect[Stack[-0x468]])  
2025-09-08 02:24:23 INFO  (GhidraScript) onnxruntime_analyzer.py>     [DEBUG]     5. local_470(StackDirect[Stack[-0x470]])  
2025-09-08 02:24:23 INFO  (GhidraScript) onnxruntime_analyzer.py>     [DEBUG] ---------------------------------  
2025-09-08 02:24:23 INFO  (GhidraScript) onnxruntime_analyzer.py> DEBUG: [main @ 00103190] Analyzing potential tainted RETURN with value: UNNAMED(w0) (Tainted: 0)  
2025-09-08 02:24:23 INFO  (GhidraScript) onnxruntime_analyzer.py>     [DEBUG] --- Taint Check Details (RETURN FAILED) ---  
2025-09-08 02:24:23 INFO  (GhidraScript) onnxruntime_analyzer.py>     [DEBUG]   > Return Varnode: (register, 0x4000, 4) (Size: 4, Def: (register, 0x4000, 4) COPY (const, 0xffffffff, 4) at 00103180)  
2025-09-08 02:24:23 INFO  (GhidraScript) onnxruntime_analyzer.py>     [DEBUG]   > Currently Tainted HighVariables in this function:  
2025-09-08 02:24:23 INFO  (GhidraScript) onnxruntime_analyzer.py>     [DEBUG]     1. UNNAMED(NG)  
2025-09-08 02:24:23 INFO  (GhidraScript) onnxruntime_analyzer.py>     [DEBUG]     2. UNNAMED(UniquePcode[0x7e180])  
2025-09-08 02:24:23 INFO  (GhidraScript) onnxruntime_analyzer.py>     [DEBUG]     3. local_418(StackDirect[Stack[-0x418]])  
2025-09-08 02:24:23 INFO  (GhidraScript) onnxruntime_analyzer.py>     [DEBUG]     4. local_468(StackDirect[Stack[-0x468]])  
2025-09-08 02:24:23 INFO  (GhidraScript) onnxruntime_analyzer.py>     [DEBUG]     5. local_470(StackDirect[Stack[-0x470]])  
2025-09-08 02:24:23 INFO  (GhidraScript) onnxruntime_analyzer.py>     [DEBUG] ---------------------------------  
2025-09-08 02:24:23 INFO  (GhidraScript) onnxruntime_analyzer.py> <<< Finished analyzing function: main.  
2025-09-08 02:24:23 INFO  (GhidraScript) onnxruntime_analyzer.py> 
--- Analyzing Call Site #1060228 at 00102d84 ---  
2025-09-08 02:24:23 INFO  (GhidraScript) onnxruntime_analyzer.py> DEBUG: Parent (caller): main at 00102378  
2025-09-08 02:24:23 INFO  (GhidraScript) onnxruntime_analyzer.py> 
--- Initiating Taint Analysis for: main (call at 00102d84) ---  
2025-09-08 02:24:23 INFO  (GhidraScript) onnxruntime_analyzer.py> DEBUG: Taint source is the return value of the call: local_420(StackDirect[Stack[-0x420]])  
2025-09-08 02:24:23 INFO  (GhidraScript) onnxruntime_analyzer.py> \n>>> Analyzing function: main (Depth: 0) at 00102378 (Originating from: ['GetTensorData']) with initial taints: local_420(StackDirect[Stack[-0x420]])  
2025-09-08 02:24:23 INFO  (GhidraScript) onnxruntime_analyzer.py>   - [STACK_SEARCH.0] Analyzing varnode: (stack, 0xfffffffffffffbe0, 8)  
2025-09-08 02:24:23 INFO  (GhidraScript) onnxruntime_analyzer.py>   - [STACK_SEARCH.0] Details: isAddress=0, addr=Stack[-0x420], isStackAddress=1  
2025-09-08 02:24:23 INFO  (GhidraScript) onnxruntime_analyzer.py>   - [STACK_SEARCH.0] SUCCESS (Direct): Varnode is a direct stack address with offset -0x420.  
2025-09-08 02:24:23 INFO  (GhidraScript) onnxruntime_analyzer.py> DEBUG: [STACK_RULE] Proactively tainted stack offset -0x420 from initial HighVar: local_420(StackDirect[Stack[-0x420]])  
2025-09-08 02:24:23 INFO  (GhidraScript) onnxruntime_analyzer.py> DEBUG: [STACK_TAINTS] Initial tainted stack offsets for this function: ['-0x420L']  
2025-09-08 02:24:23 INFO  (GhidraScript) onnxruntime_analyzer.py> \nDEBUG: Reached specified start PcodeOp (register, 0x4000, 8) CALL (ram, 0x1050d4, 8) at 00102d84 in main, subsequent ops will be processed.  
2025-09-08 02:24:23 INFO  (GhidraScript) onnxruntime_analyzer.py> DEBUG: [LOAD_HANDLER] Checking LOAD op at 00102dd4. Address varnode: (register, 0x4000, 8)  
2025-09-08 02:24:23 INFO  (GhidraScript) onnxruntime_analyzer.py>   - [STACK_SEARCH.0] Analyzing varnode: (register, 0x4000, 8)  
2025-09-08 02:24:23 INFO  (GhidraScript) onnxruntime_analyzer.py>   - [STACK_SEARCH.0] Details: isAddress=0, addr=register:00004000, isStackAddress=0  
2025-09-08 02:24:23 INFO  (GhidraScript) onnxruntime_analyzer.py>   - [STACK_SEARCH.0] Def P-Code Op: (register, 0x4000, 8) CAST (unique, 0x10000e8b, 8)  
2025-09-08 02:24:23 INFO  (GhidraScript) onnxruntime_analyzer.py>   - [STACK_SEARCH.0] Recursing through CAST...  
2025-09-08 02:24:23 INFO  (GhidraScript) onnxruntime_analyzer.py>   - [STACK_SEARCH.1] Analyzing varnode: (unique, 0x10000e8b, 8)  
2025-09-08 02:24:23 INFO  (GhidraScript) onnxruntime_analyzer.py>   - [STACK_SEARCH.1] Details: isAddress=0, addr=unique:10000e8b, isStackAddress=0  
2025-09-08 02:24:23 INFO  (GhidraScript) onnxruntime_analyzer.py>   - [STACK_SEARCH.1] Def P-Code Op: (unique, 0x10000e8b, 8) CALL (ram, 0x1052cc, 8) , (unique, 0x11f80, 8) , (const, 0x1, 8)  
2025-09-08 02:24:23 INFO  (GhidraScript) onnxruntime_analyzer.py>   - [STACK_SEARCH.1] Mnemonic 'CALL' is not a handled case. Aborting path.  
2025-09-08 02:24:23 INFO  (GhidraScript) onnxruntime_analyzer.py> DEBUG: [LOAD_HANDLER] POINTER_RULE FAIL: Address varnode puVar11(x0) is not tainted (recursive check).  
2025-09-08 02:24:23 INFO  (GhidraScript) onnxruntime_analyzer.py> DEBUG: [LOAD_HANDLER] REGION_RULE FAIL: Address pointer puVar11(x0) is not in the tainted memory regions set.  
2025-09-08 02:24:23 INFO  (GhidraScript) onnxruntime_analyzer.py> DEBUG: [CBRANCH] Found defining op for condition: (unique, 0x1100, 1) INT_SLESS (stack, 0xfffffffffffffb9c, 4) , (stack, 0xfffffffffffffbbc, 4)  
2025-09-08 02:24:23 INFO  (GhidraScript) onnxruntime_analyzer.py> INFO: [main @ 00102df8] Taint reached CBRANCH. Operands: ['local_464(StackDirect[Stack[-0x464]])', 'local_444(StackDirect[Stack[-0x444]])'].   
2025-09-08 02:24:23 INFO  (GhidraScript) onnxruntime_analyzer.py> DEBUG: [LOAD_HANDLER] Checking LOAD op at 00102e10. Address varnode: (unique, 0x7e180, 8)  
2025-09-08 02:24:23 INFO  (GhidraScript) onnxruntime_analyzer.py>   - [STACK_SEARCH.0] Analyzing varnode: (unique, 0x7e180, 8)  
2025-09-08 02:24:23 INFO  (GhidraScript) onnxruntime_analyzer.py>   - [STACK_SEARCH.0] Details: isAddress=0, addr=unique:0007e180, isStackAddress=0  
2025-09-08 02:24:23 INFO  (GhidraScript) onnxruntime_analyzer.py>   - [STACK_SEARCH.0] Def P-Code Op: (unique, 0x7e180, 8) PTRADD (stack, 0xfffffffffffffbe8, 8) , (unique, 0x7d300, 8) , (const, 0x4, 8)  
2025-09-08 02:24:23 INFO  (GhidraScript) onnxruntime_analyzer.py>   - [STACK_SEARCH.0] Mnemonic 'PTRADD' is not a handled case. Aborting path.  
2025-09-08 02:24:23 INFO  (GhidraScript) onnxruntime_analyzer.py>   - [STACK_SEARCH.0] Analyzing varnode: (stack, 0xfffffffffffffbe8, 8)  
2025-09-08 02:24:23 INFO  (GhidraScript) onnxruntime_analyzer.py>   - [STACK_SEARCH.0] Details: isAddress=0, addr=Stack[-0x418], isStackAddress=1  
2025-09-08 02:24:23 INFO  (GhidraScript) onnxruntime_analyzer.py>   - [STACK_SEARCH.0] SUCCESS (Direct): Varnode is a direct stack address with offset -0x418.  
2025-09-08 02:24:23 INFO  (GhidraScript) onnxruntime_analyzer.py> DEBUG: [LOAD_HANDLER] POINTER_RULE FAIL: Address varnode UNNAMED(UniquePcode[0x7e180]) is not tainted (recursive check).  
2025-09-08 02:24:23 INFO  (GhidraScript) onnxruntime_analyzer.py> DEBUG: [LOAD_HANDLER] REGION_RULE FAIL: Address pointer UNNAMED(UniquePcode[0x7e180]) is not in the tainted memory regions set.  
2025-09-08 02:24:23 INFO  (GhidraScript) onnxruntime_analyzer.py> DEBUG: [CBRANCH] Found defining op for condition: (register, 0x100, 1) FLOAT_LESSEQUAL (const, 0x3f000000, 4) , (register, 0x5000, 4)  
2025-09-08 02:24:23 INFO  (GhidraScript) onnxruntime_analyzer.py> INFO: [main @ 00102e24] Taint reached CBRANCH. Operands: ['UnnamedHighVar(Constant: 0x3f000000)', 'local_468(StackDirect[Stack[-0x468]])'].   
2025-09-08 02:24:23 INFO  (GhidraScript) onnxruntime_analyzer.py> DEBUG: [LOAD_HANDLER] Checking LOAD op at 00102ed0. Address varnode: (unique, 0x7e180, 8)  
2025-09-08 02:24:23 INFO  (GhidraScript) onnxruntime_analyzer.py>   - [STACK_SEARCH.0] Analyzing varnode: (unique, 0x7e180, 8)  
2025-09-08 02:24:23 INFO  (GhidraScript) onnxruntime_analyzer.py>   - [STACK_SEARCH.0] Details: isAddress=0, addr=unique:0007e180, isStackAddress=0  
2025-09-08 02:24:23 INFO  (GhidraScript) onnxruntime_analyzer.py>   - [STACK_SEARCH.0] Def P-Code Op: (unique, 0x7e180, 8) PTRADD (stack, 0xfffffffffffffbe0, 8) , (unique, 0x7d300, 8) , (const, 0x4, 8)  
2025-09-08 02:24:23 INFO  (GhidraScript) onnxruntime_analyzer.py>   - [STACK_SEARCH.0] Mnemonic 'PTRADD' is not a handled case. Aborting path.  
2025-09-08 02:24:23 INFO  (GhidraScript) onnxruntime_analyzer.py>   - [STACK_SEARCH.0] Analyzing varnode: (stack, 0xfffffffffffffbe0, 8)  
2025-09-08 02:24:23 INFO  (GhidraScript) onnxruntime_analyzer.py>   - [STACK_SEARCH.0] Details: isAddress=0, addr=Stack[-0x420], isStackAddress=1  
2025-09-08 02:24:23 INFO  (GhidraScript) onnxruntime_analyzer.py>   - [STACK_SEARCH.0] SUCCESS (Direct): Varnode is a direct stack address with offset -0x420.  
2025-09-08 02:24:23 INFO  (GhidraScript) onnxruntime_analyzer.py> DEBUG: [LOAD_HANDLER] STACK_RULE SUCCESS (base): Tainting output due to load from tainted stack base -0x420.  
2025-09-08 02:24:23 INFO  (GhidraScript) onnxruntime_analyzer.py> DEBUG: [main @ 00102ed0] Taint propagated from Tainted Stack Location [base -0x420 + field ?] to UNNAMED(s0) via LOAD.  
2025-09-08 02:24:23 INFO  (GhidraScript) onnxruntime_analyzer.py> DEBUG: [main @ 00102ed0] Taint propagated from local_420(StackDirect[Stack[-0x420]]) to UNNAMED(UniquePcode[0x7e180]) via PTRADD.  
2025-09-08 02:24:23 INFO  (GhidraScript) onnxruntime_analyzer.py> DEBUG: [main @ 00102ed8] Taint propagated from UNNAMED(s0) to local_480(StackDirect[Stack[-0x480]]) via FLOAT_MULT.  
2025-09-08 02:24:23 INFO  (GhidraScript) onnxruntime_analyzer.py> DEBUG: [LOAD_HANDLER] Checking LOAD op at 00102ef8. Address varnode: (unique, 0x7e180, 8)  
2025-09-08 02:24:23 INFO  (GhidraScript) onnxruntime_analyzer.py>   - [STACK_SEARCH.0] Analyzing varnode: (unique, 0x7e180, 8)  
2025-09-08 02:24:23 INFO  (GhidraScript) onnxruntime_analyzer.py>   - [STACK_SEARCH.0] Details: isAddress=0, addr=unique:0007e180, isStackAddress=0  
2025-09-08 02:24:23 INFO  (GhidraScript) onnxruntime_analyzer.py>   - [STACK_SEARCH.0] Def P-Code Op: (unique, 0x7e180, 8) PTRADD (stack, 0xfffffffffffffbe0, 8) , (unique, 0x7d300, 8) , (const, 0x4, 8)  
2025-09-08 02:24:23 INFO  (GhidraScript) onnxruntime_analyzer.py>   - [STACK_SEARCH.0] Mnemonic 'PTRADD' is not a handled case. Aborting path.  
2025-09-08 02:24:23 INFO  (GhidraScript) onnxruntime_analyzer.py>   - [STACK_SEARCH.0] Analyzing varnode: (stack, 0xfffffffffffffbe0, 8)  
2025-09-08 02:24:23 INFO  (GhidraScript) onnxruntime_analyzer.py>   - [STACK_SEARCH.0] Details: isAddress=0, addr=Stack[-0x420], isStackAddress=1  
2025-09-08 02:24:23 INFO  (GhidraScript) onnxruntime_analyzer.py>   - [STACK_SEARCH.0] SUCCESS (Direct): Varnode is a direct stack address with offset -0x420.  
2025-09-08 02:24:23 INFO  (GhidraScript) onnxruntime_analyzer.py> DEBUG: [LOAD_HANDLER] STACK_RULE SUCCESS (base): Tainting output due to load from tainted stack base -0x420.  
2025-09-08 02:24:23 INFO  (GhidraScript) onnxruntime_analyzer.py> DEBUG: [main @ 00102ef8] Taint propagated from Tainted Stack Location [base -0x420 + field ?] to UNNAMED(s0) via LOAD.  
2025-09-08 02:24:23 INFO  (GhidraScript) onnxruntime_analyzer.py> DEBUG: [main @ 00102ef8] Taint propagated from local_420(StackDirect[Stack[-0x420]]) to UNNAMED(UniquePcode[0x7e180]) via PTRADD.  
2025-09-08 02:24:23 INFO  (GhidraScript) onnxruntime_analyzer.py> DEBUG: [main @ 00102f00] Taint propagated from UNNAMED(s0) to local_47c(StackDirect[Stack[-0x47c]]) via FLOAT_MULT.  
2025-09-08 02:24:23 INFO  (GhidraScript) onnxruntime_analyzer.py> DEBUG: [LOAD_HANDLER] Checking LOAD op at 00102f18. Address varnode: (unique, 0x7e180, 8)  
2025-09-08 02:24:23 INFO  (GhidraScript) onnxruntime_analyzer.py>   - [STACK_SEARCH.0] Analyzing varnode: (unique, 0x7e180, 8)  
2025-09-08 02:24:23 INFO  (GhidraScript) onnxruntime_analyzer.py>   - [STACK_SEARCH.0] Details: isAddress=0, addr=unique:0007e180, isStackAddress=0  
2025-09-08 02:24:23 INFO  (GhidraScript) onnxruntime_analyzer.py>   - [STACK_SEARCH.0] Def P-Code Op: (unique, 0x7e180, 8) PTRADD (stack, 0xfffffffffffffbe0, 8) , (unique, 0x7d300, 8) , (const, 0x4, 8)  
2025-09-08 02:24:23 INFO  (GhidraScript) onnxruntime_analyzer.py>   - [STACK_SEARCH.0] Mnemonic 'PTRADD' is not a handled case. Aborting path.  
2025-09-08 02:24:23 INFO  (GhidraScript) onnxruntime_analyzer.py>   - [STACK_SEARCH.0] Analyzing varnode: (stack, 0xfffffffffffffbe0, 8)  
2025-09-08 02:24:23 INFO  (GhidraScript) onnxruntime_analyzer.py>   - [STACK_SEARCH.0] Details: isAddress=0, addr=Stack[-0x420], isStackAddress=1  
2025-09-08 02:24:23 INFO  (GhidraScript) onnxruntime_analyzer.py>   - [STACK_SEARCH.0] SUCCESS (Direct): Varnode is a direct stack address with offset -0x420.  
2025-09-08 02:24:23 INFO  (GhidraScript) onnxruntime_analyzer.py> DEBUG: [LOAD_HANDLER] STACK_RULE SUCCESS (base): Tainting output due to load from tainted stack base -0x420.  
2025-09-08 02:24:23 INFO  (GhidraScript) onnxruntime_analyzer.py> DEBUG: [main @ 00102f18] Taint propagated from Tainted Stack Location [base -0x420 + field ?] to UNNAMED(s0) via LOAD.  
2025-09-08 02:24:23 INFO  (GhidraScript) onnxruntime_analyzer.py> DEBUG: [main @ 00102f18] Taint propagated from local_420(StackDirect[Stack[-0x420]]) to UNNAMED(UniquePcode[0x7e180]) via PTRADD.  
2025-09-08 02:24:23 INFO  (GhidraScript) onnxruntime_analyzer.py> DEBUG: [main @ 00102f20] Taint propagated from UNNAMED(s0) to local_478(StackDirect[Stack[-0x478]]) via FLOAT_MULT.  
2025-09-08 02:24:23 INFO  (GhidraScript) onnxruntime_analyzer.py> DEBUG: [LOAD_HANDLER] Checking LOAD op at 00102f38. Address varnode: (unique, 0x7e180, 8)  
2025-09-08 02:24:23 INFO  (GhidraScript) onnxruntime_analyzer.py>   - [STACK_SEARCH.0] Analyzing varnode: (unique, 0x7e180, 8)  
2025-09-08 02:24:23 INFO  (GhidraScript) onnxruntime_analyzer.py>   - [STACK_SEARCH.0] Details: isAddress=0, addr=unique:0007e180, isStackAddress=0  
2025-09-08 02:24:23 INFO  (GhidraScript) onnxruntime_analyzer.py>   - [STACK_SEARCH.0] Def P-Code Op: (unique, 0x7e180, 8) PTRADD (stack, 0xfffffffffffffbe0, 8) , (unique, 0x7d300, 8) , (const, 0x4, 8)  
2025-09-08 02:24:23 INFO  (GhidraScript) onnxruntime_analyzer.py>   - [STACK_SEARCH.0] Mnemonic 'PTRADD' is not a handled case. Aborting path.  
2025-09-08 02:24:23 INFO  (GhidraScript) onnxruntime_analyzer.py>   - [STACK_SEARCH.0] Analyzing varnode: (stack, 0xfffffffffffffbe0, 8)  
2025-09-08 02:24:23 INFO  (GhidraScript) onnxruntime_analyzer.py>   - [STACK_SEARCH.0] Details: isAddress=0, addr=Stack[-0x420], isStackAddress=1  
2025-09-08 02:24:23 INFO  (GhidraScript) onnxruntime_analyzer.py>   - [STACK_SEARCH.0] SUCCESS (Direct): Varnode is a direct stack address with offset -0x420.  
2025-09-08 02:24:23 INFO  (GhidraScript) onnxruntime_analyzer.py> DEBUG: [LOAD_HANDLER] STACK_RULE SUCCESS (base): Tainting output due to load from tainted stack base -0x420.  
2025-09-08 02:24:23 INFO  (GhidraScript) onnxruntime_analyzer.py> DEBUG: [main @ 00102f38] Taint propagated from Tainted Stack Location [base -0x420 + field ?] to UNNAMED(s0) via LOAD.  
2025-09-08 02:24:23 INFO  (GhidraScript) onnxruntime_analyzer.py> DEBUG: [main @ 00102f38] Taint propagated from local_420(StackDirect[Stack[-0x420]]) to UNNAMED(UniquePcode[0x7e180]) via PTRADD.  
2025-09-08 02:24:23 INFO  (GhidraScript) onnxruntime_analyzer.py> DEBUG: [main @ 00102f40] Taint propagated from UNNAMED(s0) to local_474(StackDirect[Stack[-0x474]]) via FLOAT_MULT.  
2025-09-08 02:24:23 INFO  (GhidraScript) onnxruntime_analyzer.py> DEBUG: [CBRANCH] Found defining op for condition: (register, 0x108, 1) INT_EQUAL (register, 0x4000, 8) , (const, 0x0, 8)  
2025-09-08 02:24:23 INFO  (GhidraScript) onnxruntime_analyzer.py> INFO: [main @ 00102fb8] Taint reached CBRANCH. Operands: ['lVar12(x0)', 'UnnamedHighVar(Constant: 0x0)'].   
2025-09-08 02:24:23 INFO  (GhidraScript) onnxruntime_analyzer.py> DEBUG: [LOAD_HANDLER] Checking LOAD op at 00102fcc. Address varnode: (unique, 0x6400, 8)  
2025-09-08 02:24:23 INFO  (GhidraScript) onnxruntime_analyzer.py>   - [STACK_SEARCH.0] Analyzing varnode: (unique, 0x6400, 8)  
2025-09-08 02:24:23 INFO  (GhidraScript) onnxruntime_analyzer.py>   - [STACK_SEARCH.0] Details: isAddress=0, addr=unique:00006400, isStackAddress=0  
2025-09-08 02:24:23 INFO  (GhidraScript) onnxruntime_analyzer.py>   - [STACK_SEARCH.0] Def P-Code Op: (unique, 0x6400, 8) CAST (unique, 0x10000eab, 8)  
2025-09-08 02:24:23 INFO  (GhidraScript) onnxruntime_analyzer.py>   - [STACK_SEARCH.0] Recursing through CAST...  
2025-09-08 02:24:23 INFO  (GhidraScript) onnxruntime_analyzer.py>   - [STACK_SEARCH.1] Analyzing varnode: (unique, 0x10000eab, 8)  
2025-09-08 02:24:23 INFO  (GhidraScript) onnxruntime_analyzer.py>   - [STACK_SEARCH.1] Details: isAddress=0, addr=unique:10000eab, isStackAddress=0  
2025-09-08 02:24:23 INFO  (GhidraScript) onnxruntime_analyzer.py>   - [STACK_SEARCH.1] Def P-Code Op: (unique, 0x10000eab, 8) INT_ADD (register, 0x4000, 8) , (const, 0x10, 8)  
2025-09-08 02:24:23 INFO  (GhidraScript) onnxruntime_analyzer.py>   - [STACK_SEARCH.1] Mnemonic 'INT_ADD' is not a handled case. Aborting path.  
2025-09-08 02:24:23 INFO  (GhidraScript) onnxruntime_analyzer.py> DEBUG: [LOAD_HANDLER] POINTER_RULE FAIL: Address varnode UNNAMED(UniquePcode[0x6400]) is not tainted (recursive check).  
2025-09-08 02:24:23 INFO  (GhidraScript) onnxruntime_analyzer.py> DEBUG: [LOAD_HANDLER] REGION_RULE FAIL: Address pointer UNNAMED(UniquePcode[0x6400]) is not in the tainted memory regions set.  
2025-09-08 02:24:23 INFO  (GhidraScript) onnxruntime_analyzer.py> DEBUG: [CBRANCH] Found defining op for condition: (unique, 0x1580, 1) FLOAT_LESSEQUAL (register, 0x5000, 4) , (const, 0x3f666666, 4)  
2025-09-08 02:24:23 INFO  (GhidraScript) onnxruntime_analyzer.py> INFO: [main @ 00102fe0] Taint reached CBRANCH. Operands: ['UNNAMED(s0)', 'UnnamedHighVar(Constant: 0x3f666666)'].   
2025-09-08 02:24:24 INFO  (GhidraScript) onnxruntime_analyzer.py> DEBUG: [main @ 00103190] Analyzing potential tainted RETURN with value: UNNAMED(w0) (Tainted: 0)  
2025-09-08 02:24:24 INFO  (GhidraScript) onnxruntime_analyzer.py>     [DEBUG] --- Taint Check Details (RETURN FAILED) ---  
2025-09-08 02:24:24 INFO  (GhidraScript) onnxruntime_analyzer.py>     [DEBUG]   > Return Varnode: (register, 0x4000, 4) (Size: 4, Def: (register, 0x4000, 4) COPY (stack, 0xffffffffffffff1c, 4) at 00103180)  
2025-09-08 02:24:24 INFO  (GhidraScript) onnxruntime_analyzer.py>     [DEBUG]   > Currently Tainted HighVariables in this function:  
2025-09-08 02:24:24 INFO  (GhidraScript) onnxruntime_analyzer.py>     [DEBUG]     1. UNNAMED(UniquePcode[0x7e180])  
2025-09-08 02:24:24 INFO  (GhidraScript) onnxruntime_analyzer.py>     [DEBUG]     2. UNNAMED(UniquePcode[0x7e180])  
2025-09-08 02:24:24 INFO  (GhidraScript) onnxruntime_analyzer.py>     [DEBUG]     3. UNNAMED(UniquePcode[0x7e180])  
2025-09-08 02:24:24 INFO  (GhidraScript) onnxruntime_analyzer.py>     [DEBUG]     4. UNNAMED(UniquePcode[0x7e180])  
2025-09-08 02:24:24 INFO  (GhidraScript) onnxruntime_analyzer.py>     [DEBUG]     5. UNNAMED(s0)  
2025-09-08 02:24:24 INFO  (GhidraScript) onnxruntime_analyzer.py>     [DEBUG]     6. UNNAMED(s0)  
2025-09-08 02:24:24 INFO  (GhidraScript) onnxruntime_analyzer.py>     [DEBUG]     7. UNNAMED(s0)  
2025-09-08 02:24:24 INFO  (GhidraScript) onnxruntime_analyzer.py>     [DEBUG]     8. UNNAMED(s0)  
2025-09-08 02:24:24 INFO  (GhidraScript) onnxruntime_analyzer.py>     [DEBUG]     9. local_420(StackDirect[Stack[-0x420]])  
2025-09-08 02:24:24 INFO  (GhidraScript) onnxruntime_analyzer.py>     [DEBUG]     10. local_474(StackDirect[Stack[-0x474]])  
2025-09-08 02:24:24 INFO  (GhidraScript) onnxruntime_analyzer.py>     [DEBUG]     11. local_478(StackDirect[Stack[-0x478]])  
2025-09-08 02:24:24 INFO  (GhidraScript) onnxruntime_analyzer.py>     [DEBUG]     12. local_47c(StackDirect[Stack[-0x47c]])  
2025-09-08 02:24:24 INFO  (GhidraScript) onnxruntime_analyzer.py>     [DEBUG]     13. local_480(StackDirect[Stack[-0x480]])  
2025-09-08 02:24:24 INFO  (GhidraScript) onnxruntime_analyzer.py>     [DEBUG] ---------------------------------  
2025-09-08 02:24:24 INFO  (GhidraScript) onnxruntime_analyzer.py> DEBUG: [main @ 00103190] Analyzing potential tainted RETURN with value: UNNAMED(w0) (Tainted: 0)  
2025-09-08 02:24:24 INFO  (GhidraScript) onnxruntime_analyzer.py>     [DEBUG] --- Taint Check Details (RETURN FAILED) ---  
2025-09-08 02:24:24 INFO  (GhidraScript) onnxruntime_analyzer.py>     [DEBUG]   > Return Varnode: (register, 0x4000, 4) (Size: 4, Def: (register, 0x4000, 4) COPY (const, 0xffffffff, 4) at 00103180)  
2025-09-08 02:24:24 INFO  (GhidraScript) onnxruntime_analyzer.py>     [DEBUG]   > Currently Tainted HighVariables in this function:  
2025-09-08 02:24:24 INFO  (GhidraScript) onnxruntime_analyzer.py>     [DEBUG]     1. UNNAMED(UniquePcode[0x7e180])  
2025-09-08 02:24:24 INFO  (GhidraScript) onnxruntime_analyzer.py>     [DEBUG]     2. UNNAMED(UniquePcode[0x7e180])  
2025-09-08 02:24:24 INFO  (GhidraScript) onnxruntime_analyzer.py>     [DEBUG]     3. UNNAMED(UniquePcode[0x7e180])  
2025-09-08 02:24:24 INFO  (GhidraScript) onnxruntime_analyzer.py>     [DEBUG]     4. UNNAMED(UniquePcode[0x7e180])  
2025-09-08 02:24:24 INFO  (GhidraScript) onnxruntime_analyzer.py>     [DEBUG]     5. UNNAMED(s0)  
2025-09-08 02:24:24 INFO  (GhidraScript) onnxruntime_analyzer.py>     [DEBUG]     6. UNNAMED(s0)  
2025-09-08 02:24:24 INFO  (GhidraScript) onnxruntime_analyzer.py>     [DEBUG]     7. UNNAMED(s0)  
2025-09-08 02:24:24 INFO  (GhidraScript) onnxruntime_analyzer.py>     [DEBUG]     8. UNNAMED(s0)  
2025-09-08 02:24:24 INFO  (GhidraScript) onnxruntime_analyzer.py>     [DEBUG]     9. local_420(StackDirect[Stack[-0x420]])  
2025-09-08 02:24:24 INFO  (GhidraScript) onnxruntime_analyzer.py>     [DEBUG]     10. local_474(StackDirect[Stack[-0x474]])  
2025-09-08 02:24:24 INFO  (GhidraScript) onnxruntime_analyzer.py>     [DEBUG]     11. local_478(StackDirect[Stack[-0x478]])  
2025-09-08 02:24:24 INFO  (GhidraScript) onnxruntime_analyzer.py>     [DEBUG]     12. local_47c(StackDirect[Stack[-0x47c]])  
2025-09-08 02:24:24 INFO  (GhidraScript) onnxruntime_analyzer.py>     [DEBUG]     13. local_480(StackDirect[Stack[-0x480]])  
2025-09-08 02:24:24 INFO  (GhidraScript) onnxruntime_analyzer.py>     [DEBUG] ---------------------------------  
2025-09-08 02:24:24 INFO  (GhidraScript) onnxruntime_analyzer.py> <<< Finished analyzing function: main.  
2025-09-08 02:24:24 INFO  (GhidraScript) onnxruntime_analyzer.py> 
--- Stage 1 Complete. Checking for pending multi-stage analysis tasks... ---  
2025-09-08 02:24:24 INFO  (GhidraScript) onnxruntime_analyzer.py> --- No multi-stage analysis tasks were queued. ---  
2025-09-08 02:24:24 INFO  (GhidraScript) onnxruntime_analyzer.py> 
--- Taint Analysis Run Complete ---  
2025-09-08 02:24:24 INFO  (GhidraScript) onnxruntime_analyzer.py> \n--- All Detected Tainted Value Usages (Interprocedural) ---  
2025-09-08 02:24:24 INFO  (GhidraScript) onnxruntime_analyzer.py> Usage #1:  
2025-09-08 02:24:24 INFO  (GhidraScript) onnxruntime_analyzer.py>   Originating Lib Call: ['GetTensorData']  
2025-09-08 02:24:24 INFO  (GhidraScript) onnxruntime_analyzer.py>   Found In Function:   main at 00102378  
2025-09-08 02:24:24 INFO  (GhidraScript) onnxruntime_analyzer.py>   Instruction Address: 00102df8  
2025-09-08 02:24:24 INFO  (GhidraScript) onnxruntime_analyzer.py>     PCode Op:             ---  CBRANCH (ram, 0x102f84, 1) , (unique, 0x1100, 1)  
2025-09-08 02:24:24 INFO  (GhidraScript) onnxruntime_analyzer.py>     Usage Type:          BRANCH_CONDITION_TAINTED  
2025-09-08 02:24:24 INFO  (GhidraScript) onnxruntime_analyzer.py>     Tainted Component:   UNNAMED(UniquePcode[0x1100])  
2025-09-08 02:24:24 INFO  (GhidraScript) onnxruntime_analyzer.py>     Details:             Tainted condition for branch.  
2025-09-08 02:24:24 INFO  (GhidraScript) onnxruntime_analyzer.py> ----------------------------------------  
2025-09-08 02:24:24 INFO  (GhidraScript) onnxruntime_analyzer.py> Usage #2:  
2025-09-08 02:24:24 INFO  (GhidraScript) onnxruntime_analyzer.py>   Originating Lib Call: ['GetTensorData']  
2025-09-08 02:24:24 INFO  (GhidraScript) onnxruntime_analyzer.py>   Found In Function:   main at 00102378  
2025-09-08 02:24:24 INFO  (GhidraScript) onnxruntime_analyzer.py>   Instruction Address: 00102e20  
2025-09-08 02:24:24 INFO  (GhidraScript) onnxruntime_analyzer.py>     PCode Op:            (register, 0x100, 1) FLOAT_LESSEQUAL (const, 0x3f000000, 4) , (register, 0x5000, 4)  
2025-09-08 02:24:24 INFO  (GhidraScript) onnxruntime_analyzer.py>     Usage Type:          TAINTED_COMPARISON  
2025-09-08 02:24:24 INFO  (GhidraScript) onnxruntime_analyzer.py>     Tainted Component:   local_468(StackDirect[Stack[-0x468]])  
2025-09-08 02:24:24 INFO  (GhidraScript) onnxruntime_analyzer.py>     Details:             Tainted value used in a comparison operation (FLOAT_LESSEQUAL).  
2025-09-08 02:24:24 INFO  (GhidraScript) onnxruntime_analyzer.py> ----------------------------------------  
2025-09-08 02:24:24 INFO  (GhidraScript) onnxruntime_analyzer.py> Usage #3:  
2025-09-08 02:24:24 INFO  (GhidraScript) onnxruntime_analyzer.py>   Originating Lib Call: ['GetTensorData']  
2025-09-08 02:24:24 INFO  (GhidraScript) onnxruntime_analyzer.py>   Found In Function:   main at 00102378  
2025-09-08 02:24:24 INFO  (GhidraScript) onnxruntime_analyzer.py>   Instruction Address: 00102e24  
2025-09-08 02:24:24 INFO  (GhidraScript) onnxruntime_analyzer.py>     PCode Op:             ---  CBRANCH (ram, 0x102ec0, 1) , (register, 0x100, 1)  
2025-09-08 02:24:24 INFO  (GhidraScript) onnxruntime_analyzer.py>     Usage Type:          BRANCH_CONDITION_TAINTED  
2025-09-08 02:24:24 INFO  (GhidraScript) onnxruntime_analyzer.py>     Tainted Component:   UNNAMED(NG)  
2025-09-08 02:24:24 INFO  (GhidraScript) onnxruntime_analyzer.py>     Details:             Tainted condition for branch.  
2025-09-08 02:24:24 INFO  (GhidraScript) onnxruntime_analyzer.py> ----------------------------------------  
2025-09-08 02:24:24 INFO  (GhidraScript) onnxruntime_analyzer.py> Usage #4:  
2025-09-08 02:24:24 INFO  (GhidraScript) onnxruntime_analyzer.py>   Originating Lib Call: ['GetTensorData']  
2025-09-08 02:24:24 INFO  (GhidraScript) onnxruntime_analyzer.py>   Found In Function:   main at 00102378  
2025-09-08 02:24:24 INFO  (GhidraScript) onnxruntime_analyzer.py>   Instruction Address: 00102fb8  
2025-09-08 02:24:24 INFO  (GhidraScript) onnxruntime_analyzer.py>     PCode Op:             ---  CBRANCH (ram, 0x103014, 1) , (register, 0x108, 1)  
2025-09-08 02:24:24 INFO  (GhidraScript) onnxruntime_analyzer.py>     Usage Type:          BRANCH_CONDITION_TAINTED  
2025-09-08 02:24:24 INFO  (GhidraScript) onnxruntime_analyzer.py>     Tainted Component:   UNNAMED(tmpZR)  
2025-09-08 02:24:24 INFO  (GhidraScript) onnxruntime_analyzer.py>     Details:             Tainted condition for branch.  
2025-09-08 02:24:24 INFO  (GhidraScript) onnxruntime_analyzer.py> ----------------------------------------  
2025-09-08 02:24:24 INFO  (GhidraScript) onnxruntime_analyzer.py> Usage #5:  
2025-09-08 02:24:24 INFO  (GhidraScript) onnxruntime_analyzer.py>   Originating Lib Call: ['GetTensorData']  
2025-09-08 02:24:24 INFO  (GhidraScript) onnxruntime_analyzer.py>   Found In Function:   main at 00102378  
2025-09-08 02:24:24 INFO  (GhidraScript) onnxruntime_analyzer.py>   Instruction Address: 00102fe0  
2025-09-08 02:24:24 INFO  (GhidraScript) onnxruntime_analyzer.py>     PCode Op:             ---  CBRANCH (ram, 0x103014, 1) , (unique, 0x1580, 1)  
2025-09-08 02:24:24 INFO  (GhidraScript) onnxruntime_analyzer.py>     Usage Type:          BRANCH_CONDITION_TAINTED  
2025-09-08 02:24:24 INFO  (GhidraScript) onnxruntime_analyzer.py>     Tainted Component:   UNNAMED(UniquePcode[0x1580])  
2025-09-08 02:24:24 INFO  (GhidraScript) onnxruntime_analyzer.py>     Details:             Tainted condition for branch.  
2025-09-08 02:24:24 INFO  (GhidraScript) onnxruntime_analyzer.py> ----------------------------------------  
2025-09-08 02:24:24 INFO  (GhidraScript) onnxruntime_analyzer.py> Usage #6:  
2025-09-08 02:24:24 INFO  (GhidraScript) onnxruntime_analyzer.py>   Originating Lib Call: ['GetTensorData']  
2025-09-08 02:24:24 INFO  (GhidraScript) onnxruntime_analyzer.py>   Found In Function:   main at 00102378  
2025-09-08 02:24:24 INFO  (GhidraScript) onnxruntime_analyzer.py>   Instruction Address: 00102df8  
2025-09-08 02:24:24 INFO  (GhidraScript) onnxruntime_analyzer.py>     PCode Op:             ---  CBRANCH (ram, 0x102f84, 1) , (unique, 0x1100, 1)  
2025-09-08 02:24:24 INFO  (GhidraScript) onnxruntime_analyzer.py>     Usage Type:          BRANCH_CONDITION_TAINTED  
2025-09-08 02:24:24 INFO  (GhidraScript) onnxruntime_analyzer.py>     Tainted Component:   UNNAMED(UniquePcode[0x1100])  
2025-09-08 02:24:24 INFO  (GhidraScript) onnxruntime_analyzer.py>     Details:             Tainted condition for branch.  
2025-09-08 02:24:24 INFO  (GhidraScript) onnxruntime_analyzer.py> ----------------------------------------  
2025-09-08 02:24:24 INFO  (GhidraScript) onnxruntime_analyzer.py> Usage #7:  
2025-09-08 02:24:24 INFO  (GhidraScript) onnxruntime_analyzer.py>   Originating Lib Call: ['GetTensorData']  
2025-09-08 02:24:24 INFO  (GhidraScript) onnxruntime_analyzer.py>   Found In Function:   main at 00102378  
2025-09-08 02:24:24 INFO  (GhidraScript) onnxruntime_analyzer.py>   Instruction Address: 00102e24  
2025-09-08 02:24:24 INFO  (GhidraScript) onnxruntime_analyzer.py>     PCode Op:             ---  CBRANCH (ram, 0x102ec0, 1) , (register, 0x100, 1)  
2025-09-08 02:24:24 INFO  (GhidraScript) onnxruntime_analyzer.py>     Usage Type:          BRANCH_CONDITION_TAINTED  
2025-09-08 02:24:24 INFO  (GhidraScript) onnxruntime_analyzer.py>     Tainted Component:   UNNAMED(NG)  
2025-09-08 02:24:24 INFO  (GhidraScript) onnxruntime_analyzer.py>     Details:             Tainted condition for branch.  
2025-09-08 02:24:24 INFO  (GhidraScript) onnxruntime_analyzer.py> ----------------------------------------  
2025-09-08 02:24:24 INFO  (GhidraScript) onnxruntime_analyzer.py> Usage #8:  
2025-09-08 02:24:24 INFO  (GhidraScript) onnxruntime_analyzer.py>   Originating Lib Call: ['GetTensorData']  
2025-09-08 02:24:24 INFO  (GhidraScript) onnxruntime_analyzer.py>   Found In Function:   main at 00102378  
2025-09-08 02:24:24 INFO  (GhidraScript) onnxruntime_analyzer.py>   Instruction Address: 00102fb8  
2025-09-08 02:24:24 INFO  (GhidraScript) onnxruntime_analyzer.py>     PCode Op:             ---  CBRANCH (ram, 0x103014, 1) , (register, 0x108, 1)  
2025-09-08 02:24:24 INFO  (GhidraScript) onnxruntime_analyzer.py>     Usage Type:          BRANCH_CONDITION_TAINTED  
2025-09-08 02:24:24 INFO  (GhidraScript) onnxruntime_analyzer.py>     Tainted Component:   UNNAMED(tmpZR)  
2025-09-08 02:24:24 INFO  (GhidraScript) onnxruntime_analyzer.py>     Details:             Tainted condition for branch.  
2025-09-08 02:24:24 INFO  (GhidraScript) onnxruntime_analyzer.py> ----------------------------------------  
2025-09-08 02:24:24 INFO  (GhidraScript) onnxruntime_analyzer.py> Usage #9:  
2025-09-08 02:24:24 INFO  (GhidraScript) onnxruntime_analyzer.py>   Originating Lib Call: ['GetTensorData']  
2025-09-08 02:24:24 INFO  (GhidraScript) onnxruntime_analyzer.py>   Found In Function:   main at 00102378  
2025-09-08 02:24:24 INFO  (GhidraScript) onnxruntime_analyzer.py>   Instruction Address: 00102fe0  
2025-09-08 02:24:24 INFO  (GhidraScript) onnxruntime_analyzer.py>     PCode Op:             ---  CBRANCH (ram, 0x103014, 1) , (unique, 0x1580, 1)  
2025-09-08 02:24:24 INFO  (GhidraScript) onnxruntime_analyzer.py>     Usage Type:          BRANCH_CONDITION_TAINTED  
2025-09-08 02:24:24 INFO  (GhidraScript) onnxruntime_analyzer.py>     Tainted Component:   UNNAMED(UniquePcode[0x1580])  
2025-09-08 02:24:24 INFO  (GhidraScript) onnxruntime_analyzer.py>     Details:             Tainted condition for branch.  
2025-09-08 02:24:24 INFO  (GhidraScript) onnxruntime_analyzer.py> ----------------------------------------  
2025-09-08 02:24:24 INFO  (GhidraScript) onnxruntime_analyzer.py> INFO: TAINT_ANALYSIS_JSON_OUTPUT env var found. Saving results to: /Users/chenkexin/Desktop/kk/test_taint/results/ultraface_detector_onnxruntime_clang_O0_taint_analysis_results.json  
2025-09-08 02:24:24 INFO  (GhidraScript) onnxruntime_analyzer.py> Taint analysis results saved to: /Users/chenkexin/Desktop/kk/test_taint/results/ultraface_detector_onnxruntime_clang_O0_taint_analysis_results.json  
2025-09-08 02:24:24 INFO  (GhidraScript) onnxruntime_analyzer.py> SUCCESS: Hook configuration saved to: /Users/chenkexin/Desktop/kk/test_taint/results/ultraface_detector_onnxruntime_clang_O0_hook_config.json  
2025-09-08 02:24:24 INFO  (GhidraScript) onnxruntime_analyzer.py> ONNXRuntime Taint Analyzer finished.  
2025-09-08 02:24:24 INFO  (HeadlessAnalyzer) ANALYZING changes made by post scripts: file:///Users/chenkexin/Desktop/kk/test_taint/assets/merged_bin/ultraface_detector_onnxruntime_clang_O0  
2025-09-08 02:24:24 INFO  (HeadlessAnalyzer) REPORT: Post-analysis succeeded for file: file:///Users/chenkexin/Desktop/kk/test_taint/assets/merged_bin/ultraface_detector_onnxruntime_clang_O0  
2025-09-08 02:24:24 INFO  (HeadlessAnalyzer) REPORT: Save succeeded for: /ultraface_detector_onnxruntime_clang_O0 (all_binaries_analysis:/ultraface_detector_onnxruntime_clang_O0)  
2025-09-08 02:24:24 INFO  (HeadlessAnalyzer) REPORT: Import succeeded  
2025-09-08 02:24:24 DEBUG (DefaultProjectData) Closing ProjectData: /Users/chenkexin/Desktop/kk/test_taint/ghidra_projects/all_binaries_analysis.rep  
2025-09-08 02:24:24 DEBUG (DefaultProjectData) Disposing ProjectData: /Users/chenkexin/Desktop/kk/test_taint/ghidra_projects/all_binaries_analysis.rep  
