2025-09-08 02:24:26 INFO  (LoggingInitialization) Using log config file: jar:file:/Applications/ghidra_11.0.3_PUBLIC/Ghidra/Framework/Generic/lib/Generic.jar!/generic.log4j.xml  
2025-09-08 02:24:26 INFO  (LoggingInitialization) Using log file: /Users/chenkexin/Desktop/kk/test_taint/logs/ultraface_detector_onnxruntime_gcc_O0_headless_analysis.log  
2025-09-08 02:24:26 INFO  (Preferences) Loading user preferences: /Users/chenkexin/.ghidra/.ghidra_11.0.3_PUBLIC/preferences  
2025-09-08 02:24:26 INFO  (Preferences) Loading previous preferences: /Users/chenkexin/.ghidra/.ghidra_10.4_PUBLIC/preferences  
2025-09-08 02:24:26 INFO  (ClassSearcher) Searching for classes...  
2025-09-08 02:24:28 INFO  (ClassSearcher) Class search complete (1529 ms)  
2025-09-08 02:24:28 INFO  (SSLContextInitializer) Initializing SSL Context  
2025-09-08 02:24:28 INFO  (SecureRandomFactory) Initializing Random Number Generator...  
2025-09-08 02:24:28 INFO  (SecureRandomFactory) Random Number Generator initialization complete: NativePRNGNonBlocking  
2025-09-08 02:24:28 INFO  (ApplicationTrustManagerFactory) Trust manager disabled, cacerts have not been set  
2025-09-08 02:24:29 INFO  (HeadlessAnalyzer) HEADLESS Script Paths:
    /Applications/ghidra_11.0.3_PUBLIC/Ghidra/Processors/8051/ghidra_scripts
    /Applications/ghidra_11.0.3_PUBLIC/Ghidra/Features/FileFormats/ghidra_scripts
    /Applications/ghidra_11.0.3_PUBLIC/Ghidra/Features/Base/ghidra_scripts
    /Applications/ghidra_11.0.3_PUBLIC/Ghidra/Features/Python/ghidra_scripts
    /Applications/ghidra_11.0.3_PUBLIC/Ghidra/Features/GnuDemangler/ghidra_scripts
    /Applications/ghidra_11.0.3_PUBLIC/Ghidra/Features/SystemEmulation/ghidra_scripts
    /Applications/ghidra_11.0.3_PUBLIC/Ghidra/Features/MicrosoftCodeAnalyzer/ghidra_scripts
    /Applications/ghidra_11.0.3_PUBLIC/Ghidra/Features/BytePatterns/ghidra_scripts
    /Applications/ghidra_11.0.3_PUBLIC/Ghidra/Features/Decompiler/ghidra_scripts
    /Applications/ghidra_11.0.3_PUBLIC/Ghidra/Processors/Atmel/ghidra_scripts
    /Applications/ghidra_11.0.3_PUBLIC/Ghidra/Debug/Debugger-agent-frida/ghidra_scripts
    /Applications/ghidra_11.0.3_PUBLIC/Ghidra/Features/FunctionID/ghidra_scripts
    /Applications/ghidra_11.0.3_PUBLIC/Ghidra/Processors/JVM/ghidra_scripts
    /Applications/ghidra_11.0.3_PUBLIC/Ghidra/Processors/PIC/ghidra_scripts
    /Applications/ghidra_11.0.3_PUBLIC/Ghidra/Features/BSim/ghidra_scripts
    /Applications/ghidra_11.0.3_PUBLIC/Ghidra/Features/PDB/ghidra_scripts
    /Applications/ghidra_11.0.3_PUBLIC/Ghidra/Processors/DATA/ghidra_scripts
    /Users/chenkexin/ghidra_scripts
    /Users/chenkexin/Desktop/kk/test_taint
    /Applications/ghidra_11.0.3_PUBLIC/Ghidra/Debug/Debugger-agent-dbgmodel-traceloader/ghidra_scripts
    /Applications/ghidra_11.0.3_PUBLIC/Ghidra/Debug/Debugger-rmi-trace/ghidra_scripts
    /Applications/ghidra_11.0.3_PUBLIC/Ghidra/Features/VersionTracking/ghidra_scripts
    /Applications/ghidra_11.0.3_PUBLIC/Ghidra/Debug/Debugger/ghidra_scripts  
2025-09-08 02:24:29 INFO  (HeadlessAnalyzer) HEADLESS: execution starts  
2025-09-08 02:24:29 INFO  (HeadlessAnalyzer) Opening existing project: /Users/chenkexin/Desktop/kk/test_taint/ghidra_projects/all_binaries_analysis  
2025-09-08 02:24:29 INFO  (HeadlessProject) Opening project: /Users/chenkexin/Desktop/kk/test_taint/ghidra_projects/all_binaries_analysis  
2025-09-08 02:24:29 INFO  (HeadlessAnalyzer) REPORT: Processing input files:   
2025-09-08 02:24:29 INFO  (HeadlessAnalyzer)      project: /Users/chenkexin/Desktop/kk/test_taint/ghidra_projects/all_binaries_analysis  
2025-09-08 02:24:29 INFO  (HeadlessAnalyzer) IMPORTING: file:///Users/chenkexin/Desktop/kk/test_taint/assets/merged_bin/ultraface_detector_onnxruntime_gcc_O0  
2025-09-08 02:24:31 INFO  (AutoImporter) Using Loader: Executable and Linking Format (ELF)  
2025-09-08 02:24:31 INFO  (AutoImporter) Using Language/Compiler: AARCH64:LE:64:v8A:default  
2025-09-08 02:24:32 DEBUG (ElfHeader) Elf symbol table section .dynsym linked to string table section .dynstr  
2025-09-08 02:24:32 DEBUG (ElfHeader) Elf symbol table section .symtab linked to string table section .strtab  
2025-09-08 02:24:32 DEBUG (ElfHeader) Elf relocation table section .rela.dyn linked to symbol table section .dynsym affecting PT_LOAD  
2025-09-08 02:24:32 DEBUG (ElfHeader) Elf relocation table section .rela.plt linked to symbol table section .dynsym affecting .got  
2025-09-08 02:24:32 DEBUG (ElfProgramBuilder) Discarding 1-byte alignment/filler segment_2.3 at 00100253  
2025-09-08 02:24:32 DEBUG (ElfProgramBuilder) Discarding 4-byte alignment/filler segment_2.7 at 001002bc  
2025-09-08 02:24:32 DEBUG (ElfProgramBuilder) Discarding 6-byte alignment/filler segment_2.11 at 001011b2  
2025-09-08 02:24:32 DEBUG (ElfProgramBuilder) Discarding 32-byte alignment/filler segment_2.17 at 00101be0  
2025-09-08 02:24:32 DEBUG (ElfProgramBuilder) Discarding 4-byte alignment/filler segment_2.20 at 0010a944  
2025-09-08 02:24:32 DEBUG (ElfProgramBuilder) Discarding 3-byte alignment/filler segment_2.22 at 0010ab69  
2025-09-08 02:24:33 WARN  (ElfRelocationHandler) EXTERNAL Data Elf Relocation with offset: at 0011fba8 (External Location = _ZTVN10__cxxabiv120__si_class_type_infoE+0x10)  
2025-09-08 02:24:33 INFO  (HeadlessAnalyzer) IMPORTING: Loaded 0 additional files  
2025-09-08 02:24:34 INFO  (HeadlessAnalyzer) ANALYZING all memory and code: file:///Users/chenkexin/Desktop/kk/test_taint/assets/merged_bin/ultraface_detector_onnxruntime_gcc_O0  
2025-09-08 02:24:34 ERROR (DWARFAnalyzer) Error during DWARFAnalyzer import:  ghidra.app.util.bin.format.dwarf4.DWARFException: Only DWARF version 2, 3, or 4 information is currently supported (detected 5).
	at ghidra.app.util.bin.format.dwarf4.DWARFCompilationUnit.readCompilationUnit(DWARFCompilationUnit.java:155)
	at ghidra.app.util.bin.format.dwarf4.next.DWARFProgram.bootstrapCompilationUnits(DWARFProgram.java:629)
	at ghidra.app.util.bin.format.dwarf4.next.DWARFProgram.<init>(DWARFProgram.java:262)
	at ghidra.app.plugin.core.analysis.DWARFAnalyzer.added(DWARFAnalyzer.java:109)
	at ghidra.app.plugin.core.analysis.AnalysisScheduler.runAnalyzer(AnalysisScheduler.java:186)
	at ghidra.app.plugin.core.analysis.AnalysisTask.applyTo(AnalysisTask.java:39)
	at ghidra.app.plugin.core.analysis.AutoAnalysisManager$AnalysisTaskWrapper.run(AutoAnalysisManager.java:686)
	at ghidra.app.plugin.core.analysis.AutoAnalysisManager.startAnalysis(AutoAnalysisManager.java:786)
	at ghidra.app.plugin.core.analysis.AutoAnalysisManager.startAnalysis(AutoAnalysisManager.java:665)
	at ghidra.app.plugin.core.analysis.AutoAnalysisManager.startAnalysis(AutoAnalysisManager.java:630)
	at ghidra.app.util.headless.HeadlessAnalyzer.analyzeProgram(HeadlessAnalyzer.java:1029)
	at ghidra.app.util.headless.HeadlessAnalyzer.processFileWithImport(HeadlessAnalyzer.java:1552)
	at ghidra.app.util.headless.HeadlessAnalyzer.processWithLoader(HeadlessAnalyzer.java:1734)
	at ghidra.app.util.headless.HeadlessAnalyzer.processWithImport(HeadlessAnalyzer.java:1675)
	at ghidra.app.util.headless.HeadlessAnalyzer.processWithImport(HeadlessAnalyzer.java:1759)
	at ghidra.app.util.headless.HeadlessAnalyzer.processLocal(HeadlessAnalyzer.java:460)
	at ghidra.app.util.headless.AnalyzeHeadless.launch(AnalyzeHeadless.java:127)
	at ghidra.GhidraLauncher.launch(GhidraLauncher.java:78)
	at ghidra.Ghidra.main(Ghidra.java:54)
 
2025-09-08 02:24:38 INFO  (PackedDatabaseCache) Packed database cache: /var/folders/kn/fw_2jn054bq5f73czrm_91nc0000gn/T/chenkexin-Ghidra/packed-db-cache  
2025-09-08 02:24:38 DEBUG (PackedDatabaseCache) Using cached packed database: /Applications/ghidra_11.0.3_PUBLIC/Ghidra/Features/Base/data/typeinfo/generic/generic_clib_64.gdt  
2025-09-08 02:24:39 INFO  (ApplyDataArchiveAnalyzer) Applied data type archive: generic_clib_64  
2025-09-08 02:24:40 WARN  (DemangledAddressTable) Unable to fully apply external demangled Address Table at 00121030: std::exception::typeinfo  
2025-09-08 02:24:40 WARN  (DemangledAddressTable) Unable to fully apply external demangled Address Table at 00121108: std::exception::vtable  
2025-09-08 02:24:40 WARN  (DemangledAddressTable) Unable to fully apply external demangled Address Table at 00121170: __cxxabiv1::__si_class_type_info::vtable  
2025-09-08 02:24:42 INFO  (AutoAnalysisManager) -----------------------------------------------------
    AARCH64 ELF PLT Thunks                     0.218 secs
    ASCII Strings                              0.342 secs
    Apply Data Archives                        1.111 secs
    Basic Constant Reference Analyzer          1.187 secs
    Call Convention ID                         1.155 secs
    Call-Fixup Installer                       0.032 secs
    Create Address Tables                      0.049 secs
    Create Address Tables - One Time           0.010 secs
    Create Function                            0.000 secs
    DWARF                                      0.079 secs
    Data Reference                             0.053 secs
    Decompiler Switch Analysis                 0.178 secs
    Demangler GNU                              0.787 secs
    Disassemble Entry Points                   0.283 secs
    Embedded Media                             0.021 secs
    External Entry References                  0.005 secs
    Function Start Search                      0.121 secs
    Function Start Search After Code           0.110 secs
    Function Start Search After Data           0.033 secs
    Function Start Search delayed - One Time   0.015 secs
    GCC Exception Handlers                     1.594 secs
    Non-Returning Functions - Discovered       0.041 secs
    Non-Returning Functions - Known            0.037 secs
    Reference                                  0.112 secs
    Shared Return Calls                        0.063 secs
    Stack                                      1.012 secs
    Subroutine References                      0.052 secs
-----------------------------------------------------
     Total Time   8 secs
-----------------------------------------------------
  
2025-09-08 02:24:42 INFO  (HeadlessAnalyzer) REPORT: Analysis succeeded for file: file:///Users/chenkexin/Desktop/kk/test_taint/assets/merged_bin/ultraface_detector_onnxruntime_gcc_O0  
2025-09-08 02:24:43 INFO  (HeadlessAnalyzer) SCRIPT: /Users/chenkexin/Desktop/kk/test_taint/onnxruntime_analyzer.py  
2025-09-08 02:24:47 INFO  (GhidraScript) onnxruntime_analyzer.py> INFO: Searching for functions, thunks, and call sites related to keywords: ['GetTensorData']  
2025-09-08 02:24:47 INFO  (GhidraScript) onnxruntime_analyzer.py> WARN: No external function found with keywords '['GetTensorData']'. Trying all functions...  
2025-09-08 02:24:47 INFO  (GhidraScript) onnxruntime_analyzer.py> INFO: Found function 'GetTensorData<float>'. Searching for its thunks.  
2025-09-08 02:24:47 INFO  (GhidraScript) onnxruntime_analyzer.py> INFO: Found 2 unique call sites. Analyzing each...  
2025-09-08 02:24:47 INFO  (GhidraScript) onnxruntime_analyzer.py> 
--- Starting Stage 1 Taint Analysis from '['GetTensorData']' call sites ---  
2025-09-08 02:24:47 INFO  (GhidraScript) onnxruntime_analyzer.py> 
--- Analyzing Call Site #1059024 at 001028d0 ---  
2025-09-08 02:24:47 INFO  (GhidraScript) onnxruntime_analyzer.py> DEBUG: Parent (caller): main at 001021b4  
2025-09-08 02:24:48 INFO  (GhidraScript) onnxruntime_analyzer.py> 
--- Initiating Taint Analysis for: main (call at 001028d0) ---  
2025-09-08 02:24:48 INFO  (GhidraScript) onnxruntime_analyzer.py> DEBUG: Taint source is the return value of the call: local_278(StackDirect[Stack[-0x278]])  
2025-09-08 02:24:48 INFO  (GhidraScript) onnxruntime_analyzer.py> \n>>> Analyzing function: main (Depth: 0) at 001021b4 (Originating from: ['GetTensorData']) with initial taints: local_278(StackDirect[Stack[-0x278]])  
2025-09-08 02:24:48 INFO  (GhidraScript) onnxruntime_analyzer.py>   - [STACK_SEARCH.0] Analyzing varnode: (stack, 0xfffffffffffffd88, 8)  
2025-09-08 02:24:48 INFO  (GhidraScript) onnxruntime_analyzer.py>   - [STACK_SEARCH.0] Details: isAddress=0, addr=Stack[-0x278], isStackAddress=1  
2025-09-08 02:24:48 INFO  (GhidraScript) onnxruntime_analyzer.py>   - [STACK_SEARCH.0] SUCCESS (Direct): Varnode is a direct stack address with offset -0x278.  
2025-09-08 02:24:48 INFO  (GhidraScript) onnxruntime_analyzer.py> DEBUG: [STACK_RULE] Proactively tainted stack offset -0x278 from initial HighVar: local_278(StackDirect[Stack[-0x278]])  
2025-09-08 02:24:48 INFO  (GhidraScript) onnxruntime_analyzer.py> DEBUG: [STACK_TAINTS] Initial tainted stack offsets for this function: ['-0x278L']  
2025-09-08 02:24:48 INFO  (GhidraScript) onnxruntime_analyzer.py> \nDEBUG: Reached specified start PcodeOp (register, 0x4000, 8) CALL (ram, 0x1068b4, 8) at 001028d0 in main, subsequent ops will be processed.  
2025-09-08 02:24:48 INFO  (GhidraScript) onnxruntime_analyzer.py> DEBUG: [LOAD_HANDLER] Checking LOAD op at 00102930. Address varnode: (register, 0x4000, 8)  
2025-09-08 02:24:48 INFO  (GhidraScript) onnxruntime_analyzer.py>   - [STACK_SEARCH.0] Analyzing varnode: (register, 0x4000, 8)  
2025-09-08 02:24:48 INFO  (GhidraScript) onnxruntime_analyzer.py>   - [STACK_SEARCH.0] Details: isAddress=0, addr=register:00004000, isStackAddress=0  
2025-09-08 02:24:48 INFO  (GhidraScript) onnxruntime_analyzer.py>   - [STACK_SEARCH.0] Def P-Code Op: (register, 0x4000, 8) CAST (unique, 0x10000dd9, 8)  
2025-09-08 02:24:48 INFO  (GhidraScript) onnxruntime_analyzer.py>   - [STACK_SEARCH.0] Recursing through CAST...  
2025-09-08 02:24:48 INFO  (GhidraScript) onnxruntime_analyzer.py>   - [STACK_SEARCH.1] Analyzing varnode: (unique, 0x10000dd9, 8)  
2025-09-08 02:24:48 INFO  (GhidraScript) onnxruntime_analyzer.py>   - [STACK_SEARCH.1] Details: isAddress=0, addr=unique:10000dd9, isStackAddress=0  
2025-09-08 02:24:48 INFO  (GhidraScript) onnxruntime_analyzer.py>   - [STACK_SEARCH.1] Def P-Code Op: (unique, 0x10000dd9, 8) CALL (ram, 0x105f7c, 8) , (unique, 0x10000dd1, 8) , (const, 0x1, 8)  
2025-09-08 02:24:48 INFO  (GhidraScript) onnxruntime_analyzer.py>   - [STACK_SEARCH.1] Mnemonic 'CALL' is not a handled case. Aborting path.  
2025-09-08 02:24:48 INFO  (GhidraScript) onnxruntime_analyzer.py> DEBUG: [LOAD_HANDLER] POINTER_RULE FAIL: Address varnode puVar12(x0) is not tainted (recursive check).  
2025-09-08 02:24:48 INFO  (GhidraScript) onnxruntime_analyzer.py> DEBUG: [LOAD_HANDLER] REGION_RULE FAIL: Address pointer puVar12(x0) is not in the tainted memory regions set.  
2025-09-08 02:24:48 INFO  (GhidraScript) onnxruntime_analyzer.py> DEBUG: [main @ 00102960] Taint propagated from local_278(StackDirect[Stack[-0x278]]) to UNNAMED(UniquePcode[0x12480]) via PTRADD.  
2025-09-08 02:24:48 INFO  (GhidraScript) onnxruntime_analyzer.py> DEBUG: [LOAD_HANDLER] Checking LOAD op at 00102964. Address varnode: (unique, 0x12480, 8)  
2025-09-08 02:24:48 INFO  (GhidraScript) onnxruntime_analyzer.py>   - [STACK_SEARCH.0] Analyzing varnode: (unique, 0x12480, 8)  
2025-09-08 02:24:48 INFO  (GhidraScript) onnxruntime_analyzer.py>   - [STACK_SEARCH.0] Details: isAddress=0, addr=unique:00012480, isStackAddress=0  
2025-09-08 02:24:48 INFO  (GhidraScript) onnxruntime_analyzer.py>   - [STACK_SEARCH.0] Def P-Code Op: (unique, 0x12480, 8) PTRADD (stack, 0xfffffffffffffd88, 8) , (unique, 0x11f80, 8) , (const, 0x4, 8)  
2025-09-08 02:24:48 INFO  (GhidraScript) onnxruntime_analyzer.py>   - [STACK_SEARCH.0] Mnemonic 'PTRADD' is not a handled case. Aborting path.  
2025-09-08 02:24:48 INFO  (GhidraScript) onnxruntime_analyzer.py>   - [STACK_SEARCH.0] Analyzing varnode: (stack, 0xfffffffffffffd88, 8)  
2025-09-08 02:24:48 INFO  (GhidraScript) onnxruntime_analyzer.py>   - [STACK_SEARCH.0] Details: isAddress=0, addr=Stack[-0x278], isStackAddress=1  
2025-09-08 02:24:48 INFO  (GhidraScript) onnxruntime_analyzer.py>   - [STACK_SEARCH.0] SUCCESS (Direct): Varnode is a direct stack address with offset -0x278.  
2025-09-08 02:24:48 INFO  (GhidraScript) onnxruntime_analyzer.py> DEBUG: [LOAD_HANDLER] STACK_RULE SUCCESS (base): Tainting output due to load from tainted stack base -0x278.  
2025-09-08 02:24:48 INFO  (GhidraScript) onnxruntime_analyzer.py> DEBUG: [main @ 00102964] Taint propagated from Tainted Stack Location [base -0x278 + field ?] to UNNAMED(s0) via LOAD.  
2025-09-08 02:24:48 INFO  (GhidraScript) onnxruntime_analyzer.py> DEBUG: [main @ 00102974] Taint propagated from UNNAMED(s0) to UNNAMED(UniquePcode[0x1000072e]) via FLOAT_LESSEQUAL.  
2025-09-08 02:24:48 INFO  (GhidraScript) onnxruntime_analyzer.py> INFO: [main @ 00102974] Taint reached COMPARISON op (FLOAT_LESSEQUAL). Operands: ['UnnamedHighVar(Constant: 0x3f000000)', 'UNNAMED(s0)'].  
2025-09-08 02:24:48 INFO  (GhidraScript) onnxruntime_analyzer.py> DEBUG: [CBRANCH] Found defining op for condition: (unique, 0x1000072e, 1) FLOAT_LESSEQUAL (const, 0x3f000000, 4) , (register, 0x5000, 4)  
2025-09-08 02:24:48 INFO  (GhidraScript) onnxruntime_analyzer.py> INFO: [main @ 00102978] Taint reached CBRANCH. Operands: ['UnnamedHighVar(Constant: 0x3f000000)', 'UNNAMED(s0)'].   
2025-09-08 02:24:48 INFO  (GhidraScript) onnxruntime_analyzer.py> DEBUG: [LOAD_HANDLER] Checking LOAD op at 00102994. Address varnode: (unique, 0x12480, 8)  
2025-09-08 02:24:48 INFO  (GhidraScript) onnxruntime_analyzer.py>   - [STACK_SEARCH.0] Analyzing varnode: (unique, 0x12480, 8)  
2025-09-08 02:24:48 INFO  (GhidraScript) onnxruntime_analyzer.py>   - [STACK_SEARCH.0] Details: isAddress=0, addr=unique:00012480, isStackAddress=0  
2025-09-08 02:24:48 INFO  (GhidraScript) onnxruntime_analyzer.py>   - [STACK_SEARCH.0] Def P-Code Op: (unique, 0x12480, 8) PTRADD (stack, 0xfffffffffffffd90, 8) , (register, 0x4000, 8) , (const, 0x4, 8)  
2025-09-08 02:24:48 INFO  (GhidraScript) onnxruntime_analyzer.py>   - [STACK_SEARCH.0] Mnemonic 'PTRADD' is not a handled case. Aborting path.  
2025-09-08 02:24:48 INFO  (GhidraScript) onnxruntime_analyzer.py>   - [STACK_SEARCH.0] Analyzing varnode: (stack, 0xfffffffffffffd90, 8)  
2025-09-08 02:24:48 INFO  (GhidraScript) onnxruntime_analyzer.py>   - [STACK_SEARCH.0] Details: isAddress=0, addr=Stack[-0x270], isStackAddress=1  
2025-09-08 02:24:48 INFO  (GhidraScript) onnxruntime_analyzer.py>   - [STACK_SEARCH.0] SUCCESS (Direct): Varnode is a direct stack address with offset -0x270.  
2025-09-08 02:24:48 INFO  (GhidraScript) onnxruntime_analyzer.py> DEBUG: [LOAD_HANDLER] POINTER_RULE FAIL: Address varnode UNNAMED(UniquePcode[0x12480]) is not tainted (recursive check).  
2025-09-08 02:24:48 INFO  (GhidraScript) onnxruntime_analyzer.py> DEBUG: [LOAD_HANDLER] REGION_RULE FAIL: Address pointer UNNAMED(UniquePcode[0x12480]) is not in the tainted memory regions set.  
2025-09-08 02:24:48 INFO  (GhidraScript) onnxruntime_analyzer.py> DEBUG: [LOAD_HANDLER] Checking LOAD op at 001029c0. Address varnode: (unique, 0x12480, 8)  
2025-09-08 02:24:48 INFO  (GhidraScript) onnxruntime_analyzer.py>   - [STACK_SEARCH.0] Analyzing varnode: (unique, 0x12480, 8)  
2025-09-08 02:24:48 INFO  (GhidraScript) onnxruntime_analyzer.py>   - [STACK_SEARCH.0] Details: isAddress=0, addr=unique:00012480, isStackAddress=0  
2025-09-08 02:24:48 INFO  (GhidraScript) onnxruntime_analyzer.py>   - [STACK_SEARCH.0] Def P-Code Op: (unique, 0x12480, 8) PTRADD (stack, 0xfffffffffffffd90, 8) , (unique, 0x11f80, 8) , (const, 0x4, 8)  
2025-09-08 02:24:48 INFO  (GhidraScript) onnxruntime_analyzer.py>   - [STACK_SEARCH.0] Mnemonic 'PTRADD' is not a handled case. Aborting path.  
2025-09-08 02:24:48 INFO  (GhidraScript) onnxruntime_analyzer.py>   - [STACK_SEARCH.0] Analyzing varnode: (stack, 0xfffffffffffffd90, 8)  
2025-09-08 02:24:48 INFO  (GhidraScript) onnxruntime_analyzer.py>   - [STACK_SEARCH.0] Details: isAddress=0, addr=Stack[-0x270], isStackAddress=1  
2025-09-08 02:24:48 INFO  (GhidraScript) onnxruntime_analyzer.py>   - [STACK_SEARCH.0] SUCCESS (Direct): Varnode is a direct stack address with offset -0x270.  
2025-09-08 02:24:48 INFO  (GhidraScript) onnxruntime_analyzer.py> DEBUG: [LOAD_HANDLER] POINTER_RULE FAIL: Address varnode UNNAMED(UniquePcode[0x12480]) is not tainted (recursive check).  
2025-09-08 02:24:48 INFO  (GhidraScript) onnxruntime_analyzer.py> DEBUG: [LOAD_HANDLER] REGION_RULE FAIL: Address pointer UNNAMED(UniquePcode[0x12480]) is not in the tainted memory regions set.  
2025-09-08 02:24:48 INFO  (GhidraScript) onnxruntime_analyzer.py> DEBUG: [LOAD_HANDLER] Checking LOAD op at 001029ec. Address varnode: (unique, 0x12480, 8)  
2025-09-08 02:24:48 INFO  (GhidraScript) onnxruntime_analyzer.py>   - [STACK_SEARCH.0] Analyzing varnode: (unique, 0x12480, 8)  
2025-09-08 02:24:48 INFO  (GhidraScript) onnxruntime_analyzer.py>   - [STACK_SEARCH.0] Details: isAddress=0, addr=unique:00012480, isStackAddress=0  
2025-09-08 02:24:48 INFO  (GhidraScript) onnxruntime_analyzer.py>   - [STACK_SEARCH.0] Def P-Code Op: (unique, 0x12480, 8) PTRADD (stack, 0xfffffffffffffd90, 8) , (unique, 0x11f80, 8) , (const, 0x4, 8)  
2025-09-08 02:24:48 INFO  (GhidraScript) onnxruntime_analyzer.py>   - [STACK_SEARCH.0] Mnemonic 'PTRADD' is not a handled case. Aborting path.  
2025-09-08 02:24:48 INFO  (GhidraScript) onnxruntime_analyzer.py>   - [STACK_SEARCH.0] Analyzing varnode: (stack, 0xfffffffffffffd90, 8)  
2025-09-08 02:24:48 INFO  (GhidraScript) onnxruntime_analyzer.py>   - [STACK_SEARCH.0] Details: isAddress=0, addr=Stack[-0x270], isStackAddress=1  
2025-09-08 02:24:48 INFO  (GhidraScript) onnxruntime_analyzer.py>   - [STACK_SEARCH.0] SUCCESS (Direct): Varnode is a direct stack address with offset -0x270.  
2025-09-08 02:24:48 INFO  (GhidraScript) onnxruntime_analyzer.py> DEBUG: [LOAD_HANDLER] POINTER_RULE FAIL: Address varnode UNNAMED(UniquePcode[0x12480]) is not tainted (recursive check).  
2025-09-08 02:24:48 INFO  (GhidraScript) onnxruntime_analyzer.py> DEBUG: [LOAD_HANDLER] REGION_RULE FAIL: Address pointer UNNAMED(UniquePcode[0x12480]) is not in the tainted memory regions set.  
2025-09-08 02:24:48 INFO  (GhidraScript) onnxruntime_analyzer.py> DEBUG: [LOAD_HANDLER] Checking LOAD op at 00102a18. Address varnode: (unique, 0x12480, 8)  
2025-09-08 02:24:48 INFO  (GhidraScript) onnxruntime_analyzer.py>   - [STACK_SEARCH.0] Analyzing varnode: (unique, 0x12480, 8)  
2025-09-08 02:24:48 INFO  (GhidraScript) onnxruntime_analyzer.py>   - [STACK_SEARCH.0] Details: isAddress=0, addr=unique:00012480, isStackAddress=0  
2025-09-08 02:24:48 INFO  (GhidraScript) onnxruntime_analyzer.py>   - [STACK_SEARCH.0] Def P-Code Op: (unique, 0x12480, 8) PTRADD (stack, 0xfffffffffffffd90, 8) , (unique, 0x11f80, 8) , (const, 0x4, 8)  
2025-09-08 02:24:48 INFO  (GhidraScript) onnxruntime_analyzer.py>   - [STACK_SEARCH.0] Mnemonic 'PTRADD' is not a handled case. Aborting path.  
2025-09-08 02:24:48 INFO  (GhidraScript) onnxruntime_analyzer.py>   - [STACK_SEARCH.0] Analyzing varnode: (stack, 0xfffffffffffffd90, 8)  
2025-09-08 02:24:48 INFO  (GhidraScript) onnxruntime_analyzer.py>   - [STACK_SEARCH.0] Details: isAddress=0, addr=Stack[-0x270], isStackAddress=1  
2025-09-08 02:24:48 INFO  (GhidraScript) onnxruntime_analyzer.py>   - [STACK_SEARCH.0] SUCCESS (Direct): Varnode is a direct stack address with offset -0x270.  
2025-09-08 02:24:48 INFO  (GhidraScript) onnxruntime_analyzer.py> DEBUG: [LOAD_HANDLER] POINTER_RULE FAIL: Address varnode UNNAMED(UniquePcode[0x12480]) is not tainted (recursive check).  
2025-09-08 02:24:48 INFO  (GhidraScript) onnxruntime_analyzer.py> DEBUG: [LOAD_HANDLER] REGION_RULE FAIL: Address pointer UNNAMED(UniquePcode[0x12480]) is not in the tainted memory regions set.  
2025-09-08 02:24:48 INFO  (GhidraScript) onnxruntime_analyzer.py> DEBUG: [main @ 00102a40] Taint propagated from UNNAMED(s0) to local_180(StackDirect[Stack[-0x180]]) via COPY.  
2025-09-08 02:24:48 INFO  (GhidraScript) onnxruntime_analyzer.py> DEBUG: [CBRANCH] Found defining op for condition: (unique, 0x1200, 1) INT_SLESS (stack, 0xfffffffffffffd24, 4) , (register, 0x4000, 4)  
2025-09-08 02:24:48 INFO  (GhidraScript) onnxruntime_analyzer.py> INFO: [main @ 00102a64] Taint reached CBRANCH. Operands: ['local_2dc(StackDirect[Stack[-0x2dc]])', 'UNNAMED(w0)'].   
2025-09-08 02:24:48 INFO  (GhidraScript) onnxruntime_analyzer.py> DEBUG: [CBRANCH] Found defining op for condition: (register, 0x108, 1) INT_EQUAL (register, 0x4000, 8) , (const, 0x0, 8)  
2025-09-08 02:24:48 INFO  (GhidraScript) onnxruntime_analyzer.py> INFO: [main @ 00102a94] Taint reached CBRANCH. Operands: ['lVar13(x0)', 'UnnamedHighVar(Constant: 0x0)'].   
2025-09-08 02:24:48 INFO  (GhidraScript) onnxruntime_analyzer.py> DEBUG: [LOAD_HANDLER] Checking LOAD op at 00102aa4. Address varnode: (unique, 0x6400, 8)  
2025-09-08 02:24:48 INFO  (GhidraScript) onnxruntime_analyzer.py>   - [STACK_SEARCH.0] Analyzing varnode: (unique, 0x6400, 8)  
2025-09-08 02:24:48 INFO  (GhidraScript) onnxruntime_analyzer.py>   - [STACK_SEARCH.0] Details: isAddress=0, addr=unique:00006400, isStackAddress=0  
2025-09-08 02:24:48 INFO  (GhidraScript) onnxruntime_analyzer.py>   - [STACK_SEARCH.0] Def P-Code Op: (unique, 0x6400, 8) CAST (unique, 0x10000e09, 8)  
2025-09-08 02:24:48 INFO  (GhidraScript) onnxruntime_analyzer.py>   - [STACK_SEARCH.0] Recursing through CAST...  
2025-09-08 02:24:48 INFO  (GhidraScript) onnxruntime_analyzer.py>   - [STACK_SEARCH.1] Analyzing varnode: (unique, 0x10000e09, 8)  
2025-09-08 02:24:48 INFO  (GhidraScript) onnxruntime_analyzer.py>   - [STACK_SEARCH.1] Details: isAddress=0, addr=unique:10000e09, isStackAddress=0  
2025-09-08 02:24:48 INFO  (GhidraScript) onnxruntime_analyzer.py>   - [STACK_SEARCH.1] Def P-Code Op: (unique, 0x10000e09, 8) INT_ADD (register, 0x4000, 8) , (const, 0x10, 8)  
2025-09-08 02:24:48 INFO  (GhidraScript) onnxruntime_analyzer.py>   - [STACK_SEARCH.1] Mnemonic 'INT_ADD' is not a handled case. Aborting path.  
2025-09-08 02:24:48 INFO  (GhidraScript) onnxruntime_analyzer.py> DEBUG: [LOAD_HANDLER] POINTER_RULE FAIL: Address varnode UNNAMED(UniquePcode[0x6400]) is not tainted (recursive check).  
2025-09-08 02:24:48 INFO  (GhidraScript) onnxruntime_analyzer.py> DEBUG: [LOAD_HANDLER] REGION_RULE FAIL: Address pointer UNNAMED(UniquePcode[0x6400]) is not in the tainted memory regions set.  
2025-09-08 02:24:48 INFO  (GhidraScript) onnxruntime_analyzer.py> DEBUG: [CBRANCH] Found defining op for condition: (unique, 0x1400, 1) FLOAT_LESSEQUAL (register, 0x5000, 4) , (const, 0x3f666666, 4)  
2025-09-08 02:24:48 INFO  (GhidraScript) onnxruntime_analyzer.py> INFO: [main @ 00102ab8] Taint reached CBRANCH. Operands: ['UNNAMED(s0)', 'UnnamedHighVar(Constant: 0x3f666666)'].   
2025-09-08 02:24:48 INFO  (GhidraScript) onnxruntime_analyzer.py> INFO: [main @ 00102ad4] Taint reached CBRANCH. Operands: [].   
2025-09-08 02:24:48 INFO  (GhidraScript) onnxruntime_analyzer.py> DEBUG: [CBRANCH] Found defining op for condition: (register, 0x108, 1) INT_NOTEQUAL (unique, 0x3e480, 8) , (const, 0x0, 8)  
2025-09-08 02:24:48 INFO  (GhidraScript) onnxruntime_analyzer.py> INFO: [main @ 00102b9c] Taint reached CBRANCH. Operands: ['UNNAMED(UniquePcode[0x3e480])', 'UnnamedHighVar(Constant: 0x0)'].   
2025-09-08 02:24:48 INFO  (GhidraScript) onnxruntime_analyzer.py> DEBUG: [main @ 00102dd8] Analyzing potential tainted RETURN with value: UNNAMED(x0) (Tainted: 0)  
2025-09-08 02:24:48 INFO  (GhidraScript) onnxruntime_analyzer.py>     [DEBUG] --- Taint Check Details (RETURN FAILED) ---  
2025-09-08 02:24:48 INFO  (GhidraScript) onnxruntime_analyzer.py>     [DEBUG]   > Return Varnode: (register, 0x4000, 8) (Size: 8, Def: (register, 0x4000, 8) COPY (register, 0x4098, 8) at 00102db8)  
2025-09-08 02:24:48 INFO  (GhidraScript) onnxruntime_analyzer.py>     [DEBUG]   > Currently Tainted HighVariables in this function:  
2025-09-08 02:24:48 INFO  (GhidraScript) onnxruntime_analyzer.py>     [DEBUG]     1. UNNAMED(UniquePcode[0x1000072e])  
2025-09-08 02:24:48 INFO  (GhidraScript) onnxruntime_analyzer.py>     [DEBUG]     2. UNNAMED(UniquePcode[0x12480])  
2025-09-08 02:24:48 INFO  (GhidraScript) onnxruntime_analyzer.py>     [DEBUG]     3. UNNAMED(s0)  
2025-09-08 02:24:48 INFO  (GhidraScript) onnxruntime_analyzer.py>     [DEBUG]     4. local_180(StackDirect[Stack[-0x180]])  
2025-09-08 02:24:48 INFO  (GhidraScript) onnxruntime_analyzer.py>     [DEBUG]     5. local_278(StackDirect[Stack[-0x278]])  
2025-09-08 02:24:48 INFO  (GhidraScript) onnxruntime_analyzer.py>     [DEBUG] ---------------------------------  
2025-09-08 02:24:48 INFO  (GhidraScript) onnxruntime_analyzer.py> <<< Finished analyzing function: main.  
2025-09-08 02:24:48 INFO  (GhidraScript) onnxruntime_analyzer.py> 
--- Analyzing Call Site #1059044 at 001028e4 ---  
2025-09-08 02:24:48 INFO  (GhidraScript) onnxruntime_analyzer.py> DEBUG: Parent (caller): main at 001021b4  
2025-09-08 02:24:49 INFO  (GhidraScript) onnxruntime_analyzer.py> 
--- Initiating Taint Analysis for: main (call at 001028e4) ---  
2025-09-08 02:24:49 INFO  (GhidraScript) onnxruntime_analyzer.py> DEBUG: Taint source is the return value of the call: local_270(StackDirect[Stack[-0x270]])  
2025-09-08 02:24:49 INFO  (GhidraScript) onnxruntime_analyzer.py> \n>>> Analyzing function: main (Depth: 0) at 001021b4 (Originating from: ['GetTensorData']) with initial taints: local_270(StackDirect[Stack[-0x270]])  
2025-09-08 02:24:49 INFO  (GhidraScript) onnxruntime_analyzer.py>   - [STACK_SEARCH.0] Analyzing varnode: (stack, 0xfffffffffffffd90, 8)  
2025-09-08 02:24:49 INFO  (GhidraScript) onnxruntime_analyzer.py>   - [STACK_SEARCH.0] Details: isAddress=0, addr=Stack[-0x270], isStackAddress=1  
2025-09-08 02:24:49 INFO  (GhidraScript) onnxruntime_analyzer.py>   - [STACK_SEARCH.0] SUCCESS (Direct): Varnode is a direct stack address with offset -0x270.  
2025-09-08 02:24:49 INFO  (GhidraScript) onnxruntime_analyzer.py> DEBUG: [STACK_RULE] Proactively tainted stack offset -0x270 from initial HighVar: local_270(StackDirect[Stack[-0x270]])  
2025-09-08 02:24:49 INFO  (GhidraScript) onnxruntime_analyzer.py> DEBUG: [STACK_TAINTS] Initial tainted stack offsets for this function: ['-0x270L']  
2025-09-08 02:24:49 INFO  (GhidraScript) onnxruntime_analyzer.py> \nDEBUG: Reached specified start PcodeOp (register, 0x4000, 8) CALL (ram, 0x1068b4, 8) at 001028e4 in main, subsequent ops will be processed.  
2025-09-08 02:24:49 INFO  (GhidraScript) onnxruntime_analyzer.py> DEBUG: [LOAD_HANDLER] Checking LOAD op at 00102930. Address varnode: (register, 0x4000, 8)  
2025-09-08 02:24:49 INFO  (GhidraScript) onnxruntime_analyzer.py>   - [STACK_SEARCH.0] Analyzing varnode: (register, 0x4000, 8)  
2025-09-08 02:24:49 INFO  (GhidraScript) onnxruntime_analyzer.py>   - [STACK_SEARCH.0] Details: isAddress=0, addr=register:00004000, isStackAddress=0  
2025-09-08 02:24:49 INFO  (GhidraScript) onnxruntime_analyzer.py>   - [STACK_SEARCH.0] Def P-Code Op: (register, 0x4000, 8) CAST (unique, 0x10000dd9, 8)  
2025-09-08 02:24:49 INFO  (GhidraScript) onnxruntime_analyzer.py>   - [STACK_SEARCH.0] Recursing through CAST...  
2025-09-08 02:24:49 INFO  (GhidraScript) onnxruntime_analyzer.py>   - [STACK_SEARCH.1] Analyzing varnode: (unique, 0x10000dd9, 8)  
2025-09-08 02:24:49 INFO  (GhidraScript) onnxruntime_analyzer.py>   - [STACK_SEARCH.1] Details: isAddress=0, addr=unique:10000dd9, isStackAddress=0  
2025-09-08 02:24:49 INFO  (GhidraScript) onnxruntime_analyzer.py>   - [STACK_SEARCH.1] Def P-Code Op: (unique, 0x10000dd9, 8) CALL (ram, 0x105f7c, 8) , (unique, 0x10000dd1, 8) , (const, 0x1, 8)  
2025-09-08 02:24:49 INFO  (GhidraScript) onnxruntime_analyzer.py>   - [STACK_SEARCH.1] Mnemonic 'CALL' is not a handled case. Aborting path.  
2025-09-08 02:24:49 INFO  (GhidraScript) onnxruntime_analyzer.py> DEBUG: [LOAD_HANDLER] POINTER_RULE FAIL: Address varnode puVar12(x0) is not tainted (recursive check).  
2025-09-08 02:24:49 INFO  (GhidraScript) onnxruntime_analyzer.py> DEBUG: [LOAD_HANDLER] REGION_RULE FAIL: Address pointer puVar12(x0) is not in the tainted memory regions set.  
2025-09-08 02:24:49 INFO  (GhidraScript) onnxruntime_analyzer.py> DEBUG: [LOAD_HANDLER] Checking LOAD op at 00102964. Address varnode: (unique, 0x12480, 8)  
2025-09-08 02:24:49 INFO  (GhidraScript) onnxruntime_analyzer.py>   - [STACK_SEARCH.0] Analyzing varnode: (unique, 0x12480, 8)  
2025-09-08 02:24:49 INFO  (GhidraScript) onnxruntime_analyzer.py>   - [STACK_SEARCH.0] Details: isAddress=0, addr=unique:00012480, isStackAddress=0  
2025-09-08 02:24:49 INFO  (GhidraScript) onnxruntime_analyzer.py>   - [STACK_SEARCH.0] Def P-Code Op: (unique, 0x12480, 8) PTRADD (stack, 0xfffffffffffffd88, 8) , (unique, 0x11f80, 8) , (const, 0x4, 8)  
2025-09-08 02:24:49 INFO  (GhidraScript) onnxruntime_analyzer.py>   - [STACK_SEARCH.0] Mnemonic 'PTRADD' is not a handled case. Aborting path.  
2025-09-08 02:24:49 INFO  (GhidraScript) onnxruntime_analyzer.py>   - [STACK_SEARCH.0] Analyzing varnode: (stack, 0xfffffffffffffd88, 8)  
2025-09-08 02:24:49 INFO  (GhidraScript) onnxruntime_analyzer.py>   - [STACK_SEARCH.0] Details: isAddress=0, addr=Stack[-0x278], isStackAddress=1  
2025-09-08 02:24:49 INFO  (GhidraScript) onnxruntime_analyzer.py>   - [STACK_SEARCH.0] SUCCESS (Direct): Varnode is a direct stack address with offset -0x278.  
2025-09-08 02:24:49 INFO  (GhidraScript) onnxruntime_analyzer.py> DEBUG: [LOAD_HANDLER] POINTER_RULE FAIL: Address varnode UNNAMED(UniquePcode[0x12480]) is not tainted (recursive check).  
2025-09-08 02:24:49 INFO  (GhidraScript) onnxruntime_analyzer.py> DEBUG: [LOAD_HANDLER] REGION_RULE FAIL: Address pointer UNNAMED(UniquePcode[0x12480]) is not in the tainted memory regions set.  
2025-09-08 02:24:49 INFO  (GhidraScript) onnxruntime_analyzer.py> DEBUG: [CBRANCH] Found defining op for condition: (unique, 0x1000072e, 1) FLOAT_LESSEQUAL (const, 0x3f000000, 4) , (register, 0x5000, 4)  
2025-09-08 02:24:49 INFO  (GhidraScript) onnxruntime_analyzer.py> INFO: [main @ 00102978] Taint reached CBRANCH. Operands: ['UnnamedHighVar(Constant: 0x3f000000)', 'UNNAMED(s0)'].   
2025-09-08 02:24:49 INFO  (GhidraScript) onnxruntime_analyzer.py> DEBUG: [main @ 00102990] Taint propagated from local_270(StackDirect[Stack[-0x270]]) to UNNAMED(UniquePcode[0x12480]) via PTRADD.  
2025-09-08 02:24:49 INFO  (GhidraScript) onnxruntime_analyzer.py> DEBUG: [LOAD_HANDLER] Checking LOAD op at 00102994. Address varnode: (unique, 0x12480, 8)  
2025-09-08 02:24:49 INFO  (GhidraScript) onnxruntime_analyzer.py>   - [STACK_SEARCH.0] Analyzing varnode: (unique, 0x12480, 8)  
2025-09-08 02:24:49 INFO  (GhidraScript) onnxruntime_analyzer.py>   - [STACK_SEARCH.0] Details: isAddress=0, addr=unique:00012480, isStackAddress=0  
2025-09-08 02:24:49 INFO  (GhidraScript) onnxruntime_analyzer.py>   - [STACK_SEARCH.0] Def P-Code Op: (unique, 0x12480, 8) PTRADD (stack, 0xfffffffffffffd90, 8) , (register, 0x4000, 8) , (const, 0x4, 8)  
2025-09-08 02:24:49 INFO  (GhidraScript) onnxruntime_analyzer.py>   - [STACK_SEARCH.0] Mnemonic 'PTRADD' is not a handled case. Aborting path.  
2025-09-08 02:24:49 INFO  (GhidraScript) onnxruntime_analyzer.py>   - [STACK_SEARCH.0] Analyzing varnode: (stack, 0xfffffffffffffd90, 8)  
2025-09-08 02:24:49 INFO  (GhidraScript) onnxruntime_analyzer.py>   - [STACK_SEARCH.0] Details: isAddress=0, addr=Stack[-0x270], isStackAddress=1  
2025-09-08 02:24:49 INFO  (GhidraScript) onnxruntime_analyzer.py>   - [STACK_SEARCH.0] SUCCESS (Direct): Varnode is a direct stack address with offset -0x270.  
2025-09-08 02:24:49 INFO  (GhidraScript) onnxruntime_analyzer.py> DEBUG: [LOAD_HANDLER] STACK_RULE SUCCESS (base): Tainting output due to load from tainted stack base -0x270.  
2025-09-08 02:24:49 INFO  (GhidraScript) onnxruntime_analyzer.py> DEBUG: [main @ 00102994] Taint propagated from Tainted Stack Location [base -0x270 + field ?] to UNNAMED(s1) via LOAD.  
2025-09-08 02:24:49 INFO  (GhidraScript) onnxruntime_analyzer.py> DEBUG: [main @ 0010299c] Taint propagated from UNNAMED(s1) to UNNAMED(StackDirect[Stack[-0x190]]) via FLOAT_MULT.  
2025-09-08 02:24:49 INFO  (GhidraScript) onnxruntime_analyzer.py> DEBUG: [main @ 001029bc] Taint propagated from local_270(StackDirect[Stack[-0x270]]) to UNNAMED(UniquePcode[0x12480]) via PTRADD.  
2025-09-08 02:24:49 INFO  (GhidraScript) onnxruntime_analyzer.py> DEBUG: [LOAD_HANDLER] Checking LOAD op at 001029c0. Address varnode: (unique, 0x12480, 8)  
2025-09-08 02:24:49 INFO  (GhidraScript) onnxruntime_analyzer.py>   - [STACK_SEARCH.0] Analyzing varnode: (unique, 0x12480, 8)  
2025-09-08 02:24:49 INFO  (GhidraScript) onnxruntime_analyzer.py>   - [STACK_SEARCH.0] Details: isAddress=0, addr=unique:00012480, isStackAddress=0  
2025-09-08 02:24:49 INFO  (GhidraScript) onnxruntime_analyzer.py>   - [STACK_SEARCH.0] Def P-Code Op: (unique, 0x12480, 8) PTRADD (stack, 0xfffffffffffffd90, 8) , (unique, 0x11f80, 8) , (const, 0x4, 8)  
2025-09-08 02:24:49 INFO  (GhidraScript) onnxruntime_analyzer.py>   - [STACK_SEARCH.0] Mnemonic 'PTRADD' is not a handled case. Aborting path.  
2025-09-08 02:24:49 INFO  (GhidraScript) onnxruntime_analyzer.py>   - [STACK_SEARCH.0] Analyzing varnode: (stack, 0xfffffffffffffd90, 8)  
2025-09-08 02:24:49 INFO  (GhidraScript) onnxruntime_analyzer.py>   - [STACK_SEARCH.0] Details: isAddress=0, addr=Stack[-0x270], isStackAddress=1  
2025-09-08 02:24:49 INFO  (GhidraScript) onnxruntime_analyzer.py>   - [STACK_SEARCH.0] SUCCESS (Direct): Varnode is a direct stack address with offset -0x270.  
2025-09-08 02:24:49 INFO  (GhidraScript) onnxruntime_analyzer.py> DEBUG: [LOAD_HANDLER] STACK_RULE SUCCESS (base): Tainting output due to load from tainted stack base -0x270.  
2025-09-08 02:24:49 INFO  (GhidraScript) onnxruntime_analyzer.py> DEBUG: [main @ 001029c0] Taint propagated from Tainted Stack Location [base -0x270 + field ?] to UNNAMED(s1) via LOAD.  
2025-09-08 02:24:49 INFO  (GhidraScript) onnxruntime_analyzer.py> DEBUG: [main @ 001029c8] Taint propagated from UNNAMED(s1) to UNNAMED(StackDirect[Stack[-0x18c]]) via FLOAT_MULT.  
2025-09-08 02:24:49 INFO  (GhidraScript) onnxruntime_analyzer.py> DEBUG: [main @ 001029e8] Taint propagated from local_270(StackDirect[Stack[-0x270]]) to UNNAMED(UniquePcode[0x12480]) via PTRADD.  
2025-09-08 02:24:49 INFO  (GhidraScript) onnxruntime_analyzer.py> DEBUG: [LOAD_HANDLER] Checking LOAD op at 001029ec. Address varnode: (unique, 0x12480, 8)  
2025-09-08 02:24:49 INFO  (GhidraScript) onnxruntime_analyzer.py>   - [STACK_SEARCH.0] Analyzing varnode: (unique, 0x12480, 8)  
2025-09-08 02:24:49 INFO  (GhidraScript) onnxruntime_analyzer.py>   - [STACK_SEARCH.0] Details: isAddress=0, addr=unique:00012480, isStackAddress=0  
2025-09-08 02:24:49 INFO  (GhidraScript) onnxruntime_analyzer.py>   - [STACK_SEARCH.0] Def P-Code Op: (unique, 0x12480, 8) PTRADD (stack, 0xfffffffffffffd90, 8) , (unique, 0x11f80, 8) , (const, 0x4, 8)  
2025-09-08 02:24:49 INFO  (GhidraScript) onnxruntime_analyzer.py>   - [STACK_SEARCH.0] Mnemonic 'PTRADD' is not a handled case. Aborting path.  
2025-09-08 02:24:49 INFO  (GhidraScript) onnxruntime_analyzer.py>   - [STACK_SEARCH.0] Analyzing varnode: (stack, 0xfffffffffffffd90, 8)  
2025-09-08 02:24:49 INFO  (GhidraScript) onnxruntime_analyzer.py>   - [STACK_SEARCH.0] Details: isAddress=0, addr=Stack[-0x270], isStackAddress=1  
2025-09-08 02:24:49 INFO  (GhidraScript) onnxruntime_analyzer.py>   - [STACK_SEARCH.0] SUCCESS (Direct): Varnode is a direct stack address with offset -0x270.  
2025-09-08 02:24:49 INFO  (GhidraScript) onnxruntime_analyzer.py> DEBUG: [LOAD_HANDLER] STACK_RULE SUCCESS (base): Tainting output due to load from tainted stack base -0x270.  
2025-09-08 02:24:49 INFO  (GhidraScript) onnxruntime_analyzer.py> DEBUG: [main @ 001029ec] Taint propagated from Tainted Stack Location [base -0x270 + field ?] to UNNAMED(s1) via LOAD.  
2025-09-08 02:24:49 INFO  (GhidraScript) onnxruntime_analyzer.py> DEBUG: [main @ 001029f4] Taint propagated from UNNAMED(s1) to local_188(StackDirect[Stack[-0x188]]) via FLOAT_MULT.  
2025-09-08 02:24:49 INFO  (GhidraScript) onnxruntime_analyzer.py> DEBUG: [main @ 00102a14] Taint propagated from local_270(StackDirect[Stack[-0x270]]) to UNNAMED(UniquePcode[0x12480]) via PTRADD.  
2025-09-08 02:24:49 INFO  (GhidraScript) onnxruntime_analyzer.py> DEBUG: [LOAD_HANDLER] Checking LOAD op at 00102a18. Address varnode: (unique, 0x12480, 8)  
2025-09-08 02:24:49 INFO  (GhidraScript) onnxruntime_analyzer.py>   - [STACK_SEARCH.0] Analyzing varnode: (unique, 0x12480, 8)  
2025-09-08 02:24:49 INFO  (GhidraScript) onnxruntime_analyzer.py>   - [STACK_SEARCH.0] Details: isAddress=0, addr=unique:00012480, isStackAddress=0  
2025-09-08 02:24:49 INFO  (GhidraScript) onnxruntime_analyzer.py>   - [STACK_SEARCH.0] Def P-Code Op: (unique, 0x12480, 8) PTRADD (stack, 0xfffffffffffffd90, 8) , (unique, 0x11f80, 8) , (const, 0x4, 8)  
2025-09-08 02:24:49 INFO  (GhidraScript) onnxruntime_analyzer.py>   - [STACK_SEARCH.0] Mnemonic 'PTRADD' is not a handled case. Aborting path.  
2025-09-08 02:24:49 INFO  (GhidraScript) onnxruntime_analyzer.py>   - [STACK_SEARCH.0] Analyzing varnode: (stack, 0xfffffffffffffd90, 8)  
2025-09-08 02:24:49 INFO  (GhidraScript) onnxruntime_analyzer.py>   - [STACK_SEARCH.0] Details: isAddress=0, addr=Stack[-0x270], isStackAddress=1  
2025-09-08 02:24:49 INFO  (GhidraScript) onnxruntime_analyzer.py>   - [STACK_SEARCH.0] SUCCESS (Direct): Varnode is a direct stack address with offset -0x270.  
2025-09-08 02:24:49 INFO  (GhidraScript) onnxruntime_analyzer.py> DEBUG: [LOAD_HANDLER] STACK_RULE SUCCESS (base): Tainting output due to load from tainted stack base -0x270.  
2025-09-08 02:24:49 INFO  (GhidraScript) onnxruntime_analyzer.py> DEBUG: [main @ 00102a18] Taint propagated from Tainted Stack Location [base -0x270 + field ?] to UNNAMED(s1) via LOAD.  
2025-09-08 02:24:49 INFO  (GhidraScript) onnxruntime_analyzer.py> DEBUG: [main @ 00102a20] Taint propagated from UNNAMED(s1) to local_184(StackDirect[Stack[-0x184]]) via FLOAT_MULT.  
2025-09-08 02:24:49 INFO  (GhidraScript) onnxruntime_analyzer.py> DEBUG: [CBRANCH] Found defining op for condition: (unique, 0x1200, 1) INT_SLESS (stack, 0xfffffffffffffd24, 4) , (register, 0x4000, 4)  
2025-09-08 02:24:49 INFO  (GhidraScript) onnxruntime_analyzer.py> INFO: [main @ 00102a64] Taint reached CBRANCH. Operands: ['local_2dc(StackDirect[Stack[-0x2dc]])', 'UNNAMED(w0)'].   
2025-09-08 02:24:49 INFO  (GhidraScript) onnxruntime_analyzer.py> DEBUG: [CBRANCH] Found defining op for condition: (register, 0x108, 1) INT_EQUAL (register, 0x4000, 8) , (const, 0x0, 8)  
2025-09-08 02:24:49 INFO  (GhidraScript) onnxruntime_analyzer.py> INFO: [main @ 00102a94] Taint reached CBRANCH. Operands: ['lVar13(x0)', 'UnnamedHighVar(Constant: 0x0)'].   
2025-09-08 02:24:49 INFO  (GhidraScript) onnxruntime_analyzer.py> DEBUG: [LOAD_HANDLER] Checking LOAD op at 00102aa4. Address varnode: (unique, 0x6400, 8)  
2025-09-08 02:24:49 INFO  (GhidraScript) onnxruntime_analyzer.py>   - [STACK_SEARCH.0] Analyzing varnode: (unique, 0x6400, 8)  
2025-09-08 02:24:49 INFO  (GhidraScript) onnxruntime_analyzer.py>   - [STACK_SEARCH.0] Details: isAddress=0, addr=unique:00006400, isStackAddress=0  
2025-09-08 02:24:49 INFO  (GhidraScript) onnxruntime_analyzer.py>   - [STACK_SEARCH.0] Def P-Code Op: (unique, 0x6400, 8) CAST (unique, 0x10000e09, 8)  
2025-09-08 02:24:49 INFO  (GhidraScript) onnxruntime_analyzer.py>   - [STACK_SEARCH.0] Recursing through CAST...  
2025-09-08 02:24:49 INFO  (GhidraScript) onnxruntime_analyzer.py>   - [STACK_SEARCH.1] Analyzing varnode: (unique, 0x10000e09, 8)  
2025-09-08 02:24:49 INFO  (GhidraScript) onnxruntime_analyzer.py>   - [STACK_SEARCH.1] Details: isAddress=0, addr=unique:10000e09, isStackAddress=0  
2025-09-08 02:24:49 INFO  (GhidraScript) onnxruntime_analyzer.py>   - [STACK_SEARCH.1] Def P-Code Op: (unique, 0x10000e09, 8) INT_ADD (register, 0x4000, 8) , (const, 0x10, 8)  
2025-09-08 02:24:49 INFO  (GhidraScript) onnxruntime_analyzer.py>   - [STACK_SEARCH.1] Mnemonic 'INT_ADD' is not a handled case. Aborting path.  
2025-09-08 02:24:49 INFO  (GhidraScript) onnxruntime_analyzer.py> DEBUG: [LOAD_HANDLER] POINTER_RULE FAIL: Address varnode UNNAMED(UniquePcode[0x6400]) is not tainted (recursive check).  
2025-09-08 02:24:49 INFO  (GhidraScript) onnxruntime_analyzer.py> DEBUG: [LOAD_HANDLER] REGION_RULE FAIL: Address pointer UNNAMED(UniquePcode[0x6400]) is not in the tainted memory regions set.  
2025-09-08 02:24:49 INFO  (GhidraScript) onnxruntime_analyzer.py> DEBUG: [CBRANCH] Found defining op for condition: (unique, 0x1400, 1) FLOAT_LESSEQUAL (register, 0x5000, 4) , (const, 0x3f666666, 4)  
2025-09-08 02:24:49 INFO  (GhidraScript) onnxruntime_analyzer.py> INFO: [main @ 00102ab8] Taint reached CBRANCH. Operands: ['UNNAMED(s0)', 'UnnamedHighVar(Constant: 0x3f666666)'].   
2025-09-08 02:24:49 INFO  (GhidraScript) onnxruntime_analyzer.py> INFO: [main @ 00102ad4] Taint reached CBRANCH. Operands: [].   
2025-09-08 02:24:49 INFO  (GhidraScript) onnxruntime_analyzer.py> DEBUG: [CBRANCH] Found defining op for condition: (register, 0x108, 1) INT_NOTEQUAL (unique, 0x3e480, 8) , (const, 0x0, 8)  
2025-09-08 02:24:49 INFO  (GhidraScript) onnxruntime_analyzer.py> INFO: [main @ 00102b9c] Taint reached CBRANCH. Operands: ['UNNAMED(UniquePcode[0x3e480])', 'UnnamedHighVar(Constant: 0x0)'].   
2025-09-08 02:24:49 INFO  (GhidraScript) onnxruntime_analyzer.py> DEBUG: [main @ 00102dd8] Analyzing potential tainted RETURN with value: UNNAMED(x0) (Tainted: 0)  
2025-09-08 02:24:49 INFO  (GhidraScript) onnxruntime_analyzer.py>     [DEBUG] --- Taint Check Details (RETURN FAILED) ---  
2025-09-08 02:24:49 INFO  (GhidraScript) onnxruntime_analyzer.py>     [DEBUG]   > Return Varnode: (register, 0x4000, 8) (Size: 8, Def: (register, 0x4000, 8) COPY (register, 0x4098, 8) at 00102db8)  
2025-09-08 02:24:49 INFO  (GhidraScript) onnxruntime_analyzer.py>     [DEBUG]   > Currently Tainted HighVariables in this function:  
2025-09-08 02:24:49 INFO  (GhidraScript) onnxruntime_analyzer.py>     [DEBUG]     1. UNNAMED(StackDirect[Stack[-0x18c]])  
2025-09-08 02:24:49 INFO  (GhidraScript) onnxruntime_analyzer.py>     [DEBUG]     2. UNNAMED(StackDirect[Stack[-0x190]])  
2025-09-08 02:24:49 INFO  (GhidraScript) onnxruntime_analyzer.py>     [DEBUG]     3. UNNAMED(UniquePcode[0x12480])  
2025-09-08 02:24:49 INFO  (GhidraScript) onnxruntime_analyzer.py>     [DEBUG]     4. UNNAMED(UniquePcode[0x12480])  
2025-09-08 02:24:49 INFO  (GhidraScript) onnxruntime_analyzer.py>     [DEBUG]     5. UNNAMED(UniquePcode[0x12480])  
2025-09-08 02:24:49 INFO  (GhidraScript) onnxruntime_analyzer.py>     [DEBUG]     6. UNNAMED(UniquePcode[0x12480])  
2025-09-08 02:24:49 INFO  (GhidraScript) onnxruntime_analyzer.py>     [DEBUG]     7. UNNAMED(s1)  
2025-09-08 02:24:49 INFO  (GhidraScript) onnxruntime_analyzer.py>     [DEBUG]     8. UNNAMED(s1)  
2025-09-08 02:24:49 INFO  (GhidraScript) onnxruntime_analyzer.py>     [DEBUG]     9. UNNAMED(s1)  
2025-09-08 02:24:49 INFO  (GhidraScript) onnxruntime_analyzer.py>     [DEBUG]     10. UNNAMED(s1)  
2025-09-08 02:24:49 INFO  (GhidraScript) onnxruntime_analyzer.py>     [DEBUG]     11. local_184(StackDirect[Stack[-0x184]])  
2025-09-08 02:24:49 INFO  (GhidraScript) onnxruntime_analyzer.py>     [DEBUG]     12. local_188(StackDirect[Stack[-0x188]])  
2025-09-08 02:24:49 INFO  (GhidraScript) onnxruntime_analyzer.py>     [DEBUG]     13. local_270(StackDirect[Stack[-0x270]])  
2025-09-08 02:24:49 INFO  (GhidraScript) onnxruntime_analyzer.py>     [DEBUG] ---------------------------------  
2025-09-08 02:24:49 INFO  (GhidraScript) onnxruntime_analyzer.py> <<< Finished analyzing function: main.  
2025-09-08 02:24:49 INFO  (GhidraScript) onnxruntime_analyzer.py> 
--- Stage 1 Complete. Checking for pending multi-stage analysis tasks... ---  
2025-09-08 02:24:49 INFO  (GhidraScript) onnxruntime_analyzer.py> --- No multi-stage analysis tasks were queued. ---  
2025-09-08 02:24:49 INFO  (GhidraScript) onnxruntime_analyzer.py> 
--- Taint Analysis Run Complete ---  
2025-09-08 02:24:49 INFO  (GhidraScript) onnxruntime_analyzer.py> \n--- All Detected Tainted Value Usages (Interprocedural) ---  
2025-09-08 02:24:49 INFO  (GhidraScript) onnxruntime_analyzer.py> Usage #1:  
2025-09-08 02:24:49 INFO  (GhidraScript) onnxruntime_analyzer.py>   Originating Lib Call: ['GetTensorData']  
2025-09-08 02:24:49 INFO  (GhidraScript) onnxruntime_analyzer.py>   Found In Function:   main at 001021b4  
2025-09-08 02:24:49 INFO  (GhidraScript) onnxruntime_analyzer.py>   Instruction Address: 00102974  
2025-09-08 02:24:49 INFO  (GhidraScript) onnxruntime_analyzer.py>     PCode Op:            (unique, 0x1000072e, 1) FLOAT_LESSEQUAL (const, 0x3f000000, 4) , (register, 0x5000, 4)  
2025-09-08 02:24:49 INFO  (GhidraScript) onnxruntime_analyzer.py>     Usage Type:          TAINTED_COMPARISON  
2025-09-08 02:24:49 INFO  (GhidraScript) onnxruntime_analyzer.py>     Tainted Component:   UNNAMED(s0)  
2025-09-08 02:24:49 INFO  (GhidraScript) onnxruntime_analyzer.py>     Details:             Tainted value used in a comparison operation (FLOAT_LESSEQUAL).  
2025-09-08 02:24:49 INFO  (GhidraScript) onnxruntime_analyzer.py> ----------------------------------------  
2025-09-08 02:24:49 INFO  (GhidraScript) onnxruntime_analyzer.py> Usage #2:  
2025-09-08 02:24:49 INFO  (GhidraScript) onnxruntime_analyzer.py>   Originating Lib Call: ['GetTensorData']  
2025-09-08 02:24:49 INFO  (GhidraScript) onnxruntime_analyzer.py>   Found In Function:   main at 001021b4  
2025-09-08 02:24:49 INFO  (GhidraScript) onnxruntime_analyzer.py>   Instruction Address: 00102978  
2025-09-08 02:24:49 INFO  (GhidraScript) onnxruntime_analyzer.py>     PCode Op:             ---  CBRANCH (ram, 0x102a48, 1) , (unique, 0x1000072e, 1)  
2025-09-08 02:24:49 INFO  (GhidraScript) onnxruntime_analyzer.py>     Usage Type:          BRANCH_CONDITION_TAINTED  
2025-09-08 02:24:49 INFO  (GhidraScript) onnxruntime_analyzer.py>     Tainted Component:   UNNAMED(UniquePcode[0x1000072e])  
2025-09-08 02:24:49 INFO  (GhidraScript) onnxruntime_analyzer.py>     Details:             Tainted condition for branch.  
2025-09-08 02:24:49 INFO  (GhidraScript) onnxruntime_analyzer.py> ----------------------------------------  
2025-09-08 02:24:49 INFO  (GhidraScript) onnxruntime_analyzer.py> Usage #3:  
2025-09-08 02:24:49 INFO  (GhidraScript) onnxruntime_analyzer.py>   Originating Lib Call: ['GetTensorData']  
2025-09-08 02:24:49 INFO  (GhidraScript) onnxruntime_analyzer.py>   Found In Function:   main at 001021b4  
2025-09-08 02:24:49 INFO  (GhidraScript) onnxruntime_analyzer.py>   Instruction Address: 00102a64  
2025-09-08 02:24:49 INFO  (GhidraScript) onnxruntime_analyzer.py>     PCode Op:             ---  CBRANCH (ram, 0x102948, 1) , (unique, 0x1200, 1)  
2025-09-08 02:24:49 INFO  (GhidraScript) onnxruntime_analyzer.py>     Usage Type:          BRANCH_CONDITION_TAINTED  
2025-09-08 02:24:49 INFO  (GhidraScript) onnxruntime_analyzer.py>     Tainted Component:   UNNAMED(UniquePcode[0x1200])  
2025-09-08 02:24:49 INFO  (GhidraScript) onnxruntime_analyzer.py>     Details:             Tainted condition for branch.  
2025-09-08 02:24:49 INFO  (GhidraScript) onnxruntime_analyzer.py> ----------------------------------------  
2025-09-08 02:24:49 INFO  (GhidraScript) onnxruntime_analyzer.py> Usage #4:  
2025-09-08 02:24:49 INFO  (GhidraScript) onnxruntime_analyzer.py>   Originating Lib Call: ['GetTensorData']  
2025-09-08 02:24:49 INFO  (GhidraScript) onnxruntime_analyzer.py>   Found In Function:   main at 001021b4  
2025-09-08 02:24:49 INFO  (GhidraScript) onnxruntime_analyzer.py>   Instruction Address: 00102a94  
2025-09-08 02:24:49 INFO  (GhidraScript) onnxruntime_analyzer.py>     PCode Op:             ---  CBRANCH (ram, 0x102ac8, 1) , (register, 0x108, 1)  
2025-09-08 02:24:49 INFO  (GhidraScript) onnxruntime_analyzer.py>     Usage Type:          BRANCH_CONDITION_TAINTED  
2025-09-08 02:24:49 INFO  (GhidraScript) onnxruntime_analyzer.py>     Tainted Component:   UNNAMED(tmpZR)  
2025-09-08 02:24:49 INFO  (GhidraScript) onnxruntime_analyzer.py>     Details:             Tainted condition for branch.  
2025-09-08 02:24:49 INFO  (GhidraScript) onnxruntime_analyzer.py> ----------------------------------------  
2025-09-08 02:24:49 INFO  (GhidraScript) onnxruntime_analyzer.py> Usage #5:  
2025-09-08 02:24:49 INFO  (GhidraScript) onnxruntime_analyzer.py>   Originating Lib Call: ['GetTensorData']  
2025-09-08 02:24:49 INFO  (GhidraScript) onnxruntime_analyzer.py>   Found In Function:   main at 001021b4  
2025-09-08 02:24:49 INFO  (GhidraScript) onnxruntime_analyzer.py>   Instruction Address: 00102ab8  
2025-09-08 02:24:49 INFO  (GhidraScript) onnxruntime_analyzer.py>     PCode Op:             ---  CBRANCH (ram, 0x102ac0, 1) , (unique, 0x1400, 1)  
2025-09-08 02:24:49 INFO  (GhidraScript) onnxruntime_analyzer.py>     Usage Type:          BRANCH_CONDITION_TAINTED  
2025-09-08 02:24:49 INFO  (GhidraScript) onnxruntime_analyzer.py>     Tainted Component:   UNNAMED(UniquePcode[0x1400])  
2025-09-08 02:24:49 INFO  (GhidraScript) onnxruntime_analyzer.py>     Details:             Tainted condition for branch.  
2025-09-08 02:24:49 INFO  (GhidraScript) onnxruntime_analyzer.py> ----------------------------------------  
2025-09-08 02:24:49 INFO  (GhidraScript) onnxruntime_analyzer.py> Usage #6:  
2025-09-08 02:24:49 INFO  (GhidraScript) onnxruntime_analyzer.py>   Originating Lib Call: ['GetTensorData']  
2025-09-08 02:24:49 INFO  (GhidraScript) onnxruntime_analyzer.py>   Found In Function:   main at 001021b4  
2025-09-08 02:24:49 INFO  (GhidraScript) onnxruntime_analyzer.py>   Instruction Address: 00102ad4  
2025-09-08 02:24:49 INFO  (GhidraScript) onnxruntime_analyzer.py>     PCode Op:             ---  CBRANCH (ram, 0x102ae8, 1) , (unique, 0x10000746, 1)  
2025-09-08 02:24:49 INFO  (GhidraScript) onnxruntime_analyzer.py>     Usage Type:          BRANCH_CONDITION_TAINTED  
2025-09-08 02:24:49 INFO  (GhidraScript) onnxruntime_analyzer.py>     Tainted Component:   bVar1(UniquePcode[0x10000746])  
2025-09-08 02:24:49 INFO  (GhidraScript) onnxruntime_analyzer.py>     Details:             Tainted condition for branch.  
2025-09-08 02:24:49 INFO  (GhidraScript) onnxruntime_analyzer.py> ----------------------------------------  
2025-09-08 02:24:49 INFO  (GhidraScript) onnxruntime_analyzer.py> Usage #7:  
2025-09-08 02:24:49 INFO  (GhidraScript) onnxruntime_analyzer.py>   Originating Lib Call: ['GetTensorData']  
2025-09-08 02:24:49 INFO  (GhidraScript) onnxruntime_analyzer.py>   Found In Function:   main at 001021b4  
2025-09-08 02:24:49 INFO  (GhidraScript) onnxruntime_analyzer.py>   Instruction Address: 00102b9c  
2025-09-08 02:24:49 INFO  (GhidraScript) onnxruntime_analyzer.py>     PCode Op:             ---  CBRANCH (ram, 0x102db8, 1) , (register, 0x108, 1)  
2025-09-08 02:24:49 INFO  (GhidraScript) onnxruntime_analyzer.py>     Usage Type:          BRANCH_CONDITION_TAINTED  
2025-09-08 02:24:49 INFO  (GhidraScript) onnxruntime_analyzer.py>     Tainted Component:   UNNAMED(tmpZR)  
2025-09-08 02:24:49 INFO  (GhidraScript) onnxruntime_analyzer.py>     Details:             Tainted condition for branch.  
2025-09-08 02:24:49 INFO  (GhidraScript) onnxruntime_analyzer.py> ----------------------------------------  
2025-09-08 02:24:49 INFO  (GhidraScript) onnxruntime_analyzer.py> Usage #8:  
2025-09-08 02:24:49 INFO  (GhidraScript) onnxruntime_analyzer.py>   Originating Lib Call: ['GetTensorData']  
2025-09-08 02:24:49 INFO  (GhidraScript) onnxruntime_analyzer.py>   Found In Function:   main at 001021b4  
2025-09-08 02:24:49 INFO  (GhidraScript) onnxruntime_analyzer.py>   Instruction Address: 00102978  
2025-09-08 02:24:49 INFO  (GhidraScript) onnxruntime_analyzer.py>     PCode Op:             ---  CBRANCH (ram, 0x102a48, 1) , (unique, 0x1000072e, 1)  
2025-09-08 02:24:49 INFO  (GhidraScript) onnxruntime_analyzer.py>     Usage Type:          BRANCH_CONDITION_TAINTED  
2025-09-08 02:24:49 INFO  (GhidraScript) onnxruntime_analyzer.py>     Tainted Component:   UNNAMED(UniquePcode[0x1000072e])  
2025-09-08 02:24:49 INFO  (GhidraScript) onnxruntime_analyzer.py>     Details:             Tainted condition for branch.  
2025-09-08 02:24:49 INFO  (GhidraScript) onnxruntime_analyzer.py> ----------------------------------------  
2025-09-08 02:24:49 INFO  (GhidraScript) onnxruntime_analyzer.py> Usage #9:  
2025-09-08 02:24:49 INFO  (GhidraScript) onnxruntime_analyzer.py>   Originating Lib Call: ['GetTensorData']  
2025-09-08 02:24:49 INFO  (GhidraScript) onnxruntime_analyzer.py>   Found In Function:   main at 001021b4  
2025-09-08 02:24:49 INFO  (GhidraScript) onnxruntime_analyzer.py>   Instruction Address: 00102a64  
2025-09-08 02:24:49 INFO  (GhidraScript) onnxruntime_analyzer.py>     PCode Op:             ---  CBRANCH (ram, 0x102948, 1) , (unique, 0x1200, 1)  
2025-09-08 02:24:49 INFO  (GhidraScript) onnxruntime_analyzer.py>     Usage Type:          BRANCH_CONDITION_TAINTED  
2025-09-08 02:24:49 INFO  (GhidraScript) onnxruntime_analyzer.py>     Tainted Component:   UNNAMED(UniquePcode[0x1200])  
2025-09-08 02:24:49 INFO  (GhidraScript) onnxruntime_analyzer.py>     Details:             Tainted condition for branch.  
2025-09-08 02:24:49 INFO  (GhidraScript) onnxruntime_analyzer.py> ----------------------------------------  
2025-09-08 02:24:49 INFO  (GhidraScript) onnxruntime_analyzer.py> Usage #10:  
2025-09-08 02:24:49 INFO  (GhidraScript) onnxruntime_analyzer.py>   Originating Lib Call: ['GetTensorData']  
2025-09-08 02:24:49 INFO  (GhidraScript) onnxruntime_analyzer.py>   Found In Function:   main at 001021b4  
2025-09-08 02:24:49 INFO  (GhidraScript) onnxruntime_analyzer.py>   Instruction Address: 00102a94  
2025-09-08 02:24:49 INFO  (GhidraScript) onnxruntime_analyzer.py>     PCode Op:             ---  CBRANCH (ram, 0x102ac8, 1) , (register, 0x108, 1)  
2025-09-08 02:24:49 INFO  (GhidraScript) onnxruntime_analyzer.py>     Usage Type:          BRANCH_CONDITION_TAINTED  
2025-09-08 02:24:49 INFO  (GhidraScript) onnxruntime_analyzer.py>     Tainted Component:   UNNAMED(tmpZR)  
2025-09-08 02:24:49 INFO  (GhidraScript) onnxruntime_analyzer.py>     Details:             Tainted condition for branch.  
2025-09-08 02:24:49 INFO  (GhidraScript) onnxruntime_analyzer.py> ----------------------------------------  
2025-09-08 02:24:49 INFO  (GhidraScript) onnxruntime_analyzer.py> Usage #11:  
2025-09-08 02:24:49 INFO  (GhidraScript) onnxruntime_analyzer.py>   Originating Lib Call: ['GetTensorData']  
2025-09-08 02:24:49 INFO  (GhidraScript) onnxruntime_analyzer.py>   Found In Function:   main at 001021b4  
2025-09-08 02:24:49 INFO  (GhidraScript) onnxruntime_analyzer.py>   Instruction Address: 00102ab8  
2025-09-08 02:24:49 INFO  (GhidraScript) onnxruntime_analyzer.py>     PCode Op:             ---  CBRANCH (ram, 0x102ac0, 1) , (unique, 0x1400, 1)  
2025-09-08 02:24:49 INFO  (GhidraScript) onnxruntime_analyzer.py>     Usage Type:          BRANCH_CONDITION_TAINTED  
2025-09-08 02:24:49 INFO  (GhidraScript) onnxruntime_analyzer.py>     Tainted Component:   UNNAMED(UniquePcode[0x1400])  
2025-09-08 02:24:49 INFO  (GhidraScript) onnxruntime_analyzer.py>     Details:             Tainted condition for branch.  
2025-09-08 02:24:49 INFO  (GhidraScript) onnxruntime_analyzer.py> ----------------------------------------  
2025-09-08 02:24:49 INFO  (GhidraScript) onnxruntime_analyzer.py> Usage #12:  
2025-09-08 02:24:49 INFO  (GhidraScript) onnxruntime_analyzer.py>   Originating Lib Call: ['GetTensorData']  
2025-09-08 02:24:49 INFO  (GhidraScript) onnxruntime_analyzer.py>   Found In Function:   main at 001021b4  
2025-09-08 02:24:49 INFO  (GhidraScript) onnxruntime_analyzer.py>   Instruction Address: 00102ad4  
2025-09-08 02:24:49 INFO  (GhidraScript) onnxruntime_analyzer.py>     PCode Op:             ---  CBRANCH (ram, 0x102ae8, 1) , (unique, 0x10000746, 1)  
2025-09-08 02:24:49 INFO  (GhidraScript) onnxruntime_analyzer.py>     Usage Type:          BRANCH_CONDITION_TAINTED  
2025-09-08 02:24:49 INFO  (GhidraScript) onnxruntime_analyzer.py>     Tainted Component:   bVar1(UniquePcode[0x10000746])  
2025-09-08 02:24:49 INFO  (GhidraScript) onnxruntime_analyzer.py>     Details:             Tainted condition for branch.  
2025-09-08 02:24:49 INFO  (GhidraScript) onnxruntime_analyzer.py> ----------------------------------------  
2025-09-08 02:24:49 INFO  (GhidraScript) onnxruntime_analyzer.py> Usage #13:  
2025-09-08 02:24:49 INFO  (GhidraScript) onnxruntime_analyzer.py>   Originating Lib Call: ['GetTensorData']  
2025-09-08 02:24:49 INFO  (GhidraScript) onnxruntime_analyzer.py>   Found In Function:   main at 001021b4  
2025-09-08 02:24:49 INFO  (GhidraScript) onnxruntime_analyzer.py>   Instruction Address: 00102b9c  
2025-09-08 02:24:49 INFO  (GhidraScript) onnxruntime_analyzer.py>     PCode Op:             ---  CBRANCH (ram, 0x102db8, 1) , (register, 0x108, 1)  
2025-09-08 02:24:49 INFO  (GhidraScript) onnxruntime_analyzer.py>     Usage Type:          BRANCH_CONDITION_TAINTED  
2025-09-08 02:24:49 INFO  (GhidraScript) onnxruntime_analyzer.py>     Tainted Component:   UNNAMED(tmpZR)  
2025-09-08 02:24:49 INFO  (GhidraScript) onnxruntime_analyzer.py>     Details:             Tainted condition for branch.  
2025-09-08 02:24:49 INFO  (GhidraScript) onnxruntime_analyzer.py> ----------------------------------------  
2025-09-08 02:24:49 INFO  (GhidraScript) onnxruntime_analyzer.py> INFO: TAINT_ANALYSIS_JSON_OUTPUT env var found. Saving results to: /Users/chenkexin/Desktop/kk/test_taint/results/ultraface_detector_onnxruntime_gcc_O0_taint_analysis_results.json  
2025-09-08 02:24:49 INFO  (GhidraScript) onnxruntime_analyzer.py> Taint analysis results saved to: /Users/chenkexin/Desktop/kk/test_taint/results/ultraface_detector_onnxruntime_gcc_O0_taint_analysis_results.json  
2025-09-08 02:24:49 INFO  (GhidraScript) onnxruntime_analyzer.py> SUCCESS: Hook configuration saved to: /Users/chenkexin/Desktop/kk/test_taint/results/ultraface_detector_onnxruntime_gcc_O0_hook_config.json  
2025-09-08 02:24:49 INFO  (GhidraScript) onnxruntime_analyzer.py> ONNXRuntime Taint Analyzer finished.  
2025-09-08 02:24:49 INFO  (HeadlessAnalyzer) ANALYZING changes made by post scripts: file:///Users/chenkexin/Desktop/kk/test_taint/assets/merged_bin/ultraface_detector_onnxruntime_gcc_O0  
2025-09-08 02:24:49 INFO  (HeadlessAnalyzer) REPORT: Post-analysis succeeded for file: file:///Users/chenkexin/Desktop/kk/test_taint/assets/merged_bin/ultraface_detector_onnxruntime_gcc_O0  
2025-09-08 02:24:49 INFO  (HeadlessAnalyzer) REPORT: Save succeeded for: /ultraface_detector_onnxruntime_gcc_O0 (all_binaries_analysis:/ultraface_detector_onnxruntime_gcc_O0)  
2025-09-08 02:24:49 INFO  (HeadlessAnalyzer) REPORT: Import succeeded  
2025-09-08 02:24:49 DEBUG (DefaultProjectData) Closing ProjectData: /Users/chenkexin/Desktop/kk/test_taint/ghidra_projects/all_binaries_analysis.rep  
2025-09-08 02:24:49 DEBUG (DefaultProjectData) Disposing ProjectData: /Users/chenkexin/Desktop/kk/test_taint/ghidra_projects/all_binaries_analysis.rep  
