2025-09-08 02:27:50 INFO  (LoggingInitialization) Using log config file: jar:file:/Applications/ghidra_11.0.3_PUBLIC/Ghidra/Framework/Generic/lib/Generic.jar!/generic.log4j.xml  
2025-09-08 02:27:50 INFO  (LoggingInitialization) Using log file: /Users/chenkexin/Desktop/kk/test_taint/logs/yolov5_detector_tflite_gcc_O0_headless_analysis.log  
2025-09-08 02:27:50 INFO  (Preferences) Loading user preferences: /Users/chenkexin/.ghidra/.ghidra_11.0.3_PUBLIC/preferences  
2025-09-08 02:27:50 INFO  (Preferences) Loading previous preferences: /Users/chenkexin/.ghidra/.ghidra_10.4_PUBLIC/preferences  
2025-09-08 02:27:50 INFO  (ClassSearcher) Searching for classes...  
2025-09-08 02:27:51 INFO  (ClassSearcher) Class search complete (1584 ms)  
2025-09-08 02:27:51 INFO  (SSLContextInitializer) Initializing SSL Context  
2025-09-08 02:27:51 INFO  (SecureRandomFactory) Initializing Random Number Generator...  
2025-09-08 02:27:51 INFO  (SecureRandomFactory) Random Number Generator initialization complete: NativePRNGNonBlocking  
2025-09-08 02:27:51 INFO  (ApplicationTrustManagerFactory) Trust manager disabled, cacerts have not been set  
2025-09-08 02:27:52 INFO  (HeadlessAnalyzer) HEADLESS Script Paths:
    /Applications/ghidra_11.0.3_PUBLIC/Ghidra/Processors/8051/ghidra_scripts
    /Applications/ghidra_11.0.3_PUBLIC/Ghidra/Features/FileFormats/ghidra_scripts
    /Applications/ghidra_11.0.3_PUBLIC/Ghidra/Features/Base/ghidra_scripts
    /Applications/ghidra_11.0.3_PUBLIC/Ghidra/Features/Python/ghidra_scripts
    /Applications/ghidra_11.0.3_PUBLIC/Ghidra/Features/GnuDemangler/ghidra_scripts
    /Applications/ghidra_11.0.3_PUBLIC/Ghidra/Features/SystemEmulation/ghidra_scripts
    /Applications/ghidra_11.0.3_PUBLIC/Ghidra/Features/MicrosoftCodeAnalyzer/ghidra_scripts
    /Applications/ghidra_11.0.3_PUBLIC/Ghidra/Features/BytePatterns/ghidra_scripts
    /Applications/ghidra_11.0.3_PUBLIC/Ghidra/Features/Decompiler/ghidra_scripts
    /Applications/ghidra_11.0.3_PUBLIC/Ghidra/Processors/Atmel/ghidra_scripts
    /Applications/ghidra_11.0.3_PUBLIC/Ghidra/Debug/Debugger-agent-frida/ghidra_scripts
    /Applications/ghidra_11.0.3_PUBLIC/Ghidra/Features/FunctionID/ghidra_scripts
    /Applications/ghidra_11.0.3_PUBLIC/Ghidra/Processors/JVM/ghidra_scripts
    /Applications/ghidra_11.0.3_PUBLIC/Ghidra/Processors/PIC/ghidra_scripts
    /Applications/ghidra_11.0.3_PUBLIC/Ghidra/Features/BSim/ghidra_scripts
    /Applications/ghidra_11.0.3_PUBLIC/Ghidra/Features/PDB/ghidra_scripts
    /Applications/ghidra_11.0.3_PUBLIC/Ghidra/Processors/DATA/ghidra_scripts
    /Users/chenkexin/ghidra_scripts
    /Users/chenkexin/Desktop/kk/test_taint
    /Applications/ghidra_11.0.3_PUBLIC/Ghidra/Debug/Debugger-agent-dbgmodel-traceloader/ghidra_scripts
    /Applications/ghidra_11.0.3_PUBLIC/Ghidra/Debug/Debugger-rmi-trace/ghidra_scripts
    /Applications/ghidra_11.0.3_PUBLIC/Ghidra/Features/VersionTracking/ghidra_scripts
    /Applications/ghidra_11.0.3_PUBLIC/Ghidra/Debug/Debugger/ghidra_scripts  
2025-09-08 02:27:52 INFO  (HeadlessAnalyzer) HEADLESS: execution starts  
2025-09-08 02:27:52 INFO  (HeadlessAnalyzer) Opening existing project: /Users/chenkexin/Desktop/kk/test_taint/ghidra_projects/all_binaries_analysis  
2025-09-08 02:27:52 INFO  (HeadlessProject) Opening project: /Users/chenkexin/Desktop/kk/test_taint/ghidra_projects/all_binaries_analysis  
2025-09-08 02:27:52 INFO  (HeadlessAnalyzer) REPORT: Processing input files:   
2025-09-08 02:27:52 INFO  (HeadlessAnalyzer)      project: /Users/chenkexin/Desktop/kk/test_taint/ghidra_projects/all_binaries_analysis  
2025-09-08 02:27:52 INFO  (HeadlessAnalyzer) IMPORTING: file:///Users/chenkexin/Desktop/kk/test_taint/assets/merged_bin/yolov5_detector_tflite_gcc_O0  
2025-09-08 02:27:54 INFO  (AutoImporter) Using Loader: Executable and Linking Format (ELF)  
2025-09-08 02:27:54 INFO  (AutoImporter) Using Language/Compiler: AARCH64:LE:64:v8A:default  
2025-09-08 02:27:55 DEBUG (ElfHeader) Elf symbol table section .dynsym linked to string table section .dynstr  
2025-09-08 02:27:55 DEBUG (ElfHeader) Elf symbol table section .symtab linked to string table section .strtab  
2025-09-08 02:27:55 DEBUG (ElfHeader) Elf relocation table section .rela.dyn linked to symbol table section .dynsym affecting PT_LOAD  
2025-09-08 02:27:55 DEBUG (ElfHeader) Elf relocation table section .rela.plt linked to symbol table section .dynsym affecting .got  
2025-09-08 02:27:55 DEBUG (ElfProgramBuilder) Discarding 1-byte alignment/filler segment_2.3 at 00100253  
2025-09-08 02:27:55 DEBUG (ElfProgramBuilder) Discarding 1-byte alignment/filler segment_2.9 at 00101be5  
2025-09-08 02:27:55 DEBUG (ElfProgramBuilder) Discarding 48-byte alignment/filler segment_2.16 at 001029d0  
2025-09-08 02:27:55 DEBUG (ElfProgramBuilder) Discarding 2-byte alignment/filler segment_2.20 at 0010b36e  
2025-09-08 02:27:55 DEBUG (ElfProgramBuilder) Discarding 4-byte alignment/filler segment_2.22 at 0010c134  
2025-09-08 02:27:56 WARN  (ElfRelocationHandler) EXTERNAL Data Elf Relocation with offset: at 0011fb38 (External Location = _ZTVN10__cxxabiv120__si_class_type_infoE+0x10)  
2025-09-08 02:27:56 WARN  (ElfRelocationHandler) EXTERNAL Data Elf Relocation with offset: at 0011fb50 (External Location = _ZTVN10__cxxabiv117__class_type_infoE+0x10)  
2025-09-08 02:27:57 INFO  (HeadlessAnalyzer) IMPORTING: Loaded 0 additional files  
2025-09-08 02:27:57 INFO  (HeadlessAnalyzer) ANALYZING all memory and code: file:///Users/chenkexin/Desktop/kk/test_taint/assets/merged_bin/yolov5_detector_tflite_gcc_O0  
2025-09-08 02:27:58 ERROR (DWARFAnalyzer) Error during DWARFAnalyzer import:  ghidra.app.util.bin.format.dwarf4.DWARFException: Only DWARF version 2, 3, or 4 information is currently supported (detected 5).
	at ghidra.app.util.bin.format.dwarf4.DWARFCompilationUnit.readCompilationUnit(DWARFCompilationUnit.java:155)
	at ghidra.app.util.bin.format.dwarf4.next.DWARFProgram.bootstrapCompilationUnits(DWARFProgram.java:629)
	at ghidra.app.util.bin.format.dwarf4.next.DWARFProgram.<init>(DWARFProgram.java:262)
	at ghidra.app.plugin.core.analysis.DWARFAnalyzer.added(DWARFAnalyzer.java:109)
	at ghidra.app.plugin.core.analysis.AnalysisScheduler.runAnalyzer(AnalysisScheduler.java:186)
	at ghidra.app.plugin.core.analysis.AnalysisTask.applyTo(AnalysisTask.java:39)
	at ghidra.app.plugin.core.analysis.AutoAnalysisManager$AnalysisTaskWrapper.run(AutoAnalysisManager.java:686)
	at ghidra.app.plugin.core.analysis.AutoAnalysisManager.startAnalysis(AutoAnalysisManager.java:786)
	at ghidra.app.plugin.core.analysis.AutoAnalysisManager.startAnalysis(AutoAnalysisManager.java:665)
	at ghidra.app.plugin.core.analysis.AutoAnalysisManager.startAnalysis(AutoAnalysisManager.java:630)
	at ghidra.app.util.headless.HeadlessAnalyzer.analyzeProgram(HeadlessAnalyzer.java:1029)
	at ghidra.app.util.headless.HeadlessAnalyzer.processFileWithImport(HeadlessAnalyzer.java:1552)
	at ghidra.app.util.headless.HeadlessAnalyzer.processWithLoader(HeadlessAnalyzer.java:1734)
	at ghidra.app.util.headless.HeadlessAnalyzer.processWithImport(HeadlessAnalyzer.java:1675)
	at ghidra.app.util.headless.HeadlessAnalyzer.processWithImport(HeadlessAnalyzer.java:1759)
	at ghidra.app.util.headless.HeadlessAnalyzer.processLocal(HeadlessAnalyzer.java:460)
	at ghidra.app.util.headless.AnalyzeHeadless.launch(AnalyzeHeadless.java:127)
	at ghidra.GhidraLauncher.launch(GhidraLauncher.java:78)
	at ghidra.Ghidra.main(Ghidra.java:54)
 
2025-09-08 02:28:02 INFO  (PackedDatabaseCache) Packed database cache: /var/folders/kn/fw_2jn054bq5f73czrm_91nc0000gn/T/chenkexin-Ghidra/packed-db-cache  
2025-09-08 02:28:02 DEBUG (PackedDatabaseCache) Using cached packed database: /Applications/ghidra_11.0.3_PUBLIC/Ghidra/Features/Base/data/typeinfo/generic/generic_clib_64.gdt  
2025-09-08 02:28:03 INFO  (ApplyDataArchiveAnalyzer) Applied data type archive: generic_clib_64  
2025-09-08 02:28:04 WARN  (DemangledAddressTable) Unable to fully apply external demangled Address Table at 00121060: __cxxabiv1::__class_type_info::vtable  
2025-09-08 02:28:04 WARN  (DemangledAddressTable) Unable to fully apply external demangled Address Table at 00121138: tflite::MutableOpResolver::vtable  
2025-09-08 02:28:04 WARN  (DemangledAddressTable) Unable to fully apply external demangled Address Table at 00121188: tflite::MutableOpResolver::typeinfo  
2025-09-08 02:28:04 WARN  (DemangledAddressTable) Unable to fully apply external demangled Address Table at 001211b0: __cxxabiv1::__si_class_type_info::vtable  
2025-09-08 02:28:07 INFO  (AutoAnalysisManager) -----------------------------------------------------
    AARCH64 ELF PLT Thunks                     0.186 secs
    ASCII Strings                              0.256 secs
    Apply Data Archives                        1.076 secs
    Basic Constant Reference Analyzer          1.413 secs
    Call Convention ID                         1.219 secs
    Call-Fixup Installer                       0.035 secs
    Create Address Tables                      0.075 secs
    Create Address Tables - One Time           0.032 secs
    Create Function                            0.000 secs
    DWARF                                      0.080 secs
    Data Reference                             0.038 secs
    Decompiler Switch Analysis                 0.177 secs
    Demangler GNU                              1.034 secs
    Disassemble Entry Points                   0.265 secs
    Embedded Media                             0.020 secs
    External Entry References                  0.006 secs
    Function Start Search                      0.114 secs
    Function Start Search After Code           0.098 secs
    Function Start Search After Data           0.052 secs
    Function Start Search delayed - One Time   0.007 secs
    GCC Exception Handlers                     1.796 secs
    Non-Returning Functions - Discovered       0.042 secs
    Non-Returning Functions - Known            0.023 secs
    Reference                                  0.145 secs
    Shared Return Calls                        0.070 secs
    Stack                                      1.020 secs
    Subroutine References                      0.047 secs
-----------------------------------------------------
     Total Time   9 secs
-----------------------------------------------------
  
2025-09-08 02:28:07 INFO  (HeadlessAnalyzer) REPORT: Analysis succeeded for file: file:///Users/chenkexin/Desktop/kk/test_taint/assets/merged_bin/yolov5_detector_tflite_gcc_O0  
2025-09-08 02:28:07 INFO  (HeadlessAnalyzer) SCRIPT: /Users/chenkexin/Desktop/kk/test_taint/tflite_analyzer.py  
2025-09-08 02:28:11 INFO  (GhidraScript) tflite_analyzer.py> INFO: Searching for functions, thunks, and call sites related to keywords: ['operator']  
2025-09-08 02:28:11 INFO  (GhidraScript) tflite_analyzer.py> INFO: Found function 'operator<<'. Searching for its thunks.  
2025-09-08 02:28:11 INFO  (GhidraScript) tflite_analyzer.py> INFO: Found thunk 'operator<<' at 00102880 for function.  
2025-09-08 02:28:11 INFO  (GhidraScript) tflite_analyzer.py> INFO: Found thunk 'operator<<' at 00121158 for function.  
2025-09-08 02:28:11 INFO  (GhidraScript) tflite_analyzer.py> INFO: Found function 'operator.new'. Searching for its thunks.  
2025-09-08 02:28:11 INFO  (GhidraScript) tflite_analyzer.py> INFO: Found thunk 'operator.new' at 001027f0 for function.  
2025-09-08 02:28:11 INFO  (GhidraScript) tflite_analyzer.py> INFO: Found thunk 'operator.new' at 00121100 for function.  
2025-09-08 02:28:11 INFO  (GhidraScript) tflite_analyzer.py> INFO: Found function 'operator<<'. Searching for its thunks.  
2025-09-08 02:28:11 INFO  (GhidraScript) tflite_analyzer.py> INFO: Found thunk 'operator<<' at 00102930 for function.  
2025-09-08 02:28:11 INFO  (GhidraScript) tflite_analyzer.py> INFO: Found thunk 'operator<<' at 001211c0 for function.  
2025-09-08 02:28:11 INFO  (GhidraScript) tflite_analyzer.py> INFO: Found function 'operator.delete'. Searching for its thunks.  
2025-09-08 02:28:11 INFO  (GhidraScript) tflite_analyzer.py> INFO: Found thunk 'operator.delete' at 00102690 for function.  
2025-09-08 02:28:11 INFO  (GhidraScript) tflite_analyzer.py> INFO: Found thunk 'operator.delete' at 00121028 for function.  
2025-09-08 02:28:11 INFO  (GhidraScript) tflite_analyzer.py> INFO: Found function 'operator='. Searching for its thunks.  
2025-09-08 02:28:11 INFO  (GhidraScript) tflite_analyzer.py> INFO: Found thunk 'operator=' at 001026d0 for function.  
2025-09-08 02:28:11 INFO  (GhidraScript) tflite_analyzer.py> INFO: Found thunk 'operator=' at 00121048 for function.  
2025-09-08 02:28:11 INFO  (GhidraScript) tflite_analyzer.py> INFO: Found function 'operator()'. Searching for its thunks.  
2025-09-08 02:28:11 INFO  (GhidraScript) tflite_analyzer.py> INFO: Found thunk 'operator()' at 00102860 for function.  
2025-09-08 02:28:11 INFO  (GhidraScript) tflite_analyzer.py> INFO: Found thunk 'operator()' at 00121148 for function.  
2025-09-08 02:28:11 INFO  (GhidraScript) tflite_analyzer.py> INFO: Found 31 unique call sites. Analyzing each...  
2025-09-08 02:28:11 INFO  (GhidraScript) tflite_analyzer.py> 
--- Starting Stage 1 Taint Analysis from '['operator']' call sites ---  
2025-09-08 02:28:11 INFO  (GhidraScript) tflite_analyzer.py> 
--- Analyzing Call Site #1058460 at 0010269c ---  
2025-09-08 02:28:11 INFO  (GhidraScript) tflite_analyzer.py> DEBUG: Parent (caller): operator.delete at 00102690  
2025-09-08 02:28:11 INFO  (GhidraScript) tflite_analyzer.py> INFO: Call at 0010269c has no output varnode. Nothing to taint. Skipping.  
2025-09-08 02:28:11 INFO  (GhidraScript) tflite_analyzer.py> 
--- Analyzing Call Site #1058524 at 001026dc ---  
2025-09-08 02:28:11 INFO  (GhidraScript) tflite_analyzer.py> DEBUG: Parent (caller): operator= at 001026d0  
2025-09-08 02:28:11 INFO  (GhidraScript) tflite_analyzer.py> INFO: Call at 001026dc has no output varnode. Nothing to taint. Skipping.  
2025-09-08 02:28:11 INFO  (GhidraScript) tflite_analyzer.py> 
--- Analyzing Call Site #1058812 at 001027fc ---  
2025-09-08 02:28:11 INFO  (GhidraScript) tflite_analyzer.py> DEBUG: Parent (caller): operator.new at 001027f0  
2025-09-08 02:28:11 INFO  (GhidraScript) tflite_analyzer.py> 
--- Initiating Taint Analysis for: operator.new (call at 001027fc) ---  
2025-09-08 02:28:11 INFO  (GhidraScript) tflite_analyzer.py> DEBUG: Taint source is the return value of the call: pvVar1(x0)  
2025-09-08 02:28:11 INFO  (GhidraScript) tflite_analyzer.py> \n>>> Analyzing function: operator.new (Depth: 0) at 001027f0 (Originating from: ['operator']) with initial taints: pvVar1(x0)  
2025-09-08 02:28:11 INFO  (GhidraScript) tflite_analyzer.py>   - [STACK_SEARCH.0] Analyzing varnode: (register, 0x4000, 8)  
2025-09-08 02:28:11 INFO  (GhidraScript) tflite_analyzer.py>   - [STACK_SEARCH.0] Details: isAddress=0, addr=register:00004000, isStackAddress=0  
2025-09-08 02:28:11 INFO  (GhidraScript) tflite_analyzer.py>   - [STACK_SEARCH.0] Def P-Code Op: (register, 0x4000, 8) CALL (ram, 0x121100, 8) , (register, 0x4000, 8)  
2025-09-08 02:28:11 INFO  (GhidraScript) tflite_analyzer.py>   - [STACK_SEARCH.0] Mnemonic 'CALL' is not a handled case. Aborting path.  
2025-09-08 02:28:11 INFO  (GhidraScript) tflite_analyzer.py> \nDEBUG: Reached specified start PcodeOp (register, 0x4000, 8) CALL (ram, 0x121100, 8) , (register, 0x4000, 8) at 001027fc in operator.new, subsequent ops will be processed.  
2025-09-08 02:28:11 WARN  (DecompileCallback) Decompiling 00121100, pcode error at 00121100: Unable to disassemble EXTERNAL block location: 00121100  
2025-09-08 02:28:11 INFO  (GhidraScript) tflite_analyzer.py> DEBUG: [operator.new @ 001027fc] Analyzing potential tainted RETURN with value: pvVar1(x0) (Tainted: 1)  
2025-09-08 02:28:11 INFO  (GhidraScript) tflite_analyzer.py> 
==================== TAINTED RETURN DETECTED ====================  
2025-09-08 02:28:11 INFO  (GhidraScript) tflite_analyzer.py>   - Taint Origin:    ['operator']  
2025-09-08 02:28:11 INFO  (GhidraScript) tflite_analyzer.py>   - Function:        void * operator.new(ulong param_1) (Depth: 0)  
2025-09-08 02:28:11 INFO  (GhidraScript) tflite_analyzer.py>   - Return Address:  001027fc  
2025-09-08 02:28:11 INFO  (GhidraScript) tflite_analyzer.py>   - Instruction:     br x17  
2025-09-08 02:28:11 INFO  (GhidraScript) tflite_analyzer.py>   - Tainted Value:   pvVar1(x0)  
2025-09-08 02:28:11 INFO  (GhidraScript) tflite_analyzer.py>   - Value defined by:  (register, 0x4000, 8) CALL (ram, 0x121100, 8) , (register, 0x4000, 8) at 001027fc  
2025-09-08 02:28:11 INFO  (GhidraScript) tflite_analyzer.py> ================================================================
  
2025-09-08 02:28:11 INFO  (GhidraScript) tflite_analyzer.py> INFO: [MULTI-STAGE] Tainted return from 'operator.new'. Finding call sites to continue analysis.  
2025-09-08 02:28:12 INFO  (GhidraScript) tflite_analyzer.py> <<< Finished analyzing function: operator.new.  
2025-09-08 02:28:12 INFO  (GhidraScript) tflite_analyzer.py> 
--- Analyzing Call Site #1058924 at 0010286c ---  
2025-09-08 02:28:12 INFO  (GhidraScript) tflite_analyzer.py> DEBUG: Parent (caller): operator() at 00102860  
2025-09-08 02:28:12 INFO  (GhidraScript) tflite_analyzer.py> INFO: Call at 0010286c has no output varnode. Nothing to taint. Skipping.  
2025-09-08 02:28:12 INFO  (GhidraScript) tflite_analyzer.py> 
--- Analyzing Call Site #1058956 at 0010288c ---  
2025-09-08 02:28:12 INFO  (GhidraScript) tflite_analyzer.py> DEBUG: Parent (caller): operator<< at 00102880  
2025-09-08 02:28:12 INFO  (GhidraScript) tflite_analyzer.py> 
--- Initiating Taint Analysis for: operator<< (call at 0010288c) ---  
2025-09-08 02:28:12 INFO  (GhidraScript) tflite_analyzer.py> DEBUG: Taint source is the return value of the call: pbVar1(x0)  
2025-09-08 02:28:12 INFO  (GhidraScript) tflite_analyzer.py> \n>>> Analyzing function: operator<< (Depth: 0) at 00102880 (Originating from: ['operator']) with initial taints: pbVar1(x0)  
2025-09-08 02:28:12 INFO  (GhidraScript) tflite_analyzer.py>   - [STACK_SEARCH.0] Analyzing varnode: (register, 0x4000, 8)  
2025-09-08 02:28:12 INFO  (GhidraScript) tflite_analyzer.py>   - [STACK_SEARCH.0] Details: isAddress=0, addr=register:00004000, isStackAddress=0  
2025-09-08 02:28:12 INFO  (GhidraScript) tflite_analyzer.py>   - [STACK_SEARCH.0] Def P-Code Op: (register, 0x4000, 8) CALL (ram, 0x121158, 8) , (register, 0x4000, 8) , (register, 0x4008, 8)  
2025-09-08 02:28:12 INFO  (GhidraScript) tflite_analyzer.py>   - [STACK_SEARCH.0] Mnemonic 'CALL' is not a handled case. Aborting path.  
2025-09-08 02:28:12 INFO  (GhidraScript) tflite_analyzer.py> \nDEBUG: Reached specified start PcodeOp (register, 0x4000, 8) CALL (ram, 0x121158, 8) , (register, 0x4000, 8) , (register, 0x4008, 8) at 0010288c in operator<<, subsequent ops will be processed.  
2025-09-08 02:28:12 WARN  (DecompileCallback) Decompiling 00121158, pcode error at 00121158: Unable to disassemble EXTERNAL block location: 00121158  
2025-09-08 02:28:12 INFO  (GhidraScript) tflite_analyzer.py> DEBUG: [operator<< @ 0010288c] Analyzing potential tainted RETURN with value: pbVar1(x0) (Tainted: 1)  
2025-09-08 02:28:12 INFO  (GhidraScript) tflite_analyzer.py> 
==================== TAINTED RETURN DETECTED ====================  
2025-09-08 02:28:12 INFO  (GhidraScript) tflite_analyzer.py>   - Taint Origin:    ['operator']  
2025-09-08 02:28:12 INFO  (GhidraScript) tflite_analyzer.py>   - Function:        basic_ostream * operator<<(basic_ostream * param_1, char * param_2) (Depth: 0)  
2025-09-08 02:28:12 INFO  (GhidraScript) tflite_analyzer.py>   - Return Address:  0010288c  
2025-09-08 02:28:12 INFO  (GhidraScript) tflite_analyzer.py>   - Instruction:     br x17  
2025-09-08 02:28:12 INFO  (GhidraScript) tflite_analyzer.py>   - Tainted Value:   pbVar1(x0)  
2025-09-08 02:28:12 INFO  (GhidraScript) tflite_analyzer.py>   - Value defined by:  (register, 0x4000, 8) CALL (ram, 0x121158, 8) , (register, 0x4000, 8) , (register, 0x4008, 8) at 0010288c  
2025-09-08 02:28:12 INFO  (GhidraScript) tflite_analyzer.py> ================================================================
  
2025-09-08 02:28:12 INFO  (GhidraScript) tflite_analyzer.py> INFO: [MULTI-STAGE] Tainted return from 'operator<<'. Finding call sites to continue analysis.  
2025-09-08 02:28:12 INFO  (GhidraScript) tflite_analyzer.py> INFO: [MULTI-STAGE] Queued new task to analyze caller 'main' starting from tainted return.  
2025-09-08 02:28:12 INFO  (GhidraScript) tflite_analyzer.py> INFO: [MULTI-STAGE] Queued new task to analyze caller 'main' starting from tainted return.  
2025-09-08 02:28:12 INFO  (GhidraScript) tflite_analyzer.py> INFO: [MULTI-STAGE] Queued new task to analyze caller 'main' starting from tainted return.  
2025-09-08 02:28:12 INFO  (GhidraScript) tflite_analyzer.py> <<< Finished analyzing function: operator<<.  
2025-09-08 02:28:12 INFO  (GhidraScript) tflite_analyzer.py> 
--- Analyzing Call Site #1059132 at 0010293c ---  
2025-09-08 02:28:12 INFO  (GhidraScript) tflite_analyzer.py> DEBUG: Parent (caller): operator<< at 00102930  
2025-09-08 02:28:12 INFO  (GhidraScript) tflite_analyzer.py> INFO: Call at 0010293c has no output varnode. Nothing to taint. Skipping.  
2025-09-08 02:28:12 INFO  (GhidraScript) tflite_analyzer.py> 
--- Analyzing Call Site #1060076 at 00102cec ---  
2025-09-08 02:28:12 INFO  (GhidraScript) tflite_analyzer.py> DEBUG: Parent (caller): letterbox at 00102b18  
2025-09-08 02:28:12 INFO  (GhidraScript) tflite_analyzer.py> INFO: Call at 00102cec has no output varnode. Nothing to taint. Skipping.  
2025-09-08 02:28:12 INFO  (GhidraScript) tflite_analyzer.py> 
--- Analyzing Call Site #1061272 at 00103198 ---  
2025-09-08 02:28:12 INFO  (GhidraScript) tflite_analyzer.py> DEBUG: Parent (caller): main at 00103150  
2025-09-08 02:28:12 INFO  (GhidraScript) tflite_analyzer.py> 
--- Initiating Taint Analysis for: main (call at 00103198) ---  
2025-09-08 02:28:12 INFO  (GhidraScript) tflite_analyzer.py> DEBUG: Taint source is the return value of the call: pbVar7(x0)  
2025-09-08 02:28:12 INFO  (GhidraScript) tflite_analyzer.py> \n>>> Analyzing function: main (Depth: 0) at 00103150 (Originating from: ['operator']) with initial taints: pbVar7(x0)  
2025-09-08 02:28:12 INFO  (GhidraScript) tflite_analyzer.py>   - [STACK_SEARCH.0] Analyzing varnode: (register, 0x4000, 8)  
2025-09-08 02:28:12 INFO  (GhidraScript) tflite_analyzer.py>   - [STACK_SEARCH.0] Details: isAddress=0, addr=register:00004000, isStackAddress=0  
2025-09-08 02:28:12 INFO  (GhidraScript) tflite_analyzer.py>   - [STACK_SEARCH.0] Def P-Code Op: (register, 0x4000, 8) CALL (ram, 0x102880, 8) , (unique, 0x10000767, 8) , (unique, 0x10000550, 8)  
2025-09-08 02:28:12 INFO  (GhidraScript) tflite_analyzer.py>   - [STACK_SEARCH.0] Mnemonic 'CALL' is not a handled case. Aborting path.  
2025-09-08 02:28:12 INFO  (GhidraScript) tflite_analyzer.py> \nDEBUG: Reached specified start PcodeOp (register, 0x4000, 8) CALL (ram, 0x102880, 8) , (unique, 0x10000767, 8) , (unique, 0x10000550, 8) at 00103198 in main, subsequent ops will be processed.  
2025-09-08 02:28:12 INFO  (GhidraScript) tflite_analyzer.py> DEBUG: [LOAD_HANDLER] Checking LOAD op at 001031a4. Address varnode: (register, 0x4008, 8)  
2025-09-08 02:28:12 INFO  (GhidraScript) tflite_analyzer.py> DEBUG: [LOAD_HANDLER] POINTER_RULE FAIL: Address varnode param_2(x1) is not tainted (recursive check).  
2025-09-08 02:28:12 INFO  (GhidraScript) tflite_analyzer.py> DEBUG: [LOAD_HANDLER] REGION_RULE FAIL: Address pointer param_2(x1) is not in the tainted memory regions set.  
2025-09-08 02:28:12 INFO  (GhidraScript) tflite_analyzer.py> \n>>> Analyzing function: operator<< (Depth: 1) at 00102880 (Originating from: ['operator']) with initial taints: param_1(x0)  
2025-09-08 02:28:12 INFO  (GhidraScript) tflite_analyzer.py>   - [STACK_SEARCH.0] Analyzing varnode: (register, 0x4000, 8)  
2025-09-08 02:28:12 INFO  (GhidraScript) tflite_analyzer.py>   - [STACK_SEARCH.0] Details: isAddress=0, addr=register:00004000, isStackAddress=0  
2025-09-08 02:28:12 INFO  (GhidraScript) tflite_analyzer.py>   - [STACK_SEARCH.0] No defining p-code op found. Aborting path.  
2025-09-08 02:28:12 INFO  (GhidraScript) tflite_analyzer.py> DEBUG: Starting taint analysis from the beginning of function operator<<.  
2025-09-08 02:28:12 WARN  (DecompileCallback) Decompiling 00121158, pcode error at 00121158: Unable to disassemble EXTERNAL block location: 00121158  
2025-09-08 02:28:12 INFO  (GhidraScript) tflite_analyzer.py> \n>>> Analyzing function: operator<< (Depth: 2) at 00121158 (Originating from: ['operator']) with initial taints: param_1(x0)  
2025-09-08 02:28:12 INFO  (GhidraScript) tflite_analyzer.py>   - [STACK_SEARCH.0] Analyzing varnode: (register, 0x4000, 8)  
2025-09-08 02:28:12 INFO  (GhidraScript) tflite_analyzer.py>   - [STACK_SEARCH.0] Details: isAddress=0, addr=register:00004000, isStackAddress=0  
2025-09-08 02:28:12 INFO  (GhidraScript) tflite_analyzer.py>   - [STACK_SEARCH.0] No defining p-code op found. Aborting path.  
2025-09-08 02:28:12 INFO  (GhidraScript) tflite_analyzer.py> DEBUG: Starting taint analysis from the beginning of function operator<<.  
2025-09-08 02:28:12 INFO  (GhidraScript) tflite_analyzer.py> <<< Finished analyzing function: operator<<.  
2025-09-08 02:28:12 INFO  (GhidraScript) tflite_analyzer.py> DEBUG: [operator<< @ 0010288c] Analyzing potential tainted RETURN with value: pbVar1(x0) (Tainted: 0)  
2025-09-08 02:28:12 INFO  (GhidraScript) tflite_analyzer.py>     [DEBUG] --- Taint Check Details (RETURN FAILED) ---  
2025-09-08 02:28:12 INFO  (GhidraScript) tflite_analyzer.py>     [DEBUG]   > Return Varnode: (register, 0x4000, 8) (Size: 8, Def: (register, 0x4000, 8) CALL (ram, 0x121158, 8) , (register, 0x4000, 8) , (register, 0x4008, 8) at 0010288c)  
2025-09-08 02:28:12 INFO  (GhidraScript) tflite_analyzer.py>     [DEBUG]   > Currently Tainted HighVariables in this function:  
2025-09-08 02:28:12 INFO  (GhidraScript) tflite_analyzer.py>     [DEBUG]     1. param_1(x0)  
2025-09-08 02:28:12 INFO  (GhidraScript) tflite_analyzer.py>     [DEBUG] ---------------------------------  
2025-09-08 02:28:12 INFO  (GhidraScript) tflite_analyzer.py> <<< Finished analyzing function: operator<<.  
2025-09-08 02:28:12 INFO  (GhidraScript) tflite_analyzer.py> DEBUG: Already analyzed function operator<< with initial taints ('param_1(x0)',) (origin: ['operator']). Skipping.  
2025-09-08 02:28:12 INFO  (GhidraScript) tflite_analyzer.py> DEBUG: [main @ 001031d0] Taint propagated from pbVar7(x0) to UNNAMED(UniquePcode[0x1000076f]) via CAST.  
2025-09-08 02:28:12 INFO  (GhidraScript) tflite_analyzer.py> DEBUG: [LOAD_HANDLER] Checking LOAD op at 001031e4. Address varnode: (unique, 0x11f80, 8)  
2025-09-08 02:28:12 INFO  (GhidraScript) tflite_analyzer.py> DEBUG: [LOAD_HANDLER] POINTER_RULE FAIL: Address varnode UNNAMED(UniquePcode[0x11f80]) is not tainted (recursive check).  
2025-09-08 02:28:12 INFO  (GhidraScript) tflite_analyzer.py> DEBUG: [LOAD_HANDLER] REGION_RULE FAIL: Address pointer UNNAMED(UniquePcode[0x11f80]) is not in the tainted memory regions set.  
2025-09-08 02:28:12 INFO  (GhidraScript) tflite_analyzer.py> DEBUG: [LOAD_HANDLER] Checking LOAD op at 00103218. Address varnode: (unique, 0x11f80, 8)  
2025-09-08 02:28:12 INFO  (GhidraScript) tflite_analyzer.py> DEBUG: [LOAD_HANDLER] POINTER_RULE FAIL: Address varnode UNNAMED(UniquePcode[0x11f80]) is not tainted (recursive check).  
2025-09-08 02:28:12 INFO  (GhidraScript) tflite_analyzer.py> DEBUG: [LOAD_HANDLER] REGION_RULE FAIL: Address pointer UNNAMED(UniquePcode[0x11f80]) is not in the tainted memory regions set.  
2025-09-08 02:28:12 INFO  (GhidraScript) tflite_analyzer.py> DEBUG: [LOAD_HANDLER] Checking LOAD op at 00103388. Address varnode: (unique, 0x6500, 8)  
2025-09-08 02:28:12 INFO  (GhidraScript) tflite_analyzer.py> DEBUG: [LOAD_HANDLER] POINTER_RULE FAIL: Address varnode UNNAMED(UniquePcode[0x6500]) is not tainted (recursive check).  
2025-09-08 02:28:12 INFO  (GhidraScript) tflite_analyzer.py> DEBUG: [LOAD_HANDLER] REGION_RULE FAIL: Address pointer UNNAMED(UniquePcode[0x6500]) is not in the tainted memory regions set.  
2025-09-08 02:28:12 INFO  (GhidraScript) tflite_analyzer.py> DEBUG: [LOAD_HANDLER] Checking LOAD op at 00103394. Address varnode: (unique, 0x6400, 8)  
2025-09-08 02:28:12 INFO  (GhidraScript) tflite_analyzer.py> DEBUG: [LOAD_HANDLER] POINTER_RULE FAIL: Address varnode UNNAMED(UniquePcode[0x6400]) is not tainted (recursive check).  
2025-09-08 02:28:12 INFO  (GhidraScript) tflite_analyzer.py> DEBUG: [LOAD_HANDLER] REGION_RULE FAIL: Address pointer UNNAMED(UniquePcode[0x6400]) is not in the tainted memory regions set.  
2025-09-08 02:28:12 INFO  (GhidraScript) tflite_analyzer.py> DEBUG: [LOAD_HANDLER] Checking LOAD op at 001033a0. Address varnode: (unique, 0x6400, 8)  
2025-09-08 02:28:12 INFO  (GhidraScript) tflite_analyzer.py> DEBUG: [LOAD_HANDLER] POINTER_RULE FAIL: Address varnode UNNAMED(UniquePcode[0x6400]) is not tainted (recursive check).  
2025-09-08 02:28:12 INFO  (GhidraScript) tflite_analyzer.py> DEBUG: [LOAD_HANDLER] REGION_RULE FAIL: Address pointer UNNAMED(UniquePcode[0x6400]) is not in the tainted memory regions set.  
2025-09-08 02:28:12 INFO  (GhidraScript) tflite_analyzer.py> DEBUG: [LOAD_HANDLER] Checking LOAD op at 001033f8. Address varnode: (unique, 0x11f80, 8)  
2025-09-08 02:28:12 INFO  (GhidraScript) tflite_analyzer.py> DEBUG: [LOAD_HANDLER] POINTER_RULE FAIL: Address varnode UNNAMED(UniquePcode[0x11f80]) is not tainted (recursive check).  
2025-09-08 02:28:12 INFO  (GhidraScript) tflite_analyzer.py> DEBUG: [LOAD_HANDLER] REGION_RULE FAIL: Address pointer UNNAMED(UniquePcode[0x11f80]) is not in the tainted memory regions set.  
2025-09-08 02:28:12 INFO  (GhidraScript) tflite_analyzer.py> DEBUG: [CBRANCH] Found defining op for condition: (unique, 0x1000052a, 1) FLOAT_LESSEQUAL (const, 0x3e800000, 4) , (register, 0x5000, 4)  
2025-09-08 02:28:12 INFO  (GhidraScript) tflite_analyzer.py> INFO: [main @ 0010340c] Taint reached CBRANCH. Operands: ['UnnamedHighVar(Constant: 0x3e800000)', 'fVar15(s0)'].   
2025-09-08 02:28:13 INFO  (GhidraScript) tflite_analyzer.py> DEBUG: [LOAD_HANDLER] Checking LOAD op at 0010347c. Address varnode: (unique, 0x12480, 8)  
2025-09-08 02:28:13 INFO  (GhidraScript) tflite_analyzer.py> DEBUG: [LOAD_HANDLER] POINTER_RULE FAIL: Address varnode UNNAMED(UniquePcode[0x12480]) is not tainted (recursive check).  
2025-09-08 02:28:13 INFO  (GhidraScript) tflite_analyzer.py> DEBUG: [LOAD_HANDLER] REGION_RULE FAIL: Address pointer UNNAMED(UniquePcode[0x12480]) is not in the tainted memory regions set.  
2025-09-08 02:28:13 INFO  (GhidraScript) tflite_analyzer.py> DEBUG: [CBRANCH] Found defining op for condition: (unique, 0x1000052e, 1) FLOAT_LESSEQUAL (const, 0x3e800000, 4) , (register, 0x5020, 4)  
2025-09-08 02:28:13 INFO  (GhidraScript) tflite_analyzer.py> INFO: [main @ 00103498] Taint reached CBRANCH. Operands: ['UnnamedHighVar(Constant: 0x3e800000)', 'UNNAMED(s1)'].   
2025-09-08 02:28:13 INFO  (GhidraScript) tflite_analyzer.py> DEBUG: [LOAD_HANDLER] Checking LOAD op at 001034a0. Address varnode: (stack, 0xfffffffffffffcd8, 8)  
2025-09-08 02:28:13 INFO  (GhidraScript) tflite_analyzer.py> DEBUG: [LOAD_HANDLER] POINTER_RULE FAIL: Address varnode local_328(StackDirect[Stack[-0x328]]) is not tainted (recursive check).  
2025-09-08 02:28:13 INFO  (GhidraScript) tflite_analyzer.py> DEBUG: [LOAD_HANDLER] REGION_RULE FAIL: Address pointer local_328(StackDirect[Stack[-0x328]]) is not in the tainted memory regions set.  
2025-09-08 02:28:13 INFO  (GhidraScript) tflite_analyzer.py> DEBUG: [LOAD_HANDLER] Checking LOAD op at 001034b0. Address varnode: (unique, 0x11f80, 8)  
2025-09-08 02:28:13 INFO  (GhidraScript) tflite_analyzer.py> DEBUG: [LOAD_HANDLER] POINTER_RULE FAIL: Address varnode UNNAMED(UniquePcode[0x11f80]) is not tainted (recursive check).  
2025-09-08 02:28:13 INFO  (GhidraScript) tflite_analyzer.py> DEBUG: [LOAD_HANDLER] REGION_RULE FAIL: Address pointer UNNAMED(UniquePcode[0x11f80]) is not in the tainted memory regions set.  
2025-09-08 02:28:13 INFO  (GhidraScript) tflite_analyzer.py> DEBUG: [LOAD_HANDLER] Checking LOAD op at 001034c0. Address varnode: (unique, 0x11f80, 8)  
2025-09-08 02:28:13 INFO  (GhidraScript) tflite_analyzer.py> DEBUG: [LOAD_HANDLER] POINTER_RULE FAIL: Address varnode UNNAMED(UniquePcode[0x11f80]) is not tainted (recursive check).  
2025-09-08 02:28:13 INFO  (GhidraScript) tflite_analyzer.py> DEBUG: [LOAD_HANDLER] REGION_RULE FAIL: Address pointer UNNAMED(UniquePcode[0x11f80]) is not in the tainted memory regions set.  
2025-09-08 02:28:13 INFO  (GhidraScript) tflite_analyzer.py> DEBUG: [LOAD_HANDLER] Checking LOAD op at 001034d0. Address varnode: (unique, 0x11f80, 8)  
2025-09-08 02:28:13 INFO  (GhidraScript) tflite_analyzer.py> DEBUG: [LOAD_HANDLER] POINTER_RULE FAIL: Address varnode UNNAMED(UniquePcode[0x11f80]) is not tainted (recursive check).  
2025-09-08 02:28:13 INFO  (GhidraScript) tflite_analyzer.py> DEBUG: [LOAD_HANDLER] REGION_RULE FAIL: Address pointer UNNAMED(UniquePcode[0x11f80]) is not in the tainted memory regions set.  
2025-09-08 02:28:13 INFO  (GhidraScript) tflite_analyzer.py> DEBUG: [CBRANCH] Found defining op for condition: (unique, 0x1200, 1) INT_SLESS (stack, 0xfffffffffffffc68, 4) , (unique, 0x24900, 4)  
2025-09-08 02:28:13 INFO  (GhidraScript) tflite_analyzer.py> INFO: [main @ 00103610] Taint reached CBRANCH. Operands: ['local_398(StackDirect[Stack[-0x398]])', 'iVar1(UniquePcode[0x24900])'].   
2025-09-08 02:28:13 INFO  (GhidraScript) tflite_analyzer.py> DEBUG: [CBRANCH] Found defining op for condition: (register, 0x108, 1) INT_EQUAL (register, 0x4000, 8) , (const, 0x0, 8)  
2025-09-08 02:28:13 INFO  (GhidraScript) tflite_analyzer.py> INFO: [main @ 00103668] Taint reached CBRANCH. Operands: ['lVar12(x0)', 'UnnamedHighVar(Constant: 0x0)'].   
2025-09-08 02:28:13 INFO  (GhidraScript) tflite_analyzer.py> DEBUG: [LOAD_HANDLER] Checking LOAD op at 00103678. Address varnode: (register, 0x4000, 8)  
2025-09-08 02:28:13 INFO  (GhidraScript) tflite_analyzer.py> DEBUG: [LOAD_HANDLER] POINTER_RULE FAIL: Address varnode piVar13(x0) is not tainted (recursive check).  
2025-09-08 02:28:13 INFO  (GhidraScript) tflite_analyzer.py> DEBUG: [LOAD_HANDLER] REGION_RULE FAIL: Address pointer piVar13(x0) is not in the tainted memory regions set.  
2025-09-08 02:28:13 INFO  (GhidraScript) tflite_analyzer.py> DEBUG: [LOAD_HANDLER] Checking LOAD op at 00103688. Address varnode: (unique, 0x6400, 8)  
2025-09-08 02:28:13 INFO  (GhidraScript) tflite_analyzer.py> DEBUG: [LOAD_HANDLER] POINTER_RULE FAIL: Address varnode UNNAMED(UniquePcode[0x6400]) is not tainted (recursive check).  
2025-09-08 02:28:13 INFO  (GhidraScript) tflite_analyzer.py> DEBUG: [LOAD_HANDLER] REGION_RULE FAIL: Address pointer UNNAMED(UniquePcode[0x6400]) is not in the tainted memory regions set.  
2025-09-08 02:28:13 INFO  (GhidraScript) tflite_analyzer.py> DEBUG: [CBRANCH] Found defining op for condition: (unique, 0x1400, 1) FLOAT_LESSEQUAL (register, 0x5020, 4) , (const, 0x3f000000, 4)  
2025-09-08 02:28:13 INFO  (GhidraScript) tflite_analyzer.py> INFO: [main @ 00103694] Taint reached CBRANCH. Operands: ['UNNAMED(s1)', 'UnnamedHighVar(Constant: 0x3f000000)'].   
2025-09-08 02:28:13 INFO  (GhidraScript) tflite_analyzer.py> INFO: [main @ 001036b0] Taint reached CBRANCH. Operands: [].   
2025-09-08 02:28:13 INFO  (GhidraScript) tflite_analyzer.py> DEBUG: [CBRANCH] Found defining op for condition: (register, 0x108, 1) INT_NOTEQUAL (unique, 0x3e480, 8) , (const, 0x0, 8)  
2025-09-08 02:28:13 INFO  (GhidraScript) tflite_analyzer.py> INFO: [main @ 00103738] Taint reached CBRANCH. Operands: ['UNNAMED(UniquePcode[0x3e480])', 'UnnamedHighVar(Constant: 0x0)'].   
2025-09-08 02:28:13 INFO  (GhidraScript) tflite_analyzer.py> DEBUG: [main @ 00103864] Analyzing potential tainted RETURN with value: UNNAMED(x0) (Tainted: 0)  
2025-09-08 02:28:13 INFO  (GhidraScript) tflite_analyzer.py>     [DEBUG] --- Taint Check Details (RETURN FAILED) ---  
2025-09-08 02:28:13 INFO  (GhidraScript) tflite_analyzer.py>     [DEBUG]   > Return Varnode: (register, 0x4000, 8) (Size: 8, Def: (register, 0x4000, 8) COPY (register, 0x4098, 8) at 00103854)  
2025-09-08 02:28:13 INFO  (GhidraScript) tflite_analyzer.py>     [DEBUG]   > Currently Tainted HighVariables in this function:  
2025-09-08 02:28:13 INFO  (GhidraScript) tflite_analyzer.py>     [DEBUG]     1. UNNAMED(UniquePcode[0x1000076f])  
2025-09-08 02:28:13 INFO  (GhidraScript) tflite_analyzer.py>     [DEBUG]     2. pbVar7(x0)  
2025-09-08 02:28:13 INFO  (GhidraScript) tflite_analyzer.py>     [DEBUG] ---------------------------------  
2025-09-08 02:28:13 INFO  (GhidraScript) tflite_analyzer.py> <<< Finished analyzing function: main.  
2025-09-08 02:28:13 INFO  (GhidraScript) tflite_analyzer.py> 
--- Analyzing Call Site #1061296 at 001031b0 ---  
2025-09-08 02:28:13 INFO  (GhidraScript) tflite_analyzer.py> DEBUG: Parent (caller): main at 00103150  
2025-09-08 02:28:13 INFO  (GhidraScript) tflite_analyzer.py> 
--- Initiating Taint Analysis for: main (call at 001031b0) ---  
2025-09-08 02:28:13 INFO  (GhidraScript) tflite_analyzer.py> DEBUG: Taint source is the return value of the call: pbVar7(x0)  
2025-09-08 02:28:13 INFO  (GhidraScript) tflite_analyzer.py> DEBUG: Already analyzed function main with initial taints ('pbVar7(x0)',) (origin: ['operator']). Skipping.  
2025-09-08 02:28:13 INFO  (GhidraScript) tflite_analyzer.py> 
--- Analyzing Call Site #1061316 at 001031c4 ---  
2025-09-08 02:28:13 INFO  (GhidraScript) tflite_analyzer.py> DEBUG: Parent (caller): main at 00103150  
2025-09-08 02:28:13 INFO  (GhidraScript) tflite_analyzer.py> 
--- Initiating Taint Analysis for: main (call at 001031c4) ---  
2025-09-08 02:28:13 INFO  (GhidraScript) tflite_analyzer.py> DEBUG: Taint source is the return value of the call: pbVar7(x0)  
2025-09-08 02:28:13 INFO  (GhidraScript) tflite_analyzer.py> DEBUG: Already analyzed function main with initial taints ('pbVar7(x0)',) (origin: ['operator']). Skipping.  
2025-09-08 02:28:13 INFO  (GhidraScript) tflite_analyzer.py> 
--- Analyzing Call Site #1061328 at 001031d0 ---  
2025-09-08 02:28:13 INFO  (GhidraScript) tflite_analyzer.py> DEBUG: Parent (caller): main at 00103150  
2025-09-08 02:28:13 INFO  (GhidraScript) tflite_analyzer.py> INFO: Call at 001031d0 has no output varnode. Nothing to taint. Skipping.  
2025-09-08 02:28:13 INFO  (GhidraScript) tflite_analyzer.py> 
--- Analyzing Call Site #1061552 at 001032b0 ---  
2025-09-08 02:28:13 INFO  (GhidraScript) tflite_analyzer.py> DEBUG: Parent (caller): main at 00103150  
2025-09-08 02:28:13 INFO  (GhidraScript) tflite_analyzer.py> INFO: Call at 001032b0 has no output varnode. Nothing to taint. Skipping.  
2025-09-08 02:28:13 INFO  (GhidraScript) tflite_analyzer.py> 
--- Analyzing Call Site #1070384 at 00105530 ---  
2025-09-08 02:28:13 INFO  (GhidraScript) tflite_analyzer.py> DEBUG: Parent (caller): ~OpResolver at 00105514  
2025-09-08 02:28:13 INFO  (GhidraScript) tflite_analyzer.py> INFO: Call at 00105530 has no output varnode. Nothing to taint. Skipping.  
2025-09-08 02:28:13 INFO  (GhidraScript) tflite_analyzer.py> 
--- Analyzing Call Site #1070732 at 0010568c ---  
2025-09-08 02:28:13 INFO  (GhidraScript) tflite_analyzer.py> DEBUG: Parent (caller): ~MutableOpResolver at 00105670  
2025-09-08 02:28:13 INFO  (GhidraScript) tflite_analyzer.py> INFO: Call at 0010568c has no output varnode. Nothing to taint. Skipping.  
2025-09-08 02:28:13 INFO  (GhidraScript) tflite_analyzer.py> 
--- Analyzing Call Site #1070820 at 001056e4 ---  
2025-09-08 02:28:13 INFO  (GhidraScript) tflite_analyzer.py> DEBUG: Parent (caller): ~BuiltinOpResolver at 001056c8  
2025-09-08 02:28:13 INFO  (GhidraScript) tflite_analyzer.py> INFO: Call at 001056e4 has no output varnode. Nothing to taint. Skipping.  
2025-09-08 02:28:13 INFO  (GhidraScript) tflite_analyzer.py> 
--- Analyzing Call Site #1079732 at 001079b4 ---  
2025-09-08 02:28:13 INFO  (GhidraScript) tflite_analyzer.py> DEBUG: Parent (caller): operator() at 00107984  
2025-09-08 02:28:13 INFO  (GhidraScript) tflite_analyzer.py> INFO: Call at 001079b4 has no output varnode. Nothing to taint. Skipping.  
2025-09-08 02:28:13 INFO  (GhidraScript) tflite_analyzer.py> 
--- Analyzing Call Site #1079876 at 00107a44 ---  
2025-09-08 02:28:13 INFO  (GhidraScript) tflite_analyzer.py> DEBUG: Parent (caller): operator() at 00107a14  
2025-09-08 02:28:13 INFO  (GhidraScript) tflite_analyzer.py> INFO: Call at 00107a44 has no output varnode. Nothing to taint. Skipping.  
2025-09-08 02:28:13 INFO  (GhidraScript) tflite_analyzer.py> 
--- Analyzing Call Site #1085480 at 00109028 ---  
2025-09-08 02:28:13 INFO  (GhidraScript) tflite_analyzer.py> DEBUG: Parent (caller): deallocate at 00109004  
2025-09-08 02:28:13 INFO  (GhidraScript) tflite_analyzer.py> INFO: Call at 00109028 has no output varnode. Nothing to taint. Skipping.  
2025-09-08 02:28:13 INFO  (GhidraScript) tflite_analyzer.py> 
--- Analyzing Call Site #1085692 at 001090fc ---  
2025-09-08 02:28:13 INFO  (GhidraScript) tflite_analyzer.py> DEBUG: Parent (caller): deallocate at 001090d8  
2025-09-08 02:28:13 INFO  (GhidraScript) tflite_analyzer.py> INFO: Call at 001090fc has no output varnode. Nothing to taint. Skipping.  
2025-09-08 02:28:13 INFO  (GhidraScript) tflite_analyzer.py> 
--- Analyzing Call Site #1085836 at 0010918c ---  
2025-09-08 02:28:13 INFO  (GhidraScript) tflite_analyzer.py> DEBUG: Parent (caller): deallocate at 00109168  
2025-09-08 02:28:13 INFO  (GhidraScript) tflite_analyzer.py> INFO: Call at 0010918c has no output varnode. Nothing to taint. Skipping.  
2025-09-08 02:28:13 INFO  (GhidraScript) tflite_analyzer.py> 
--- Analyzing Call Site #1085960 at 00109208 ---  
2025-09-08 02:28:13 INFO  (GhidraScript) tflite_analyzer.py> DEBUG: Parent (caller): deallocate at 001091e4  
2025-09-08 02:28:13 INFO  (GhidraScript) tflite_analyzer.py> INFO: Call at 00109208 has no output varnode. Nothing to taint. Skipping.  
2025-09-08 02:28:13 INFO  (GhidraScript) tflite_analyzer.py> 
--- Analyzing Call Site #1087736 at 001098f8 ---  
2025-09-08 02:28:13 INFO  (GhidraScript) tflite_analyzer.py> DEBUG: Parent (caller): deallocate at 001098c8  
2025-09-08 02:28:13 INFO  (GhidraScript) tflite_analyzer.py> INFO: Call at 001098f8 has no output varnode. Nothing to taint. Skipping.  
2025-09-08 02:28:13 INFO  (GhidraScript) tflite_analyzer.py> 
--- Analyzing Call Site #1088148 at 00109a94 ---  
2025-09-08 02:28:13 INFO  (GhidraScript) tflite_analyzer.py> DEBUG: Parent (caller): allocate at 00109a28  
2025-09-08 02:28:13 INFO  (GhidraScript) tflite_analyzer.py> INFO: Call at 00109a94 has no output varnode. Nothing to taint. Skipping.  
2025-09-08 02:28:13 INFO  (GhidraScript) tflite_analyzer.py> 
--- Analyzing Call Site #1088636 at 00109c7c ---  
2025-09-08 02:28:13 INFO  (GhidraScript) tflite_analyzer.py> DEBUG: Parent (caller): allocate at 00109c10  
2025-09-08 02:28:13 INFO  (GhidraScript) tflite_analyzer.py> INFO: Call at 00109c7c has no output varnode. Nothing to taint. Skipping.  
2025-09-08 02:28:13 INFO  (GhidraScript) tflite_analyzer.py> 
--- Analyzing Call Site #1089432 at 00109f98 ---  
2025-09-08 02:28:13 INFO  (GhidraScript) tflite_analyzer.py> DEBUG: Parent (caller): deallocate at 00109f74  
2025-09-08 02:28:13 INFO  (GhidraScript) tflite_analyzer.py> INFO: Call at 00109f98 has no output varnode. Nothing to taint. Skipping.  
2025-09-08 02:28:13 INFO  (GhidraScript) tflite_analyzer.py> 
--- Analyzing Call Site #1089920 at 0010a180 ---  
2025-09-08 02:28:13 INFO  (GhidraScript) tflite_analyzer.py> DEBUG: Parent (caller): allocate at 0010a100  
2025-09-08 02:28:13 INFO  (GhidraScript) tflite_analyzer.py> INFO: Call at 0010a180 has no output varnode. Nothing to taint. Skipping.  
2025-09-08 02:28:13 INFO  (GhidraScript) tflite_analyzer.py> 
--- Analyzing Call Site #1090544 at 0010a3f0 ---  
2025-09-08 02:28:13 INFO  (GhidraScript) tflite_analyzer.py> DEBUG: Parent (caller): deallocate at 0010a3cc  
2025-09-08 02:28:13 INFO  (GhidraScript) tflite_analyzer.py> INFO: Call at 0010a3f0 has no output varnode. Nothing to taint. Skipping.  
2025-09-08 02:28:13 INFO  (GhidraScript) tflite_analyzer.py> 
--- Analyzing Call Site #1090820 at 0010a504 ---  
2025-09-08 02:28:13 INFO  (GhidraScript) tflite_analyzer.py> DEBUG: Parent (caller): allocate at 0010a498  
2025-09-08 02:28:13 INFO  (GhidraScript) tflite_analyzer.py> INFO: Call at 0010a504 has no output varnode. Nothing to taint. Skipping.  
2025-09-08 02:28:13 INFO  (GhidraScript) tflite_analyzer.py> 
--- Analyzing Call Site #1091200 at 0010a680 ---  
2025-09-08 02:28:13 INFO  (GhidraScript) tflite_analyzer.py> DEBUG: Parent (caller): allocate at 0010a614  
2025-09-08 02:28:13 INFO  (GhidraScript) tflite_analyzer.py> INFO: Call at 0010a680 has no output varnode. Nothing to taint. Skipping.  
2025-09-08 02:28:13 INFO  (GhidraScript) tflite_analyzer.py> 
--- Analyzing Call Site #1092996 at 0010ad84 ---  
2025-09-08 02:28:13 INFO  (GhidraScript) tflite_analyzer.py> DEBUG: Parent (caller): deallocate at 0010ad54  
2025-09-08 02:28:13 INFO  (GhidraScript) tflite_analyzer.py> INFO: Call at 0010ad84 has no output varnode. Nothing to taint. Skipping.  
2025-09-08 02:28:13 INFO  (GhidraScript) tflite_analyzer.py> 
--- Analyzing Call Site #1093092 at 0010ade4 ---  
2025-09-08 02:28:13 INFO  (GhidraScript) tflite_analyzer.py> DEBUG: Parent (caller): deallocate at 0010adc0  
2025-09-08 02:28:13 INFO  (GhidraScript) tflite_analyzer.py> INFO: Call at 0010ade4 has no output varnode. Nothing to taint. Skipping.  
2025-09-08 02:28:13 INFO  (GhidraScript) tflite_analyzer.py> 
--- Stage 1 Complete. Checking for pending multi-stage analysis tasks... ---  
2025-09-08 02:28:13 INFO  (GhidraScript) tflite_analyzer.py> 
--- Initiating Stage 2 Analysis Task #1 (from rule: tainted_return_from_operator<<) ---  
2025-09-08 02:28:13 INFO  (GhidraScript) tflite_analyzer.py> \n>>> Analyzing function: main (Depth: 0) at 00103150 (Originating from: tainted_return_from_operator<<) with initial taints: pbVar7(x0)  
2025-09-08 02:28:13 INFO  (GhidraScript) tflite_analyzer.py>   - [STACK_SEARCH.0] Analyzing varnode: (register, 0x4000, 8)  
2025-09-08 02:28:13 INFO  (GhidraScript) tflite_analyzer.py>   - [STACK_SEARCH.0] Details: isAddress=0, addr=register:00004000, isStackAddress=0  
2025-09-08 02:28:13 INFO  (GhidraScript) tflite_analyzer.py>   - [STACK_SEARCH.0] Def P-Code Op: (register, 0x4000, 8) CALL (ram, 0x102880, 8) , (unique, 0x10000767, 8) , (unique, 0x10000550, 8)  
2025-09-08 02:28:13 INFO  (GhidraScript) tflite_analyzer.py>   - [STACK_SEARCH.0] Mnemonic 'CALL' is not a handled case. Aborting path.  
2025-09-08 02:28:13 INFO  (GhidraScript) tflite_analyzer.py> \nDEBUG: Reached specified start PcodeOp (register, 0x4000, 8) CALL (ram, 0x102880, 8) , (unique, 0x10000767, 8) , (unique, 0x10000550, 8) at 00103198 in main, subsequent ops will be processed.  
2025-09-08 02:28:13 INFO  (GhidraScript) tflite_analyzer.py> DEBUG: [LOAD_HANDLER] Checking LOAD op at 001031a4. Address varnode: (register, 0x4008, 8)  
2025-09-08 02:28:13 INFO  (GhidraScript) tflite_analyzer.py> DEBUG: [LOAD_HANDLER] POINTER_RULE FAIL: Address varnode param_2(x1) is not tainted (recursive check).  
2025-09-08 02:28:13 INFO  (GhidraScript) tflite_analyzer.py> DEBUG: [LOAD_HANDLER] REGION_RULE FAIL: Address pointer param_2(x1) is not in the tainted memory regions set.  
2025-09-08 02:28:13 INFO  (GhidraScript) tflite_analyzer.py> \n>>> Analyzing function: operator<< (Depth: 1) at 00102880 (Originating from: tainted_return_from_operator<<) with initial taints: param_1(x0)  
2025-09-08 02:28:13 INFO  (GhidraScript) tflite_analyzer.py>   - [STACK_SEARCH.0] Analyzing varnode: (register, 0x4000, 8)  
2025-09-08 02:28:13 INFO  (GhidraScript) tflite_analyzer.py>   - [STACK_SEARCH.0] Details: isAddress=0, addr=register:00004000, isStackAddress=0  
2025-09-08 02:28:13 INFO  (GhidraScript) tflite_analyzer.py>   - [STACK_SEARCH.0] No defining p-code op found. Aborting path.  
2025-09-08 02:28:13 INFO  (GhidraScript) tflite_analyzer.py> DEBUG: Starting taint analysis from the beginning of function operator<<.  
2025-09-08 02:28:13 WARN  (DecompileCallback) Decompiling 00121158, pcode error at 00121158: Unable to disassemble EXTERNAL block location: 00121158  
2025-09-08 02:28:13 INFO  (GhidraScript) tflite_analyzer.py> \n>>> Analyzing function: operator<< (Depth: 2) at 00121158 (Originating from: tainted_return_from_operator<<) with initial taints: param_1(x0)  
2025-09-08 02:28:13 INFO  (GhidraScript) tflite_analyzer.py>   - [STACK_SEARCH.0] Analyzing varnode: (register, 0x4000, 8)  
2025-09-08 02:28:13 INFO  (GhidraScript) tflite_analyzer.py>   - [STACK_SEARCH.0] Details: isAddress=0, addr=register:00004000, isStackAddress=0  
2025-09-08 02:28:13 INFO  (GhidraScript) tflite_analyzer.py>   - [STACK_SEARCH.0] No defining p-code op found. Aborting path.  
2025-09-08 02:28:13 INFO  (GhidraScript) tflite_analyzer.py> DEBUG: Starting taint analysis from the beginning of function operator<<.  
2025-09-08 02:28:13 INFO  (GhidraScript) tflite_analyzer.py> <<< Finished analyzing function: operator<<.  
2025-09-08 02:28:13 INFO  (GhidraScript) tflite_analyzer.py> DEBUG: [operator<< @ 0010288c] Analyzing potential tainted RETURN with value: pbVar1(x0) (Tainted: 0)  
2025-09-08 02:28:13 INFO  (GhidraScript) tflite_analyzer.py>     [DEBUG] --- Taint Check Details (RETURN FAILED) ---  
2025-09-08 02:28:13 INFO  (GhidraScript) tflite_analyzer.py>     [DEBUG]   > Return Varnode: (register, 0x4000, 8) (Size: 8, Def: (register, 0x4000, 8) CALL (ram, 0x121158, 8) , (register, 0x4000, 8) , (register, 0x4008, 8) at 0010288c)  
2025-09-08 02:28:13 INFO  (GhidraScript) tflite_analyzer.py>     [DEBUG]   > Currently Tainted HighVariables in this function:  
2025-09-08 02:28:13 INFO  (GhidraScript) tflite_analyzer.py>     [DEBUG]     1. param_1(x0)  
2025-09-08 02:28:13 INFO  (GhidraScript) tflite_analyzer.py>     [DEBUG] ---------------------------------  
2025-09-08 02:28:13 INFO  (GhidraScript) tflite_analyzer.py> <<< Finished analyzing function: operator<<.  
2025-09-08 02:28:13 INFO  (GhidraScript) tflite_analyzer.py> DEBUG: Already analyzed function operator<< with initial taints ('param_1(x0)',) (origin: tainted_return_from_operator<<). Skipping.  
2025-09-08 02:28:13 INFO  (GhidraScript) tflite_analyzer.py> DEBUG: [main @ 001031d0] Taint propagated from pbVar7(x0) to UNNAMED(UniquePcode[0x1000076f]) via CAST.  
2025-09-08 02:28:13 INFO  (GhidraScript) tflite_analyzer.py> DEBUG: [LOAD_HANDLER] Checking LOAD op at 001031e4. Address varnode: (unique, 0x11f80, 8)  
2025-09-08 02:28:13 INFO  (GhidraScript) tflite_analyzer.py> DEBUG: [LOAD_HANDLER] POINTER_RULE FAIL: Address varnode UNNAMED(UniquePcode[0x11f80]) is not tainted (recursive check).  
2025-09-08 02:28:13 INFO  (GhidraScript) tflite_analyzer.py> DEBUG: [LOAD_HANDLER] REGION_RULE FAIL: Address pointer UNNAMED(UniquePcode[0x11f80]) is not in the tainted memory regions set.  
2025-09-08 02:28:13 INFO  (GhidraScript) tflite_analyzer.py> DEBUG: [LOAD_HANDLER] Checking LOAD op at 00103218. Address varnode: (unique, 0x11f80, 8)  
2025-09-08 02:28:13 INFO  (GhidraScript) tflite_analyzer.py> DEBUG: [LOAD_HANDLER] POINTER_RULE FAIL: Address varnode UNNAMED(UniquePcode[0x11f80]) is not tainted (recursive check).  
2025-09-08 02:28:13 INFO  (GhidraScript) tflite_analyzer.py> DEBUG: [LOAD_HANDLER] REGION_RULE FAIL: Address pointer UNNAMED(UniquePcode[0x11f80]) is not in the tainted memory regions set.  
2025-09-08 02:28:13 INFO  (GhidraScript) tflite_analyzer.py> DEBUG: [LOAD_HANDLER] Checking LOAD op at 00103388. Address varnode: (unique, 0x6500, 8)  
2025-09-08 02:28:13 INFO  (GhidraScript) tflite_analyzer.py> DEBUG: [LOAD_HANDLER] POINTER_RULE FAIL: Address varnode UNNAMED(UniquePcode[0x6500]) is not tainted (recursive check).  
2025-09-08 02:28:13 INFO  (GhidraScript) tflite_analyzer.py> DEBUG: [LOAD_HANDLER] REGION_RULE FAIL: Address pointer UNNAMED(UniquePcode[0x6500]) is not in the tainted memory regions set.  
2025-09-08 02:28:13 INFO  (GhidraScript) tflite_analyzer.py> DEBUG: [LOAD_HANDLER] Checking LOAD op at 00103394. Address varnode: (unique, 0x6400, 8)  
2025-09-08 02:28:13 INFO  (GhidraScript) tflite_analyzer.py> DEBUG: [LOAD_HANDLER] POINTER_RULE FAIL: Address varnode UNNAMED(UniquePcode[0x6400]) is not tainted (recursive check).  
2025-09-08 02:28:13 INFO  (GhidraScript) tflite_analyzer.py> DEBUG: [LOAD_HANDLER] REGION_RULE FAIL: Address pointer UNNAMED(UniquePcode[0x6400]) is not in the tainted memory regions set.  
2025-09-08 02:28:13 INFO  (GhidraScript) tflite_analyzer.py> DEBUG: [LOAD_HANDLER] Checking LOAD op at 001033a0. Address varnode: (unique, 0x6400, 8)  
2025-09-08 02:28:13 INFO  (GhidraScript) tflite_analyzer.py> DEBUG: [LOAD_HANDLER] POINTER_RULE FAIL: Address varnode UNNAMED(UniquePcode[0x6400]) is not tainted (recursive check).  
2025-09-08 02:28:13 INFO  (GhidraScript) tflite_analyzer.py> DEBUG: [LOAD_HANDLER] REGION_RULE FAIL: Address pointer UNNAMED(UniquePcode[0x6400]) is not in the tainted memory regions set.  
2025-09-08 02:28:13 INFO  (GhidraScript) tflite_analyzer.py> DEBUG: [LOAD_HANDLER] Checking LOAD op at 001033f8. Address varnode: (unique, 0x11f80, 8)  
2025-09-08 02:28:13 INFO  (GhidraScript) tflite_analyzer.py> DEBUG: [LOAD_HANDLER] POINTER_RULE FAIL: Address varnode UNNAMED(UniquePcode[0x11f80]) is not tainted (recursive check).  
2025-09-08 02:28:13 INFO  (GhidraScript) tflite_analyzer.py> DEBUG: [LOAD_HANDLER] REGION_RULE FAIL: Address pointer UNNAMED(UniquePcode[0x11f80]) is not in the tainted memory regions set.  
2025-09-08 02:28:13 INFO  (GhidraScript) tflite_analyzer.py> DEBUG: [CBRANCH] Found defining op for condition: (unique, 0x1000052a, 1) FLOAT_LESSEQUAL (const, 0x3e800000, 4) , (register, 0x5000, 4)  
2025-09-08 02:28:13 INFO  (GhidraScript) tflite_analyzer.py> INFO: [main @ 0010340c] Taint reached CBRANCH. Operands: ['UnnamedHighVar(Constant: 0x3e800000)', 'fVar15(s0)'].   
2025-09-08 02:28:13 INFO  (GhidraScript) tflite_analyzer.py> DEBUG: [LOAD_HANDLER] Checking LOAD op at 0010347c. Address varnode: (unique, 0x12480, 8)  
2025-09-08 02:28:13 INFO  (GhidraScript) tflite_analyzer.py> DEBUG: [LOAD_HANDLER] POINTER_RULE FAIL: Address varnode UNNAMED(UniquePcode[0x12480]) is not tainted (recursive check).  
2025-09-08 02:28:13 INFO  (GhidraScript) tflite_analyzer.py> DEBUG: [LOAD_HANDLER] REGION_RULE FAIL: Address pointer UNNAMED(UniquePcode[0x12480]) is not in the tainted memory regions set.  
2025-09-08 02:28:13 INFO  (GhidraScript) tflite_analyzer.py> DEBUG: [CBRANCH] Found defining op for condition: (unique, 0x1000052e, 1) FLOAT_LESSEQUAL (const, 0x3e800000, 4) , (register, 0x5020, 4)  
2025-09-08 02:28:13 INFO  (GhidraScript) tflite_analyzer.py> INFO: [main @ 00103498] Taint reached CBRANCH. Operands: ['UnnamedHighVar(Constant: 0x3e800000)', 'UNNAMED(s1)'].   
2025-09-08 02:28:13 INFO  (GhidraScript) tflite_analyzer.py> DEBUG: [LOAD_HANDLER] Checking LOAD op at 001034a0. Address varnode: (stack, 0xfffffffffffffcd8, 8)  
2025-09-08 02:28:13 INFO  (GhidraScript) tflite_analyzer.py> DEBUG: [LOAD_HANDLER] POINTER_RULE FAIL: Address varnode local_328(StackDirect[Stack[-0x328]]) is not tainted (recursive check).  
2025-09-08 02:28:13 INFO  (GhidraScript) tflite_analyzer.py> DEBUG: [LOAD_HANDLER] REGION_RULE FAIL: Address pointer local_328(StackDirect[Stack[-0x328]]) is not in the tainted memory regions set.  
2025-09-08 02:28:13 INFO  (GhidraScript) tflite_analyzer.py> DEBUG: [LOAD_HANDLER] Checking LOAD op at 001034b0. Address varnode: (unique, 0x11f80, 8)  
2025-09-08 02:28:13 INFO  (GhidraScript) tflite_analyzer.py> DEBUG: [LOAD_HANDLER] POINTER_RULE FAIL: Address varnode UNNAMED(UniquePcode[0x11f80]) is not tainted (recursive check).  
2025-09-08 02:28:13 INFO  (GhidraScript) tflite_analyzer.py> DEBUG: [LOAD_HANDLER] REGION_RULE FAIL: Address pointer UNNAMED(UniquePcode[0x11f80]) is not in the tainted memory regions set.  
2025-09-08 02:28:13 INFO  (GhidraScript) tflite_analyzer.py> DEBUG: [LOAD_HANDLER] Checking LOAD op at 001034c0. Address varnode: (unique, 0x11f80, 8)  
2025-09-08 02:28:13 INFO  (GhidraScript) tflite_analyzer.py> DEBUG: [LOAD_HANDLER] POINTER_RULE FAIL: Address varnode UNNAMED(UniquePcode[0x11f80]) is not tainted (recursive check).  
2025-09-08 02:28:13 INFO  (GhidraScript) tflite_analyzer.py> DEBUG: [LOAD_HANDLER] REGION_RULE FAIL: Address pointer UNNAMED(UniquePcode[0x11f80]) is not in the tainted memory regions set.  
2025-09-08 02:28:13 INFO  (GhidraScript) tflite_analyzer.py> DEBUG: [LOAD_HANDLER] Checking LOAD op at 001034d0. Address varnode: (unique, 0x11f80, 8)  
2025-09-08 02:28:13 INFO  (GhidraScript) tflite_analyzer.py> DEBUG: [LOAD_HANDLER] POINTER_RULE FAIL: Address varnode UNNAMED(UniquePcode[0x11f80]) is not tainted (recursive check).  
2025-09-08 02:28:13 INFO  (GhidraScript) tflite_analyzer.py> DEBUG: [LOAD_HANDLER] REGION_RULE FAIL: Address pointer UNNAMED(UniquePcode[0x11f80]) is not in the tainted memory regions set.  
2025-09-08 02:28:13 INFO  (GhidraScript) tflite_analyzer.py> DEBUG: [CBRANCH] Found defining op for condition: (unique, 0x1200, 1) INT_SLESS (stack, 0xfffffffffffffc68, 4) , (unique, 0x24900, 4)  
2025-09-08 02:28:13 INFO  (GhidraScript) tflite_analyzer.py> INFO: [main @ 00103610] Taint reached CBRANCH. Operands: ['local_398(StackDirect[Stack[-0x398]])', 'iVar1(UniquePcode[0x24900])'].   
2025-09-08 02:28:13 INFO  (GhidraScript) tflite_analyzer.py> DEBUG: [CBRANCH] Found defining op for condition: (register, 0x108, 1) INT_EQUAL (register, 0x4000, 8) , (const, 0x0, 8)  
2025-09-08 02:28:13 INFO  (GhidraScript) tflite_analyzer.py> INFO: [main @ 00103668] Taint reached CBRANCH. Operands: ['lVar12(x0)', 'UnnamedHighVar(Constant: 0x0)'].   
2025-09-08 02:28:13 INFO  (GhidraScript) tflite_analyzer.py> DEBUG: [LOAD_HANDLER] Checking LOAD op at 00103678. Address varnode: (register, 0x4000, 8)  
2025-09-08 02:28:13 INFO  (GhidraScript) tflite_analyzer.py> DEBUG: [LOAD_HANDLER] POINTER_RULE FAIL: Address varnode piVar13(x0) is not tainted (recursive check).  
2025-09-08 02:28:13 INFO  (GhidraScript) tflite_analyzer.py> DEBUG: [LOAD_HANDLER] REGION_RULE FAIL: Address pointer piVar13(x0) is not in the tainted memory regions set.  
2025-09-08 02:28:13 INFO  (GhidraScript) tflite_analyzer.py> DEBUG: [LOAD_HANDLER] Checking LOAD op at 00103688. Address varnode: (unique, 0x6400, 8)  
2025-09-08 02:28:13 INFO  (GhidraScript) tflite_analyzer.py> DEBUG: [LOAD_HANDLER] POINTER_RULE FAIL: Address varnode UNNAMED(UniquePcode[0x6400]) is not tainted (recursive check).  
2025-09-08 02:28:13 INFO  (GhidraScript) tflite_analyzer.py> DEBUG: [LOAD_HANDLER] REGION_RULE FAIL: Address pointer UNNAMED(UniquePcode[0x6400]) is not in the tainted memory regions set.  
2025-09-08 02:28:13 INFO  (GhidraScript) tflite_analyzer.py> DEBUG: [CBRANCH] Found defining op for condition: (unique, 0x1400, 1) FLOAT_LESSEQUAL (register, 0x5020, 4) , (const, 0x3f000000, 4)  
2025-09-08 02:28:13 INFO  (GhidraScript) tflite_analyzer.py> INFO: [main @ 00103694] Taint reached CBRANCH. Operands: ['UNNAMED(s1)', 'UnnamedHighVar(Constant: 0x3f000000)'].   
2025-09-08 02:28:13 INFO  (GhidraScript) tflite_analyzer.py> INFO: [main @ 001036b0] Taint reached CBRANCH. Operands: [].   
2025-09-08 02:28:13 INFO  (GhidraScript) tflite_analyzer.py> DEBUG: [CBRANCH] Found defining op for condition: (register, 0x108, 1) INT_NOTEQUAL (unique, 0x3e480, 8) , (const, 0x0, 8)  
2025-09-08 02:28:13 INFO  (GhidraScript) tflite_analyzer.py> INFO: [main @ 00103738] Taint reached CBRANCH. Operands: ['UNNAMED(UniquePcode[0x3e480])', 'UnnamedHighVar(Constant: 0x0)'].   
2025-09-08 02:28:13 INFO  (GhidraScript) tflite_analyzer.py> DEBUG: [main @ 00103864] Analyzing potential tainted RETURN with value: UNNAMED(x0) (Tainted: 0)  
2025-09-08 02:28:13 INFO  (GhidraScript) tflite_analyzer.py>     [DEBUG] --- Taint Check Details (RETURN FAILED) ---  
2025-09-08 02:28:13 INFO  (GhidraScript) tflite_analyzer.py>     [DEBUG]   > Return Varnode: (register, 0x4000, 8) (Size: 8, Def: (register, 0x4000, 8) COPY (register, 0x4098, 8) at 00103854)  
2025-09-08 02:28:13 INFO  (GhidraScript) tflite_analyzer.py>     [DEBUG]   > Currently Tainted HighVariables in this function:  
2025-09-08 02:28:13 INFO  (GhidraScript) tflite_analyzer.py>     [DEBUG]     1. UNNAMED(UniquePcode[0x1000076f])  
2025-09-08 02:28:13 INFO  (GhidraScript) tflite_analyzer.py>     [DEBUG]     2. pbVar7(x0)  
2025-09-08 02:28:13 INFO  (GhidraScript) tflite_analyzer.py>     [DEBUG] ---------------------------------  
2025-09-08 02:28:13 INFO  (GhidraScript) tflite_analyzer.py> <<< Finished analyzing function: main.  
2025-09-08 02:28:13 INFO  (GhidraScript) tflite_analyzer.py> 
--- Initiating Stage 2 Analysis Task #2 (from rule: tainted_return_from_operator<<) ---  
2025-09-08 02:28:13 INFO  (GhidraScript) tflite_analyzer.py> DEBUG: Already analyzed function main with initial taints ('pbVar7(x0)',) (origin: tainted_return_from_operator<<). Skipping.  
2025-09-08 02:28:13 INFO  (GhidraScript) tflite_analyzer.py> 
--- Initiating Stage 2 Analysis Task #3 (from rule: tainted_return_from_operator<<) ---  
2025-09-08 02:28:13 INFO  (GhidraScript) tflite_analyzer.py> DEBUG: Already analyzed function main with initial taints ('pbVar7(x0)',) (origin: tainted_return_from_operator<<). Skipping.  
2025-09-08 02:28:13 INFO  (GhidraScript) tflite_analyzer.py> 
--- All Multi-Stage Analysis Tasks Complete. ---  
2025-09-08 02:28:13 INFO  (GhidraScript) tflite_analyzer.py> 
--- Taint Analysis Run Complete ---  
2025-09-08 02:28:13 INFO  (GhidraScript) tflite_analyzer.py> \n--- All Detected Tainted Value Usages (Interprocedural) ---  
2025-09-08 02:28:13 INFO  (GhidraScript) tflite_analyzer.py> Usage #1:  
2025-09-08 02:28:13 INFO  (GhidraScript) tflite_analyzer.py>   Originating Lib Call: ['operator']  
2025-09-08 02:28:13 INFO  (GhidraScript) tflite_analyzer.py>   Found In Function:   operator.new at 001027f0  
2025-09-08 02:28:13 INFO  (GhidraScript) tflite_analyzer.py>   Instruction Address: 001027fc  
2025-09-08 02:28:13 INFO  (GhidraScript) tflite_analyzer.py>     PCode Op:             ---  RETURN (const, 0x0, 8) , (register, 0x4000, 8)  
2025-09-08 02:28:13 INFO  (GhidraScript) tflite_analyzer.py>     Usage Type:          RETURN_TAINTED_VALUE  
2025-09-08 02:28:13 INFO  (GhidraScript) tflite_analyzer.py>     Tainted Component:   pvVar1(x0)  
2025-09-08 02:28:13 INFO  (GhidraScript) tflite_analyzer.py> ----------------------------------------  
2025-09-08 02:28:13 INFO  (GhidraScript) tflite_analyzer.py> Usage #2:  
2025-09-08 02:28:13 INFO  (GhidraScript) tflite_analyzer.py>   Originating Lib Call: ['operator']  
2025-09-08 02:28:13 INFO  (GhidraScript) tflite_analyzer.py>   Found In Function:   operator<< at 00102880  
2025-09-08 02:28:13 INFO  (GhidraScript) tflite_analyzer.py>   Instruction Address: 0010288c  
2025-09-08 02:28:13 INFO  (GhidraScript) tflite_analyzer.py>     PCode Op:             ---  RETURN (const, 0x0, 8) , (register, 0x4000, 8)  
2025-09-08 02:28:13 INFO  (GhidraScript) tflite_analyzer.py>     Usage Type:          RETURN_TAINTED_VALUE  
2025-09-08 02:28:13 INFO  (GhidraScript) tflite_analyzer.py>     Tainted Component:   pbVar1(x0)  
2025-09-08 02:28:13 INFO  (GhidraScript) tflite_analyzer.py> ----------------------------------------  
2025-09-08 02:28:13 INFO  (GhidraScript) tflite_analyzer.py> Usage #3:  
2025-09-08 02:28:13 INFO  (GhidraScript) tflite_analyzer.py>   Originating Lib Call: ['operator']  
2025-09-08 02:28:13 INFO  (GhidraScript) tflite_analyzer.py>   Found In Function:   main at 00103150  
2025-09-08 02:28:13 INFO  (GhidraScript) tflite_analyzer.py>   Instruction Address: 001031b0  
2025-09-08 02:28:13 INFO  (GhidraScript) tflite_analyzer.py>     PCode Op:            (register, 0x4000, 8) CALL (ram, 0x102880, 8) , (register, 0x4000, 8) , (register, 0x4000, 8)  
2025-09-08 02:28:13 INFO  (GhidraScript) tflite_analyzer.py>     Usage Type:          TAINTED_ARG_TO_CALL_RECURSION  
2025-09-08 02:28:13 INFO  (GhidraScript) tflite_analyzer.py>     Details:             Recursive call to operator<< (CALL) with taints: param_1(x0).  
2025-09-08 02:28:13 INFO  (GhidraScript) tflite_analyzer.py> ----------------------------------------  
2025-09-08 02:28:13 INFO  (GhidraScript) tflite_analyzer.py> Usage #4:  
2025-09-08 02:28:13 INFO  (GhidraScript) tflite_analyzer.py>   Originating Lib Call: ['operator']  
2025-09-08 02:28:13 INFO  (GhidraScript) tflite_analyzer.py>   Found In Function:   operator<< at 00102880  
2025-09-08 02:28:13 INFO  (GhidraScript) tflite_analyzer.py>   Instruction Address: 0010288c  
2025-09-08 02:28:13 INFO  (GhidraScript) tflite_analyzer.py>     PCode Op:            (register, 0x4000, 8) CALL (ram, 0x121158, 8) , (register, 0x4000, 8) , (register, 0x4008, 8)  
2025-09-08 02:28:13 INFO  (GhidraScript) tflite_analyzer.py>     Usage Type:          TAINTED_ARG_TO_CALL_RECURSION  
2025-09-08 02:28:13 INFO  (GhidraScript) tflite_analyzer.py>     Details:             Recursive call to operator<< (CALL) with taints: param_1(x0).  
2025-09-08 02:28:13 INFO  (GhidraScript) tflite_analyzer.py> ----------------------------------------  
2025-09-08 02:28:13 INFO  (GhidraScript) tflite_analyzer.py> Usage #5:  
2025-09-08 02:28:13 INFO  (GhidraScript) tflite_analyzer.py>   Originating Lib Call: ['operator']  
2025-09-08 02:28:13 INFO  (GhidraScript) tflite_analyzer.py>   Found In Function:   main at 00103150  
2025-09-08 02:28:13 INFO  (GhidraScript) tflite_analyzer.py>   Instruction Address: 001031c4  
2025-09-08 02:28:13 INFO  (GhidraScript) tflite_analyzer.py>     PCode Op:            (register, 0x4000, 8) CALL (ram, 0x102880, 8) , (register, 0x4000, 8) , (unique, 0x10000558, 8)  
2025-09-08 02:28:13 INFO  (GhidraScript) tflite_analyzer.py>     Usage Type:          TAINTED_ARG_TO_CALL_RECURSION  
2025-09-08 02:28:13 INFO  (GhidraScript) tflite_analyzer.py>     Details:             Recursive call to operator<< (CALL) with taints: param_1(x0).  
2025-09-08 02:28:13 INFO  (GhidraScript) tflite_analyzer.py> ----------------------------------------  
2025-09-08 02:28:13 INFO  (GhidraScript) tflite_analyzer.py> Usage #6:  
2025-09-08 02:28:13 INFO  (GhidraScript) tflite_analyzer.py>   Originating Lib Call: ['operator']  
2025-09-08 02:28:13 INFO  (GhidraScript) tflite_analyzer.py>   Found In Function:   main at 00103150  
2025-09-08 02:28:13 INFO  (GhidraScript) tflite_analyzer.py>   Instruction Address: 0010340c  
2025-09-08 02:28:13 INFO  (GhidraScript) tflite_analyzer.py>     PCode Op:             ---  CBRANCH (ram, 0x1035ec, 1) , (unique, 0x1000052a, 1)  
2025-09-08 02:28:13 INFO  (GhidraScript) tflite_analyzer.py>     Usage Type:          BRANCH_CONDITION_TAINTED  
2025-09-08 02:28:13 INFO  (GhidraScript) tflite_analyzer.py>     Tainted Component:   UNNAMED(UniquePcode[0x1000052a])  
2025-09-08 02:28:13 INFO  (GhidraScript) tflite_analyzer.py>     Details:             Tainted condition for branch.  
2025-09-08 02:28:13 INFO  (GhidraScript) tflite_analyzer.py> ----------------------------------------  
2025-09-08 02:28:13 INFO  (GhidraScript) tflite_analyzer.py> Usage #7:  
2025-09-08 02:28:13 INFO  (GhidraScript) tflite_analyzer.py>   Originating Lib Call: ['operator']  
2025-09-08 02:28:13 INFO  (GhidraScript) tflite_analyzer.py>   Found In Function:   main at 00103150  
2025-09-08 02:28:13 INFO  (GhidraScript) tflite_analyzer.py>   Instruction Address: 00103498  
2025-09-08 02:28:13 INFO  (GhidraScript) tflite_analyzer.py>     PCode Op:             ---  CBRANCH (ram, 0x1035f4, 1) , (unique, 0x1000052e, 1)  
2025-09-08 02:28:13 INFO  (GhidraScript) tflite_analyzer.py>     Usage Type:          BRANCH_CONDITION_TAINTED  
2025-09-08 02:28:13 INFO  (GhidraScript) tflite_analyzer.py>     Tainted Component:   UNNAMED(UniquePcode[0x1000052e])  
2025-09-08 02:28:13 INFO  (GhidraScript) tflite_analyzer.py>     Details:             Tainted condition for branch.  
2025-09-08 02:28:13 INFO  (GhidraScript) tflite_analyzer.py> ----------------------------------------  
2025-09-08 02:28:13 INFO  (GhidraScript) tflite_analyzer.py> Usage #8:  
2025-09-08 02:28:13 INFO  (GhidraScript) tflite_analyzer.py>   Originating Lib Call: ['operator']  
2025-09-08 02:28:13 INFO  (GhidraScript) tflite_analyzer.py>   Found In Function:   main at 00103150  
2025-09-08 02:28:13 INFO  (GhidraScript) tflite_analyzer.py>   Instruction Address: 00103610  
2025-09-08 02:28:13 INFO  (GhidraScript) tflite_analyzer.py>     PCode Op:             ---  CBRANCH (ram, 0x1033d0, 1) , (unique, 0x1200, 1)  
2025-09-08 02:28:13 INFO  (GhidraScript) tflite_analyzer.py>     Usage Type:          BRANCH_CONDITION_TAINTED  
2025-09-08 02:28:13 INFO  (GhidraScript) tflite_analyzer.py>     Tainted Component:   UNNAMED(UniquePcode[0x1200])  
2025-09-08 02:28:13 INFO  (GhidraScript) tflite_analyzer.py>     Details:             Tainted condition for branch.  
2025-09-08 02:28:13 INFO  (GhidraScript) tflite_analyzer.py> ----------------------------------------  
2025-09-08 02:28:13 INFO  (GhidraScript) tflite_analyzer.py> Usage #9:  
2025-09-08 02:28:13 INFO  (GhidraScript) tflite_analyzer.py>   Originating Lib Call: ['operator']  
2025-09-08 02:28:13 INFO  (GhidraScript) tflite_analyzer.py>   Found In Function:   main at 00103150  
2025-09-08 02:28:13 INFO  (GhidraScript) tflite_analyzer.py>   Instruction Address: 00103668  
2025-09-08 02:28:13 INFO  (GhidraScript) tflite_analyzer.py>     PCode Op:             ---  CBRANCH (ram, 0x1036a4, 1) , (register, 0x108, 1)  
2025-09-08 02:28:13 INFO  (GhidraScript) tflite_analyzer.py>     Usage Type:          BRANCH_CONDITION_TAINTED  
2025-09-08 02:28:13 INFO  (GhidraScript) tflite_analyzer.py>     Tainted Component:   UNNAMED(tmpZR)  
2025-09-08 02:28:13 INFO  (GhidraScript) tflite_analyzer.py>     Details:             Tainted condition for branch.  
2025-09-08 02:28:13 INFO  (GhidraScript) tflite_analyzer.py> ----------------------------------------  
2025-09-08 02:28:13 INFO  (GhidraScript) tflite_analyzer.py> Usage #10:  
2025-09-08 02:28:13 INFO  (GhidraScript) tflite_analyzer.py>   Originating Lib Call: ['operator']  
2025-09-08 02:28:13 INFO  (GhidraScript) tflite_analyzer.py>   Found In Function:   main at 00103150  
2025-09-08 02:28:13 INFO  (GhidraScript) tflite_analyzer.py>   Instruction Address: 00103694  
2025-09-08 02:28:13 INFO  (GhidraScript) tflite_analyzer.py>     PCode Op:             ---  CBRANCH (ram, 0x10369c, 1) , (unique, 0x1400, 1)  
2025-09-08 02:28:13 INFO  (GhidraScript) tflite_analyzer.py>     Usage Type:          BRANCH_CONDITION_TAINTED  
2025-09-08 02:28:13 INFO  (GhidraScript) tflite_analyzer.py>     Tainted Component:   UNNAMED(UniquePcode[0x1400])  
2025-09-08 02:28:13 INFO  (GhidraScript) tflite_analyzer.py>     Details:             Tainted condition for branch.  
2025-09-08 02:28:13 INFO  (GhidraScript) tflite_analyzer.py> ----------------------------------------  
2025-09-08 02:28:13 INFO  (GhidraScript) tflite_analyzer.py> Usage #11:  
2025-09-08 02:28:13 INFO  (GhidraScript) tflite_analyzer.py>   Originating Lib Call: ['operator']  
2025-09-08 02:28:13 INFO  (GhidraScript) tflite_analyzer.py>   Found In Function:   main at 00103150  
2025-09-08 02:28:13 INFO  (GhidraScript) tflite_analyzer.py>   Instruction Address: 001036b0  
2025-09-08 02:28:13 INFO  (GhidraScript) tflite_analyzer.py>     PCode Op:             ---  CBRANCH (ram, 0x1036c4, 1) , (unique, 0x1000054b, 1)  
2025-09-08 02:28:13 INFO  (GhidraScript) tflite_analyzer.py>     Usage Type:          BRANCH_CONDITION_TAINTED  
2025-09-08 02:28:13 INFO  (GhidraScript) tflite_analyzer.py>     Tainted Component:   bVar3(UniquePcode[0x1000054b])  
2025-09-08 02:28:13 INFO  (GhidraScript) tflite_analyzer.py>     Details:             Tainted condition for branch.  
2025-09-08 02:28:13 INFO  (GhidraScript) tflite_analyzer.py> ----------------------------------------  
2025-09-08 02:28:13 INFO  (GhidraScript) tflite_analyzer.py> Usage #12:  
2025-09-08 02:28:13 INFO  (GhidraScript) tflite_analyzer.py>   Originating Lib Call: ['operator']  
2025-09-08 02:28:13 INFO  (GhidraScript) tflite_analyzer.py>   Found In Function:   main at 00103150  
2025-09-08 02:28:13 INFO  (GhidraScript) tflite_analyzer.py>   Instruction Address: 00103738  
2025-09-08 02:28:13 INFO  (GhidraScript) tflite_analyzer.py>     PCode Op:             ---  CBRANCH (ram, 0x103854, 1) , (register, 0x108, 1)  
2025-09-08 02:28:13 INFO  (GhidraScript) tflite_analyzer.py>     Usage Type:          BRANCH_CONDITION_TAINTED  
2025-09-08 02:28:13 INFO  (GhidraScript) tflite_analyzer.py>     Tainted Component:   UNNAMED(tmpZR)  
2025-09-08 02:28:13 INFO  (GhidraScript) tflite_analyzer.py>     Details:             Tainted condition for branch.  
2025-09-08 02:28:13 INFO  (GhidraScript) tflite_analyzer.py> ----------------------------------------  
2025-09-08 02:28:13 INFO  (GhidraScript) tflite_analyzer.py> Usage #13:  
2025-09-08 02:28:13 INFO  (GhidraScript) tflite_analyzer.py>   Originating Lib Call: tainted_return_from_operator<<  
2025-09-08 02:28:13 INFO  (GhidraScript) tflite_analyzer.py>   Found In Function:   main at 00103150  
2025-09-08 02:28:13 INFO  (GhidraScript) tflite_analyzer.py>   Instruction Address: 001031b0  
2025-09-08 02:28:13 INFO  (GhidraScript) tflite_analyzer.py>     PCode Op:            (register, 0x4000, 8) CALL (ram, 0x102880, 8) , (register, 0x4000, 8) , (register, 0x4000, 8)  
2025-09-08 02:28:13 INFO  (GhidraScript) tflite_analyzer.py>     Usage Type:          TAINTED_ARG_TO_CALL_RECURSION  
2025-09-08 02:28:13 INFO  (GhidraScript) tflite_analyzer.py>     Details:             Recursive call to operator<< (CALL) with taints: param_1(x0).  
2025-09-08 02:28:13 INFO  (GhidraScript) tflite_analyzer.py> ----------------------------------------  
2025-09-08 02:28:13 INFO  (GhidraScript) tflite_analyzer.py> Usage #14:  
2025-09-08 02:28:13 INFO  (GhidraScript) tflite_analyzer.py>   Originating Lib Call: tainted_return_from_operator<<  
2025-09-08 02:28:13 INFO  (GhidraScript) tflite_analyzer.py>   Found In Function:   operator<< at 00102880  
2025-09-08 02:28:13 INFO  (GhidraScript) tflite_analyzer.py>   Instruction Address: 0010288c  
2025-09-08 02:28:13 INFO  (GhidraScript) tflite_analyzer.py>     PCode Op:            (register, 0x4000, 8) CALL (ram, 0x121158, 8) , (register, 0x4000, 8) , (register, 0x4008, 8)  
2025-09-08 02:28:13 INFO  (GhidraScript) tflite_analyzer.py>     Usage Type:          TAINTED_ARG_TO_CALL_RECURSION  
2025-09-08 02:28:13 INFO  (GhidraScript) tflite_analyzer.py>     Details:             Recursive call to operator<< (CALL) with taints: param_1(x0).  
2025-09-08 02:28:13 INFO  (GhidraScript) tflite_analyzer.py> ----------------------------------------  
2025-09-08 02:28:13 INFO  (GhidraScript) tflite_analyzer.py> Usage #15:  
2025-09-08 02:28:13 INFO  (GhidraScript) tflite_analyzer.py>   Originating Lib Call: tainted_return_from_operator<<  
2025-09-08 02:28:13 INFO  (GhidraScript) tflite_analyzer.py>   Found In Function:   main at 00103150  
2025-09-08 02:28:13 INFO  (GhidraScript) tflite_analyzer.py>   Instruction Address: 001031c4  
2025-09-08 02:28:13 INFO  (GhidraScript) tflite_analyzer.py>     PCode Op:            (register, 0x4000, 8) CALL (ram, 0x102880, 8) , (register, 0x4000, 8) , (unique, 0x10000558, 8)  
2025-09-08 02:28:13 INFO  (GhidraScript) tflite_analyzer.py>     Usage Type:          TAINTED_ARG_TO_CALL_RECURSION  
2025-09-08 02:28:13 INFO  (GhidraScript) tflite_analyzer.py>     Details:             Recursive call to operator<< (CALL) with taints: param_1(x0).  
2025-09-08 02:28:13 INFO  (GhidraScript) tflite_analyzer.py> ----------------------------------------  
2025-09-08 02:28:13 INFO  (GhidraScript) tflite_analyzer.py> Usage #16:  
2025-09-08 02:28:13 INFO  (GhidraScript) tflite_analyzer.py>   Originating Lib Call: tainted_return_from_operator<<  
2025-09-08 02:28:13 INFO  (GhidraScript) tflite_analyzer.py>   Found In Function:   main at 00103150  
2025-09-08 02:28:13 INFO  (GhidraScript) tflite_analyzer.py>   Instruction Address: 0010340c  
2025-09-08 02:28:13 INFO  (GhidraScript) tflite_analyzer.py>     PCode Op:             ---  CBRANCH (ram, 0x1035ec, 1) , (unique, 0x1000052a, 1)  
2025-09-08 02:28:13 INFO  (GhidraScript) tflite_analyzer.py>     Usage Type:          BRANCH_CONDITION_TAINTED  
2025-09-08 02:28:13 INFO  (GhidraScript) tflite_analyzer.py>     Tainted Component:   UNNAMED(UniquePcode[0x1000052a])  
2025-09-08 02:28:13 INFO  (GhidraScript) tflite_analyzer.py>     Details:             Tainted condition for branch.  
2025-09-08 02:28:13 INFO  (GhidraScript) tflite_analyzer.py> ----------------------------------------  
2025-09-08 02:28:13 INFO  (GhidraScript) tflite_analyzer.py> Usage #17:  
2025-09-08 02:28:13 INFO  (GhidraScript) tflite_analyzer.py>   Originating Lib Call: tainted_return_from_operator<<  
2025-09-08 02:28:13 INFO  (GhidraScript) tflite_analyzer.py>   Found In Function:   main at 00103150  
2025-09-08 02:28:13 INFO  (GhidraScript) tflite_analyzer.py>   Instruction Address: 00103498  
2025-09-08 02:28:13 INFO  (GhidraScript) tflite_analyzer.py>     PCode Op:             ---  CBRANCH (ram, 0x1035f4, 1) , (unique, 0x1000052e, 1)  
2025-09-08 02:28:13 INFO  (GhidraScript) tflite_analyzer.py>     Usage Type:          BRANCH_CONDITION_TAINTED  
2025-09-08 02:28:13 INFO  (GhidraScript) tflite_analyzer.py>     Tainted Component:   UNNAMED(UniquePcode[0x1000052e])  
2025-09-08 02:28:13 INFO  (GhidraScript) tflite_analyzer.py>     Details:             Tainted condition for branch.  
2025-09-08 02:28:13 INFO  (GhidraScript) tflite_analyzer.py> ----------------------------------------  
2025-09-08 02:28:13 INFO  (GhidraScript) tflite_analyzer.py> Usage #18:  
2025-09-08 02:28:13 INFO  (GhidraScript) tflite_analyzer.py>   Originating Lib Call: tainted_return_from_operator<<  
2025-09-08 02:28:13 INFO  (GhidraScript) tflite_analyzer.py>   Found In Function:   main at 00103150  
2025-09-08 02:28:13 INFO  (GhidraScript) tflite_analyzer.py>   Instruction Address: 00103610  
2025-09-08 02:28:13 INFO  (GhidraScript) tflite_analyzer.py>     PCode Op:             ---  CBRANCH (ram, 0x1033d0, 1) , (unique, 0x1200, 1)  
2025-09-08 02:28:13 INFO  (GhidraScript) tflite_analyzer.py>     Usage Type:          BRANCH_CONDITION_TAINTED  
2025-09-08 02:28:13 INFO  (GhidraScript) tflite_analyzer.py>     Tainted Component:   UNNAMED(UniquePcode[0x1200])  
2025-09-08 02:28:13 INFO  (GhidraScript) tflite_analyzer.py>     Details:             Tainted condition for branch.  
2025-09-08 02:28:13 INFO  (GhidraScript) tflite_analyzer.py> ----------------------------------------  
2025-09-08 02:28:13 INFO  (GhidraScript) tflite_analyzer.py> Usage #19:  
2025-09-08 02:28:13 INFO  (GhidraScript) tflite_analyzer.py>   Originating Lib Call: tainted_return_from_operator<<  
2025-09-08 02:28:13 INFO  (GhidraScript) tflite_analyzer.py>   Found In Function:   main at 00103150  
2025-09-08 02:28:13 INFO  (GhidraScript) tflite_analyzer.py>   Instruction Address: 00103668  
2025-09-08 02:28:13 INFO  (GhidraScript) tflite_analyzer.py>     PCode Op:             ---  CBRANCH (ram, 0x1036a4, 1) , (register, 0x108, 1)  
2025-09-08 02:28:13 INFO  (GhidraScript) tflite_analyzer.py>     Usage Type:          BRANCH_CONDITION_TAINTED  
2025-09-08 02:28:13 INFO  (GhidraScript) tflite_analyzer.py>     Tainted Component:   UNNAMED(tmpZR)  
2025-09-08 02:28:13 INFO  (GhidraScript) tflite_analyzer.py>     Details:             Tainted condition for branch.  
2025-09-08 02:28:13 INFO  (GhidraScript) tflite_analyzer.py> ----------------------------------------  
2025-09-08 02:28:13 INFO  (GhidraScript) tflite_analyzer.py> Usage #20:  
2025-09-08 02:28:13 INFO  (GhidraScript) tflite_analyzer.py>   Originating Lib Call: tainted_return_from_operator<<  
2025-09-08 02:28:13 INFO  (GhidraScript) tflite_analyzer.py>   Found In Function:   main at 00103150  
2025-09-08 02:28:13 INFO  (GhidraScript) tflite_analyzer.py>   Instruction Address: 00103694  
2025-09-08 02:28:13 INFO  (GhidraScript) tflite_analyzer.py>     PCode Op:             ---  CBRANCH (ram, 0x10369c, 1) , (unique, 0x1400, 1)  
2025-09-08 02:28:13 INFO  (GhidraScript) tflite_analyzer.py>     Usage Type:          BRANCH_CONDITION_TAINTED  
2025-09-08 02:28:13 INFO  (GhidraScript) tflite_analyzer.py>     Tainted Component:   UNNAMED(UniquePcode[0x1400])  
2025-09-08 02:28:13 INFO  (GhidraScript) tflite_analyzer.py>     Details:             Tainted condition for branch.  
2025-09-08 02:28:13 INFO  (GhidraScript) tflite_analyzer.py> ----------------------------------------  
2025-09-08 02:28:13 INFO  (GhidraScript) tflite_analyzer.py> Usage #21:  
2025-09-08 02:28:13 INFO  (GhidraScript) tflite_analyzer.py>   Originating Lib Call: tainted_return_from_operator<<  
2025-09-08 02:28:13 INFO  (GhidraScript) tflite_analyzer.py>   Found In Function:   main at 00103150  
2025-09-08 02:28:13 INFO  (GhidraScript) tflite_analyzer.py>   Instruction Address: 001036b0  
2025-09-08 02:28:13 INFO  (GhidraScript) tflite_analyzer.py>     PCode Op:             ---  CBRANCH (ram, 0x1036c4, 1) , (unique, 0x1000054b, 1)  
2025-09-08 02:28:13 INFO  (GhidraScript) tflite_analyzer.py>     Usage Type:          BRANCH_CONDITION_TAINTED  
2025-09-08 02:28:13 INFO  (GhidraScript) tflite_analyzer.py>     Tainted Component:   bVar3(UniquePcode[0x1000054b])  
2025-09-08 02:28:13 INFO  (GhidraScript) tflite_analyzer.py>     Details:             Tainted condition for branch.  
2025-09-08 02:28:13 INFO  (GhidraScript) tflite_analyzer.py> ----------------------------------------  
2025-09-08 02:28:13 INFO  (GhidraScript) tflite_analyzer.py> Usage #22:  
2025-09-08 02:28:13 INFO  (GhidraScript) tflite_analyzer.py>   Originating Lib Call: tainted_return_from_operator<<  
2025-09-08 02:28:13 INFO  (GhidraScript) tflite_analyzer.py>   Found In Function:   main at 00103150  
2025-09-08 02:28:13 INFO  (GhidraScript) tflite_analyzer.py>   Instruction Address: 00103738  
2025-09-08 02:28:13 INFO  (GhidraScript) tflite_analyzer.py>     PCode Op:             ---  CBRANCH (ram, 0x103854, 1) , (register, 0x108, 1)  
2025-09-08 02:28:13 INFO  (GhidraScript) tflite_analyzer.py>     Usage Type:          BRANCH_CONDITION_TAINTED  
2025-09-08 02:28:13 INFO  (GhidraScript) tflite_analyzer.py>     Tainted Component:   UNNAMED(tmpZR)  
2025-09-08 02:28:13 INFO  (GhidraScript) tflite_analyzer.py>     Details:             Tainted condition for branch.  
2025-09-08 02:28:13 INFO  (GhidraScript) tflite_analyzer.py> ----------------------------------------  
2025-09-08 02:28:13 INFO  (GhidraScript) tflite_analyzer.py> INFO: TAINT_ANALYSIS_JSON_OUTPUT env var found. Saving results to: /Users/chenkexin/Desktop/kk/test_taint/results/yolov5_detector_tflite_gcc_O0_taint_analysis_results.json  
2025-09-08 02:28:13 INFO  (GhidraScript) tflite_analyzer.py> Taint analysis results saved to: /Users/chenkexin/Desktop/kk/test_taint/results/yolov5_detector_tflite_gcc_O0_taint_analysis_results.json  
2025-09-08 02:28:14 INFO  (GhidraScript) tflite_analyzer.py> SUCCESS: Hook configuration saved to: /Users/chenkexin/Desktop/kk/test_taint/results/yolov5_detector_tflite_gcc_O0_hook_config.json  
2025-09-08 02:28:14 INFO  (GhidraScript) tflite_analyzer.py> TFLite Taint Analyzer finished.  
2025-09-08 02:28:14 INFO  (HeadlessAnalyzer) ANALYZING changes made by post scripts: file:///Users/chenkexin/Desktop/kk/test_taint/assets/merged_bin/yolov5_detector_tflite_gcc_O0  
2025-09-08 02:28:14 INFO  (HeadlessAnalyzer) REPORT: Post-analysis succeeded for file: file:///Users/chenkexin/Desktop/kk/test_taint/assets/merged_bin/yolov5_detector_tflite_gcc_O0  
2025-09-08 02:28:14 INFO  (HeadlessAnalyzer) REPORT: Save succeeded for: /yolov5_detector_tflite_gcc_O0 (all_binaries_analysis:/yolov5_detector_tflite_gcc_O0)  
2025-09-08 02:28:14 INFO  (HeadlessAnalyzer) REPORT: Import succeeded  
2025-09-08 02:28:14 DEBUG (DefaultProjectData) Closing ProjectData: /Users/chenkexin/Desktop/kk/test_taint/ghidra_projects/all_binaries_analysis.rep  
2025-09-08 02:28:14 DEBUG (DefaultProjectData) Disposing ProjectData: /Users/chenkexin/Desktop/kk/test_taint/ghidra_projects/all_binaries_analysis.rep  
