2025-09-08 02:26:07 INFO  (LoggingInitialization) Using log config file: jar:file:/Applications/ghidra_11.0.3_PUBLIC/Ghidra/Framework/Generic/lib/Generic.jar!/generic.log4j.xml  
2025-09-08 02:26:07 INFO  (LoggingInitialization) Using log file: /Users/chenkexin/Desktop/kk/test_taint/logs/yolov5_detector_mnn_gcc_O0_headless_analysis.log  
2025-09-08 02:26:07 INFO  (Preferences) Loading user preferences: /Users/chenkexin/.ghidra/.ghidra_11.0.3_PUBLIC/preferences  
2025-09-08 02:26:07 INFO  (Preferences) Loading previous preferences: /Users/chenkexin/.ghidra/.ghidra_10.4_PUBLIC/preferences  
2025-09-08 02:26:07 INFO  (ClassSearcher) Searching for classes...  
2025-09-08 02:26:08 INFO  (ClassSearcher) Class search complete (1431 ms)  
2025-09-08 02:26:08 INFO  (SSLContextInitializer) Initializing SSL Context  
2025-09-08 02:26:08 INFO  (SecureRandomFactory) Initializing Random Number Generator...  
2025-09-08 02:26:08 INFO  (SecureRandomFactory) Random Number Generator initialization complete: NativePRNGNonBlocking  
2025-09-08 02:26:08 INFO  (ApplicationTrustManagerFactory) Trust manager disabled, cacerts have not been set  
2025-09-08 02:26:09 INFO  (HeadlessAnalyzer) HEADLESS Script Paths:
    /Applications/ghidra_11.0.3_PUBLIC/Ghidra/Processors/8051/ghidra_scripts
    /Applications/ghidra_11.0.3_PUBLIC/Ghidra/Features/FileFormats/ghidra_scripts
    /Applications/ghidra_11.0.3_PUBLIC/Ghidra/Features/Base/ghidra_scripts
    /Applications/ghidra_11.0.3_PUBLIC/Ghidra/Features/Python/ghidra_scripts
    /Applications/ghidra_11.0.3_PUBLIC/Ghidra/Features/GnuDemangler/ghidra_scripts
    /Applications/ghidra_11.0.3_PUBLIC/Ghidra/Features/SystemEmulation/ghidra_scripts
    /Applications/ghidra_11.0.3_PUBLIC/Ghidra/Features/MicrosoftCodeAnalyzer/ghidra_scripts
    /Applications/ghidra_11.0.3_PUBLIC/Ghidra/Features/BytePatterns/ghidra_scripts
    /Applications/ghidra_11.0.3_PUBLIC/Ghidra/Features/Decompiler/ghidra_scripts
    /Applications/ghidra_11.0.3_PUBLIC/Ghidra/Processors/Atmel/ghidra_scripts
    /Applications/ghidra_11.0.3_PUBLIC/Ghidra/Debug/Debugger-agent-frida/ghidra_scripts
    /Applications/ghidra_11.0.3_PUBLIC/Ghidra/Features/FunctionID/ghidra_scripts
    /Applications/ghidra_11.0.3_PUBLIC/Ghidra/Processors/JVM/ghidra_scripts
    /Applications/ghidra_11.0.3_PUBLIC/Ghidra/Processors/PIC/ghidra_scripts
    /Applications/ghidra_11.0.3_PUBLIC/Ghidra/Features/BSim/ghidra_scripts
    /Applications/ghidra_11.0.3_PUBLIC/Ghidra/Features/PDB/ghidra_scripts
    /Applications/ghidra_11.0.3_PUBLIC/Ghidra/Processors/DATA/ghidra_scripts
    /Users/chenkexin/ghidra_scripts
    /Users/chenkexin/Desktop/kk/test_taint
    /Applications/ghidra_11.0.3_PUBLIC/Ghidra/Debug/Debugger-agent-dbgmodel-traceloader/ghidra_scripts
    /Applications/ghidra_11.0.3_PUBLIC/Ghidra/Debug/Debugger-rmi-trace/ghidra_scripts
    /Applications/ghidra_11.0.3_PUBLIC/Ghidra/Features/VersionTracking/ghidra_scripts
    /Applications/ghidra_11.0.3_PUBLIC/Ghidra/Debug/Debugger/ghidra_scripts  
2025-09-08 02:26:09 INFO  (HeadlessAnalyzer) HEADLESS: execution starts  
2025-09-08 02:26:09 INFO  (HeadlessAnalyzer) Opening existing project: /Users/chenkexin/Desktop/kk/test_taint/ghidra_projects/all_binaries_analysis  
2025-09-08 02:26:09 INFO  (HeadlessProject) Opening project: /Users/chenkexin/Desktop/kk/test_taint/ghidra_projects/all_binaries_analysis  
2025-09-08 02:26:09 INFO  (HeadlessAnalyzer) REPORT: Processing input files:   
2025-09-08 02:26:09 INFO  (HeadlessAnalyzer)      project: /Users/chenkexin/Desktop/kk/test_taint/ghidra_projects/all_binaries_analysis  
2025-09-08 02:26:09 INFO  (HeadlessAnalyzer) IMPORTING: file:///Users/chenkexin/Desktop/kk/test_taint/assets/merged_bin/yolov5_detector_mnn_gcc_O0  
2025-09-08 02:26:12 INFO  (AutoImporter) Using Loader: Executable and Linking Format (ELF)  
2025-09-08 02:26:12 INFO  (AutoImporter) Using Language/Compiler: AARCH64:LE:64:v8A:default  
2025-09-08 02:26:12 DEBUG (ElfHeader) Elf symbol table section .dynsym linked to string table section .dynstr  
2025-09-08 02:26:12 DEBUG (ElfHeader) Elf symbol table section .symtab linked to string table section .strtab  
2025-09-08 02:26:12 DEBUG (ElfHeader) Elf relocation table section .rela.dyn linked to symbol table section .dynsym affecting PT_LOAD  
2025-09-08 02:26:12 DEBUG (ElfHeader) Elf relocation table section .rela.plt linked to symbol table section .dynsym affecting .got  
2025-09-08 02:26:12 DEBUG (ElfProgramBuilder) Discarding 1-byte alignment/filler segment_2.3 at 00100253  
2025-09-08 02:26:12 DEBUG (ElfProgramBuilder) Discarding 4-byte alignment/filler segment_2.7 at 001002d4  
2025-09-08 02:26:12 DEBUG (ElfProgramBuilder) Discarding 2-byte alignment/filler segment_2.11 at 001017de  
2025-09-08 02:26:12 DEBUG (ElfProgramBuilder) Discarding 8-byte alignment/filler segment_2.16 at 00102278  
2025-09-08 02:26:12 DEBUG (ElfProgramBuilder) Discarding 16-byte alignment/filler segment_2.18 at 00102670  
2025-09-08 02:26:12 DEBUG (ElfProgramBuilder) Discarding 4-byte alignment/filler segment_2.21 at 00109604  
2025-09-08 02:26:12 DEBUG (ElfProgramBuilder) Discarding 1-byte alignment/filler segment_2.23 at 00109917  
2025-09-08 02:26:12 DEBUG (ElfProgramBuilder) Discarding 4-byte alignment/filler segment_2.25 at 0010a25c  
2025-09-08 02:26:13 WARN  (ElfRelocationHandler) EXTERNAL Data Elf Relocation with offset: at 0011fae8 (External Location = _ZTVN10__cxxabiv120__si_class_type_infoE+0x10)  
2025-09-08 02:26:13 WARN  (ElfRelocationHandler) EXTERNAL Data Elf Relocation with offset: at 0011fb00 (External Location = _ZTVN10__cxxabiv120__si_class_type_infoE+0x10)  
2025-09-08 02:26:13 WARN  (ElfRelocationHandler) EXTERNAL Data Elf Relocation with offset: at 0011fb18 (External Location = _ZTVN10__cxxabiv120__si_class_type_infoE+0x10)  
2025-09-08 02:26:13 WARN  (ElfRelocationHandler) EXTERNAL Data Elf Relocation with offset: at 0011fb30 (External Location = _ZTVN10__cxxabiv117__class_type_infoE+0x10)  
2025-09-08 02:26:14 INFO  (HeadlessAnalyzer) IMPORTING: Loaded 0 additional files  
2025-09-08 02:26:14 INFO  (HeadlessAnalyzer) ANALYZING all memory and code: file:///Users/chenkexin/Desktop/kk/test_taint/assets/merged_bin/yolov5_detector_mnn_gcc_O0  
2025-09-08 02:26:15 ERROR (DWARFAnalyzer) Error during DWARFAnalyzer import:  ghidra.app.util.bin.format.dwarf4.DWARFException: Only DWARF version 2, 3, or 4 information is currently supported (detected 5).
	at ghidra.app.util.bin.format.dwarf4.DWARFCompilationUnit.readCompilationUnit(DWARFCompilationUnit.java:155)
	at ghidra.app.util.bin.format.dwarf4.next.DWARFProgram.bootstrapCompilationUnits(DWARFProgram.java:629)
	at ghidra.app.util.bin.format.dwarf4.next.DWARFProgram.<init>(DWARFProgram.java:262)
	at ghidra.app.plugin.core.analysis.DWARFAnalyzer.added(DWARFAnalyzer.java:109)
	at ghidra.app.plugin.core.analysis.AnalysisScheduler.runAnalyzer(AnalysisScheduler.java:186)
	at ghidra.app.plugin.core.analysis.AnalysisTask.applyTo(AnalysisTask.java:39)
	at ghidra.app.plugin.core.analysis.AutoAnalysisManager$AnalysisTaskWrapper.run(AutoAnalysisManager.java:686)
	at ghidra.app.plugin.core.analysis.AutoAnalysisManager.startAnalysis(AutoAnalysisManager.java:786)
	at ghidra.app.plugin.core.analysis.AutoAnalysisManager.startAnalysis(AutoAnalysisManager.java:665)
	at ghidra.app.plugin.core.analysis.AutoAnalysisManager.startAnalysis(AutoAnalysisManager.java:630)
	at ghidra.app.util.headless.HeadlessAnalyzer.analyzeProgram(HeadlessAnalyzer.java:1029)
	at ghidra.app.util.headless.HeadlessAnalyzer.processFileWithImport(HeadlessAnalyzer.java:1552)
	at ghidra.app.util.headless.HeadlessAnalyzer.processWithLoader(HeadlessAnalyzer.java:1734)
	at ghidra.app.util.headless.HeadlessAnalyzer.processWithImport(HeadlessAnalyzer.java:1675)
	at ghidra.app.util.headless.HeadlessAnalyzer.processWithImport(HeadlessAnalyzer.java:1759)
	at ghidra.app.util.headless.HeadlessAnalyzer.processLocal(HeadlessAnalyzer.java:460)
	at ghidra.app.util.headless.AnalyzeHeadless.launch(AnalyzeHeadless.java:127)
	at ghidra.GhidraLauncher.launch(GhidraLauncher.java:78)
	at ghidra.Ghidra.main(Ghidra.java:54)
 
2025-09-08 02:26:18 INFO  (PackedDatabaseCache) Packed database cache: /var/folders/kn/fw_2jn054bq5f73czrm_91nc0000gn/T/chenkexin-Ghidra/packed-db-cache  
2025-09-08 02:26:18 DEBUG (PackedDatabaseCache) Using cached packed database: /Applications/ghidra_11.0.3_PUBLIC/Ghidra/Features/Base/data/typeinfo/generic/generic_clib_64.gdt  
2025-09-08 02:26:19 INFO  (ApplyDataArchiveAnalyzer) Applied data type archive: generic_clib_64  
2025-09-08 02:26:20 WARN  (DemangledAddressTable) Unable to fully apply external demangled Address Table at 00121050: __cxxabiv1::__class_type_info::vtable  
2025-09-08 02:26:20 WARN  (DemangledAddressTable) Unable to fully apply external demangled Address Table at 001211e8: __cxxabiv1::__si_class_type_info::vtable  
2025-09-08 02:26:23 INFO  (AutoAnalysisManager) -----------------------------------------------------
    AARCH64 ELF PLT Thunks                     0.235 secs
    ASCII Strings                              0.282 secs
    Apply Data Archives                        1.105 secs
    Basic Constant Reference Analyzer          1.332 secs
    Call Convention ID                         0.887 secs
    Call-Fixup Installer                       0.026 secs
    Create Address Tables                      0.040 secs
    Create Address Tables - One Time           0.014 secs
    Create Function                            0.000 secs
    DWARF                                      0.055 secs
    Data Reference                             0.032 secs
    Decompiler Switch Analysis                 0.157 secs
    Demangler GNU                              0.852 secs
    Disassemble Entry Points                   0.211 secs
    Embedded Media                             0.016 secs
    External Entry References                  0.003 secs
    Function Start Search                      0.104 secs
    Function Start Search After Code           0.076 secs
    Function Start Search After Data           0.020 secs
    Function Start Search delayed - One Time   0.005 secs
    GCC Exception Handlers                     1.715 secs
    Non-Returning Functions - Discovered       0.039 secs
    Non-Returning Functions - Known            0.016 secs
    Reference                                  0.117 secs
    Shared Return Calls                        0.056 secs
    Stack                                      1.106 secs
    Subroutine References                      0.037 secs
-----------------------------------------------------
     Total Time   8 secs
-----------------------------------------------------
  
2025-09-08 02:26:23 INFO  (HeadlessAnalyzer) REPORT: Analysis succeeded for file: file:///Users/chenkexin/Desktop/kk/test_taint/assets/merged_bin/yolov5_detector_mnn_gcc_O0  
2025-09-08 02:26:23 INFO  (HeadlessAnalyzer) SCRIPT: /Users/chenkexin/Desktop/kk/test_taint/mnn_analyzer.py  
2025-09-08 02:26:28 INFO  (GhidraScript) mnn_analyzer.py> INFO: Searching for functions, thunks, and call sites related to keywords: ['getSessionOutput']  
2025-09-08 02:26:28 INFO  (GhidraScript) mnn_analyzer.py> INFO: Found function 'getSessionOutput'. Searching for its thunks.  
2025-09-08 02:26:28 INFO  (GhidraScript) mnn_analyzer.py> INFO: Found thunk 'getSessionOutput' at 00102470 for function.  
2025-09-08 02:26:28 INFO  (GhidraScript) mnn_analyzer.py> INFO: Found thunk 'getSessionOutput' at 00121120 for function.  
2025-09-08 02:26:28 INFO  (GhidraScript) mnn_analyzer.py> INFO: Found 2 unique call sites. Analyzing each...  
2025-09-08 02:26:28 INFO  (GhidraScript) mnn_analyzer.py> 
--- Starting Stage 1 Taint Analysis from '['getSessionOutput']' call sites ---  
2025-09-08 02:26:28 INFO  (GhidraScript) mnn_analyzer.py> 
--- Analyzing Call Site #1057916 at 0010247c ---  
2025-09-08 02:26:28 INFO  (GhidraScript) mnn_analyzer.py> DEBUG: Parent (caller): getSessionOutput at 00102470  
2025-09-08 02:26:28 INFO  (GhidraScript) mnn_analyzer.py> INFO: Call at 0010247c has no output varnode. Nothing to taint. Skipping.  
2025-09-08 02:26:28 INFO  (GhidraScript) mnn_analyzer.py> 
--- Analyzing Call Site #1060948 at 00103054 ---  
2025-09-08 02:26:28 INFO  (GhidraScript) mnn_analyzer.py> DEBUG: Parent (caller): main at 00102b1c  
2025-09-08 02:26:28 INFO  (GhidraScript) mnn_analyzer.py> 
--- Initiating Taint Analysis for: main (call at 00103054) ---  
2025-09-08 02:26:28 INFO  (GhidraScript) mnn_analyzer.py> DEBUG: Taint source is the return value of the call: UNNAMED(UniquePcode[0x10000e8c])  
2025-09-08 02:26:28 INFO  (GhidraScript) mnn_analyzer.py> \n>>> Analyzing function: main (Depth: 0) at 00102b1c (Originating from: ['getSessionOutput']) with initial taints: UNNAMED(UniquePcode[0x10000e8c])  
2025-09-08 02:26:28 INFO  (GhidraScript) mnn_analyzer.py>   - [STACK_SEARCH.0] Analyzing varnode: (unique, 0x10000e8c, 8)  
2025-09-08 02:26:28 INFO  (GhidraScript) mnn_analyzer.py>   - [STACK_SEARCH.0] Details: isAddress=0, addr=unique:10000e8c, isStackAddress=0  
2025-09-08 02:26:28 INFO  (GhidraScript) mnn_analyzer.py>   - [STACK_SEARCH.0] Def P-Code Op: (unique, 0x10000e8c, 8) CALL (ram, 0x102470, 8) , (register, 0x4000, 8) , (stack, 0xfffffffffffffcb0, 8)  
2025-09-08 02:26:28 INFO  (GhidraScript) mnn_analyzer.py>   - [STACK_SEARCH.0] Mnemonic 'CALL' is not a handled case. Aborting path.  
2025-09-08 02:26:28 INFO  (GhidraScript) mnn_analyzer.py> \nDEBUG: Reached specified start PcodeOp (unique, 0x10000e8c, 8) CALL (ram, 0x102470, 8) , (register, 0x4000, 8) , (stack, 0xfffffffffffffcb0, 8) at 00103054 in main, subsequent ops will be processed.  
2025-09-08 02:26:28 INFO  (GhidraScript) mnn_analyzer.py> DEBUG: [main @ 00103054] Taint propagated from UNNAMED(UniquePcode[0x10000e8c]) to local_340(StackDirect[Stack[-0x340]]) via CAST.  
2025-09-08 02:26:28 INFO  (GhidraScript) mnn_analyzer.py> DEBUG: [main @ 00103060] Taint propagated from local_340(StackDirect[Stack[-0x340]]) to UNNAMED(tmpZR) via INT_EQUAL.  
2025-09-08 02:26:28 INFO  (GhidraScript) mnn_analyzer.py> INFO: [main @ 00103060] Taint reached COMPARISON op (INT_EQUAL). Operands: ['local_340(StackDirect[Stack[-0x340]])', 'UnnamedHighVar(Constant: 0x0)'].  
2025-09-08 02:26:28 INFO  (GhidraScript) mnn_analyzer.py> DEBUG: [CBRANCH] Found defining op for condition: (register, 0x108, 1) INT_EQUAL (register, 0x4000, 8) , (const, 0x0, 8)  
2025-09-08 02:26:28 INFO  (GhidraScript) mnn_analyzer.py> INFO: [main @ 00103064] Taint reached CBRANCH. Operands: ['local_340(StackDirect[Stack[-0x340]])', 'UnnamedHighVar(Constant: 0x0)'].   
2025-09-08 02:26:28 INFO  (GhidraScript) mnn_analyzer.py> INFO: [MNN_RULE] Found call to 'Tensor' with a tainted argument.  
2025-09-08 02:26:28 INFO  (GhidraScript) mnn_analyzer.py> DEBUG: [MNN_RULE] Tracing `this` pointer... At VN: (unique, 0x10000e94, 8), Def_Op: (unique, 0x10000e94, 8) CAST (unique, 0x11f80, 8)  
2025-09-08 02:26:28 INFO  (GhidraScript) mnn_analyzer.py> DEBUG: [MNN_RULE] Tracing `this` pointer... At VN: (unique, 0x11f80, 8), Def_Op: (unique, 0x11f80, 8) PTRSUB (register, 0x8, 8) , (const, 0xfffffffffffffd58, 8)  
2025-09-08 02:26:28 INFO  (GhidraScript) mnn_analyzer.py> DEBUG: [MNN_RULE] Identified base register as (register, 0x8, 8) and offset as -0x2a8  
2025-09-08 02:26:28 INFO  (GhidraScript) mnn_analyzer.py> DEBUG: [MNN_RULE] Found base-relative origin. `this` offset is -0x2a8. Calculated sink offset: -0x298  
2025-09-08 02:26:28 ERROR (GhidraScript) mnn_analyzer.py> ERROR: [MNN_RULE] Calculated sink offset -0x298, but could not find a corresponding local stack variable.  
2025-09-08 02:26:28 INFO  (GhidraScript) mnn_analyzer.py> INFO: [RULE copyToHostTensor] Detected call to 'copyToHostTensor' with tainted arguments.  
2025-09-08 02:26:28 INFO  (GhidraScript) mnn_analyzer.py> INFO: [RULE copyToHostTensor] Call has no return value to taint.  
2025-09-08 02:26:28 INFO  (GhidraScript) mnn_analyzer.py> DEBUG: [LOAD_HANDLER] Checking LOAD op at 001030f0. Address varnode: (register, 0x4000, 8)  
2025-09-08 02:26:28 INFO  (GhidraScript) mnn_analyzer.py> DEBUG: [LOAD_HANDLER] POINTER_RULE FAIL: Address varnode piVar19(x0) is not tainted (recursive check).  
2025-09-08 02:26:28 INFO  (GhidraScript) mnn_analyzer.py> DEBUG: [LOAD_HANDLER] REGION_RULE FAIL: Address pointer piVar19(x0) is not in the tainted memory regions set.  
2025-09-08 02:26:28 INFO  (GhidraScript) mnn_analyzer.py> DEBUG: [LOAD_HANDLER] Checking LOAD op at 0010311c. Address varnode: (register, 0x4000, 8)  
2025-09-08 02:26:28 INFO  (GhidraScript) mnn_analyzer.py> DEBUG: [LOAD_HANDLER] POINTER_RULE FAIL: Address varnode piVar19(x0) is not tainted (recursive check).  
2025-09-08 02:26:28 INFO  (GhidraScript) mnn_analyzer.py> DEBUG: [LOAD_HANDLER] REGION_RULE FAIL: Address pointer piVar19(x0) is not in the tainted memory regions set.  
2025-09-08 02:26:28 INFO  (GhidraScript) mnn_analyzer.py> DEBUG: [LOAD_HANDLER] Checking LOAD op at 0010317c. Address varnode: (unique, 0x11f80, 8)  
2025-09-08 02:26:28 INFO  (GhidraScript) mnn_analyzer.py> DEBUG: [LOAD_HANDLER] POINTER_RULE FAIL: Address varnode UNNAMED(UniquePcode[0x11f80]) is not tainted (recursive check).  
2025-09-08 02:26:28 INFO  (GhidraScript) mnn_analyzer.py> DEBUG: [LOAD_HANDLER] REGION_RULE FAIL: Address pointer UNNAMED(UniquePcode[0x11f80]) is not in the tainted memory regions set.  
2025-09-08 02:26:28 INFO  (GhidraScript) mnn_analyzer.py> DEBUG: [CBRANCH] Found defining op for condition: (unique, 0x1400, 1) FLOAT_LESS (const, 0x3e800000, 4) , (register, 0x5000, 4)  
2025-09-08 02:26:28 INFO  (GhidraScript) mnn_analyzer.py> INFO: [main @ 00103190] Taint reached CBRANCH. Operands: ['UnnamedHighVar(Constant: 0x3e800000)', 'fVar25(s0)'].   
2025-09-08 02:26:28 INFO  (GhidraScript) mnn_analyzer.py> DEBUG: [LOAD_HANDLER] Checking LOAD op at 001031f0. Address varnode: (unique, 0x12480, 8)  
2025-09-08 02:26:28 INFO  (GhidraScript) mnn_analyzer.py> DEBUG: [LOAD_HANDLER] POINTER_RULE FAIL: Address varnode UNNAMED(UniquePcode[0x12480]) is not tainted (recursive check).  
2025-09-08 02:26:28 INFO  (GhidraScript) mnn_analyzer.py> DEBUG: [LOAD_HANDLER] REGION_RULE FAIL: Address pointer UNNAMED(UniquePcode[0x12480]) is not in the tainted memory regions set.  
2025-09-08 02:26:28 INFO  (GhidraScript) mnn_analyzer.py> DEBUG: [CBRANCH] Found defining op for condition: (unique, 0x1400, 1) FLOAT_LESS (const, 0x3e800000, 4) , (register, 0x5000, 4)  
2025-09-08 02:26:28 INFO  (GhidraScript) mnn_analyzer.py> INFO: [main @ 00103214] Taint reached CBRANCH. Operands: ['UnnamedHighVar(Constant: 0x3e800000)', 'fVar25(s0)'].   
2025-09-08 02:26:28 INFO  (GhidraScript) mnn_analyzer.py> DEBUG: [LOAD_HANDLER] Checking LOAD op at 00103220. Address varnode: (stack, 0xfffffffffffffcd8, 8)  
2025-09-08 02:26:28 INFO  (GhidraScript) mnn_analyzer.py> DEBUG: [LOAD_HANDLER] POINTER_RULE FAIL: Address varnode local_328(StackDirect[Stack[-0x328]]) is not tainted (recursive check).  
2025-09-08 02:26:28 INFO  (GhidraScript) mnn_analyzer.py> DEBUG: [LOAD_HANDLER] REGION_RULE FAIL: Address pointer local_328(StackDirect[Stack[-0x328]]) is not in the tainted memory regions set.  
2025-09-08 02:26:28 INFO  (GhidraScript) mnn_analyzer.py> DEBUG: [LOAD_HANDLER] Checking LOAD op at 00103230. Address varnode: (unique, 0x11f80, 8)  
2025-09-08 02:26:28 INFO  (GhidraScript) mnn_analyzer.py> DEBUG: [LOAD_HANDLER] POINTER_RULE FAIL: Address varnode UNNAMED(UniquePcode[0x11f80]) is not tainted (recursive check).  
2025-09-08 02:26:28 INFO  (GhidraScript) mnn_analyzer.py> DEBUG: [LOAD_HANDLER] REGION_RULE FAIL: Address pointer UNNAMED(UniquePcode[0x11f80]) is not in the tainted memory regions set.  
2025-09-08 02:26:28 INFO  (GhidraScript) mnn_analyzer.py> DEBUG: [LOAD_HANDLER] Checking LOAD op at 00103240. Address varnode: (unique, 0x11f80, 8)  
2025-09-08 02:26:28 INFO  (GhidraScript) mnn_analyzer.py> DEBUG: [LOAD_HANDLER] POINTER_RULE FAIL: Address varnode UNNAMED(UniquePcode[0x11f80]) is not tainted (recursive check).  
2025-09-08 02:26:28 INFO  (GhidraScript) mnn_analyzer.py> DEBUG: [LOAD_HANDLER] REGION_RULE FAIL: Address pointer UNNAMED(UniquePcode[0x11f80]) is not in the tainted memory regions set.  
2025-09-08 02:26:28 INFO  (GhidraScript) mnn_analyzer.py> DEBUG: [LOAD_HANDLER] Checking LOAD op at 00103250. Address varnode: (unique, 0x11f80, 8)  
2025-09-08 02:26:28 INFO  (GhidraScript) mnn_analyzer.py> DEBUG: [LOAD_HANDLER] POINTER_RULE FAIL: Address varnode UNNAMED(UniquePcode[0x11f80]) is not tainted (recursive check).  
2025-09-08 02:26:28 INFO  (GhidraScript) mnn_analyzer.py> DEBUG: [LOAD_HANDLER] REGION_RULE FAIL: Address pointer UNNAMED(UniquePcode[0x11f80]) is not in the tainted memory regions set.  
2025-09-08 02:26:28 INFO  (GhidraScript) mnn_analyzer.py> DEBUG: [CBRANCH] Found defining op for condition: (unique, 0x1200, 1) INT_SLESS (stack, 0xfffffffffffffc3c, 4) , (unique, 0x24900, 4)  
2025-09-08 02:26:28 INFO  (GhidraScript) mnn_analyzer.py> INFO: [main @ 00103378] Taint reached CBRANCH. Operands: ['local_3c4(StackDirect[Stack[-0x3c4]])', 'iVar24(s0)'].   
2025-09-08 02:26:28 INFO  (GhidraScript) mnn_analyzer.py> DEBUG: [CBRANCH] Found defining op for condition: (register, 0x108, 1) INT_EQUAL (register, 0x4000, 8) , (const, 0x0, 8)  
2025-09-08 02:26:28 INFO  (GhidraScript) mnn_analyzer.py> INFO: [main @ 001033c8] Taint reached CBRANCH. Operands: ['lVar20(x0)', 'UnnamedHighVar(Constant: 0x0)'].   
2025-09-08 02:26:28 INFO  (GhidraScript) mnn_analyzer.py> DEBUG: [LOAD_HANDLER] Checking LOAD op at 001033d8. Address varnode: (register, 0x4000, 8)  
2025-09-08 02:26:28 INFO  (GhidraScript) mnn_analyzer.py> DEBUG: [LOAD_HANDLER] POINTER_RULE FAIL: Address varnode piVar19(x0) is not tainted (recursive check).  
2025-09-08 02:26:28 INFO  (GhidraScript) mnn_analyzer.py> DEBUG: [LOAD_HANDLER] REGION_RULE FAIL: Address pointer piVar19(x0) is not in the tainted memory regions set.  
2025-09-08 02:26:28 INFO  (GhidraScript) mnn_analyzer.py> DEBUG: [LOAD_HANDLER] Checking LOAD op at 001033e8. Address varnode: (unique, 0x6400, 8)  
2025-09-08 02:26:28 INFO  (GhidraScript) mnn_analyzer.py> DEBUG: [LOAD_HANDLER] POINTER_RULE FAIL: Address varnode UNNAMED(UniquePcode[0x6400]) is not tainted (recursive check).  
2025-09-08 02:26:28 INFO  (GhidraScript) mnn_analyzer.py> DEBUG: [LOAD_HANDLER] REGION_RULE FAIL: Address pointer UNNAMED(UniquePcode[0x6400]) is not in the tainted memory regions set.  
2025-09-08 02:26:28 INFO  (GhidraScript) mnn_analyzer.py> DEBUG: [CBRANCH] Found defining op for condition: (unique, 0x1400, 1) FLOAT_LESSEQUAL (register, 0x5020, 4) , (const, 0x3f000000, 4)  
2025-09-08 02:26:28 INFO  (GhidraScript) mnn_analyzer.py> INFO: [main @ 001033f4] Taint reached CBRANCH. Operands: ['UNNAMED(s1)', 'UnnamedHighVar(Constant: 0x3f000000)'].   
2025-09-08 02:26:28 INFO  (GhidraScript) mnn_analyzer.py> INFO: [main @ 00103410] Taint reached CBRANCH. Operands: [].   
2025-09-08 02:26:29 INFO  (GhidraScript) mnn_analyzer.py> DEBUG: [CBRANCH] Found defining op for condition: (register, 0x108, 1) INT_NOTEQUAL (unique, 0x12580, 4) , (const, 0x0, 4)  
2025-09-08 02:26:29 INFO  (GhidraScript) mnn_analyzer.py> INFO: [main @ 00103444] Taint reached CBRANCH. Operands: ['UNNAMED(UniquePcode[0x12580])', 'UnnamedHighVar(Constant: 0x0)'].   
2025-09-08 02:26:29 INFO  (GhidraScript) mnn_analyzer.py> DEBUG: [CBRANCH] Found defining op for condition: (register, 0x108, 1) INT_EQUAL (register, 0x4000, 8) , (const, 0x0, 8)  
2025-09-08 02:26:29 INFO  (GhidraScript) mnn_analyzer.py> INFO: [main @ 00103464] Taint reached CBRANCH. Operands: ['lVar20(x0)', 'UnnamedHighVar(Constant: 0x0)'].   
2025-09-08 02:26:29 INFO  (GhidraScript) mnn_analyzer.py> DEBUG: [LOAD_HANDLER] Checking LOAD op at 00103490. Address varnode: (unique, 0x6400, 8)  
2025-09-08 02:26:29 INFO  (GhidraScript) mnn_analyzer.py> DEBUG: [LOAD_HANDLER] POINTER_RULE FAIL: Address varnode UNNAMED(UniquePcode[0x6400]) is not tainted (recursive check).  
2025-09-08 02:26:29 INFO  (GhidraScript) mnn_analyzer.py> DEBUG: [LOAD_HANDLER] REGION_RULE FAIL: Address pointer UNNAMED(UniquePcode[0x6400]) is not in the tainted memory regions set.  
2025-09-08 02:26:29 INFO  (GhidraScript) mnn_analyzer.py> DEBUG: [LOAD_HANDLER] Checking LOAD op at 00103498. Address varnode: (unique, 0x6400, 8)  
2025-09-08 02:26:29 INFO  (GhidraScript) mnn_analyzer.py> DEBUG: [LOAD_HANDLER] POINTER_RULE FAIL: Address varnode UNNAMED(UniquePcode[0x6400]) is not tainted (recursive check).  
2025-09-08 02:26:29 INFO  (GhidraScript) mnn_analyzer.py> DEBUG: [LOAD_HANDLER] REGION_RULE FAIL: Address pointer UNNAMED(UniquePcode[0x6400]) is not in the tainted memory regions set.  
2025-09-08 02:26:29 INFO  (GhidraScript) mnn_analyzer.py> DEBUG: [LOAD_HANDLER] Checking LOAD op at 001034a4. Address varnode: (register, 0x4000, 8)  
2025-09-08 02:26:29 INFO  (GhidraScript) mnn_analyzer.py> DEBUG: [LOAD_HANDLER] POINTER_RULE FAIL: Address varnode local_330(StackDirect[Stack[-0x330]]) is not tainted (recursive check).  
2025-09-08 02:26:29 INFO  (GhidraScript) mnn_analyzer.py> DEBUG: [LOAD_HANDLER] REGION_RULE FAIL: Address pointer local_330(StackDirect[Stack[-0x330]]) is not in the tainted memory regions set.  
2025-09-08 02:26:29 INFO  (GhidraScript) mnn_analyzer.py> DEBUG: [LOAD_HANDLER] Checking LOAD op at 001034b0. Address varnode: (unique, 0x6400, 8)  
2025-09-08 02:26:29 INFO  (GhidraScript) mnn_analyzer.py> DEBUG: [LOAD_HANDLER] POINTER_RULE FAIL: Address varnode UNNAMED(UniquePcode[0x6400]) is not tainted (recursive check).  
2025-09-08 02:26:29 INFO  (GhidraScript) mnn_analyzer.py> DEBUG: [LOAD_HANDLER] REGION_RULE FAIL: Address pointer UNNAMED(UniquePcode[0x6400]) is not in the tainted memory regions set.  
2025-09-08 02:26:29 INFO  (GhidraScript) mnn_analyzer.py> DEBUG: [LOAD_HANDLER] Checking LOAD op at 001034bc. Address varnode: (unique, 0x6400, 8)  
2025-09-08 02:26:29 INFO  (GhidraScript) mnn_analyzer.py> DEBUG: [LOAD_HANDLER] POINTER_RULE FAIL: Address varnode UNNAMED(UniquePcode[0x6400]) is not tainted (recursive check).  
2025-09-08 02:26:29 INFO  (GhidraScript) mnn_analyzer.py> DEBUG: [LOAD_HANDLER] REGION_RULE FAIL: Address pointer UNNAMED(UniquePcode[0x6400]) is not in the tainted memory regions set.  
2025-09-08 02:26:29 INFO  (GhidraScript) mnn_analyzer.py> DEBUG: [LOAD_HANDLER] Checking LOAD op at 001034c8. Address varnode: (unique, 0x6400, 8)  
2025-09-08 02:26:29 INFO  (GhidraScript) mnn_analyzer.py> DEBUG: [LOAD_HANDLER] POINTER_RULE FAIL: Address varnode UNNAMED(UniquePcode[0x6400]) is not tainted (recursive check).  
2025-09-08 02:26:29 INFO  (GhidraScript) mnn_analyzer.py> DEBUG: [LOAD_HANDLER] REGION_RULE FAIL: Address pointer UNNAMED(UniquePcode[0x6400]) is not in the tainted memory regions set.  
2025-09-08 02:26:29 INFO  (GhidraScript) mnn_analyzer.py> DEBUG: [LOAD_HANDLER] Checking LOAD op at 00103510. Address varnode: (register, 0x4000, 8)  
2025-09-08 02:26:29 INFO  (GhidraScript) mnn_analyzer.py> DEBUG: [LOAD_HANDLER] POINTER_RULE FAIL: Address varnode puVar18(x0) is not tainted (recursive check).  
2025-09-08 02:26:29 INFO  (GhidraScript) mnn_analyzer.py> DEBUG: [LOAD_HANDLER] REGION_RULE FAIL: Address pointer puVar18(x0) is not in the tainted memory regions set.  
2025-09-08 02:26:29 INFO  (GhidraScript) mnn_analyzer.py> DEBUG: [CBRANCH] Found defining op for condition: (register, 0x105, 1) INT_LESSEQUAL (register, 0x4000, 8) , (stack, 0xfffffffffffffca8, 8)  
2025-09-08 02:26:29 INFO  (GhidraScript) mnn_analyzer.py> INFO: [main @ 0010352c] Taint reached CBRANCH. Operands: ['UNNAMED(x0)', 'local_358(StackDirect[Stack[-0x358]])'].   
2025-09-08 02:26:29 INFO  (GhidraScript) mnn_analyzer.py> DEBUG: [CBRANCH] Found defining op for condition: (register, 0x108, 1) INT_NOTEQUAL (unique, 0x3e480, 8) , (const, 0x0, 8)  
2025-09-08 02:26:29 INFO  (GhidraScript) mnn_analyzer.py> INFO: [main @ 001035b8] Taint reached CBRANCH. Operands: ['UNNAMED(UniquePcode[0x3e480])', 'UnnamedHighVar(Constant: 0x0)'].   
2025-09-08 02:26:29 INFO  (GhidraScript) mnn_analyzer.py> DEBUG: [main @ 0010375c] Analyzing potential tainted RETURN with value: UNNAMED(x0) (Tainted: 0)  
2025-09-08 02:26:29 INFO  (GhidraScript) mnn_analyzer.py>     [DEBUG] --- Taint Check Details (RETURN FAILED) ---  
2025-09-08 02:26:29 INFO  (GhidraScript) mnn_analyzer.py>     [DEBUG]   > Return Varnode: (register, 0x4000, 8) (Size: 8, Def: (register, 0x4000, 8) COPY (register, 0x4098, 8) at 00103748)  
2025-09-08 02:26:29 INFO  (GhidraScript) mnn_analyzer.py>     [DEBUG]   > Currently Tainted HighVariables in this function:  
2025-09-08 02:26:29 INFO  (GhidraScript) mnn_analyzer.py>     [DEBUG]     1. UNNAMED(UniquePcode[0x10000e8c])  
2025-09-08 02:26:29 INFO  (GhidraScript) mnn_analyzer.py>     [DEBUG]     2. UNNAMED(tmpZR)  
2025-09-08 02:26:29 INFO  (GhidraScript) mnn_analyzer.py>     [DEBUG]     3. local_340(StackDirect[Stack[-0x340]])  
2025-09-08 02:26:29 INFO  (GhidraScript) mnn_analyzer.py>     [DEBUG] ---------------------------------  
2025-09-08 02:26:29 INFO  (GhidraScript) mnn_analyzer.py> <<< Finished analyzing function: main.  
2025-09-08 02:26:29 INFO  (GhidraScript) mnn_analyzer.py> 
--- Stage 1 Complete. Checking for pending multi-stage analysis tasks... ---  
2025-09-08 02:26:29 INFO  (GhidraScript) mnn_analyzer.py> --- No multi-stage analysis tasks were queued. ---  
2025-09-08 02:26:29 INFO  (GhidraScript) mnn_analyzer.py> 
--- Taint Analysis Run Complete ---  
2025-09-08 02:26:29 INFO  (GhidraScript) mnn_analyzer.py> \n--- All Detected Tainted Value Usages (Interprocedural) ---  
2025-09-08 02:26:29 INFO  (GhidraScript) mnn_analyzer.py> Usage #1:  
2025-09-08 02:26:29 INFO  (GhidraScript) mnn_analyzer.py>   Originating Lib Call: ['getSessionOutput']  
2025-09-08 02:26:29 INFO  (GhidraScript) mnn_analyzer.py>   Found In Function:   main at 00102b1c  
2025-09-08 02:26:29 INFO  (GhidraScript) mnn_analyzer.py>   Instruction Address: 00103060  
2025-09-08 02:26:29 INFO  (GhidraScript) mnn_analyzer.py>     PCode Op:            (register, 0x108, 1) INT_EQUAL (register, 0x4000, 8) , (const, 0x0, 8)  
2025-09-08 02:26:29 INFO  (GhidraScript) mnn_analyzer.py>     Usage Type:          TAINTED_COMPARISON  
2025-09-08 02:26:29 INFO  (GhidraScript) mnn_analyzer.py>     Tainted Component:   local_340(StackDirect[Stack[-0x340]])  
2025-09-08 02:26:29 INFO  (GhidraScript) mnn_analyzer.py>     Details:             Tainted value used in a comparison operation (INT_EQUAL).  
2025-09-08 02:26:29 INFO  (GhidraScript) mnn_analyzer.py> ----------------------------------------  
2025-09-08 02:26:29 INFO  (GhidraScript) mnn_analyzer.py> Usage #2:  
2025-09-08 02:26:29 INFO  (GhidraScript) mnn_analyzer.py>   Originating Lib Call: ['getSessionOutput']  
2025-09-08 02:26:29 INFO  (GhidraScript) mnn_analyzer.py>   Found In Function:   main at 00102b1c  
2025-09-08 02:26:29 INFO  (GhidraScript) mnn_analyzer.py>   Instruction Address: 00103064  
2025-09-08 02:26:29 INFO  (GhidraScript) mnn_analyzer.py>     PCode Op:             ---  CBRANCH (ram, 0x103090, 1) , (register, 0x108, 1)  
2025-09-08 02:26:29 INFO  (GhidraScript) mnn_analyzer.py>     Usage Type:          BRANCH_CONDITION_TAINTED  
2025-09-08 02:26:29 INFO  (GhidraScript) mnn_analyzer.py>     Tainted Component:   UNNAMED(tmpZR)  
2025-09-08 02:26:29 INFO  (GhidraScript) mnn_analyzer.py>     Details:             Tainted condition for branch.  
2025-09-08 02:26:29 INFO  (GhidraScript) mnn_analyzer.py> ----------------------------------------  
2025-09-08 02:26:29 INFO  (GhidraScript) mnn_analyzer.py> Usage #3:  
2025-09-08 02:26:29 INFO  (GhidraScript) mnn_analyzer.py>   Originating Lib Call: ['getSessionOutput']  
2025-09-08 02:26:29 INFO  (GhidraScript) mnn_analyzer.py>   Found In Function:   main at 00102b1c  
2025-09-08 02:26:29 INFO  (GhidraScript) mnn_analyzer.py>   Instruction Address: 00103190  
2025-09-08 02:26:29 INFO  (GhidraScript) mnn_analyzer.py>     PCode Op:             ---  CBRANCH (ram, 0x103198, 1) , (unique, 0x1400, 1)  
2025-09-08 02:26:29 INFO  (GhidraScript) mnn_analyzer.py>     Usage Type:          BRANCH_CONDITION_TAINTED  
2025-09-08 02:26:29 INFO  (GhidraScript) mnn_analyzer.py>     Tainted Component:   UNNAMED(UniquePcode[0x1400])  
2025-09-08 02:26:29 INFO  (GhidraScript) mnn_analyzer.py>     Details:             Tainted condition for branch.  
2025-09-08 02:26:29 INFO  (GhidraScript) mnn_analyzer.py> ----------------------------------------  
2025-09-08 02:26:29 INFO  (GhidraScript) mnn_analyzer.py> Usage #4:  
2025-09-08 02:26:29 INFO  (GhidraScript) mnn_analyzer.py>   Originating Lib Call: ['getSessionOutput']  
2025-09-08 02:26:29 INFO  (GhidraScript) mnn_analyzer.py>   Found In Function:   main at 00102b1c  
2025-09-08 02:26:29 INFO  (GhidraScript) mnn_analyzer.py>   Instruction Address: 00103214  
2025-09-08 02:26:29 INFO  (GhidraScript) mnn_analyzer.py>     PCode Op:             ---  CBRANCH (ram, 0x10321c, 1) , (unique, 0x1400, 1)  
2025-09-08 02:26:29 INFO  (GhidraScript) mnn_analyzer.py>     Usage Type:          BRANCH_CONDITION_TAINTED  
2025-09-08 02:26:29 INFO  (GhidraScript) mnn_analyzer.py>     Tainted Component:   UNNAMED(UniquePcode[0x1400])  
2025-09-08 02:26:29 INFO  (GhidraScript) mnn_analyzer.py>     Details:             Tainted condition for branch.  
2025-09-08 02:26:29 INFO  (GhidraScript) mnn_analyzer.py> ----------------------------------------  
2025-09-08 02:26:29 INFO  (GhidraScript) mnn_analyzer.py> Usage #5:  
2025-09-08 02:26:29 INFO  (GhidraScript) mnn_analyzer.py>   Originating Lib Call: ['getSessionOutput']  
2025-09-08 02:26:29 INFO  (GhidraScript) mnn_analyzer.py>   Found In Function:   main at 00102b1c  
2025-09-08 02:26:29 INFO  (GhidraScript) mnn_analyzer.py>   Instruction Address: 00103378  
2025-09-08 02:26:29 INFO  (GhidraScript) mnn_analyzer.py>     PCode Op:             ---  CBRANCH (ram, 0x103150, 1) , (unique, 0x1200, 1)  
2025-09-08 02:26:29 INFO  (GhidraScript) mnn_analyzer.py>     Usage Type:          BRANCH_CONDITION_TAINTED  
2025-09-08 02:26:29 INFO  (GhidraScript) mnn_analyzer.py>     Tainted Component:   UNNAMED(UniquePcode[0x1200])  
2025-09-08 02:26:29 INFO  (GhidraScript) mnn_analyzer.py>     Details:             Tainted condition for branch.  
2025-09-08 02:26:29 INFO  (GhidraScript) mnn_analyzer.py> ----------------------------------------  
2025-09-08 02:26:29 INFO  (GhidraScript) mnn_analyzer.py> Usage #6:  
2025-09-08 02:26:29 INFO  (GhidraScript) mnn_analyzer.py>   Originating Lib Call: ['getSessionOutput']  
2025-09-08 02:26:29 INFO  (GhidraScript) mnn_analyzer.py>   Found In Function:   main at 00102b1c  
2025-09-08 02:26:29 INFO  (GhidraScript) mnn_analyzer.py>   Instruction Address: 001033c8  
2025-09-08 02:26:29 INFO  (GhidraScript) mnn_analyzer.py>     PCode Op:             ---  CBRANCH (ram, 0x103404, 1) , (register, 0x108, 1)  
2025-09-08 02:26:29 INFO  (GhidraScript) mnn_analyzer.py>     Usage Type:          BRANCH_CONDITION_TAINTED  
2025-09-08 02:26:29 INFO  (GhidraScript) mnn_analyzer.py>     Tainted Component:   UNNAMED(tmpZR)  
2025-09-08 02:26:29 INFO  (GhidraScript) mnn_analyzer.py>     Details:             Tainted condition for branch.  
2025-09-08 02:26:29 INFO  (GhidraScript) mnn_analyzer.py> ----------------------------------------  
2025-09-08 02:26:29 INFO  (GhidraScript) mnn_analyzer.py> Usage #7:  
2025-09-08 02:26:29 INFO  (GhidraScript) mnn_analyzer.py>   Originating Lib Call: ['getSessionOutput']  
2025-09-08 02:26:29 INFO  (GhidraScript) mnn_analyzer.py>   Found In Function:   main at 00102b1c  
2025-09-08 02:26:29 INFO  (GhidraScript) mnn_analyzer.py>   Instruction Address: 001033f4  
2025-09-08 02:26:29 INFO  (GhidraScript) mnn_analyzer.py>     PCode Op:             ---  CBRANCH (ram, 0x1033fc, 1) , (unique, 0x1400, 1)  
2025-09-08 02:26:29 INFO  (GhidraScript) mnn_analyzer.py>     Usage Type:          BRANCH_CONDITION_TAINTED  
2025-09-08 02:26:29 INFO  (GhidraScript) mnn_analyzer.py>     Tainted Component:   UNNAMED(UniquePcode[0x1400])  
2025-09-08 02:26:29 INFO  (GhidraScript) mnn_analyzer.py>     Details:             Tainted condition for branch.  
2025-09-08 02:26:29 INFO  (GhidraScript) mnn_analyzer.py> ----------------------------------------  
2025-09-08 02:26:29 INFO  (GhidraScript) mnn_analyzer.py> Usage #8:  
2025-09-08 02:26:29 INFO  (GhidraScript) mnn_analyzer.py>   Originating Lib Call: ['getSessionOutput']  
2025-09-08 02:26:29 INFO  (GhidraScript) mnn_analyzer.py>   Found In Function:   main at 00102b1c  
2025-09-08 02:26:29 INFO  (GhidraScript) mnn_analyzer.py>   Instruction Address: 00103410  
2025-09-08 02:26:29 INFO  (GhidraScript) mnn_analyzer.py>     PCode Op:             ---  CBRANCH (ram, 0x103424, 1) , (unique, 0x1000090b, 1)  
2025-09-08 02:26:29 INFO  (GhidraScript) mnn_analyzer.py>     Usage Type:          BRANCH_CONDITION_TAINTED  
2025-09-08 02:26:29 INFO  (GhidraScript) mnn_analyzer.py>     Tainted Component:   bVar3(UniquePcode[0x1000090b])  
2025-09-08 02:26:29 INFO  (GhidraScript) mnn_analyzer.py>     Details:             Tainted condition for branch.  
2025-09-08 02:26:29 INFO  (GhidraScript) mnn_analyzer.py> ----------------------------------------  
2025-09-08 02:26:29 INFO  (GhidraScript) mnn_analyzer.py> Usage #9:  
2025-09-08 02:26:29 INFO  (GhidraScript) mnn_analyzer.py>   Originating Lib Call: ['getSessionOutput']  
2025-09-08 02:26:29 INFO  (GhidraScript) mnn_analyzer.py>   Found In Function:   main at 00102b1c  
2025-09-08 02:26:29 INFO  (GhidraScript) mnn_analyzer.py>   Instruction Address: 00103444  
2025-09-08 02:26:29 INFO  (GhidraScript) mnn_analyzer.py>     PCode Op:             ---  CBRANCH (ram, 0x103540, 1) , (register, 0x108, 1)  
2025-09-08 02:26:29 INFO  (GhidraScript) mnn_analyzer.py>     Usage Type:          BRANCH_CONDITION_TAINTED  
2025-09-08 02:26:29 INFO  (GhidraScript) mnn_analyzer.py>     Tainted Component:   UNNAMED(tmpZR)  
2025-09-08 02:26:29 INFO  (GhidraScript) mnn_analyzer.py>     Details:             Tainted condition for branch.  
2025-09-08 02:26:29 INFO  (GhidraScript) mnn_analyzer.py> ----------------------------------------  
2025-09-08 02:26:29 INFO  (GhidraScript) mnn_analyzer.py> Usage #10:  
2025-09-08 02:26:29 INFO  (GhidraScript) mnn_analyzer.py>   Originating Lib Call: ['getSessionOutput']  
2025-09-08 02:26:29 INFO  (GhidraScript) mnn_analyzer.py>   Found In Function:   main at 00102b1c  
2025-09-08 02:26:29 INFO  (GhidraScript) mnn_analyzer.py>   Instruction Address: 00103464  
2025-09-08 02:26:29 INFO  (GhidraScript) mnn_analyzer.py>     PCode Op:             ---  CBRANCH (ram, 0x103534, 1) , (register, 0x108, 1)  
2025-09-08 02:26:29 INFO  (GhidraScript) mnn_analyzer.py>     Usage Type:          BRANCH_CONDITION_TAINTED  
2025-09-08 02:26:29 INFO  (GhidraScript) mnn_analyzer.py>     Tainted Component:   UNNAMED(tmpZR)  
2025-09-08 02:26:29 INFO  (GhidraScript) mnn_analyzer.py>     Details:             Tainted condition for branch.  
2025-09-08 02:26:29 INFO  (GhidraScript) mnn_analyzer.py> ----------------------------------------  
2025-09-08 02:26:29 INFO  (GhidraScript) mnn_analyzer.py> Usage #11:  
2025-09-08 02:26:29 INFO  (GhidraScript) mnn_analyzer.py>   Originating Lib Call: ['getSessionOutput']  
2025-09-08 02:26:29 INFO  (GhidraScript) mnn_analyzer.py>   Found In Function:   main at 00102b1c  
2025-09-08 02:26:29 INFO  (GhidraScript) mnn_analyzer.py>   Instruction Address: 0010352c  
2025-09-08 02:26:29 INFO  (GhidraScript) mnn_analyzer.py>     PCode Op:             ---  CBRANCH (ram, 0x10347c, 1) , (register, 0x105, 1)  
2025-09-08 02:26:29 INFO  (GhidraScript) mnn_analyzer.py>     Usage Type:          BRANCH_CONDITION_TAINTED  
2025-09-08 02:26:29 INFO  (GhidraScript) mnn_analyzer.py>     Tainted Component:   UNNAMED(tmpCY)  
2025-09-08 02:26:29 INFO  (GhidraScript) mnn_analyzer.py>     Details:             Tainted condition for branch.  
2025-09-08 02:26:29 INFO  (GhidraScript) mnn_analyzer.py> ----------------------------------------  
2025-09-08 02:26:29 INFO  (GhidraScript) mnn_analyzer.py> Usage #12:  
2025-09-08 02:26:29 INFO  (GhidraScript) mnn_analyzer.py>   Originating Lib Call: ['getSessionOutput']  
2025-09-08 02:26:29 INFO  (GhidraScript) mnn_analyzer.py>   Found In Function:   main at 00102b1c  
2025-09-08 02:26:29 INFO  (GhidraScript) mnn_analyzer.py>   Instruction Address: 001035b8  
2025-09-08 02:26:29 INFO  (GhidraScript) mnn_analyzer.py>     PCode Op:             ---  CBRANCH (ram, 0x103748, 1) , (register, 0x108, 1)  
2025-09-08 02:26:29 INFO  (GhidraScript) mnn_analyzer.py>     Usage Type:          BRANCH_CONDITION_TAINTED  
2025-09-08 02:26:29 INFO  (GhidraScript) mnn_analyzer.py>     Tainted Component:   UNNAMED(tmpZR)  
2025-09-08 02:26:29 INFO  (GhidraScript) mnn_analyzer.py>     Details:             Tainted condition for branch.  
2025-09-08 02:26:29 INFO  (GhidraScript) mnn_analyzer.py> ----------------------------------------  
2025-09-08 02:26:29 INFO  (GhidraScript) mnn_analyzer.py> INFO: TAINT_ANALYSIS_JSON_OUTPUT env var found. Saving results to: /Users/chenkexin/Desktop/kk/test_taint/results/yolov5_detector_mnn_gcc_O0_taint_analysis_results.json  
2025-09-08 02:26:29 INFO  (GhidraScript) mnn_analyzer.py> Taint analysis results saved to: /Users/chenkexin/Desktop/kk/test_taint/results/yolov5_detector_mnn_gcc_O0_taint_analysis_results.json  
2025-09-08 02:26:29 INFO  (GhidraScript) mnn_analyzer.py> INFO: Found preceding comparison instruction 'cmp x0,#0x0' at 00103060 for branch at 00103064  
2025-09-08 02:26:29 INFO  (GhidraScript) mnn_analyzer.py> INFO: Found preceding comparison instruction 'fcmpe s1,s0' at 0010318c for branch at 00103190  
2025-09-08 02:26:29 INFO  (GhidraScript) mnn_analyzer.py> INFO: Found preceding comparison instruction 'fcmpe s1,s0' at 00103210 for branch at 00103214  
2025-09-08 02:26:29 INFO  (GhidraScript) mnn_analyzer.py> INFO: Found preceding comparison instruction 'cmp w1,w0' at 00103374 for branch at 00103378  
2025-09-08 02:26:29 INFO  (GhidraScript) mnn_analyzer.py> INFO: Found preceding comparison instruction 'cmp x0,#0x0' at 001033c4 for branch at 001033c8  
2025-09-08 02:26:29 INFO  (GhidraScript) mnn_analyzer.py> INFO: Found preceding comparison instruction 'fcmpe s1,s0' at 001033f0 for branch at 001033f4  
2025-09-08 02:26:29 INFO  (GhidraScript) mnn_analyzer.py> INFO: Found preceding comparison instruction 'cmp w0,#0x0' at 0010340c for branch at 00103410  
2025-09-08 02:26:29 INFO  (GhidraScript) mnn_analyzer.py> INFO: Found preceding comparison instruction 'cmp w0,#0x0' at 00103440 for branch at 00103444  
2025-09-08 02:26:29 INFO  (GhidraScript) mnn_analyzer.py> INFO: Found preceding comparison instruction 'cmp w0,#0x0' at 00103460 for branch at 00103464  
2025-09-08 02:26:29 INFO  (GhidraScript) mnn_analyzer.py> INFO: Found preceding comparison instruction 'cmp w0,#0x0' at 00103528 for branch at 0010352c  
2025-09-08 02:26:29 ERROR (GhidraScript) mnn_analyzer.py> WARN: Could not find preceding comparison instruction for branch at 001035b8. Skipping.  
2025-09-08 02:26:29 INFO  (GhidraScript) mnn_analyzer.py> SUCCESS: Hook configuration saved to: /Users/chenkexin/Desktop/kk/test_taint/results/yolov5_detector_mnn_gcc_O0_hook_config.json  
2025-09-08 02:26:29 INFO  (GhidraScript) mnn_analyzer.py> MNN Taint Analyzer finished.  
2025-09-08 02:26:29 INFO  (HeadlessAnalyzer) ANALYZING changes made by post scripts: file:///Users/chenkexin/Desktop/kk/test_taint/assets/merged_bin/yolov5_detector_mnn_gcc_O0  
2025-09-08 02:26:29 INFO  (HeadlessAnalyzer) REPORT: Post-analysis succeeded for file: file:///Users/chenkexin/Desktop/kk/test_taint/assets/merged_bin/yolov5_detector_mnn_gcc_O0  
2025-09-08 02:26:29 INFO  (HeadlessAnalyzer) REPORT: Save succeeded for: /yolov5_detector_mnn_gcc_O0 (all_binaries_analysis:/yolov5_detector_mnn_gcc_O0)  
2025-09-08 02:26:29 INFO  (HeadlessAnalyzer) REPORT: Import succeeded  
2025-09-08 02:26:29 DEBUG (DefaultProjectData) Closing ProjectData: /Users/chenkexin/Desktop/kk/test_taint/ghidra_projects/all_binaries_analysis.rep  
2025-09-08 02:26:29 DEBUG (DefaultProjectData) Disposing ProjectData: /Users/chenkexin/Desktop/kk/test_taint/ghidra_projects/all_binaries_analysis.rep  
2025-09-08 02:26:29 INFO  (GhidraScript) mnn_analyzer.py> DEBUG: Decompiler disposed.  
