2025-09-08 02:26:31 INFO  (LoggingInitialization) Using log config file: jar:file:/Applications/ghidra_11.0.3_PUBLIC/Ghidra/Framework/Generic/lib/Generic.jar!/generic.log4j.xml  
2025-09-08 02:26:31 INFO  (LoggingInitialization) Using log file: /Users/chenkexin/Desktop/kk/test_taint/logs/yolov5_detector_onnxruntime_clang_O0_headless_analysis.log  
2025-09-08 02:26:31 INFO  (Preferences) Loading user preferences: /Users/chenkexin/.ghidra/.ghidra_11.0.3_PUBLIC/preferences  
2025-09-08 02:26:31 INFO  (Preferences) Loading previous preferences: /Users/chenkexin/.ghidra/.ghidra_10.4_PUBLIC/preferences  
2025-09-08 02:26:31 INFO  (ClassSearcher) Searching for classes...  
2025-09-08 02:26:33 INFO  (ClassSearcher) Class search complete (1355 ms)  
2025-09-08 02:26:33 INFO  (SSLContextInitializer) Initializing SSL Context  
2025-09-08 02:26:33 INFO  (SecureRandomFactory) Initializing Random Number Generator...  
2025-09-08 02:26:33 INFO  (SecureRandomFactory) Random Number Generator initialization complete: NativePRNGNonBlocking  
2025-09-08 02:26:33 INFO  (ApplicationTrustManagerFactory) Trust manager disabled, cacerts have not been set  
2025-09-08 02:26:34 INFO  (HeadlessAnalyzer) HEADLESS Script Paths:
    /Applications/ghidra_11.0.3_PUBLIC/Ghidra/Processors/8051/ghidra_scripts
    /Applications/ghidra_11.0.3_PUBLIC/Ghidra/Features/FileFormats/ghidra_scripts
    /Applications/ghidra_11.0.3_PUBLIC/Ghidra/Features/Base/ghidra_scripts
    /Applications/ghidra_11.0.3_PUBLIC/Ghidra/Features/Python/ghidra_scripts
    /Applications/ghidra_11.0.3_PUBLIC/Ghidra/Features/GnuDemangler/ghidra_scripts
    /Applications/ghidra_11.0.3_PUBLIC/Ghidra/Features/SystemEmulation/ghidra_scripts
    /Applications/ghidra_11.0.3_PUBLIC/Ghidra/Features/MicrosoftCodeAnalyzer/ghidra_scripts
    /Applications/ghidra_11.0.3_PUBLIC/Ghidra/Features/BytePatterns/ghidra_scripts
    /Applications/ghidra_11.0.3_PUBLIC/Ghidra/Features/Decompiler/ghidra_scripts
    /Applications/ghidra_11.0.3_PUBLIC/Ghidra/Processors/Atmel/ghidra_scripts
    /Applications/ghidra_11.0.3_PUBLIC/Ghidra/Debug/Debugger-agent-frida/ghidra_scripts
    /Applications/ghidra_11.0.3_PUBLIC/Ghidra/Features/FunctionID/ghidra_scripts
    /Applications/ghidra_11.0.3_PUBLIC/Ghidra/Processors/JVM/ghidra_scripts
    /Applications/ghidra_11.0.3_PUBLIC/Ghidra/Processors/PIC/ghidra_scripts
    /Applications/ghidra_11.0.3_PUBLIC/Ghidra/Features/BSim/ghidra_scripts
    /Applications/ghidra_11.0.3_PUBLIC/Ghidra/Features/PDB/ghidra_scripts
    /Applications/ghidra_11.0.3_PUBLIC/Ghidra/Processors/DATA/ghidra_scripts
    /Users/chenkexin/ghidra_scripts
    /Users/chenkexin/Desktop/kk/test_taint
    /Applications/ghidra_11.0.3_PUBLIC/Ghidra/Debug/Debugger-agent-dbgmodel-traceloader/ghidra_scripts
    /Applications/ghidra_11.0.3_PUBLIC/Ghidra/Debug/Debugger-rmi-trace/ghidra_scripts
    /Applications/ghidra_11.0.3_PUBLIC/Ghidra/Features/VersionTracking/ghidra_scripts
    /Applications/ghidra_11.0.3_PUBLIC/Ghidra/Debug/Debugger/ghidra_scripts  
2025-09-08 02:26:34 INFO  (HeadlessAnalyzer) HEADLESS: execution starts  
2025-09-08 02:26:34 INFO  (HeadlessAnalyzer) Opening existing project: /Users/chenkexin/Desktop/kk/test_taint/ghidra_projects/all_binaries_analysis  
2025-09-08 02:26:34 INFO  (HeadlessProject) Opening project: /Users/chenkexin/Desktop/kk/test_taint/ghidra_projects/all_binaries_analysis  
2025-09-08 02:26:34 INFO  (HeadlessAnalyzer) REPORT: Processing input files:   
2025-09-08 02:26:34 INFO  (HeadlessAnalyzer)      project: /Users/chenkexin/Desktop/kk/test_taint/ghidra_projects/all_binaries_analysis  
2025-09-08 02:26:34 INFO  (HeadlessAnalyzer) IMPORTING: file:///Users/chenkexin/Desktop/kk/test_taint/assets/merged_bin/yolov5_detector_onnxruntime_clang_O0  
2025-09-08 02:26:36 INFO  (AutoImporter) Using Loader: Executable and Linking Format (ELF)  
2025-09-08 02:26:36 INFO  (AutoImporter) Using Language/Compiler: AARCH64:LE:64:v8A:default  
2025-09-08 02:26:36 DEBUG (ElfHeader) Elf symbol table section .dynsym linked to string table section .dynstr  
2025-09-08 02:26:36 DEBUG (ElfHeader) Elf symbol table section .symtab linked to string table section .strtab  
2025-09-08 02:26:36 DEBUG (ElfHeader) Elf relocation table section .rela.dyn linked to symbol table section .dynsym affecting PT_LOAD  
2025-09-08 02:26:36 DEBUG (ElfHeader) Elf relocation table section .rela.plt linked to symbol table section .dynsym affecting .got.plt  
2025-09-08 02:26:36 DEBUG (ElfProgramBuilder) Discarding 1-byte alignment/filler segment_2.3 at 00100253  
2025-09-08 02:26:36 DEBUG (ElfProgramBuilder) Discarding 4-byte alignment/filler segment_2.7 at 001002bc  
2025-09-08 02:26:36 DEBUG (ElfProgramBuilder) Discarding 2-byte alignment/filler segment_2.11 at 001012fe  
2025-09-08 02:26:36 DEBUG (ElfProgramBuilder) Discarding 32-byte alignment/filler segment_2.17 at 00101de0  
2025-09-08 02:26:36 DEBUG (ElfProgramBuilder) Discarding 3-byte alignment/filler segment_2.21 at 0010aa29  
2025-09-08 02:26:37 WARN  (ElfRelocationHandler) EXTERNAL Data Elf Relocation with offset: at 0011fcd0 (External Location = _ZTVN10__cxxabiv120__si_class_type_infoE+0x10)  
2025-09-08 02:26:38 INFO  (HeadlessAnalyzer) IMPORTING: Loaded 0 additional files  
2025-09-08 02:26:38 INFO  (HeadlessAnalyzer) ANALYZING all memory and code: file:///Users/chenkexin/Desktop/kk/test_taint/assets/merged_bin/yolov5_detector_onnxruntime_clang_O0  
2025-09-08 02:26:38 ERROR (DWARFAnalyzer) Error during DWARFAnalyzer import:  ghidra.app.util.bin.format.dwarf4.DWARFException: Only DWARF version 2, 3, or 4 information is currently supported (detected 5).
	at ghidra.app.util.bin.format.dwarf4.DWARFCompilationUnit.readCompilationUnit(DWARFCompilationUnit.java:155)
	at ghidra.app.util.bin.format.dwarf4.next.DWARFProgram.bootstrapCompilationUnits(DWARFProgram.java:629)
	at ghidra.app.util.bin.format.dwarf4.next.DWARFProgram.<init>(DWARFProgram.java:262)
	at ghidra.app.plugin.core.analysis.DWARFAnalyzer.added(DWARFAnalyzer.java:109)
	at ghidra.app.plugin.core.analysis.AnalysisScheduler.runAnalyzer(AnalysisScheduler.java:186)
	at ghidra.app.plugin.core.analysis.AnalysisTask.applyTo(AnalysisTask.java:39)
	at ghidra.app.plugin.core.analysis.AutoAnalysisManager$AnalysisTaskWrapper.run(AutoAnalysisManager.java:686)
	at ghidra.app.plugin.core.analysis.AutoAnalysisManager.startAnalysis(AutoAnalysisManager.java:786)
	at ghidra.app.plugin.core.analysis.AutoAnalysisManager.startAnalysis(AutoAnalysisManager.java:665)
	at ghidra.app.plugin.core.analysis.AutoAnalysisManager.startAnalysis(AutoAnalysisManager.java:630)
	at ghidra.app.util.headless.HeadlessAnalyzer.analyzeProgram(HeadlessAnalyzer.java:1029)
	at ghidra.app.util.headless.HeadlessAnalyzer.processFileWithImport(HeadlessAnalyzer.java:1552)
	at ghidra.app.util.headless.HeadlessAnalyzer.processWithLoader(HeadlessAnalyzer.java:1734)
	at ghidra.app.util.headless.HeadlessAnalyzer.processWithImport(HeadlessAnalyzer.java:1675)
	at ghidra.app.util.headless.HeadlessAnalyzer.processWithImport(HeadlessAnalyzer.java:1759)
	at ghidra.app.util.headless.HeadlessAnalyzer.processLocal(HeadlessAnalyzer.java:460)
	at ghidra.app.util.headless.AnalyzeHeadless.launch(AnalyzeHeadless.java:127)
	at ghidra.GhidraLauncher.launch(GhidraLauncher.java:78)
	at ghidra.Ghidra.main(Ghidra.java:54)
 
2025-09-08 02:26:43 INFO  (PackedDatabaseCache) Packed database cache: /var/folders/kn/fw_2jn054bq5f73czrm_91nc0000gn/T/chenkexin-Ghidra/packed-db-cache  
2025-09-08 02:26:43 DEBUG (PackedDatabaseCache) Using cached packed database: /Applications/ghidra_11.0.3_PUBLIC/Ghidra/Features/Base/data/typeinfo/generic/generic_clib_64.gdt  
2025-09-08 02:26:44 INFO  (ApplyDataArchiveAnalyzer) Applied data type archive: generic_clib_64  
2025-09-08 02:26:45 WARN  (DemangledAddressTable) Unable to fully apply external demangled Address Table at 00121110: std::exception::typeinfo  
2025-09-08 02:26:45 WARN  (DemangledAddressTable) Unable to fully apply external demangled Address Table at 00121188: std::exception::vtable  
2025-09-08 02:26:45 WARN  (DemangledAddressTable) Unable to fully apply external demangled Address Table at 001211a8: __cxxabiv1::__si_class_type_info::vtable  
2025-09-08 02:26:47 INFO  (AutoAnalysisManager) -----------------------------------------------------
    AARCH64 ELF PLT Thunks                     0.255 secs
    ASCII Strings                              0.392 secs
    Apply Data Archives                        1.058 secs
    Basic Constant Reference Analyzer          1.311 secs
    Call Convention ID                         1.054 secs
    Call-Fixup Installer                       0.042 secs
    Create Address Tables                      0.038 secs
    Create Address Tables - One Time           0.011 secs
    Create Function                            0.000 secs
    DWARF                                      0.093 secs
    Data Reference                             0.039 secs
    Decompiler Switch Analysis                 0.172 secs
    Demangler GNU                              0.915 secs
    Disassemble Entry Points                   0.293 secs
    Embedded Media                             0.022 secs
    External Entry References                  0.002 secs
    Function Start Search                      0.072 secs
    Function Start Search After Code           0.042 secs
    Function Start Search After Data           0.008 secs
    Function Start Search delayed - One Time   0.009 secs
    GCC Exception Handlers                     1.880 secs
    Non-Returning Functions - Discovered       0.050 secs
    Non-Returning Functions - Known            0.023 secs
    Reference                                  0.227 secs
    Shared Return Calls                        0.065 secs
    Stack                                      1.294 secs
    Subroutine References                      0.061 secs
-----------------------------------------------------
     Total Time   9 secs
-----------------------------------------------------
  
2025-09-08 02:26:47 INFO  (HeadlessAnalyzer) REPORT: Analysis succeeded for file: file:///Users/chenkexin/Desktop/kk/test_taint/assets/merged_bin/yolov5_detector_onnxruntime_clang_O0  
2025-09-08 02:26:47 INFO  (HeadlessAnalyzer) SCRIPT: /Users/chenkexin/Desktop/kk/test_taint/onnxruntime_analyzer.py  
2025-09-08 02:26:52 INFO  (GhidraScript) onnxruntime_analyzer.py> INFO: Searching for functions, thunks, and call sites related to keywords: ['GetTensorData']  
2025-09-08 02:26:52 INFO  (GhidraScript) onnxruntime_analyzer.py> WARN: No external function found with keywords '['GetTensorData']'. Trying all functions...  
2025-09-08 02:26:52 INFO  (GhidraScript) onnxruntime_analyzer.py> INFO: Found function 'GetTensorData<float>'. Searching for its thunks.  
2025-09-08 02:26:52 INFO  (GhidraScript) onnxruntime_analyzer.py> INFO: Found 1 unique call sites. Analyzing each...  
2025-09-08 02:26:52 INFO  (GhidraScript) onnxruntime_analyzer.py> 
--- Starting Stage 1 Taint Analysis from '['GetTensorData']' call sites ---  
2025-09-08 02:26:52 INFO  (GhidraScript) onnxruntime_analyzer.py> 
--- Analyzing Call Site #1060556 at 00102ecc ---  
2025-09-08 02:26:52 INFO  (GhidraScript) onnxruntime_analyzer.py> DEBUG: Parent (caller): main at 001027b0  
2025-09-08 02:26:53 INFO  (GhidraScript) onnxruntime_analyzer.py> 
--- Initiating Taint Analysis for: main (call at 00102ecc) ---  
2025-09-08 02:26:53 INFO  (GhidraScript) onnxruntime_analyzer.py> DEBUG: Taint source is the return value of the call: local_450(StackDirect[Stack[-0x450]])  
2025-09-08 02:26:53 INFO  (GhidraScript) onnxruntime_analyzer.py> \n>>> Analyzing function: main (Depth: 0) at 001027b0 (Originating from: ['GetTensorData']) with initial taints: local_450(StackDirect[Stack[-0x450]])  
2025-09-08 02:26:53 INFO  (GhidraScript) onnxruntime_analyzer.py>   - [STACK_SEARCH.0] Analyzing varnode: (stack, 0xfffffffffffffbb0, 8)  
2025-09-08 02:26:53 INFO  (GhidraScript) onnxruntime_analyzer.py>   - [STACK_SEARCH.0] Details: isAddress=0, addr=Stack[-0x450], isStackAddress=1  
2025-09-08 02:26:53 INFO  (GhidraScript) onnxruntime_analyzer.py>   - [STACK_SEARCH.0] SUCCESS (Direct): Varnode is a direct stack address with offset -0x450.  
2025-09-08 02:26:53 INFO  (GhidraScript) onnxruntime_analyzer.py> DEBUG: [STACK_RULE] Proactively tainted stack offset -0x450 from initial HighVar: local_450(StackDirect[Stack[-0x450]])  
2025-09-08 02:26:53 INFO  (GhidraScript) onnxruntime_analyzer.py> DEBUG: [STACK_TAINTS] Initial tainted stack offsets for this function: ['-0x450L']  
2025-09-08 02:26:53 INFO  (GhidraScript) onnxruntime_analyzer.py> \nDEBUG: Reached specified start PcodeOp (register, 0x4000, 8) CALL (ram, 0x10554c, 8) at 00102ecc in main, subsequent ops will be processed.  
2025-09-08 02:26:53 INFO  (GhidraScript) onnxruntime_analyzer.py> DEBUG: [LOAD_HANDLER] Checking LOAD op at 00102f28. Address varnode: (register, 0x4000, 8)  
2025-09-08 02:26:53 INFO  (GhidraScript) onnxruntime_analyzer.py>   - [STACK_SEARCH.0] Analyzing varnode: (register, 0x4000, 8)  
2025-09-08 02:26:53 INFO  (GhidraScript) onnxruntime_analyzer.py>   - [STACK_SEARCH.0] Details: isAddress=0, addr=register:00004000, isStackAddress=0  
2025-09-08 02:26:53 INFO  (GhidraScript) onnxruntime_analyzer.py>   - [STACK_SEARCH.0] Def P-Code Op: (register, 0x4000, 8) CAST (unique, 0x10000d0d, 8)  
2025-09-08 02:26:53 INFO  (GhidraScript) onnxruntime_analyzer.py>   - [STACK_SEARCH.0] Recursing through CAST...  
2025-09-08 02:26:53 INFO  (GhidraScript) onnxruntime_analyzer.py>   - [STACK_SEARCH.1] Analyzing varnode: (unique, 0x10000d0d, 8)  
2025-09-08 02:26:53 INFO  (GhidraScript) onnxruntime_analyzer.py>   - [STACK_SEARCH.1] Details: isAddress=0, addr=unique:10000d0d, isStackAddress=0  
2025-09-08 02:26:53 INFO  (GhidraScript) onnxruntime_analyzer.py>   - [STACK_SEARCH.1] Def P-Code Op: (unique, 0x10000d0d, 8) CALL (ram, 0x105744, 8) , (unique, 0x11f80, 8) , (const, 0x1, 8)  
2025-09-08 02:26:53 INFO  (GhidraScript) onnxruntime_analyzer.py>   - [STACK_SEARCH.1] Mnemonic 'CALL' is not a handled case. Aborting path.  
2025-09-08 02:26:53 INFO  (GhidraScript) onnxruntime_analyzer.py> DEBUG: [LOAD_HANDLER] POINTER_RULE FAIL: Address varnode puVar12(x0) is not tainted (recursive check).  
2025-09-08 02:26:53 INFO  (GhidraScript) onnxruntime_analyzer.py> DEBUG: [LOAD_HANDLER] REGION_RULE FAIL: Address pointer puVar12(x0) is not in the tainted memory regions set.  
2025-09-08 02:26:53 INFO  (GhidraScript) onnxruntime_analyzer.py> DEBUG: [LOAD_HANDLER] Checking LOAD op at 00102f38. Address varnode: (register, 0x4000, 8)  
2025-09-08 02:26:53 INFO  (GhidraScript) onnxruntime_analyzer.py>   - [STACK_SEARCH.0] Analyzing varnode: (register, 0x4000, 8)  
2025-09-08 02:26:53 INFO  (GhidraScript) onnxruntime_analyzer.py>   - [STACK_SEARCH.0] Details: isAddress=0, addr=register:00004000, isStackAddress=0  
2025-09-08 02:26:53 INFO  (GhidraScript) onnxruntime_analyzer.py>   - [STACK_SEARCH.0] Def P-Code Op: (register, 0x4000, 8) CAST (unique, 0x10000d15, 8)  
2025-09-08 02:26:53 INFO  (GhidraScript) onnxruntime_analyzer.py>   - [STACK_SEARCH.0] Recursing through CAST...  
2025-09-08 02:26:53 INFO  (GhidraScript) onnxruntime_analyzer.py>   - [STACK_SEARCH.1] Analyzing varnode: (unique, 0x10000d15, 8)  
2025-09-08 02:26:53 INFO  (GhidraScript) onnxruntime_analyzer.py>   - [STACK_SEARCH.1] Details: isAddress=0, addr=unique:10000d15, isStackAddress=0  
2025-09-08 02:26:53 INFO  (GhidraScript) onnxruntime_analyzer.py>   - [STACK_SEARCH.1] Def P-Code Op: (unique, 0x10000d15, 8) CALL (ram, 0x105744, 8) , (unique, 0x11f80, 8) , (const, 0x2, 8)  
2025-09-08 02:26:53 INFO  (GhidraScript) onnxruntime_analyzer.py>   - [STACK_SEARCH.1] Mnemonic 'CALL' is not a handled case. Aborting path.  
2025-09-08 02:26:53 INFO  (GhidraScript) onnxruntime_analyzer.py> DEBUG: [LOAD_HANDLER] POINTER_RULE FAIL: Address varnode puVar12(x0) is not tainted (recursive check).  
2025-09-08 02:26:53 INFO  (GhidraScript) onnxruntime_analyzer.py> DEBUG: [LOAD_HANDLER] REGION_RULE FAIL: Address pointer puVar12(x0) is not in the tainted memory regions set.  
2025-09-08 02:26:53 INFO  (GhidraScript) onnxruntime_analyzer.py> DEBUG: [CBRANCH] Found defining op for condition: (unique, 0x1100, 1) INT_SLESS (stack, 0xfffffffffffffb6c, 4) , (stack, 0xfffffffffffffb8c, 4)  
2025-09-08 02:26:53 INFO  (GhidraScript) onnxruntime_analyzer.py> INFO: [main @ 00102f5c] Taint reached CBRANCH. Operands: ['local_494(StackDirect[Stack[-0x494]])', 'local_474(StackDirect[Stack[-0x474]])'].   
2025-09-08 02:26:53 INFO  (GhidraScript) onnxruntime_analyzer.py> DEBUG: [main @ 00102f74] Taint propagated from local_450(StackDirect[Stack[-0x450]]) to local_4a0(StackDirect[Stack[-0x4a0]]) via PTRADD.  
2025-09-08 02:26:53 INFO  (GhidraScript) onnxruntime_analyzer.py> DEBUG: [LOAD_HANDLER] Checking LOAD op at 00102f80. Address varnode: (unique, 0x6400, 8)  
2025-09-08 02:26:53 INFO  (GhidraScript) onnxruntime_analyzer.py>   - [STACK_SEARCH.0] Analyzing varnode: (unique, 0x6400, 8)  
2025-09-08 02:26:53 INFO  (GhidraScript) onnxruntime_analyzer.py>   - [STACK_SEARCH.0] Details: isAddress=0, addr=unique:00006400, isStackAddress=0  
2025-09-08 02:26:53 INFO  (GhidraScript) onnxruntime_analyzer.py>   - [STACK_SEARCH.0] Def P-Code Op: (unique, 0x6400, 8) PTRADD (unique, 0x11800, 8) , (const, 0x4, 8) , (const, 0x4, 8)  
2025-09-08 02:26:53 INFO  (GhidraScript) onnxruntime_analyzer.py>   - [STACK_SEARCH.1] Analyzing varnode: (unique, 0x11800, 8)  
2025-09-08 02:26:53 INFO  (GhidraScript) onnxruntime_analyzer.py>   - [STACK_SEARCH.1] Details: isAddress=0, addr=unique:00011800, isStackAddress=0  
2025-09-08 02:26:53 INFO  (GhidraScript) onnxruntime_analyzer.py>   - [STACK_SEARCH.1] Def P-Code Op: (unique, 0x11800, 8) PTRADD (stack, 0xfffffffffffffbb0, 8) , (unique, 0x5f80, 8) , (const, 0x4, 8)  
2025-09-08 02:26:53 INFO  (GhidraScript) onnxruntime_analyzer.py>   - [STACK_SEARCH.1] Mnemonic 'PTRADD' is not a handled case. Aborting path.  
2025-09-08 02:26:53 INFO  (GhidraScript) onnxruntime_analyzer.py>   - [STACK_SEARCH.1] Analyzing varnode: (unique, 0x11800, 8)  
2025-09-08 02:26:53 INFO  (GhidraScript) onnxruntime_analyzer.py>   - [STACK_SEARCH.1] Details: isAddress=0, addr=unique:00011800, isStackAddress=0  
2025-09-08 02:26:53 INFO  (GhidraScript) onnxruntime_analyzer.py>   - [STACK_SEARCH.1] Def P-Code Op: (unique, 0x11800, 8) PTRADD (stack, 0xfffffffffffffbb0, 8) , (unique, 0x5f80, 8) , (const, 0x4, 8)  
2025-09-08 02:26:53 INFO  (GhidraScript) onnxruntime_analyzer.py>   - [STACK_SEARCH.1] Mnemonic 'PTRADD' is not a handled case. Aborting path.  
2025-09-08 02:26:53 INFO  (GhidraScript) onnxruntime_analyzer.py>   - [STACK_SEARCH.0] Mnemonic 'PTRADD' is not a handled case. Aborting path.  
2025-09-08 02:26:53 INFO  (GhidraScript) onnxruntime_analyzer.py>   - [STACK_SEARCH.0] Analyzing varnode: (unique, 0x11800, 8)  
2025-09-08 02:26:53 INFO  (GhidraScript) onnxruntime_analyzer.py>   - [STACK_SEARCH.0] Details: isAddress=0, addr=unique:00011800, isStackAddress=0  
2025-09-08 02:26:53 INFO  (GhidraScript) onnxruntime_analyzer.py>   - [STACK_SEARCH.0] Def P-Code Op: (unique, 0x11800, 8) PTRADD (stack, 0xfffffffffffffbb0, 8) , (unique, 0x5f80, 8) , (const, 0x4, 8)  
2025-09-08 02:26:53 INFO  (GhidraScript) onnxruntime_analyzer.py>   - [STACK_SEARCH.0] Mnemonic 'PTRADD' is not a handled case. Aborting path.  
2025-09-08 02:26:53 INFO  (GhidraScript) onnxruntime_analyzer.py> DEBUG: [LOAD_HANDLER] POINTER_RULE FAIL: Address varnode UNNAMED(UniquePcode[0x6400]) is not tainted (recursive check).  
2025-09-08 02:26:53 INFO  (GhidraScript) onnxruntime_analyzer.py> DEBUG: [LOAD_HANDLER] REGION_RULE FAIL: Address pointer UNNAMED(UniquePcode[0x6400]) is not in the tainted memory regions set.  
2025-09-08 02:26:53 INFO  (GhidraScript) onnxruntime_analyzer.py> DEBUG: [main @ 00102f80] Taint propagated from local_4a0(StackDirect[Stack[-0x4a0]]) to UNNAMED(UniquePcode[0x6400]) via PTRADD.  
2025-09-08 02:26:53 INFO  (GhidraScript) onnxruntime_analyzer.py> INFO: [main @ 00102f90] Taint reached COMPARISON op (FLOAT_LESSEQUAL). Operands: ['UnnamedHighVar(Constant: 0x3e800000)', 'local_4a4(StackDirect[Stack[-0x4a4]])'].  
2025-09-08 02:26:53 INFO  (GhidraScript) onnxruntime_analyzer.py> DEBUG: [CBRANCH] Found defining op for condition: (register, 0x100, 1) FLOAT_LESSEQUAL (const, 0x3e800000, 4) , (register, 0x5000, 4)  
2025-09-08 02:26:53 INFO  (GhidraScript) onnxruntime_analyzer.py> INFO: [main @ 00102f94] Taint reached CBRANCH. Operands: ['UnnamedHighVar(Constant: 0x3e800000)', 'local_4a4(StackDirect[Stack[-0x4a4]])'].   
2025-09-08 02:26:53 INFO  (GhidraScript) onnxruntime_analyzer.py> DEBUG: [main @ 00103074] Taint propagated from local_4a0(StackDirect[Stack[-0x4a0]]) to pfVar7(x0) via PTRADD.  
2025-09-08 02:26:53 INFO  (GhidraScript) onnxruntime_analyzer.py> DEBUG: [main @ 0010308c] Taint propagated from local_4a0(StackDirect[Stack[-0x4a0]]) to UNNAMED(UniquePcode[0x11f80]) via PTRADD.  
2025-09-08 02:26:53 INFO  (GhidraScript) onnxruntime_analyzer.py> \n>>> Analyzing function: max_element<float_const*> (Depth: 1) at 0010578c (Originating from: ['GetTensorData']) with initial taints: param_1(x0), param_2(x1)  
2025-09-08 02:26:53 INFO  (GhidraScript) onnxruntime_analyzer.py>   - [STACK_SEARCH.0] Analyzing varnode: (register, 0x4000, 8)  
2025-09-08 02:26:53 INFO  (GhidraScript) onnxruntime_analyzer.py>   - [STACK_SEARCH.0] Details: isAddress=0, addr=register:00004000, isStackAddress=0  
2025-09-08 02:26:53 INFO  (GhidraScript) onnxruntime_analyzer.py>   - [STACK_SEARCH.0] No defining p-code op found. Aborting path.  
2025-09-08 02:26:53 INFO  (GhidraScript) onnxruntime_analyzer.py>   - [STACK_SEARCH.0] Analyzing varnode: (register, 0x4008, 8)  
2025-09-08 02:26:53 INFO  (GhidraScript) onnxruntime_analyzer.py>   - [STACK_SEARCH.0] Details: isAddress=0, addr=register:00004008, isStackAddress=0  
2025-09-08 02:26:53 INFO  (GhidraScript) onnxruntime_analyzer.py>   - [STACK_SEARCH.0] No defining p-code op found. Aborting path.  
2025-09-08 02:26:53 INFO  (GhidraScript) onnxruntime_analyzer.py> DEBUG: Starting taint analysis from the beginning of function max_element<float_const*>.  
2025-09-08 02:26:53 INFO  (GhidraScript) onnxruntime_analyzer.py> \n>>> Analyzing function: __max_element<float_const*,__gnu_cxx::__ops::_Iter_less_iter> (Depth: 2) at 001063dc (Originating from: ['GetTensorData']) with initial taints: param_1(x0), param_2(x1)  
2025-09-08 02:26:53 INFO  (GhidraScript) onnxruntime_analyzer.py>   - [STACK_SEARCH.0] Analyzing varnode: (register, 0x4000, 8)  
2025-09-08 02:26:53 INFO  (GhidraScript) onnxruntime_analyzer.py>   - [STACK_SEARCH.0] Details: isAddress=0, addr=register:00004000, isStackAddress=0  
2025-09-08 02:26:53 INFO  (GhidraScript) onnxruntime_analyzer.py>   - [STACK_SEARCH.0] No defining p-code op found. Aborting path.  
2025-09-08 02:26:53 INFO  (GhidraScript) onnxruntime_analyzer.py>   - [STACK_SEARCH.0] Analyzing varnode: (register, 0x4008, 8)  
2025-09-08 02:26:53 INFO  (GhidraScript) onnxruntime_analyzer.py>   - [STACK_SEARCH.0] Details: isAddress=0, addr=register:00004008, isStackAddress=0  
2025-09-08 02:26:53 INFO  (GhidraScript) onnxruntime_analyzer.py>   - [STACK_SEARCH.0] No defining p-code op found. Aborting path.  
2025-09-08 02:26:53 INFO  (GhidraScript) onnxruntime_analyzer.py> DEBUG: Starting taint analysis from the beginning of function __max_element<float_const*,__gnu_cxx::__ops::_Iter_less_iter>.  
2025-09-08 02:26:53 INFO  (GhidraScript) onnxruntime_analyzer.py> DEBUG: [__max_element<float_const*,__gnu_cxx::__ops::_Iter_less_iter> @ 001063fc] Taint propagated from param_1(x0) to UNNAMED(tmpZR) via INT_NOTEQUAL.  
2025-09-08 02:26:53 INFO  (GhidraScript) onnxruntime_analyzer.py> INFO: [__max_element<float_const*,__gnu_cxx::__ops::_Iter_less_iter> @ 001063fc] Taint reached COMPARISON op (INT_NOTEQUAL). Operands: ['param_1(x0)', 'param_2(x1)'].  
2025-09-08 02:26:53 INFO  (GhidraScript) onnxruntime_analyzer.py> DEBUG: [CBRANCH] Found defining op for condition: (register, 0x108, 1) INT_NOTEQUAL (register, 0x4000, 8) , (register, 0x4008, 8)  
2025-09-08 02:26:53 INFO  (GhidraScript) onnxruntime_analyzer.py> INFO: [__max_element<float_const*,__gnu_cxx::__ops::_Iter_less_iter> @ 00106400] Taint reached CBRANCH. Operands: ['param_1(x0)', 'param_2(x1)'].   
2025-09-08 02:26:53 INFO  (GhidraScript) onnxruntime_analyzer.py> DEBUG: [__max_element<float_const*,__gnu_cxx::__ops::_Iter_less_iter> @ 00106400] Taint propagated from param_1(x0) to UNNAMED(UniquePcode[0x1000003b]) via COPY.  
2025-09-08 02:26:53 INFO  (GhidraScript) onnxruntime_analyzer.py> DEBUG: [__max_element<float_const*,__gnu_cxx::__ops::_Iter_less_iter> @ 00106400] Taint propagated from UNNAMED(UniquePcode[0x1000003b]) to local_38(StackDirect[Stack[-0x38]]) via COPY.  
2025-09-08 02:26:53 INFO  (GhidraScript) onnxruntime_analyzer.py> DEBUG: [__max_element<float_const*,__gnu_cxx::__ops::_Iter_less_iter> @ 00106400] Taint propagated from param_1(x0) to local_28(StackDirect[Stack[-0x28]]) via COPY.  
2025-09-08 02:26:53 INFO  (GhidraScript) onnxruntime_analyzer.py> DEBUG: [__max_element<float_const*,__gnu_cxx::__ops::_Iter_less_iter> @ 00106400] Taint propagated from param_1(x0) to local_18(StackDirect[Stack[-0x18]]) via COPY.  
2025-09-08 02:26:53 INFO  (GhidraScript) onnxruntime_analyzer.py> DEBUG: [__max_element<float_const*,__gnu_cxx::__ops::_Iter_less_iter> @ 00106434] Taint propagated from local_28(StackDirect[Stack[-0x28]]) to UNNAMED(tmpZR) via INT_NOTEQUAL.  
2025-09-08 02:26:53 INFO  (GhidraScript) onnxruntime_analyzer.py> INFO: [__max_element<float_const*,__gnu_cxx::__ops::_Iter_less_iter> @ 00106434] Taint reached COMPARISON op (INT_NOTEQUAL). Operands: ['local_28(StackDirect[Stack[-0x28]])', 'param_2(x1)'].  
2025-09-08 02:26:53 INFO  (GhidraScript) onnxruntime_analyzer.py> DEBUG: [CBRANCH] Found defining op for condition: (register, 0x108, 1) INT_NOTEQUAL (unique, 0x11f80, 8) , (register, 0x4008, 8)  
2025-09-08 02:26:53 INFO  (GhidraScript) onnxruntime_analyzer.py> INFO: [__max_element<float_const*,__gnu_cxx::__ops::_Iter_less_iter> @ 00106438] Taint reached CBRANCH. Operands: ['local_28(StackDirect[Stack[-0x28]])', 'param_2(x1)'].   
2025-09-08 02:26:53 INFO  (GhidraScript) onnxruntime_analyzer.py> DEBUG: [OUT-DEGREE] Tainting memory region of UNNAMED(x0) due to call with other tainted args.  
2025-09-08 02:26:53 INFO  (GhidraScript) onnxruntime_analyzer.py> \n>>> Analyzing function: operator() (Depth: 3) at 00106488 (Originating from: ['GetTensorData']) with initial taints: param_2(x2), param_1(x1)  
2025-09-08 02:26:53 INFO  (GhidraScript) onnxruntime_analyzer.py>   - [STACK_SEARCH.0] Analyzing varnode: (register, 0x4010, 8)  
2025-09-08 02:26:53 INFO  (GhidraScript) onnxruntime_analyzer.py>   - [STACK_SEARCH.0] Details: isAddress=0, addr=register:00004010, isStackAddress=0  
2025-09-08 02:26:53 INFO  (GhidraScript) onnxruntime_analyzer.py>   - [STACK_SEARCH.0] No defining p-code op found. Aborting path.  
2025-09-08 02:26:53 INFO  (GhidraScript) onnxruntime_analyzer.py>   - [STACK_SEARCH.0] Analyzing varnode: (register, 0x4008, 8)  
2025-09-08 02:26:53 INFO  (GhidraScript) onnxruntime_analyzer.py>   - [STACK_SEARCH.0] Details: isAddress=0, addr=register:00004008, isStackAddress=0  
2025-09-08 02:26:53 INFO  (GhidraScript) onnxruntime_analyzer.py>   - [STACK_SEARCH.0] No defining p-code op found. Aborting path.  
2025-09-08 02:26:53 INFO  (GhidraScript) onnxruntime_analyzer.py> DEBUG: Starting taint analysis from the beginning of function operator().  
2025-09-08 02:26:53 INFO  (GhidraScript) onnxruntime_analyzer.py> DEBUG: [LOAD_HANDLER] Checking LOAD op at 0010649c. Address varnode: (register, 0x4008, 8)  
2025-09-08 02:26:53 INFO  (GhidraScript) onnxruntime_analyzer.py> DEBUG: [LOAD_HANDLER] POINTER_RULE SUCCESS: Tainting output due to load from tainted address pointer (recursive check).  
2025-09-08 02:26:53 INFO  (GhidraScript) onnxruntime_analyzer.py> DEBUG: [operator() @ 0010649c] Taint propagated from Tainted Address Pointer (param_1(x1)) to UNNAMED(s0) via LOAD.  
2025-09-08 02:26:53 INFO  (GhidraScript) onnxruntime_analyzer.py> DEBUG: [LOAD_HANDLER] Checking LOAD op at 001064a4. Address varnode: (register, 0x4010, 8)  
2025-09-08 02:26:53 INFO  (GhidraScript) onnxruntime_analyzer.py> DEBUG: [LOAD_HANDLER] POINTER_RULE SUCCESS: Tainting output due to load from tainted address pointer (recursive check).  
2025-09-08 02:26:53 INFO  (GhidraScript) onnxruntime_analyzer.py> DEBUG: [operator() @ 001064a4] Taint propagated from Tainted Address Pointer (param_2(x2)) to UNNAMED(s1) via LOAD.  
2025-09-08 02:26:53 INFO  (GhidraScript) onnxruntime_analyzer.py> DEBUG: [operator() @ 001064a8] Taint propagated from UNNAMED(s0) to UNNAMED(NG) via FLOAT_LESS.  
2025-09-08 02:26:53 INFO  (GhidraScript) onnxruntime_analyzer.py> INFO: [operator() @ 001064a8] Taint reached COMPARISON op (FLOAT_LESS). Operands: ['UNNAMED(s0)', 'UNNAMED(s1)'].  
2025-09-08 02:26:53 INFO  (GhidraScript) onnxruntime_analyzer.py> DEBUG: [operator() @ 001064b4] Analyzing potential tainted RETURN with value: UNNAMED(w0) (Tainted: 1)  
2025-09-08 02:26:53 INFO  (GhidraScript) onnxruntime_analyzer.py> 
==================== TAINTED RETURN DETECTED ====================  
2025-09-08 02:26:53 INFO  (GhidraScript) onnxruntime_analyzer.py>   - Taint Origin:    ['GetTensorData']  
2025-09-08 02:26:53 INFO  (GhidraScript) onnxruntime_analyzer.py>   - Function:        bool __thiscall operator()(float * param_1, float * param_2) (Depth: 3)  
2025-09-08 02:26:53 INFO  (GhidraScript) onnxruntime_analyzer.py>   - Return Address:  001064b4  
2025-09-08 02:26:53 INFO  (GhidraScript) onnxruntime_analyzer.py>   - Instruction:     ret  
2025-09-08 02:26:53 INFO  (GhidraScript) onnxruntime_analyzer.py>   - Tainted Value:   UNNAMED(w0)  
2025-09-08 02:26:53 INFO  (GhidraScript) onnxruntime_analyzer.py>   - Value defined by:  (register, 0x4000, 1) COPY (register, 0x100, 1) at 001064b4  
2025-09-08 02:26:53 INFO  (GhidraScript) onnxruntime_analyzer.py> ================================================================
  
2025-09-08 02:26:53 INFO  (GhidraScript) onnxruntime_analyzer.py> INFO: [MULTI-STAGE] Tainted return from 'operator()'. Finding call sites to continue analysis.  
2025-09-08 02:26:53 INFO  (GhidraScript) onnxruntime_analyzer.py> INFO: [MULTI-STAGE] Queued new task to analyze caller '__max_element<float_const*,__gnu_cxx::__ops::_Iter_less_iter>' starting from tainted return.  
2025-09-08 02:26:53 INFO  (GhidraScript) onnxruntime_analyzer.py> DEBUG: [operator() @ 001064b4] Taint propagated from UNNAMED(NG) to UNNAMED(w0) via COPY.  
2025-09-08 02:26:53 INFO  (GhidraScript) onnxruntime_analyzer.py> <<< Finished analyzing function: operator().  
2025-09-08 02:26:53 INFO  (GhidraScript) onnxruntime_analyzer.py> INFO: [__max_element<float_const*,__gnu_cxx::__ops::_Iter_less_iter> @ 00106450] Taint reached CBRANCH. Operands: [].   
2025-09-08 02:26:53 INFO  (GhidraScript) onnxruntime_analyzer.py> DEBUG: [__max_element<float_const*,__gnu_cxx::__ops::_Iter_less_iter> @ 00106474] Taint propagated from local_18(StackDirect[Stack[-0x18]]) to UNNAMED(x0) via COPY.  
2025-09-08 02:26:53 INFO  (GhidraScript) onnxruntime_analyzer.py> DEBUG: [__max_element<float_const*,__gnu_cxx::__ops::_Iter_less_iter> @ 00106480] Analyzing potential tainted RETURN with value: UNNAMED(x0) (Tainted: 1)  
2025-09-08 02:26:53 INFO  (GhidraScript) onnxruntime_analyzer.py> 
==================== TAINTED RETURN DETECTED ====================  
2025-09-08 02:26:53 INFO  (GhidraScript) onnxruntime_analyzer.py>   - Taint Origin:    ['GetTensorData']  
2025-09-08 02:26:53 INFO  (GhidraScript) onnxruntime_analyzer.py>   - Function:        float * __max_element<float_const*,__gnu_cxx::__ops::_Iter_less_iter>(float * param_1, float * param_2, _Iter_less_iter param_3) (Depth: 2)  
2025-09-08 02:26:53 INFO  (GhidraScript) onnxruntime_analyzer.py>   - Return Address:  00106480  
2025-09-08 02:26:53 INFO  (GhidraScript) onnxruntime_analyzer.py>   - Instruction:     ret  
2025-09-08 02:26:53 INFO  (GhidraScript) onnxruntime_analyzer.py>   - Tainted Value:   UNNAMED(x0)  
2025-09-08 02:26:53 INFO  (GhidraScript) onnxruntime_analyzer.py>   - Value defined by:  (register, 0x4000, 8) COPY (stack, 0xffffffffffffffe8, 8) at 00106474  
2025-09-08 02:26:53 INFO  (GhidraScript) onnxruntime_analyzer.py> ================================================================
  
2025-09-08 02:26:53 INFO  (GhidraScript) onnxruntime_analyzer.py> INFO: [MULTI-STAGE] Tainted return from '__max_element<float_const*,__gnu_cxx::__ops::_Iter_less_iter>'. Finding call sites to continue analysis.  
2025-09-08 02:26:53 INFO  (GhidraScript) onnxruntime_analyzer.py> INFO: [MULTI-STAGE] Queued new task to analyze caller 'max_element<float_const*>' starting from tainted return.  
2025-09-08 02:26:53 INFO  (GhidraScript) onnxruntime_analyzer.py> <<< Finished analyzing function: __max_element<float_const*,__gnu_cxx::__ops::_Iter_less_iter>.  
2025-09-08 02:26:53 INFO  (GhidraScript) onnxruntime_analyzer.py> DEBUG: [max_element<float_const*> @ 001057cc] Analyzing potential tainted RETURN with value: pfVar1(x0) (Tainted: 0)  
2025-09-08 02:26:53 INFO  (GhidraScript) onnxruntime_analyzer.py>     [DEBUG] --- Taint Check Details (RETURN FAILED) ---  
2025-09-08 02:26:53 INFO  (GhidraScript) onnxruntime_analyzer.py>     [DEBUG]   > Return Varnode: (register, 0x4000, 8) (Size: 8, Def: (register, 0x4000, 8) CALL (ram, 0x1063dc, 8) , (register, 0x4000, 8) , (register, 0x4008, 8) , (register, 0x4010, 4) at 001057c0)  
2025-09-08 02:26:53 INFO  (GhidraScript) onnxruntime_analyzer.py>     [DEBUG]   > Currently Tainted HighVariables in this function:  
2025-09-08 02:26:53 INFO  (GhidraScript) onnxruntime_analyzer.py>     [DEBUG]     1. param_1(x0)  
2025-09-08 02:26:53 INFO  (GhidraScript) onnxruntime_analyzer.py>     [DEBUG]     2. param_2(x1)  
2025-09-08 02:26:53 INFO  (GhidraScript) onnxruntime_analyzer.py>     [DEBUG] ---------------------------------  
2025-09-08 02:26:53 INFO  (GhidraScript) onnxruntime_analyzer.py> <<< Finished analyzing function: max_element<float_const*>.  
2025-09-08 02:26:53 INFO  (GhidraScript) onnxruntime_analyzer.py> DEBUG: [main @ 00103090] Taint propagated from pfVar7(x0) to local_4b0(StackDirect[Stack[-0x4b0]]) via COPY.  
2025-09-08 02:26:53 INFO  (GhidraScript) onnxruntime_analyzer.py> DEBUG: [main @ 001030d4] Taint propagated from pfVar7(x0) to UNNAMED(UniquePcode[0x10000d25]) via CAST.  
2025-09-08 02:26:53 INFO  (GhidraScript) onnxruntime_analyzer.py> DEBUG: [LOAD_HANDLER] Checking LOAD op at 001030f8. Address varnode: (unique, 0x7e400, 8)  
2025-09-08 02:26:53 INFO  (GhidraScript) onnxruntime_analyzer.py>   - [STACK_SEARCH.0] Analyzing varnode: (unique, 0x7e400, 8)  
2025-09-08 02:26:53 INFO  (GhidraScript) onnxruntime_analyzer.py>   - [STACK_SEARCH.0] Details: isAddress=0, addr=unique:0007e400, isStackAddress=0  
2025-09-08 02:26:53 INFO  (GhidraScript) onnxruntime_analyzer.py>   - [STACK_SEARCH.0] Def P-Code Op: (unique, 0x7e400, 8) PTRADD (stack, 0xfffffffffffffb50, 8) , (register, 0x4048, 8) , (const, 0x4, 8)  
2025-09-08 02:26:53 INFO  (GhidraScript) onnxruntime_analyzer.py>   - [STACK_SEARCH.0] Mnemonic 'PTRADD' is not a handled case. Aborting path.  
2025-09-08 02:26:53 INFO  (GhidraScript) onnxruntime_analyzer.py>   - [STACK_SEARCH.0] Analyzing varnode: (stack, 0xfffffffffffffb50, 8)  
2025-09-08 02:26:53 INFO  (GhidraScript) onnxruntime_analyzer.py>   - [STACK_SEARCH.0] Details: isAddress=0, addr=Stack[-0x4b0], isStackAddress=1  
2025-09-08 02:26:53 INFO  (GhidraScript) onnxruntime_analyzer.py>   - [STACK_SEARCH.0] SUCCESS (Direct): Varnode is a direct stack address with offset -0x4b0.  
2025-09-08 02:26:53 INFO  (GhidraScript) onnxruntime_analyzer.py> DEBUG: [LOAD_HANDLER] POINTER_RULE FAIL: Address varnode UNNAMED(UniquePcode[0x7e400]) is not tainted (recursive check).  
2025-09-08 02:26:53 INFO  (GhidraScript) onnxruntime_analyzer.py> DEBUG: [LOAD_HANDLER] REGION_RULE FAIL: Address pointer UNNAMED(UniquePcode[0x7e400]) is not in the tainted memory regions set.  
2025-09-08 02:26:53 INFO  (GhidraScript) onnxruntime_analyzer.py> DEBUG: [main @ 001030f8] Taint propagated from local_4b0(StackDirect[Stack[-0x4b0]]) to UNNAMED(UniquePcode[0x7e400]) via PTRADD.  
2025-09-08 02:26:53 INFO  (GhidraScript) onnxruntime_analyzer.py> DEBUG: [CBRANCH] Found defining op for condition: (register, 0x100, 1) FLOAT_LESSEQUAL (const, 0x3e800000, 4) , (register, 0x5000, 4)  
2025-09-08 02:26:53 INFO  (GhidraScript) onnxruntime_analyzer.py> INFO: [main @ 00103114] Taint reached CBRANCH. Operands: ['UnnamedHighVar(Constant: 0x3e800000)', 'UNNAMED(s0)'].   
2025-09-08 02:26:53 INFO  (GhidraScript) onnxruntime_analyzer.py> DEBUG: [main @ 00103114] Taint propagated from pfVar7(x0) to local_78(StackDirect[Stack[-0x78]]) via COPY.  
2025-09-08 02:26:53 INFO  (GhidraScript) onnxruntime_analyzer.py> DEBUG: [main @ 00103114] Taint propagated from pfVar7(x0) to local_68(StackDirect[Stack[-0x68]]) via COPY.  
2025-09-08 02:26:53 INFO  (GhidraScript) onnxruntime_analyzer.py> DEBUG: [LOAD_HANDLER] Checking LOAD op at 00103134. Address varnode: (stack, 0xfffffffffffffb60, 8)  
2025-09-08 02:26:53 INFO  (GhidraScript) onnxruntime_analyzer.py>   - [STACK_SEARCH.0] Analyzing varnode: (stack, 0xfffffffffffffb60, 8)  
2025-09-08 02:26:53 INFO  (GhidraScript) onnxruntime_analyzer.py>   - [STACK_SEARCH.0] Details: isAddress=0, addr=Stack[-0x4a0], isStackAddress=1  
2025-09-08 02:26:53 INFO  (GhidraScript) onnxruntime_analyzer.py>   - [STACK_SEARCH.0] SUCCESS (Direct): Varnode is a direct stack address with offset -0x4a0.  
2025-09-08 02:26:53 INFO  (GhidraScript) onnxruntime_analyzer.py> DEBUG: [LOAD_HANDLER] POINTER_RULE SUCCESS: Tainting output due to load from tainted address pointer (recursive check).  
2025-09-08 02:26:53 INFO  (GhidraScript) onnxruntime_analyzer.py> DEBUG: [main @ 00103134] Taint propagated from Tainted Address Pointer (local_4a0(StackDirect[Stack[-0x4a0]])) to local_4bc(StackDirect[Stack[-0x4bc]]) via LOAD.  
2025-09-08 02:26:53 INFO  (GhidraScript) onnxruntime_analyzer.py> DEBUG: [LOAD_HANDLER] Checking LOAD op at 00103140. Address varnode: (unique, 0x6400, 8)  
2025-09-08 02:26:53 INFO  (GhidraScript) onnxruntime_analyzer.py>   - [STACK_SEARCH.0] Analyzing varnode: (unique, 0x6400, 8)  
2025-09-08 02:26:53 INFO  (GhidraScript) onnxruntime_analyzer.py>   - [STACK_SEARCH.0] Details: isAddress=0, addr=unique:00006400, isStackAddress=0  
2025-09-08 02:26:53 INFO  (GhidraScript) onnxruntime_analyzer.py>   - [STACK_SEARCH.0] Def P-Code Op: (unique, 0x6400, 8) PTRADD (stack, 0xfffffffffffffb60, 8) , (const, 0x1, 8) , (const, 0x4, 8)  
2025-09-08 02:26:53 INFO  (GhidraScript) onnxruntime_analyzer.py>   - [STACK_SEARCH.1] Analyzing varnode: (stack, 0xfffffffffffffb60, 8)  
2025-09-08 02:26:53 INFO  (GhidraScript) onnxruntime_analyzer.py>   - [STACK_SEARCH.1] Details: isAddress=0, addr=Stack[-0x4a0], isStackAddress=1  
2025-09-08 02:26:53 INFO  (GhidraScript) onnxruntime_analyzer.py>   - [STACK_SEARCH.1] SUCCESS (Direct): Varnode is a direct stack address with offset -0x4a0.  
2025-09-08 02:26:53 INFO  (GhidraScript) onnxruntime_analyzer.py>   - [STACK_SEARCH.0] SUCCESS (PTRADD3): Found stack base -0x4a0 with offset 0x4 -> final offset -0x49c.  
2025-09-08 02:26:53 INFO  (GhidraScript) onnxruntime_analyzer.py>   - [STACK_SEARCH.0] Analyzing varnode: (stack, 0xfffffffffffffb60, 8)  
2025-09-08 02:26:53 INFO  (GhidraScript) onnxruntime_analyzer.py>   - [STACK_SEARCH.0] Details: isAddress=0, addr=Stack[-0x4a0], isStackAddress=1  
2025-09-08 02:26:53 INFO  (GhidraScript) onnxruntime_analyzer.py>   - [STACK_SEARCH.0] SUCCESS (Direct): Varnode is a direct stack address with offset -0x4a0.  
2025-09-08 02:26:53 INFO  (GhidraScript) onnxruntime_analyzer.py> DEBUG: [LOAD_HANDLER] POINTER_RULE FAIL: Address varnode UNNAMED(UniquePcode[0x6400]) is not tainted (recursive check).  
2025-09-08 02:26:53 INFO  (GhidraScript) onnxruntime_analyzer.py> DEBUG: [LOAD_HANDLER] REGION_RULE FAIL: Address pointer UNNAMED(UniquePcode[0x6400]) is not in the tainted memory regions set.  
2025-09-08 02:26:53 INFO  (GhidraScript) onnxruntime_analyzer.py> DEBUG: [main @ 00103140] Taint propagated from local_4a0(StackDirect[Stack[-0x4a0]]) to UNNAMED(UniquePcode[0x6400]) via PTRADD.  
2025-09-08 02:26:53 INFO  (GhidraScript) onnxruntime_analyzer.py> DEBUG: [LOAD_HANDLER] Checking LOAD op at 0010314c. Address varnode: (unique, 0x6400, 8)  
2025-09-08 02:26:53 INFO  (GhidraScript) onnxruntime_analyzer.py>   - [STACK_SEARCH.0] Analyzing varnode: (unique, 0x6400, 8)  
2025-09-08 02:26:53 INFO  (GhidraScript) onnxruntime_analyzer.py>   - [STACK_SEARCH.0] Details: isAddress=0, addr=unique:00006400, isStackAddress=0  
2025-09-08 02:26:53 INFO  (GhidraScript) onnxruntime_analyzer.py>   - [STACK_SEARCH.0] Def P-Code Op: (unique, 0x6400, 8) PTRADD (stack, 0xfffffffffffffb60, 8) , (const, 0x2, 8) , (const, 0x4, 8)  
2025-09-08 02:26:53 INFO  (GhidraScript) onnxruntime_analyzer.py>   - [STACK_SEARCH.1] Analyzing varnode: (stack, 0xfffffffffffffb60, 8)  
2025-09-08 02:26:53 INFO  (GhidraScript) onnxruntime_analyzer.py>   - [STACK_SEARCH.1] Details: isAddress=0, addr=Stack[-0x4a0], isStackAddress=1  
2025-09-08 02:26:53 INFO  (GhidraScript) onnxruntime_analyzer.py>   - [STACK_SEARCH.1] SUCCESS (Direct): Varnode is a direct stack address with offset -0x4a0.  
2025-09-08 02:26:53 INFO  (GhidraScript) onnxruntime_analyzer.py>   - [STACK_SEARCH.0] SUCCESS (PTRADD3): Found stack base -0x4a0 with offset 0x8 -> final offset -0x498.  
2025-09-08 02:26:53 INFO  (GhidraScript) onnxruntime_analyzer.py>   - [STACK_SEARCH.0] Analyzing varnode: (stack, 0xfffffffffffffb60, 8)  
2025-09-08 02:26:53 INFO  (GhidraScript) onnxruntime_analyzer.py>   - [STACK_SEARCH.0] Details: isAddress=0, addr=Stack[-0x4a0], isStackAddress=1  
2025-09-08 02:26:53 INFO  (GhidraScript) onnxruntime_analyzer.py>   - [STACK_SEARCH.0] SUCCESS (Direct): Varnode is a direct stack address with offset -0x4a0.  
2025-09-08 02:26:53 INFO  (GhidraScript) onnxruntime_analyzer.py> DEBUG: [LOAD_HANDLER] POINTER_RULE FAIL: Address varnode UNNAMED(UniquePcode[0x6400]) is not tainted (recursive check).  
2025-09-08 02:26:53 INFO  (GhidraScript) onnxruntime_analyzer.py> DEBUG: [LOAD_HANDLER] REGION_RULE FAIL: Address pointer UNNAMED(UniquePcode[0x6400]) is not in the tainted memory regions set.  
2025-09-08 02:26:53 INFO  (GhidraScript) onnxruntime_analyzer.py> DEBUG: [main @ 0010314c] Taint propagated from local_4a0(StackDirect[Stack[-0x4a0]]) to UNNAMED(UniquePcode[0x6400]) via PTRADD.  
2025-09-08 02:26:53 INFO  (GhidraScript) onnxruntime_analyzer.py> DEBUG: [LOAD_HANDLER] Checking LOAD op at 00103158. Address varnode: (unique, 0x6400, 8)  
2025-09-08 02:26:53 INFO  (GhidraScript) onnxruntime_analyzer.py>   - [STACK_SEARCH.0] Analyzing varnode: (unique, 0x6400, 8)  
2025-09-08 02:26:53 INFO  (GhidraScript) onnxruntime_analyzer.py>   - [STACK_SEARCH.0] Details: isAddress=0, addr=unique:00006400, isStackAddress=0  
2025-09-08 02:26:53 INFO  (GhidraScript) onnxruntime_analyzer.py>   - [STACK_SEARCH.0] Def P-Code Op: (unique, 0x6400, 8) PTRADD (stack, 0xfffffffffffffb60, 8) , (const, 0x3, 8) , (const, 0x4, 8)  
2025-09-08 02:26:53 INFO  (GhidraScript) onnxruntime_analyzer.py>   - [STACK_SEARCH.1] Analyzing varnode: (stack, 0xfffffffffffffb60, 8)  
2025-09-08 02:26:53 INFO  (GhidraScript) onnxruntime_analyzer.py>   - [STACK_SEARCH.1] Details: isAddress=0, addr=Stack[-0x4a0], isStackAddress=1  
2025-09-08 02:26:53 INFO  (GhidraScript) onnxruntime_analyzer.py>   - [STACK_SEARCH.1] SUCCESS (Direct): Varnode is a direct stack address with offset -0x4a0.  
2025-09-08 02:26:53 INFO  (GhidraScript) onnxruntime_analyzer.py>   - [STACK_SEARCH.0] SUCCESS (PTRADD3): Found stack base -0x4a0 with offset 0xc -> final offset -0x494.  
2025-09-08 02:26:53 INFO  (GhidraScript) onnxruntime_analyzer.py>   - [STACK_SEARCH.0] Analyzing varnode: (stack, 0xfffffffffffffb60, 8)  
2025-09-08 02:26:53 INFO  (GhidraScript) onnxruntime_analyzer.py>   - [STACK_SEARCH.0] Details: isAddress=0, addr=Stack[-0x4a0], isStackAddress=1  
2025-09-08 02:26:53 INFO  (GhidraScript) onnxruntime_analyzer.py>   - [STACK_SEARCH.0] SUCCESS (Direct): Varnode is a direct stack address with offset -0x4a0.  
2025-09-08 02:26:53 INFO  (GhidraScript) onnxruntime_analyzer.py> DEBUG: [LOAD_HANDLER] POINTER_RULE FAIL: Address varnode UNNAMED(UniquePcode[0x6400]) is not tainted (recursive check).  
2025-09-08 02:26:53 INFO  (GhidraScript) onnxruntime_analyzer.py> DEBUG: [LOAD_HANDLER] REGION_RULE FAIL: Address pointer UNNAMED(UniquePcode[0x6400]) is not in the tainted memory regions set.  
2025-09-08 02:26:53 INFO  (GhidraScript) onnxruntime_analyzer.py> DEBUG: [main @ 00103158] Taint propagated from local_4a0(StackDirect[Stack[-0x4a0]]) to UNNAMED(UniquePcode[0x6400]) via PTRADD.  
2025-09-08 02:26:53 INFO  (GhidraScript) onnxruntime_analyzer.py> DEBUG: [CBRANCH] Found defining op for condition: (unique, 0x1000, 1) INT_EQUAL (register, 0x4000, 8) , (const, 0x0, 8)  
2025-09-08 02:26:53 INFO  (GhidraScript) onnxruntime_analyzer.py> INFO: [main @ 00103268] Taint reached CBRANCH. Operands: ['lVar13(x0)', 'UnnamedHighVar(Constant: 0x0)'].   
2025-09-08 02:26:53 INFO  (GhidraScript) onnxruntime_analyzer.py> DEBUG: [LOAD_HANDLER] Checking LOAD op at 0010327c. Address varnode: (unique, 0x6400, 8)  
2025-09-08 02:26:53 INFO  (GhidraScript) onnxruntime_analyzer.py>   - [STACK_SEARCH.0] Analyzing varnode: (unique, 0x6400, 8)  
2025-09-08 02:26:53 INFO  (GhidraScript) onnxruntime_analyzer.py>   - [STACK_SEARCH.0] Details: isAddress=0, addr=unique:00006400, isStackAddress=0  
2025-09-08 02:26:53 INFO  (GhidraScript) onnxruntime_analyzer.py>   - [STACK_SEARCH.0] Def P-Code Op: (unique, 0x6400, 8) CAST (unique, 0x10000d55, 8)  
2025-09-08 02:26:53 INFO  (GhidraScript) onnxruntime_analyzer.py>   - [STACK_SEARCH.0] Recursing through CAST...  
2025-09-08 02:26:53 INFO  (GhidraScript) onnxruntime_analyzer.py>   - [STACK_SEARCH.1] Analyzing varnode: (unique, 0x10000d55, 8)  
2025-09-08 02:26:53 INFO  (GhidraScript) onnxruntime_analyzer.py>   - [STACK_SEARCH.1] Details: isAddress=0, addr=unique:10000d55, isStackAddress=0  
2025-09-08 02:26:53 INFO  (GhidraScript) onnxruntime_analyzer.py>   - [STACK_SEARCH.1] Def P-Code Op: (unique, 0x10000d55, 8) INT_ADD (register, 0x4000, 8) , (const, 0x10, 8)  
2025-09-08 02:26:53 INFO  (GhidraScript) onnxruntime_analyzer.py>   - [STACK_SEARCH.1] Mnemonic 'INT_ADD' is not a handled case. Aborting path.  
2025-09-08 02:26:53 INFO  (GhidraScript) onnxruntime_analyzer.py> DEBUG: [LOAD_HANDLER] POINTER_RULE FAIL: Address varnode UNNAMED(UniquePcode[0x6400]) is not tainted (recursive check).  
2025-09-08 02:26:53 INFO  (GhidraScript) onnxruntime_analyzer.py> DEBUG: [LOAD_HANDLER] REGION_RULE FAIL: Address pointer UNNAMED(UniquePcode[0x6400]) is not in the tainted memory regions set.  
2025-09-08 02:26:53 INFO  (GhidraScript) onnxruntime_analyzer.py> DEBUG: [CBRANCH] Found defining op for condition: (unique, 0x1580, 1) FLOAT_LESSEQUAL (register, 0x5000, 4) , (const, 0x3f000000, 4)  
2025-09-08 02:26:53 INFO  (GhidraScript) onnxruntime_analyzer.py> INFO: [main @ 00103288] Taint reached CBRANCH. Operands: ['UNNAMED(s0)', 'UnnamedHighVar(Constant: 0x3f000000)'].   
2025-09-08 02:26:54 INFO  (GhidraScript) onnxruntime_analyzer.py> DEBUG: [main @ 0010344c] Analyzing potential tainted RETURN with value: UNNAMED(w0) (Tainted: 0)  
2025-09-08 02:26:54 INFO  (GhidraScript) onnxruntime_analyzer.py>     [DEBUG] --- Taint Check Details (RETURN FAILED) ---  
2025-09-08 02:26:54 INFO  (GhidraScript) onnxruntime_analyzer.py>     [DEBUG]   > Return Varnode: (register, 0x4000, 4) (Size: 4, Def: (register, 0x4000, 4) COPY (stack, 0xfffffffffffffee4, 4) at 0010343c)  
2025-09-08 02:26:54 INFO  (GhidraScript) onnxruntime_analyzer.py>     [DEBUG]   > Currently Tainted HighVariables in this function:  
2025-09-08 02:26:54 INFO  (GhidraScript) onnxruntime_analyzer.py>     [DEBUG]     1. UNNAMED(UniquePcode[0x10000d25])  
2025-09-08 02:26:54 INFO  (GhidraScript) onnxruntime_analyzer.py>     [DEBUG]     2. UNNAMED(UniquePcode[0x11f80])  
2025-09-08 02:26:54 INFO  (GhidraScript) onnxruntime_analyzer.py>     [DEBUG]     3. UNNAMED(UniquePcode[0x6400])  
2025-09-08 02:26:54 INFO  (GhidraScript) onnxruntime_analyzer.py>     [DEBUG]     4. UNNAMED(UniquePcode[0x6400])  
2025-09-08 02:26:54 INFO  (GhidraScript) onnxruntime_analyzer.py>     [DEBUG]     5. UNNAMED(UniquePcode[0x6400])  
2025-09-08 02:26:54 INFO  (GhidraScript) onnxruntime_analyzer.py>     [DEBUG]     6. UNNAMED(UniquePcode[0x6400])  
2025-09-08 02:26:54 INFO  (GhidraScript) onnxruntime_analyzer.py>     [DEBUG]     7. UNNAMED(UniquePcode[0x7e400])  
2025-09-08 02:26:54 INFO  (GhidraScript) onnxruntime_analyzer.py>     [DEBUG]     8. local_450(StackDirect[Stack[-0x450]])  
2025-09-08 02:26:54 INFO  (GhidraScript) onnxruntime_analyzer.py>     [DEBUG]     9. local_4a0(StackDirect[Stack[-0x4a0]])  
2025-09-08 02:26:54 INFO  (GhidraScript) onnxruntime_analyzer.py>     [DEBUG]     10. local_4b0(StackDirect[Stack[-0x4b0]])  
2025-09-08 02:26:54 INFO  (GhidraScript) onnxruntime_analyzer.py>     [DEBUG]     11. local_4bc(StackDirect[Stack[-0x4bc]])  
2025-09-08 02:26:54 INFO  (GhidraScript) onnxruntime_analyzer.py>     [DEBUG]     12. local_68(StackDirect[Stack[-0x68]])  
2025-09-08 02:26:54 INFO  (GhidraScript) onnxruntime_analyzer.py>     [DEBUG]     13. local_78(StackDirect[Stack[-0x78]])  
2025-09-08 02:26:54 INFO  (GhidraScript) onnxruntime_analyzer.py>     [DEBUG]     14. pfVar7(x0)  
2025-09-08 02:26:54 INFO  (GhidraScript) onnxruntime_analyzer.py>     [DEBUG] ---------------------------------  
2025-09-08 02:26:54 INFO  (GhidraScript) onnxruntime_analyzer.py> <<< Finished analyzing function: main.  
2025-09-08 02:26:54 INFO  (GhidraScript) onnxruntime_analyzer.py> 
--- Stage 1 Complete. Checking for pending multi-stage analysis tasks... ---  
2025-09-08 02:26:54 INFO  (GhidraScript) onnxruntime_analyzer.py> 
--- Initiating Stage 2 Analysis Task #1 (from rule: tainted_return_from_operator()) ---  
2025-09-08 02:26:54 INFO  (GhidraScript) onnxruntime_analyzer.py> \n>>> Analyzing function: __max_element<float_const*,__gnu_cxx::__ops::_Iter_less_iter> (Depth: 0) at 001063dc (Originating from: tainted_return_from_operator()) with initial taints: bVar1(w0)  
2025-09-08 02:26:54 INFO  (GhidraScript) onnxruntime_analyzer.py>   - [STACK_SEARCH.0] Analyzing varnode: (register, 0x4000, 1)  
2025-09-08 02:26:54 INFO  (GhidraScript) onnxruntime_analyzer.py>   - [STACK_SEARCH.0] Details: isAddress=0, addr=register:00004000, isStackAddress=0  
2025-09-08 02:26:54 INFO  (GhidraScript) onnxruntime_analyzer.py>   - [STACK_SEARCH.0] Def P-Code Op: (register, 0x4000, 1) CALL (ram, 0x106488, 8) , (register, 0x4000, 8) , (stack, 0xffffffffffffffc8, 8) , (unique, 0x11f80, 8)  
2025-09-08 02:26:54 INFO  (GhidraScript) onnxruntime_analyzer.py>   - [STACK_SEARCH.0] Mnemonic 'CALL' is not a handled case. Aborting path.  
2025-09-08 02:26:54 INFO  (GhidraScript) onnxruntime_analyzer.py> \nDEBUG: Reached specified start PcodeOp (register, 0x4000, 1) CALL (ram, 0x106488, 8) , (register, 0x4000, 8) , (stack, 0xffffffffffffffc8, 8) , (unique, 0x11f80, 8) at 0010644c in __max_element<float_const*,__gnu_cxx::__ops::_Iter_less_iter>, subsequent ops will be processed.  
2025-09-08 02:26:54 INFO  (GhidraScript) onnxruntime_analyzer.py> INFO: [__max_element<float_const*,__gnu_cxx::__ops::_Iter_less_iter> @ 00106450] Taint reached CBRANCH. Operands: [].   
2025-09-08 02:26:54 INFO  (GhidraScript) onnxruntime_analyzer.py> DEBUG: [__max_element<float_const*,__gnu_cxx::__ops::_Iter_less_iter> @ 00106480] Analyzing potential tainted RETURN with value: UNNAMED(x0) (Tainted: 0)  
2025-09-08 02:26:54 INFO  (GhidraScript) onnxruntime_analyzer.py>     [DEBUG] --- Taint Check Details (RETURN FAILED) ---  
2025-09-08 02:26:54 INFO  (GhidraScript) onnxruntime_analyzer.py>     [DEBUG]   > Return Varnode: (register, 0x4000, 8) (Size: 8, Def: (register, 0x4000, 8) COPY (stack, 0xffffffffffffffe8, 8) at 00106474)  
2025-09-08 02:26:54 INFO  (GhidraScript) onnxruntime_analyzer.py>     [DEBUG]   > Currently Tainted HighVariables in this function:  
2025-09-08 02:26:54 INFO  (GhidraScript) onnxruntime_analyzer.py>     [DEBUG]     1. bVar1(w0)  
2025-09-08 02:26:54 INFO  (GhidraScript) onnxruntime_analyzer.py>     [DEBUG] ---------------------------------  
2025-09-08 02:26:54 INFO  (GhidraScript) onnxruntime_analyzer.py> <<< Finished analyzing function: __max_element<float_const*,__gnu_cxx::__ops::_Iter_less_iter>.  
2025-09-08 02:26:54 INFO  (GhidraScript) onnxruntime_analyzer.py> 
--- Initiating Stage 2 Analysis Task #2 (from rule: tainted_return_from___max_element<float_const*,__gnu_cxx::__ops::_Iter_less_iter>) ---  
2025-09-08 02:26:54 INFO  (GhidraScript) onnxruntime_analyzer.py> \n>>> Analyzing function: max_element<float_const*> (Depth: 0) at 0010578c (Originating from: tainted_return_from___max_element<float_const*,__gnu_cxx::__ops::_Iter_less_iter>) with initial taints: pfVar1(x0)  
2025-09-08 02:26:54 INFO  (GhidraScript) onnxruntime_analyzer.py>   - [STACK_SEARCH.0] Analyzing varnode: (register, 0x4000, 8)  
2025-09-08 02:26:54 INFO  (GhidraScript) onnxruntime_analyzer.py>   - [STACK_SEARCH.0] Details: isAddress=0, addr=register:00004000, isStackAddress=0  
2025-09-08 02:26:54 INFO  (GhidraScript) onnxruntime_analyzer.py>   - [STACK_SEARCH.0] Def P-Code Op: (register, 0x4000, 8) CALL (ram, 0x1063dc, 8) , (register, 0x4000, 8) , (register, 0x4008, 8) , (register, 0x4010, 4)  
2025-09-08 02:26:54 INFO  (GhidraScript) onnxruntime_analyzer.py>   - [STACK_SEARCH.0] Mnemonic 'CALL' is not a handled case. Aborting path.  
2025-09-08 02:26:54 INFO  (GhidraScript) onnxruntime_analyzer.py> \nDEBUG: Reached specified start PcodeOp (register, 0x4000, 8) CALL (ram, 0x1063dc, 8) , (register, 0x4000, 8) , (register, 0x4008, 8) , (register, 0x4010, 4) at 001057c0 in max_element<float_const*>, subsequent ops will be processed.  
2025-09-08 02:26:54 INFO  (GhidraScript) onnxruntime_analyzer.py> DEBUG: [max_element<float_const*> @ 001057cc] Analyzing potential tainted RETURN with value: pfVar1(x0) (Tainted: 1)  
2025-09-08 02:26:54 INFO  (GhidraScript) onnxruntime_analyzer.py> 
==================== TAINTED RETURN DETECTED ====================  
2025-09-08 02:26:54 INFO  (GhidraScript) onnxruntime_analyzer.py>   - Taint Origin:    tainted_return_from___max_element<float_const*,__gnu_cxx::__ops::_Iter_less_iter>  
2025-09-08 02:26:54 INFO  (GhidraScript) onnxruntime_analyzer.py>   - Function:        float * max_element<float_const*>(float * param_1, float * param_2) (Depth: 0)  
2025-09-08 02:26:54 INFO  (GhidraScript) onnxruntime_analyzer.py>   - Return Address:  001057cc  
2025-09-08 02:26:54 INFO  (GhidraScript) onnxruntime_analyzer.py>   - Instruction:     ret  
2025-09-08 02:26:54 INFO  (GhidraScript) onnxruntime_analyzer.py>   - Tainted Value:   pfVar1(x0)  
2025-09-08 02:26:54 INFO  (GhidraScript) onnxruntime_analyzer.py>   - Value defined by:  (register, 0x4000, 8) CALL (ram, 0x1063dc, 8) , (register, 0x4000, 8) , (register, 0x4008, 8) , (register, 0x4010, 4) at 001057c0  
2025-09-08 02:26:54 INFO  (GhidraScript) onnxruntime_analyzer.py> ================================================================
  
2025-09-08 02:26:54 INFO  (GhidraScript) onnxruntime_analyzer.py> INFO: [MULTI-STAGE] Tainted return from 'max_element<float_const*>'. Finding call sites to continue analysis.  
2025-09-08 02:26:54 INFO  (GhidraScript) onnxruntime_analyzer.py> INFO: [MULTI-STAGE] Queued new task to analyze caller 'main' starting from tainted return.  
2025-09-08 02:26:54 INFO  (GhidraScript) onnxruntime_analyzer.py> <<< Finished analyzing function: max_element<float_const*>.  
2025-09-08 02:26:54 INFO  (GhidraScript) onnxruntime_analyzer.py> 
--- Initiating Stage 2 Analysis Task #3 (from rule: tainted_return_from_max_element<float_const*>) ---  
2025-09-08 02:26:54 INFO  (GhidraScript) onnxruntime_analyzer.py> \n>>> Analyzing function: main (Depth: 0) at 001027b0 (Originating from: tainted_return_from_max_element<float_const*>) with initial taints: local_80(StackDirect[Stack[-0x80]])  
2025-09-08 02:26:54 INFO  (GhidraScript) onnxruntime_analyzer.py>   - [STACK_SEARCH.0] Analyzing varnode: (stack, 0xffffffffffffff80, 8)  
2025-09-08 02:26:54 INFO  (GhidraScript) onnxruntime_analyzer.py>   - [STACK_SEARCH.0] Details: isAddress=0, addr=Stack[-0x80], isStackAddress=1  
2025-09-08 02:26:54 INFO  (GhidraScript) onnxruntime_analyzer.py>   - [STACK_SEARCH.0] SUCCESS (Direct): Varnode is a direct stack address with offset -0x80.  
2025-09-08 02:26:54 INFO  (GhidraScript) onnxruntime_analyzer.py> DEBUG: [STACK_RULE] Proactively tainted stack offset -0x80 from initial HighVar: local_80(StackDirect[Stack[-0x80]])  
2025-09-08 02:26:54 INFO  (GhidraScript) onnxruntime_analyzer.py> DEBUG: [STACK_TAINTS] Initial tainted stack offsets for this function: ['-0x80L']  
2025-09-08 02:26:54 INFO  (GhidraScript) onnxruntime_analyzer.py> \nDEBUG: Reached specified start PcodeOp (register, 0x4000, 8) CALL (ram, 0x10578c, 8) , (unique, 0x11f80, 8) , (unique, 0x11f80, 8) at 00103090 in main, subsequent ops will be processed.  
2025-09-08 02:26:54 INFO  (GhidraScript) onnxruntime_analyzer.py> DEBUG: [main @ 001030d4] Taint propagated from local_80(StackDirect[Stack[-0x80]]) to UNNAMED(UniquePcode[0x10000d1d]) via CAST.  
2025-09-08 02:26:54 INFO  (GhidraScript) onnxruntime_analyzer.py> DEBUG: [LOAD_HANDLER] Checking LOAD op at 001030f8. Address varnode: (unique, 0x7e400, 8)  
2025-09-08 02:26:54 INFO  (GhidraScript) onnxruntime_analyzer.py>   - [STACK_SEARCH.0] Analyzing varnode: (unique, 0x7e400, 8)  
2025-09-08 02:26:54 INFO  (GhidraScript) onnxruntime_analyzer.py>   - [STACK_SEARCH.0] Details: isAddress=0, addr=unique:0007e400, isStackAddress=0  
2025-09-08 02:26:54 INFO  (GhidraScript) onnxruntime_analyzer.py>   - [STACK_SEARCH.0] Def P-Code Op: (unique, 0x7e400, 8) PTRADD (stack, 0xfffffffffffffb50, 8) , (register, 0x4048, 8) , (const, 0x4, 8)  
2025-09-08 02:26:54 INFO  (GhidraScript) onnxruntime_analyzer.py>   - [STACK_SEARCH.0] Mnemonic 'PTRADD' is not a handled case. Aborting path.  
2025-09-08 02:26:54 INFO  (GhidraScript) onnxruntime_analyzer.py>   - [STACK_SEARCH.0] Analyzing varnode: (stack, 0xfffffffffffffb50, 8)  
2025-09-08 02:26:54 INFO  (GhidraScript) onnxruntime_analyzer.py>   - [STACK_SEARCH.0] Details: isAddress=0, addr=Stack[-0x4b0], isStackAddress=1  
2025-09-08 02:26:54 INFO  (GhidraScript) onnxruntime_analyzer.py>   - [STACK_SEARCH.0] SUCCESS (Direct): Varnode is a direct stack address with offset -0x4b0.  
2025-09-08 02:26:54 INFO  (GhidraScript) onnxruntime_analyzer.py> DEBUG: [LOAD_HANDLER] POINTER_RULE FAIL: Address varnode UNNAMED(UniquePcode[0x7e400]) is not tainted (recursive check).  
2025-09-08 02:26:54 INFO  (GhidraScript) onnxruntime_analyzer.py> DEBUG: [LOAD_HANDLER] REGION_RULE FAIL: Address pointer UNNAMED(UniquePcode[0x7e400]) is not in the tainted memory regions set.  
2025-09-08 02:26:54 INFO  (GhidraScript) onnxruntime_analyzer.py> DEBUG: [CBRANCH] Found defining op for condition: (register, 0x100, 1) FLOAT_LESSEQUAL (const, 0x3e800000, 4) , (register, 0x5000, 4)  
2025-09-08 02:26:54 INFO  (GhidraScript) onnxruntime_analyzer.py> INFO: [main @ 00103114] Taint reached CBRANCH. Operands: ['UnnamedHighVar(Constant: 0x3e800000)', 'UNNAMED(s0)'].   
2025-09-08 02:26:54 INFO  (GhidraScript) onnxruntime_analyzer.py> DEBUG: [main @ 00103114] Taint propagated from local_80(StackDirect[Stack[-0x80]]) to local_70(StackDirect[Stack[-0x70]]) via COPY.  
2025-09-08 02:26:54 INFO  (GhidraScript) onnxruntime_analyzer.py> DEBUG: [LOAD_HANDLER] Checking LOAD op at 00103134. Address varnode: (stack, 0xfffffffffffffb60, 8)  
2025-09-08 02:26:54 INFO  (GhidraScript) onnxruntime_analyzer.py>   - [STACK_SEARCH.0] Analyzing varnode: (stack, 0xfffffffffffffb60, 8)  
2025-09-08 02:26:54 INFO  (GhidraScript) onnxruntime_analyzer.py>   - [STACK_SEARCH.0] Details: isAddress=0, addr=Stack[-0x4a0], isStackAddress=1  
2025-09-08 02:26:54 INFO  (GhidraScript) onnxruntime_analyzer.py>   - [STACK_SEARCH.0] SUCCESS (Direct): Varnode is a direct stack address with offset -0x4a0.  
2025-09-08 02:26:54 INFO  (GhidraScript) onnxruntime_analyzer.py> DEBUG: [LOAD_HANDLER] POINTER_RULE FAIL: Address varnode local_4a0(StackDirect[Stack[-0x4a0]]) is not tainted (recursive check).  
2025-09-08 02:26:54 INFO  (GhidraScript) onnxruntime_analyzer.py> DEBUG: [LOAD_HANDLER] REGION_RULE FAIL: Address pointer local_4a0(StackDirect[Stack[-0x4a0]]) is not in the tainted memory regions set.  
2025-09-08 02:26:54 INFO  (GhidraScript) onnxruntime_analyzer.py> DEBUG: [LOAD_HANDLER] Checking LOAD op at 00103140. Address varnode: (unique, 0x6400, 8)  
2025-09-08 02:26:54 INFO  (GhidraScript) onnxruntime_analyzer.py>   - [STACK_SEARCH.0] Analyzing varnode: (unique, 0x6400, 8)  
2025-09-08 02:26:54 INFO  (GhidraScript) onnxruntime_analyzer.py>   - [STACK_SEARCH.0] Details: isAddress=0, addr=unique:00006400, isStackAddress=0  
2025-09-08 02:26:54 INFO  (GhidraScript) onnxruntime_analyzer.py>   - [STACK_SEARCH.0] Def P-Code Op: (unique, 0x6400, 8) PTRADD (stack, 0xfffffffffffffb60, 8) , (const, 0x1, 8) , (const, 0x4, 8)  
2025-09-08 02:26:54 INFO  (GhidraScript) onnxruntime_analyzer.py>   - [STACK_SEARCH.1] Analyzing varnode: (stack, 0xfffffffffffffb60, 8)  
2025-09-08 02:26:54 INFO  (GhidraScript) onnxruntime_analyzer.py>   - [STACK_SEARCH.1] Details: isAddress=0, addr=Stack[-0x4a0], isStackAddress=1  
2025-09-08 02:26:54 INFO  (GhidraScript) onnxruntime_analyzer.py>   - [STACK_SEARCH.1] SUCCESS (Direct): Varnode is a direct stack address with offset -0x4a0.  
2025-09-08 02:26:54 INFO  (GhidraScript) onnxruntime_analyzer.py>   - [STACK_SEARCH.0] SUCCESS (PTRADD3): Found stack base -0x4a0 with offset 0x4 -> final offset -0x49c.  
2025-09-08 02:26:54 INFO  (GhidraScript) onnxruntime_analyzer.py>   - [STACK_SEARCH.0] Analyzing varnode: (stack, 0xfffffffffffffb60, 8)  
2025-09-08 02:26:54 INFO  (GhidraScript) onnxruntime_analyzer.py>   - [STACK_SEARCH.0] Details: isAddress=0, addr=Stack[-0x4a0], isStackAddress=1  
2025-09-08 02:26:54 INFO  (GhidraScript) onnxruntime_analyzer.py>   - [STACK_SEARCH.0] SUCCESS (Direct): Varnode is a direct stack address with offset -0x4a0.  
2025-09-08 02:26:54 INFO  (GhidraScript) onnxruntime_analyzer.py> DEBUG: [LOAD_HANDLER] POINTER_RULE FAIL: Address varnode UNNAMED(UniquePcode[0x6400]) is not tainted (recursive check).  
2025-09-08 02:26:54 INFO  (GhidraScript) onnxruntime_analyzer.py> DEBUG: [LOAD_HANDLER] REGION_RULE FAIL: Address pointer UNNAMED(UniquePcode[0x6400]) is not in the tainted memory regions set.  
2025-09-08 02:26:54 INFO  (GhidraScript) onnxruntime_analyzer.py> DEBUG: [LOAD_HANDLER] Checking LOAD op at 0010314c. Address varnode: (unique, 0x6400, 8)  
2025-09-08 02:26:54 INFO  (GhidraScript) onnxruntime_analyzer.py>   - [STACK_SEARCH.0] Analyzing varnode: (unique, 0x6400, 8)  
2025-09-08 02:26:54 INFO  (GhidraScript) onnxruntime_analyzer.py>   - [STACK_SEARCH.0] Details: isAddress=0, addr=unique:00006400, isStackAddress=0  
2025-09-08 02:26:54 INFO  (GhidraScript) onnxruntime_analyzer.py>   - [STACK_SEARCH.0] Def P-Code Op: (unique, 0x6400, 8) PTRADD (stack, 0xfffffffffffffb60, 8) , (const, 0x2, 8) , (const, 0x4, 8)  
2025-09-08 02:26:54 INFO  (GhidraScript) onnxruntime_analyzer.py>   - [STACK_SEARCH.1] Analyzing varnode: (stack, 0xfffffffffffffb60, 8)  
2025-09-08 02:26:54 INFO  (GhidraScript) onnxruntime_analyzer.py>   - [STACK_SEARCH.1] Details: isAddress=0, addr=Stack[-0x4a0], isStackAddress=1  
2025-09-08 02:26:54 INFO  (GhidraScript) onnxruntime_analyzer.py>   - [STACK_SEARCH.1] SUCCESS (Direct): Varnode is a direct stack address with offset -0x4a0.  
2025-09-08 02:26:54 INFO  (GhidraScript) onnxruntime_analyzer.py>   - [STACK_SEARCH.0] SUCCESS (PTRADD3): Found stack base -0x4a0 with offset 0x8 -> final offset -0x498.  
2025-09-08 02:26:54 INFO  (GhidraScript) onnxruntime_analyzer.py>   - [STACK_SEARCH.0] Analyzing varnode: (stack, 0xfffffffffffffb60, 8)  
2025-09-08 02:26:54 INFO  (GhidraScript) onnxruntime_analyzer.py>   - [STACK_SEARCH.0] Details: isAddress=0, addr=Stack[-0x4a0], isStackAddress=1  
2025-09-08 02:26:54 INFO  (GhidraScript) onnxruntime_analyzer.py>   - [STACK_SEARCH.0] SUCCESS (Direct): Varnode is a direct stack address with offset -0x4a0.  
2025-09-08 02:26:54 INFO  (GhidraScript) onnxruntime_analyzer.py> DEBUG: [LOAD_HANDLER] POINTER_RULE FAIL: Address varnode UNNAMED(UniquePcode[0x6400]) is not tainted (recursive check).  
2025-09-08 02:26:54 INFO  (GhidraScript) onnxruntime_analyzer.py> DEBUG: [LOAD_HANDLER] REGION_RULE FAIL: Address pointer UNNAMED(UniquePcode[0x6400]) is not in the tainted memory regions set.  
2025-09-08 02:26:54 INFO  (GhidraScript) onnxruntime_analyzer.py> DEBUG: [LOAD_HANDLER] Checking LOAD op at 00103158. Address varnode: (unique, 0x6400, 8)  
2025-09-08 02:26:54 INFO  (GhidraScript) onnxruntime_analyzer.py>   - [STACK_SEARCH.0] Analyzing varnode: (unique, 0x6400, 8)  
2025-09-08 02:26:54 INFO  (GhidraScript) onnxruntime_analyzer.py>   - [STACK_SEARCH.0] Details: isAddress=0, addr=unique:00006400, isStackAddress=0  
2025-09-08 02:26:54 INFO  (GhidraScript) onnxruntime_analyzer.py>   - [STACK_SEARCH.0] Def P-Code Op: (unique, 0x6400, 8) PTRADD (stack, 0xfffffffffffffb60, 8) , (const, 0x3, 8) , (const, 0x4, 8)  
2025-09-08 02:26:54 INFO  (GhidraScript) onnxruntime_analyzer.py>   - [STACK_SEARCH.1] Analyzing varnode: (stack, 0xfffffffffffffb60, 8)  
2025-09-08 02:26:54 INFO  (GhidraScript) onnxruntime_analyzer.py>   - [STACK_SEARCH.1] Details: isAddress=0, addr=Stack[-0x4a0], isStackAddress=1  
2025-09-08 02:26:54 INFO  (GhidraScript) onnxruntime_analyzer.py>   - [STACK_SEARCH.1] SUCCESS (Direct): Varnode is a direct stack address with offset -0x4a0.  
2025-09-08 02:26:54 INFO  (GhidraScript) onnxruntime_analyzer.py>   - [STACK_SEARCH.0] SUCCESS (PTRADD3): Found stack base -0x4a0 with offset 0xc -> final offset -0x494.  
2025-09-08 02:26:54 INFO  (GhidraScript) onnxruntime_analyzer.py>   - [STACK_SEARCH.0] Analyzing varnode: (stack, 0xfffffffffffffb60, 8)  
2025-09-08 02:26:54 INFO  (GhidraScript) onnxruntime_analyzer.py>   - [STACK_SEARCH.0] Details: isAddress=0, addr=Stack[-0x4a0], isStackAddress=1  
2025-09-08 02:26:54 INFO  (GhidraScript) onnxruntime_analyzer.py>   - [STACK_SEARCH.0] SUCCESS (Direct): Varnode is a direct stack address with offset -0x4a0.  
2025-09-08 02:26:54 INFO  (GhidraScript) onnxruntime_analyzer.py> DEBUG: [LOAD_HANDLER] POINTER_RULE FAIL: Address varnode UNNAMED(UniquePcode[0x6400]) is not tainted (recursive check).  
2025-09-08 02:26:54 INFO  (GhidraScript) onnxruntime_analyzer.py> DEBUG: [LOAD_HANDLER] REGION_RULE FAIL: Address pointer UNNAMED(UniquePcode[0x6400]) is not in the tainted memory regions set.  
2025-09-08 02:26:54 INFO  (GhidraScript) onnxruntime_analyzer.py> DEBUG: [CBRANCH] Found defining op for condition: (unique, 0x1000, 1) INT_EQUAL (register, 0x4000, 8) , (const, 0x0, 8)  
2025-09-08 02:26:54 INFO  (GhidraScript) onnxruntime_analyzer.py> INFO: [main @ 00103268] Taint reached CBRANCH. Operands: ['lVar13(x0)', 'UnnamedHighVar(Constant: 0x0)'].   
2025-09-08 02:26:54 INFO  (GhidraScript) onnxruntime_analyzer.py> DEBUG: [LOAD_HANDLER] Checking LOAD op at 0010327c. Address varnode: (unique, 0x6400, 8)  
2025-09-08 02:26:54 INFO  (GhidraScript) onnxruntime_analyzer.py>   - [STACK_SEARCH.0] Analyzing varnode: (unique, 0x6400, 8)  
2025-09-08 02:26:54 INFO  (GhidraScript) onnxruntime_analyzer.py>   - [STACK_SEARCH.0] Details: isAddress=0, addr=unique:00006400, isStackAddress=0  
2025-09-08 02:26:54 INFO  (GhidraScript) onnxruntime_analyzer.py>   - [STACK_SEARCH.0] Def P-Code Op: (unique, 0x6400, 8) CAST (unique, 0x10000d55, 8)  
2025-09-08 02:26:54 INFO  (GhidraScript) onnxruntime_analyzer.py>   - [STACK_SEARCH.0] Recursing through CAST...  
2025-09-08 02:26:54 INFO  (GhidraScript) onnxruntime_analyzer.py>   - [STACK_SEARCH.1] Analyzing varnode: (unique, 0x10000d55, 8)  
2025-09-08 02:26:54 INFO  (GhidraScript) onnxruntime_analyzer.py>   - [STACK_SEARCH.1] Details: isAddress=0, addr=unique:10000d55, isStackAddress=0  
2025-09-08 02:26:54 INFO  (GhidraScript) onnxruntime_analyzer.py>   - [STACK_SEARCH.1] Def P-Code Op: (unique, 0x10000d55, 8) INT_ADD (register, 0x4000, 8) , (const, 0x10, 8)  
2025-09-08 02:26:54 INFO  (GhidraScript) onnxruntime_analyzer.py>   - [STACK_SEARCH.1] Mnemonic 'INT_ADD' is not a handled case. Aborting path.  
2025-09-08 02:26:54 INFO  (GhidraScript) onnxruntime_analyzer.py> DEBUG: [LOAD_HANDLER] POINTER_RULE FAIL: Address varnode UNNAMED(UniquePcode[0x6400]) is not tainted (recursive check).  
2025-09-08 02:26:54 INFO  (GhidraScript) onnxruntime_analyzer.py> DEBUG: [LOAD_HANDLER] REGION_RULE FAIL: Address pointer UNNAMED(UniquePcode[0x6400]) is not in the tainted memory regions set.  
2025-09-08 02:26:54 INFO  (GhidraScript) onnxruntime_analyzer.py> DEBUG: [CBRANCH] Found defining op for condition: (unique, 0x1580, 1) FLOAT_LESSEQUAL (register, 0x5000, 4) , (const, 0x3f000000, 4)  
2025-09-08 02:26:54 INFO  (GhidraScript) onnxruntime_analyzer.py> INFO: [main @ 00103288] Taint reached CBRANCH. Operands: ['UNNAMED(s0)', 'UnnamedHighVar(Constant: 0x3f000000)'].   
2025-09-08 02:26:54 INFO  (GhidraScript) onnxruntime_analyzer.py> DEBUG: [main @ 0010344c] Analyzing potential tainted RETURN with value: UNNAMED(w0) (Tainted: 0)  
2025-09-08 02:26:54 INFO  (GhidraScript) onnxruntime_analyzer.py>     [DEBUG] --- Taint Check Details (RETURN FAILED) ---  
2025-09-08 02:26:54 INFO  (GhidraScript) onnxruntime_analyzer.py>     [DEBUG]   > Return Varnode: (register, 0x4000, 4) (Size: 4, Def: (register, 0x4000, 4) COPY (stack, 0xfffffffffffffee4, 4) at 0010343c)  
2025-09-08 02:26:54 INFO  (GhidraScript) onnxruntime_analyzer.py>     [DEBUG]   > Currently Tainted HighVariables in this function:  
2025-09-08 02:26:54 INFO  (GhidraScript) onnxruntime_analyzer.py>     [DEBUG]     1. UNNAMED(UniquePcode[0x10000d1d])  
2025-09-08 02:26:54 INFO  (GhidraScript) onnxruntime_analyzer.py>     [DEBUG]     2. local_70(StackDirect[Stack[-0x70]])  
2025-09-08 02:26:54 INFO  (GhidraScript) onnxruntime_analyzer.py>     [DEBUG]     3. local_80(StackDirect[Stack[-0x80]])  
2025-09-08 02:26:54 INFO  (GhidraScript) onnxruntime_analyzer.py>     [DEBUG] ---------------------------------  
2025-09-08 02:26:54 INFO  (GhidraScript) onnxruntime_analyzer.py> <<< Finished analyzing function: main.  
2025-09-08 02:26:54 INFO  (GhidraScript) onnxruntime_analyzer.py> 
--- All Multi-Stage Analysis Tasks Complete. ---  
2025-09-08 02:26:54 INFO  (GhidraScript) onnxruntime_analyzer.py> 
--- Taint Analysis Run Complete ---  
2025-09-08 02:26:54 INFO  (GhidraScript) onnxruntime_analyzer.py> \n--- All Detected Tainted Value Usages (Interprocedural) ---  
2025-09-08 02:26:54 INFO  (GhidraScript) onnxruntime_analyzer.py> Usage #1:  
2025-09-08 02:26:54 INFO  (GhidraScript) onnxruntime_analyzer.py>   Originating Lib Call: ['GetTensorData']  
2025-09-08 02:26:54 INFO  (GhidraScript) onnxruntime_analyzer.py>   Found In Function:   main at 001027b0  
2025-09-08 02:26:54 INFO  (GhidraScript) onnxruntime_analyzer.py>   Instruction Address: 00102f5c  
2025-09-08 02:26:54 INFO  (GhidraScript) onnxruntime_analyzer.py>     PCode Op:             ---  CBRANCH (ram, 0x103234, 1) , (unique, 0x1100, 1)  
2025-09-08 02:26:54 INFO  (GhidraScript) onnxruntime_analyzer.py>     Usage Type:          BRANCH_CONDITION_TAINTED  
2025-09-08 02:26:54 INFO  (GhidraScript) onnxruntime_analyzer.py>     Tainted Component:   UNNAMED(UniquePcode[0x1100])  
2025-09-08 02:26:54 INFO  (GhidraScript) onnxruntime_analyzer.py>     Details:             Tainted condition for branch.  
2025-09-08 02:26:54 INFO  (GhidraScript) onnxruntime_analyzer.py> ----------------------------------------  
2025-09-08 02:26:54 INFO  (GhidraScript) onnxruntime_analyzer.py> Usage #2:  
2025-09-08 02:26:54 INFO  (GhidraScript) onnxruntime_analyzer.py>   Originating Lib Call: ['GetTensorData']  
2025-09-08 02:26:54 INFO  (GhidraScript) onnxruntime_analyzer.py>   Found In Function:   main at 001027b0  
2025-09-08 02:26:54 INFO  (GhidraScript) onnxruntime_analyzer.py>   Instruction Address: 00102f90  
2025-09-08 02:26:54 INFO  (GhidraScript) onnxruntime_analyzer.py>     PCode Op:            (register, 0x100, 1) FLOAT_LESSEQUAL (const, 0x3e800000, 4) , (register, 0x5000, 4)  
2025-09-08 02:26:54 INFO  (GhidraScript) onnxruntime_analyzer.py>     Usage Type:          TAINTED_COMPARISON  
2025-09-08 02:26:54 INFO  (GhidraScript) onnxruntime_analyzer.py>     Tainted Component:   local_4a4(StackDirect[Stack[-0x4a4]])  
2025-09-08 02:26:54 INFO  (GhidraScript) onnxruntime_analyzer.py>     Details:             Tainted value used in a comparison operation (FLOAT_LESSEQUAL).  
2025-09-08 02:26:54 INFO  (GhidraScript) onnxruntime_analyzer.py> ----------------------------------------  
2025-09-08 02:26:54 INFO  (GhidraScript) onnxruntime_analyzer.py> Usage #3:  
2025-09-08 02:26:54 INFO  (GhidraScript) onnxruntime_analyzer.py>   Originating Lib Call: ['GetTensorData']  
2025-09-08 02:26:54 INFO  (GhidraScript) onnxruntime_analyzer.py>   Found In Function:   main at 001027b0  
2025-09-08 02:26:54 INFO  (GhidraScript) onnxruntime_analyzer.py>   Instruction Address: 00102f94  
2025-09-08 02:26:54 INFO  (GhidraScript) onnxruntime_analyzer.py>     PCode Op:             ---  CBRANCH (ram, 0x103070, 1) , (register, 0x100, 1)  
2025-09-08 02:26:54 INFO  (GhidraScript) onnxruntime_analyzer.py>     Usage Type:          BRANCH_CONDITION_TAINTED  
2025-09-08 02:26:54 INFO  (GhidraScript) onnxruntime_analyzer.py>     Tainted Component:   UNNAMED(NG)  
2025-09-08 02:26:54 INFO  (GhidraScript) onnxruntime_analyzer.py>     Details:             Tainted condition for branch.  
2025-09-08 02:26:54 INFO  (GhidraScript) onnxruntime_analyzer.py> ----------------------------------------  
2025-09-08 02:26:54 INFO  (GhidraScript) onnxruntime_analyzer.py> Usage #4:  
2025-09-08 02:26:54 INFO  (GhidraScript) onnxruntime_analyzer.py>   Originating Lib Call: ['GetTensorData']  
2025-09-08 02:26:54 INFO  (GhidraScript) onnxruntime_analyzer.py>   Found In Function:   main at 001027b0  
2025-09-08 02:26:54 INFO  (GhidraScript) onnxruntime_analyzer.py>   Instruction Address: 00103090  
2025-09-08 02:26:54 INFO  (GhidraScript) onnxruntime_analyzer.py>     PCode Op:            (register, 0x4000, 8) CALL (ram, 0x10578c, 8) , (unique, 0x11f80, 8) , (unique, 0x11f80, 8)  
2025-09-08 02:26:54 INFO  (GhidraScript) onnxruntime_analyzer.py>     Usage Type:          TAINTED_ARG_TO_CALL_RECURSION  
2025-09-08 02:26:54 INFO  (GhidraScript) onnxruntime_analyzer.py>     Details:             Recursive call to max_element<float_const*> (CALL) with taints: param_1(x0), param_2(x1).  
2025-09-08 02:26:54 INFO  (GhidraScript) onnxruntime_analyzer.py> ----------------------------------------  
2025-09-08 02:26:54 INFO  (GhidraScript) onnxruntime_analyzer.py> Usage #5:  
2025-09-08 02:26:54 INFO  (GhidraScript) onnxruntime_analyzer.py>   Originating Lib Call: ['GetTensorData']  
2025-09-08 02:26:54 INFO  (GhidraScript) onnxruntime_analyzer.py>   Found In Function:   max_element<float_const*> at 0010578c  
2025-09-08 02:26:54 INFO  (GhidraScript) onnxruntime_analyzer.py>   Instruction Address: 001057c0  
2025-09-08 02:26:54 INFO  (GhidraScript) onnxruntime_analyzer.py>     PCode Op:            (register, 0x4000, 8) CALL (ram, 0x1063dc, 8) , (register, 0x4000, 8) , (register, 0x4008, 8) , (register, 0x4010, 4)  
2025-09-08 02:26:54 INFO  (GhidraScript) onnxruntime_analyzer.py>     Usage Type:          TAINTED_ARG_TO_CALL_RECURSION  
2025-09-08 02:26:54 INFO  (GhidraScript) onnxruntime_analyzer.py>     Details:             Recursive call to __max_element<float_const*,__gnu_cxx::__ops::_Iter_less_iter> (CALL) with taints: param_1(x0), param_2(x1).  
2025-09-08 02:26:54 INFO  (GhidraScript) onnxruntime_analyzer.py> ----------------------------------------  
2025-09-08 02:26:54 INFO  (GhidraScript) onnxruntime_analyzer.py> Usage #6:  
2025-09-08 02:26:54 INFO  (GhidraScript) onnxruntime_analyzer.py>   Originating Lib Call: ['GetTensorData']  
2025-09-08 02:26:54 INFO  (GhidraScript) onnxruntime_analyzer.py>   Found In Function:   __max_element<float_const*,__gnu_cxx::__ops::_Iter_less_iter> at 001063dc  
2025-09-08 02:26:54 INFO  (GhidraScript) onnxruntime_analyzer.py>   Instruction Address: 001063fc  
2025-09-08 02:26:54 INFO  (GhidraScript) onnxruntime_analyzer.py>     PCode Op:            (register, 0x108, 1) INT_NOTEQUAL (register, 0x4000, 8) , (register, 0x4008, 8)  
2025-09-08 02:26:54 INFO  (GhidraScript) onnxruntime_analyzer.py>     Usage Type:          TAINTED_COMPARISON  
2025-09-08 02:26:54 INFO  (GhidraScript) onnxruntime_analyzer.py>     Tainted Component:   param_1(x0)  
2025-09-08 02:26:54 INFO  (GhidraScript) onnxruntime_analyzer.py>     Details:             Tainted value used in a comparison operation (INT_NOTEQUAL).  
2025-09-08 02:26:54 INFO  (GhidraScript) onnxruntime_analyzer.py> ----------------------------------------  
2025-09-08 02:26:54 INFO  (GhidraScript) onnxruntime_analyzer.py> Usage #7:  
2025-09-08 02:26:54 INFO  (GhidraScript) onnxruntime_analyzer.py>   Originating Lib Call: ['GetTensorData']  
2025-09-08 02:26:54 INFO  (GhidraScript) onnxruntime_analyzer.py>   Found In Function:   __max_element<float_const*,__gnu_cxx::__ops::_Iter_less_iter> at 001063dc  
2025-09-08 02:26:54 INFO  (GhidraScript) onnxruntime_analyzer.py>   Instruction Address: 00106400  
2025-09-08 02:26:54 INFO  (GhidraScript) onnxruntime_analyzer.py>     PCode Op:             ---  CBRANCH (ram, 0x106414, 1) , (register, 0x108, 1)  
2025-09-08 02:26:54 INFO  (GhidraScript) onnxruntime_analyzer.py>     Usage Type:          BRANCH_CONDITION_TAINTED  
2025-09-08 02:26:54 INFO  (GhidraScript) onnxruntime_analyzer.py>     Tainted Component:   UNNAMED(tmpZR)  
2025-09-08 02:26:54 INFO  (GhidraScript) onnxruntime_analyzer.py>     Details:             Tainted condition for branch.  
2025-09-08 02:26:54 INFO  (GhidraScript) onnxruntime_analyzer.py> ----------------------------------------  
2025-09-08 02:26:54 INFO  (GhidraScript) onnxruntime_analyzer.py> Usage #8:  
2025-09-08 02:26:54 INFO  (GhidraScript) onnxruntime_analyzer.py>   Originating Lib Call: ['GetTensorData']  
2025-09-08 02:26:54 INFO  (GhidraScript) onnxruntime_analyzer.py>   Found In Function:   __max_element<float_const*,__gnu_cxx::__ops::_Iter_less_iter> at 001063dc  
2025-09-08 02:26:54 INFO  (GhidraScript) onnxruntime_analyzer.py>   Instruction Address: 00106434  
2025-09-08 02:26:54 INFO  (GhidraScript) onnxruntime_analyzer.py>     PCode Op:            (register, 0x108, 1) INT_NOTEQUAL (unique, 0x11f80, 8) , (register, 0x4008, 8)  
2025-09-08 02:26:54 INFO  (GhidraScript) onnxruntime_analyzer.py>     Usage Type:          TAINTED_COMPARISON  
2025-09-08 02:26:54 INFO  (GhidraScript) onnxruntime_analyzer.py>     Tainted Component:   local_28(StackDirect[Stack[-0x28]])  
2025-09-08 02:26:54 INFO  (GhidraScript) onnxruntime_analyzer.py>     Details:             Tainted value used in a comparison operation (INT_NOTEQUAL).  
2025-09-08 02:26:54 INFO  (GhidraScript) onnxruntime_analyzer.py> ----------------------------------------  
2025-09-08 02:26:54 INFO  (GhidraScript) onnxruntime_analyzer.py> Usage #9:  
2025-09-08 02:26:54 INFO  (GhidraScript) onnxruntime_analyzer.py>   Originating Lib Call: ['GetTensorData']  
2025-09-08 02:26:54 INFO  (GhidraScript) onnxruntime_analyzer.py>   Found In Function:   __max_element<float_const*,__gnu_cxx::__ops::_Iter_less_iter> at 001063dc  
2025-09-08 02:26:54 INFO  (GhidraScript) onnxruntime_analyzer.py>   Instruction Address: 00106438  
2025-09-08 02:26:54 INFO  (GhidraScript) onnxruntime_analyzer.py>     PCode Op:             ---  CBRANCH (ram, 0x106468, 1) , (register, 0x108, 1)  
2025-09-08 02:26:54 INFO  (GhidraScript) onnxruntime_analyzer.py>     Usage Type:          BRANCH_CONDITION_TAINTED  
2025-09-08 02:26:54 INFO  (GhidraScript) onnxruntime_analyzer.py>     Tainted Component:   UNNAMED(tmpZR)  
2025-09-08 02:26:54 INFO  (GhidraScript) onnxruntime_analyzer.py>     Details:             Tainted condition for branch.  
2025-09-08 02:26:54 INFO  (GhidraScript) onnxruntime_analyzer.py> ----------------------------------------  
2025-09-08 02:26:54 INFO  (GhidraScript) onnxruntime_analyzer.py> Usage #10:  
2025-09-08 02:26:54 INFO  (GhidraScript) onnxruntime_analyzer.py>   Originating Lib Call: ['GetTensorData']  
2025-09-08 02:26:54 INFO  (GhidraScript) onnxruntime_analyzer.py>   Found In Function:   __max_element<float_const*,__gnu_cxx::__ops::_Iter_less_iter> at 001063dc  
2025-09-08 02:26:54 INFO  (GhidraScript) onnxruntime_analyzer.py>   Instruction Address: 0010644c  
2025-09-08 02:26:54 INFO  (GhidraScript) onnxruntime_analyzer.py>     PCode Op:            (register, 0x4000, 1) CALL (ram, 0x106488, 8) , (register, 0x4000, 8) , (stack, 0xffffffffffffffc8, 8) , (unique, 0x11f80, 8)  
2025-09-08 02:26:54 INFO  (GhidraScript) onnxruntime_analyzer.py>     Usage Type:          TAINTED_ARG_TO_CALL_RECURSION  
2025-09-08 02:26:54 INFO  (GhidraScript) onnxruntime_analyzer.py>     Details:             Recursive call to operator() (CALL) with taints: param_2(x2), param_1(x1).  
2025-09-08 02:26:54 INFO  (GhidraScript) onnxruntime_analyzer.py> ----------------------------------------  
2025-09-08 02:26:54 INFO  (GhidraScript) onnxruntime_analyzer.py> Usage #11:  
2025-09-08 02:26:54 INFO  (GhidraScript) onnxruntime_analyzer.py>   Originating Lib Call: ['GetTensorData']  
2025-09-08 02:26:54 INFO  (GhidraScript) onnxruntime_analyzer.py>   Found In Function:   operator() at 00106488  
2025-09-08 02:26:54 INFO  (GhidraScript) onnxruntime_analyzer.py>   Instruction Address: 001064a8  
2025-09-08 02:26:54 INFO  (GhidraScript) onnxruntime_analyzer.py>     PCode Op:            (register, 0x100, 1) FLOAT_LESS (register, 0x5000, 4) , (register, 0x5020, 4)  
2025-09-08 02:26:54 INFO  (GhidraScript) onnxruntime_analyzer.py>     Usage Type:          TAINTED_COMPARISON  
2025-09-08 02:26:54 INFO  (GhidraScript) onnxruntime_analyzer.py>     Tainted Component:   UNNAMED(s0)  
2025-09-08 02:26:54 INFO  (GhidraScript) onnxruntime_analyzer.py>     Details:             Tainted value used in a comparison operation (FLOAT_LESS).  
2025-09-08 02:26:54 INFO  (GhidraScript) onnxruntime_analyzer.py> ----------------------------------------  
2025-09-08 02:26:54 INFO  (GhidraScript) onnxruntime_analyzer.py> Usage #12:  
2025-09-08 02:26:54 INFO  (GhidraScript) onnxruntime_analyzer.py>   Originating Lib Call: ['GetTensorData']  
2025-09-08 02:26:54 INFO  (GhidraScript) onnxruntime_analyzer.py>   Found In Function:   operator() at 00106488  
2025-09-08 02:26:54 INFO  (GhidraScript) onnxruntime_analyzer.py>   Instruction Address: 001064b4  
2025-09-08 02:26:54 INFO  (GhidraScript) onnxruntime_analyzer.py>     PCode Op:             ---  RETURN (const, 0x0, 8) , (register, 0x4000, 1)  
2025-09-08 02:26:54 INFO  (GhidraScript) onnxruntime_analyzer.py>     Usage Type:          RETURN_TAINTED_VALUE  
2025-09-08 02:26:54 INFO  (GhidraScript) onnxruntime_analyzer.py>     Tainted Component:   UNNAMED(w0)  
2025-09-08 02:26:54 INFO  (GhidraScript) onnxruntime_analyzer.py> ----------------------------------------  
2025-09-08 02:26:54 INFO  (GhidraScript) onnxruntime_analyzer.py> Usage #13:  
2025-09-08 02:26:54 INFO  (GhidraScript) onnxruntime_analyzer.py>   Originating Lib Call: ['GetTensorData']  
2025-09-08 02:26:54 INFO  (GhidraScript) onnxruntime_analyzer.py>   Found In Function:   __max_element<float_const*,__gnu_cxx::__ops::_Iter_less_iter> at 001063dc  
2025-09-08 02:26:54 INFO  (GhidraScript) onnxruntime_analyzer.py>   Instruction Address: 00106450  
2025-09-08 02:26:54 INFO  (GhidraScript) onnxruntime_analyzer.py>     PCode Op:             ---  CBRANCH (ram, 0x106464, 1) , (register, 0x4000, 1)  
2025-09-08 02:26:54 INFO  (GhidraScript) onnxruntime_analyzer.py>     Usage Type:          BRANCH_CONDITION_TAINTED  
2025-09-08 02:26:54 INFO  (GhidraScript) onnxruntime_analyzer.py>     Tainted Component:   bVar1(w0)  
2025-09-08 02:26:54 INFO  (GhidraScript) onnxruntime_analyzer.py>     Details:             Tainted condition for branch.  
2025-09-08 02:26:54 INFO  (GhidraScript) onnxruntime_analyzer.py> ----------------------------------------  
2025-09-08 02:26:54 INFO  (GhidraScript) onnxruntime_analyzer.py> Usage #14:  
2025-09-08 02:26:54 INFO  (GhidraScript) onnxruntime_analyzer.py>   Originating Lib Call: ['GetTensorData']  
2025-09-08 02:26:54 INFO  (GhidraScript) onnxruntime_analyzer.py>   Found In Function:   __max_element<float_const*,__gnu_cxx::__ops::_Iter_less_iter> at 001063dc  
2025-09-08 02:26:54 INFO  (GhidraScript) onnxruntime_analyzer.py>   Instruction Address: 00106480  
2025-09-08 02:26:54 INFO  (GhidraScript) onnxruntime_analyzer.py>     PCode Op:             ---  RETURN (const, 0x0, 8) , (register, 0x4000, 8)  
2025-09-08 02:26:54 INFO  (GhidraScript) onnxruntime_analyzer.py>     Usage Type:          RETURN_TAINTED_VALUE  
2025-09-08 02:26:54 INFO  (GhidraScript) onnxruntime_analyzer.py>     Tainted Component:   UNNAMED(x0)  
2025-09-08 02:26:54 INFO  (GhidraScript) onnxruntime_analyzer.py> ----------------------------------------  
2025-09-08 02:26:54 INFO  (GhidraScript) onnxruntime_analyzer.py> Usage #15:  
2025-09-08 02:26:54 INFO  (GhidraScript) onnxruntime_analyzer.py>   Originating Lib Call: ['GetTensorData']  
2025-09-08 02:26:54 INFO  (GhidraScript) onnxruntime_analyzer.py>   Found In Function:   main at 001027b0  
2025-09-08 02:26:54 INFO  (GhidraScript) onnxruntime_analyzer.py>   Instruction Address: 00103114  
2025-09-08 02:26:54 INFO  (GhidraScript) onnxruntime_analyzer.py>     PCode Op:             ---  CBRANCH (ram, 0x103130, 1) , (register, 0x100, 1)  
2025-09-08 02:26:54 INFO  (GhidraScript) onnxruntime_analyzer.py>     Usage Type:          BRANCH_CONDITION_TAINTED  
2025-09-08 02:26:54 INFO  (GhidraScript) onnxruntime_analyzer.py>     Tainted Component:   UNNAMED(NG)  
2025-09-08 02:26:54 INFO  (GhidraScript) onnxruntime_analyzer.py>     Details:             Tainted condition for branch.  
2025-09-08 02:26:54 INFO  (GhidraScript) onnxruntime_analyzer.py> ----------------------------------------  
2025-09-08 02:26:54 INFO  (GhidraScript) onnxruntime_analyzer.py> Usage #16:  
2025-09-08 02:26:54 INFO  (GhidraScript) onnxruntime_analyzer.py>   Originating Lib Call: ['GetTensorData']  
2025-09-08 02:26:54 INFO  (GhidraScript) onnxruntime_analyzer.py>   Found In Function:   main at 001027b0  
2025-09-08 02:26:54 INFO  (GhidraScript) onnxruntime_analyzer.py>   Instruction Address: 00103268  
2025-09-08 02:26:54 INFO  (GhidraScript) onnxruntime_analyzer.py>     PCode Op:             ---  CBRANCH (ram, 0x1032bc, 1) , (unique, 0x1000, 1)  
2025-09-08 02:26:54 INFO  (GhidraScript) onnxruntime_analyzer.py>     Usage Type:          BRANCH_CONDITION_TAINTED  
2025-09-08 02:26:54 INFO  (GhidraScript) onnxruntime_analyzer.py>     Tainted Component:   UNNAMED(UniquePcode[0x1000])  
2025-09-08 02:26:54 INFO  (GhidraScript) onnxruntime_analyzer.py>     Details:             Tainted condition for branch.  
2025-09-08 02:26:54 INFO  (GhidraScript) onnxruntime_analyzer.py> ----------------------------------------  
2025-09-08 02:26:54 INFO  (GhidraScript) onnxruntime_analyzer.py> Usage #17:  
2025-09-08 02:26:54 INFO  (GhidraScript) onnxruntime_analyzer.py>   Originating Lib Call: ['GetTensorData']  
2025-09-08 02:26:54 INFO  (GhidraScript) onnxruntime_analyzer.py>   Found In Function:   main at 001027b0  
2025-09-08 02:26:54 INFO  (GhidraScript) onnxruntime_analyzer.py>   Instruction Address: 00103288  
2025-09-08 02:26:54 INFO  (GhidraScript) onnxruntime_analyzer.py>     PCode Op:             ---  CBRANCH (ram, 0x1032bc, 1) , (unique, 0x1580, 1)  
2025-09-08 02:26:54 INFO  (GhidraScript) onnxruntime_analyzer.py>     Usage Type:          BRANCH_CONDITION_TAINTED  
2025-09-08 02:26:54 INFO  (GhidraScript) onnxruntime_analyzer.py>     Tainted Component:   UNNAMED(UniquePcode[0x1580])  
2025-09-08 02:26:54 INFO  (GhidraScript) onnxruntime_analyzer.py>     Details:             Tainted condition for branch.  
2025-09-08 02:26:54 INFO  (GhidraScript) onnxruntime_analyzer.py> ----------------------------------------  
2025-09-08 02:26:54 INFO  (GhidraScript) onnxruntime_analyzer.py> Usage #18:  
2025-09-08 02:26:54 INFO  (GhidraScript) onnxruntime_analyzer.py>   Originating Lib Call: tainted_return_from_operator()  
2025-09-08 02:26:54 INFO  (GhidraScript) onnxruntime_analyzer.py>   Found In Function:   __max_element<float_const*,__gnu_cxx::__ops::_Iter_less_iter> at 001063dc  
2025-09-08 02:26:54 INFO  (GhidraScript) onnxruntime_analyzer.py>   Instruction Address: 00106450  
2025-09-08 02:26:54 INFO  (GhidraScript) onnxruntime_analyzer.py>     PCode Op:             ---  CBRANCH (ram, 0x106464, 1) , (register, 0x4000, 1)  
2025-09-08 02:26:54 INFO  (GhidraScript) onnxruntime_analyzer.py>     Usage Type:          BRANCH_CONDITION_TAINTED  
2025-09-08 02:26:54 INFO  (GhidraScript) onnxruntime_analyzer.py>     Tainted Component:   bVar1(w0)  
2025-09-08 02:26:54 INFO  (GhidraScript) onnxruntime_analyzer.py>     Details:             Tainted condition for branch.  
2025-09-08 02:26:54 INFO  (GhidraScript) onnxruntime_analyzer.py> ----------------------------------------  
2025-09-08 02:26:54 INFO  (GhidraScript) onnxruntime_analyzer.py> Usage #19:  
2025-09-08 02:26:54 INFO  (GhidraScript) onnxruntime_analyzer.py>   Originating Lib Call: tainted_return_from___max_element<float_const*,__gnu_cxx::__ops::_Iter_less_iter>  
2025-09-08 02:26:54 INFO  (GhidraScript) onnxruntime_analyzer.py>   Found In Function:   max_element<float_const*> at 0010578c  
2025-09-08 02:26:54 INFO  (GhidraScript) onnxruntime_analyzer.py>   Instruction Address: 001057cc  
2025-09-08 02:26:54 INFO  (GhidraScript) onnxruntime_analyzer.py>     PCode Op:             ---  RETURN (const, 0x0, 8) , (register, 0x4000, 8)  
2025-09-08 02:26:54 INFO  (GhidraScript) onnxruntime_analyzer.py>     Usage Type:          RETURN_TAINTED_VALUE  
2025-09-08 02:26:54 INFO  (GhidraScript) onnxruntime_analyzer.py>     Tainted Component:   pfVar1(x0)  
2025-09-08 02:26:54 INFO  (GhidraScript) onnxruntime_analyzer.py> ----------------------------------------  
2025-09-08 02:26:54 INFO  (GhidraScript) onnxruntime_analyzer.py> Usage #20:  
2025-09-08 02:26:54 INFO  (GhidraScript) onnxruntime_analyzer.py>   Originating Lib Call: tainted_return_from_max_element<float_const*>  
2025-09-08 02:26:54 INFO  (GhidraScript) onnxruntime_analyzer.py>   Found In Function:   main at 001027b0  
2025-09-08 02:26:54 INFO  (GhidraScript) onnxruntime_analyzer.py>   Instruction Address: 00103114  
2025-09-08 02:26:54 INFO  (GhidraScript) onnxruntime_analyzer.py>     PCode Op:             ---  CBRANCH (ram, 0x103130, 1) , (register, 0x100, 1)  
2025-09-08 02:26:54 INFO  (GhidraScript) onnxruntime_analyzer.py>     Usage Type:          BRANCH_CONDITION_TAINTED  
2025-09-08 02:26:54 INFO  (GhidraScript) onnxruntime_analyzer.py>     Tainted Component:   UNNAMED(NG)  
2025-09-08 02:26:54 INFO  (GhidraScript) onnxruntime_analyzer.py>     Details:             Tainted condition for branch.  
2025-09-08 02:26:54 INFO  (GhidraScript) onnxruntime_analyzer.py> ----------------------------------------  
2025-09-08 02:26:54 INFO  (GhidraScript) onnxruntime_analyzer.py> Usage #21:  
2025-09-08 02:26:54 INFO  (GhidraScript) onnxruntime_analyzer.py>   Originating Lib Call: tainted_return_from_max_element<float_const*>  
2025-09-08 02:26:54 INFO  (GhidraScript) onnxruntime_analyzer.py>   Found In Function:   main at 001027b0  
2025-09-08 02:26:54 INFO  (GhidraScript) onnxruntime_analyzer.py>   Instruction Address: 00103268  
2025-09-08 02:26:54 INFO  (GhidraScript) onnxruntime_analyzer.py>     PCode Op:             ---  CBRANCH (ram, 0x1032bc, 1) , (unique, 0x1000, 1)  
2025-09-08 02:26:54 INFO  (GhidraScript) onnxruntime_analyzer.py>     Usage Type:          BRANCH_CONDITION_TAINTED  
2025-09-08 02:26:54 INFO  (GhidraScript) onnxruntime_analyzer.py>     Tainted Component:   UNNAMED(UniquePcode[0x1000])  
2025-09-08 02:26:54 INFO  (GhidraScript) onnxruntime_analyzer.py>     Details:             Tainted condition for branch.  
2025-09-08 02:26:54 INFO  (GhidraScript) onnxruntime_analyzer.py> ----------------------------------------  
2025-09-08 02:26:54 INFO  (GhidraScript) onnxruntime_analyzer.py> Usage #22:  
2025-09-08 02:26:54 INFO  (GhidraScript) onnxruntime_analyzer.py>   Originating Lib Call: tainted_return_from_max_element<float_const*>  
2025-09-08 02:26:54 INFO  (GhidraScript) onnxruntime_analyzer.py>   Found In Function:   main at 001027b0  
2025-09-08 02:26:54 INFO  (GhidraScript) onnxruntime_analyzer.py>   Instruction Address: 00103288  
2025-09-08 02:26:54 INFO  (GhidraScript) onnxruntime_analyzer.py>     PCode Op:             ---  CBRANCH (ram, 0x1032bc, 1) , (unique, 0x1580, 1)  
2025-09-08 02:26:54 INFO  (GhidraScript) onnxruntime_analyzer.py>     Usage Type:          BRANCH_CONDITION_TAINTED  
2025-09-08 02:26:54 INFO  (GhidraScript) onnxruntime_analyzer.py>     Tainted Component:   UNNAMED(UniquePcode[0x1580])  
2025-09-08 02:26:54 INFO  (GhidraScript) onnxruntime_analyzer.py>     Details:             Tainted condition for branch.  
2025-09-08 02:26:54 INFO  (GhidraScript) onnxruntime_analyzer.py> ----------------------------------------  
2025-09-08 02:26:54 INFO  (GhidraScript) onnxruntime_analyzer.py> INFO: TAINT_ANALYSIS_JSON_OUTPUT env var found. Saving results to: /Users/chenkexin/Desktop/kk/test_taint/results/yolov5_detector_onnxruntime_clang_O0_taint_analysis_results.json  
2025-09-08 02:26:54 INFO  (GhidraScript) onnxruntime_analyzer.py> Taint analysis results saved to: /Users/chenkexin/Desktop/kk/test_taint/results/yolov5_detector_onnxruntime_clang_O0_taint_analysis_results.json  
2025-09-08 02:26:55 INFO  (GhidraScript) onnxruntime_analyzer.py> SUCCESS: Hook configuration saved to: /Users/chenkexin/Desktop/kk/test_taint/results/yolov5_detector_onnxruntime_clang_O0_hook_config.json  
2025-09-08 02:26:55 INFO  (GhidraScript) onnxruntime_analyzer.py> ONNXRuntime Taint Analyzer finished.  
2025-09-08 02:26:55 INFO  (HeadlessAnalyzer) ANALYZING changes made by post scripts: file:///Users/chenkexin/Desktop/kk/test_taint/assets/merged_bin/yolov5_detector_onnxruntime_clang_O0  
2025-09-08 02:26:55 INFO  (HeadlessAnalyzer) REPORT: Post-analysis succeeded for file: file:///Users/chenkexin/Desktop/kk/test_taint/assets/merged_bin/yolov5_detector_onnxruntime_clang_O0  
2025-09-08 02:26:55 INFO  (HeadlessAnalyzer) REPORT: Save succeeded for: /yolov5_detector_onnxruntime_clang_O0 (all_binaries_analysis:/yolov5_detector_onnxruntime_clang_O0)  
2025-09-08 02:26:55 INFO  (HeadlessAnalyzer) REPORT: Import succeeded  
2025-09-08 02:26:55 DEBUG (DefaultProjectData) Closing ProjectData: /Users/chenkexin/Desktop/kk/test_taint/ghidra_projects/all_binaries_analysis.rep  
2025-09-08 02:26:55 DEBUG (DefaultProjectData) Disposing ProjectData: /Users/chenkexin/Desktop/kk/test_taint/ghidra_projects/all_binaries_analysis.rep  
