2025-09-08 02:27:23 INFO  (LoggingInitialization) Using log config file: jar:file:/Applications/ghidra_11.0.3_PUBLIC/Ghidra/Framework/Generic/lib/Generic.jar!/generic.log4j.xml  
2025-09-08 02:27:23 INFO  (LoggingInitialization) Using log file: /Users/chenkexin/Desktop/kk/test_taint/logs/yolov5_detector_tflite_clang_O0_headless_analysis.log  
2025-09-08 02:27:23 INFO  (Preferences) Loading user preferences: /Users/chenkexin/.ghidra/.ghidra_11.0.3_PUBLIC/preferences  
2025-09-08 02:27:23 INFO  (Preferences) Loading previous preferences: /Users/chenkexin/.ghidra/.ghidra_10.4_PUBLIC/preferences  
2025-09-08 02:27:24 INFO  (ClassSearcher) Searching for classes...  
2025-09-08 02:27:25 INFO  (ClassSearcher) Class search complete (1573 ms)  
2025-09-08 02:27:25 INFO  (SSLContextInitializer) Initializing SSL Context  
2025-09-08 02:27:25 INFO  (SecureRandomFactory) Initializing Random Number Generator...  
2025-09-08 02:27:25 INFO  (SecureRandomFactory) Random Number Generator initialization complete: NativePRNGNonBlocking  
2025-09-08 02:27:25 INFO  (ApplicationTrustManagerFactory) Trust manager disabled, cacerts have not been set  
2025-09-08 02:27:26 INFO  (HeadlessAnalyzer) HEADLESS Script Paths:
    /Applications/ghidra_11.0.3_PUBLIC/Ghidra/Processors/8051/ghidra_scripts
    /Applications/ghidra_11.0.3_PUBLIC/Ghidra/Features/FileFormats/ghidra_scripts
    /Applications/ghidra_11.0.3_PUBLIC/Ghidra/Features/Base/ghidra_scripts
    /Applications/ghidra_11.0.3_PUBLIC/Ghidra/Features/Python/ghidra_scripts
    /Applications/ghidra_11.0.3_PUBLIC/Ghidra/Features/GnuDemangler/ghidra_scripts
    /Applications/ghidra_11.0.3_PUBLIC/Ghidra/Features/SystemEmulation/ghidra_scripts
    /Applications/ghidra_11.0.3_PUBLIC/Ghidra/Features/MicrosoftCodeAnalyzer/ghidra_scripts
    /Applications/ghidra_11.0.3_PUBLIC/Ghidra/Features/BytePatterns/ghidra_scripts
    /Applications/ghidra_11.0.3_PUBLIC/Ghidra/Features/Decompiler/ghidra_scripts
    /Applications/ghidra_11.0.3_PUBLIC/Ghidra/Processors/Atmel/ghidra_scripts
    /Applications/ghidra_11.0.3_PUBLIC/Ghidra/Debug/Debugger-agent-frida/ghidra_scripts
    /Applications/ghidra_11.0.3_PUBLIC/Ghidra/Features/FunctionID/ghidra_scripts
    /Applications/ghidra_11.0.3_PUBLIC/Ghidra/Processors/JVM/ghidra_scripts
    /Applications/ghidra_11.0.3_PUBLIC/Ghidra/Processors/PIC/ghidra_scripts
    /Applications/ghidra_11.0.3_PUBLIC/Ghidra/Features/BSim/ghidra_scripts
    /Applications/ghidra_11.0.3_PUBLIC/Ghidra/Features/PDB/ghidra_scripts
    /Applications/ghidra_11.0.3_PUBLIC/Ghidra/Processors/DATA/ghidra_scripts
    /Users/chenkexin/ghidra_scripts
    /Users/chenkexin/Desktop/kk/test_taint
    /Applications/ghidra_11.0.3_PUBLIC/Ghidra/Debug/Debugger-agent-dbgmodel-traceloader/ghidra_scripts
    /Applications/ghidra_11.0.3_PUBLIC/Ghidra/Debug/Debugger-rmi-trace/ghidra_scripts
    /Applications/ghidra_11.0.3_PUBLIC/Ghidra/Features/VersionTracking/ghidra_scripts
    /Applications/ghidra_11.0.3_PUBLIC/Ghidra/Debug/Debugger/ghidra_scripts  
2025-09-08 02:27:26 INFO  (HeadlessAnalyzer) HEADLESS: execution starts  
2025-09-08 02:27:26 INFO  (HeadlessAnalyzer) Opening existing project: /Users/chenkexin/Desktop/kk/test_taint/ghidra_projects/all_binaries_analysis  
2025-09-08 02:27:26 INFO  (HeadlessProject) Opening project: /Users/chenkexin/Desktop/kk/test_taint/ghidra_projects/all_binaries_analysis  
2025-09-08 02:27:26 INFO  (HeadlessAnalyzer) REPORT: Processing input files:   
2025-09-08 02:27:26 INFO  (HeadlessAnalyzer)      project: /Users/chenkexin/Desktop/kk/test_taint/ghidra_projects/all_binaries_analysis  
2025-09-08 02:27:26 INFO  (HeadlessAnalyzer) IMPORTING: file:///Users/chenkexin/Desktop/kk/test_taint/assets/merged_bin/yolov5_detector_tflite_clang_O0  
2025-09-08 02:27:28 INFO  (AutoImporter) Using Loader: Executable and Linking Format (ELF)  
2025-09-08 02:27:28 INFO  (AutoImporter) Using Language/Compiler: AARCH64:LE:64:v8A:default  
2025-09-08 02:27:29 DEBUG (ElfHeader) Elf symbol table section .dynsym linked to string table section .dynstr  
2025-09-08 02:27:29 DEBUG (ElfHeader) Elf symbol table section .symtab linked to string table section .strtab  
2025-09-08 02:27:29 DEBUG (ElfHeader) Elf relocation table section .rela.dyn linked to symbol table section .dynsym affecting PT_LOAD  
2025-09-08 02:27:29 DEBUG (ElfHeader) Elf relocation table section .rela.plt linked to symbol table section .dynsym affecting .got.plt  
2025-09-08 02:27:29 DEBUG (ElfProgramBuilder) Discarding 1-byte alignment/filler segment_2.3 at 00100253  
2025-09-08 02:27:29 DEBUG (ElfProgramBuilder) Discarding 4-byte alignment/filler segment_2.7 at 001002d4  
2025-09-08 02:27:29 DEBUG (ElfProgramBuilder) Discarding 1-byte alignment/filler segment_2.10 at 00101499  
2025-09-08 02:27:29 DEBUG (ElfProgramBuilder) Discarding 2-byte alignment/filler segment_2.12 at 0010151e  
2025-09-08 02:27:29 DEBUG (ElfProgramBuilder) Discarding 32-byte alignment/filler segment_2.18 at 00101f20  
2025-09-08 02:27:29 DEBUG (ElfProgramBuilder) Discarding 3-byte alignment/filler segment_2.22 at 00108ef5  
2025-09-08 02:27:29 DEBUG (ElfProgramBuilder) Discarding 4-byte alignment/filler segment_2.24 at 00109a1c  
2025-09-08 02:27:30 INFO  (HeadlessAnalyzer) IMPORTING: Loaded 0 additional files  
2025-09-08 02:27:31 INFO  (HeadlessAnalyzer) ANALYZING all memory and code: file:///Users/chenkexin/Desktop/kk/test_taint/assets/merged_bin/yolov5_detector_tflite_clang_O0  
2025-09-08 02:27:31 ERROR (DWARFAnalyzer) Error during DWARFAnalyzer import:  ghidra.app.util.bin.format.dwarf4.DWARFException: Only DWARF version 2, 3, or 4 information is currently supported (detected 5).
	at ghidra.app.util.bin.format.dwarf4.DWARFCompilationUnit.readCompilationUnit(DWARFCompilationUnit.java:155)
	at ghidra.app.util.bin.format.dwarf4.next.DWARFProgram.bootstrapCompilationUnits(DWARFProgram.java:629)
	at ghidra.app.util.bin.format.dwarf4.next.DWARFProgram.<init>(DWARFProgram.java:262)
	at ghidra.app.plugin.core.analysis.DWARFAnalyzer.added(DWARFAnalyzer.java:109)
	at ghidra.app.plugin.core.analysis.AnalysisScheduler.runAnalyzer(AnalysisScheduler.java:186)
	at ghidra.app.plugin.core.analysis.AnalysisTask.applyTo(AnalysisTask.java:39)
	at ghidra.app.plugin.core.analysis.AutoAnalysisManager$AnalysisTaskWrapper.run(AutoAnalysisManager.java:686)
	at ghidra.app.plugin.core.analysis.AutoAnalysisManager.startAnalysis(AutoAnalysisManager.java:786)
	at ghidra.app.plugin.core.analysis.AutoAnalysisManager.startAnalysis(AutoAnalysisManager.java:665)
	at ghidra.app.plugin.core.analysis.AutoAnalysisManager.startAnalysis(AutoAnalysisManager.java:630)
	at ghidra.app.util.headless.HeadlessAnalyzer.analyzeProgram(HeadlessAnalyzer.java:1029)
	at ghidra.app.util.headless.HeadlessAnalyzer.processFileWithImport(HeadlessAnalyzer.java:1552)
	at ghidra.app.util.headless.HeadlessAnalyzer.processWithLoader(HeadlessAnalyzer.java:1734)
	at ghidra.app.util.headless.HeadlessAnalyzer.processWithImport(HeadlessAnalyzer.java:1675)
	at ghidra.app.util.headless.HeadlessAnalyzer.processWithImport(HeadlessAnalyzer.java:1759)
	at ghidra.app.util.headless.HeadlessAnalyzer.processLocal(HeadlessAnalyzer.java:460)
	at ghidra.app.util.headless.AnalyzeHeadless.launch(AnalyzeHeadless.java:127)
	at ghidra.GhidraLauncher.launch(GhidraLauncher.java:78)
	at ghidra.Ghidra.main(Ghidra.java:54)
 
2025-09-08 02:27:35 INFO  (PackedDatabaseCache) Packed database cache: /var/folders/kn/fw_2jn054bq5f73czrm_91nc0000gn/T/chenkexin-Ghidra/packed-db-cache  
2025-09-08 02:27:35 DEBUG (PackedDatabaseCache) Using cached packed database: /Applications/ghidra_11.0.3_PUBLIC/Ghidra/Features/Base/data/typeinfo/generic/generic_clib_64.gdt  
2025-09-08 02:27:36 INFO  (ApplyDataArchiveAnalyzer) Applied data type archive: generic_clib_64  
2025-09-08 02:27:37 WARN  (DemangledAddressTable) Unable to fully apply external demangled Address Table at 00121098: tflite::MutableOpResolver::vtable  
2025-09-08 02:27:39 INFO  (AutoAnalysisManager) -----------------------------------------------------
    AARCH64 ELF PLT Thunks                     0.165 secs
    ASCII Strings                              0.273 secs
    Apply Data Archives                        1.085 secs
    Basic Constant Reference Analyzer          1.107 secs
    Call Convention ID                         0.967 secs
    Call-Fixup Installer                       0.029 secs
    Create Address Tables                      0.032 secs
    Create Function                            0.000 secs
    DWARF                                      0.065 secs
    Data Reference                             0.026 secs
    Decompiler Switch Analysis                 0.160 secs
    Demangler GNU                              0.932 secs
    Disassemble Entry Points                   0.194 secs
    Embedded Media                             0.017 secs
    External Entry References                  0.003 secs
    Function Start Search                      0.084 secs
    Function Start Search After Code           0.037 secs
    Function Start Search After Data           0.008 secs
    Function Start Search delayed - One Time   0.011 secs
    GCC Exception Handlers                     1.851 secs
    Non-Returning Functions - Discovered       0.044 secs
    Non-Returning Functions - Known            0.020 secs
    Reference                                  0.209 secs
    Shared Return Calls                        0.056 secs
    Stack                                      1.216 secs
    Subroutine References                      0.036 secs
-----------------------------------------------------
     Total Time   8 secs
-----------------------------------------------------
  
2025-09-08 02:27:39 INFO  (HeadlessAnalyzer) REPORT: Analysis succeeded for file: file:///Users/chenkexin/Desktop/kk/test_taint/assets/merged_bin/yolov5_detector_tflite_clang_O0  
2025-09-08 02:27:39 INFO  (HeadlessAnalyzer) SCRIPT: /Users/chenkexin/Desktop/kk/test_taint/tflite_analyzer.py  
2025-09-08 02:27:44 INFO  (GhidraScript) tflite_analyzer.py> INFO: Searching for functions, thunks, and call sites related to keywords: ['operator']  
2025-09-08 02:27:44 INFO  (GhidraScript) tflite_analyzer.py> INFO: Found function 'operator()'. Searching for its thunks.  
2025-09-08 02:27:44 INFO  (GhidraScript) tflite_analyzer.py> INFO: Found thunk 'operator()' at 00101d00 for function.  
2025-09-08 02:27:44 INFO  (GhidraScript) tflite_analyzer.py> INFO: Found thunk 'operator()' at 001210a0 for function.  
2025-09-08 02:27:44 INFO  (GhidraScript) tflite_analyzer.py> INFO: Found function 'operator.delete'. Searching for its thunks.  
2025-09-08 02:27:44 INFO  (GhidraScript) tflite_analyzer.py> INFO: Found thunk 'operator.delete' at 00101c90 for function.  
2025-09-08 02:27:44 INFO  (GhidraScript) tflite_analyzer.py> INFO: Found thunk 'operator.delete' at 00121050 for function.  
2025-09-08 02:27:44 INFO  (GhidraScript) tflite_analyzer.py> INFO: Found function 'operator.new'. Searching for its thunks.  
2025-09-08 02:27:44 INFO  (GhidraScript) tflite_analyzer.py> INFO: Found thunk 'operator.new' at 00101e50 for function.  
2025-09-08 02:27:44 INFO  (GhidraScript) tflite_analyzer.py> INFO: Found thunk 'operator.new' at 00121160 for function.  
2025-09-08 02:27:44 INFO  (GhidraScript) tflite_analyzer.py> INFO: Found function 'operator<<'. Searching for its thunks.  
2025-09-08 02:27:44 INFO  (GhidraScript) tflite_analyzer.py> INFO: Found thunk 'operator<<' at 00101da0 for function.  
2025-09-08 02:27:44 INFO  (GhidraScript) tflite_analyzer.py> INFO: Found thunk 'operator<<' at 001210f0 for function.  
2025-09-08 02:27:44 INFO  (GhidraScript) tflite_analyzer.py> INFO: Found function 'operator<<'. Searching for its thunks.  
2025-09-08 02:27:44 INFO  (GhidraScript) tflite_analyzer.py> INFO: Found thunk 'operator<<' at 00101e90 for function.  
2025-09-08 02:27:44 INFO  (GhidraScript) tflite_analyzer.py> INFO: Found thunk 'operator<<' at 00121180 for function.  
2025-09-08 02:27:44 INFO  (GhidraScript) tflite_analyzer.py> INFO: Found function 'operator='. Searching for its thunks.  
2025-09-08 02:27:44 INFO  (GhidraScript) tflite_analyzer.py> INFO: Found thunk 'operator=' at 00101c40 for function.  
2025-09-08 02:27:44 INFO  (GhidraScript) tflite_analyzer.py> INFO: Found thunk 'operator=' at 00121028 for function.  
2025-09-08 02:27:44 INFO  (GhidraScript) tflite_analyzer.py> INFO: Found 26 unique call sites. Analyzing each...  
2025-09-08 02:27:44 INFO  (GhidraScript) tflite_analyzer.py> 
--- Starting Stage 1 Taint Analysis from '['operator']' call sites ---  
2025-09-08 02:27:44 INFO  (GhidraScript) tflite_analyzer.py> 
--- Analyzing Call Site #1055820 at 00101c4c ---  
2025-09-08 02:27:44 INFO  (GhidraScript) tflite_analyzer.py> DEBUG: Parent (caller): operator= at 00101c40  
2025-09-08 02:27:44 INFO  (GhidraScript) tflite_analyzer.py> INFO: Call at 00101c4c has no output varnode. Nothing to taint. Skipping.  
2025-09-08 02:27:44 INFO  (GhidraScript) tflite_analyzer.py> 
--- Analyzing Call Site #1055900 at 00101c9c ---  
2025-09-08 02:27:44 INFO  (GhidraScript) tflite_analyzer.py> DEBUG: Parent (caller): operator.delete at 00101c90  
2025-09-08 02:27:44 INFO  (GhidraScript) tflite_analyzer.py> INFO: Call at 00101c9c has no output varnode. Nothing to taint. Skipping.  
2025-09-08 02:27:44 INFO  (GhidraScript) tflite_analyzer.py> 
--- Analyzing Call Site #1056012 at 00101d0c ---  
2025-09-08 02:27:44 INFO  (GhidraScript) tflite_analyzer.py> DEBUG: Parent (caller): operator() at 00101d00  
2025-09-08 02:27:44 INFO  (GhidraScript) tflite_analyzer.py> INFO: Call at 00101d0c has no output varnode. Nothing to taint. Skipping.  
2025-09-08 02:27:44 INFO  (GhidraScript) tflite_analyzer.py> 
--- Analyzing Call Site #1056172 at 00101dac ---  
2025-09-08 02:27:44 INFO  (GhidraScript) tflite_analyzer.py> DEBUG: Parent (caller): operator<< at 00101da0  
2025-09-08 02:27:44 INFO  (GhidraScript) tflite_analyzer.py> INFO: Call at 00101dac has no output varnode. Nothing to taint. Skipping.  
2025-09-08 02:27:44 INFO  (GhidraScript) tflite_analyzer.py> 
--- Analyzing Call Site #1056348 at 00101e5c ---  
2025-09-08 02:27:44 INFO  (GhidraScript) tflite_analyzer.py> DEBUG: Parent (caller): operator.new at 00101e50  
2025-09-08 02:27:44 INFO  (GhidraScript) tflite_analyzer.py> 
--- Initiating Taint Analysis for: operator.new (call at 00101e5c) ---  
2025-09-08 02:27:44 INFO  (GhidraScript) tflite_analyzer.py> DEBUG: Taint source is the return value of the call: pvVar1(x0)  
2025-09-08 02:27:44 INFO  (GhidraScript) tflite_analyzer.py> \n>>> Analyzing function: operator.new (Depth: 0) at 00101e50 (Originating from: ['operator']) with initial taints: pvVar1(x0)  
2025-09-08 02:27:44 INFO  (GhidraScript) tflite_analyzer.py>   - [STACK_SEARCH.0] Analyzing varnode: (register, 0x4000, 8)  
2025-09-08 02:27:44 INFO  (GhidraScript) tflite_analyzer.py>   - [STACK_SEARCH.0] Details: isAddress=0, addr=register:00004000, isStackAddress=0  
2025-09-08 02:27:44 INFO  (GhidraScript) tflite_analyzer.py>   - [STACK_SEARCH.0] Def P-Code Op: (register, 0x4000, 8) CALL (ram, 0x121160, 8) , (register, 0x4000, 8)  
2025-09-08 02:27:44 INFO  (GhidraScript) tflite_analyzer.py>   - [STACK_SEARCH.0] Mnemonic 'CALL' is not a handled case. Aborting path.  
2025-09-08 02:27:44 INFO  (GhidraScript) tflite_analyzer.py> \nDEBUG: Reached specified start PcodeOp (register, 0x4000, 8) CALL (ram, 0x121160, 8) , (register, 0x4000, 8) at 00101e5c in operator.new, subsequent ops will be processed.  
2025-09-08 02:27:44 WARN  (DecompileCallback) Decompiling 00121160, pcode error at 00121160: Unable to disassemble EXTERNAL block location: 00121160  
2025-09-08 02:27:44 INFO  (GhidraScript) tflite_analyzer.py> DEBUG: [operator.new @ 00101e5c] Analyzing potential tainted RETURN with value: pvVar1(x0) (Tainted: 1)  
2025-09-08 02:27:44 INFO  (GhidraScript) tflite_analyzer.py> 
==================== TAINTED RETURN DETECTED ====================  
2025-09-08 02:27:44 INFO  (GhidraScript) tflite_analyzer.py>   - Taint Origin:    ['operator']  
2025-09-08 02:27:44 INFO  (GhidraScript) tflite_analyzer.py>   - Function:        void * operator.new(ulong param_1) (Depth: 0)  
2025-09-08 02:27:44 INFO  (GhidraScript) tflite_analyzer.py>   - Return Address:  00101e5c  
2025-09-08 02:27:44 INFO  (GhidraScript) tflite_analyzer.py>   - Instruction:     br x17  
2025-09-08 02:27:44 INFO  (GhidraScript) tflite_analyzer.py>   - Tainted Value:   pvVar1(x0)  
2025-09-08 02:27:44 INFO  (GhidraScript) tflite_analyzer.py>   - Value defined by:  (register, 0x4000, 8) CALL (ram, 0x121160, 8) , (register, 0x4000, 8) at 00101e5c  
2025-09-08 02:27:44 INFO  (GhidraScript) tflite_analyzer.py> ================================================================
  
2025-09-08 02:27:44 INFO  (GhidraScript) tflite_analyzer.py> INFO: [MULTI-STAGE] Tainted return from 'operator.new'. Finding call sites to continue analysis.  
2025-09-08 02:27:44 INFO  (GhidraScript) tflite_analyzer.py> <<< Finished analyzing function: operator.new.  
2025-09-08 02:27:44 INFO  (GhidraScript) tflite_analyzer.py> 
--- Analyzing Call Site #1056412 at 00101e9c ---  
2025-09-08 02:27:44 INFO  (GhidraScript) tflite_analyzer.py> DEBUG: Parent (caller): operator<< at 00101e90  
2025-09-08 02:27:44 INFO  (GhidraScript) tflite_analyzer.py> 
--- Initiating Taint Analysis for: operator<< (call at 00101e9c) ---  
2025-09-08 02:27:44 INFO  (GhidraScript) tflite_analyzer.py> DEBUG: Taint source is the return value of the call: pbVar1(x0)  
2025-09-08 02:27:44 INFO  (GhidraScript) tflite_analyzer.py> \n>>> Analyzing function: operator<< (Depth: 0) at 00101e90 (Originating from: ['operator']) with initial taints: pbVar1(x0)  
2025-09-08 02:27:44 INFO  (GhidraScript) tflite_analyzer.py>   - [STACK_SEARCH.0] Analyzing varnode: (register, 0x4000, 8)  
2025-09-08 02:27:44 INFO  (GhidraScript) tflite_analyzer.py>   - [STACK_SEARCH.0] Details: isAddress=0, addr=register:00004000, isStackAddress=0  
2025-09-08 02:27:44 INFO  (GhidraScript) tflite_analyzer.py>   - [STACK_SEARCH.0] Def P-Code Op: (register, 0x4000, 8) CALL (ram, 0x121180, 8) , (register, 0x4000, 8) , (register, 0x4008, 8)  
2025-09-08 02:27:44 INFO  (GhidraScript) tflite_analyzer.py>   - [STACK_SEARCH.0] Mnemonic 'CALL' is not a handled case. Aborting path.  
2025-09-08 02:27:44 INFO  (GhidraScript) tflite_analyzer.py> \nDEBUG: Reached specified start PcodeOp (register, 0x4000, 8) CALL (ram, 0x121180, 8) , (register, 0x4000, 8) , (register, 0x4008, 8) at 00101e9c in operator<<, subsequent ops will be processed.  
2025-09-08 02:27:45 WARN  (DecompileCallback) Decompiling 00121180, pcode error at 00121180: Unable to disassemble EXTERNAL block location: 00121180  
2025-09-08 02:27:45 INFO  (GhidraScript) tflite_analyzer.py> DEBUG: [operator<< @ 00101e9c] Analyzing potential tainted RETURN with value: pbVar1(x0) (Tainted: 1)  
2025-09-08 02:27:45 INFO  (GhidraScript) tflite_analyzer.py> 
==================== TAINTED RETURN DETECTED ====================  
2025-09-08 02:27:45 INFO  (GhidraScript) tflite_analyzer.py>   - Taint Origin:    ['operator']  
2025-09-08 02:27:45 INFO  (GhidraScript) tflite_analyzer.py>   - Function:        basic_ostream * operator<<(basic_ostream * param_1, char * param_2) (Depth: 0)  
2025-09-08 02:27:45 INFO  (GhidraScript) tflite_analyzer.py>   - Return Address:  00101e9c  
2025-09-08 02:27:45 INFO  (GhidraScript) tflite_analyzer.py>   - Instruction:     br x17  
2025-09-08 02:27:45 INFO  (GhidraScript) tflite_analyzer.py>   - Tainted Value:   pbVar1(x0)  
2025-09-08 02:27:45 INFO  (GhidraScript) tflite_analyzer.py>   - Value defined by:  (register, 0x4000, 8) CALL (ram, 0x121180, 8) , (register, 0x4000, 8) , (register, 0x4008, 8) at 00101e9c  
2025-09-08 02:27:45 INFO  (GhidraScript) tflite_analyzer.py> ================================================================
  
2025-09-08 02:27:45 INFO  (GhidraScript) tflite_analyzer.py> INFO: [MULTI-STAGE] Tainted return from 'operator<<'. Finding call sites to continue analysis.  
2025-09-08 02:27:45 INFO  (GhidraScript) tflite_analyzer.py> INFO: [MULTI-STAGE] Queued new task to analyze caller 'main' starting from tainted return.  
2025-09-08 02:27:45 INFO  (GhidraScript) tflite_analyzer.py> INFO: [MULTI-STAGE] Queued new task to analyze caller 'main' starting from tainted return.  
2025-09-08 02:27:45 INFO  (GhidraScript) tflite_analyzer.py> INFO: [MULTI-STAGE] Queued new task to analyze caller 'main' starting from tainted return.  
2025-09-08 02:27:45 INFO  (GhidraScript) tflite_analyzer.py> <<< Finished analyzing function: operator<<.  
2025-09-08 02:27:45 INFO  (GhidraScript) tflite_analyzer.py> 
--- Analyzing Call Site #1057300 at 00102214 ---  
2025-09-08 02:27:45 INFO  (GhidraScript) tflite_analyzer.py> DEBUG: Parent (caller): letterbox at 00102058  
2025-09-08 02:27:45 INFO  (GhidraScript) tflite_analyzer.py> INFO: Call at 00102214 has no output varnode. Nothing to taint. Skipping.  
2025-09-08 02:27:45 INFO  (GhidraScript) tflite_analyzer.py> 
--- Analyzing Call Site #1057676 at 0010238c ---  
2025-09-08 02:27:45 INFO  (GhidraScript) tflite_analyzer.py> DEBUG: Parent (caller): main at 00102350  
2025-09-08 02:27:45 INFO  (GhidraScript) tflite_analyzer.py> 
--- Initiating Taint Analysis for: main (call at 0010238c) ---  
2025-09-08 02:27:45 INFO  (GhidraScript) tflite_analyzer.py> DEBUG: Taint source is the return value of the call: pbVar2(x0)  
2025-09-08 02:27:45 INFO  (GhidraScript) tflite_analyzer.py> \n>>> Analyzing function: main (Depth: 0) at 00102350 (Originating from: ['operator']) with initial taints: pbVar2(x0)  
2025-09-08 02:27:45 INFO  (GhidraScript) tflite_analyzer.py>   - [STACK_SEARCH.0] Analyzing varnode: (register, 0x4000, 8)  
2025-09-08 02:27:45 INFO  (GhidraScript) tflite_analyzer.py>   - [STACK_SEARCH.0] Details: isAddress=0, addr=register:00004000, isStackAddress=0  
2025-09-08 02:27:45 INFO  (GhidraScript) tflite_analyzer.py>   - [STACK_SEARCH.0] Def P-Code Op: (register, 0x4000, 8) CALL (ram, 0x101e90, 8) , (unique, 0x10000832, 8) , (unique, 0x100005cc, 8)  
2025-09-08 02:27:45 INFO  (GhidraScript) tflite_analyzer.py>   - [STACK_SEARCH.0] Mnemonic 'CALL' is not a handled case. Aborting path.  
2025-09-08 02:27:45 INFO  (GhidraScript) tflite_analyzer.py> \nDEBUG: Reached specified start PcodeOp (register, 0x4000, 8) CALL (ram, 0x101e90, 8) , (unique, 0x10000832, 8) , (unique, 0x100005cc, 8) at 0010238c in main, subsequent ops will be processed.  
2025-09-08 02:27:45 INFO  (GhidraScript) tflite_analyzer.py> DEBUG: [LOAD_HANDLER] Checking LOAD op at 00102394. Address varnode: (stack, 0xffffffffffffff58, 8)  
2025-09-08 02:27:45 INFO  (GhidraScript) tflite_analyzer.py> DEBUG: [LOAD_HANDLER] POINTER_RULE FAIL: Address varnode local_a8(StackDirect[Stack[-0xa8]]) is not tainted (recursive check).  
2025-09-08 02:27:45 INFO  (GhidraScript) tflite_analyzer.py> DEBUG: [LOAD_HANDLER] REGION_RULE FAIL: Address pointer local_a8(StackDirect[Stack[-0xa8]]) is not in the tainted memory regions set.  
2025-09-08 02:27:45 INFO  (GhidraScript) tflite_analyzer.py> \n>>> Analyzing function: operator<< (Depth: 1) at 00101e90 (Originating from: ['operator']) with initial taints: param_1(x0)  
2025-09-08 02:27:45 INFO  (GhidraScript) tflite_analyzer.py>   - [STACK_SEARCH.0] Analyzing varnode: (register, 0x4000, 8)  
2025-09-08 02:27:45 INFO  (GhidraScript) tflite_analyzer.py>   - [STACK_SEARCH.0] Details: isAddress=0, addr=register:00004000, isStackAddress=0  
2025-09-08 02:27:45 INFO  (GhidraScript) tflite_analyzer.py>   - [STACK_SEARCH.0] No defining p-code op found. Aborting path.  
2025-09-08 02:27:45 INFO  (GhidraScript) tflite_analyzer.py> DEBUG: Starting taint analysis from the beginning of function operator<<.  
2025-09-08 02:27:45 WARN  (DecompileCallback) Decompiling 00121180, pcode error at 00121180: Unable to disassemble EXTERNAL block location: 00121180  
2025-09-08 02:27:45 INFO  (GhidraScript) tflite_analyzer.py> \n>>> Analyzing function: operator<< (Depth: 2) at 00121180 (Originating from: ['operator']) with initial taints: param_1(x0)  
2025-09-08 02:27:45 INFO  (GhidraScript) tflite_analyzer.py>   - [STACK_SEARCH.0] Analyzing varnode: (register, 0x4000, 8)  
2025-09-08 02:27:45 INFO  (GhidraScript) tflite_analyzer.py>   - [STACK_SEARCH.0] Details: isAddress=0, addr=register:00004000, isStackAddress=0  
2025-09-08 02:27:45 INFO  (GhidraScript) tflite_analyzer.py>   - [STACK_SEARCH.0] No defining p-code op found. Aborting path.  
2025-09-08 02:27:45 INFO  (GhidraScript) tflite_analyzer.py> DEBUG: Starting taint analysis from the beginning of function operator<<.  
2025-09-08 02:27:45 INFO  (GhidraScript) tflite_analyzer.py> <<< Finished analyzing function: operator<<.  
2025-09-08 02:27:45 INFO  (GhidraScript) tflite_analyzer.py> DEBUG: [operator<< @ 00101e9c] Analyzing potential tainted RETURN with value: pbVar1(x0) (Tainted: 0)  
2025-09-08 02:27:45 INFO  (GhidraScript) tflite_analyzer.py>     [DEBUG] --- Taint Check Details (RETURN FAILED) ---  
2025-09-08 02:27:45 INFO  (GhidraScript) tflite_analyzer.py>     [DEBUG]   > Return Varnode: (register, 0x4000, 8) (Size: 8, Def: (register, 0x4000, 8) CALL (ram, 0x121180, 8) , (register, 0x4000, 8) , (register, 0x4008, 8) at 00101e9c)  
2025-09-08 02:27:45 INFO  (GhidraScript) tflite_analyzer.py>     [DEBUG]   > Currently Tainted HighVariables in this function:  
2025-09-08 02:27:45 INFO  (GhidraScript) tflite_analyzer.py>     [DEBUG]     1. param_1(x0)  
2025-09-08 02:27:45 INFO  (GhidraScript) tflite_analyzer.py>     [DEBUG] ---------------------------------  
2025-09-08 02:27:45 INFO  (GhidraScript) tflite_analyzer.py> <<< Finished analyzing function: operator<<.  
2025-09-08 02:27:45 INFO  (GhidraScript) tflite_analyzer.py> DEBUG: Already analyzed function operator<< with initial taints ('param_1(x0)',) (origin: ['operator']). Skipping.  
2025-09-08 02:27:45 INFO  (GhidraScript) tflite_analyzer.py> DEBUG: [main @ 001023b0] Taint propagated from pbVar2(x0) to UNNAMED(UniquePcode[0x1000083a]) via CAST.  
2025-09-08 02:27:45 INFO  (GhidraScript) tflite_analyzer.py> DEBUG: [LOAD_HANDLER] Checking LOAD op at 001023c4. Address varnode: (unique, 0x6500, 8)  
2025-09-08 02:27:45 INFO  (GhidraScript) tflite_analyzer.py> DEBUG: [LOAD_HANDLER] POINTER_RULE FAIL: Address varnode UNNAMED(UniquePcode[0x6500]) is not tainted (recursive check).  
2025-09-08 02:27:45 INFO  (GhidraScript) tflite_analyzer.py> DEBUG: [LOAD_HANDLER] REGION_RULE FAIL: Address pointer UNNAMED(UniquePcode[0x6500]) is not in the tainted memory regions set.  
2025-09-08 02:27:45 INFO  (GhidraScript) tflite_analyzer.py> DEBUG: [LOAD_HANDLER] Checking LOAD op at 001023fc. Address varnode: (unique, 0x6500, 8)  
2025-09-08 02:27:45 INFO  (GhidraScript) tflite_analyzer.py> DEBUG: [LOAD_HANDLER] POINTER_RULE FAIL: Address varnode UNNAMED(UniquePcode[0x6500]) is not tainted (recursive check).  
2025-09-08 02:27:45 INFO  (GhidraScript) tflite_analyzer.py> DEBUG: [LOAD_HANDLER] REGION_RULE FAIL: Address pointer UNNAMED(UniquePcode[0x6500]) is not in the tainted memory regions set.  
2025-09-08 02:27:45 INFO  (GhidraScript) tflite_analyzer.py> DEBUG: [LOAD_HANDLER] Checking LOAD op at 001025bc. Address varnode: (unique, 0x6500, 8)  
2025-09-08 02:27:45 INFO  (GhidraScript) tflite_analyzer.py> DEBUG: [LOAD_HANDLER] POINTER_RULE FAIL: Address varnode UNNAMED(UniquePcode[0x6500]) is not tainted (recursive check).  
2025-09-08 02:27:45 INFO  (GhidraScript) tflite_analyzer.py> DEBUG: [LOAD_HANDLER] REGION_RULE FAIL: Address pointer UNNAMED(UniquePcode[0x6500]) is not in the tainted memory regions set.  
2025-09-08 02:27:45 INFO  (GhidraScript) tflite_analyzer.py> DEBUG: [LOAD_HANDLER] Checking LOAD op at 001025c8. Address varnode: (unique, 0x6400, 8)  
2025-09-08 02:27:45 INFO  (GhidraScript) tflite_analyzer.py> DEBUG: [LOAD_HANDLER] POINTER_RULE FAIL: Address varnode UNNAMED(UniquePcode[0x6400]) is not tainted (recursive check).  
2025-09-08 02:27:45 INFO  (GhidraScript) tflite_analyzer.py> DEBUG: [LOAD_HANDLER] REGION_RULE FAIL: Address pointer UNNAMED(UniquePcode[0x6400]) is not in the tainted memory regions set.  
2025-09-08 02:27:45 INFO  (GhidraScript) tflite_analyzer.py> DEBUG: [LOAD_HANDLER] Checking LOAD op at 001025d4. Address varnode: (unique, 0x6400, 8)  
2025-09-08 02:27:45 INFO  (GhidraScript) tflite_analyzer.py> DEBUG: [LOAD_HANDLER] POINTER_RULE FAIL: Address varnode UNNAMED(UniquePcode[0x6400]) is not tainted (recursive check).  
2025-09-08 02:27:45 INFO  (GhidraScript) tflite_analyzer.py> DEBUG: [LOAD_HANDLER] REGION_RULE FAIL: Address pointer UNNAMED(UniquePcode[0x6400]) is not in the tainted memory regions set.  
2025-09-08 02:27:45 INFO  (GhidraScript) tflite_analyzer.py> DEBUG: [CBRANCH] Found defining op for condition: (unique, 0x1100, 1) INT_SLESS (stack, 0xfffffffffffffc24, 4) , (stack, 0xfffffffffffffc4c, 4)  
2025-09-08 02:27:46 INFO  (GhidraScript) tflite_analyzer.py> INFO: [main @ 00102610] Taint reached CBRANCH. Operands: ['local_3dc(StackDirect[Stack[-0x3dc]])', 'local_3b4(StackDirect[Stack[-0x3b4]])'].   
2025-09-08 02:27:46 INFO  (GhidraScript) tflite_analyzer.py> DEBUG: [LOAD_HANDLER] Checking LOAD op at 00102634. Address varnode: (unique, 0x6400, 8)  
2025-09-08 02:27:46 INFO  (GhidraScript) tflite_analyzer.py> DEBUG: [LOAD_HANDLER] POINTER_RULE FAIL: Address varnode UNNAMED(UniquePcode[0x6400]) is not tainted (recursive check).  
2025-09-08 02:27:46 INFO  (GhidraScript) tflite_analyzer.py> DEBUG: [LOAD_HANDLER] REGION_RULE FAIL: Address pointer UNNAMED(UniquePcode[0x6400]) is not in the tainted memory regions set.  
2025-09-08 02:27:46 INFO  (GhidraScript) tflite_analyzer.py> DEBUG: [CBRANCH] Found defining op for condition: (register, 0x100, 1) FLOAT_LESSEQUAL (const, 0x3e800000, 4) , (register, 0x5000, 4)  
2025-09-08 02:27:46 INFO  (GhidraScript) tflite_analyzer.py> INFO: [main @ 00102648] Taint reached CBRANCH. Operands: ['UnnamedHighVar(Constant: 0x3e800000)', 'local_3ec(StackDirect[Stack[-0x3ec]])'].   
2025-09-08 02:27:46 INFO  (GhidraScript) tflite_analyzer.py> DEBUG: [LOAD_HANDLER] Checking LOAD op at 0010278c. Address varnode: (unique, 0x7e400, 8)  
2025-09-08 02:27:46 INFO  (GhidraScript) tflite_analyzer.py> DEBUG: [LOAD_HANDLER] POINTER_RULE FAIL: Address varnode UNNAMED(UniquePcode[0x7e400]) is not tainted (recursive check).  
2025-09-08 02:27:46 INFO  (GhidraScript) tflite_analyzer.py> DEBUG: [LOAD_HANDLER] REGION_RULE FAIL: Address pointer UNNAMED(UniquePcode[0x7e400]) is not in the tainted memory regions set.  
2025-09-08 02:27:46 INFO  (GhidraScript) tflite_analyzer.py> DEBUG: [CBRANCH] Found defining op for condition: (register, 0x100, 1) FLOAT_LESSEQUAL (const, 0x3e800000, 4) , (register, 0x5000, 4)  
2025-09-08 02:27:46 INFO  (GhidraScript) tflite_analyzer.py> INFO: [main @ 001027a8] Taint reached CBRANCH. Operands: ['UnnamedHighVar(Constant: 0x3e800000)', 'UNNAMED(s0)'].   
2025-09-08 02:27:46 INFO  (GhidraScript) tflite_analyzer.py> DEBUG: [LOAD_HANDLER] Checking LOAD op at 001027c8. Address varnode: (stack, 0xfffffffffffffc18, 8)  
2025-09-08 02:27:46 INFO  (GhidraScript) tflite_analyzer.py> DEBUG: [LOAD_HANDLER] POINTER_RULE FAIL: Address varnode local_3e8(StackDirect[Stack[-0x3e8]]) is not tainted (recursive check).  
2025-09-08 02:27:46 INFO  (GhidraScript) tflite_analyzer.py> DEBUG: [LOAD_HANDLER] REGION_RULE FAIL: Address pointer local_3e8(StackDirect[Stack[-0x3e8]]) is not in the tainted memory regions set.  
2025-09-08 02:27:46 INFO  (GhidraScript) tflite_analyzer.py> DEBUG: [LOAD_HANDLER] Checking LOAD op at 001027d4. Address varnode: (unique, 0x6400, 8)  
2025-09-08 02:27:46 INFO  (GhidraScript) tflite_analyzer.py> DEBUG: [LOAD_HANDLER] POINTER_RULE FAIL: Address varnode UNNAMED(UniquePcode[0x6400]) is not tainted (recursive check).  
2025-09-08 02:27:46 INFO  (GhidraScript) tflite_analyzer.py> DEBUG: [LOAD_HANDLER] REGION_RULE FAIL: Address pointer UNNAMED(UniquePcode[0x6400]) is not in the tainted memory regions set.  
2025-09-08 02:27:46 INFO  (GhidraScript) tflite_analyzer.py> DEBUG: [LOAD_HANDLER] Checking LOAD op at 001027e0. Address varnode: (unique, 0x6400, 8)  
2025-09-08 02:27:46 INFO  (GhidraScript) tflite_analyzer.py> DEBUG: [LOAD_HANDLER] POINTER_RULE FAIL: Address varnode UNNAMED(UniquePcode[0x6400]) is not tainted (recursive check).  
2025-09-08 02:27:46 INFO  (GhidraScript) tflite_analyzer.py> DEBUG: [LOAD_HANDLER] REGION_RULE FAIL: Address pointer UNNAMED(UniquePcode[0x6400]) is not in the tainted memory regions set.  
2025-09-08 02:27:46 INFO  (GhidraScript) tflite_analyzer.py> DEBUG: [LOAD_HANDLER] Checking LOAD op at 001027ec. Address varnode: (unique, 0x6400, 8)  
2025-09-08 02:27:46 INFO  (GhidraScript) tflite_analyzer.py> DEBUG: [LOAD_HANDLER] POINTER_RULE FAIL: Address varnode UNNAMED(UniquePcode[0x6400]) is not tainted (recursive check).  
2025-09-08 02:27:46 INFO  (GhidraScript) tflite_analyzer.py> DEBUG: [LOAD_HANDLER] REGION_RULE FAIL: Address pointer UNNAMED(UniquePcode[0x6400]) is not in the tainted memory regions set.  
2025-09-08 02:27:46 INFO  (GhidraScript) tflite_analyzer.py> DEBUG: [CBRANCH] Found defining op for condition: (unique, 0x1000, 1) INT_NOTEQUAL (register, 0x4000, 8) , (const, 0x0, 8)  
2025-09-08 02:27:46 INFO  (GhidraScript) tflite_analyzer.py> INFO: [main @ 00102978] Taint reached CBRANCH. Operands: ['lVar7(x0)', 'UnnamedHighVar(Constant: 0x0)'].   
2025-09-08 02:27:46 INFO  (GhidraScript) tflite_analyzer.py> DEBUG: [LOAD_HANDLER] Checking LOAD op at 0010298c. Address varnode: (register, 0x4000, 8)  
2025-09-08 02:27:46 INFO  (GhidraScript) tflite_analyzer.py> DEBUG: [LOAD_HANDLER] POINTER_RULE FAIL: Address varnode piVar8(x0) is not tainted (recursive check).  
2025-09-08 02:27:46 INFO  (GhidraScript) tflite_analyzer.py> DEBUG: [LOAD_HANDLER] REGION_RULE FAIL: Address pointer piVar8(x0) is not in the tainted memory regions set.  
2025-09-08 02:27:46 INFO  (GhidraScript) tflite_analyzer.py> DEBUG: [LOAD_HANDLER] Checking LOAD op at 00102998. Address varnode: (unique, 0x6400, 8)  
2025-09-08 02:27:46 INFO  (GhidraScript) tflite_analyzer.py> DEBUG: [LOAD_HANDLER] POINTER_RULE FAIL: Address varnode UNNAMED(UniquePcode[0x6400]) is not tainted (recursive check).  
2025-09-08 02:27:46 INFO  (GhidraScript) tflite_analyzer.py> DEBUG: [LOAD_HANDLER] REGION_RULE FAIL: Address pointer UNNAMED(UniquePcode[0x6400]) is not in the tainted memory regions set.  
2025-09-08 02:27:46 INFO  (GhidraScript) tflite_analyzer.py> DEBUG: [CBRANCH] Found defining op for condition: (unique, 0x1580, 1) FLOAT_LESS (const, 0x3f000000, 4) , (register, 0x5000, 4)  
2025-09-08 02:27:46 INFO  (GhidraScript) tflite_analyzer.py> INFO: [main @ 001029a4] Taint reached CBRANCH. Operands: ['UnnamedHighVar(Constant: 0x3f000000)', 'UNNAMED(s0)'].   
2025-09-08 02:27:46 INFO  (GhidraScript) tflite_analyzer.py> DEBUG: [main @ 00102aa4] Analyzing potential tainted RETURN with value: UNNAMED(w0) (Tainted: 0)  
2025-09-08 02:27:46 INFO  (GhidraScript) tflite_analyzer.py>     [DEBUG] --- Taint Check Details (RETURN FAILED) ---  
2025-09-08 02:27:46 INFO  (GhidraScript) tflite_analyzer.py>     [DEBUG]   > Return Varnode: (register, 0x4000, 4) (Size: 4, Def: (register, 0x4000, 4) COPY (stack, 0xffffffffffffff64, 4) at 00102a94)  
2025-09-08 02:27:46 INFO  (GhidraScript) tflite_analyzer.py>     [DEBUG]   > Currently Tainted HighVariables in this function:  
2025-09-08 02:27:46 INFO  (GhidraScript) tflite_analyzer.py>     [DEBUG]     1. UNNAMED(UniquePcode[0x1000083a])  
2025-09-08 02:27:46 INFO  (GhidraScript) tflite_analyzer.py>     [DEBUG]     2. pbVar2(x0)  
2025-09-08 02:27:46 INFO  (GhidraScript) tflite_analyzer.py>     [DEBUG] ---------------------------------  
2025-09-08 02:27:46 INFO  (GhidraScript) tflite_analyzer.py> DEBUG: [main @ 00102aa4] Analyzing potential tainted RETURN with value: UNNAMED(w0) (Tainted: 0)  
2025-09-08 02:27:46 INFO  (GhidraScript) tflite_analyzer.py>     [DEBUG] --- Taint Check Details (RETURN FAILED) ---  
2025-09-08 02:27:46 INFO  (GhidraScript) tflite_analyzer.py>     [DEBUG]   > Return Varnode: (register, 0x4000, 4) (Size: 4, Def: (register, 0x4000, 4) COPY (const, 0xffffffff, 4) at 00102a94)  
2025-09-08 02:27:46 INFO  (GhidraScript) tflite_analyzer.py>     [DEBUG]   > Currently Tainted HighVariables in this function:  
2025-09-08 02:27:46 INFO  (GhidraScript) tflite_analyzer.py>     [DEBUG]     1. UNNAMED(UniquePcode[0x1000083a])  
2025-09-08 02:27:46 INFO  (GhidraScript) tflite_analyzer.py>     [DEBUG]     2. pbVar2(x0)  
2025-09-08 02:27:46 INFO  (GhidraScript) tflite_analyzer.py>     [DEBUG] ---------------------------------  
2025-09-08 02:27:46 INFO  (GhidraScript) tflite_analyzer.py> <<< Finished analyzing function: main.  
2025-09-08 02:27:46 INFO  (GhidraScript) tflite_analyzer.py> 
--- Analyzing Call Site #1057688 at 00102398 ---  
2025-09-08 02:27:46 INFO  (GhidraScript) tflite_analyzer.py> DEBUG: Parent (caller): main at 00102350  
2025-09-08 02:27:46 INFO  (GhidraScript) tflite_analyzer.py> 
--- Initiating Taint Analysis for: main (call at 00102398) ---  
2025-09-08 02:27:46 INFO  (GhidraScript) tflite_analyzer.py> DEBUG: Taint source is the return value of the call: pbVar2(x0)  
2025-09-08 02:27:46 INFO  (GhidraScript) tflite_analyzer.py> DEBUG: Already analyzed function main with initial taints ('pbVar2(x0)',) (origin: ['operator']). Skipping.  
2025-09-08 02:27:46 INFO  (GhidraScript) tflite_analyzer.py> 
--- Analyzing Call Site #1057700 at 001023a4 ---  
2025-09-08 02:27:46 INFO  (GhidraScript) tflite_analyzer.py> DEBUG: Parent (caller): main at 00102350  
2025-09-08 02:27:46 INFO  (GhidraScript) tflite_analyzer.py> 
--- Initiating Taint Analysis for: main (call at 001023a4) ---  
2025-09-08 02:27:46 INFO  (GhidraScript) tflite_analyzer.py> DEBUG: Taint source is the return value of the call: pbVar2(x0)  
2025-09-08 02:27:46 INFO  (GhidraScript) tflite_analyzer.py> DEBUG: Already analyzed function main with initial taints ('pbVar2(x0)',) (origin: ['operator']). Skipping.  
2025-09-08 02:27:46 INFO  (GhidraScript) tflite_analyzer.py> 
--- Analyzing Call Site #1057712 at 001023b0 ---  
2025-09-08 02:27:46 INFO  (GhidraScript) tflite_analyzer.py> DEBUG: Parent (caller): main at 00102350  
2025-09-08 02:27:46 INFO  (GhidraScript) tflite_analyzer.py> INFO: Call at 001023b0 has no output varnode. Nothing to taint. Skipping.  
2025-09-08 02:27:46 INFO  (GhidraScript) tflite_analyzer.py> 
--- Analyzing Call Site #1057960 at 001024a8 ---  
2025-09-08 02:27:46 INFO  (GhidraScript) tflite_analyzer.py> DEBUG: Parent (caller): main at 00102350  
2025-09-08 02:27:46 INFO  (GhidraScript) tflite_analyzer.py> INFO: Call at 001024a8 has no output varnode. Nothing to taint. Skipping.  
2025-09-08 02:27:46 INFO  (GhidraScript) tflite_analyzer.py> 
--- Analyzing Call Site #1071524 at 001059a4 ---  
2025-09-08 02:27:46 INFO  (GhidraScript) tflite_analyzer.py> DEBUG: Parent (caller): allocate at 0010594c  
2025-09-08 02:27:46 INFO  (GhidraScript) tflite_analyzer.py> INFO: Call at 001059a4 has no output varnode. Nothing to taint. Skipping.  
2025-09-08 02:27:46 INFO  (GhidraScript) tflite_analyzer.py> 
--- Analyzing Call Site #1072308 at 00105cb4 ---  
2025-09-08 02:27:46 INFO  (GhidraScript) tflite_analyzer.py> DEBUG: Parent (caller): deallocate at 00105c98  
2025-09-08 02:27:46 INFO  (GhidraScript) tflite_analyzer.py> INFO: Call at 00105cb4 has no output varnode. Nothing to taint. Skipping.  
2025-09-08 02:27:46 INFO  (GhidraScript) tflite_analyzer.py> 
--- Analyzing Call Site #1074344 at 001064a8 ---  
2025-09-08 02:27:46 INFO  (GhidraScript) tflite_analyzer.py> DEBUG: Parent (caller): allocate at 00106450  
2025-09-08 02:27:46 INFO  (GhidraScript) tflite_analyzer.py> INFO: Call at 001064a8 has no output varnode. Nothing to taint. Skipping.  
2025-09-08 02:27:46 INFO  (GhidraScript) tflite_analyzer.py> 
--- Analyzing Call Site #1074616 at 001065b8 ---  
2025-09-08 02:27:46 INFO  (GhidraScript) tflite_analyzer.py> DEBUG: Parent (caller): deallocate at 0010659c  
2025-09-08 02:27:46 INFO  (GhidraScript) tflite_analyzer.py> INFO: Call at 001065b8 has no output varnode. Nothing to taint. Skipping.  
2025-09-08 02:27:46 INFO  (GhidraScript) tflite_analyzer.py> 
--- Analyzing Call Site #1075660 at 001069cc ---  
2025-09-08 02:27:46 INFO  (GhidraScript) tflite_analyzer.py> DEBUG: Parent (caller): deallocate at 001069b0  
2025-09-08 02:27:46 INFO  (GhidraScript) tflite_analyzer.py> INFO: Call at 001069cc has no output varnode. Nothing to taint. Skipping.  
2025-09-08 02:27:46 INFO  (GhidraScript) tflite_analyzer.py> 
--- Analyzing Call Site #1076532 at 00106d34 ---  
2025-09-08 02:27:46 INFO  (GhidraScript) tflite_analyzer.py> DEBUG: Parent (caller): deallocate at 00106d18  
2025-09-08 02:27:46 INFO  (GhidraScript) tflite_analyzer.py> INFO: Call at 00106d34 has no output varnode. Nothing to taint. Skipping.  
2025-09-08 02:27:46 INFO  (GhidraScript) tflite_analyzer.py> 
--- Analyzing Call Site #1076868 at 00106e84 ---  
2025-09-08 02:27:46 INFO  (GhidraScript) tflite_analyzer.py> DEBUG: Parent (caller): deallocate at 00106e68  
2025-09-08 02:27:46 INFO  (GhidraScript) tflite_analyzer.py> INFO: Call at 00106e84 has no output varnode. Nothing to taint. Skipping.  
2025-09-08 02:27:46 INFO  (GhidraScript) tflite_analyzer.py> 
--- Analyzing Call Site #1077724 at 001071dc ---  
2025-09-08 02:27:46 INFO  (GhidraScript) tflite_analyzer.py> DEBUG: Parent (caller): deallocate at 001071c0  
2025-09-08 02:27:46 INFO  (GhidraScript) tflite_analyzer.py> INFO: Call at 001071dc has no output varnode. Nothing to taint. Skipping.  
2025-09-08 02:27:46 INFO  (GhidraScript) tflite_analyzer.py> 
--- Analyzing Call Site #1078624 at 00107560 ---  
2025-09-08 02:27:46 INFO  (GhidraScript) tflite_analyzer.py> DEBUG: Parent (caller): deallocate at 00107544  
2025-09-08 02:27:46 INFO  (GhidraScript) tflite_analyzer.py> INFO: Call at 00107560 has no output varnode. Nothing to taint. Skipping.  
2025-09-08 02:27:46 INFO  (GhidraScript) tflite_analyzer.py> 
--- Analyzing Call Site #1079128 at 00107758 ---  
2025-09-08 02:27:46 INFO  (GhidraScript) tflite_analyzer.py> DEBUG: Parent (caller): deallocate at 0010773c  
2025-09-08 02:27:46 INFO  (GhidraScript) tflite_analyzer.py> INFO: Call at 00107758 has no output varnode. Nothing to taint. Skipping.  
2025-09-08 02:27:46 INFO  (GhidraScript) tflite_analyzer.py> 
--- Analyzing Call Site #1080028 at 00107adc ---  
2025-09-08 02:27:46 INFO  (GhidraScript) tflite_analyzer.py> DEBUG: Parent (caller): operator() at 00107aac  
2025-09-08 02:27:46 INFO  (GhidraScript) tflite_analyzer.py> INFO: Call at 00107adc has no output varnode. Nothing to taint. Skipping.  
2025-09-08 02:27:46 INFO  (GhidraScript) tflite_analyzer.py> 
--- Analyzing Call Site #1080460 at 00107c8c ---  
2025-09-08 02:27:46 INFO  (GhidraScript) tflite_analyzer.py> DEBUG: Parent (caller): operator() at 00107c5c  
2025-09-08 02:27:46 INFO  (GhidraScript) tflite_analyzer.py> INFO: Call at 00107c8c has no output varnode. Nothing to taint. Skipping.  
2025-09-08 02:27:46 INFO  (GhidraScript) tflite_analyzer.py> 
--- Analyzing Call Site #1081712 at 00108170 ---  
2025-09-08 02:27:46 INFO  (GhidraScript) tflite_analyzer.py> DEBUG: Parent (caller): deallocate at 00108154  
2025-09-08 02:27:46 INFO  (GhidraScript) tflite_analyzer.py> INFO: Call at 00108170 has no output varnode. Nothing to taint. Skipping.  
2025-09-08 02:27:46 INFO  (GhidraScript) tflite_analyzer.py> 
--- Analyzing Call Site #1082996 at 00108674 ---  
2025-09-08 02:27:46 INFO  (GhidraScript) tflite_analyzer.py> DEBUG: Parent (caller): allocate at 00108610  
2025-09-08 02:27:46 INFO  (GhidraScript) tflite_analyzer.py> INFO: Call at 00108674 has no output varnode. Nothing to taint. Skipping.  
2025-09-08 02:27:46 INFO  (GhidraScript) tflite_analyzer.py> 
--- Stage 1 Complete. Checking for pending multi-stage analysis tasks... ---  
2025-09-08 02:27:46 INFO  (GhidraScript) tflite_analyzer.py> 
--- Initiating Stage 2 Analysis Task #1 (from rule: tainted_return_from_operator<<) ---  
2025-09-08 02:27:46 INFO  (GhidraScript) tflite_analyzer.py> \n>>> Analyzing function: main (Depth: 0) at 00102350 (Originating from: tainted_return_from_operator<<) with initial taints: pbVar2(x0)  
2025-09-08 02:27:46 INFO  (GhidraScript) tflite_analyzer.py>   - [STACK_SEARCH.0] Analyzing varnode: (register, 0x4000, 8)  
2025-09-08 02:27:46 INFO  (GhidraScript) tflite_analyzer.py>   - [STACK_SEARCH.0] Details: isAddress=0, addr=register:00004000, isStackAddress=0  
2025-09-08 02:27:46 INFO  (GhidraScript) tflite_analyzer.py>   - [STACK_SEARCH.0] Def P-Code Op: (register, 0x4000, 8) CALL (ram, 0x101e90, 8) , (unique, 0x10000832, 8) , (unique, 0x100005cc, 8)  
2025-09-08 02:27:46 INFO  (GhidraScript) tflite_analyzer.py>   - [STACK_SEARCH.0] Mnemonic 'CALL' is not a handled case. Aborting path.  
2025-09-08 02:27:46 INFO  (GhidraScript) tflite_analyzer.py> \nDEBUG: Reached specified start PcodeOp (register, 0x4000, 8) CALL (ram, 0x101e90, 8) , (unique, 0x10000832, 8) , (unique, 0x100005cc, 8) at 0010238c in main, subsequent ops will be processed.  
2025-09-08 02:27:46 INFO  (GhidraScript) tflite_analyzer.py> DEBUG: [LOAD_HANDLER] Checking LOAD op at 00102394. Address varnode: (stack, 0xffffffffffffff58, 8)  
2025-09-08 02:27:46 INFO  (GhidraScript) tflite_analyzer.py> DEBUG: [LOAD_HANDLER] POINTER_RULE FAIL: Address varnode local_a8(StackDirect[Stack[-0xa8]]) is not tainted (recursive check).  
2025-09-08 02:27:46 INFO  (GhidraScript) tflite_analyzer.py> DEBUG: [LOAD_HANDLER] REGION_RULE FAIL: Address pointer local_a8(StackDirect[Stack[-0xa8]]) is not in the tainted memory regions set.  
2025-09-08 02:27:46 INFO  (GhidraScript) tflite_analyzer.py> \n>>> Analyzing function: operator<< (Depth: 1) at 00101e90 (Originating from: tainted_return_from_operator<<) with initial taints: param_1(x0)  
2025-09-08 02:27:46 INFO  (GhidraScript) tflite_analyzer.py>   - [STACK_SEARCH.0] Analyzing varnode: (register, 0x4000, 8)  
2025-09-08 02:27:46 INFO  (GhidraScript) tflite_analyzer.py>   - [STACK_SEARCH.0] Details: isAddress=0, addr=register:00004000, isStackAddress=0  
2025-09-08 02:27:46 INFO  (GhidraScript) tflite_analyzer.py>   - [STACK_SEARCH.0] No defining p-code op found. Aborting path.  
2025-09-08 02:27:46 INFO  (GhidraScript) tflite_analyzer.py> DEBUG: Starting taint analysis from the beginning of function operator<<.  
2025-09-08 02:27:46 WARN  (DecompileCallback) Decompiling 00121180, pcode error at 00121180: Unable to disassemble EXTERNAL block location: 00121180  
2025-09-08 02:27:46 INFO  (GhidraScript) tflite_analyzer.py> \n>>> Analyzing function: operator<< (Depth: 2) at 00121180 (Originating from: tainted_return_from_operator<<) with initial taints: param_1(x0)  
2025-09-08 02:27:46 INFO  (GhidraScript) tflite_analyzer.py>   - [STACK_SEARCH.0] Analyzing varnode: (register, 0x4000, 8)  
2025-09-08 02:27:46 INFO  (GhidraScript) tflite_analyzer.py>   - [STACK_SEARCH.0] Details: isAddress=0, addr=register:00004000, isStackAddress=0  
2025-09-08 02:27:46 INFO  (GhidraScript) tflite_analyzer.py>   - [STACK_SEARCH.0] No defining p-code op found. Aborting path.  
2025-09-08 02:27:46 INFO  (GhidraScript) tflite_analyzer.py> DEBUG: Starting taint analysis from the beginning of function operator<<.  
2025-09-08 02:27:46 INFO  (GhidraScript) tflite_analyzer.py> <<< Finished analyzing function: operator<<.  
2025-09-08 02:27:46 INFO  (GhidraScript) tflite_analyzer.py> DEBUG: [operator<< @ 00101e9c] Analyzing potential tainted RETURN with value: pbVar1(x0) (Tainted: 0)  
2025-09-08 02:27:46 INFO  (GhidraScript) tflite_analyzer.py>     [DEBUG] --- Taint Check Details (RETURN FAILED) ---  
2025-09-08 02:27:46 INFO  (GhidraScript) tflite_analyzer.py>     [DEBUG]   > Return Varnode: (register, 0x4000, 8) (Size: 8, Def: (register, 0x4000, 8) CALL (ram, 0x121180, 8) , (register, 0x4000, 8) , (register, 0x4008, 8) at 00101e9c)  
2025-09-08 02:27:46 INFO  (GhidraScript) tflite_analyzer.py>     [DEBUG]   > Currently Tainted HighVariables in this function:  
2025-09-08 02:27:46 INFO  (GhidraScript) tflite_analyzer.py>     [DEBUG]     1. param_1(x0)  
2025-09-08 02:27:46 INFO  (GhidraScript) tflite_analyzer.py>     [DEBUG] ---------------------------------  
2025-09-08 02:27:46 INFO  (GhidraScript) tflite_analyzer.py> <<< Finished analyzing function: operator<<.  
2025-09-08 02:27:46 INFO  (GhidraScript) tflite_analyzer.py> DEBUG: Already analyzed function operator<< with initial taints ('param_1(x0)',) (origin: tainted_return_from_operator<<). Skipping.  
2025-09-08 02:27:46 INFO  (GhidraScript) tflite_analyzer.py> DEBUG: [main @ 001023b0] Taint propagated from pbVar2(x0) to UNNAMED(UniquePcode[0x1000083a]) via CAST.  
2025-09-08 02:27:46 INFO  (GhidraScript) tflite_analyzer.py> DEBUG: [LOAD_HANDLER] Checking LOAD op at 001023c4. Address varnode: (unique, 0x6500, 8)  
2025-09-08 02:27:46 INFO  (GhidraScript) tflite_analyzer.py> DEBUG: [LOAD_HANDLER] POINTER_RULE FAIL: Address varnode UNNAMED(UniquePcode[0x6500]) is not tainted (recursive check).  
2025-09-08 02:27:46 INFO  (GhidraScript) tflite_analyzer.py> DEBUG: [LOAD_HANDLER] REGION_RULE FAIL: Address pointer UNNAMED(UniquePcode[0x6500]) is not in the tainted memory regions set.  
2025-09-08 02:27:46 INFO  (GhidraScript) tflite_analyzer.py> DEBUG: [LOAD_HANDLER] Checking LOAD op at 001023fc. Address varnode: (unique, 0x6500, 8)  
2025-09-08 02:27:46 INFO  (GhidraScript) tflite_analyzer.py> DEBUG: [LOAD_HANDLER] POINTER_RULE FAIL: Address varnode UNNAMED(UniquePcode[0x6500]) is not tainted (recursive check).  
2025-09-08 02:27:46 INFO  (GhidraScript) tflite_analyzer.py> DEBUG: [LOAD_HANDLER] REGION_RULE FAIL: Address pointer UNNAMED(UniquePcode[0x6500]) is not in the tainted memory regions set.  
2025-09-08 02:27:47 INFO  (GhidraScript) tflite_analyzer.py> DEBUG: [LOAD_HANDLER] Checking LOAD op at 001025bc. Address varnode: (unique, 0x6500, 8)  
2025-09-08 02:27:47 INFO  (GhidraScript) tflite_analyzer.py> DEBUG: [LOAD_HANDLER] POINTER_RULE FAIL: Address varnode UNNAMED(UniquePcode[0x6500]) is not tainted (recursive check).  
2025-09-08 02:27:47 INFO  (GhidraScript) tflite_analyzer.py> DEBUG: [LOAD_HANDLER] REGION_RULE FAIL: Address pointer UNNAMED(UniquePcode[0x6500]) is not in the tainted memory regions set.  
2025-09-08 02:27:47 INFO  (GhidraScript) tflite_analyzer.py> DEBUG: [LOAD_HANDLER] Checking LOAD op at 001025c8. Address varnode: (unique, 0x6400, 8)  
2025-09-08 02:27:47 INFO  (GhidraScript) tflite_analyzer.py> DEBUG: [LOAD_HANDLER] POINTER_RULE FAIL: Address varnode UNNAMED(UniquePcode[0x6400]) is not tainted (recursive check).  
2025-09-08 02:27:47 INFO  (GhidraScript) tflite_analyzer.py> DEBUG: [LOAD_HANDLER] REGION_RULE FAIL: Address pointer UNNAMED(UniquePcode[0x6400]) is not in the tainted memory regions set.  
2025-09-08 02:27:47 INFO  (GhidraScript) tflite_analyzer.py> DEBUG: [LOAD_HANDLER] Checking LOAD op at 001025d4. Address varnode: (unique, 0x6400, 8)  
2025-09-08 02:27:47 INFO  (GhidraScript) tflite_analyzer.py> DEBUG: [LOAD_HANDLER] POINTER_RULE FAIL: Address varnode UNNAMED(UniquePcode[0x6400]) is not tainted (recursive check).  
2025-09-08 02:27:47 INFO  (GhidraScript) tflite_analyzer.py> DEBUG: [LOAD_HANDLER] REGION_RULE FAIL: Address pointer UNNAMED(UniquePcode[0x6400]) is not in the tainted memory regions set.  
2025-09-08 02:27:47 INFO  (GhidraScript) tflite_analyzer.py> DEBUG: [CBRANCH] Found defining op for condition: (unique, 0x1100, 1) INT_SLESS (stack, 0xfffffffffffffc24, 4) , (stack, 0xfffffffffffffc4c, 4)  
2025-09-08 02:27:47 INFO  (GhidraScript) tflite_analyzer.py> INFO: [main @ 00102610] Taint reached CBRANCH. Operands: ['local_3dc(StackDirect[Stack[-0x3dc]])', 'local_3b4(StackDirect[Stack[-0x3b4]])'].   
2025-09-08 02:27:47 INFO  (GhidraScript) tflite_analyzer.py> DEBUG: [LOAD_HANDLER] Checking LOAD op at 00102634. Address varnode: (unique, 0x6400, 8)  
2025-09-08 02:27:47 INFO  (GhidraScript) tflite_analyzer.py> DEBUG: [LOAD_HANDLER] POINTER_RULE FAIL: Address varnode UNNAMED(UniquePcode[0x6400]) is not tainted (recursive check).  
2025-09-08 02:27:47 INFO  (GhidraScript) tflite_analyzer.py> DEBUG: [LOAD_HANDLER] REGION_RULE FAIL: Address pointer UNNAMED(UniquePcode[0x6400]) is not in the tainted memory regions set.  
2025-09-08 02:27:47 INFO  (GhidraScript) tflite_analyzer.py> DEBUG: [CBRANCH] Found defining op for condition: (register, 0x100, 1) FLOAT_LESSEQUAL (const, 0x3e800000, 4) , (register, 0x5000, 4)  
2025-09-08 02:27:47 INFO  (GhidraScript) tflite_analyzer.py> INFO: [main @ 00102648] Taint reached CBRANCH. Operands: ['UnnamedHighVar(Constant: 0x3e800000)', 'local_3ec(StackDirect[Stack[-0x3ec]])'].   
2025-09-08 02:27:47 INFO  (GhidraScript) tflite_analyzer.py> DEBUG: [LOAD_HANDLER] Checking LOAD op at 0010278c. Address varnode: (unique, 0x7e400, 8)  
2025-09-08 02:27:47 INFO  (GhidraScript) tflite_analyzer.py> DEBUG: [LOAD_HANDLER] POINTER_RULE FAIL: Address varnode UNNAMED(UniquePcode[0x7e400]) is not tainted (recursive check).  
2025-09-08 02:27:47 INFO  (GhidraScript) tflite_analyzer.py> DEBUG: [LOAD_HANDLER] REGION_RULE FAIL: Address pointer UNNAMED(UniquePcode[0x7e400]) is not in the tainted memory regions set.  
2025-09-08 02:27:47 INFO  (GhidraScript) tflite_analyzer.py> DEBUG: [CBRANCH] Found defining op for condition: (register, 0x100, 1) FLOAT_LESSEQUAL (const, 0x3e800000, 4) , (register, 0x5000, 4)  
2025-09-08 02:27:47 INFO  (GhidraScript) tflite_analyzer.py> INFO: [main @ 001027a8] Taint reached CBRANCH. Operands: ['UnnamedHighVar(Constant: 0x3e800000)', 'UNNAMED(s0)'].   
2025-09-08 02:27:47 INFO  (GhidraScript) tflite_analyzer.py> DEBUG: [LOAD_HANDLER] Checking LOAD op at 001027c8. Address varnode: (stack, 0xfffffffffffffc18, 8)  
2025-09-08 02:27:47 INFO  (GhidraScript) tflite_analyzer.py> DEBUG: [LOAD_HANDLER] POINTER_RULE FAIL: Address varnode local_3e8(StackDirect[Stack[-0x3e8]]) is not tainted (recursive check).  
2025-09-08 02:27:47 INFO  (GhidraScript) tflite_analyzer.py> DEBUG: [LOAD_HANDLER] REGION_RULE FAIL: Address pointer local_3e8(StackDirect[Stack[-0x3e8]]) is not in the tainted memory regions set.  
2025-09-08 02:27:47 INFO  (GhidraScript) tflite_analyzer.py> DEBUG: [LOAD_HANDLER] Checking LOAD op at 001027d4. Address varnode: (unique, 0x6400, 8)  
2025-09-08 02:27:47 INFO  (GhidraScript) tflite_analyzer.py> DEBUG: [LOAD_HANDLER] POINTER_RULE FAIL: Address varnode UNNAMED(UniquePcode[0x6400]) is not tainted (recursive check).  
2025-09-08 02:27:47 INFO  (GhidraScript) tflite_analyzer.py> DEBUG: [LOAD_HANDLER] REGION_RULE FAIL: Address pointer UNNAMED(UniquePcode[0x6400]) is not in the tainted memory regions set.  
2025-09-08 02:27:47 INFO  (GhidraScript) tflite_analyzer.py> DEBUG: [LOAD_HANDLER] Checking LOAD op at 001027e0. Address varnode: (unique, 0x6400, 8)  
2025-09-08 02:27:47 INFO  (GhidraScript) tflite_analyzer.py> DEBUG: [LOAD_HANDLER] POINTER_RULE FAIL: Address varnode UNNAMED(UniquePcode[0x6400]) is not tainted (recursive check).  
2025-09-08 02:27:47 INFO  (GhidraScript) tflite_analyzer.py> DEBUG: [LOAD_HANDLER] REGION_RULE FAIL: Address pointer UNNAMED(UniquePcode[0x6400]) is not in the tainted memory regions set.  
2025-09-08 02:27:47 INFO  (GhidraScript) tflite_analyzer.py> DEBUG: [LOAD_HANDLER] Checking LOAD op at 001027ec. Address varnode: (unique, 0x6400, 8)  
2025-09-08 02:27:47 INFO  (GhidraScript) tflite_analyzer.py> DEBUG: [LOAD_HANDLER] POINTER_RULE FAIL: Address varnode UNNAMED(UniquePcode[0x6400]) is not tainted (recursive check).  
2025-09-08 02:27:47 INFO  (GhidraScript) tflite_analyzer.py> DEBUG: [LOAD_HANDLER] REGION_RULE FAIL: Address pointer UNNAMED(UniquePcode[0x6400]) is not in the tainted memory regions set.  
2025-09-08 02:27:47 INFO  (GhidraScript) tflite_analyzer.py> DEBUG: [CBRANCH] Found defining op for condition: (unique, 0x1000, 1) INT_NOTEQUAL (register, 0x4000, 8) , (const, 0x0, 8)  
2025-09-08 02:27:47 INFO  (GhidraScript) tflite_analyzer.py> INFO: [main @ 00102978] Taint reached CBRANCH. Operands: ['lVar7(x0)', 'UnnamedHighVar(Constant: 0x0)'].   
2025-09-08 02:27:47 INFO  (GhidraScript) tflite_analyzer.py> DEBUG: [LOAD_HANDLER] Checking LOAD op at 0010298c. Address varnode: (register, 0x4000, 8)  
2025-09-08 02:27:47 INFO  (GhidraScript) tflite_analyzer.py> DEBUG: [LOAD_HANDLER] POINTER_RULE FAIL: Address varnode piVar8(x0) is not tainted (recursive check).  
2025-09-08 02:27:47 INFO  (GhidraScript) tflite_analyzer.py> DEBUG: [LOAD_HANDLER] REGION_RULE FAIL: Address pointer piVar8(x0) is not in the tainted memory regions set.  
2025-09-08 02:27:47 INFO  (GhidraScript) tflite_analyzer.py> DEBUG: [LOAD_HANDLER] Checking LOAD op at 00102998. Address varnode: (unique, 0x6400, 8)  
2025-09-08 02:27:47 INFO  (GhidraScript) tflite_analyzer.py> DEBUG: [LOAD_HANDLER] POINTER_RULE FAIL: Address varnode UNNAMED(UniquePcode[0x6400]) is not tainted (recursive check).  
2025-09-08 02:27:47 INFO  (GhidraScript) tflite_analyzer.py> DEBUG: [LOAD_HANDLER] REGION_RULE FAIL: Address pointer UNNAMED(UniquePcode[0x6400]) is not in the tainted memory regions set.  
2025-09-08 02:27:47 INFO  (GhidraScript) tflite_analyzer.py> DEBUG: [CBRANCH] Found defining op for condition: (unique, 0x1580, 1) FLOAT_LESS (const, 0x3f000000, 4) , (register, 0x5000, 4)  
2025-09-08 02:27:47 INFO  (GhidraScript) tflite_analyzer.py> INFO: [main @ 001029a4] Taint reached CBRANCH. Operands: ['UnnamedHighVar(Constant: 0x3f000000)', 'UNNAMED(s0)'].   
2025-09-08 02:27:47 INFO  (GhidraScript) tflite_analyzer.py> DEBUG: [main @ 00102aa4] Analyzing potential tainted RETURN with value: UNNAMED(w0) (Tainted: 0)  
2025-09-08 02:27:47 INFO  (GhidraScript) tflite_analyzer.py>     [DEBUG] --- Taint Check Details (RETURN FAILED) ---  
2025-09-08 02:27:47 INFO  (GhidraScript) tflite_analyzer.py>     [DEBUG]   > Return Varnode: (register, 0x4000, 4) (Size: 4, Def: (register, 0x4000, 4) COPY (stack, 0xffffffffffffff64, 4) at 00102a94)  
2025-09-08 02:27:47 INFO  (GhidraScript) tflite_analyzer.py>     [DEBUG]   > Currently Tainted HighVariables in this function:  
2025-09-08 02:27:47 INFO  (GhidraScript) tflite_analyzer.py>     [DEBUG]     1. UNNAMED(UniquePcode[0x1000083a])  
2025-09-08 02:27:47 INFO  (GhidraScript) tflite_analyzer.py>     [DEBUG]     2. pbVar2(x0)  
2025-09-08 02:27:47 INFO  (GhidraScript) tflite_analyzer.py>     [DEBUG] ---------------------------------  
2025-09-08 02:27:47 INFO  (GhidraScript) tflite_analyzer.py> DEBUG: [main @ 00102aa4] Analyzing potential tainted RETURN with value: UNNAMED(w0) (Tainted: 0)  
2025-09-08 02:27:47 INFO  (GhidraScript) tflite_analyzer.py>     [DEBUG] --- Taint Check Details (RETURN FAILED) ---  
2025-09-08 02:27:47 INFO  (GhidraScript) tflite_analyzer.py>     [DEBUG]   > Return Varnode: (register, 0x4000, 4) (Size: 4, Def: (register, 0x4000, 4) COPY (const, 0xffffffff, 4) at 00102a94)  
2025-09-08 02:27:47 INFO  (GhidraScript) tflite_analyzer.py>     [DEBUG]   > Currently Tainted HighVariables in this function:  
2025-09-08 02:27:47 INFO  (GhidraScript) tflite_analyzer.py>     [DEBUG]     1. UNNAMED(UniquePcode[0x1000083a])  
2025-09-08 02:27:47 INFO  (GhidraScript) tflite_analyzer.py>     [DEBUG]     2. pbVar2(x0)  
2025-09-08 02:27:47 INFO  (GhidraScript) tflite_analyzer.py>     [DEBUG] ---------------------------------  
2025-09-08 02:27:47 INFO  (GhidraScript) tflite_analyzer.py> <<< Finished analyzing function: main.  
2025-09-08 02:27:47 INFO  (GhidraScript) tflite_analyzer.py> 
--- Initiating Stage 2 Analysis Task #2 (from rule: tainted_return_from_operator<<) ---  
2025-09-08 02:27:47 INFO  (GhidraScript) tflite_analyzer.py> DEBUG: Already analyzed function main with initial taints ('pbVar2(x0)',) (origin: tainted_return_from_operator<<). Skipping.  
2025-09-08 02:27:47 INFO  (GhidraScript) tflite_analyzer.py> 
--- Initiating Stage 2 Analysis Task #3 (from rule: tainted_return_from_operator<<) ---  
2025-09-08 02:27:47 INFO  (GhidraScript) tflite_analyzer.py> DEBUG: Already analyzed function main with initial taints ('pbVar2(x0)',) (origin: tainted_return_from_operator<<). Skipping.  
2025-09-08 02:27:47 INFO  (GhidraScript) tflite_analyzer.py> 
--- All Multi-Stage Analysis Tasks Complete. ---  
2025-09-08 02:27:47 INFO  (GhidraScript) tflite_analyzer.py> 
--- Taint Analysis Run Complete ---  
2025-09-08 02:27:47 INFO  (GhidraScript) tflite_analyzer.py> \n--- All Detected Tainted Value Usages (Interprocedural) ---  
2025-09-08 02:27:47 INFO  (GhidraScript) tflite_analyzer.py> Usage #1:  
2025-09-08 02:27:47 INFO  (GhidraScript) tflite_analyzer.py>   Originating Lib Call: ['operator']  
2025-09-08 02:27:47 INFO  (GhidraScript) tflite_analyzer.py>   Found In Function:   operator.new at 00101e50  
2025-09-08 02:27:47 INFO  (GhidraScript) tflite_analyzer.py>   Instruction Address: 00101e5c  
2025-09-08 02:27:47 INFO  (GhidraScript) tflite_analyzer.py>     PCode Op:             ---  RETURN (const, 0x0, 8) , (register, 0x4000, 8)  
2025-09-08 02:27:47 INFO  (GhidraScript) tflite_analyzer.py>     Usage Type:          RETURN_TAINTED_VALUE  
2025-09-08 02:27:47 INFO  (GhidraScript) tflite_analyzer.py>     Tainted Component:   pvVar1(x0)  
2025-09-08 02:27:47 INFO  (GhidraScript) tflite_analyzer.py> ----------------------------------------  
2025-09-08 02:27:47 INFO  (GhidraScript) tflite_analyzer.py> Usage #2:  
2025-09-08 02:27:47 INFO  (GhidraScript) tflite_analyzer.py>   Originating Lib Call: ['operator']  
2025-09-08 02:27:47 INFO  (GhidraScript) tflite_analyzer.py>   Found In Function:   operator<< at 00101e90  
2025-09-08 02:27:47 INFO  (GhidraScript) tflite_analyzer.py>   Instruction Address: 00101e9c  
2025-09-08 02:27:47 INFO  (GhidraScript) tflite_analyzer.py>     PCode Op:             ---  RETURN (const, 0x0, 8) , (register, 0x4000, 8)  
2025-09-08 02:27:47 INFO  (GhidraScript) tflite_analyzer.py>     Usage Type:          RETURN_TAINTED_VALUE  
2025-09-08 02:27:47 INFO  (GhidraScript) tflite_analyzer.py>     Tainted Component:   pbVar1(x0)  
2025-09-08 02:27:47 INFO  (GhidraScript) tflite_analyzer.py> ----------------------------------------  
2025-09-08 02:27:47 INFO  (GhidraScript) tflite_analyzer.py> Usage #3:  
2025-09-08 02:27:47 INFO  (GhidraScript) tflite_analyzer.py>   Originating Lib Call: ['operator']  
2025-09-08 02:27:47 INFO  (GhidraScript) tflite_analyzer.py>   Found In Function:   main at 00102350  
2025-09-08 02:27:47 INFO  (GhidraScript) tflite_analyzer.py>   Instruction Address: 00102398  
2025-09-08 02:27:47 INFO  (GhidraScript) tflite_analyzer.py>     PCode Op:            (register, 0x4000, 8) CALL (ram, 0x101e90, 8) , (register, 0x4000, 8) , (register, 0x4008, 8)  
2025-09-08 02:27:47 INFO  (GhidraScript) tflite_analyzer.py>     Usage Type:          TAINTED_ARG_TO_CALL_RECURSION  
2025-09-08 02:27:47 INFO  (GhidraScript) tflite_analyzer.py>     Details:             Recursive call to operator<< (CALL) with taints: param_1(x0).  
2025-09-08 02:27:47 INFO  (GhidraScript) tflite_analyzer.py> ----------------------------------------  
2025-09-08 02:27:47 INFO  (GhidraScript) tflite_analyzer.py> Usage #4:  
2025-09-08 02:27:47 INFO  (GhidraScript) tflite_analyzer.py>   Originating Lib Call: ['operator']  
2025-09-08 02:27:47 INFO  (GhidraScript) tflite_analyzer.py>   Found In Function:   operator<< at 00101e90  
2025-09-08 02:27:47 INFO  (GhidraScript) tflite_analyzer.py>   Instruction Address: 00101e9c  
2025-09-08 02:27:47 INFO  (GhidraScript) tflite_analyzer.py>     PCode Op:            (register, 0x4000, 8) CALL (ram, 0x121180, 8) , (register, 0x4000, 8) , (register, 0x4008, 8)  
2025-09-08 02:27:47 INFO  (GhidraScript) tflite_analyzer.py>     Usage Type:          TAINTED_ARG_TO_CALL_RECURSION  
2025-09-08 02:27:47 INFO  (GhidraScript) tflite_analyzer.py>     Details:             Recursive call to operator<< (CALL) with taints: param_1(x0).  
2025-09-08 02:27:47 INFO  (GhidraScript) tflite_analyzer.py> ----------------------------------------  
2025-09-08 02:27:47 INFO  (GhidraScript) tflite_analyzer.py> Usage #5:  
2025-09-08 02:27:47 INFO  (GhidraScript) tflite_analyzer.py>   Originating Lib Call: ['operator']  
2025-09-08 02:27:47 INFO  (GhidraScript) tflite_analyzer.py>   Found In Function:   main at 00102350  
2025-09-08 02:27:47 INFO  (GhidraScript) tflite_analyzer.py>   Instruction Address: 001023a4  
2025-09-08 02:27:47 INFO  (GhidraScript) tflite_analyzer.py>     PCode Op:            (register, 0x4000, 8) CALL (ram, 0x101e90, 8) , (register, 0x4000, 8) , (unique, 0x100005d4, 8)  
2025-09-08 02:27:47 INFO  (GhidraScript) tflite_analyzer.py>     Usage Type:          TAINTED_ARG_TO_CALL_RECURSION  
2025-09-08 02:27:47 INFO  (GhidraScript) tflite_analyzer.py>     Details:             Recursive call to operator<< (CALL) with taints: param_1(x0).  
2025-09-08 02:27:47 INFO  (GhidraScript) tflite_analyzer.py> ----------------------------------------  
2025-09-08 02:27:47 INFO  (GhidraScript) tflite_analyzer.py> Usage #6:  
2025-09-08 02:27:47 INFO  (GhidraScript) tflite_analyzer.py>   Originating Lib Call: ['operator']  
2025-09-08 02:27:47 INFO  (GhidraScript) tflite_analyzer.py>   Found In Function:   main at 00102350  
2025-09-08 02:27:47 INFO  (GhidraScript) tflite_analyzer.py>   Instruction Address: 00102610  
2025-09-08 02:27:47 INFO  (GhidraScript) tflite_analyzer.py>     PCode Op:             ---  CBRANCH (ram, 0x102908, 1) , (unique, 0x1100, 1)  
2025-09-08 02:27:47 INFO  (GhidraScript) tflite_analyzer.py>     Usage Type:          BRANCH_CONDITION_TAINTED  
2025-09-08 02:27:47 INFO  (GhidraScript) tflite_analyzer.py>     Tainted Component:   UNNAMED(UniquePcode[0x1100])  
2025-09-08 02:27:47 INFO  (GhidraScript) tflite_analyzer.py>     Details:             Tainted condition for branch.  
2025-09-08 02:27:47 INFO  (GhidraScript) tflite_analyzer.py> ----------------------------------------  
2025-09-08 02:27:47 INFO  (GhidraScript) tflite_analyzer.py> Usage #7:  
2025-09-08 02:27:47 INFO  (GhidraScript) tflite_analyzer.py>   Originating Lib Call: ['operator']  
2025-09-08 02:27:47 INFO  (GhidraScript) tflite_analyzer.py>   Found In Function:   main at 00102350  
2025-09-08 02:27:47 INFO  (GhidraScript) tflite_analyzer.py>   Instruction Address: 00102648  
2025-09-08 02:27:47 INFO  (GhidraScript) tflite_analyzer.py>     PCode Op:             ---  CBRANCH (ram, 0x102704, 1) , (register, 0x100, 1)  
2025-09-08 02:27:47 INFO  (GhidraScript) tflite_analyzer.py>     Usage Type:          BRANCH_CONDITION_TAINTED  
2025-09-08 02:27:47 INFO  (GhidraScript) tflite_analyzer.py>     Tainted Component:   UNNAMED(NG)  
2025-09-08 02:27:47 INFO  (GhidraScript) tflite_analyzer.py>     Details:             Tainted condition for branch.  
2025-09-08 02:27:47 INFO  (GhidraScript) tflite_analyzer.py> ----------------------------------------  
2025-09-08 02:27:47 INFO  (GhidraScript) tflite_analyzer.py> Usage #8:  
2025-09-08 02:27:47 INFO  (GhidraScript) tflite_analyzer.py>   Originating Lib Call: ['operator']  
2025-09-08 02:27:47 INFO  (GhidraScript) tflite_analyzer.py>   Found In Function:   main at 00102350  
2025-09-08 02:27:47 INFO  (GhidraScript) tflite_analyzer.py>   Instruction Address: 001027a8  
2025-09-08 02:27:47 INFO  (GhidraScript) tflite_analyzer.py>     PCode Op:             ---  CBRANCH (ram, 0x1027c4, 1) , (register, 0x100, 1)  
2025-09-08 02:27:47 INFO  (GhidraScript) tflite_analyzer.py>     Usage Type:          BRANCH_CONDITION_TAINTED  
2025-09-08 02:27:47 INFO  (GhidraScript) tflite_analyzer.py>     Tainted Component:   UNNAMED(NG)  
2025-09-08 02:27:47 INFO  (GhidraScript) tflite_analyzer.py>     Details:             Tainted condition for branch.  
2025-09-08 02:27:47 INFO  (GhidraScript) tflite_analyzer.py> ----------------------------------------  
2025-09-08 02:27:47 INFO  (GhidraScript) tflite_analyzer.py> Usage #9:  
2025-09-08 02:27:47 INFO  (GhidraScript) tflite_analyzer.py>   Originating Lib Call: ['operator']  
2025-09-08 02:27:47 INFO  (GhidraScript) tflite_analyzer.py>   Found In Function:   main at 00102350  
2025-09-08 02:27:47 INFO  (GhidraScript) tflite_analyzer.py>   Instruction Address: 00102978  
2025-09-08 02:27:47 INFO  (GhidraScript) tflite_analyzer.py>     PCode Op:             ---  CBRANCH (ram, 0x1029d8, 1) , (unique, 0x1000, 1)  
2025-09-08 02:27:47 INFO  (GhidraScript) tflite_analyzer.py>     Usage Type:          BRANCH_CONDITION_TAINTED  
2025-09-08 02:27:47 INFO  (GhidraScript) tflite_analyzer.py>     Tainted Component:   UNNAMED(UniquePcode[0x1000])  
2025-09-08 02:27:47 INFO  (GhidraScript) tflite_analyzer.py>     Details:             Tainted condition for branch.  
2025-09-08 02:27:47 INFO  (GhidraScript) tflite_analyzer.py> ----------------------------------------  
2025-09-08 02:27:47 INFO  (GhidraScript) tflite_analyzer.py> Usage #10:  
2025-09-08 02:27:47 INFO  (GhidraScript) tflite_analyzer.py>   Originating Lib Call: ['operator']  
2025-09-08 02:27:47 INFO  (GhidraScript) tflite_analyzer.py>   Found In Function:   main at 00102350  
2025-09-08 02:27:47 INFO  (GhidraScript) tflite_analyzer.py>   Instruction Address: 001029a4  
2025-09-08 02:27:47 INFO  (GhidraScript) tflite_analyzer.py>     PCode Op:             ---  CBRANCH (ram, 0x1029d8, 1) , (unique, 0x1580, 1)  
2025-09-08 02:27:47 INFO  (GhidraScript) tflite_analyzer.py>     Usage Type:          BRANCH_CONDITION_TAINTED  
2025-09-08 02:27:47 INFO  (GhidraScript) tflite_analyzer.py>     Tainted Component:   UNNAMED(UniquePcode[0x1580])  
2025-09-08 02:27:47 INFO  (GhidraScript) tflite_analyzer.py>     Details:             Tainted condition for branch.  
2025-09-08 02:27:47 INFO  (GhidraScript) tflite_analyzer.py> ----------------------------------------  
2025-09-08 02:27:47 INFO  (GhidraScript) tflite_analyzer.py> Usage #11:  
2025-09-08 02:27:47 INFO  (GhidraScript) tflite_analyzer.py>   Originating Lib Call: tainted_return_from_operator<<  
2025-09-08 02:27:47 INFO  (GhidraScript) tflite_analyzer.py>   Found In Function:   main at 00102350  
2025-09-08 02:27:47 INFO  (GhidraScript) tflite_analyzer.py>   Instruction Address: 00102398  
2025-09-08 02:27:47 INFO  (GhidraScript) tflite_analyzer.py>     PCode Op:            (register, 0x4000, 8) CALL (ram, 0x101e90, 8) , (register, 0x4000, 8) , (register, 0x4008, 8)  
2025-09-08 02:27:47 INFO  (GhidraScript) tflite_analyzer.py>     Usage Type:          TAINTED_ARG_TO_CALL_RECURSION  
2025-09-08 02:27:47 INFO  (GhidraScript) tflite_analyzer.py>     Details:             Recursive call to operator<< (CALL) with taints: param_1(x0).  
2025-09-08 02:27:47 INFO  (GhidraScript) tflite_analyzer.py> ----------------------------------------  
2025-09-08 02:27:47 INFO  (GhidraScript) tflite_analyzer.py> Usage #12:  
2025-09-08 02:27:47 INFO  (GhidraScript) tflite_analyzer.py>   Originating Lib Call: tainted_return_from_operator<<  
2025-09-08 02:27:47 INFO  (GhidraScript) tflite_analyzer.py>   Found In Function:   operator<< at 00101e90  
2025-09-08 02:27:47 INFO  (GhidraScript) tflite_analyzer.py>   Instruction Address: 00101e9c  
2025-09-08 02:27:47 INFO  (GhidraScript) tflite_analyzer.py>     PCode Op:            (register, 0x4000, 8) CALL (ram, 0x121180, 8) , (register, 0x4000, 8) , (register, 0x4008, 8)  
2025-09-08 02:27:47 INFO  (GhidraScript) tflite_analyzer.py>     Usage Type:          TAINTED_ARG_TO_CALL_RECURSION  
2025-09-08 02:27:47 INFO  (GhidraScript) tflite_analyzer.py>     Details:             Recursive call to operator<< (CALL) with taints: param_1(x0).  
2025-09-08 02:27:47 INFO  (GhidraScript) tflite_analyzer.py> ----------------------------------------  
2025-09-08 02:27:47 INFO  (GhidraScript) tflite_analyzer.py> Usage #13:  
2025-09-08 02:27:47 INFO  (GhidraScript) tflite_analyzer.py>   Originating Lib Call: tainted_return_from_operator<<  
2025-09-08 02:27:47 INFO  (GhidraScript) tflite_analyzer.py>   Found In Function:   main at 00102350  
2025-09-08 02:27:47 INFO  (GhidraScript) tflite_analyzer.py>   Instruction Address: 001023a4  
2025-09-08 02:27:47 INFO  (GhidraScript) tflite_analyzer.py>     PCode Op:            (register, 0x4000, 8) CALL (ram, 0x101e90, 8) , (register, 0x4000, 8) , (unique, 0x100005d4, 8)  
2025-09-08 02:27:47 INFO  (GhidraScript) tflite_analyzer.py>     Usage Type:          TAINTED_ARG_TO_CALL_RECURSION  
2025-09-08 02:27:47 INFO  (GhidraScript) tflite_analyzer.py>     Details:             Recursive call to operator<< (CALL) with taints: param_1(x0).  
2025-09-08 02:27:47 INFO  (GhidraScript) tflite_analyzer.py> ----------------------------------------  
2025-09-08 02:27:47 INFO  (GhidraScript) tflite_analyzer.py> Usage #14:  
2025-09-08 02:27:47 INFO  (GhidraScript) tflite_analyzer.py>   Originating Lib Call: tainted_return_from_operator<<  
2025-09-08 02:27:47 INFO  (GhidraScript) tflite_analyzer.py>   Found In Function:   main at 00102350  
2025-09-08 02:27:47 INFO  (GhidraScript) tflite_analyzer.py>   Instruction Address: 00102610  
2025-09-08 02:27:47 INFO  (GhidraScript) tflite_analyzer.py>     PCode Op:             ---  CBRANCH (ram, 0x102908, 1) , (unique, 0x1100, 1)  
2025-09-08 02:27:47 INFO  (GhidraScript) tflite_analyzer.py>     Usage Type:          BRANCH_CONDITION_TAINTED  
2025-09-08 02:27:47 INFO  (GhidraScript) tflite_analyzer.py>     Tainted Component:   UNNAMED(UniquePcode[0x1100])  
2025-09-08 02:27:47 INFO  (GhidraScript) tflite_analyzer.py>     Details:             Tainted condition for branch.  
2025-09-08 02:27:47 INFO  (GhidraScript) tflite_analyzer.py> ----------------------------------------  
2025-09-08 02:27:47 INFO  (GhidraScript) tflite_analyzer.py> Usage #15:  
2025-09-08 02:27:47 INFO  (GhidraScript) tflite_analyzer.py>   Originating Lib Call: tainted_return_from_operator<<  
2025-09-08 02:27:47 INFO  (GhidraScript) tflite_analyzer.py>   Found In Function:   main at 00102350  
2025-09-08 02:27:47 INFO  (GhidraScript) tflite_analyzer.py>   Instruction Address: 00102648  
2025-09-08 02:27:47 INFO  (GhidraScript) tflite_analyzer.py>     PCode Op:             ---  CBRANCH (ram, 0x102704, 1) , (register, 0x100, 1)  
2025-09-08 02:27:47 INFO  (GhidraScript) tflite_analyzer.py>     Usage Type:          BRANCH_CONDITION_TAINTED  
2025-09-08 02:27:47 INFO  (GhidraScript) tflite_analyzer.py>     Tainted Component:   UNNAMED(NG)  
2025-09-08 02:27:47 INFO  (GhidraScript) tflite_analyzer.py>     Details:             Tainted condition for branch.  
2025-09-08 02:27:47 INFO  (GhidraScript) tflite_analyzer.py> ----------------------------------------  
2025-09-08 02:27:47 INFO  (GhidraScript) tflite_analyzer.py> Usage #16:  
2025-09-08 02:27:47 INFO  (GhidraScript) tflite_analyzer.py>   Originating Lib Call: tainted_return_from_operator<<  
2025-09-08 02:27:47 INFO  (GhidraScript) tflite_analyzer.py>   Found In Function:   main at 00102350  
2025-09-08 02:27:47 INFO  (GhidraScript) tflite_analyzer.py>   Instruction Address: 001027a8  
2025-09-08 02:27:47 INFO  (GhidraScript) tflite_analyzer.py>     PCode Op:             ---  CBRANCH (ram, 0x1027c4, 1) , (register, 0x100, 1)  
2025-09-08 02:27:47 INFO  (GhidraScript) tflite_analyzer.py>     Usage Type:          BRANCH_CONDITION_TAINTED  
2025-09-08 02:27:47 INFO  (GhidraScript) tflite_analyzer.py>     Tainted Component:   UNNAMED(NG)  
2025-09-08 02:27:47 INFO  (GhidraScript) tflite_analyzer.py>     Details:             Tainted condition for branch.  
2025-09-08 02:27:47 INFO  (GhidraScript) tflite_analyzer.py> ----------------------------------------  
2025-09-08 02:27:47 INFO  (GhidraScript) tflite_analyzer.py> Usage #17:  
2025-09-08 02:27:47 INFO  (GhidraScript) tflite_analyzer.py>   Originating Lib Call: tainted_return_from_operator<<  
2025-09-08 02:27:47 INFO  (GhidraScript) tflite_analyzer.py>   Found In Function:   main at 00102350  
2025-09-08 02:27:47 INFO  (GhidraScript) tflite_analyzer.py>   Instruction Address: 00102978  
2025-09-08 02:27:47 INFO  (GhidraScript) tflite_analyzer.py>     PCode Op:             ---  CBRANCH (ram, 0x1029d8, 1) , (unique, 0x1000, 1)  
2025-09-08 02:27:47 INFO  (GhidraScript) tflite_analyzer.py>     Usage Type:          BRANCH_CONDITION_TAINTED  
2025-09-08 02:27:47 INFO  (GhidraScript) tflite_analyzer.py>     Tainted Component:   UNNAMED(UniquePcode[0x1000])  
2025-09-08 02:27:47 INFO  (GhidraScript) tflite_analyzer.py>     Details:             Tainted condition for branch.  
2025-09-08 02:27:47 INFO  (GhidraScript) tflite_analyzer.py> ----------------------------------------  
2025-09-08 02:27:47 INFO  (GhidraScript) tflite_analyzer.py> Usage #18:  
2025-09-08 02:27:47 INFO  (GhidraScript) tflite_analyzer.py>   Originating Lib Call: tainted_return_from_operator<<  
2025-09-08 02:27:47 INFO  (GhidraScript) tflite_analyzer.py>   Found In Function:   main at 00102350  
2025-09-08 02:27:47 INFO  (GhidraScript) tflite_analyzer.py>   Instruction Address: 001029a4  
2025-09-08 02:27:47 INFO  (GhidraScript) tflite_analyzer.py>     PCode Op:             ---  CBRANCH (ram, 0x1029d8, 1) , (unique, 0x1580, 1)  
2025-09-08 02:27:47 INFO  (GhidraScript) tflite_analyzer.py>     Usage Type:          BRANCH_CONDITION_TAINTED  
2025-09-08 02:27:47 INFO  (GhidraScript) tflite_analyzer.py>     Tainted Component:   UNNAMED(UniquePcode[0x1580])  
2025-09-08 02:27:47 INFO  (GhidraScript) tflite_analyzer.py>     Details:             Tainted condition for branch.  
2025-09-08 02:27:47 INFO  (GhidraScript) tflite_analyzer.py> ----------------------------------------  
2025-09-08 02:27:47 INFO  (GhidraScript) tflite_analyzer.py> INFO: TAINT_ANALYSIS_JSON_OUTPUT env var found. Saving results to: /Users/chenkexin/Desktop/kk/test_taint/results/yolov5_detector_tflite_clang_O0_taint_analysis_results.json  
2025-09-08 02:27:47 INFO  (GhidraScript) tflite_analyzer.py> Taint analysis results saved to: /Users/chenkexin/Desktop/kk/test_taint/results/yolov5_detector_tflite_clang_O0_taint_analysis_results.json  
2025-09-08 02:27:47 INFO  (GhidraScript) tflite_analyzer.py> SUCCESS: Hook configuration saved to: /Users/chenkexin/Desktop/kk/test_taint/results/yolov5_detector_tflite_clang_O0_hook_config.json  
2025-09-08 02:27:47 INFO  (GhidraScript) tflite_analyzer.py> TFLite Taint Analyzer finished.  
2025-09-08 02:27:47 INFO  (HeadlessAnalyzer) ANALYZING changes made by post scripts: file:///Users/chenkexin/Desktop/kk/test_taint/assets/merged_bin/yolov5_detector_tflite_clang_O0  
2025-09-08 02:27:47 INFO  (HeadlessAnalyzer) REPORT: Post-analysis succeeded for file: file:///Users/chenkexin/Desktop/kk/test_taint/assets/merged_bin/yolov5_detector_tflite_clang_O0  
2025-09-08 02:27:47 INFO  (HeadlessAnalyzer) REPORT: Save succeeded for: /yolov5_detector_tflite_clang_O0 (all_binaries_analysis:/yolov5_detector_tflite_clang_O0)  
2025-09-08 02:27:47 INFO  (HeadlessAnalyzer) REPORT: Import succeeded  
2025-09-08 02:27:47 DEBUG (DefaultProjectData) Closing ProjectData: /Users/chenkexin/Desktop/kk/test_taint/ghidra_projects/all_binaries_analysis.rep  
2025-09-08 02:27:47 DEBUG (DefaultProjectData) Disposing ProjectData: /Users/chenkexin/Desktop/kk/test_taint/ghidra_projects/all_binaries_analysis.rep  
